{"uid":"24344bf8cfa6edaa","name":"User can see an appropriate message if there is no Circle K station in searched area on list","fullName":"testcases.OtherFeaturesTests.userCanSeeAnAppropriateMessageIfThereIsNoCircleKStationInSearchedAreaOnList","historyId":"a22f75e4cba88f538f78c08deacc72f5","time":{"start":1743153080652,"stop":1743153103399,"duration":22747},"description":"User can see an appropriate message if there is no Circle K station in searched area on list","descriptionHtml":"<p>User can see an appropriate message if there is no Circle K station in searched area on list</p>\n","status":"broken","statusMessage":"Element [AppiumBy.accessibilityId: homepage-screen] wasn't visible after [20] seconds!\nException: org.openqa.selenium.TimeoutException: Expected condition failed: Element [AppiumBy.accessibilityId: homepage-screen] wasn't visible after [20] seconds! (tried for 20 second(s) with 250 milliseconds interval)\nFor documentation on this error, please visit: https://www.selenium.dev/documentation/webdriver/troubleshooting/errors#no-such-element-exception\nBuild info: version: '4.19.0', revision: '5f9cec8963'\nSystem info: os.name: 'Linux', os.arch: 'amd64', os.version: '6.8.0-1021-azure', java.version: '17.0.14'\nDriver info: driver.version: unknown","statusTrace":"org.openqa.selenium.NoSuchElementException: Element [AppiumBy.accessibilityId: homepage-screen] wasn't visible after [20] seconds!\nException: org.openqa.selenium.TimeoutException: Expected condition failed: Element [AppiumBy.accessibilityId: homepage-screen] wasn't visible after [20] seconds! (tried for 20 second(s) with 250 milliseconds interval)\nFor documentation on this error, please visit: https://www.selenium.dev/documentation/webdriver/troubleshooting/errors#no-such-element-exception\nBuild info: version: '4.19.0', revision: '5f9cec8963'\nSystem info: os.name: 'Linux', os.arch: 'amd64', os.version: '6.8.0-1021-azure', java.version: '17.0.14'\nDriver info: driver.version: unknown\n\tat com.gmap.core.common.handlers.WaitHandler.waitUntil(WaitHandler.java:163)\n\tat com.gmap.core.common.handlers.WaitHandler.waitForElementToBeVisible(WaitHandler.java:196)\n\tat com.gmap.core.pages_common.HomePage.checkThatTheHomeScreenIsDisplayed(HomePage.java:499)\n\tat testcases.OtherFeaturesTests.searchForStationUsingView(OtherFeaturesTests.java:295)\n\tat testcases.OtherFeaturesTests.userCanSeeAnAppropriateMessageIfThereIsNoCircleKStationInSearchedAreaOnList(OtherFeaturesTests.java:248)\n\tat java.base/jdk.internal.reflect.NativeMethodAccessorImpl.invoke0(Native Method)\n\tat java.base/jdk.internal.reflect.NativeMethodAccessorImpl.invoke(NativeMethodAccessorImpl.java:77)\n\tat java.base/jdk.internal.reflect.DelegatingMethodAccessorImpl.invoke(DelegatingMethodAccessorImpl.java:43)\n\tat java.base/java.lang.reflect.Method.invoke(Method.java:569)\n\tat org.testng.internal.invokers.MethodInvocationHelper.invokeMethod(MethodInvocationHelper.java:141)\n\tat org.testng.internal.invokers.MethodInvocationHelper$1.runTestMethod(MethodInvocationHelper.java:260)\n\tat org.springframework.test.context.testng.AbstractTestNGSpringContextTests.run(AbstractTestNGSpringContextTests.java:154)\n\tat org.testng.internal.invokers.MethodInvocationHelper.invokeHookable(MethodInvocationHelper.java:274)\n\tat org.testng.internal.invokers.TestInvoker.invokeMethod(TestInvoker.java:679)\n\tat org.testng.internal.invokers.TestInvoker.invokeTestMethod(TestInvoker.java:230)\n\tat org.testng.internal.invokers.MethodRunner.runInSequence(MethodRunner.java:63)\n\tat org.testng.internal.invokers.TestInvoker$MethodInvocationAgent.invoke(TestInvoker.java:995)\n\tat org.testng.internal.invokers.TestInvoker.invokeTestMethods(TestInvoker.java:203)\n\tat org.testng.internal.invokers.TestMethodWorker.invokeTestMethods(TestMethodWorker.java:154)\n\tat org.testng.internal.invokers.TestMethodWorker.run(TestMethodWorker.java:134)\n\tat java.base/java.util.ArrayList.forEach(ArrayList.java:1511)\n\tat org.testng.TestRunner.privateRun(TestRunner.java:741)\n\tat org.testng.TestRunner.run(TestRunner.java:616)\n\tat org.testng.SuiteRunner.runTest(SuiteRunner.java:421)\n\tat org.testng.SuiteRunner$SuiteWorker.run(SuiteRunner.java:463)\n\tat org.testng.internal.thread.ThreadUtil.lambda$execute$0(ThreadUtil.java:64)\n\tat java.base/java.util.concurrent.FutureTask.run(FutureTask.java:264)\n\tat java.base/java.util.concurrent.ThreadPoolExecutor.runWorker(ThreadPoolExecutor.java:1136)\n\tat java.base/java.util.concurrent.ThreadPoolExecutor$Worker.run(ThreadPoolExecutor.java:635)\n\tat java.base/java.lang.Thread.run(Thread.java:840)\n","flaky":false,"newFailed":false,"newBroken":true,"newPassed":false,"retriesCount":0,"retriesStatusChange":false,"beforeStages":[{"name":"Base Before Test","time":{"start":1743152309403,"stop":1743152309403,"duration":0},"description":"Base Before Test","status":"passed","steps":[],"attachments":[],"parameters":[],"shouldDisplayMessage":false,"stepsCount":0,"attachmentsCount":0,"hasContent":false,"attachmentStep":false},{"name":"springTestContextBeforeTestClass","time":{"start":1743152309405,"stop":1743152309407,"duration":2},"description":"","status":"passed","steps":[],"attachments":[],"parameters":[],"shouldDisplayMessage":false,"stepsCount":0,"attachmentsCount":0,"hasContent":false,"attachmentStep":false},{"name":"springTestContextPrepareTestInstance","time":{"start":1743152309407,"stop":1743152309409,"duration":2},"description":"","status":"passed","steps":[],"attachments":[],"parameters":[],"shouldDisplayMessage":false,"stepsCount":0,"attachmentsCount":0,"hasContent":false,"attachmentStep":false},{"name":"Base Before Class","time":{"start":1743152309409,"stop":1743152309411,"duration":2},"description":"Base Before Class","status":"passed","steps":[],"attachments":[],"parameters":[],"shouldDisplayMessage":false,"stepsCount":0,"attachmentsCount":0,"hasContent":false,"attachmentStep":false},{"name":"springTestContextBeforeTestMethod","time":{"start":1743153068963,"stop":1743153068964,"duration":1},"description":"","status":"passed","steps":[],"attachments":[],"parameters":[],"shouldDisplayMessage":false,"stepsCount":0,"attachmentsCount":0,"hasContent":false,"attachmentStep":false},{"name":"Base Before Test Method","time":{"start":1743153068964,"stop":1743153079727,"duration":10763},"description":"Base Before Test Method","status":"passed","steps":[],"attachments":[],"parameters":[],"shouldDisplayMessage":false,"stepsCount":0,"attachmentsCount":0,"hasContent":false,"attachmentStep":false},{"name":"initTestConfig","time":{"start":1743153079728,"stop":1743153079729,"duration":1},"description":"","status":"passed","steps":[],"attachments":[],"parameters":[],"shouldDisplayMessage":false,"stepsCount":0,"attachmentsCount":0,"hasContent":false,"attachmentStep":false}],"testStage":{"description":"User can see an appropriate message if there is no Circle K station in searched area on list","status":"broken","statusMessage":"Element [AppiumBy.accessibilityId: homepage-screen] wasn't visible after [20] seconds!\nException: org.openqa.selenium.TimeoutException: Expected condition failed: Element [AppiumBy.accessibilityId: homepage-screen] wasn't visible after [20] seconds! (tried for 20 second(s) with 250 milliseconds interval)\nFor documentation on this error, please visit: https://www.selenium.dev/documentation/webdriver/troubleshooting/errors#no-such-element-exception\nBuild info: version: '4.19.0', revision: '5f9cec8963'\nSystem info: os.name: 'Linux', os.arch: 'amd64', os.version: '6.8.0-1021-azure', java.version: '17.0.14'\nDriver info: driver.version: unknown","statusTrace":"org.openqa.selenium.NoSuchElementException: Element [AppiumBy.accessibilityId: homepage-screen] wasn't visible after [20] seconds!\nException: org.openqa.selenium.TimeoutException: Expected condition failed: Element [AppiumBy.accessibilityId: homepage-screen] wasn't visible after [20] seconds! (tried for 20 second(s) with 250 milliseconds interval)\nFor documentation on this error, please visit: https://www.selenium.dev/documentation/webdriver/troubleshooting/errors#no-such-element-exception\nBuild info: version: '4.19.0', revision: '5f9cec8963'\nSystem info: os.name: 'Linux', os.arch: 'amd64', os.version: '6.8.0-1021-azure', java.version: '17.0.14'\nDriver info: driver.version: unknown\n\tat com.gmap.core.common.handlers.WaitHandler.waitUntil(WaitHandler.java:163)\n\tat com.gmap.core.common.handlers.WaitHandler.waitForElementToBeVisible(WaitHandler.java:196)\n\tat com.gmap.core.pages_common.HomePage.checkThatTheHomeScreenIsDisplayed(HomePage.java:499)\n\tat testcases.OtherFeaturesTests.searchForStationUsingView(OtherFeaturesTests.java:295)\n\tat testcases.OtherFeaturesTests.userCanSeeAnAppropriateMessageIfThereIsNoCircleKStationInSearchedAreaOnList(OtherFeaturesTests.java:248)\n\tat java.base/jdk.internal.reflect.NativeMethodAccessorImpl.invoke0(Native Method)\n\tat java.base/jdk.internal.reflect.NativeMethodAccessorImpl.invoke(NativeMethodAccessorImpl.java:77)\n\tat java.base/jdk.internal.reflect.DelegatingMethodAccessorImpl.invoke(DelegatingMethodAccessorImpl.java:43)\n\tat java.base/java.lang.reflect.Method.invoke(Method.java:569)\n\tat org.testng.internal.invokers.MethodInvocationHelper.invokeMethod(MethodInvocationHelper.java:141)\n\tat org.testng.internal.invokers.MethodInvocationHelper$1.runTestMethod(MethodInvocationHelper.java:260)\n\tat org.springframework.test.context.testng.AbstractTestNGSpringContextTests.run(AbstractTestNGSpringContextTests.java:154)\n\tat org.testng.internal.invokers.MethodInvocationHelper.invokeHookable(MethodInvocationHelper.java:274)\n\tat org.testng.internal.invokers.TestInvoker.invokeMethod(TestInvoker.java:679)\n\tat org.testng.internal.invokers.TestInvoker.invokeTestMethod(TestInvoker.java:230)\n\tat org.testng.internal.invokers.MethodRunner.runInSequence(MethodRunner.java:63)\n\tat org.testng.internal.invokers.TestInvoker$MethodInvocationAgent.invoke(TestInvoker.java:995)\n\tat org.testng.internal.invokers.TestInvoker.invokeTestMethods(TestInvoker.java:203)\n\tat org.testng.internal.invokers.TestMethodWorker.invokeTestMethods(TestMethodWorker.java:154)\n\tat org.testng.internal.invokers.TestMethodWorker.run(TestMethodWorker.java:134)\n\tat java.base/java.util.ArrayList.forEach(ArrayList.java:1511)\n\tat org.testng.TestRunner.privateRun(TestRunner.java:741)\n\tat org.testng.TestRunner.run(TestRunner.java:616)\n\tat org.testng.SuiteRunner.runTest(SuiteRunner.java:421)\n\tat org.testng.SuiteRunner$SuiteWorker.run(SuiteRunner.java:463)\n\tat org.testng.internal.thread.ThreadUtil.lambda$execute$0(ThreadUtil.java:64)\n\tat java.base/java.util.concurrent.FutureTask.run(FutureTask.java:264)\n\tat java.base/java.util.concurrent.ThreadPoolExecutor.runWorker(ThreadPoolExecutor.java:1136)\n\tat java.base/java.util.concurrent.ThreadPoolExecutor$Worker.run(ThreadPoolExecutor.java:635)\n\tat java.base/java.lang.Thread.run(Thread.java:840)\n","steps":[{"name":"I check that the \"Home Screen\" is displayed","time":{"start":1743153080652,"stop":1743153100767,"duration":20115},"status":"broken","statusMessage":"Element [AppiumBy.accessibilityId: homepage-screen] wasn't visible after [20] seconds!\nException: org.openqa.selenium.TimeoutException: Expected condition failed: Element [AppiumBy.accessibilityId: homepage-screen] wasn't visible after [20] seconds! (tried for 20 second(s) with 250 milliseconds interval)\nFor documentation on this error, please visit: https://www.selenium.dev/documentation/webdriver/troubleshooting/errors#no-such-element-exception\nBuild info: version: '4.19.0', revision: '5f9cec8963'\nSystem info: os.name: 'Linux', os.arch: 'amd64', os.version: '6.8.0-1021-azure', java.version: '17.0.14'\nDriver info: driver.version: unknown","statusTrace":"org.openqa.selenium.NoSuchElementException: Element [AppiumBy.accessibilityId: homepage-screen] wasn't visible after [20] seconds!\nException: org.openqa.selenium.TimeoutException: Expected condition failed: Element [AppiumBy.accessibilityId: homepage-screen] wasn't visible after [20] seconds! (tried for 20 second(s) with 250 milliseconds interval)\nFor documentation on this error, please visit: https://www.selenium.dev/documentation/webdriver/troubleshooting/errors#no-such-element-exception\nBuild info: version: '4.19.0', revision: '5f9cec8963'\nSystem info: os.name: 'Linux', os.arch: 'amd64', os.version: '6.8.0-1021-azure', java.version: '17.0.14'\nDriver info: driver.version: unknown\n\tat com.gmap.core.common.handlers.WaitHandler.waitUntil(WaitHandler.java:163)\n\tat com.gmap.core.common.handlers.WaitHandler.waitForElementToBeVisible(WaitHandler.java:196)\n\tat com.gmap.core.pages_common.HomePage.checkThatTheHomeScreenIsDisplayed(HomePage.java:499)\n\tat testcases.OtherFeaturesTests.searchForStationUsingView(OtherFeaturesTests.java:295)\n\tat testcases.OtherFeaturesTests.userCanSeeAnAppropriateMessageIfThereIsNoCircleKStationInSearchedAreaOnList(OtherFeaturesTests.java:248)\n\tat java.base/jdk.internal.reflect.NativeMethodAccessorImpl.invoke0(Native Method)\n\tat java.base/jdk.internal.reflect.NativeMethodAccessorImpl.invoke(NativeMethodAccessorImpl.java:77)\n\tat java.base/jdk.internal.reflect.DelegatingMethodAccessorImpl.invoke(DelegatingMethodAccessorImpl.java:43)\n\tat java.base/java.lang.reflect.Method.invoke(Method.java:569)\n\tat org.testng.internal.invokers.MethodInvocationHelper.invokeMethod(MethodInvocationHelper.java:141)\n\tat org.testng.internal.invokers.MethodInvocationHelper$1.runTestMethod(MethodInvocationHelper.java:260)\n\tat org.springframework.test.context.testng.AbstractTestNGSpringContextTests.run(AbstractTestNGSpringContextTests.java:154)\n\tat org.testng.internal.invokers.MethodInvocationHelper.invokeHookable(MethodInvocationHelper.java:274)\n\tat org.testng.internal.invokers.TestInvoker.invokeMethod(TestInvoker.java:679)\n\tat org.testng.internal.invokers.TestInvoker.invokeTestMethod(TestInvoker.java:230)\n\tat org.testng.internal.invokers.MethodRunner.runInSequence(MethodRunner.java:63)\n\tat org.testng.internal.invokers.TestInvoker$MethodInvocationAgent.invoke(TestInvoker.java:995)\n\tat org.testng.internal.invokers.TestInvoker.invokeTestMethods(TestInvoker.java:203)\n\tat org.testng.internal.invokers.TestMethodWorker.invokeTestMethods(TestMethodWorker.java:154)\n\tat org.testng.internal.invokers.TestMethodWorker.run(TestMethodWorker.java:134)\n\tat java.base/java.util.ArrayList.forEach(ArrayList.java:1511)\n\tat org.testng.TestRunner.privateRun(TestRunner.java:741)\n\tat org.testng.TestRunner.run(TestRunner.java:616)\n\tat org.testng.SuiteRunner.runTest(SuiteRunner.java:421)\n\tat org.testng.SuiteRunner$SuiteWorker.run(SuiteRunner.java:463)\n\tat org.testng.internal.thread.ThreadUtil.lambda$execute$0(ThreadUtil.java:64)\n\tat java.base/java.util.concurrent.FutureTask.run(FutureTask.java:264)\n\tat java.base/java.util.concurrent.ThreadPoolExecutor.runWorker(ThreadPoolExecutor.java:1136)\n\tat java.base/java.util.concurrent.ThreadPoolExecutor$Worker.run(ThreadPoolExecutor.java:635)\n\tat java.base/java.lang.Thread.run(Thread.java:840)\n","steps":[],"attachments":[],"parameters":[],"shouldDisplayMessage":true,"stepsCount":0,"attachmentsCount":0,"hasContent":true,"attachmentStep":false}],"attachments":[{"uid":"1a0f2a0c4d7ffa4d","name":"Screenshot | [28-03-2025]","source":"1a0f2a0c4d7ffa4d.jpg","type":"image/jpg","size":709141}],"parameters":[],"shouldDisplayMessage":false,"stepsCount":1,"attachmentsCount":1,"hasContent":true,"attachmentStep":false},"afterStages":[{"name":"Base After Test Method","time":{"start":1743153106322,"stop":1743153106322,"duration":0},"description":"Base After Test Method","status":"passed","steps":[],"attachments":[],"parameters":[],"shouldDisplayMessage":false,"stepsCount":0,"attachmentsCount":0,"hasContent":false,"attachmentStep":false},{"name":"springTestContextAfterTestMethod","time":{"start":1743153106322,"stop":1743153106323,"duration":1},"description":"","status":"passed","steps":[],"attachments":[],"parameters":[],"shouldDisplayMessage":false,"stepsCount":0,"attachmentsCount":0,"hasContent":false,"attachmentStep":false},{"name":"Base After Class","time":{"start":1743153185061,"stop":1743153185061,"duration":0},"description":"Base After Class","status":"passed","steps":[],"attachments":[],"parameters":[],"shouldDisplayMessage":false,"stepsCount":0,"attachmentsCount":0,"hasContent":false,"attachmentStep":false},{"name":"springTestContextAfterTestClass","time":{"start":1743153185061,"stop":1743153185061,"duration":0},"description":"","status":"passed","steps":[],"attachments":[],"parameters":[],"shouldDisplayMessage":false,"stepsCount":0,"attachmentsCount":0,"hasContent":false,"attachmentStep":false},{"name":"Base After Test","time":{"start":1743153185061,"stop":1743153185061,"duration":0},"description":"Base After Test","status":"passed","steps":[],"attachments":[],"parameters":[],"shouldDisplayMessage":false,"stepsCount":0,"attachmentsCount":0,"hasContent":false,"attachmentStep":false}],"labels":[{"name":"package","value":"testcases.OtherFeaturesTests"},{"name":"testClass","value":"testcases.OtherFeaturesTests"},{"name":"testMethod","value":"userCanSeeAnAppropriateMessageIfThereIsNoCircleKStationInSearchedAreaOnList"},{"name":"parentSuite","value":"GMAP NA Mobile Test Automation - [IOS PARALLEL XML SUITE]"},{"name":"suite","value":"GMAP NA Tests | Other Features"},{"name":"subSuite","value":"testcases.OtherFeaturesTests"},{"name":"host","value":"fv-az1958-624"},{"name":"thread","value":"2022@fv-az1958-624.TestNG-tests-2(23)"},{"name":"framework","value":"testng"},{"name":"language","value":"java"},{"name":"tag","value":"StoreLocator"},{"name":"story","value":"[GMAP][NA] Store Locator - List view"},{"name":"feature","value":"[GMAP][NA] Store Locator"},{"name":"owner","value":"Nick Iacurto - [n.iacurto@t-b.ca]"},{"name":"epic","value":"[GMAP][NA] OTHER FEATURES"},{"name":"severity","value":"normal"},{"name":"resultFormat","value":"allure2"}],"parameters":[{"name":"deviceConfig","value":"iPhone13Mini"}],"links":[{"name":"NGRPRG-27393","url":"https://circlek.atlassian.net/browse/NGRPRG-27393","type":"tms"},{"name":"N/A","url":"https://circlek.atlassian.net/browse/N/A","type":"issue"}],"hidden":false,"retry":false,"extra":{"severity":"normal","owner":"Nick Iacurto - [n.iacurto@t-b.ca]","retries":[],"categories":[{"name":"Test defects","matchedStatuses":[],"flaky":false}],"history":{"statistic":{"failed":0,"broken":83,"skipped":0,"passed":13,"unknown":0,"total":96},"items":[{"uid":"9f1c21c33aee392e","reportUrl":"https://circlek-global.github.io/gmbat-tests-eu-mobile-automation/1568//#testresult/9f1c21c33aee392e","status":"passed","time":{"start":1743141713660,"stop":1743141737596,"duration":23936}},{"uid":"48b748efbba2b27a","reportUrl":"https://circlek-global.github.io/gmbat-tests-eu-mobile-automation/1566//#testresult/48b748efbba2b27a","status":"passed","time":{"start":1743118096048,"stop":1743118118550,"duration":22502}},{"uid":"fde38654b7b58f4c","reportUrl":"https://circlek-global.github.io/gmbat-tests-eu-mobile-automation/1555//#testresult/fde38654b7b58f4c","status":"passed","time":{"start":1743055549480,"stop":1743055580765,"duration":31285}},{"uid":"d0a9b819dbd73e7d","reportUrl":"https://circlek-global.github.io/gmbat-tests-eu-mobile-automation/1553//#testresult/d0a9b819dbd73e7d","status":"passed","time":{"start":1743031856137,"stop":1743031880078,"duration":23941}},{"uid":"2f073fd7ae8669be","reportUrl":"https://circlek-global.github.io/gmbat-tests-eu-mobile-automation/1539//#testresult/2f073fd7ae8669be","status":"passed","time":{"start":1742968920041,"stop":1742968948234,"duration":28193}},{"uid":"b110b9561508acd5","reportUrl":"https://circlek-global.github.io/gmbat-tests-eu-mobile-automation/1537//#testresult/b110b9561508acd5","status":"passed","time":{"start":1742945327657,"stop":1742945350369,"duration":22712}},{"uid":"bc27830931b432a","reportUrl":"https://circlek-global.github.io/gmbat-tests-eu-mobile-automation/1519//#testresult/bc27830931b432a","status":"broken","statusDetails":"Element [AppiumBy.accessibilityId: homepage-screen] wasn't visible after [20] seconds!\nException: org.openqa.selenium.TimeoutException: Expected condition failed: Element [AppiumBy.accessibilityId: homepage-screen] wasn't visible after [20] seconds! (tried for 20 second(s) with 250 milliseconds interval)\nFor documentation on this error, please visit: https://www.selenium.dev/documentation/webdriver/troubleshooting/errors#no-such-element-exception\nBuild info: version: '4.19.0', revision: '5f9cec8963'\nSystem info: os.name: 'Linux', os.arch: 'amd64', os.version: '6.8.0-1021-azure', java.version: '17.0.14'\nDriver info: driver.version: unknown","time":{"start":1742881613341,"stop":1742881636528,"duration":23187}},{"uid":"4c61d3e95f43d8df","reportUrl":"https://circlek-global.github.io/gmbat-tests-eu-mobile-automation/1517//#testresult/4c61d3e95f43d8df","status":"passed","time":{"start":1742859034862,"stop":1742859069188,"duration":34326}},{"uid":"b37c368a9c08032","reportUrl":"https://circlek-global.github.io/gmbat-tests-eu-mobile-automation/1504//#testresult/b37c368a9c08032","status":"passed","time":{"start":1742599637500,"stop":1742599660721,"duration":23221}},{"uid":"ffd9342c5cf8c2af","reportUrl":"https://circlek-global.github.io/gmbat-tests-eu-mobile-automation/1492//#testresult/ffd9342c5cf8c2af","status":"passed","time":{"start":1742537052958,"stop":1742537080706,"duration":27748}},{"uid":"7da327446ec27c1b","reportUrl":"https://circlek-global.github.io/gmbat-tests-eu-mobile-automation/1490//#testresult/7da327446ec27c1b","status":"passed","time":{"start":1742513510683,"stop":1742513538113,"duration":27430}},{"uid":"7eb7d3691c5993b7","reportUrl":"https://circlek-global.github.io/gmbat-tests-eu-mobile-automation/1482//#testresult/7eb7d3691c5993b7","status":"passed","time":{"start":1742468439763,"stop":1742468463917,"duration":24154}},{"uid":"4b30253682be0fb7","reportUrl":"https://circlek-global.github.io/gmbat-tests-eu-mobile-automation/1478//#testresult/4b30253682be0fb7","status":"passed","time":{"start":1742450649890,"stop":1742450677951,"duration":28061}},{"uid":"61e1baab548aa057","reportUrl":"https://circlek-global.github.io/gmbat-tests-eu-mobile-automation/1476//#testresult/61e1baab548aa057","status":"passed","time":{"start":1742426929645,"stop":1742426957665,"duration":28020}},{"uid":"5a902cca1204d910","reportUrl":"https://circlek-global.github.io/gmbat-tests-eu-mobile-automation/1463//#testresult/5a902cca1204d910","status":"broken","statusDetails":"Element [By.xpath: //XCUIElementTypeOther[@name=\"SHOW STORES IN THIS AREA\"]] wasn't visible after [15] seconds!\nException: org.openqa.selenium.TimeoutException: Expected condition failed: Element [By.xpath: //XCUIElementTypeOther[@name=\"SHOW STORES IN THIS AREA\"]] wasn't visible after [15] seconds! (tried for 15 second(s) with 250 milliseconds interval)\nBuild info: version: '4.19.0', revision: '5f9cec8963'\nSystem info: os.name: 'Linux', os.arch: 'amd64', os.version: '6.8.0-1021-azure', java.version: '17.0.14'\nDriver info: driver.version: unknown\nFor documentation on this error, please visit: https://www.selenium.dev/documentation/webdriver/troubleshooting/errors#no-such-element-exception\nBuild info: version: '4.19.0', revision: '5f9cec8963'\nSystem info: os.name: 'Linux', os.arch: 'amd64', os.version: '6.8.0-1021-azure', java.version: '17.0.14'\nDriver info: driver.version: unknown","time":{"start":1742364172580,"stop":1742364211827,"duration":39247}},{"uid":"5af9140ef07ca4e5","reportUrl":"https://circlek-global.github.io/gmbat-tests-eu-mobile-automation/1461//#testresult/5af9140ef07ca4e5","status":"broken","statusDetails":"Element [By.xpath: //XCUIElementTypeOther[@name=\"SHOW STORES IN THIS AREA\"]] wasn't visible after [15] seconds!\nException: org.openqa.selenium.TimeoutException: Expected condition failed: Element [By.xpath: //XCUIElementTypeOther[@name=\"SHOW STORES IN THIS AREA\"]] wasn't visible after [15] seconds! (tried for 15 second(s) with 250 milliseconds interval)\nBuild info: version: '4.19.0', revision: '5f9cec8963'\nSystem info: os.name: 'Linux', os.arch: 'amd64', os.version: '6.8.0-1021-azure', java.version: '17.0.14'\nDriver info: driver.version: unknown\nFor documentation on this error, please visit: https://www.selenium.dev/documentation/webdriver/troubleshooting/errors#no-such-element-exception\nBuild info: version: '4.19.0', revision: '5f9cec8963'\nSystem info: os.name: 'Linux', os.arch: 'amd64', os.version: '6.8.0-1021-azure', java.version: '17.0.14'\nDriver info: driver.version: unknown","time":{"start":1742340790127,"stop":1742340828448,"duration":38321}},{"uid":"b5642a05aed06edc","reportUrl":"https://circlek-global.github.io/gmbat-tests-eu-mobile-automation/1451//#testresult/b5642a05aed06edc","status":"broken","statusDetails":"Element [By.xpath: //XCUIElementTypeOther[@name=\"SHOW STORES IN THIS AREA\"]] wasn't visible after [15] seconds!\nException: org.openqa.selenium.TimeoutException: Expected condition failed: Element [By.xpath: //XCUIElementTypeOther[@name=\"SHOW STORES IN THIS AREA\"]] wasn't visible after [15] seconds! (tried for 15 second(s) with 250 milliseconds interval)\nBuild info: version: '4.19.0', revision: '5f9cec8963'\nSystem info: os.name: 'Linux', os.arch: 'amd64', os.version: '6.8.0-1021-azure', java.version: '17.0.14'\nDriver info: driver.version: unknown\nFor documentation on this error, please visit: https://www.selenium.dev/documentation/webdriver/troubleshooting/errors#no-such-element-exception\nBuild info: version: '4.19.0', revision: '5f9cec8963'\nSystem info: os.name: 'Linux', os.arch: 'amd64', os.version: '6.8.0-1021-azure', java.version: '17.0.14'\nDriver info: driver.version: unknown","time":{"start":1742277526724,"stop":1742277565834,"duration":39110}},{"uid":"a1fc7c0393baf31c","reportUrl":"https://circlek-global.github.io/gmbat-tests-eu-mobile-automation/1449//#testresult/a1fc7c0393baf31c","status":"broken","statusDetails":"Element [By.xpath: //XCUIElementTypeOther[@name=\"SHOW STORES IN THIS AREA\"]] wasn't visible after [15] seconds!\nException: org.openqa.selenium.TimeoutException: Expected condition failed: Element [By.xpath: //XCUIElementTypeOther[@name=\"SHOW STORES IN THIS AREA\"]] wasn't visible after [15] seconds! (tried for 15 second(s) with 250 milliseconds interval)\nBuild info: version: '4.19.0', revision: '5f9cec8963'\nSystem info: os.name: 'Linux', os.arch: 'amd64', os.version: '6.8.0-1021-azure', java.version: '17.0.14'\nDriver info: driver.version: unknown\nFor documentation on this error, please visit: https://www.selenium.dev/documentation/webdriver/troubleshooting/errors#no-such-element-exception\nBuild info: version: '4.19.0', revision: '5f9cec8963'\nSystem info: os.name: 'Linux', os.arch: 'amd64', os.version: '6.8.0-1021-azure', java.version: '17.0.14'\nDriver info: driver.version: unknown","time":{"start":1742254166583,"stop":1742254205944,"duration":39361}},{"uid":"b8ae676dbea38e69","reportUrl":"https://circlek-global.github.io/gmbat-tests-eu-mobile-automation/1435//#testresult/b8ae676dbea38e69","status":"broken","statusDetails":"Element [By.xpath: //XCUIElementTypeOther[@name=\"SHOW STORES IN THIS AREA\"]] wasn't visible after [15] seconds!\nException: org.openqa.selenium.TimeoutException: Expected condition failed: Element [By.xpath: //XCUIElementTypeOther[@name=\"SHOW STORES IN THIS AREA\"]] wasn't visible after [15] seconds! (tried for 15 second(s) with 250 milliseconds interval)\nBuild info: version: '4.19.0', revision: '5f9cec8963'\nSystem info: os.name: 'Linux', os.arch: 'amd64', os.version: '6.8.0-1021-azure', java.version: '17.0.14'\nDriver info: driver.version: unknown\nFor documentation on this error, please visit: https://www.selenium.dev/documentation/webdriver/troubleshooting/errors#no-such-element-exception\nBuild info: version: '4.19.0', revision: '5f9cec8963'\nSystem info: os.name: 'Linux', os.arch: 'amd64', os.version: '6.8.0-1021-azure', java.version: '17.0.14'\nDriver info: driver.version: unknown","time":{"start":1742191427367,"stop":1742191467764,"duration":40397}},{"uid":"8fe3f593bfd994ef","reportUrl":"https://circlek-global.github.io/gmbat-tests-eu-mobile-automation/1431//#testresult/8fe3f593bfd994ef","status":"broken","statusDetails":"Element [By.xpath: //XCUIElementTypeOther[@name=\"SHOW STORES IN THIS AREA\"]] wasn't visible after [15] seconds!\nException: org.openqa.selenium.TimeoutException: Expected condition failed: Element [By.xpath: //XCUIElementTypeOther[@name=\"SHOW STORES IN THIS AREA\"]] wasn't visible after [15] seconds! (tried for 15 second(s) with 250 milliseconds interval)\nBuild info: version: '4.19.0', revision: '5f9cec8963'\nSystem info: os.name: 'Linux', os.arch: 'amd64', os.version: '6.8.0-1021-azure', java.version: '17.0.14'\nDriver info: driver.version: unknown\nFor documentation on this error, please visit: https://www.selenium.dev/documentation/webdriver/troubleshooting/errors#no-such-element-exception\nBuild info: version: '4.19.0', revision: '5f9cec8963'\nSystem info: os.name: 'Linux', os.arch: 'amd64', os.version: '6.8.0-1021-azure', java.version: '17.0.14'\nDriver info: driver.version: unknown","time":{"start":1741995015827,"stop":1741995059624,"duration":43797}}]},"tags":["StoreLocator"]},"source":"24344bf8cfa6edaa.json","parameterValues":["iPhone13Mini"]}