{"uid":"3a997cfe3749080f","name":"User attempts to add an valid code and gets network error","fullName":"testcases.PartnershipCodesTests.userAttemptsToAddAnValidCodeAndGetsNetworkError","historyId":"8ffe863257427124d9eb821251dfcc69","time":{"start":1743153622912,"stop":1743153718493,"duration":95581},"description":"User attempts to add an valid code and gets network error","descriptionHtml":"<p>User attempts to add an valid code and gets network error</p>\n","status":"passed","flaky":false,"newFailed":false,"newBroken":false,"newPassed":true,"retriesCount":0,"retriesStatusChange":false,"beforeStages":[{"name":"Base Before Test","time":{"start":1743153185085,"stop":1743153185085,"duration":0},"description":"Base Before Test","status":"passed","steps":[],"attachments":[],"parameters":[],"shouldDisplayMessage":false,"stepsCount":0,"attachmentsCount":0,"hasContent":false,"attachmentStep":false},{"name":"springTestContextBeforeTestClass","time":{"start":1743153185089,"stop":1743153185089,"duration":0},"description":"","status":"passed","steps":[],"attachments":[],"parameters":[],"shouldDisplayMessage":false,"stepsCount":0,"attachmentsCount":0,"hasContent":false,"attachmentStep":false},{"name":"springTestContextPrepareTestInstance","time":{"start":1743153185089,"stop":1743153185097,"duration":8},"description":"","status":"passed","steps":[],"attachments":[],"parameters":[],"shouldDisplayMessage":false,"stepsCount":0,"attachmentsCount":0,"hasContent":false,"attachmentStep":false},{"name":"Base Before Class","time":{"start":1743153185097,"stop":1743153186560,"duration":1463},"description":"Base Before Class","status":"passed","steps":[],"attachments":[],"parameters":[],"shouldDisplayMessage":false,"stepsCount":0,"attachmentsCount":0,"hasContent":false,"attachmentStep":false},{"name":"springTestContextBeforeTestMethod","time":{"start":1743153601270,"stop":1743153601270,"duration":0},"description":"","status":"passed","steps":[],"attachments":[],"parameters":[],"shouldDisplayMessage":false,"stepsCount":0,"attachmentsCount":0,"hasContent":false,"attachmentStep":false},{"name":"Base Before Test Method","time":{"start":1743153601271,"stop":1743153611869,"duration":10598},"description":"Base Before Test Method","status":"passed","steps":[],"attachments":[],"parameters":[],"shouldDisplayMessage":false,"stepsCount":0,"attachmentsCount":0,"hasContent":false,"attachmentStep":false},{"name":"initTestConfig","time":{"start":1743153611870,"stop":1743153611872,"duration":2},"description":"","status":"passed","steps":[],"attachments":[],"parameters":[],"shouldDisplayMessage":false,"stepsCount":0,"attachmentsCount":0,"hasContent":false,"attachmentStep":false}],"testStage":{"description":"User attempts to add an valid code and gets network error","status":"passed","steps":[{"name":"I check that the \"Home Screen\" is displayed","time":{"start":1743153622912,"stop":1743153624358,"duration":1446},"status":"passed","steps":[],"attachments":[],"parameters":[],"shouldDisplayMessage":false,"stepsCount":0,"attachmentsCount":0,"hasContent":false,"attachmentStep":false},{"name":"I skip enrolling for easy pay card","time":{"start":1743153624359,"stop":1743153632909,"duration":8550},"status":"passed","steps":[],"attachments":[],"parameters":[{"name":"time","value":"[]"}],"shouldDisplayMessage":false,"stepsCount":0,"attachmentsCount":0,"hasContent":true,"attachmentStep":false},{"name":"I click on \"ACCOUNT\" button","time":{"start":1743153632910,"stop":1743153647985,"duration":15075},"status":"passed","steps":[],"attachments":[],"parameters":[],"shouldDisplayMessage":false,"stepsCount":0,"attachmentsCount":0,"hasContent":false,"attachmentStep":false},{"name":"I check that the \"Account Screen\" is displayed","time":{"start":1743153647985,"stop":1743153649190,"duration":1205},"status":"passed","steps":[],"attachments":[],"parameters":[],"shouldDisplayMessage":false,"stepsCount":0,"attachmentsCount":0,"hasContent":false,"attachmentStep":false},{"name":"I click on \"BUILD NUMBER\" tab","time":{"start":1743153649190,"stop":1743153661297,"duration":12107},"status":"passed","steps":[],"attachments":[],"parameters":[],"shouldDisplayMessage":false,"stepsCount":0,"attachmentsCount":0,"hasContent":false,"attachmentStep":false},{"name":"I click on \"MOCKS\" button","time":{"start":1743153661297,"stop":1743153671554,"duration":10257},"status":"passed","steps":[],"attachments":[],"parameters":[],"shouldDisplayMessage":false,"stepsCount":0,"attachmentsCount":0,"hasContent":false,"attachmentStep":false},{"name":"I check that the \"DEV TOOLS MOCKS SCREEN\" is displayed","time":{"start":1743153671554,"stop":1743153672836,"duration":1282},"status":"passed","steps":[],"attachments":[],"parameters":[],"shouldDisplayMessage":false,"stepsCount":0,"attachmentsCount":0,"hasContent":false,"attachmentStep":false},{"name":"I click on \"REDEEM CODE PARTNER NA\" menu item","time":{"start":1743153672836,"stop":1743153683244,"duration":10408},"status":"passed","steps":[],"attachments":[],"parameters":[],"shouldDisplayMessage":false,"stepsCount":0,"attachmentsCount":0,"hasContent":false,"attachmentStep":false},{"name":"I check that the \"REDEEM CODE PARTNER NA\" is displayed","time":{"start":1743153683244,"stop":1743153684324,"duration":1080},"status":"passed","steps":[],"attachments":[],"parameters":[],"shouldDisplayMessage":false,"stepsCount":0,"attachmentsCount":0,"hasContent":false,"attachmentStep":false},{"name":"I toggle the \"Get Codes success ✅\" switch","time":{"start":1743153684324,"stop":1743153687359,"duration":3035},"status":"passed","steps":[],"attachments":[],"parameters":[],"shouldDisplayMessage":false,"stepsCount":0,"attachmentsCount":0,"hasContent":false,"attachmentStep":false},{"name":"I toggle the \"Activate Code ✅ or ❌\" switch","time":{"start":1743153687359,"stop":1743153690565,"duration":3206},"status":"passed","steps":[],"attachments":[],"parameters":[],"shouldDisplayMessage":false,"stepsCount":0,"attachmentsCount":0,"hasContent":false,"attachmentStep":false},{"name":"I click on \"SAVE FOR THIS SESSION\" button","time":{"start":1743153690565,"stop":1743153693677,"duration":3112},"status":"passed","steps":[],"attachments":[],"parameters":[],"shouldDisplayMessage":false,"stepsCount":0,"attachmentsCount":0,"hasContent":false,"attachmentStep":false},{"name":"I click on \"Close\" button","time":{"start":1743153693678,"stop":1743153697771,"duration":4093},"status":"passed","steps":[],"attachments":[],"parameters":[],"shouldDisplayMessage":false,"stepsCount":0,"attachmentsCount":0,"hasContent":false,"attachmentStep":false},{"name":"I check that the \"Account Screen\" is displayed","time":{"start":1743153697771,"stop":1743153698982,"duration":1211},"status":"passed","steps":[],"attachments":[],"parameters":[],"shouldDisplayMessage":false,"stepsCount":0,"attachmentsCount":0,"hasContent":false,"attachmentStep":false},{"name":"I click on \"REDEEM CODE\" tab","time":{"start":1743153698982,"stop":1743153702915,"duration":3933},"status":"passed","steps":[],"attachments":[],"parameters":[],"shouldDisplayMessage":false,"stepsCount":0,"attachmentsCount":0,"hasContent":false,"attachmentStep":false},{"name":"I check that the \"Redeem Code Page\" is displayed","time":{"start":1743153702915,"stop":1743153703792,"duration":877},"status":"passed","steps":[],"attachments":[],"parameters":[],"shouldDisplayMessage":false,"stepsCount":0,"attachmentsCount":0,"hasContent":false,"attachmentStep":false},{"name":"I enter the code \"500\" in the input","time":{"start":1743153703792,"stop":1743153710699,"duration":6907},"status":"passed","steps":[],"attachments":[],"parameters":[{"name":"Code:","value":"500"}],"shouldDisplayMessage":false,"stepsCount":0,"attachmentsCount":0,"hasContent":true,"attachmentStep":false},{"name":"I click on the \"REDEEM\" button","time":{"start":1743153710699,"stop":1743153713819,"duration":3120},"status":"passed","steps":[],"attachments":[],"parameters":[],"shouldDisplayMessage":false,"stepsCount":0,"attachmentsCount":0,"hasContent":false,"attachmentStep":false},{"name":"I check that the \"We’re experiencing internal issue. Please try again or contact Customer Care.\" toast message is displayed","time":{"start":1743153713819,"stop":1743153718493,"duration":4674},"status":"passed","steps":[],"attachments":[],"parameters":[{"name":"expectedToastMessageText","value":"We’re experiencing internal issue. Please try again or contact Customer Care."}],"shouldDisplayMessage":false,"stepsCount":0,"attachmentsCount":0,"hasContent":true,"attachmentStep":false}],"attachments":[],"parameters":[],"shouldDisplayMessage":false,"stepsCount":19,"attachmentsCount":0,"hasContent":true,"attachmentStep":false},"afterStages":[{"name":"Base After Test Method","time":{"start":1743153721310,"stop":1743153721310,"duration":0},"description":"Base After Test Method","status":"passed","steps":[],"attachments":[],"parameters":[],"shouldDisplayMessage":false,"stepsCount":0,"attachmentsCount":0,"hasContent":false,"attachmentStep":false},{"name":"springTestContextAfterTestMethod","time":{"start":1743153721311,"stop":1743153721311,"duration":0},"description":"","status":"passed","steps":[],"attachments":[],"parameters":[],"shouldDisplayMessage":false,"stepsCount":0,"attachmentsCount":0,"hasContent":false,"attachmentStep":false},{"name":"Base After Class","time":{"start":1743154391343,"stop":1743154391344,"duration":1},"description":"Base After Class","status":"passed","steps":[],"attachments":[],"parameters":[],"shouldDisplayMessage":false,"stepsCount":0,"attachmentsCount":0,"hasContent":false,"attachmentStep":false},{"name":"Base After Test","time":{"start":1743154391345,"stop":1743154391345,"duration":0},"description":"Base After Test","status":"passed","steps":[],"attachments":[],"parameters":[],"shouldDisplayMessage":false,"stepsCount":0,"attachmentsCount":0,"hasContent":false,"attachmentStep":false},{"name":"springTestContextAfterTestClass","time":{"start":1743154391345,"stop":1743154391345,"duration":0},"description":"","status":"passed","steps":[],"attachments":[],"parameters":[],"shouldDisplayMessage":false,"stepsCount":0,"attachmentsCount":0,"hasContent":false,"attachmentStep":false}],"labels":[{"name":"package","value":"testcases.PartnershipCodesTests"},{"name":"testClass","value":"testcases.PartnershipCodesTests"},{"name":"testMethod","value":"userAttemptsToAddAnValidCodeAndGetsNetworkError"},{"name":"parentSuite","value":"GMAP NA Mobile Test Automation - [IOS PARALLEL XML SUITE]"},{"name":"suite","value":"GMAP NA Tests | Partnership Codes"},{"name":"subSuite","value":"testcases.PartnershipCodesTests"},{"name":"host","value":"fv-az1958-624"},{"name":"thread","value":"2022@fv-az1958-624.TestNG-tests-2(23)"},{"name":"framework","value":"testng"},{"name":"language","value":"java"},{"name":"tag","value":"PartnershipCodes"},{"name":"owner","value":"Nick Iacurto - [n.iacurto@t-b.ca]"},{"name":"feature","value":"[GMAP][NA] Partnership Codes"},{"name":"story","value":"[GMAP][NA] Adding a code - Network Error"},{"name":"epic","value":"[GMAP][NA] PARTNERSHIP CODES"},{"name":"severity","value":"normal"},{"name":"resultFormat","value":"allure2"}],"parameters":[{"name":"deviceConfig","value":"iPhone13ProMax"}],"links":[{"name":"NGRPRG-27448","url":"https://circlek.atlassian.net/browse/NGRPRG-27448","type":"tms"},{"name":"N/A","url":"https://circlek.atlassian.net/browse/N/A","type":"issue"}],"hidden":false,"retry":false,"extra":{"severity":"normal","owner":"Nick Iacurto - [n.iacurto@t-b.ca]","retries":[],"categories":[],"history":{"statistic":{"failed":0,"broken":48,"skipped":0,"passed":46,"unknown":0,"total":94},"items":[{"uid":"8a7baf0faa1182dd","reportUrl":"https://circlek-global.github.io/gmbat-tests-eu-mobile-automation/1568//#testresult/8a7baf0faa1182dd","status":"broken","statusDetails":"Element [AppiumBy.iOSNsPredicate: label == 'We’re experiencing internal issue. Please try again or contact Customer Care.'] wasn't visible after [15] seconds!\nException: org.openqa.selenium.TimeoutException: Expected condition failed: Element [AppiumBy.iOSNsPredicate: label == 'We’re experiencing internal issue. Please try again or contact Customer Care.'] wasn't visible after [15] seconds! (tried for 15 second(s) with 250 milliseconds interval)\nBuild info: version: '4.19.0', revision: '5f9cec8963'\nSystem info: os.name: 'Linux', os.arch: 'amd64', os.version: '6.8.0-1021-azure', java.version: '17.0.14'\nDriver info: driver.version: unknown\nFor documentation on this error, please visit: https://www.selenium.dev/documentation/webdriver/troubleshooting/errors#no-such-element-exception\nBuild info: version: '4.19.0', revision: '5f9cec8963'\nSystem info: os.name: 'Linux', os.arch: 'amd64', os.version: '6.8.0-1021-azure', java.version: '17.0.14'\nDriver info: driver.version: unknown","time":{"start":1743142118537,"stop":1743142203606,"duration":85069}},{"uid":"bac807c0624b7829","reportUrl":"https://circlek-global.github.io/gmbat-tests-eu-mobile-automation/1555//#testresult/bac807c0624b7829","status":"passed","time":{"start":1743056076511,"stop":1743056166388,"duration":89877}},{"uid":"f0089db2bf9482fc","reportUrl":"https://circlek-global.github.io/gmbat-tests-eu-mobile-automation/1539//#testresult/f0089db2bf9482fc","status":"passed","time":{"start":1742969498964,"stop":1742969593858,"duration":94894}},{"uid":"cd77f9093c3803ff","reportUrl":"https://circlek-global.github.io/gmbat-tests-eu-mobile-automation/1519//#testresult/cd77f9093c3803ff","status":"broken","statusDetails":"Element [AppiumBy.accessibilityId: homepage-screen] wasn't visible after [20] seconds!\nException: org.openqa.selenium.TimeoutException: Expected condition failed: Element [AppiumBy.accessibilityId: homepage-screen] wasn't visible after [20] seconds! (tried for 20 second(s) with 250 milliseconds interval)\nFor documentation on this error, please visit: https://www.selenium.dev/documentation/webdriver/troubleshooting/errors#no-such-element-exception\nBuild info: version: '4.19.0', revision: '5f9cec8963'\nSystem info: os.name: 'Linux', os.arch: 'amd64', os.version: '6.8.0-1021-azure', java.version: '17.0.14'\nDriver info: driver.version: unknown","time":{"start":1742881718654,"stop":1742881743215,"duration":24561}},{"uid":"2c468798632f921","reportUrl":"https://circlek-global.github.io/gmbat-tests-eu-mobile-automation/1506//#testresult/2c468798632f921","status":"broken","statusDetails":"Element [AppiumBy.iOSNsPredicate: label == 'We’re experiencing internal issue. Please try again or contact Customer Care.'] wasn't visible after [15] seconds!\nException: org.openqa.selenium.TimeoutException: Expected condition failed: Element [AppiumBy.iOSNsPredicate: label == 'We’re experiencing internal issue. Please try again or contact Customer Care.'] wasn't visible after [15] seconds! (tried for 15 second(s) with 250 milliseconds interval)\nBuild info: version: '4.19.0', revision: '5f9cec8963'\nSystem info: os.name: 'Linux', os.arch: 'amd64', os.version: '6.8.0-1021-azure', java.version: '17.0.14'\nDriver info: driver.version: unknown\nFor documentation on this error, please visit: https://www.selenium.dev/documentation/webdriver/troubleshooting/errors#no-such-element-exception\nBuild info: version: '4.19.0', revision: '5f9cec8963'\nSystem info: os.name: 'Linux', os.arch: 'amd64', os.version: '6.8.0-1021-azure', java.version: '17.0.14'\nDriver info: driver.version: unknown","time":{"start":1742796449197,"stop":1742796553246,"duration":104049}},{"uid":"8851bfd6df3a8458","reportUrl":"https://circlek-global.github.io/gmbat-tests-eu-mobile-automation/1492//#testresult/8851bfd6df3a8458","status":"passed","time":{"start":1742537586840,"stop":1742537671054,"duration":84214}},{"uid":"d29cfc168f6de4fd","reportUrl":"https://circlek-global.github.io/gmbat-tests-eu-mobile-automation/1482//#testresult/d29cfc168f6de4fd","status":"passed","time":{"start":1742468936734,"stop":1742469020515,"duration":83781}},{"uid":"46fbe0b5b6668c93","reportUrl":"https://circlek-global.github.io/gmbat-tests-eu-mobile-automation/1478//#testresult/46fbe0b5b6668c93","status":"broken","statusDetails":"Element [AppiumBy.iOSNsPredicate: label == 'We’re experiencing internal issue. Please try again or contact Customer Care.'] wasn't visible after [15] seconds!\nException: org.openqa.selenium.TimeoutException: Expected condition failed: Element [AppiumBy.iOSNsPredicate: label == 'We’re experiencing internal issue. Please try again or contact Customer Care.'] wasn't visible after [15] seconds! (tried for 15 second(s) with 250 milliseconds interval)\nBuild info: version: '4.19.0', revision: '5f9cec8963'\nSystem info: os.name: 'Linux', os.arch: 'amd64', os.version: '6.8.0-1021-azure', java.version: '17.0.14'\nDriver info: driver.version: unknown\nFor documentation on this error, please visit: https://www.selenium.dev/documentation/webdriver/troubleshooting/errors#no-such-element-exception\nBuild info: version: '4.19.0', revision: '5f9cec8963'\nSystem info: os.name: 'Linux', os.arch: 'amd64', os.version: '6.8.0-1021-azure', java.version: '17.0.14'\nDriver info: driver.version: unknown","time":{"start":1742451194206,"stop":1742451296566,"duration":102360}},{"uid":"13ffaf6472535593","reportUrl":"https://circlek-global.github.io/gmbat-tests-eu-mobile-automation/1467//#testresult/13ffaf6472535593","status":"passed","time":{"start":1742378746876,"stop":1742378839006,"duration":92130}},{"uid":"b96962fdc702e142","reportUrl":"https://circlek-global.github.io/gmbat-tests-eu-mobile-automation/1463//#testresult/b96962fdc702e142","status":"passed","time":{"start":1742364664712,"stop":1742364754356,"duration":89644}},{"uid":"cf0ce0fb70196e1a","reportUrl":"https://circlek-global.github.io/gmbat-tests-eu-mobile-automation/1451//#testresult/cf0ce0fb70196e1a","status":"passed","time":{"start":1742278084801,"stop":1742278171426,"duration":86625}},{"uid":"27f9814a26a2c9f5","reportUrl":"https://circlek-global.github.io/gmbat-tests-eu-mobile-automation/1435//#testresult/27f9814a26a2c9f5","status":"passed","time":{"start":1742191952282,"stop":1742192038814,"duration":86532}},{"uid":"1d5bc21c22929511","reportUrl":"https://circlek-global.github.io/gmbat-tests-eu-mobile-automation/1419//#testresult/1d5bc21c22929511","status":"broken","statusDetails":"Element [AppiumBy.iOSNsPredicate: label == 'We’re experiencing internal issue. Please try again or contact Customer Care.'] wasn't visible after [15] seconds!\nException: org.openqa.selenium.TimeoutException: Expected condition failed: Element [AppiumBy.iOSNsPredicate: label == 'We’re experiencing internal issue. Please try again or contact Customer Care.'] wasn't visible after [15] seconds! (tried for 15 second(s) with 250 milliseconds interval)\nBuild info: version: '4.19.0', revision: '5f9cec8963'\nSystem info: os.name: 'Linux', os.arch: 'amd64', os.version: '6.8.0-1021-azure', java.version: '17.0.14'\nDriver info: driver.version: unknown\nFor documentation on this error, please visit: https://www.selenium.dev/documentation/webdriver/troubleshooting/errors#no-such-element-exception\nBuild info: version: '4.19.0', revision: '5f9cec8963'\nSystem info: os.name: 'Linux', os.arch: 'amd64', os.version: '6.8.0-1021-azure', java.version: '17.0.14'\nDriver info: driver.version: unknown","time":{"start":1741932689945,"stop":1741932791898,"duration":101953}},{"uid":"3896577a7e5c7fce","reportUrl":"https://circlek-global.github.io/gmbat-tests-eu-mobile-automation/1404//#testresult/3896577a7e5c7fce","status":"passed","time":{"start":1741846363241,"stop":1741846459495,"duration":96254}},{"uid":"f63d4b75fa453388","reportUrl":"https://circlek-global.github.io/gmbat-tests-eu-mobile-automation/1382//#testresult/f63d4b75fa453388","status":"broken","statusDetails":"Element [AppiumBy.iOSNsPredicate: label == 'We’re experiencing internal issue. Please try again or contact Customer Care.'] wasn't visible after [15] seconds!\nException: org.openqa.selenium.TimeoutException: Expected condition failed: Element [AppiumBy.iOSNsPredicate: label == 'We’re experiencing internal issue. Please try again or contact Customer Care.'] wasn't visible after [15] seconds! (tried for 15 second(s) with 250 milliseconds interval)\nBuild info: version: '4.19.0', revision: '5f9cec8963'\nSystem info: os.name: 'Linux', os.arch: 'amd64', os.version: '6.8.0-1021-azure', java.version: '17.0.14'\nDriver info: driver.version: unknown\nFor documentation on this error, please visit: https://www.selenium.dev/documentation/webdriver/troubleshooting/errors#no-such-element-exception\nBuild info: version: '4.19.0', revision: '5f9cec8963'\nSystem info: os.name: 'Linux', os.arch: 'amd64', os.version: '6.8.0-1021-azure', java.version: '17.0.14'\nDriver info: driver.version: unknown","time":{"start":1741759792193,"stop":1741759889120,"duration":96927}},{"uid":"cc3c08fa7e5646f5","reportUrl":"https://circlek-global.github.io/gmbat-tests-eu-mobile-automation/1367//#testresult/cc3c08fa7e5646f5","status":"passed","time":{"start":1741673568752,"stop":1741673654969,"duration":86217}},{"uid":"90c348fb41e63377","reportUrl":"https://circlek-global.github.io/gmbat-tests-eu-mobile-automation/1353//#testresult/90c348fb41e63377","status":"passed","time":{"start":1741586721564,"stop":1741586822497,"duration":100933}},{"uid":"59ff2b26aa59fd44","reportUrl":"https://circlek-global.github.io/gmbat-tests-eu-mobile-automation/1334//#testresult/59ff2b26aa59fd44","status":"passed","time":{"start":1741327789058,"stop":1741327864590,"duration":75532}},{"uid":"1382d9759dab58a4","reportUrl":"https://circlek-global.github.io/gmbat-tests-eu-mobile-automation/1316//#testresult/1382d9759dab58a4","status":"passed","time":{"start":1741241245634,"stop":1741241325709,"duration":80075}},{"uid":"a49b99d0100ba565","reportUrl":"https://circlek-global.github.io/gmbat-tests-eu-mobile-automation/1295//#testresult/a49b99d0100ba565","status":"passed","time":{"start":1741155045078,"stop":1741155122015,"duration":76937}}]},"tags":["PartnershipCodes"]},"source":"3a997cfe3749080f.json","parameterValues":["iPhone13ProMax"]}