{"uid":"9aa18e9af922ff01","name":"User checks threshold values for the amount while purchasing a Gift Card from CTA","fullName":"testcases.GiftCardTests.userTriesToPurchaseGiftCardAndValidatesErrorForMinAndMaxValue","historyId":"995325a3af6469598981eb29a71be902","time":{"start":1743087912464,"stop":1743088145165,"duration":232701},"description":"User checks threshold values for the amount while purchasing a Gift Card from CTA","descriptionHtml":"<p>User checks threshold values for the amount while purchasing a Gift Card from CTA</p>\n","status":"broken","statusMessage":"Element [AppiumBy.iOSNsPredicate: name == 'Your gift is ready'] wasn't visible after [15] seconds!\nException: org.openqa.selenium.TimeoutException: Expected condition failed: Element [AppiumBy.iOSNsPredicate: name == 'Your gift is ready'] wasn't visible after [15] seconds! (tried for 15 second(s) with 250 milliseconds interval)\nFor documentation on this error, please visit: https://www.selenium.dev/documentation/webdriver/troubleshooting/errors#no-such-element-exception\nBuild info: version: '4.19.0', revision: '5f9cec8963'\nSystem info: os.name: 'Linux', os.arch: 'amd64', os.version: '6.8.0-1021-azure', java.version: '17.0.14'\nDriver info: driver.version: unknown","statusTrace":"org.openqa.selenium.NoSuchElementException: Element [AppiumBy.iOSNsPredicate: name == 'Your gift is ready'] wasn't visible after [15] seconds!\nException: org.openqa.selenium.TimeoutException: Expected condition failed: Element [AppiumBy.iOSNsPredicate: name == 'Your gift is ready'] wasn't visible after [15] seconds! (tried for 15 second(s) with 250 milliseconds interval)\nFor documentation on this error, please visit: https://www.selenium.dev/documentation/webdriver/troubleshooting/errors#no-such-element-exception\nBuild info: version: '4.19.0', revision: '5f9cec8963'\nSystem info: os.name: 'Linux', os.arch: 'amd64', os.version: '6.8.0-1021-azure', java.version: '17.0.14'\nDriver info: driver.version: unknown\n\tat com.gmap.core.common.handlers.WaitHandler.waitUntil(WaitHandler.java:163)\n\tat com.gmap.core.common.handlers.WaitHandler.waitForElementToBeVisible(WaitHandler.java:196)\n\tat pages.account.wallet.YourGiftIsReadyPage.checkThatTheYourGiftIsReadyScreenIsDisplayed(YourGiftIsReadyPage.java:79)\n\tat testcases.GiftCardTests.userTriesToPurchaseGiftCardAndValidatesErrorForMinAndMaxValue(GiftCardTests.java:397)\n\tat java.base/jdk.internal.reflect.NativeMethodAccessorImpl.invoke0(Native Method)\n\tat java.base/jdk.internal.reflect.NativeMethodAccessorImpl.invoke(NativeMethodAccessorImpl.java:77)\n\tat java.base/jdk.internal.reflect.DelegatingMethodAccessorImpl.invoke(DelegatingMethodAccessorImpl.java:43)\n\tat java.base/java.lang.reflect.Method.invoke(Method.java:569)\n\tat org.testng.internal.invokers.MethodInvocationHelper.invokeMethod(MethodInvocationHelper.java:141)\n\tat org.testng.internal.invokers.MethodInvocationHelper$1.runTestMethod(MethodInvocationHelper.java:260)\n\tat settings.hooks.Hooks.run(Hooks.java:59)\n\tat org.testng.internal.invokers.MethodInvocationHelper.invokeHookable(MethodInvocationHelper.java:274)\n\tat org.testng.internal.invokers.TestInvoker.invokeMethod(TestInvoker.java:679)\n\tat org.testng.internal.invokers.TestInvoker.invokeTestMethod(TestInvoker.java:230)\n\tat org.testng.internal.invokers.MethodRunner.runInSequence(MethodRunner.java:63)\n\tat org.testng.internal.invokers.TestInvoker$MethodInvocationAgent.invoke(TestInvoker.java:995)\n\tat org.testng.internal.invokers.TestInvoker.invokeTestMethods(TestInvoker.java:203)\n\tat org.testng.internal.invokers.TestMethodWorker.invokeTestMethods(TestMethodWorker.java:154)\n\tat org.testng.internal.invokers.TestMethodWorker.run(TestMethodWorker.java:134)\n\tat java.base/java.util.ArrayList.forEach(ArrayList.java:1511)\n\tat org.testng.TestRunner.privateRun(TestRunner.java:741)\n\tat org.testng.TestRunner.run(TestRunner.java:616)\n\tat org.testng.SuiteRunner.runTest(SuiteRunner.java:421)\n\tat org.testng.SuiteRunner$SuiteWorker.run(SuiteRunner.java:463)\n\tat org.testng.internal.thread.ThreadUtil.lambda$execute$0(ThreadUtil.java:64)\n\tat java.base/java.util.concurrent.FutureTask.run(FutureTask.java:264)\n\tat java.base/java.util.concurrent.ThreadPoolExecutor.runWorker(ThreadPoolExecutor.java:1136)\n\tat java.base/java.util.concurrent.ThreadPoolExecutor$Worker.run(ThreadPoolExecutor.java:635)\n\tat java.base/java.lang.Thread.run(Thread.java:840)\n","flaky":false,"newFailed":false,"newBroken":true,"newPassed":false,"retriesCount":0,"retriesStatusChange":false,"beforeStages":[{"name":"Base Before Test","time":{"start":1743087023601,"stop":1743087023601,"duration":0},"description":"Base Before Test","status":"passed","steps":[],"attachments":[],"parameters":[],"shouldDisplayMessage":false,"stepsCount":0,"attachmentsCount":0,"hasContent":false,"attachmentStep":false},{"name":"springTestContextBeforeTestClass","time":{"start":1743087023603,"stop":1743087023603,"duration":0},"description":"","status":"passed","steps":[],"attachments":[],"parameters":[],"shouldDisplayMessage":false,"stepsCount":0,"attachmentsCount":0,"hasContent":false,"attachmentStep":false},{"name":"springTestContextPrepareTestInstance","time":{"start":1743087023603,"stop":1743087023605,"duration":2},"description":"","status":"passed","steps":[],"attachments":[],"parameters":[],"shouldDisplayMessage":false,"stepsCount":0,"attachmentsCount":0,"hasContent":false,"attachmentStep":false},{"name":"Base Before Class","time":{"start":1743087023605,"stop":1743087025222,"duration":1617},"description":"Base Before Class","status":"passed","steps":[],"attachments":[],"parameters":[],"shouldDisplayMessage":false,"stepsCount":0,"attachmentsCount":0,"hasContent":false,"attachmentStep":false},{"name":"springTestContextBeforeTestMethod","time":{"start":1743087883926,"stop":1743087883926,"duration":0},"description":"","status":"passed","steps":[],"attachments":[],"parameters":[],"shouldDisplayMessage":false,"stepsCount":0,"attachmentsCount":0,"hasContent":false,"attachmentStep":false},{"name":"Base Before Test Method","time":{"start":1743087883927,"stop":1743087900418,"duration":16491},"description":"Base Before Test Method","status":"passed","steps":[],"attachments":[],"parameters":[],"shouldDisplayMessage":false,"stepsCount":0,"attachmentsCount":0,"hasContent":false,"attachmentStep":false},{"name":"initTestConfig","time":{"start":1743087900418,"stop":1743087900421,"duration":3},"description":"","status":"passed","steps":[],"attachments":[],"parameters":[],"shouldDisplayMessage":false,"stepsCount":0,"attachmentsCount":0,"hasContent":false,"attachmentStep":false}],"testStage":{"description":"User checks threshold values for the amount while purchasing a Gift Card from CTA","status":"broken","statusMessage":"Element [AppiumBy.iOSNsPredicate: name == 'Your gift is ready'] wasn't visible after [15] seconds!\nException: org.openqa.selenium.TimeoutException: Expected condition failed: Element [AppiumBy.iOSNsPredicate: name == 'Your gift is ready'] wasn't visible after [15] seconds! (tried for 15 second(s) with 250 milliseconds interval)\nFor documentation on this error, please visit: https://www.selenium.dev/documentation/webdriver/troubleshooting/errors#no-such-element-exception\nBuild info: version: '4.19.0', revision: '5f9cec8963'\nSystem info: os.name: 'Linux', os.arch: 'amd64', os.version: '6.8.0-1021-azure', java.version: '17.0.14'\nDriver info: driver.version: unknown","statusTrace":"org.openqa.selenium.NoSuchElementException: Element [AppiumBy.iOSNsPredicate: name == 'Your gift is ready'] wasn't visible after [15] seconds!\nException: org.openqa.selenium.TimeoutException: Expected condition failed: Element [AppiumBy.iOSNsPredicate: name == 'Your gift is ready'] wasn't visible after [15] seconds! (tried for 15 second(s) with 250 milliseconds interval)\nFor documentation on this error, please visit: https://www.selenium.dev/documentation/webdriver/troubleshooting/errors#no-such-element-exception\nBuild info: version: '4.19.0', revision: '5f9cec8963'\nSystem info: os.name: 'Linux', os.arch: 'amd64', os.version: '6.8.0-1021-azure', java.version: '17.0.14'\nDriver info: driver.version: unknown\n\tat com.gmap.core.common.handlers.WaitHandler.waitUntil(WaitHandler.java:163)\n\tat com.gmap.core.common.handlers.WaitHandler.waitForElementToBeVisible(WaitHandler.java:196)\n\tat pages.account.wallet.YourGiftIsReadyPage.checkThatTheYourGiftIsReadyScreenIsDisplayed(YourGiftIsReadyPage.java:79)\n\tat testcases.GiftCardTests.userTriesToPurchaseGiftCardAndValidatesErrorForMinAndMaxValue(GiftCardTests.java:397)\n\tat java.base/jdk.internal.reflect.NativeMethodAccessorImpl.invoke0(Native Method)\n\tat java.base/jdk.internal.reflect.NativeMethodAccessorImpl.invoke(NativeMethodAccessorImpl.java:77)\n\tat java.base/jdk.internal.reflect.DelegatingMethodAccessorImpl.invoke(DelegatingMethodAccessorImpl.java:43)\n\tat java.base/java.lang.reflect.Method.invoke(Method.java:569)\n\tat org.testng.internal.invokers.MethodInvocationHelper.invokeMethod(MethodInvocationHelper.java:141)\n\tat org.testng.internal.invokers.MethodInvocationHelper$1.runTestMethod(MethodInvocationHelper.java:260)\n\tat settings.hooks.Hooks.run(Hooks.java:59)\n\tat org.testng.internal.invokers.MethodInvocationHelper.invokeHookable(MethodInvocationHelper.java:274)\n\tat org.testng.internal.invokers.TestInvoker.invokeMethod(TestInvoker.java:679)\n\tat org.testng.internal.invokers.TestInvoker.invokeTestMethod(TestInvoker.java:230)\n\tat org.testng.internal.invokers.MethodRunner.runInSequence(MethodRunner.java:63)\n\tat org.testng.internal.invokers.TestInvoker$MethodInvocationAgent.invoke(TestInvoker.java:995)\n\tat org.testng.internal.invokers.TestInvoker.invokeTestMethods(TestInvoker.java:203)\n\tat org.testng.internal.invokers.TestMethodWorker.invokeTestMethods(TestMethodWorker.java:154)\n\tat org.testng.internal.invokers.TestMethodWorker.run(TestMethodWorker.java:134)\n\tat java.base/java.util.ArrayList.forEach(ArrayList.java:1511)\n\tat org.testng.TestRunner.privateRun(TestRunner.java:741)\n\tat org.testng.TestRunner.run(TestRunner.java:616)\n\tat org.testng.SuiteRunner.runTest(SuiteRunner.java:421)\n\tat org.testng.SuiteRunner$SuiteWorker.run(SuiteRunner.java:463)\n\tat org.testng.internal.thread.ThreadUtil.lambda$execute$0(ThreadUtil.java:64)\n\tat java.base/java.util.concurrent.FutureTask.run(FutureTask.java:264)\n\tat java.base/java.util.concurrent.ThreadPoolExecutor.runWorker(ThreadPoolExecutor.java:1136)\n\tat java.base/java.util.concurrent.ThreadPoolExecutor$Worker.run(ThreadPoolExecutor.java:635)\n\tat java.base/java.lang.Thread.run(Thread.java:840)\n","steps":[{"name":"I check that the Saucelabs session is preserved","time":{"start":1743087912465,"stop":1743087917549,"duration":5084},"status":"passed","steps":[],"attachments":[],"parameters":[{"name":"userProfile","value":"{PHONE_COUNTRY=Poland, BUSINESS_UNIT=NO, PHONE_NUMBER=780779000, PASSWORD=#Test123, EMAIL=pawel.tokarczuk@gmaptest.com, FIRST_NAME=Pawel, PHONE_COUNTRY_PREFIX=+48, OTP=000000, LAST_NAME=Tokarczuk}"}],"shouldDisplayMessage":false,"stepsCount":0,"attachmentsCount":0,"hasContent":true,"attachmentStep":false},{"name":"I skip linking my card","time":{"start":1743087917549,"stop":1743087924991,"duration":7442},"status":"passed","steps":[],"attachments":[],"parameters":[{"name":"time","value":"[]"}],"shouldDisplayMessage":false,"stepsCount":0,"attachmentsCount":0,"hasContent":true,"attachmentStep":false},{"name":"I mock the location of the device to \"SWEDEN_20888\"","time":{"start":1743087924991,"stop":1743087984243,"duration":59252},"status":"passed","steps":[{"name":"I click on \"ACCOUNT\" button","time":{"start":1743087924992,"stop":1743087938869,"duration":13877},"status":"passed","steps":[],"attachments":[],"parameters":[],"shouldDisplayMessage":false,"stepsCount":0,"attachmentsCount":0,"hasContent":false,"attachmentStep":false},{"name":"I check that the \"Account Screen\" is displayed","time":{"start":1743087938869,"stop":1743087939838,"duration":969},"status":"passed","steps":[],"attachments":[],"parameters":[],"shouldDisplayMessage":false,"stepsCount":0,"attachmentsCount":0,"hasContent":false,"attachmentStep":false},{"name":"I check that the \"Profile\" tab is displayed","time":{"start":1743087939838,"stop":1743087941070,"duration":1232},"status":"passed","steps":[],"attachments":[],"parameters":[],"shouldDisplayMessage":false,"stepsCount":0,"attachmentsCount":0,"hasContent":false,"attachmentStep":false},{"name":"I click on \"BUILD NUMBER\" tab","time":{"start":1743087941070,"stop":1743087952665,"duration":11595},"status":"passed","steps":[],"attachments":[],"parameters":[],"shouldDisplayMessage":false,"stepsCount":0,"attachmentsCount":0,"hasContent":false,"attachmentStep":false},{"name":"I click on \"SET LOCATION\" button","time":{"start":1743087952665,"stop":1743087955911,"duration":3246},"status":"passed","steps":[],"attachments":[],"parameters":[],"shouldDisplayMessage":false,"stepsCount":0,"attachmentsCount":0,"hasContent":false,"attachmentStep":false},{"name":"I enter the location data of the \"SWEDEN_20888\" station","time":{"start":1743087955911,"stop":1743087966690,"duration":10779},"status":"passed","steps":[{"name":"I check \"Set Location\" page is visible","time":{"start":1743087955911,"stop":1743087957372,"duration":1461},"status":"passed","steps":[],"attachments":[],"parameters":[],"shouldDisplayMessage":false,"stepsCount":0,"attachmentsCount":0,"hasContent":false,"attachmentStep":false},{"name":"I enter the site ID \"SWEDEN_20888\" in the input","time":{"start":1743087957372,"stop":1743087963690,"duration":6318},"status":"passed","steps":[],"attachments":[],"parameters":[{"name":"Device location:","value":"SWEDEN_20888"}],"shouldDisplayMessage":false,"stepsCount":0,"attachmentsCount":0,"hasContent":true,"attachmentStep":false},{"name":"I click on \"SET LOCATION\" button","time":{"start":1743087963690,"stop":1743087966690,"duration":3000},"status":"passed","steps":[],"attachments":[],"parameters":[],"shouldDisplayMessage":false,"stepsCount":0,"attachmentsCount":0,"hasContent":false,"attachmentStep":false}],"attachments":[],"parameters":[{"name":"Device location:","value":"SWEDEN_20888"},{"name":"useStationId","value":"true"}],"shouldDisplayMessage":false,"stepsCount":3,"attachmentsCount":0,"hasContent":true,"attachmentStep":false},{"name":"I click on \"Car Wash\" advertisement","time":{"start":1743087966690,"stop":1743087973042,"duration":6352},"status":"passed","steps":[{"name":"I check if \"Car Wash\" advertisement is displayed","time":{"start":1743087969990,"stop":1743087973042,"duration":3052},"status":"passed","steps":[],"attachments":[],"parameters":[{"name":"time","value":"2"}],"shouldDisplayMessage":false,"stepsCount":0,"attachmentsCount":0,"hasContent":true,"attachmentStep":false}],"attachments":[],"parameters":[],"shouldDisplayMessage":false,"stepsCount":1,"attachmentsCount":0,"hasContent":true,"attachmentStep":false},{"name":"I close and open application","time":{"start":1743087973042,"stop":1743087975726,"duration":2684},"status":"passed","steps":[],"attachments":[],"parameters":[],"shouldDisplayMessage":false,"stepsCount":0,"attachmentsCount":0,"hasContent":false,"attachmentStep":false},{"name":"I make sure that the location is set correctly","time":{"start":1743087975726,"stop":1743087982951,"duration":7225},"status":"passed","steps":[],"attachments":[],"parameters":[],"shouldDisplayMessage":false,"stepsCount":0,"attachmentsCount":0,"hasContent":false,"attachmentStep":false},{"name":"I check that the \"Home Screen\" is displayed","time":{"start":1743087982951,"stop":1743087984243,"duration":1292},"status":"passed","steps":[],"attachments":[],"parameters":[],"shouldDisplayMessage":false,"stepsCount":0,"attachmentsCount":0,"hasContent":false,"attachmentStep":false}],"attachments":[],"parameters":[{"name":"Device location:","value":"SWEDEN_20888"},{"name":"useStationId","value":"true"}],"shouldDisplayMessage":false,"stepsCount":14,"attachmentsCount":0,"hasContent":true,"attachmentStep":false},{"name":"I check that the \"Home Screen\" is displayed","time":{"start":1743087984243,"stop":1743087985725,"duration":1482},"status":"passed","steps":[],"attachments":[],"parameters":[],"shouldDisplayMessage":false,"stepsCount":0,"attachmentsCount":0,"hasContent":false,"attachmentStep":false},{"name":"I click on \"BUY FUEL\" tab","time":{"start":1743087985725,"stop":1743088010657,"duration":24932},"status":"passed","steps":[],"attachments":[],"parameters":[],"shouldDisplayMessage":false,"stepsCount":0,"attachmentsCount":0,"hasContent":false,"attachmentStep":false},{"name":"I swipe on the home screen to the \"DOWN\" to see \"GIFT_CARDS\" section","time":{"start":1743088010657,"stop":1743088026343,"duration":15686},"status":"passed","steps":[],"attachments":[],"parameters":[{"name":"swipeDirection","value":"DOWN"},{"name":"element","value":"GIFT_CARDS"}],"shouldDisplayMessage":false,"stepsCount":0,"attachmentsCount":0,"hasContent":true,"attachmentStep":false},{"name":"I click on \"GIFTCARD CAROUSEL CTA\"","time":{"start":1743088026343,"stop":1743088042197,"duration":15854},"status":"passed","steps":[],"attachments":[],"parameters":[],"shouldDisplayMessage":false,"stepsCount":0,"attachmentsCount":0,"hasContent":false,"attachmentStep":false},{"name":"I check that the \"Select Customize Gift Card Page\" is displayed","time":{"start":1743088042197,"stop":1743088043895,"duration":1698},"status":"passed","steps":[],"attachments":[],"parameters":[],"shouldDisplayMessage":false,"stepsCount":0,"attachmentsCount":0,"hasContent":false,"attachmentStep":false},{"name":"I click on the coffee gift card","time":{"start":1743088043895,"stop":1743088064702,"duration":20807},"status":"passed","steps":[],"attachments":[],"parameters":[],"shouldDisplayMessage":false,"stepsCount":0,"attachmentsCount":0,"hasContent":false,"attachmentStep":false},{"name":"I check that the \"Select Customize Gift Card Page\" is displayed","time":{"start":1743088064702,"stop":1743088065741,"duration":1039},"status":"passed","steps":[],"attachments":[],"parameters":[],"shouldDisplayMessage":false,"stepsCount":0,"attachmentsCount":0,"hasContent":false,"attachmentStep":false},{"name":"I enter amount in gift card information","time":{"start":1743088065741,"stop":1743088073443,"duration":7702},"status":"passed","steps":[],"attachments":[],"parameters":[{"name":"Amount:","value":"99"}],"shouldDisplayMessage":false,"stepsCount":0,"attachmentsCount":0,"hasContent":true,"attachmentStep":false},{"name":"I check for \"ERROR MESSAGE\" displayed for incorrect amount","time":{"start":1743088073443,"stop":1743088074320,"duration":877},"status":"passed","steps":[],"attachments":[],"parameters":[],"shouldDisplayMessage":false,"stepsCount":0,"attachmentsCount":0,"hasContent":false,"attachmentStep":false},{"name":"I check that error message for \"Minimum\" threshold is displayed","time":{"start":1743088074321,"stop":1743088076121,"duration":1800},"status":"passed","steps":[],"attachments":[],"parameters":[],"shouldDisplayMessage":false,"stepsCount":0,"attachmentsCount":0,"hasContent":false,"attachmentStep":false},{"name":"I enter amount in gift card information","time":{"start":1743088076121,"stop":1743088084552,"duration":8431},"status":"passed","steps":[],"attachments":[],"parameters":[{"name":"Amount:","value":"3001"}],"shouldDisplayMessage":false,"stepsCount":0,"attachmentsCount":0,"hasContent":true,"attachmentStep":false},{"name":"I check that error message for \"Maximum\" threshold is displayed","time":{"start":1743088084552,"stop":1743088086359,"duration":1807},"status":"passed","steps":[],"attachments":[],"parameters":[],"shouldDisplayMessage":false,"stepsCount":0,"attachmentsCount":0,"hasContent":false,"attachmentStep":false},{"name":"I add gift card information and Select \"Deliver By SMS\" and click on continue ","time":{"start":1743088086360,"stop":1743088123676,"duration":37316},"status":"passed","steps":[{"name":"I enter amount in gift card information","time":{"start":1743088086360,"stop":1743088094049,"duration":7689},"status":"passed","steps":[],"attachments":[],"parameters":[{"name":"Amount:","value":"3000"}],"shouldDisplayMessage":false,"stepsCount":0,"attachmentsCount":0,"hasContent":true,"attachmentStep":false},{"name":"I click on the \"DELIVER BY SMS\" radio button","time":{"start":1743088094049,"stop":1743088097136,"duration":3087},"status":"passed","steps":[],"attachments":[],"parameters":[],"shouldDisplayMessage":false,"stepsCount":0,"attachmentsCount":0,"hasContent":false,"attachmentStep":false},{"name":"I select recipient \"PHONE NUMBER\"","time":{"start":1743088097136,"stop":1743088119982,"duration":22846},"status":"passed","steps":[{"name":"I click on \"PHONE NUMBER PREFIX\" button","time":{"start":1743088097989,"stop":1743088101227,"duration":3238},"status":"passed","steps":[],"attachments":[],"parameters":[],"shouldDisplayMessage":false,"stepsCount":0,"attachmentsCount":0,"hasContent":false,"attachmentStep":false},{"name":"I enter the country name \"Poland\" in the search box","time":{"start":1743088101228,"stop":1743088107635,"duration":6407},"status":"passed","steps":[],"attachments":[],"parameters":[{"name":"Country Name:","value":"Poland"}],"shouldDisplayMessage":false,"stepsCount":0,"attachmentsCount":0,"hasContent":true,"attachmentStep":false},{"name":"I click on \"DISPLAYED COUNTRY\" button","time":{"start":1743088107635,"stop":1743088115496,"duration":7861},"status":"passed","steps":[],"attachments":[],"parameters":[],"shouldDisplayMessage":false,"stepsCount":0,"attachmentsCount":0,"hasContent":false,"attachmentStep":false}],"attachments":[],"parameters":[{"name":"userProfile","value":"{PHONE_COUNTRY=Poland, BUSINESS_UNIT=NO, PHONE_NUMBER=780779000, PASSWORD=#Test123, EMAIL=pawel.tokarczuk@gmaptest.com, FIRST_NAME=Pawel, PHONE_COUNTRY_PREFIX=+48, OTP=000000, LAST_NAME=Tokarczuk}"}],"shouldDisplayMessage":false,"stepsCount":3,"attachmentsCount":0,"hasContent":true,"attachmentStep":false},{"name":"I click on \"CONTINUE\" button","time":{"start":1743088119982,"stop":1743088123676,"duration":3694},"status":"passed","steps":[],"attachments":[],"parameters":[],"shouldDisplayMessage":false,"stepsCount":0,"attachmentsCount":0,"hasContent":false,"attachmentStep":false}],"attachments":[],"parameters":[{"name":"Amount:","value":"3000"},{"name":"userProfile","value":"{PHONE_COUNTRY=Poland, BUSINESS_UNIT=NO, PHONE_NUMBER=780779000, PASSWORD=#Test123, EMAIL=pawel.tokarczuk@gmaptest.com, FIRST_NAME=Pawel, PHONE_COUNTRY_PREFIX=+48, OTP=000000, LAST_NAME=Tokarczuk}"}],"shouldDisplayMessage":false,"stepsCount":7,"attachmentsCount":0,"hasContent":true,"attachmentStep":false},{"name":"I check that the \"Review Purchase Screen\" is displayed","time":{"start":1743088123676,"stop":1743088124537,"duration":861},"status":"passed","steps":[],"attachments":[],"parameters":[],"shouldDisplayMessage":false,"stepsCount":0,"attachmentsCount":0,"hasContent":false,"attachmentStep":false},{"name":"I click on \"PURCHASE\" button","time":{"start":1743088124537,"stop":1743088127501,"duration":2964},"status":"passed","steps":[],"attachments":[],"parameters":[],"shouldDisplayMessage":false,"stepsCount":0,"attachmentsCount":0,"hasContent":false,"attachmentStep":false},{"name":"I check that the \"Your gift is ready Page\" is displayed","time":{"start":1743088127501,"stop":1743088142598,"duration":15097},"status":"broken","statusMessage":"Element [AppiumBy.iOSNsPredicate: name == 'Your gift is ready'] wasn't visible after [15] seconds!\nException: org.openqa.selenium.TimeoutException: Expected condition failed: Element [AppiumBy.iOSNsPredicate: name == 'Your gift is ready'] wasn't visible after [15] seconds! (tried for 15 second(s) with 250 milliseconds interval)\nFor documentation on this error, please visit: https://www.selenium.dev/documentation/webdriver/troubleshooting/errors#no-such-element-exception\nBuild info: version: '4.19.0', revision: '5f9cec8963'\nSystem info: os.name: 'Linux', os.arch: 'amd64', os.version: '6.8.0-1021-azure', java.version: '17.0.14'\nDriver info: driver.version: unknown","statusTrace":"org.openqa.selenium.NoSuchElementException: Element [AppiumBy.iOSNsPredicate: name == 'Your gift is ready'] wasn't visible after [15] seconds!\nException: org.openqa.selenium.TimeoutException: Expected condition failed: Element [AppiumBy.iOSNsPredicate: name == 'Your gift is ready'] wasn't visible after [15] seconds! (tried for 15 second(s) with 250 milliseconds interval)\nFor documentation on this error, please visit: https://www.selenium.dev/documentation/webdriver/troubleshooting/errors#no-such-element-exception\nBuild info: version: '4.19.0', revision: '5f9cec8963'\nSystem info: os.name: 'Linux', os.arch: 'amd64', os.version: '6.8.0-1021-azure', java.version: '17.0.14'\nDriver info: driver.version: unknown\n\tat com.gmap.core.common.handlers.WaitHandler.waitUntil(WaitHandler.java:163)\n\tat com.gmap.core.common.handlers.WaitHandler.waitForElementToBeVisible(WaitHandler.java:196)\n\tat pages.account.wallet.YourGiftIsReadyPage.checkThatTheYourGiftIsReadyScreenIsDisplayed(YourGiftIsReadyPage.java:79)\n\tat testcases.GiftCardTests.userTriesToPurchaseGiftCardAndValidatesErrorForMinAndMaxValue(GiftCardTests.java:397)\n\tat java.base/jdk.internal.reflect.NativeMethodAccessorImpl.invoke0(Native Method)\n\tat java.base/jdk.internal.reflect.NativeMethodAccessorImpl.invoke(NativeMethodAccessorImpl.java:77)\n\tat java.base/jdk.internal.reflect.DelegatingMethodAccessorImpl.invoke(DelegatingMethodAccessorImpl.java:43)\n\tat java.base/java.lang.reflect.Method.invoke(Method.java:569)\n\tat org.testng.internal.invokers.MethodInvocationHelper.invokeMethod(MethodInvocationHelper.java:141)\n\tat org.testng.internal.invokers.MethodInvocationHelper$1.runTestMethod(MethodInvocationHelper.java:260)\n\tat settings.hooks.Hooks.run(Hooks.java:59)\n\tat org.testng.internal.invokers.MethodInvocationHelper.invokeHookable(MethodInvocationHelper.java:274)\n\tat org.testng.internal.invokers.TestInvoker.invokeMethod(TestInvoker.java:679)\n\tat org.testng.internal.invokers.TestInvoker.invokeTestMethod(TestInvoker.java:230)\n\tat org.testng.internal.invokers.MethodRunner.runInSequence(MethodRunner.java:63)\n\tat org.testng.internal.invokers.TestInvoker$MethodInvocationAgent.invoke(TestInvoker.java:995)\n\tat org.testng.internal.invokers.TestInvoker.invokeTestMethods(TestInvoker.java:203)\n\tat org.testng.internal.invokers.TestMethodWorker.invokeTestMethods(TestMethodWorker.java:154)\n\tat org.testng.internal.invokers.TestMethodWorker.run(TestMethodWorker.java:134)\n\tat java.base/java.util.ArrayList.forEach(ArrayList.java:1511)\n\tat org.testng.TestRunner.privateRun(TestRunner.java:741)\n\tat org.testng.TestRunner.run(TestRunner.java:616)\n\tat org.testng.SuiteRunner.runTest(SuiteRunner.java:421)\n\tat org.testng.SuiteRunner$SuiteWorker.run(SuiteRunner.java:463)\n\tat org.testng.internal.thread.ThreadUtil.lambda$execute$0(ThreadUtil.java:64)\n\tat java.base/java.util.concurrent.FutureTask.run(FutureTask.java:264)\n\tat java.base/java.util.concurrent.ThreadPoolExecutor.runWorker(ThreadPoolExecutor.java:1136)\n\tat java.base/java.util.concurrent.ThreadPoolExecutor$Worker.run(ThreadPoolExecutor.java:635)\n\tat java.base/java.lang.Thread.run(Thread.java:840)\n","steps":[],"attachments":[],"parameters":[],"shouldDisplayMessage":true,"stepsCount":0,"attachmentsCount":0,"hasContent":true,"attachmentStep":false}],"attachments":[{"uid":"6efdb1d572fd18bd","name":"Screenshot | [27-03-2025]","source":"6efdb1d572fd18bd.jpg","type":"image/jpg","size":467843}],"parameters":[],"shouldDisplayMessage":false,"stepsCount":40,"attachmentsCount":1,"hasContent":true,"attachmentStep":false},"afterStages":[{"name":"Base After Test Method","time":{"start":1743088147943,"stop":1743088151786,"duration":3843},"description":"Base After Test Method","status":"passed","steps":[],"attachments":[],"parameters":[],"shouldDisplayMessage":false,"stepsCount":0,"attachmentsCount":0,"hasContent":false,"attachmentStep":false},{"name":"springTestContextAfterTestMethod","time":{"start":1743088151787,"stop":1743088151787,"duration":0},"description":"","status":"passed","steps":[],"attachments":[],"parameters":[],"shouldDisplayMessage":false,"stepsCount":0,"attachmentsCount":0,"hasContent":false,"attachmentStep":false},{"name":"Base After Class","time":{"start":1743088713812,"stop":1743088713812,"duration":0},"description":"Base After Class","status":"passed","steps":[],"attachments":[],"parameters":[],"shouldDisplayMessage":false,"stepsCount":0,"attachmentsCount":0,"hasContent":false,"attachmentStep":false},{"name":"springTestContextAfterTestClass","time":{"start":1743088713812,"stop":1743088713812,"duration":0},"description":"","status":"passed","steps":[],"attachments":[],"parameters":[],"shouldDisplayMessage":false,"stepsCount":0,"attachmentsCount":0,"hasContent":false,"attachmentStep":false},{"name":"Base After Test","time":{"start":1743088713813,"stop":1743088713813,"duration":0},"description":"Base After Test","status":"passed","steps":[],"attachments":[],"parameters":[],"shouldDisplayMessage":false,"stepsCount":0,"attachmentsCount":0,"hasContent":false,"attachmentStep":false}],"labels":[{"name":"package","value":"testcases.GiftCardTests"},{"name":"testClass","value":"testcases.GiftCardTests"},{"name":"testMethod","value":"userTriesToPurchaseGiftCardAndValidatesErrorForMinAndMaxValue"},{"name":"parentSuite","value":"GMAP EU Mobile Test Automation - [IOS PARALLEL XML SUITE]"},{"name":"suite","value":"GMAP Tests | Gift Card"},{"name":"subSuite","value":"testcases.GiftCardTests"},{"name":"host","value":"fv-az1352-846"},{"name":"thread","value":"1959@fv-az1352-846.TestNG-tests-3(24)"},{"name":"framework","value":"testng"},{"name":"language","value":"java"},{"name":"owner","value":"Shruti Ponkshe - [shruti.ponkshe@circlekeurope.com]"},{"name":"feature","value":"[GMAP] Gift Cards"},{"name":"story","value":"[GMAP] Purchasing gift card with large denomination - error handling and gift message and delivery by sms"},{"name":"tag","value":"GiftCard"},{"name":"epic","value":"[GMAP] GIFT CARD"},{"name":"severity","value":"critical"},{"name":"resultFormat","value":"allure2"}],"parameters":[{"name":"deviceConfig","value":"iPhone15ProMax"}],"links":[{"name":"N/A","url":"https://circlek.atlassian.net/browse/N/A","type":"issue"},{"name":"NGRPRG-30579","url":"https://circlek.atlassian.net/browse/NGRPRG-30579","type":"tms"}],"hidden":false,"retry":false,"extra":{"severity":"critical","owner":"Shruti Ponkshe - [shruti.ponkshe@circlekeurope.com]","retries":[],"categories":[{"name":"Test defects","matchedStatuses":[],"flaky":false}],"history":{"statistic":{"failed":0,"broken":13,"skipped":1,"passed":40,"unknown":0,"total":54},"items":[{"uid":"9dc057338d61355f","reportUrl":"https://circlek-global.github.io/gmbat-tests-eu-mobile-automation/1498//#testresult/9dc057338d61355f","status":"passed","time":{"start":1742571240197,"stop":1742571432086,"duration":191889}},{"uid":"43d1b4783f40b78","reportUrl":"https://circlek-global.github.io/gmbat-tests-eu-mobile-automation/1470//#testresult/43d1b4783f40b78","status":"broken","statusDetails":"Element [AppiumBy.iOSNsPredicate: name == 'Your gift is ready'] wasn't visible after [15] seconds!\nException: org.openqa.selenium.TimeoutException: Expected condition failed: Element [AppiumBy.iOSNsPredicate: name == 'Your gift is ready'] wasn't visible after [15] seconds! (tried for 15 second(s) with 250 milliseconds interval)\nFor documentation on this error, please visit: https://www.selenium.dev/documentation/webdriver/troubleshooting/errors#no-such-element-exception\nBuild info: version: '4.19.0', revision: '5f9cec8963'\nSystem info: os.name: 'Linux', os.arch: 'amd64', os.version: '6.8.0-1021-azure', java.version: '17.0.14'\nDriver info: driver.version: unknown","time":{"start":1742396569710,"stop":1742396784069,"duration":214359}},{"uid":"85203ca85acad257","reportUrl":"https://circlek-global.github.io/gmbat-tests-eu-mobile-automation/1455//#testresult/85203ca85acad257","status":"passed","time":{"start":1742310025373,"stop":1742310206881,"duration":181508}},{"uid":"7167bca47eacf2ad","reportUrl":"https://circlek-global.github.io/gmbat-tests-eu-mobile-automation/1442//#testresult/7167bca47eacf2ad","status":"broken","statusDetails":"Element [AppiumBy.iOSNsPredicate: name == 'Your gift is ready'] wasn't visible after [15] seconds!\nException: org.openqa.selenium.TimeoutException: Expected condition failed: Element [AppiumBy.iOSNsPredicate: name == 'Your gift is ready'] wasn't visible after [15] seconds! (tried for 15 second(s) with 250 milliseconds interval)\nFor documentation on this error, please visit: https://www.selenium.dev/documentation/webdriver/troubleshooting/errors#no-such-element-exception\nBuild info: version: '4.19.0', revision: '5f9cec8963'\nSystem info: os.name: 'Linux', os.arch: 'amd64', os.version: '6.8.0-1021-azure', java.version: '17.0.14'\nDriver info: driver.version: unknown","time":{"start":1742220939381,"stop":1742221126923,"duration":187542}},{"uid":"fbf99fe1724d3174","reportUrl":"https://circlek-global.github.io/gmbat-tests-eu-mobile-automation/1425//#testresult/fbf99fe1724d3174","status":"passed","time":{"start":1741964717744,"stop":1741964890901,"duration":173157}},{"uid":"4dfbc78d68d270b5","reportUrl":"https://circlek-global.github.io/gmbat-tests-eu-mobile-automation/1411//#testresult/4dfbc78d68d270b5","status":"passed","time":{"start":1741878141845,"stop":1741878323151,"duration":181306}},{"uid":"8574da583ca27c6a","reportUrl":"https://circlek-global.github.io/gmbat-tests-eu-mobile-automation/1357//#testresult/8574da583ca27c6a","status":"passed","time":{"start":1741618333895,"stop":1741618505805,"duration":171910}},{"uid":"822ccc41702ec6a8","reportUrl":"https://circlek-global.github.io/gmbat-tests-eu-mobile-automation/1345//#testresult/822ccc41702ec6a8","status":"passed","time":{"start":1741359928359,"stop":1741360113051,"duration":184692}},{"uid":"e0800250b7b425ec","reportUrl":"https://circlek-global.github.io/gmbat-tests-eu-mobile-automation/1326//#testresult/e0800250b7b425ec","status":"broken","statusDetails":"Element [AppiumBy.iOSNsPredicate: name == 'Your gift is ready'] wasn't visible after [15] seconds!\nException: org.openqa.selenium.TimeoutException: Expected condition failed: Element [AppiumBy.iOSNsPredicate: name == 'Your gift is ready'] wasn't visible after [15] seconds! (tried for 15 second(s) with 250 milliseconds interval)\nFor documentation on this error, please visit: https://www.selenium.dev/documentation/webdriver/troubleshooting/errors#no-such-element-exception\nBuild info: version: '4.19.0', revision: '5f9cec8963'\nSystem info: os.name: 'Linux', os.arch: 'amd64', os.version: '6.8.0-1021-azure', java.version: '17.0.14'\nDriver info: driver.version: unknown","time":{"start":1741275374714,"stop":1741275572934,"duration":198220}},{"uid":"3a42c7717f8ffa2c","reportUrl":"https://circlek-global.github.io/gmbat-tests-eu-mobile-automation/1286//#testresult/3a42c7717f8ffa2c","status":"passed","time":{"start":1741100679485,"stop":1741100878139,"duration":198654}},{"uid":"c4f2206ee3c5f989","reportUrl":"https://circlek-global.github.io/gmbat-tests-eu-mobile-automation/1269//#testresult/c4f2206ee3c5f989","status":"passed","time":{"start":1741012995313,"stop":1741013196705,"duration":201392}},{"uid":"a0db485001d18df4","reportUrl":"https://circlek-global.github.io/gmbat-tests-eu-mobile-automation/1247//#testresult/a0db485001d18df4","status":"broken","statusDetails":"Element [AppiumBy.iOSNsPredicate: name == 'Your gift is ready'] wasn't visible after [15] seconds!\nException: org.openqa.selenium.TimeoutException: Expected condition failed: Element [AppiumBy.iOSNsPredicate: name == 'Your gift is ready'] wasn't visible after [15] seconds! (tried for 15 second(s) with 250 milliseconds interval)\nFor documentation on this error, please visit: https://www.selenium.dev/documentation/webdriver/troubleshooting/errors#no-such-element-exception\nBuild info: version: '4.19.0', revision: '5f9cec8963'\nSystem info: os.name: 'Linux', os.arch: 'amd64', os.version: '6.8.0-1021-azure', java.version: '17.0.14'\nDriver info: driver.version: unknown","time":{"start":1740668528494,"stop":1740668732987,"duration":204493}},{"uid":"9accbb2a4aa9b91c","reportUrl":"https://circlek-global.github.io/gmbat-tests-eu-mobile-automation/1237//#testresult/9accbb2a4aa9b91c","status":"passed","time":{"start":1740580176274,"stop":1740580356578,"duration":180304}},{"uid":"80330bbe3ff2bc95","reportUrl":"https://circlek-global.github.io/gmbat-tests-eu-mobile-automation/1202//#testresult/80330bbe3ff2bc95","status":"passed","time":{"start":1740149314969,"stop":1740149490525,"duration":175556}},{"uid":"3fb4b14014517317","reportUrl":"https://circlek-global.github.io/gmbat-tests-eu-mobile-automation/1188//#testresult/3fb4b14014517317","status":"passed","time":{"start":1740063497238,"stop":1740063662362,"duration":165124}},{"uid":"7172f23e002b01c","reportUrl":"https://circlek-global.github.io/gmbat-tests-eu-mobile-automation/1180//#testresult/7172f23e002b01c","status":"passed","time":{"start":1739982071284,"stop":1739982255245,"duration":183961}},{"uid":"c1d21bdbea876d7a","reportUrl":"https://circlek-global.github.io/gmbat-tests-eu-mobile-automation/1171//#testresult/c1d21bdbea876d7a","status":"passed","time":{"start":1739897681449,"stop":1739897859726,"duration":178277}},{"uid":"5994ffc6fb2b7223","reportUrl":"https://circlek-global.github.io/gmbat-tests-eu-mobile-automation/1155//#testresult/5994ffc6fb2b7223","status":"passed","time":{"start":1739810586171,"stop":1739810772338,"duration":186167}},{"uid":"975ec5729d62950d","reportUrl":"https://circlek-global.github.io/gmbat-tests-eu-mobile-automation/1143//#testresult/975ec5729d62950d","status":"skipped","statusDetails":"1 expectation failed.\nExpected status code <200> but was <424>.\n","time":{"start":1739549208385,"stop":1739549208386,"duration":1}},{"uid":"7e774714a09d9f26","reportUrl":"https://circlek-global.github.io/gmbat-tests-eu-mobile-automation/1130//#testresult/7e774714a09d9f26","status":"passed","time":{"start":1739458090510,"stop":1739458254610,"duration":164100}}]},"tags":["GiftCard"]},"source":"9aa18e9af922ff01.json","parameterValues":["iPhone15ProMax"]}