{"uid":"4d0963385c9851ca","name":"Guest user is able to see dashboard components","fullName":"testcases.DashboardTest.guestUserIsAbleToSeeDashboardComponents","historyId":"367687410fc8448b2aa53d4ffd2d467b","time":{"start":1743061086470,"stop":1743061109440,"duration":22970},"description":"Guest user is able to see dashboard components","descriptionHtml":"<p>Guest user is able to see dashboard components</p>\n","status":"broken","statusMessage":"Element [By.xpath: (//XCUIElementTypeOther[@name=\"featured-carousel-card.image\"])] wasn't visible after [15] seconds!\nException: org.openqa.selenium.TimeoutException: Expected condition failed: Element [By.xpath: (//XCUIElementTypeOther[@name=\"featured-carousel-card.image\"])] wasn't visible after [15] seconds! (tried for 15 second(s) with 250 milliseconds interval)\nFor documentation on this error, please visit: https://www.selenium.dev/documentation/webdriver/troubleshooting/errors#no-such-element-exception\nBuild info: version: '4.19.0', revision: '5f9cec8963'\nSystem info: os.name: 'Linux', os.arch: 'amd64', os.version: '6.8.0-1021-azure', java.version: '17.0.14'\nDriver info: driver.version: unknown","statusTrace":"org.openqa.selenium.NoSuchElementException: Element [By.xpath: (//XCUIElementTypeOther[@name=\"featured-carousel-card.image\"])] wasn't visible after [15] seconds!\nException: org.openqa.selenium.TimeoutException: Expected condition failed: Element [By.xpath: (//XCUIElementTypeOther[@name=\"featured-carousel-card.image\"])] wasn't visible after [15] seconds! (tried for 15 second(s) with 250 milliseconds interval)\nFor documentation on this error, please visit: https://www.selenium.dev/documentation/webdriver/troubleshooting/errors#no-such-element-exception\nBuild info: version: '4.19.0', revision: '5f9cec8963'\nSystem info: os.name: 'Linux', os.arch: 'amd64', os.version: '6.8.0-1021-azure', java.version: '17.0.14'\nDriver info: driver.version: unknown\n\tat com.gmap.core.common.handlers.WaitHandler.waitUntil(WaitHandler.java:163)\n\tat com.gmap.core.common.handlers.WaitHandler.waitForElementToBeVisible(WaitHandler.java:196)\n\tat pages.IngoHomePage.checkThatTheMarketingCarouselImageIsDisplayed(IngoHomePage.java:425)\n\tat testcases.DashboardTest.guestUserIsAbleToSeeDashboardComponents(DashboardTest.java:188)\n\tat java.base/jdk.internal.reflect.NativeMethodAccessorImpl.invoke0(Native Method)\n\tat java.base/jdk.internal.reflect.NativeMethodAccessorImpl.invoke(NativeMethodAccessorImpl.java:77)\n\tat java.base/jdk.internal.reflect.DelegatingMethodAccessorImpl.invoke(DelegatingMethodAccessorImpl.java:43)\n\tat java.base/java.lang.reflect.Method.invoke(Method.java:569)\n\tat org.testng.internal.invokers.MethodInvocationHelper.invokeMethod(MethodInvocationHelper.java:141)\n\tat org.testng.internal.invokers.MethodInvocationHelper$1.runTestMethod(MethodInvocationHelper.java:260)\n\tat settings.Hooks.run(Hooks.java:52)\n\tat org.testng.internal.invokers.MethodInvocationHelper.invokeHookable(MethodInvocationHelper.java:274)\n\tat org.testng.internal.invokers.TestInvoker.invokeMethod(TestInvoker.java:679)\n\tat org.testng.internal.invokers.TestInvoker.invokeTestMethod(TestInvoker.java:230)\n\tat org.testng.internal.invokers.MethodRunner.runInSequence(MethodRunner.java:63)\n\tat org.testng.internal.invokers.TestInvoker$MethodInvocationAgent.invoke(TestInvoker.java:995)\n\tat org.testng.internal.invokers.TestInvoker.invokeTestMethods(TestInvoker.java:203)\n\tat org.testng.internal.invokers.TestMethodWorker.invokeTestMethods(TestMethodWorker.java:154)\n\tat org.testng.internal.invokers.TestMethodWorker.run(TestMethodWorker.java:134)\n\tat java.base/java.util.ArrayList.forEach(ArrayList.java:1511)\n\tat org.testng.TestRunner.privateRun(TestRunner.java:741)\n\tat org.testng.TestRunner.run(TestRunner.java:616)\n\tat org.testng.SuiteRunner.runTest(SuiteRunner.java:421)\n\tat org.testng.SuiteRunner$SuiteWorker.run(SuiteRunner.java:463)\n\tat org.testng.internal.thread.ThreadUtil.lambda$execute$0(ThreadUtil.java:64)\n\tat java.base/java.util.concurrent.FutureTask.run(FutureTask.java:264)\n\tat java.base/java.util.concurrent.ThreadPoolExecutor.runWorker(ThreadPoolExecutor.java:1136)\n\tat java.base/java.util.concurrent.ThreadPoolExecutor$Worker.run(ThreadPoolExecutor.java:635)\n\tat java.base/java.lang.Thread.run(Thread.java:840)\n","flaky":false,"newFailed":false,"newBroken":false,"newPassed":false,"retriesCount":0,"retriesStatusChange":false,"beforeStages":[{"name":"Base Before Test","time":{"start":1743060922430,"stop":1743060922430,"duration":0},"description":"Base Before Test","status":"passed","steps":[],"attachments":[],"parameters":[],"shouldDisplayMessage":false,"stepsCount":0,"attachmentsCount":0,"hasContent":false,"attachmentStep":false},{"name":"springTestContextBeforeTestClass","time":{"start":1743060922438,"stop":1743060922439,"duration":1},"description":"","status":"passed","steps":[],"attachments":[],"parameters":[],"shouldDisplayMessage":false,"stepsCount":0,"attachmentsCount":0,"hasContent":false,"attachmentStep":false},{"name":"springTestContextPrepareTestInstance","time":{"start":1743060922439,"stop":1743060922443,"duration":4},"description":"","status":"passed","steps":[],"attachments":[],"parameters":[],"shouldDisplayMessage":false,"stepsCount":0,"attachmentsCount":0,"hasContent":false,"attachmentStep":false},{"name":"Base Before Class","time":{"start":1743060922443,"stop":1743060928910,"duration":6467},"description":"Base Before Class","status":"passed","steps":[],"attachments":[],"parameters":[],"shouldDisplayMessage":false,"stepsCount":0,"attachmentsCount":0,"hasContent":false,"attachmentStep":false},{"name":"springTestContextBeforeTestMethod","time":{"start":1743061074705,"stop":1743061074705,"duration":0},"description":"","status":"passed","steps":[],"attachments":[],"parameters":[],"shouldDisplayMessage":false,"stepsCount":0,"attachmentsCount":0,"hasContent":false,"attachmentStep":false},{"name":"Base Before Test Method","time":{"start":1743061074706,"stop":1743061085161,"duration":10455},"description":"Base Before Test Method","status":"passed","steps":[],"attachments":[],"parameters":[],"shouldDisplayMessage":false,"stepsCount":0,"attachmentsCount":0,"hasContent":false,"attachmentStep":false},{"name":"initTestConfig","time":{"start":1743061085161,"stop":1743061085172,"duration":11},"description":"","status":"passed","steps":[],"attachments":[],"parameters":[],"shouldDisplayMessage":false,"stepsCount":0,"attachmentsCount":0,"hasContent":false,"attachmentStep":false}],"testStage":{"description":"Guest user is able to see dashboard components","status":"broken","statusMessage":"Element [By.xpath: (//XCUIElementTypeOther[@name=\"featured-carousel-card.image\"])] wasn't visible after [15] seconds!\nException: org.openqa.selenium.TimeoutException: Expected condition failed: Element [By.xpath: (//XCUIElementTypeOther[@name=\"featured-carousel-card.image\"])] wasn't visible after [15] seconds! (tried for 15 second(s) with 250 milliseconds interval)\nFor documentation on this error, please visit: https://www.selenium.dev/documentation/webdriver/troubleshooting/errors#no-such-element-exception\nBuild info: version: '4.19.0', revision: '5f9cec8963'\nSystem info: os.name: 'Linux', os.arch: 'amd64', os.version: '6.8.0-1021-azure', java.version: '17.0.14'\nDriver info: driver.version: unknown","statusTrace":"org.openqa.selenium.NoSuchElementException: Element [By.xpath: (//XCUIElementTypeOther[@name=\"featured-carousel-card.image\"])] wasn't visible after [15] seconds!\nException: org.openqa.selenium.TimeoutException: Expected condition failed: Element [By.xpath: (//XCUIElementTypeOther[@name=\"featured-carousel-card.image\"])] wasn't visible after [15] seconds! (tried for 15 second(s) with 250 milliseconds interval)\nFor documentation on this error, please visit: https://www.selenium.dev/documentation/webdriver/troubleshooting/errors#no-such-element-exception\nBuild info: version: '4.19.0', revision: '5f9cec8963'\nSystem info: os.name: 'Linux', os.arch: 'amd64', os.version: '6.8.0-1021-azure', java.version: '17.0.14'\nDriver info: driver.version: unknown\n\tat com.gmap.core.common.handlers.WaitHandler.waitUntil(WaitHandler.java:163)\n\tat com.gmap.core.common.handlers.WaitHandler.waitForElementToBeVisible(WaitHandler.java:196)\n\tat pages.IngoHomePage.checkThatTheMarketingCarouselImageIsDisplayed(IngoHomePage.java:425)\n\tat testcases.DashboardTest.guestUserIsAbleToSeeDashboardComponents(DashboardTest.java:188)\n\tat java.base/jdk.internal.reflect.NativeMethodAccessorImpl.invoke0(Native Method)\n\tat java.base/jdk.internal.reflect.NativeMethodAccessorImpl.invoke(NativeMethodAccessorImpl.java:77)\n\tat java.base/jdk.internal.reflect.DelegatingMethodAccessorImpl.invoke(DelegatingMethodAccessorImpl.java:43)\n\tat java.base/java.lang.reflect.Method.invoke(Method.java:569)\n\tat org.testng.internal.invokers.MethodInvocationHelper.invokeMethod(MethodInvocationHelper.java:141)\n\tat org.testng.internal.invokers.MethodInvocationHelper$1.runTestMethod(MethodInvocationHelper.java:260)\n\tat settings.Hooks.run(Hooks.java:52)\n\tat org.testng.internal.invokers.MethodInvocationHelper.invokeHookable(MethodInvocationHelper.java:274)\n\tat org.testng.internal.invokers.TestInvoker.invokeMethod(TestInvoker.java:679)\n\tat org.testng.internal.invokers.TestInvoker.invokeTestMethod(TestInvoker.java:230)\n\tat org.testng.internal.invokers.MethodRunner.runInSequence(MethodRunner.java:63)\n\tat org.testng.internal.invokers.TestInvoker$MethodInvocationAgent.invoke(TestInvoker.java:995)\n\tat org.testng.internal.invokers.TestInvoker.invokeTestMethods(TestInvoker.java:203)\n\tat org.testng.internal.invokers.TestMethodWorker.invokeTestMethods(TestMethodWorker.java:154)\n\tat org.testng.internal.invokers.TestMethodWorker.run(TestMethodWorker.java:134)\n\tat java.base/java.util.ArrayList.forEach(ArrayList.java:1511)\n\tat org.testng.TestRunner.privateRun(TestRunner.java:741)\n\tat org.testng.TestRunner.run(TestRunner.java:616)\n\tat org.testng.SuiteRunner.runTest(SuiteRunner.java:421)\n\tat org.testng.SuiteRunner$SuiteWorker.run(SuiteRunner.java:463)\n\tat org.testng.internal.thread.ThreadUtil.lambda$execute$0(ThreadUtil.java:64)\n\tat java.base/java.util.concurrent.FutureTask.run(FutureTask.java:264)\n\tat java.base/java.util.concurrent.ThreadPoolExecutor.runWorker(ThreadPoolExecutor.java:1136)\n\tat java.base/java.util.concurrent.ThreadPoolExecutor$Worker.run(ThreadPoolExecutor.java:635)\n\tat java.base/java.lang.Thread.run(Thread.java:840)\n","steps":[{"name":"I check that the \"Station Widget\" is displayed","time":{"start":1743061086470,"stop":1743061087523,"duration":1053},"status":"passed","steps":[],"attachments":[],"parameters":[],"shouldDisplayMessage":false,"stepsCount":0,"attachmentsCount":0,"hasContent":false,"attachmentStep":false},{"name":" User scroll to \"MARKETING CAROUSEL\" from header on Home Page ","time":{"start":1743061087523,"stop":1743061089271,"duration":1748},"status":"passed","steps":[],"attachments":[],"parameters":[],"shouldDisplayMessage":false,"stepsCount":0,"attachmentsCount":0,"hasContent":false,"attachmentStep":false},{"name":"I check that the \"MARKETING CAROUSEL\" is displayed","time":{"start":1743061089272,"stop":1743061090612,"duration":1340},"status":"passed","steps":[],"attachments":[],"parameters":[],"shouldDisplayMessage":false,"stepsCount":0,"attachmentsCount":0,"hasContent":false,"attachmentStep":false},{"name":"I check that the \"MARKETING CAROUSEL IMAGE\" is displayed","time":{"start":1743061090612,"stop":1743061107188,"duration":16576},"status":"broken","statusMessage":"Element [By.xpath: (//XCUIElementTypeOther[@name=\"featured-carousel-card.image\"])] wasn't visible after [15] seconds!\nException: org.openqa.selenium.TimeoutException: Expected condition failed: Element [By.xpath: (//XCUIElementTypeOther[@name=\"featured-carousel-card.image\"])] wasn't visible after [15] seconds! (tried for 15 second(s) with 250 milliseconds interval)\nFor documentation on this error, please visit: https://www.selenium.dev/documentation/webdriver/troubleshooting/errors#no-such-element-exception\nBuild info: version: '4.19.0', revision: '5f9cec8963'\nSystem info: os.name: 'Linux', os.arch: 'amd64', os.version: '6.8.0-1021-azure', java.version: '17.0.14'\nDriver info: driver.version: unknown","statusTrace":"org.openqa.selenium.NoSuchElementException: Element [By.xpath: (//XCUIElementTypeOther[@name=\"featured-carousel-card.image\"])] wasn't visible after [15] seconds!\nException: org.openqa.selenium.TimeoutException: Expected condition failed: Element [By.xpath: (//XCUIElementTypeOther[@name=\"featured-carousel-card.image\"])] wasn't visible after [15] seconds! (tried for 15 second(s) with 250 milliseconds interval)\nFor documentation on this error, please visit: https://www.selenium.dev/documentation/webdriver/troubleshooting/errors#no-such-element-exception\nBuild info: version: '4.19.0', revision: '5f9cec8963'\nSystem info: os.name: 'Linux', os.arch: 'amd64', os.version: '6.8.0-1021-azure', java.version: '17.0.14'\nDriver info: driver.version: unknown\n\tat com.gmap.core.common.handlers.WaitHandler.waitUntil(WaitHandler.java:163)\n\tat com.gmap.core.common.handlers.WaitHandler.waitForElementToBeVisible(WaitHandler.java:196)\n\tat pages.IngoHomePage.checkThatTheMarketingCarouselImageIsDisplayed(IngoHomePage.java:425)\n\tat testcases.DashboardTest.guestUserIsAbleToSeeDashboardComponents(DashboardTest.java:188)\n\tat java.base/jdk.internal.reflect.NativeMethodAccessorImpl.invoke0(Native Method)\n\tat java.base/jdk.internal.reflect.NativeMethodAccessorImpl.invoke(NativeMethodAccessorImpl.java:77)\n\tat java.base/jdk.internal.reflect.DelegatingMethodAccessorImpl.invoke(DelegatingMethodAccessorImpl.java:43)\n\tat java.base/java.lang.reflect.Method.invoke(Method.java:569)\n\tat org.testng.internal.invokers.MethodInvocationHelper.invokeMethod(MethodInvocationHelper.java:141)\n\tat org.testng.internal.invokers.MethodInvocationHelper$1.runTestMethod(MethodInvocationHelper.java:260)\n\tat settings.Hooks.run(Hooks.java:52)\n\tat org.testng.internal.invokers.MethodInvocationHelper.invokeHookable(MethodInvocationHelper.java:274)\n\tat org.testng.internal.invokers.TestInvoker.invokeMethod(TestInvoker.java:679)\n\tat org.testng.internal.invokers.TestInvoker.invokeTestMethod(TestInvoker.java:230)\n\tat org.testng.internal.invokers.MethodRunner.runInSequence(MethodRunner.java:63)\n\tat org.testng.internal.invokers.TestInvoker$MethodInvocationAgent.invoke(TestInvoker.java:995)\n\tat org.testng.internal.invokers.TestInvoker.invokeTestMethods(TestInvoker.java:203)\n\tat org.testng.internal.invokers.TestMethodWorker.invokeTestMethods(TestMethodWorker.java:154)\n\tat org.testng.internal.invokers.TestMethodWorker.run(TestMethodWorker.java:134)\n\tat java.base/java.util.ArrayList.forEach(ArrayList.java:1511)\n\tat org.testng.TestRunner.privateRun(TestRunner.java:741)\n\tat org.testng.TestRunner.run(TestRunner.java:616)\n\tat org.testng.SuiteRunner.runTest(SuiteRunner.java:421)\n\tat org.testng.SuiteRunner$SuiteWorker.run(SuiteRunner.java:463)\n\tat org.testng.internal.thread.ThreadUtil.lambda$execute$0(ThreadUtil.java:64)\n\tat java.base/java.util.concurrent.FutureTask.run(FutureTask.java:264)\n\tat java.base/java.util.concurrent.ThreadPoolExecutor.runWorker(ThreadPoolExecutor.java:1136)\n\tat java.base/java.util.concurrent.ThreadPoolExecutor$Worker.run(ThreadPoolExecutor.java:635)\n\tat java.base/java.lang.Thread.run(Thread.java:840)\n","steps":[],"attachments":[],"parameters":[],"shouldDisplayMessage":true,"stepsCount":0,"attachmentsCount":0,"hasContent":true,"attachmentStep":false}],"attachments":[{"uid":"76c5f58cc7c3090a","name":"Screenshot | [27-03-2025]","source":"76c5f58cc7c3090a.jpg","type":"image/jpg","size":979983}],"parameters":[],"shouldDisplayMessage":false,"stepsCount":4,"attachmentsCount":1,"hasContent":true,"attachmentStep":false},"afterStages":[{"name":"Base After Test Method","time":{"start":1743061111045,"stop":1743061111045,"duration":0},"description":"Base After Test Method","status":"passed","steps":[],"attachments":[],"parameters":[],"shouldDisplayMessage":false,"stepsCount":0,"attachmentsCount":0,"hasContent":false,"attachmentStep":false},{"name":"springTestContextAfterTestMethod","time":{"start":1743061111046,"stop":1743061111047,"duration":1},"description":"","status":"passed","steps":[],"attachments":[],"parameters":[],"shouldDisplayMessage":false,"stepsCount":0,"attachmentsCount":0,"hasContent":false,"attachmentStep":false},{"name":"Base After Class","time":{"start":1743062226745,"stop":1743062226746,"duration":1},"description":"Base After Class","status":"passed","steps":[],"attachments":[],"parameters":[],"shouldDisplayMessage":false,"stepsCount":0,"attachmentsCount":0,"hasContent":false,"attachmentStep":false},{"name":"Base After Test","time":{"start":1743062226746,"stop":1743062226746,"duration":0},"description":"Base After Test","status":"passed","steps":[],"attachments":[],"parameters":[],"shouldDisplayMessage":false,"stepsCount":0,"attachmentsCount":0,"hasContent":false,"attachmentStep":false},{"name":"springTestContextAfterTestClass","time":{"start":1743062226746,"stop":1743062226746,"duration":0},"description":"","status":"passed","steps":[],"attachments":[],"parameters":[],"shouldDisplayMessage":false,"stepsCount":0,"attachmentsCount":0,"hasContent":false,"attachmentStep":false}],"labels":[{"name":"package","value":"testcases.DashboardTest"},{"name":"testClass","value":"testcases.DashboardTest"},{"name":"testMethod","value":"guestUserIsAbleToSeeDashboardComponents"},{"name":"parentSuite","value":"GMAP INGO Mobile Test Automation - [IOS PARALLEL XML SUITE]"},{"name":"suite","value":"GMAP INGO Tests | Dashboard"},{"name":"subSuite","value":"testcases.DashboardTest"},{"name":"host","value":"fv-az1319-830"},{"name":"thread","value":"1971@fv-az1319-830.TestNG-tests-1(22)"},{"name":"framework","value":"testng"},{"name":"language","value":"java"},{"name":"story","value":"[INGO][GMAP] Dashboard for Guest User"},{"name":"feature","value":"[GMAP] Dashboard"},{"name":"tag","value":"Dashboard"},{"name":"owner","value":"Sravanth - [sravanth.nallamalli@circlekeurope.com]"},{"name":"epic","value":"[INGO][GMAP] Dashboard - HomePage"},{"name":"severity","value":"normal"},{"name":"resultFormat","value":"allure2"}],"parameters":[{"name":"deviceConfig","value":"iPhone15Pro"}],"links":[{"name":"NGRPRG-26394","url":"https://circlek.atlassian.net/browse/NGRPRG-26394","type":"tms"},{"name":"N/A","url":"https://circlek.atlassian.net/browse/N/A","type":"issue"}],"hidden":false,"retry":false,"extra":{"severity":"normal","owner":"Sravanth - [sravanth.nallamalli@circlekeurope.com]","retries":[],"categories":[{"name":"Test defects","matchedStatuses":[],"flaky":false}],"history":{"statistic":{"failed":0,"broken":34,"skipped":0,"passed":74,"unknown":0,"total":108},"items":[{"uid":"457ecbfca52915fd","reportUrl":"https://circlek-global.github.io/gmbat-tests-eu-mobile-automation/1542//#testresult/457ecbfca52915fd","status":"broken","statusDetails":"Element [By.xpath: (//XCUIElementTypeOther[@name=\"featured-carousel-card.image\"])] wasn't visible after [15] seconds!\nException: org.openqa.selenium.TimeoutException: Expected condition failed: Element [By.xpath: (//XCUIElementTypeOther[@name=\"featured-carousel-card.image\"])] wasn't visible after [15] seconds! (tried for 15 second(s) with 250 milliseconds interval)\nFor documentation on this error, please visit: https://www.selenium.dev/documentation/webdriver/troubleshooting/errors#no-such-element-exception\nBuild info: version: '4.19.0', revision: '5f9cec8963'\nSystem info: os.name: 'Linux', os.arch: 'amd64', os.version: '6.8.0-1021-azure', java.version: '17.0.14'\nDriver info: driver.version: unknown","time":{"start":1742974686639,"stop":1742974707434,"duration":20795}},{"uid":"29bbe3fe2b465e9","reportUrl":"https://circlek-global.github.io/gmbat-tests-eu-mobile-automation/1530//#testresult/29bbe3fe2b465e9","status":"broken","statusDetails":"Element [By.xpath: (//XCUIElementTypeOther[@name=\"featured-carousel-card.image\"])] wasn't visible after [15] seconds!\nException: org.openqa.selenium.TimeoutException: Expected condition failed: Element [By.xpath: (//XCUIElementTypeOther[@name=\"featured-carousel-card.image\"])] wasn't visible after [15] seconds! (tried for 15 second(s) with 250 milliseconds interval)\nFor documentation on this error, please visit: https://www.selenium.dev/documentation/webdriver/troubleshooting/errors#no-such-element-exception\nBuild info: version: '4.19.0', revision: '5f9cec8963'\nSystem info: os.name: 'Linux', os.arch: 'amd64', os.version: '6.8.0-1021-azure', java.version: '17.0.14'\nDriver info: driver.version: unknown","time":{"start":1742910946338,"stop":1742910968751,"duration":22413}},{"uid":"bcbcd4fb701518fa","reportUrl":"https://circlek-global.github.io/gmbat-tests-eu-mobile-automation/1521//#testresult/bcbcd4fb701518fa","status":"broken","statusDetails":"Element [AppiumBy.accessibilityId: station-home-card.button] wasn't visible after [15] seconds!\nException: org.openqa.selenium.TimeoutException: Expected condition failed: Element [AppiumBy.accessibilityId: station-home-card.button] wasn't visible after [15] seconds! (tried for 15 second(s) with 250 milliseconds interval)\nFor documentation on this error, please visit: https://www.selenium.dev/documentation/webdriver/troubleshooting/errors#no-such-element-exception\nBuild info: version: '4.19.0', revision: '5f9cec8963'\nSystem info: os.name: 'Linux', os.arch: 'amd64', os.version: '6.8.0-1021-azure', java.version: '17.0.14'\nDriver info: driver.version: unknown","time":{"start":1742888277695,"stop":1742888296434,"duration":18739}},{"uid":"1c829a9fdbab10e7","reportUrl":"https://circlek-global.github.io/gmbat-tests-eu-mobile-automation/1508//#testresult/1c829a9fdbab10e7","status":"broken","statusDetails":"Element [By.xpath: (//XCUIElementTypeOther[@name=\"featured-carousel-card.image\"])] wasn't visible after [15] seconds!\nException: org.openqa.selenium.TimeoutException: Expected condition failed: Element [By.xpath: (//XCUIElementTypeOther[@name=\"featured-carousel-card.image\"])] wasn't visible after [15] seconds! (tried for 15 second(s) with 250 milliseconds interval)\nFor documentation on this error, please visit: https://www.selenium.dev/documentation/webdriver/troubleshooting/errors#no-such-element-exception\nBuild info: version: '4.19.0', revision: '5f9cec8963'\nSystem info: os.name: 'Linux', os.arch: 'amd64', os.version: '6.8.0-1021-azure', java.version: '17.0.14'\nDriver info: driver.version: unknown","time":{"start":1742801958748,"stop":1742801981570,"duration":22822}},{"uid":"6f96c8f6ac650381","reportUrl":"https://circlek-global.github.io/gmbat-tests-eu-mobile-automation/1494//#testresult/6f96c8f6ac650381","status":"broken","statusDetails":"Element [By.xpath: (//XCUIElementTypeOther[@name=\"featured-carousel-card.image\"])] wasn't visible after [15] seconds!\nException: org.openqa.selenium.TimeoutException: Expected condition failed: Element [By.xpath: (//XCUIElementTypeOther[@name=\"featured-carousel-card.image\"])] wasn't visible after [15] seconds! (tried for 15 second(s) with 250 milliseconds interval)\nFor documentation on this error, please visit: https://www.selenium.dev/documentation/webdriver/troubleshooting/errors#no-such-element-exception\nBuild info: version: '4.19.0', revision: '5f9cec8963'\nSystem info: os.name: 'Linux', os.arch: 'amd64', os.version: '6.8.0-1021-azure', java.version: '17.0.14'\nDriver info: driver.version: unknown","time":{"start":1742542677359,"stop":1742542700488,"duration":23129}},{"uid":"d220a767a41b0e57","reportUrl":"https://circlek-global.github.io/gmbat-tests-eu-mobile-automation/1480//#testresult/d220a767a41b0e57","status":"broken","statusDetails":"Element [By.xpath: (//XCUIElementTypeOther[@name=\"featured-carousel-card.image\"])] wasn't visible after [15] seconds!\nException: org.openqa.selenium.TimeoutException: Expected condition failed: Element [By.xpath: (//XCUIElementTypeOther[@name=\"featured-carousel-card.image\"])] wasn't visible after [15] seconds! (tried for 15 second(s) with 250 milliseconds interval)\nFor documentation on this error, please visit: https://www.selenium.dev/documentation/webdriver/troubleshooting/errors#no-such-element-exception\nBuild info: version: '4.19.0', revision: '5f9cec8963'\nSystem info: os.name: 'Linux', os.arch: 'amd64', os.version: '6.8.0-1021-azure', java.version: '17.0.14'\nDriver info: driver.version: unknown","time":{"start":1742456351688,"stop":1742456373441,"duration":21753}},{"uid":"e60fa5cf3f92d360","reportUrl":"https://circlek-global.github.io/gmbat-tests-eu-mobile-automation/1465//#testresult/e60fa5cf3f92d360","status":"broken","statusDetails":"Element [By.xpath: (//XCUIElementTypeOther[@name=\"featured-carousel-card.image\"])] wasn't visible after [15] seconds!\nException: org.openqa.selenium.TimeoutException: Expected condition failed: Element [By.xpath: (//XCUIElementTypeOther[@name=\"featured-carousel-card.image\"])] wasn't visible after [15] seconds! (tried for 15 second(s) with 250 milliseconds interval)\nFor documentation on this error, please visit: https://www.selenium.dev/documentation/webdriver/troubleshooting/errors#no-such-element-exception\nBuild info: version: '4.19.0', revision: '5f9cec8963'\nSystem info: os.name: 'Linux', os.arch: 'amd64', os.version: '6.8.0-1021-azure', java.version: '17.0.14'\nDriver info: driver.version: unknown","time":{"start":1742370174392,"stop":1742370195090,"duration":20698}},{"uid":"2ed4c02e4dc7a484","reportUrl":"https://circlek-global.github.io/gmbat-tests-eu-mobile-automation/1453//#testresult/2ed4c02e4dc7a484","status":"broken","statusDetails":"Element [By.xpath: (//XCUIElementTypeOther[@name=\"featured-carousel-card.image\"])] wasn't visible after [15] seconds!\nException: org.openqa.selenium.TimeoutException: Expected condition failed: Element [By.xpath: (//XCUIElementTypeOther[@name=\"featured-carousel-card.image\"])] wasn't visible after [15] seconds! (tried for 15 second(s) with 250 milliseconds interval)\nFor documentation on this error, please visit: https://www.selenium.dev/documentation/webdriver/troubleshooting/errors#no-such-element-exception\nBuild info: version: '4.19.0', revision: '5f9cec8963'\nSystem info: os.name: 'Linux', os.arch: 'amd64', os.version: '6.8.0-1021-azure', java.version: '17.0.14'\nDriver info: driver.version: unknown","time":{"start":1742283769130,"stop":1742283791315,"duration":22185}},{"uid":"dc2135d8f126a4b9","reportUrl":"https://circlek-global.github.io/gmbat-tests-eu-mobile-automation/1437//#testresult/dc2135d8f126a4b9","status":"broken","statusDetails":"Element [By.xpath: (//XCUIElementTypeOther[@name=\"featured-carousel-card.image\"])] wasn't visible after [15] seconds!\nException: org.openqa.selenium.TimeoutException: Expected condition failed: Element [By.xpath: (//XCUIElementTypeOther[@name=\"featured-carousel-card.image\"])] wasn't visible after [15] seconds! (tried for 15 second(s) with 250 milliseconds interval)\nFor documentation on this error, please visit: https://www.selenium.dev/documentation/webdriver/troubleshooting/errors#no-such-element-exception\nBuild info: version: '4.19.0', revision: '5f9cec8963'\nSystem info: os.name: 'Linux', os.arch: 'amd64', os.version: '6.8.0-1021-azure', java.version: '17.0.14'\nDriver info: driver.version: unknown","time":{"start":1742197299138,"stop":1742197322876,"duration":23738}},{"uid":"fd0f106deaa1ab64","reportUrl":"https://circlek-global.github.io/gmbat-tests-eu-mobile-automation/1421//#testresult/fd0f106deaa1ab64","status":"broken","statusDetails":"Element [By.xpath: (//XCUIElementTypeOther[@name=\"featured-carousel-card.image\"])] wasn't visible after [15] seconds!\nException: org.openqa.selenium.TimeoutException: Expected condition failed: Element [By.xpath: (//XCUIElementTypeOther[@name=\"featured-carousel-card.image\"])] wasn't visible after [15] seconds! (tried for 15 second(s) with 250 milliseconds interval)\nFor documentation on this error, please visit: https://www.selenium.dev/documentation/webdriver/troubleshooting/errors#no-such-element-exception\nBuild info: version: '4.19.0', revision: '5f9cec8963'\nSystem info: os.name: 'Linux', os.arch: 'amd64', os.version: '6.8.0-1021-azure', java.version: '17.0.14'\nDriver info: driver.version: unknown","time":{"start":1741938041737,"stop":1741938064976,"duration":23239}},{"uid":"64056cbec0f9980","reportUrl":"https://circlek-global.github.io/gmbat-tests-eu-mobile-automation/1406//#testresult/64056cbec0f9980","status":"broken","statusDetails":"Element [By.xpath: (//XCUIElementTypeOther[@name=\"featured-carousel-card.image\"])] wasn't visible after [15] seconds!\nException: org.openqa.selenium.TimeoutException: Expected condition failed: Element [By.xpath: (//XCUIElementTypeOther[@name=\"featured-carousel-card.image\"])] wasn't visible after [15] seconds! (tried for 15 second(s) with 250 milliseconds interval)\nFor documentation on this error, please visit: https://www.selenium.dev/documentation/webdriver/troubleshooting/errors#no-such-element-exception\nBuild info: version: '4.19.0', revision: '5f9cec8963'\nSystem info: os.name: 'Linux', os.arch: 'amd64', os.version: '6.8.0-1021-azure', java.version: '17.0.14'\nDriver info: driver.version: unknown","time":{"start":1741851620154,"stop":1741851640911,"duration":20757}},{"uid":"9f357bd9c41988ac","reportUrl":"https://circlek-global.github.io/gmbat-tests-eu-mobile-automation/1385//#testresult/9f357bd9c41988ac","status":"broken","statusDetails":"Element [By.xpath: (//XCUIElementTypeOther[@name=\"featured-carousel-card.image\"])] wasn't visible after [15] seconds!\nException: org.openqa.selenium.TimeoutException: Expected condition failed: Element [By.xpath: (//XCUIElementTypeOther[@name=\"featured-carousel-card.image\"])] wasn't visible after [15] seconds! (tried for 15 second(s) with 250 milliseconds interval)\nFor documentation on this error, please visit: https://www.selenium.dev/documentation/webdriver/troubleshooting/errors#no-such-element-exception\nBuild info: version: '4.19.0', revision: '5f9cec8963'\nSystem info: os.name: 'Linux', os.arch: 'amd64', os.version: '6.8.0-1021-azure', java.version: '17.0.14'\nDriver info: driver.version: unknown","time":{"start":1741765265532,"stop":1741765287154,"duration":21622}},{"uid":"69237d24eea75b6a","reportUrl":"https://circlek-global.github.io/gmbat-tests-eu-mobile-automation/1370//#testresult/69237d24eea75b6a","status":"passed","time":{"start":1741678968611,"stop":1741678973004,"duration":4393}},{"uid":"d7a126ccdd433590","reportUrl":"https://circlek-global.github.io/gmbat-tests-eu-mobile-automation/1355//#testresult/d7a126ccdd433590","status":"passed","time":{"start":1741592458053,"stop":1741592463807,"duration":5754}},{"uid":"7cafe3aa15052530","reportUrl":"https://circlek-global.github.io/gmbat-tests-eu-mobile-automation/1338//#testresult/7cafe3aa15052530","status":"passed","time":{"start":1741333328102,"stop":1741333333128,"duration":5026}},{"uid":"6f77297d5414107b","reportUrl":"https://circlek-global.github.io/gmbat-tests-eu-mobile-automation/1320//#testresult/6f77297d5414107b","status":"passed","time":{"start":1741252276955,"stop":1741252282540,"duration":5585}},{"uid":"f2ff643f6cd7e78d","reportUrl":"https://circlek-global.github.io/gmbat-tests-eu-mobile-automation/1200//#testresult/f2ff643f6cd7e78d","status":"passed","time":{"start":1740135911567,"stop":1740135917431,"duration":5864}},{"uid":"f572691085d78690","reportUrl":"https://circlek-global.github.io/gmbat-tests-eu-mobile-automation/1193//#testresult/f572691085d78690","status":"passed","time":{"start":1740123678998,"stop":1740123684314,"duration":5316}},{"uid":"337ed88d2361a447","reportUrl":"https://circlek-global.github.io/gmbat-tests-eu-mobile-automation/1185//#testresult/337ed88d2361a447","status":"passed","time":{"start":1740037287563,"stop":1740037292009,"duration":4446}},{"uid":"862dabe6f7892cef","reportUrl":"https://circlek-global.github.io/gmbat-tests-eu-mobile-automation/1178//#testresult/862dabe6f7892cef","status":"passed","time":{"start":1739950834504,"stop":1739950839420,"duration":4916}}]},"tags":["Dashboard"]},"source":"4d0963385c9851ca.json","parameterValues":["iPhone15Pro"]}