{"uid":"744f153cf2818d8f","name":"User close or cancel the Download popup","fullName":"testcases.InvoiceTest.userTriesToCloseOrCancelDownloadPopup","historyId":"c920d3ff60a47de1386e946ab1aaef77","time":{"start":1743061033829,"stop":1743061087016,"duration":53187},"description":"User can download the invoice for their purchases","descriptionHtml":"<p>User can download the invoice for their purchases</p>\n","status":"passed","flaky":false,"newFailed":false,"newBroken":false,"newPassed":false,"retriesCount":0,"retriesStatusChange":false,"beforeStages":[{"name":"Base Before Test","time":{"start":1743060766512,"stop":1743060766512,"duration":0},"description":"Base Before Test","status":"passed","steps":[],"attachments":[],"parameters":[],"shouldDisplayMessage":false,"stepsCount":0,"attachmentsCount":0,"hasContent":false,"attachmentStep":false},{"name":"springTestContextBeforeTestClass","time":{"start":1743060766668,"stop":1743060767793,"duration":1125},"description":"","status":"passed","steps":[],"attachments":[],"parameters":[],"shouldDisplayMessage":false,"stepsCount":0,"attachmentsCount":0,"hasContent":false,"attachmentStep":false},{"name":"springTestContextPrepareTestInstance","time":{"start":1743060767794,"stop":1743060767807,"duration":13},"description":"","status":"passed","steps":[],"attachments":[],"parameters":[],"shouldDisplayMessage":false,"stepsCount":0,"attachmentsCount":0,"hasContent":false,"attachmentStep":false},{"name":"Base Before Class","time":{"start":1743060767815,"stop":1743060775282,"duration":7467},"description":"Base Before Class","status":"passed","steps":[],"attachments":[],"parameters":[],"shouldDisplayMessage":false,"stepsCount":0,"attachmentsCount":0,"hasContent":false,"attachmentStep":false},{"name":"springTestContextBeforeTestMethod","time":{"start":1743061021699,"stop":1743061021699,"duration":0},"description":"","status":"passed","steps":[],"attachments":[],"parameters":[],"shouldDisplayMessage":false,"stepsCount":0,"attachmentsCount":0,"hasContent":false,"attachmentStep":false},{"name":"Base Before Test Method","time":{"start":1743061021700,"stop":1743061032283,"duration":10583},"description":"Base Before Test Method","status":"passed","steps":[],"attachments":[],"parameters":[],"shouldDisplayMessage":false,"stepsCount":0,"attachmentsCount":0,"hasContent":false,"attachmentStep":false},{"name":"initTestConfig","time":{"start":1743061032284,"stop":1743061032285,"duration":1},"description":"","status":"passed","steps":[],"attachments":[],"parameters":[],"shouldDisplayMessage":false,"stepsCount":0,"attachmentsCount":0,"hasContent":false,"attachmentStep":false}],"testStage":{"description":"User can download the invoice for their purchases","status":"passed","steps":[{"name":"I click on \"ACCOUNT\" button","time":{"start":1743061033829,"stop":1743061037873,"duration":4044},"status":"passed","steps":[],"attachments":[],"parameters":[],"shouldDisplayMessage":false,"stepsCount":0,"attachmentsCount":0,"hasContent":false,"attachmentStep":false},{"name":"I click on \"INVOICES\" tab","time":{"start":1743061037873,"stop":1743061042002,"duration":4129},"status":"passed","steps":[],"attachments":[],"parameters":[],"shouldDisplayMessage":false,"stepsCount":0,"attachmentsCount":0,"hasContent":false,"attachmentStep":false},{"name":"I get the text from the \"INVOICE\" header","time":{"start":1743061042002,"stop":1743061048057,"duration":6055},"status":"passed","steps":[],"attachments":[],"parameters":[],"shouldDisplayMessage":false,"stepsCount":0,"attachmentsCount":0,"hasContent":false,"attachmentStep":false},{"name":"I check that the application text: \"Invoices\" is equals to expected value: \"Invoices\"","time":{"start":1743061048058,"stop":1743061048058,"duration":0},"status":"passed","steps":[],"attachments":[],"parameters":[{"name":"Actual:","value":"Invoices"},{"name":"Expected:","value":"Invoices"}],"shouldDisplayMessage":false,"stepsCount":0,"attachmentsCount":0,"hasContent":true,"attachmentStep":false},{"name":"I click on \"INVOICE\" bill ","time":{"start":1743061048058,"stop":1743061050865,"duration":2807},"status":"passed","steps":[],"attachments":[],"parameters":[],"shouldDisplayMessage":false,"stepsCount":0,"attachmentsCount":0,"hasContent":false,"attachmentStep":false},{"name":"I verify the \"INVOICE\" status and amount is present","time":{"start":1743061050865,"stop":1743061071061,"duration":20196},"status":"passed","steps":[],"attachments":[],"parameters":[],"shouldDisplayMessage":false,"stepsCount":0,"attachmentsCount":0,"hasContent":false,"attachmentStep":false},{"name":"I verify the \"INVOICE DOWNLOAD\" popup","time":{"start":1743061071061,"stop":1743061072709,"duration":1648},"status":"passed","steps":[],"attachments":[],"parameters":[],"shouldDisplayMessage":false,"stepsCount":0,"attachmentsCount":0,"hasContent":false,"attachmentStep":false},{"name":"I check that the \"Close Button\" is displayed","time":{"start":1743061072709,"stop":1743061073693,"duration":984},"status":"passed","steps":[],"attachments":[],"parameters":[],"shouldDisplayMessage":false,"stepsCount":0,"attachmentsCount":0,"hasContent":false,"attachmentStep":false},{"name":"I click on \"CLOSE\" CTA ","time":{"start":1743061073693,"stop":1743061076797,"duration":3104},"status":"passed","steps":[],"attachments":[],"parameters":[],"shouldDisplayMessage":false,"stepsCount":0,"attachmentsCount":0,"hasContent":false,"attachmentStep":false},{"name":"I verify the \"INVOICE DOWNLOAD\" popup disappears","time":{"start":1743061076797,"stop":1743061087016,"duration":10219},"status":"passed","steps":[],"attachments":[],"parameters":[],"shouldDisplayMessage":false,"stepsCount":0,"attachmentsCount":0,"hasContent":false,"attachmentStep":false}],"attachments":[],"parameters":[],"shouldDisplayMessage":false,"stepsCount":10,"attachmentsCount":0,"hasContent":true,"attachmentStep":false},"afterStages":[{"name":"Base After Test Method","time":{"start":1743061089536,"stop":1743061089536,"duration":0},"description":"Base After Test Method","status":"passed","steps":[],"attachments":[],"parameters":[],"shouldDisplayMessage":false,"stepsCount":0,"attachmentsCount":0,"hasContent":false,"attachmentStep":false},{"name":"springTestContextAfterTestMethod","time":{"start":1743061089537,"stop":1743061089537,"duration":0},"description":"","status":"passed","steps":[],"attachments":[],"parameters":[],"shouldDisplayMessage":false,"stepsCount":0,"attachmentsCount":0,"hasContent":false,"attachmentStep":false},{"name":"Base After Class","time":{"start":1743061256142,"stop":1743061256142,"duration":0},"description":"Base After Class","status":"passed","steps":[],"attachments":[],"parameters":[],"shouldDisplayMessage":false,"stepsCount":0,"attachmentsCount":0,"hasContent":false,"attachmentStep":false},{"name":"springTestContextAfterTestClass","time":{"start":1743061256142,"stop":1743061256142,"duration":0},"description":"","status":"passed","steps":[],"attachments":[],"parameters":[],"shouldDisplayMessage":false,"stepsCount":0,"attachmentsCount":0,"hasContent":false,"attachmentStep":false},{"name":"Base After Test","time":{"start":1743061256143,"stop":1743061256143,"duration":0},"description":"Base After Test","status":"passed","steps":[],"attachments":[],"parameters":[],"shouldDisplayMessage":false,"stepsCount":0,"attachmentsCount":0,"hasContent":false,"attachmentStep":false}],"labels":[{"name":"package","value":"testcases.InvoiceTest"},{"name":"testClass","value":"testcases.InvoiceTest"},{"name":"testMethod","value":"userTriesToCloseOrCancelDownloadPopup"},{"name":"parentSuite","value":"GMAP INGO Mobile Test Automation - [IOS PARALLEL XML SUITE]"},{"name":"suite","value":"GMAP INGO Tests | Invoices"},{"name":"subSuite","value":"testcases.InvoiceTest"},{"name":"host","value":"fv-az1319-830"},{"name":"thread","value":"1971@fv-az1319-830.TestNG-tests-4(25)"},{"name":"framework","value":"testng"},{"name":"language","value":"java"},{"name":"feature","value":"[GMAP] Account Invoice"},{"name":"tag","value":"Invoice"},{"name":"story","value":"[INGO][GMAP] Invoice List Screen"},{"name":"owner","value":"Sriparna - [sriparna.dey@circlekeurope.com]"},{"name":"epic","value":"[INGO][GMAP] Invoices"},{"name":"severity","value":"normal"},{"name":"resultFormat","value":"allure2"}],"parameters":[{"name":"deviceConfig","value":"iPhone13"}],"links":[{"name":"N/A","url":"https://circlek.atlassian.net/browse/N/A","type":"issue"},{"name":"NGRPRG-25329","url":"https://circlek.atlassian.net/browse/NGRPRG-25329","type":"tms"}],"hidden":false,"retry":false,"extra":{"severity":"normal","owner":"Sriparna - [sriparna.dey@circlekeurope.com]","retries":[],"categories":[],"history":{"statistic":{"failed":0,"broken":79,"skipped":0,"passed":29,"unknown":0,"total":108},"items":[{"uid":"df61c3cefa598529","reportUrl":"https://circlek-global.github.io/gmbat-tests-eu-mobile-automation/1542//#testresult/df61c3cefa598529","status":"passed","time":{"start":1742974637572,"stop":1742974692351,"duration":54779}},{"uid":"9b1940d77c6694ac","reportUrl":"https://circlek-global.github.io/gmbat-tests-eu-mobile-automation/1530//#testresult/9b1940d77c6694ac","status":"passed","time":{"start":1742910906132,"stop":1742910962856,"duration":56724}},{"uid":"c863e1e10484140e","reportUrl":"https://circlek-global.github.io/gmbat-tests-eu-mobile-automation/1521//#testresult/c863e1e10484140e","status":"broken","statusDetails":"Element [AppiumBy.accessibilityId: account.tab-bar] wasn't clickable after [15] seconds!\nException: org.openqa.selenium.TimeoutException: Expected condition failed: Element [AppiumBy.accessibilityId: account.tab-bar] wasn't clickable after [15] seconds! (tried for 15 second(s) with 250 milliseconds interval)\nFor documentation on this error, please visit: https://www.selenium.dev/documentation/webdriver/troubleshooting/errors#no-such-element-exception\nBuild info: version: '4.19.0', revision: '5f9cec8963'\nSystem info: os.name: 'Linux', os.arch: 'amd64', os.version: '6.8.0-1021-azure', java.version: '17.0.14'\nDriver info: driver.version: unknown","time":{"start":1742888160325,"stop":1742888179720,"duration":19395}},{"uid":"14386e982c34464","reportUrl":"https://circlek-global.github.io/gmbat-tests-eu-mobile-automation/1508//#testresult/14386e982c34464","status":"passed","time":{"start":1742801887573,"stop":1742801942061,"duration":54488}},{"uid":"46fae28182d4fa9","reportUrl":"https://circlek-global.github.io/gmbat-tests-eu-mobile-automation/1494//#testresult/46fae28182d4fa9","status":"passed","time":{"start":1742542622257,"stop":1742542678265,"duration":56008}},{"uid":"ed7224ab7ef7edb9","reportUrl":"https://circlek-global.github.io/gmbat-tests-eu-mobile-automation/1480//#testresult/ed7224ab7ef7edb9","status":"passed","time":{"start":1742456297411,"stop":1742456354579,"duration":57168}},{"uid":"d7aa35faa3c70fb5","reportUrl":"https://circlek-global.github.io/gmbat-tests-eu-mobile-automation/1465//#testresult/d7aa35faa3c70fb5","status":"broken","statusDetails":"Element [AppiumBy.accessibilityId: account.tab-bar] wasn't clickable after [15] seconds!\nException: org.openqa.selenium.TimeoutException: Expected condition failed: Element [AppiumBy.accessibilityId: account.tab-bar] wasn't clickable after [15] seconds! (tried for 15 second(s) with 250 milliseconds interval)\nFor documentation on this error, please visit: https://www.selenium.dev/documentation/webdriver/troubleshooting/errors#no-such-element-exception\nBuild info: version: '4.19.0', revision: '5f9cec8963'\nSystem info: os.name: 'Linux', os.arch: 'amd64', os.version: '6.8.0-1021-azure', java.version: '17.0.14'\nDriver info: driver.version: unknown","time":{"start":1742369793464,"stop":1742369811214,"duration":17750}},{"uid":"c0bfeab2796bae4d","reportUrl":"https://circlek-global.github.io/gmbat-tests-eu-mobile-automation/1453//#testresult/c0bfeab2796bae4d","status":"passed","time":{"start":1742283480196,"stop":1742283539520,"duration":59324}},{"uid":"84f9eb91b48d6a04","reportUrl":"https://circlek-global.github.io/gmbat-tests-eu-mobile-automation/1437//#testresult/84f9eb91b48d6a04","status":"passed","time":{"start":1742197077130,"stop":1742197133736,"duration":56606}},{"uid":"a6a1e485e97bec2b","reportUrl":"https://circlek-global.github.io/gmbat-tests-eu-mobile-automation/1421//#testresult/a6a1e485e97bec2b","status":"passed","time":{"start":1741937879053,"stop":1741937944077,"duration":65024}},{"uid":"d057cec7b25a479c","reportUrl":"https://circlek-global.github.io/gmbat-tests-eu-mobile-automation/1406//#testresult/d057cec7b25a479c","status":"passed","time":{"start":1741851408462,"stop":1741851462282,"duration":53820}},{"uid":"a32ea59eb21c41c7","reportUrl":"https://circlek-global.github.io/gmbat-tests-eu-mobile-automation/1385//#testresult/a32ea59eb21c41c7","status":"broken","statusDetails":"Element [AppiumBy.accessibilityId: invoice-title] wasn't visible after [15] seconds!\nException: org.openqa.selenium.TimeoutException: Expected condition failed: Element [AppiumBy.accessibilityId: invoice-title] wasn't visible after [15] seconds! (tried for 15 second(s) with 250 milliseconds interval)\nFor documentation on this error, please visit: https://www.selenium.dev/documentation/webdriver/troubleshooting/errors#no-such-element-exception\nBuild info: version: '4.19.0', revision: '5f9cec8963'\nSystem info: os.name: 'Linux', os.arch: 'amd64', os.version: '6.8.0-1021-azure', java.version: '17.0.14'\nDriver info: driver.version: unknown","time":{"start":1741765038398,"stop":1741765062465,"duration":24067}},{"uid":"40338e7c937e574e","reportUrl":"https://circlek-global.github.io/gmbat-tests-eu-mobile-automation/1370//#testresult/40338e7c937e574e","status":"passed","time":{"start":1741678756204,"stop":1741678810146,"duration":53942}},{"uid":"d120e38d302b6051","reportUrl":"https://circlek-global.github.io/gmbat-tests-eu-mobile-automation/1355//#testresult/d120e38d302b6051","status":"broken","statusDetails":"Element [AppiumBy.accessibilityId: payment-status] wasn't clickable after [15] seconds!\nException: org.openqa.selenium.TimeoutException: Expected condition failed: Element [AppiumBy.accessibilityId: payment-status] wasn't clickable after [15] seconds! (tried for 15 second(s) with 250 milliseconds interval)\nFor documentation on this error, please visit: https://www.selenium.dev/documentation/webdriver/troubleshooting/errors#no-such-element-exception\nBuild info: version: '4.19.0', revision: '5f9cec8963'\nSystem info: os.name: 'Linux', os.arch: 'amd64', os.version: '6.8.0-1021-azure', java.version: '17.0.14'\nDriver info: driver.version: unknown","time":{"start":1741592299732,"stop":1741592328874,"duration":29142}},{"uid":"469c7bbbd1f0881b","reportUrl":"https://circlek-global.github.io/gmbat-tests-eu-mobile-automation/1338//#testresult/469c7bbbd1f0881b","status":"broken","statusDetails":"Element [AppiumBy.accessibilityId: payment-status] wasn't clickable after [15] seconds!\nException: org.openqa.selenium.TimeoutException: Expected condition failed: Element [AppiumBy.accessibilityId: payment-status] wasn't clickable after [15] seconds! (tried for 15 second(s) with 250 milliseconds interval)\nFor documentation on this error, please visit: https://www.selenium.dev/documentation/webdriver/troubleshooting/errors#no-such-element-exception\nBuild info: version: '4.19.0', revision: '5f9cec8963'\nSystem info: os.name: 'Linux', os.arch: 'amd64', os.version: '6.8.0-1021-azure', java.version: '17.0.14'\nDriver info: driver.version: unknown","time":{"start":1741333099307,"stop":1741333127804,"duration":28497}},{"uid":"8d43da2ea091866e","reportUrl":"https://circlek-global.github.io/gmbat-tests-eu-mobile-automation/1320//#testresult/8d43da2ea091866e","status":"broken","statusDetails":"Element [AppiumBy.accessibilityId: payment-status] wasn't clickable after [15] seconds!\nException: org.openqa.selenium.TimeoutException: Expected condition failed: Element [AppiumBy.accessibilityId: payment-status] wasn't clickable after [15] seconds! (tried for 15 second(s) with 250 milliseconds interval)\nFor documentation on this error, please visit: https://www.selenium.dev/documentation/webdriver/troubleshooting/errors#no-such-element-exception\nBuild info: version: '4.19.0', revision: '5f9cec8963'\nSystem info: os.name: 'Linux', os.arch: 'amd64', os.version: '6.8.0-1021-azure', java.version: '17.0.14'\nDriver info: driver.version: unknown","time":{"start":1741252103228,"stop":1741252131786,"duration":28558}},{"uid":"8cba89ba16536865","reportUrl":"https://circlek-global.github.io/gmbat-tests-eu-mobile-automation/1200//#testresult/8cba89ba16536865","status":"broken","statusDetails":"Element [AppiumBy.accessibilityId: payment-status] wasn't clickable after [15] seconds!\nException: org.openqa.selenium.TimeoutException: Expected condition failed: Element [AppiumBy.accessibilityId: payment-status] wasn't clickable after [15] seconds! (tried for 15 second(s) with 250 milliseconds interval)\nFor documentation on this error, please visit: https://www.selenium.dev/documentation/webdriver/troubleshooting/errors#no-such-element-exception\nBuild info: version: '4.19.0', revision: '5f9cec8963'\nSystem info: os.name: 'Linux', os.arch: 'amd64', os.version: '6.8.0-1021-azure', java.version: '17.0.14'\nDriver info: driver.version: unknown","time":{"start":1740135688523,"stop":1740135716390,"duration":27867}},{"uid":"578fc929cc5a0f68","reportUrl":"https://circlek-global.github.io/gmbat-tests-eu-mobile-automation/1193//#testresult/578fc929cc5a0f68","status":"broken","statusDetails":"Element [AppiumBy.accessibilityId: payment-status] wasn't clickable after [15] seconds!\nException: org.openqa.selenium.TimeoutException: Expected condition failed: Element [AppiumBy.accessibilityId: payment-status] wasn't clickable after [15] seconds! (tried for 15 second(s) with 250 milliseconds interval)\nFor documentation on this error, please visit: https://www.selenium.dev/documentation/webdriver/troubleshooting/errors#no-such-element-exception\nBuild info: version: '4.19.0', revision: '5f9cec8963'\nSystem info: os.name: 'Linux', os.arch: 'amd64', os.version: '6.8.0-1021-azure', java.version: '17.0.14'\nDriver info: driver.version: unknown","time":{"start":1740123422968,"stop":1740123459962,"duration":36994}},{"uid":"8ac8a13d54c22816","reportUrl":"https://circlek-global.github.io/gmbat-tests-eu-mobile-automation/1185//#testresult/8ac8a13d54c22816","status":"broken","statusDetails":"Element [AppiumBy.accessibilityId: payment-status] wasn't clickable after [15] seconds!\nException: org.openqa.selenium.TimeoutException: Expected condition failed: Element [AppiumBy.accessibilityId: payment-status] wasn't clickable after [15] seconds! (tried for 15 second(s) with 250 milliseconds interval)\nFor documentation on this error, please visit: https://www.selenium.dev/documentation/webdriver/troubleshooting/errors#no-such-element-exception\nBuild info: version: '4.19.0', revision: '5f9cec8963'\nSystem info: os.name: 'Linux', os.arch: 'amd64', os.version: '6.8.0-1021-azure', java.version: '17.0.14'\nDriver info: driver.version: unknown","time":{"start":1740037030786,"stop":1740037057872,"duration":27086}},{"uid":"c5c7d709ee58f72e","reportUrl":"https://circlek-global.github.io/gmbat-tests-eu-mobile-automation/1178//#testresult/c5c7d709ee58f72e","status":"passed","time":{"start":1739950593184,"stop":1739950655007,"duration":61823}}]},"tags":["Invoice"]},"source":"744f153cf2818d8f.json","parameterValues":["iPhone13"]}