{"uid":"a29550116e5d4347","name":"User Sign-in to IngoApp using Email and OTP","fullName":"testcases.OnboardingTests.ingoUserSignIntoAppUsingEmailAndOTP","historyId":"d73bd3534774152c5d744ca06b6b25f5","time":{"start":1743064009164,"stop":1743064149072,"duration":139908},"description":"User Sign-in to IngoApp using Email and OTP","descriptionHtml":"<p>User Sign-in to IngoApp using Email and OTP</p>\n","status":"broken","statusMessage":"Element [AppiumBy.accessibilityId: passcode] wasn't visible after [15] seconds!\nException: org.openqa.selenium.remote.UnreachableBrowserException: Error communicating with the remote browser. It may have died.\nBuild info: version: '4.19.0', revision: '5f9cec8963'\nSystem info: os.name: 'Linux', os.arch: 'amd64', os.version: '6.8.0-1021-azure', java.version: '17.0.14'\nDriver info: io.appium.java_client.ios.IOSDriver\nCommand: [c2d855c4-18f1-487f-b696-35042a1e2817, findElement [using, value]]\nCapabilities {appium:additionalWebviewBundleIds: [FY892D565K.FY892D565K*], appium:appiumData: {appiumVersion: latest, automationName: XCUITest}, appium:autoAcceptAlerts: true, appium:automationName: XCUITest, appium:bundleId: com.circlek.gmap.ingo.uat, appium:commandTimeouts: {default: 60000}, appium:databaseEnabled: false, appium:deviceContextId: 689c4536-f3b1-44e7-bed8-e52..., appium:deviceName: 00008120-001925A92E39A01E, appium:flutterSystemPort: 6304, appium:javascriptEnabled: true, appium:jobUuid: 015b6c2daa2a46ecb68ffa2ad5a..., appium:language: en, appium:locale: en_GB, appium:locationContextEnabled: false, appium:networkConnectionEnabled: false, appium:newCommandTimeout: 90, appium:noReset: true, appium:orientation: PORTRAIT, appium:platformVersion: 17.7, appium:processArguments: {args: [-AppleLanguages, (en-GB), -AppleLocale, en_GB, -NSLanguages, (en)], env: {}}, appium:takesScreenshot: true, appium:testobject_device: iPhone_15_17_real, appium:testobject_device_name: iPhone 15, appium:testobject_device_session_id: 2866968d-aaf1-44f0-92f5-919..., appium:testobject_test_report_api_url: https://api.eu-central-1.sa..., appium:testobject_test_report_url: https://app.eu-central-1.sa..., appium:testobject_user_id: TomaszPopiolek, appium:udid: 00008120-001925A92E39A01E, appium:usedCachedDevice: false, appium:webDriverAgentUrl: http://127.0.0.1:5704, appium:webStorageEnabled: false, platformName: IOS, sauce:options: {accessKey: 5d20ff7c-06ab-436b-8fe9-20d..., appLaunchStateTimeoutSec: 50, appiumVersion: latest, build: GMAP INGO | Thursday: 27-03..., cacheId: d53e5932-f52b-4acb-8f34-e79..., name: [GMAP][INGO] User Sign-in t..., realDevice: true, username: Kamil}}\nSession ID: c2d855c4-18f1-487f-b696-35042a1e2817\nFor documentation on this error, please visit: https://www.selenium.dev/documentation/webdriver/troubleshooting/errors#no-such-element-exception\nBuild info: version: '4.19.0', revision: '5f9cec8963'\nSystem info: os.name: 'Linux', os.arch: 'amd64', os.version: '6.8.0-1021-azure', java.version: '17.0.14'\nDriver info: driver.version: unknown","statusTrace":"org.openqa.selenium.NoSuchElementException: Element [AppiumBy.accessibilityId: passcode] wasn't visible after [15] seconds!\nException: org.openqa.selenium.remote.UnreachableBrowserException: Error communicating with the remote browser. It may have died.\nBuild info: version: '4.19.0', revision: '5f9cec8963'\nSystem info: os.name: 'Linux', os.arch: 'amd64', os.version: '6.8.0-1021-azure', java.version: '17.0.14'\nDriver info: io.appium.java_client.ios.IOSDriver\nCommand: [c2d855c4-18f1-487f-b696-35042a1e2817, findElement [using, value]]\nCapabilities {appium:additionalWebviewBundleIds: [FY892D565K.FY892D565K*], appium:appiumData: {appiumVersion: latest, automationName: XCUITest}, appium:autoAcceptAlerts: true, appium:automationName: XCUITest, appium:bundleId: com.circlek.gmap.ingo.uat, appium:commandTimeouts: {default: 60000}, appium:databaseEnabled: false, appium:deviceContextId: 689c4536-f3b1-44e7-bed8-e52..., appium:deviceName: 00008120-001925A92E39A01E, appium:flutterSystemPort: 6304, appium:javascriptEnabled: true, appium:jobUuid: 015b6c2daa2a46ecb68ffa2ad5a..., appium:language: en, appium:locale: en_GB, appium:locationContextEnabled: false, appium:networkConnectionEnabled: false, appium:newCommandTimeout: 90, appium:noReset: true, appium:orientation: PORTRAIT, appium:platformVersion: 17.7, appium:processArguments: {args: [-AppleLanguages, (en-GB), -AppleLocale, en_GB, -NSLanguages, (en)], env: {}}, appium:takesScreenshot: true, appium:testobject_device: iPhone_15_17_real, appium:testobject_device_name: iPhone 15, appium:testobject_device_session_id: 2866968d-aaf1-44f0-92f5-919..., appium:testobject_test_report_api_url: https://api.eu-central-1.sa..., appium:testobject_test_report_url: https://app.eu-central-1.sa..., appium:testobject_user_id: TomaszPopiolek, appium:udid: 00008120-001925A92E39A01E, appium:usedCachedDevice: false, appium:webDriverAgentUrl: http://127.0.0.1:5704, appium:webStorageEnabled: false, platformName: IOS, sauce:options: {accessKey: 5d20ff7c-06ab-436b-8fe9-20d..., appLaunchStateTimeoutSec: 50, appiumVersion: latest, build: GMAP INGO | Thursday: 27-03..., cacheId: d53e5932-f52b-4acb-8f34-e79..., name: [GMAP][INGO] User Sign-in t..., realDevice: true, username: Kamil}}\nSession ID: c2d855c4-18f1-487f-b696-35042a1e2817\nFor documentation on this error, please visit: https://www.selenium.dev/documentation/webdriver/troubleshooting/errors#no-such-element-exception\nBuild info: version: '4.19.0', revision: '5f9cec8963'\nSystem info: os.name: 'Linux', os.arch: 'amd64', os.version: '6.8.0-1021-azure', java.version: '17.0.14'\nDriver info: driver.version: unknown\n\tat com.gmap.core.common.handlers.WaitHandler.waitUntil(WaitHandler.java:163)\n\tat com.gmap.core.common.handlers.WaitHandler.waitForElementToBeVisible(WaitHandler.java:196)\n\tat com.gmap.core.common.handlers.ElementHandler.sendKeys(ElementHandler.java:84)\n\tat com.gmap.core.pages_common.onboarding.signin.OnboardingPasswordlessPage.enterTheOtpPasscodeInTheInput(OnboardingPasswordlessPage.java:97)\n\tat testcases.OnboardingTests.ingoUserSignIntoAppUsingEmailAndOTP(OnboardingTests.java:381)\n\tat java.base/jdk.internal.reflect.NativeMethodAccessorImpl.invoke0(Native Method)\n\tat java.base/jdk.internal.reflect.NativeMethodAccessorImpl.invoke(NativeMethodAccessorImpl.java:77)\n\tat java.base/jdk.internal.reflect.DelegatingMethodAccessorImpl.invoke(DelegatingMethodAccessorImpl.java:43)\n\tat java.base/java.lang.reflect.Method.invoke(Method.java:569)\n\tat org.testng.internal.invokers.MethodInvocationHelper.invokeMethod(MethodInvocationHelper.java:141)\n\tat org.testng.internal.invokers.MethodInvocationHelper$1.runTestMethod(MethodInvocationHelper.java:260)\n\tat settings.Hooks.run(Hooks.java:52)\n\tat org.testng.internal.invokers.MethodInvocationHelper.invokeHookable(MethodInvocationHelper.java:274)\n\tat org.testng.internal.invokers.TestInvoker.invokeMethod(TestInvoker.java:679)\n\tat org.testng.internal.invokers.TestInvoker.invokeTestMethod(TestInvoker.java:230)\n\tat org.testng.internal.invokers.MethodRunner.runInSequence(MethodRunner.java:63)\n\tat org.testng.internal.invokers.TestInvoker$MethodInvocationAgent.invoke(TestInvoker.java:995)\n\tat org.testng.internal.invokers.TestInvoker.invokeTestMethods(TestInvoker.java:203)\n\tat org.testng.internal.invokers.TestMethodWorker.invokeTestMethods(TestMethodWorker.java:154)\n\tat org.testng.internal.invokers.TestMethodWorker.run(TestMethodWorker.java:134)\n\tat java.base/java.util.ArrayList.forEach(ArrayList.java:1511)\n\tat org.testng.TestRunner.privateRun(TestRunner.java:741)\n\tat org.testng.TestRunner.run(TestRunner.java:616)\n\tat org.testng.SuiteRunner.runTest(SuiteRunner.java:421)\n\tat org.testng.SuiteRunner$SuiteWorker.run(SuiteRunner.java:463)\n\tat org.testng.internal.thread.ThreadUtil.lambda$execute$0(ThreadUtil.java:64)\n\tat java.base/java.util.concurrent.FutureTask.run(FutureTask.java:264)\n\tat java.base/java.util.concurrent.ThreadPoolExecutor.runWorker(ThreadPoolExecutor.java:1136)\n\tat java.base/java.util.concurrent.ThreadPoolExecutor$Worker.run(ThreadPoolExecutor.java:635)\n\tat java.base/java.lang.Thread.run(Thread.java:840)\n","flaky":false,"newFailed":false,"newBroken":false,"newPassed":false,"retriesCount":0,"retriesStatusChange":false,"beforeStages":[{"name":"Base Before Test","time":{"start":1743061907539,"stop":1743061907539,"duration":0},"description":"Base Before Test","status":"passed","steps":[],"attachments":[],"parameters":[],"shouldDisplayMessage":false,"stepsCount":0,"attachmentsCount":0,"hasContent":false,"attachmentStep":false},{"name":"springTestContextBeforeTestClass","time":{"start":1743061907541,"stop":1743061907541,"duration":0},"description":"","status":"passed","steps":[],"attachments":[],"parameters":[],"shouldDisplayMessage":false,"stepsCount":0,"attachmentsCount":0,"hasContent":false,"attachmentStep":false},{"name":"springTestContextPrepareTestInstance","time":{"start":1743061907541,"stop":1743061907547,"duration":6},"description":"","status":"passed","steps":[],"attachments":[],"parameters":[],"shouldDisplayMessage":false,"stepsCount":0,"attachmentsCount":0,"hasContent":false,"attachmentStep":false},{"name":"Base Before Class","time":{"start":1743061907548,"stop":1743061907548,"duration":0},"description":"Base Before Class","status":"passed","steps":[],"attachments":[],"parameters":[],"shouldDisplayMessage":false,"stepsCount":0,"attachmentsCount":0,"hasContent":false,"attachmentStep":false},{"name":"springTestContextBeforeTestMethod","time":{"start":1743063992731,"stop":1743063992731,"duration":0},"description":"","status":"passed","steps":[],"attachments":[],"parameters":[],"shouldDisplayMessage":false,"stepsCount":0,"attachmentsCount":0,"hasContent":false,"attachmentStep":false},{"name":"Base Before Test Method","time":{"start":1743063992732,"stop":1743064008297,"duration":15565},"description":"Base Before Test Method","status":"passed","steps":[],"attachments":[],"parameters":[],"shouldDisplayMessage":false,"stepsCount":0,"attachmentsCount":0,"hasContent":false,"attachmentStep":false},{"name":"initTestConfig","time":{"start":1743064008297,"stop":1743064008299,"duration":2},"description":"","status":"passed","steps":[],"attachments":[],"parameters":[],"shouldDisplayMessage":false,"stepsCount":0,"attachmentsCount":0,"hasContent":false,"attachmentStep":false}],"testStage":{"description":"User Sign-in to IngoApp using Email and OTP","status":"broken","statusMessage":"Element [AppiumBy.accessibilityId: passcode] wasn't visible after [15] seconds!\nException: org.openqa.selenium.remote.UnreachableBrowserException: Error communicating with the remote browser. It may have died.\nBuild info: version: '4.19.0', revision: '5f9cec8963'\nSystem info: os.name: 'Linux', os.arch: 'amd64', os.version: '6.8.0-1021-azure', java.version: '17.0.14'\nDriver info: io.appium.java_client.ios.IOSDriver\nCommand: [c2d855c4-18f1-487f-b696-35042a1e2817, findElement [using, value]]\nCapabilities {appium:additionalWebviewBundleIds: [FY892D565K.FY892D565K*], appium:appiumData: {appiumVersion: latest, automationName: XCUITest}, appium:autoAcceptAlerts: true, appium:automationName: XCUITest, appium:bundleId: com.circlek.gmap.ingo.uat, appium:commandTimeouts: {default: 60000}, appium:databaseEnabled: false, appium:deviceContextId: 689c4536-f3b1-44e7-bed8-e52..., appium:deviceName: 00008120-001925A92E39A01E, appium:flutterSystemPort: 6304, appium:javascriptEnabled: true, appium:jobUuid: 015b6c2daa2a46ecb68ffa2ad5a..., appium:language: en, appium:locale: en_GB, appium:locationContextEnabled: false, appium:networkConnectionEnabled: false, appium:newCommandTimeout: 90, appium:noReset: true, appium:orientation: PORTRAIT, appium:platformVersion: 17.7, appium:processArguments: {args: [-AppleLanguages, (en-GB), -AppleLocale, en_GB, -NSLanguages, (en)], env: {}}, appium:takesScreenshot: true, appium:testobject_device: iPhone_15_17_real, appium:testobject_device_name: iPhone 15, appium:testobject_device_session_id: 2866968d-aaf1-44f0-92f5-919..., appium:testobject_test_report_api_url: https://api.eu-central-1.sa..., appium:testobject_test_report_url: https://app.eu-central-1.sa..., appium:testobject_user_id: TomaszPopiolek, appium:udid: 00008120-001925A92E39A01E, appium:usedCachedDevice: false, appium:webDriverAgentUrl: http://127.0.0.1:5704, appium:webStorageEnabled: false, platformName: IOS, sauce:options: {accessKey: 5d20ff7c-06ab-436b-8fe9-20d..., appLaunchStateTimeoutSec: 50, appiumVersion: latest, build: GMAP INGO | Thursday: 27-03..., cacheId: d53e5932-f52b-4acb-8f34-e79..., name: [GMAP][INGO] User Sign-in t..., realDevice: true, username: Kamil}}\nSession ID: c2d855c4-18f1-487f-b696-35042a1e2817\nFor documentation on this error, please visit: https://www.selenium.dev/documentation/webdriver/troubleshooting/errors#no-such-element-exception\nBuild info: version: '4.19.0', revision: '5f9cec8963'\nSystem info: os.name: 'Linux', os.arch: 'amd64', os.version: '6.8.0-1021-azure', java.version: '17.0.14'\nDriver info: driver.version: unknown","statusTrace":"org.openqa.selenium.NoSuchElementException: Element [AppiumBy.accessibilityId: passcode] wasn't visible after [15] seconds!\nException: org.openqa.selenium.remote.UnreachableBrowserException: Error communicating with the remote browser. It may have died.\nBuild info: version: '4.19.0', revision: '5f9cec8963'\nSystem info: os.name: 'Linux', os.arch: 'amd64', os.version: '6.8.0-1021-azure', java.version: '17.0.14'\nDriver info: io.appium.java_client.ios.IOSDriver\nCommand: [c2d855c4-18f1-487f-b696-35042a1e2817, findElement [using, value]]\nCapabilities {appium:additionalWebviewBundleIds: [FY892D565K.FY892D565K*], appium:appiumData: {appiumVersion: latest, automationName: XCUITest}, appium:autoAcceptAlerts: true, appium:automationName: XCUITest, appium:bundleId: com.circlek.gmap.ingo.uat, appium:commandTimeouts: {default: 60000}, appium:databaseEnabled: false, appium:deviceContextId: 689c4536-f3b1-44e7-bed8-e52..., appium:deviceName: 00008120-001925A92E39A01E, appium:flutterSystemPort: 6304, appium:javascriptEnabled: true, appium:jobUuid: 015b6c2daa2a46ecb68ffa2ad5a..., appium:language: en, appium:locale: en_GB, appium:locationContextEnabled: false, appium:networkConnectionEnabled: false, appium:newCommandTimeout: 90, appium:noReset: true, appium:orientation: PORTRAIT, appium:platformVersion: 17.7, appium:processArguments: {args: [-AppleLanguages, (en-GB), -AppleLocale, en_GB, -NSLanguages, (en)], env: {}}, appium:takesScreenshot: true, appium:testobject_device: iPhone_15_17_real, appium:testobject_device_name: iPhone 15, appium:testobject_device_session_id: 2866968d-aaf1-44f0-92f5-919..., appium:testobject_test_report_api_url: https://api.eu-central-1.sa..., appium:testobject_test_report_url: https://app.eu-central-1.sa..., appium:testobject_user_id: TomaszPopiolek, appium:udid: 00008120-001925A92E39A01E, appium:usedCachedDevice: false, appium:webDriverAgentUrl: http://127.0.0.1:5704, appium:webStorageEnabled: false, platformName: IOS, sauce:options: {accessKey: 5d20ff7c-06ab-436b-8fe9-20d..., appLaunchStateTimeoutSec: 50, appiumVersion: latest, build: GMAP INGO | Thursday: 27-03..., cacheId: d53e5932-f52b-4acb-8f34-e79..., name: [GMAP][INGO] User Sign-in t..., realDevice: true, username: Kamil}}\nSession ID: c2d855c4-18f1-487f-b696-35042a1e2817\nFor documentation on this error, please visit: https://www.selenium.dev/documentation/webdriver/troubleshooting/errors#no-such-element-exception\nBuild info: version: '4.19.0', revision: '5f9cec8963'\nSystem info: os.name: 'Linux', os.arch: 'amd64', os.version: '6.8.0-1021-azure', java.version: '17.0.14'\nDriver info: driver.version: unknown\n\tat com.gmap.core.common.handlers.WaitHandler.waitUntil(WaitHandler.java:163)\n\tat com.gmap.core.common.handlers.WaitHandler.waitForElementToBeVisible(WaitHandler.java:196)\n\tat com.gmap.core.common.handlers.ElementHandler.sendKeys(ElementHandler.java:84)\n\tat com.gmap.core.pages_common.onboarding.signin.OnboardingPasswordlessPage.enterTheOtpPasscodeInTheInput(OnboardingPasswordlessPage.java:97)\n\tat testcases.OnboardingTests.ingoUserSignIntoAppUsingEmailAndOTP(OnboardingTests.java:381)\n\tat java.base/jdk.internal.reflect.NativeMethodAccessorImpl.invoke0(Native Method)\n\tat java.base/jdk.internal.reflect.NativeMethodAccessorImpl.invoke(NativeMethodAccessorImpl.java:77)\n\tat java.base/jdk.internal.reflect.DelegatingMethodAccessorImpl.invoke(DelegatingMethodAccessorImpl.java:43)\n\tat java.base/java.lang.reflect.Method.invoke(Method.java:569)\n\tat org.testng.internal.invokers.MethodInvocationHelper.invokeMethod(MethodInvocationHelper.java:141)\n\tat org.testng.internal.invokers.MethodInvocationHelper$1.runTestMethod(MethodInvocationHelper.java:260)\n\tat settings.Hooks.run(Hooks.java:52)\n\tat org.testng.internal.invokers.MethodInvocationHelper.invokeHookable(MethodInvocationHelper.java:274)\n\tat org.testng.internal.invokers.TestInvoker.invokeMethod(TestInvoker.java:679)\n\tat org.testng.internal.invokers.TestInvoker.invokeTestMethod(TestInvoker.java:230)\n\tat org.testng.internal.invokers.MethodRunner.runInSequence(MethodRunner.java:63)\n\tat org.testng.internal.invokers.TestInvoker$MethodInvocationAgent.invoke(TestInvoker.java:995)\n\tat org.testng.internal.invokers.TestInvoker.invokeTestMethods(TestInvoker.java:203)\n\tat org.testng.internal.invokers.TestMethodWorker.invokeTestMethods(TestMethodWorker.java:154)\n\tat org.testng.internal.invokers.TestMethodWorker.run(TestMethodWorker.java:134)\n\tat java.base/java.util.ArrayList.forEach(ArrayList.java:1511)\n\tat org.testng.TestRunner.privateRun(TestRunner.java:741)\n\tat org.testng.TestRunner.run(TestRunner.java:616)\n\tat org.testng.SuiteRunner.runTest(SuiteRunner.java:421)\n\tat org.testng.SuiteRunner$SuiteWorker.run(SuiteRunner.java:463)\n\tat org.testng.internal.thread.ThreadUtil.lambda$execute$0(ThreadUtil.java:64)\n\tat java.base/java.util.concurrent.FutureTask.run(FutureTask.java:264)\n\tat java.base/java.util.concurrent.ThreadPoolExecutor.runWorker(ThreadPoolExecutor.java:1136)\n\tat java.base/java.util.concurrent.ThreadPoolExecutor$Worker.run(ThreadPoolExecutor.java:635)\n\tat java.base/java.lang.Thread.run(Thread.java:840)\n","steps":[{"name":"I check that the \"Welcome Screen\" is displayed","time":{"start":1743064009164,"stop":1743064009973,"duration":809},"status":"passed","steps":[],"attachments":[],"parameters":[],"shouldDisplayMessage":false,"stepsCount":0,"attachmentsCount":0,"hasContent":false,"attachmentStep":false},{"name":"I click on \"GET STARTED\" button","time":{"start":1743064009973,"stop":1743064013850,"duration":3877},"status":"passed","steps":[],"attachments":[],"parameters":[],"shouldDisplayMessage":false,"stepsCount":0,"attachmentsCount":0,"hasContent":false,"attachmentStep":false},{"name":"I check that the \"Choose Data Preferences Screen\" is displayed","time":{"start":1743064013850,"stop":1743064014661,"duration":811},"status":"passed","steps":[],"attachments":[],"parameters":[],"shouldDisplayMessage":false,"stepsCount":0,"attachmentsCount":0,"hasContent":false,"attachmentStep":false},{"name":"I click on \"ALLOW ALL TRACKING\" button","time":{"start":1743064014661,"stop":1743064017321,"duration":2660},"status":"passed","steps":[],"attachments":[],"parameters":[],"shouldDisplayMessage":false,"stepsCount":0,"attachmentsCount":0,"hasContent":false,"attachmentStep":false},{"name":"I click on \"SIGN IN WITH EMAIL\" button","time":{"start":1743064017322,"stop":1743064021791,"duration":4469},"status":"passed","steps":[],"attachments":[],"parameters":[],"shouldDisplayMessage":false,"stepsCount":0,"attachmentsCount":0,"hasContent":false,"attachmentStep":false},{"name":"I click on \"EMAIL ADDRESS\" input","time":{"start":1743064021791,"stop":1743064025164,"duration":3373},"status":"passed","steps":[],"attachments":[],"parameters":[],"shouldDisplayMessage":false,"stepsCount":0,"attachmentsCount":0,"hasContent":false,"attachmentStep":false},{"name":"I enter the email address \"ingotestautomation@gmail.com\" in the input","time":{"start":1743064025164,"stop":1743064027694,"duration":2530},"status":"passed","steps":[],"attachments":[],"parameters":[{"name":"E-Mail:","value":"ingotestautomation@gmail.com"}],"shouldDisplayMessage":false,"stepsCount":0,"attachmentsCount":0,"hasContent":true,"attachmentStep":false},{"name":"I click on \"LET'S GO\" button","time":{"start":1743064027694,"stop":1743064035313,"duration":7619},"status":"passed","steps":[],"attachments":[],"parameters":[{"name":"wait","value":"true"}],"shouldDisplayMessage":false,"stepsCount":0,"attachmentsCount":0,"hasContent":true,"attachmentStep":false},{"name":"I check that the \"Choose Authentication Screen\" is displayed","time":{"start":1743064035313,"stop":1743064036247,"duration":934},"status":"passed","steps":[],"attachments":[],"parameters":[],"shouldDisplayMessage":false,"stepsCount":0,"attachmentsCount":0,"hasContent":false,"attachmentStep":false},{"name":"I click on \"SIGN IN WITH A OTP PASSCODE\" button","time":{"start":1743064036247,"stop":1743064039392,"duration":3145},"status":"passed","steps":[],"attachments":[],"parameters":[],"shouldDisplayMessage":false,"stepsCount":0,"attachmentsCount":0,"hasContent":false,"attachmentStep":false},{"name":"I check that the \"Onboarding Passwordless Screen\" is displayed","time":{"start":1743064039579,"stop":1743064041287,"duration":1708},"status":"passed","steps":[],"attachments":[],"parameters":[],"shouldDisplayMessage":false,"stepsCount":0,"attachmentsCount":0,"hasContent":false,"attachmentStep":false},{"name":"I wait for the OTP code to be sent to my mailbox","time":{"start":1743064041287,"stop":1743064148652,"duration":107365},"status":"passed","steps":[],"attachments":[],"parameters":[],"shouldDisplayMessage":false,"stepsCount":0,"attachmentsCount":0,"hasContent":false,"attachmentStep":false},{"name":"I enter the OTP code \"921394\" in the input","time":{"start":1743064148652,"stop":1743064148946,"duration":294},"status":"broken","statusMessage":"Element [AppiumBy.accessibilityId: passcode] wasn't visible after [15] seconds!\nException: org.openqa.selenium.remote.UnreachableBrowserException: Error communicating with the remote browser. It may have died.\nBuild info: version: '4.19.0', revision: '5f9cec8963'\nSystem info: os.name: 'Linux', os.arch: 'amd64', os.version: '6.8.0-1021-azure', java.version: '17.0.14'\nDriver info: io.appium.java_client.ios.IOSDriver\nCommand: [c2d855c4-18f1-487f-b696-35042a1e2817, findElement [using, value]]\nCapabilities {appium:additionalWebviewBundleIds: [FY892D565K.FY892D565K*], appium:appiumData: {appiumVersion: latest, automationName: XCUITest}, appium:autoAcceptAlerts: true, appium:automationName: XCUITest, appium:bundleId: com.circlek.gmap.ingo.uat, appium:commandTimeouts: {default: 60000}, appium:databaseEnabled: false, appium:deviceContextId: 689c4536-f3b1-44e7-bed8-e52..., appium:deviceName: 00008120-001925A92E39A01E, appium:flutterSystemPort: 6304, appium:javascriptEnabled: true, appium:jobUuid: 015b6c2daa2a46ecb68ffa2ad5a..., appium:language: en, appium:locale: en_GB, appium:locationContextEnabled: false, appium:networkConnectionEnabled: false, appium:newCommandTimeout: 90, appium:noReset: true, appium:orientation: PORTRAIT, appium:platformVersion: 17.7, appium:processArguments: {args: [-AppleLanguages, (en-GB), -AppleLocale, en_GB, -NSLanguages, (en)], env: {}}, appium:takesScreenshot: true, appium:testobject_device: iPhone_15_17_real, appium:testobject_device_name: iPhone 15, appium:testobject_device_session_id: 2866968d-aaf1-44f0-92f5-919..., appium:testobject_test_report_api_url: https://api.eu-central-1.sa..., appium:testobject_test_report_url: https://app.eu-central-1.sa..., appium:testobject_user_id: TomaszPopiolek, appium:udid: 00008120-001925A92E39A01E, appium:usedCachedDevice: false, appium:webDriverAgentUrl: http://127.0.0.1:5704, appium:webStorageEnabled: false, platformName: IOS, sauce:options: {accessKey: 5d20ff7c-06ab-436b-8fe9-20d..., appLaunchStateTimeoutSec: 50, appiumVersion: latest, build: GMAP INGO | Thursday: 27-03..., cacheId: d53e5932-f52b-4acb-8f34-e79..., name: [GMAP][INGO] User Sign-in t..., realDevice: true, username: Kamil}}\nSession ID: c2d855c4-18f1-487f-b696-35042a1e2817\nFor documentation on this error, please visit: https://www.selenium.dev/documentation/webdriver/troubleshooting/errors#no-such-element-exception\nBuild info: version: '4.19.0', revision: '5f9cec8963'\nSystem info: os.name: 'Linux', os.arch: 'amd64', os.version: '6.8.0-1021-azure', java.version: '17.0.14'\nDriver info: driver.version: unknown","statusTrace":"org.openqa.selenium.NoSuchElementException: Element [AppiumBy.accessibilityId: passcode] wasn't visible after [15] seconds!\nException: org.openqa.selenium.remote.UnreachableBrowserException: Error communicating with the remote browser. It may have died.\nBuild info: version: '4.19.0', revision: '5f9cec8963'\nSystem info: os.name: 'Linux', os.arch: 'amd64', os.version: '6.8.0-1021-azure', java.version: '17.0.14'\nDriver info: io.appium.java_client.ios.IOSDriver\nCommand: [c2d855c4-18f1-487f-b696-35042a1e2817, findElement [using, value]]\nCapabilities {appium:additionalWebviewBundleIds: [FY892D565K.FY892D565K*], appium:appiumData: {appiumVersion: latest, automationName: XCUITest}, appium:autoAcceptAlerts: true, appium:automationName: XCUITest, appium:bundleId: com.circlek.gmap.ingo.uat, appium:commandTimeouts: {default: 60000}, appium:databaseEnabled: false, appium:deviceContextId: 689c4536-f3b1-44e7-bed8-e52..., appium:deviceName: 00008120-001925A92E39A01E, appium:flutterSystemPort: 6304, appium:javascriptEnabled: true, appium:jobUuid: 015b6c2daa2a46ecb68ffa2ad5a..., appium:language: en, appium:locale: en_GB, appium:locationContextEnabled: false, appium:networkConnectionEnabled: false, appium:newCommandTimeout: 90, appium:noReset: true, appium:orientation: PORTRAIT, appium:platformVersion: 17.7, appium:processArguments: {args: [-AppleLanguages, (en-GB), -AppleLocale, en_GB, -NSLanguages, (en)], env: {}}, appium:takesScreenshot: true, appium:testobject_device: iPhone_15_17_real, appium:testobject_device_name: iPhone 15, appium:testobject_device_session_id: 2866968d-aaf1-44f0-92f5-919..., appium:testobject_test_report_api_url: https://api.eu-central-1.sa..., appium:testobject_test_report_url: https://app.eu-central-1.sa..., appium:testobject_user_id: TomaszPopiolek, appium:udid: 00008120-001925A92E39A01E, appium:usedCachedDevice: false, appium:webDriverAgentUrl: http://127.0.0.1:5704, appium:webStorageEnabled: false, platformName: IOS, sauce:options: {accessKey: 5d20ff7c-06ab-436b-8fe9-20d..., appLaunchStateTimeoutSec: 50, appiumVersion: latest, build: GMAP INGO | Thursday: 27-03..., cacheId: d53e5932-f52b-4acb-8f34-e79..., name: [GMAP][INGO] User Sign-in t..., realDevice: true, username: Kamil}}\nSession ID: c2d855c4-18f1-487f-b696-35042a1e2817\nFor documentation on this error, please visit: https://www.selenium.dev/documentation/webdriver/troubleshooting/errors#no-such-element-exception\nBuild info: version: '4.19.0', revision: '5f9cec8963'\nSystem info: os.name: 'Linux', os.arch: 'amd64', os.version: '6.8.0-1021-azure', java.version: '17.0.14'\nDriver info: driver.version: unknown\n\tat com.gmap.core.common.handlers.WaitHandler.waitUntil(WaitHandler.java:163)\n\tat com.gmap.core.common.handlers.WaitHandler.waitForElementToBeVisible(WaitHandler.java:196)\n\tat com.gmap.core.common.handlers.ElementHandler.sendKeys(ElementHandler.java:84)\n\tat com.gmap.core.pages_common.onboarding.signin.OnboardingPasswordlessPage.enterTheOtpPasscodeInTheInput(OnboardingPasswordlessPage.java:97)\n\tat testcases.OnboardingTests.ingoUserSignIntoAppUsingEmailAndOTP(OnboardingTests.java:381)\n\tat java.base/jdk.internal.reflect.NativeMethodAccessorImpl.invoke0(Native Method)\n\tat java.base/jdk.internal.reflect.NativeMethodAccessorImpl.invoke(NativeMethodAccessorImpl.java:77)\n\tat java.base/jdk.internal.reflect.DelegatingMethodAccessorImpl.invoke(DelegatingMethodAccessorImpl.java:43)\n\tat java.base/java.lang.reflect.Method.invoke(Method.java:569)\n\tat org.testng.internal.invokers.MethodInvocationHelper.invokeMethod(MethodInvocationHelper.java:141)\n\tat org.testng.internal.invokers.MethodInvocationHelper$1.runTestMethod(MethodInvocationHelper.java:260)\n\tat settings.Hooks.run(Hooks.java:52)\n\tat org.testng.internal.invokers.MethodInvocationHelper.invokeHookable(MethodInvocationHelper.java:274)\n\tat org.testng.internal.invokers.TestInvoker.invokeMethod(TestInvoker.java:679)\n\tat org.testng.internal.invokers.TestInvoker.invokeTestMethod(TestInvoker.java:230)\n\tat org.testng.internal.invokers.MethodRunner.runInSequence(MethodRunner.java:63)\n\tat org.testng.internal.invokers.TestInvoker$MethodInvocationAgent.invoke(TestInvoker.java:995)\n\tat org.testng.internal.invokers.TestInvoker.invokeTestMethods(TestInvoker.java:203)\n\tat org.testng.internal.invokers.TestMethodWorker.invokeTestMethods(TestMethodWorker.java:154)\n\tat org.testng.internal.invokers.TestMethodWorker.run(TestMethodWorker.java:134)\n\tat java.base/java.util.ArrayList.forEach(ArrayList.java:1511)\n\tat org.testng.TestRunner.privateRun(TestRunner.java:741)\n\tat org.testng.TestRunner.run(TestRunner.java:616)\n\tat org.testng.SuiteRunner.runTest(SuiteRunner.java:421)\n\tat org.testng.SuiteRunner$SuiteWorker.run(SuiteRunner.java:463)\n\tat org.testng.internal.thread.ThreadUtil.lambda$execute$0(ThreadUtil.java:64)\n\tat java.base/java.util.concurrent.FutureTask.run(FutureTask.java:264)\n\tat java.base/java.util.concurrent.ThreadPoolExecutor.runWorker(ThreadPoolExecutor.java:1136)\n\tat java.base/java.util.concurrent.ThreadPoolExecutor$Worker.run(ThreadPoolExecutor.java:635)\n\tat java.base/java.lang.Thread.run(Thread.java:840)\n","steps":[],"attachments":[],"parameters":[{"name":"OTP:","value":"921394"}],"shouldDisplayMessage":true,"stepsCount":0,"attachmentsCount":0,"hasContent":true,"attachmentStep":false}],"attachments":[],"parameters":[],"shouldDisplayMessage":false,"stepsCount":13,"attachmentsCount":0,"hasContent":true,"attachmentStep":false},"afterStages":[{"name":"Base After Test Method","time":{"start":1743064150614,"stop":1743064150614,"duration":0},"description":"Base After Test Method","status":"passed","steps":[],"attachments":[],"parameters":[],"shouldDisplayMessage":false,"stepsCount":0,"attachmentsCount":0,"hasContent":false,"attachmentStep":false},{"name":"springTestContextAfterTestMethod","time":{"start":1743064150615,"stop":1743064150615,"duration":0},"description":"","status":"passed","steps":[],"attachments":[],"parameters":[],"shouldDisplayMessage":false,"stepsCount":0,"attachmentsCount":0,"hasContent":false,"attachmentStep":false},{"name":"Base After Test","time":{"start":1743064150616,"stop":1743064150616,"duration":0},"description":"Base After Test","status":"passed","steps":[],"attachments":[],"parameters":[],"shouldDisplayMessage":false,"stepsCount":0,"attachmentsCount":0,"hasContent":false,"attachmentStep":false},{"name":"Base After Class","time":{"start":1743064150616,"stop":1743064150616,"duration":0},"description":"Base After Class","status":"passed","steps":[],"attachments":[],"parameters":[],"shouldDisplayMessage":false,"stepsCount":0,"attachmentsCount":0,"hasContent":false,"attachmentStep":false},{"name":"springTestContextAfterTestClass","time":{"start":1743064150616,"stop":1743064150616,"duration":0},"description":"","status":"passed","steps":[],"attachments":[],"parameters":[],"shouldDisplayMessage":false,"stepsCount":0,"attachmentsCount":0,"hasContent":false,"attachmentStep":false}],"labels":[{"name":"package","value":"testcases.OnboardingTests"},{"name":"testClass","value":"testcases.OnboardingTests"},{"name":"testMethod","value":"ingoUserSignIntoAppUsingEmailAndOTP"},{"name":"parentSuite","value":"GMAP INGO Mobile Test Automation - [IOS PARALLEL XML SUITE]"},{"name":"suite","value":"GMAP INGO Tests | Onboarding"},{"name":"subSuite","value":"testcases.OnboardingTests"},{"name":"host","value":"fv-az1319-830"},{"name":"thread","value":"1971@fv-az1319-830.TestNG-tests-3(24)"},{"name":"framework","value":"testng"},{"name":"language","value":"java"},{"name":"owner","value":"Shruti Ponkshe - [shruti.ponkshe@circlekeurope.com]"},{"name":"tag","value":"OTP"},{"name":"tag","value":"Onboarding"},{"name":"tag","value":"Sign In"},{"name":"feature","value":"[INGO] Sign In Test"},{"name":"story","value":"[GMAP][INGO] Sign with Email and OTP"},{"name":"epic","value":"[INGO][GMAP] ONBOARDING"},{"name":"severity","value":"critical"},{"name":"resultFormat","value":"allure2"}],"parameters":[{"name":"arg0","value":"{PHONE_COUNTRY=Denmark, FIRST_NAME=John, BUSINESS_UNIT=SE, PASSWORD=#Test123, LAST_NAME=ingotest, EMAIL=ingotestautomation@gmail.com, PHONE_COUNTRY_PREFIX=+45, PHONE_NUMBER=93708295}"},{"name":"deviceConfig","value":"iPhone15"}],"links":[{"name":"N/A","url":"https://circlek.atlassian.net/browse/N/A","type":"issue"},{"name":"NGRPRG-30219","url":"https://circlek.atlassian.net/browse/NGRPRG-30219","type":"tms"}],"hidden":false,"retry":false,"extra":{"severity":"critical","owner":"Shruti Ponkshe - [shruti.ponkshe@circlekeurope.com]","retries":[],"categories":[{"name":"Test defects","matchedStatuses":[],"flaky":false}],"tags":["Sign In","OTP","Onboarding"]},"source":"a29550116e5d4347.json","parameterValues":["{PHONE_COUNTRY=Denmark, FIRST_NAME=John, BUSINESS_UNIT=SE, PASSWORD=#Test123, LAST_NAME=ingotest, EMAIL=ingotestautomation@gmail.com, PHONE_COUNTRY_PREFIX=+45, PHONE_NUMBER=93708295}","iPhone15"]}