{"uid":"c74d70d1d9c55414","name":"User tries to download the Invoices in Account Section","fullName":"testcases.InvoiceTest.downloadInvoices","historyId":"270281440aa766adfe115a3b7779939f","time":{"start":1743060998578,"stop":1743061018434,"duration":19856},"description":"User previews invoice menu without transactions","descriptionHtml":"<p>User previews invoice menu without transactions</p>\n","status":"passed","flaky":false,"newFailed":false,"newBroken":false,"newPassed":true,"retriesCount":0,"retriesStatusChange":false,"beforeStages":[{"name":"Base Before Test","time":{"start":1743060766512,"stop":1743060766512,"duration":0},"description":"Base Before Test","status":"passed","steps":[],"attachments":[],"parameters":[],"shouldDisplayMessage":false,"stepsCount":0,"attachmentsCount":0,"hasContent":false,"attachmentStep":false},{"name":"springTestContextBeforeTestClass","time":{"start":1743060766668,"stop":1743060767793,"duration":1125},"description":"","status":"passed","steps":[],"attachments":[],"parameters":[],"shouldDisplayMessage":false,"stepsCount":0,"attachmentsCount":0,"hasContent":false,"attachmentStep":false},{"name":"springTestContextPrepareTestInstance","time":{"start":1743060767794,"stop":1743060767807,"duration":13},"description":"","status":"passed","steps":[],"attachments":[],"parameters":[],"shouldDisplayMessage":false,"stepsCount":0,"attachmentsCount":0,"hasContent":false,"attachmentStep":false},{"name":"Base Before Class","time":{"start":1743060767815,"stop":1743060775282,"duration":7467},"description":"Base Before Class","status":"passed","steps":[],"attachments":[],"parameters":[],"shouldDisplayMessage":false,"stepsCount":0,"attachmentsCount":0,"hasContent":false,"attachmentStep":false},{"name":"springTestContextBeforeTestMethod","time":{"start":1743060987255,"stop":1743060987256,"duration":1},"description":"","status":"passed","steps":[],"attachments":[],"parameters":[],"shouldDisplayMessage":false,"stepsCount":0,"attachmentsCount":0,"hasContent":false,"attachmentStep":false},{"name":"Base Before Test Method","time":{"start":1743060987256,"stop":1743060997723,"duration":10467},"description":"Base Before Test Method","status":"passed","steps":[],"attachments":[],"parameters":[],"shouldDisplayMessage":false,"stepsCount":0,"attachmentsCount":0,"hasContent":false,"attachmentStep":false},{"name":"initTestConfig","time":{"start":1743060997724,"stop":1743060997727,"duration":3},"description":"","status":"passed","steps":[],"attachments":[],"parameters":[],"shouldDisplayMessage":false,"stepsCount":0,"attachmentsCount":0,"hasContent":false,"attachmentStep":false}],"testStage":{"description":"User previews invoice menu without transactions","status":"passed","steps":[{"name":"I click on \"ACCOUNT\" button","time":{"start":1743060998578,"stop":1743061001993,"duration":3415},"status":"passed","steps":[],"attachments":[],"parameters":[],"shouldDisplayMessage":false,"stepsCount":0,"attachmentsCount":0,"hasContent":false,"attachmentStep":false},{"name":"I click on \"INVOICES\" tab","time":{"start":1743061001994,"stop":1743061005587,"duration":3593},"status":"passed","steps":[],"attachments":[],"parameters":[],"shouldDisplayMessage":false,"stepsCount":0,"attachmentsCount":0,"hasContent":false,"attachmentStep":false},{"name":"I get the text from the \"INVOICE\" header","time":{"start":1743061005587,"stop":1743061013869,"duration":8282},"status":"passed","steps":[],"attachments":[],"parameters":[],"shouldDisplayMessage":false,"stepsCount":0,"attachmentsCount":0,"hasContent":false,"attachmentStep":false},{"name":"I check that the application text: \"Invoices\" is equals to expected value: \"Invoices\"","time":{"start":1743061013869,"stop":1743061013869,"duration":0},"status":"passed","steps":[],"attachments":[],"parameters":[{"name":"Actual:","value":"Invoices"},{"name":"Expected:","value":"Invoices"}],"shouldDisplayMessage":false,"stepsCount":0,"attachmentsCount":0,"hasContent":true,"attachmentStep":false},{"name":"I click on first \"INVOICE\" ","time":{"start":1743061013869,"stop":1743061015687,"duration":1818},"status":"passed","steps":[],"attachments":[],"parameters":[],"shouldDisplayMessage":false,"stepsCount":0,"attachmentsCount":0,"hasContent":false,"attachmentStep":false},{"name":"I verify the \"INVOICE DOWNLOAD\" popup","time":{"start":1743061015688,"stop":1743061017575,"duration":1887},"status":"passed","steps":[],"attachments":[],"parameters":[],"shouldDisplayMessage":false,"stepsCount":0,"attachmentsCount":0,"hasContent":false,"attachmentStep":false},{"name":"I verify the \"DOWNLOAD\" CTA ","time":{"start":1743061017576,"stop":1743061018434,"duration":858},"status":"passed","steps":[],"attachments":[],"parameters":[],"shouldDisplayMessage":false,"stepsCount":0,"attachmentsCount":0,"hasContent":false,"attachmentStep":false}],"attachments":[],"parameters":[],"shouldDisplayMessage":false,"stepsCount":7,"attachmentsCount":0,"hasContent":true,"attachmentStep":false},"afterStages":[{"name":"Base After Test Method","time":{"start":1743061021696,"stop":1743061021696,"duration":0},"description":"Base After Test Method","status":"passed","steps":[],"attachments":[],"parameters":[],"shouldDisplayMessage":false,"stepsCount":0,"attachmentsCount":0,"hasContent":false,"attachmentStep":false},{"name":"springTestContextAfterTestMethod","time":{"start":1743061021697,"stop":1743061021697,"duration":0},"description":"","status":"passed","steps":[],"attachments":[],"parameters":[],"shouldDisplayMessage":false,"stepsCount":0,"attachmentsCount":0,"hasContent":false,"attachmentStep":false},{"name":"Base After Class","time":{"start":1743061256142,"stop":1743061256142,"duration":0},"description":"Base After Class","status":"passed","steps":[],"attachments":[],"parameters":[],"shouldDisplayMessage":false,"stepsCount":0,"attachmentsCount":0,"hasContent":false,"attachmentStep":false},{"name":"springTestContextAfterTestClass","time":{"start":1743061256142,"stop":1743061256142,"duration":0},"description":"","status":"passed","steps":[],"attachments":[],"parameters":[],"shouldDisplayMessage":false,"stepsCount":0,"attachmentsCount":0,"hasContent":false,"attachmentStep":false},{"name":"Base After Test","time":{"start":1743061256143,"stop":1743061256143,"duration":0},"description":"Base After Test","status":"passed","steps":[],"attachments":[],"parameters":[],"shouldDisplayMessage":false,"stepsCount":0,"attachmentsCount":0,"hasContent":false,"attachmentStep":false}],"labels":[{"name":"package","value":"testcases.InvoiceTest"},{"name":"testClass","value":"testcases.InvoiceTest"},{"name":"testMethod","value":"downloadInvoices"},{"name":"parentSuite","value":"GMAP INGO Mobile Test Automation - [IOS PARALLEL XML SUITE]"},{"name":"suite","value":"GMAP INGO Tests | Invoices"},{"name":"subSuite","value":"testcases.InvoiceTest"},{"name":"host","value":"fv-az1319-830"},{"name":"thread","value":"1971@fv-az1319-830.TestNG-tests-4(25)"},{"name":"framework","value":"testng"},{"name":"language","value":"java"},{"name":"feature","value":"[GMAP] Account Invoice"},{"name":"tag","value":"Invoice"},{"name":"story","value":"[INGO][GMAP] Invoice List Screen"},{"name":"owner","value":"Sriparna - [sriparna.dey@circlekeurope.com]"},{"name":"epic","value":"[INGO][GMAP] Invoices"},{"name":"severity","value":"normal"},{"name":"resultFormat","value":"allure2"}],"parameters":[{"name":"deviceConfig","value":"iPhone13"}],"links":[{"name":"N/A","url":"https://circlek.atlassian.net/browse/N/A","type":"issue"},{"name":"NGRPRG-25328","url":"https://circlek.atlassian.net/browse/NGRPRG-25328","type":"tms"}],"hidden":false,"retry":false,"extra":{"severity":"normal","owner":"Sriparna - [sriparna.dey@circlekeurope.com]","retries":[],"categories":[],"history":{"statistic":{"failed":0,"broken":95,"skipped":0,"passed":30,"unknown":0,"total":125},"items":[{"uid":"5979dcaca7cda33e","reportUrl":"https://circlek-global.github.io/gmbat-tests-eu-mobile-automation/1551//#testresult/5979dcaca7cda33e","status":"broken","statusDetails":"Element [AppiumBy.accessibilityId: account.tab-bar] wasn't clickable after [15] seconds!\nException: org.openqa.selenium.TimeoutException: Expected condition failed: Element [AppiumBy.accessibilityId: account.tab-bar] wasn't clickable after [15] seconds! (tried for 15 second(s) with 250 milliseconds interval)\nFor documentation on this error, please visit: https://www.selenium.dev/documentation/webdriver/troubleshooting/errors#no-such-element-exception\nBuild info: version: '4.19.0', revision: '5f9cec8963'\nSystem info: os.name: 'Linux', os.arch: 'amd64', os.version: '6.8.0-1021-azure', java.version: '17.0.14'\nDriver info: driver.version: unknown","time":{"start":1743023319563,"stop":1743023338449,"duration":18886}},{"uid":"dc0fde30c04f2b1a","reportUrl":"https://circlek-global.github.io/gmbat-tests-eu-mobile-automation/1542//#testresult/dc0fde30c04f2b1a","status":"passed","time":{"start":1742974606715,"stop":1742974623617,"duration":16902}},{"uid":"43d0f617632bfa4d","reportUrl":"https://circlek-global.github.io/gmbat-tests-eu-mobile-automation/1535//#testresult/43d0f617632bfa4d","status":"broken","statusDetails":"Element [AppiumBy.accessibilityId: account.tab-bar] wasn't clickable after [15] seconds!\nException: org.openqa.selenium.TimeoutException: Expected condition failed: Element [AppiumBy.accessibilityId: account.tab-bar] wasn't clickable after [15] seconds! (tried for 15 second(s) with 250 milliseconds interval)\nFor documentation on this error, please visit: https://www.selenium.dev/documentation/webdriver/troubleshooting/errors#no-such-element-exception\nBuild info: version: '4.19.0', revision: '5f9cec8963'\nSystem info: os.name: 'Linux', os.arch: 'amd64', os.version: '6.8.0-1021-azure', java.version: '17.0.14'\nDriver info: driver.version: unknown","time":{"start":1742936886524,"stop":1742936904159,"duration":17635}},{"uid":"f4fa814df019bdb6","reportUrl":"https://circlek-global.github.io/gmbat-tests-eu-mobile-automation/1530//#testresult/f4fa814df019bdb6","status":"passed","time":{"start":1742910865968,"stop":1742910891366,"duration":25398}},{"uid":"91b5bd4fff28c394","reportUrl":"https://circlek-global.github.io/gmbat-tests-eu-mobile-automation/1521//#testresult/91b5bd4fff28c394","status":"broken","statusDetails":"Element [AppiumBy.accessibilityId: account.tab-bar] wasn't clickable after [15] seconds!\nException: org.openqa.selenium.TimeoutException: Expected condition failed: Element [AppiumBy.accessibilityId: account.tab-bar] wasn't clickable after [15] seconds! (tried for 15 second(s) with 250 milliseconds interval)\nFor documentation on this error, please visit: https://www.selenium.dev/documentation/webdriver/troubleshooting/errors#no-such-element-exception\nBuild info: version: '4.19.0', revision: '5f9cec8963'\nSystem info: os.name: 'Linux', os.arch: 'amd64', os.version: '6.8.0-1021-azure', java.version: '17.0.14'\nDriver info: driver.version: unknown","time":{"start":1742888130592,"stop":1742888147944,"duration":17352}},{"uid":"88f018291af1fe26","reportUrl":"https://circlek-global.github.io/gmbat-tests-eu-mobile-automation/1515//#testresult/88f018291af1fe26","status":"broken","statusDetails":"Element [AppiumBy.accessibilityId: account.tab-bar] wasn't clickable after [15] seconds!\nException: org.openqa.selenium.TimeoutException: Expected condition failed: Element [AppiumBy.accessibilityId: account.tab-bar] wasn't clickable after [15] seconds! (tried for 15 second(s) with 250 milliseconds interval)\nFor documentation on this error, please visit: https://www.selenium.dev/documentation/webdriver/troubleshooting/errors#no-such-element-exception\nBuild info: version: '4.19.0', revision: '5f9cec8963'\nSystem info: os.name: 'Linux', os.arch: 'amd64', os.version: '6.8.0-1021-azure', java.version: '17.0.14'\nDriver info: driver.version: unknown","time":{"start":1742850554224,"stop":1742850571690,"duration":17466}},{"uid":"90f04643e4134302","reportUrl":"https://circlek-global.github.io/gmbat-tests-eu-mobile-automation/1508//#testresult/90f04643e4134302","status":"passed","time":{"start":1742801855970,"stop":1742801874288,"duration":18318}},{"uid":"c0035dde58f5ccbb","reportUrl":"https://circlek-global.github.io/gmbat-tests-eu-mobile-automation/1494//#testresult/c0035dde58f5ccbb","status":"passed","time":{"start":1742542588904,"stop":1742542608545,"duration":19641}},{"uid":"c9d25a18cb29405b","reportUrl":"https://circlek-global.github.io/gmbat-tests-eu-mobile-automation/1488//#testresult/c9d25a18cb29405b","status":"broken","statusDetails":"Element [AppiumBy.accessibilityId: account.tab-bar] wasn't clickable after [15] seconds!\nException: org.openqa.selenium.TimeoutException: Expected condition failed: Element [AppiumBy.accessibilityId: account.tab-bar] wasn't clickable after [15] seconds! (tried for 15 second(s) with 250 milliseconds interval)\nFor documentation on this error, please visit: https://www.selenium.dev/documentation/webdriver/troubleshooting/errors#no-such-element-exception\nBuild info: version: '4.19.0', revision: '5f9cec8963'\nSystem info: os.name: 'Linux', os.arch: 'amd64', os.version: '6.8.0-1021-azure', java.version: '17.0.14'\nDriver info: driver.version: unknown","time":{"start":1742504861658,"stop":1742504879921,"duration":18263}},{"uid":"aad2ef91cd9a0a02","reportUrl":"https://circlek-global.github.io/gmbat-tests-eu-mobile-automation/1480//#testresult/aad2ef91cd9a0a02","status":"passed","time":{"start":1742456265395,"stop":1742456283202,"duration":17807}},{"uid":"88c24625f5c6119d","reportUrl":"https://circlek-global.github.io/gmbat-tests-eu-mobile-automation/1474//#testresult/88c24625f5c6119d","status":"broken","statusDetails":"Element [AppiumBy.accessibilityId: account.tab-bar] wasn't clickable after [15] seconds!\nException: org.openqa.selenium.TimeoutException: Expected condition failed: Element [AppiumBy.accessibilityId: account.tab-bar] wasn't clickable after [15] seconds! (tried for 15 second(s) with 250 milliseconds interval)\nFor documentation on this error, please visit: https://www.selenium.dev/documentation/webdriver/troubleshooting/errors#no-such-element-exception\nBuild info: version: '4.19.0', revision: '5f9cec8963'\nSystem info: os.name: 'Linux', os.arch: 'amd64', os.version: '6.8.0-1021-azure', java.version: '17.0.14'\nDriver info: driver.version: unknown","time":{"start":1742418496364,"stop":1742418513725,"duration":17361}},{"uid":"d420a68acf914dbc","reportUrl":"https://circlek-global.github.io/gmbat-tests-eu-mobile-automation/1465//#testresult/d420a68acf914dbc","status":"broken","statusDetails":"Element [AppiumBy.accessibilityId: account.tab-bar] wasn't clickable after [15] seconds!\nException: org.openqa.selenium.TimeoutException: Expected condition failed: Element [AppiumBy.accessibilityId: account.tab-bar] wasn't clickable after [15] seconds! (tried for 15 second(s) with 250 milliseconds interval)\nFor documentation on this error, please visit: https://www.selenium.dev/documentation/webdriver/troubleshooting/errors#no-such-element-exception\nBuild info: version: '4.19.0', revision: '5f9cec8963'\nSystem info: os.name: 'Linux', os.arch: 'amd64', os.version: '6.8.0-1021-azure', java.version: '17.0.14'\nDriver info: driver.version: unknown","time":{"start":1742369763131,"stop":1742369781009,"duration":17878}},{"uid":"57cdc9bd3e56ea2d","reportUrl":"https://circlek-global.github.io/gmbat-tests-eu-mobile-automation/1459//#testresult/57cdc9bd3e56ea2d","status":"broken","statusDetails":"Element [AppiumBy.accessibilityId: account.tab-bar] wasn't clickable after [15] seconds!\nException: org.openqa.selenium.TimeoutException: Expected condition failed: Element [AppiumBy.accessibilityId: account.tab-bar] wasn't clickable after [15] seconds! (tried for 15 second(s) with 250 milliseconds interval)\nFor documentation on this error, please visit: https://www.selenium.dev/documentation/webdriver/troubleshooting/errors#no-such-element-exception\nBuild info: version: '4.19.0', revision: '5f9cec8963'\nSystem info: os.name: 'Linux', os.arch: 'amd64', os.version: '6.8.0-1021-azure', java.version: '17.0.14'\nDriver info: driver.version: unknown","time":{"start":1742332094548,"stop":1742332112413,"duration":17865}},{"uid":"7861513411a1b98c","reportUrl":"https://circlek-global.github.io/gmbat-tests-eu-mobile-automation/1453//#testresult/7861513411a1b98c","status":"passed","time":{"start":1742283444630,"stop":1742283463596,"duration":18966}},{"uid":"1c474b36ba8f21c8","reportUrl":"https://circlek-global.github.io/gmbat-tests-eu-mobile-automation/1447//#testresult/1c474b36ba8f21c8","status":"broken","statusDetails":"Element [AppiumBy.accessibilityId: account.tab-bar] wasn't clickable after [15] seconds!\nException: org.openqa.selenium.TimeoutException: Expected condition failed: Element [AppiumBy.accessibilityId: account.tab-bar] wasn't clickable after [15] seconds! (tried for 15 second(s) with 250 milliseconds interval)\nFor documentation on this error, please visit: https://www.selenium.dev/documentation/webdriver/troubleshooting/errors#no-such-element-exception\nBuild info: version: '4.19.0', revision: '5f9cec8963'\nSystem info: os.name: 'Linux', os.arch: 'amd64', os.version: '6.8.0-1021-azure', java.version: '17.0.14'\nDriver info: driver.version: unknown","time":{"start":1742245741413,"stop":1742245760517,"duration":19104}},{"uid":"29c49e9dc47ecfdd","reportUrl":"https://circlek-global.github.io/gmbat-tests-eu-mobile-automation/1437//#testresult/29c49e9dc47ecfdd","status":"passed","time":{"start":1742197042273,"stop":1742197062842,"duration":20569}},{"uid":"e70ee4da9a365e14","reportUrl":"https://circlek-global.github.io/gmbat-tests-eu-mobile-automation/1429//#testresult/e70ee4da9a365e14","status":"broken","statusDetails":"Element [AppiumBy.accessibilityId: account.tab-bar] wasn't clickable after [15] seconds!\nException: org.openqa.selenium.TimeoutException: Expected condition failed: Element [AppiumBy.accessibilityId: account.tab-bar] wasn't clickable after [15] seconds! (tried for 15 second(s) with 250 milliseconds interval)\nFor documentation on this error, please visit: https://www.selenium.dev/documentation/webdriver/troubleshooting/errors#no-such-element-exception\nBuild info: version: '4.19.0', revision: '5f9cec8963'\nSystem info: os.name: 'Linux', os.arch: 'amd64', os.version: '6.8.0-1021-azure', java.version: '17.0.14'\nDriver info: driver.version: unknown","time":{"start":1741986477675,"stop":1741986494838,"duration":17163}},{"uid":"5868629c357e9305","reportUrl":"https://circlek-global.github.io/gmbat-tests-eu-mobile-automation/1421//#testresult/5868629c357e9305","status":"passed","time":{"start":1741937826864,"stop":1741937855115,"duration":28251}},{"uid":"7b6e15726ef62784","reportUrl":"https://circlek-global.github.io/gmbat-tests-eu-mobile-automation/1415//#testresult/7b6e15726ef62784","status":"broken","statusDetails":"Element [AppiumBy.accessibilityId: account.tab-bar] wasn't clickable after [15] seconds!\nException: org.openqa.selenium.TimeoutException: Expected condition failed: Element [AppiumBy.accessibilityId: account.tab-bar] wasn't clickable after [15] seconds! (tried for 15 second(s) with 250 milliseconds interval)\nFor documentation on this error, please visit: https://www.selenium.dev/documentation/webdriver/troubleshooting/errors#no-such-element-exception\nBuild info: version: '4.19.0', revision: '5f9cec8963'\nSystem info: os.name: 'Linux', os.arch: 'amd64', os.version: '6.8.0-1021-azure', java.version: '17.0.14'\nDriver info: driver.version: unknown","time":{"start":1741900096754,"stop":1741900115618,"duration":18864}},{"uid":"e6841f195db304f5","reportUrl":"https://circlek-global.github.io/gmbat-tests-eu-mobile-automation/1406//#testresult/e6841f195db304f5","status":"passed","time":{"start":1741851375736,"stop":1741851392671,"duration":16935}}]},"tags":["Invoice"]},"source":"c74d70d1d9c55414.json","parameterValues":["iPhone13"]}