{"uid":"27a21266d84c24fb","name":"Onboarding Rewards for New IC Member - Persistence","fullName":"testcases.OnboardingRewardsTest.userVerifyOnboardingRewardsForNewICMemberPersistence","historyId":"765ee43e0cb2aa3c5343ea1a26989620","time":{"start":1743137247393,"stop":1743137406738,"duration":159345},"description":"Onboarding Rewards for New IC Member","descriptionHtml":"<p>Onboarding Rewards for New IC Member</p>\n","status":"broken","statusMessage":"Element [By.xpath: //android.widget.ScrollView[@resource-id=\"search-results-flat-list\"]//android.view.ViewGroup[2]] wasn't visible after [30] seconds!\nException: org.openqa.selenium.TimeoutException: Expected condition failed: Element [By.xpath: //android.widget.ScrollView[@resource-id=\"search-results-flat-list\"]//android.view.ViewGroup[2]] wasn't visible after [30] seconds! (tried for 30 second(s) with 250 milliseconds interval)\nFor documentation on this error, please visit: https://www.selenium.dev/documentation/webdriver/troubleshooting/errors#no-such-element-exception\nBuild info: version: '4.19.0', revision: '5f9cec8963'\nSystem info: os.name: 'Linux', os.arch: 'amd64', os.version: '6.8.0-1021-azure', java.version: '17.0.14'\nDriver info: driver.version: unknown","statusTrace":"org.openqa.selenium.NoSuchElementException: Element [By.xpath: //android.widget.ScrollView[@resource-id=\"search-results-flat-list\"]//android.view.ViewGroup[2]] wasn't visible after [30] seconds!\nException: org.openqa.selenium.TimeoutException: Expected condition failed: Element [By.xpath: //android.widget.ScrollView[@resource-id=\"search-results-flat-list\"]//android.view.ViewGroup[2]] wasn't visible after [30] seconds! (tried for 30 second(s) with 250 milliseconds interval)\nFor documentation on this error, please visit: https://www.selenium.dev/documentation/webdriver/troubleshooting/errors#no-such-element-exception\nBuild info: version: '4.19.0', revision: '5f9cec8963'\nSystem info: os.name: 'Linux', os.arch: 'amd64', os.version: '6.8.0-1021-azure', java.version: '17.0.14'\nDriver info: driver.version: unknown\n\tat com.gmap.core.common.handlers.WaitHandler.waitUntil(WaitHandler.java:163)\n\tat com.gmap.core.common.handlers.WaitHandler.waitForElementToBeVisible(WaitHandler.java:196)\n\tat com.gmap.core.pages_common.stores.SearchResultsPage.checkThatTheSearchResultsScreenIsDisplayed(SearchResultsPage.java:62)\n\tat steps.CommonSteps.searchAndSetStation(CommonSteps.java:61)\n\tat testcases.OnboardingRewardsTest.userVerifyOnboardingRewardsForNewICMemberPersistence(OnboardingRewardsTest.java:154)\n\tat java.base/jdk.internal.reflect.NativeMethodAccessorImpl.invoke0(Native Method)\n\tat java.base/jdk.internal.reflect.NativeMethodAccessorImpl.invoke(NativeMethodAccessorImpl.java:77)\n\tat java.base/jdk.internal.reflect.DelegatingMethodAccessorImpl.invoke(DelegatingMethodAccessorImpl.java:43)\n\tat java.base/java.lang.reflect.Method.invoke(Method.java:569)\n\tat org.testng.internal.invokers.MethodInvocationHelper.invokeMethod(MethodInvocationHelper.java:141)\n\tat org.testng.internal.invokers.MethodInvocationHelper$1.runTestMethod(MethodInvocationHelper.java:260)\n\tat org.springframework.test.context.testng.AbstractTestNGSpringContextTests.run(AbstractTestNGSpringContextTests.java:154)\n\tat org.testng.internal.invokers.MethodInvocationHelper.invokeHookable(MethodInvocationHelper.java:274)\n\tat org.testng.internal.invokers.TestInvoker.invokeMethod(TestInvoker.java:679)\n\tat org.testng.internal.invokers.TestInvoker.invokeTestMethod(TestInvoker.java:230)\n\tat org.testng.internal.invokers.MethodRunner.runInSequence(MethodRunner.java:63)\n\tat org.testng.internal.invokers.TestInvoker$MethodInvocationAgent.invoke(TestInvoker.java:995)\n\tat org.testng.internal.invokers.TestInvoker.invokeTestMethods(TestInvoker.java:203)\n\tat org.testng.internal.invokers.TestMethodWorker.invokeTestMethods(TestMethodWorker.java:154)\n\tat org.testng.internal.invokers.TestMethodWorker.run(TestMethodWorker.java:134)\n\tat java.base/java.util.ArrayList.forEach(ArrayList.java:1511)\n\tat org.testng.TestRunner.privateRun(TestRunner.java:741)\n\tat org.testng.TestRunner.run(TestRunner.java:616)\n\tat org.testng.SuiteRunner.runTest(SuiteRunner.java:421)\n\tat org.testng.SuiteRunner$SuiteWorker.run(SuiteRunner.java:463)\n\tat org.testng.internal.thread.ThreadUtil.lambda$execute$0(ThreadUtil.java:64)\n\tat java.base/java.util.concurrent.FutureTask.run(FutureTask.java:264)\n\tat java.base/java.util.concurrent.ThreadPoolExecutor.runWorker(ThreadPoolExecutor.java:1136)\n\tat java.base/java.util.concurrent.ThreadPoolExecutor$Worker.run(ThreadPoolExecutor.java:635)\n\tat java.base/java.lang.Thread.run(Thread.java:840)\n","flaky":false,"newFailed":false,"newBroken":true,"newPassed":false,"retriesCount":0,"retriesStatusChange":false,"beforeStages":[{"name":"Base Before Test","time":{"start":1743137212622,"stop":1743137212622,"duration":0},"description":"Base Before Test","status":"passed","steps":[],"attachments":[],"parameters":[],"shouldDisplayMessage":false,"stepsCount":0,"attachmentsCount":0,"hasContent":false,"attachmentStep":false},{"name":"springTestContextBeforeTestClass","time":{"start":1743137212623,"stop":1743137212624,"duration":1},"description":"","status":"passed","steps":[],"attachments":[],"parameters":[],"shouldDisplayMessage":false,"stepsCount":0,"attachmentsCount":0,"hasContent":false,"attachmentStep":false},{"name":"springTestContextPrepareTestInstance","time":{"start":1743137212624,"stop":1743137212625,"duration":1},"description":"","status":"passed","steps":[],"attachments":[],"parameters":[],"shouldDisplayMessage":false,"stepsCount":0,"attachmentsCount":0,"hasContent":false,"attachmentStep":false},{"name":"Base Before Class","time":{"start":1743137212625,"stop":1743137212628,"duration":3},"description":"Base Before Class","status":"passed","steps":[],"attachments":[],"parameters":[],"shouldDisplayMessage":false,"stepsCount":0,"attachmentsCount":0,"hasContent":false,"attachmentStep":false},{"name":"springTestContextBeforeTestMethod","time":{"start":1743137212628,"stop":1743137212629,"duration":1},"description":"","status":"passed","steps":[],"attachments":[],"parameters":[],"shouldDisplayMessage":false,"stepsCount":0,"attachmentsCount":0,"hasContent":false,"attachmentStep":false},{"name":"Base Before Test Method","time":{"start":1743137212629,"stop":1743137246519,"duration":33890},"description":"Base Before Test Method","status":"passed","steps":[],"attachments":[{"uid":"69c926cf7d390e45","name":"REQUEST | POST https://api.uat.circlek.com/us/ngrp-gmap-authn/v1/auth","source":"69c926cf7d390e45.html","type":"text/html","size":621},{"uid":"6601820cc3ace265","name":"RESPONSE | POST https://api.uat.circlek.com/us/ngrp-gmap-authn/v1/auth [404]","source":"6601820cc3ace265.html","type":"text/html","size":661}],"parameters":[],"shouldDisplayMessage":false,"stepsCount":0,"attachmentsCount":2,"hasContent":true,"attachmentStep":false},{"name":"initTestConfig","time":{"start":1743137246520,"stop":1743137246835,"duration":315},"description":"","status":"passed","steps":[],"attachments":[],"parameters":[],"shouldDisplayMessage":false,"stepsCount":0,"attachmentsCount":0,"hasContent":false,"attachmentStep":false}],"testStage":{"description":"Onboarding Rewards for New IC Member","status":"broken","statusMessage":"Element [By.xpath: //android.widget.ScrollView[@resource-id=\"search-results-flat-list\"]//android.view.ViewGroup[2]] wasn't visible after [30] seconds!\nException: org.openqa.selenium.TimeoutException: Expected condition failed: Element [By.xpath: //android.widget.ScrollView[@resource-id=\"search-results-flat-list\"]//android.view.ViewGroup[2]] wasn't visible after [30] seconds! (tried for 30 second(s) with 250 milliseconds interval)\nFor documentation on this error, please visit: https://www.selenium.dev/documentation/webdriver/troubleshooting/errors#no-such-element-exception\nBuild info: version: '4.19.0', revision: '5f9cec8963'\nSystem info: os.name: 'Linux', os.arch: 'amd64', os.version: '6.8.0-1021-azure', java.version: '17.0.14'\nDriver info: driver.version: unknown","statusTrace":"org.openqa.selenium.NoSuchElementException: Element [By.xpath: //android.widget.ScrollView[@resource-id=\"search-results-flat-list\"]//android.view.ViewGroup[2]] wasn't visible after [30] seconds!\nException: org.openqa.selenium.TimeoutException: Expected condition failed: Element [By.xpath: //android.widget.ScrollView[@resource-id=\"search-results-flat-list\"]//android.view.ViewGroup[2]] wasn't visible after [30] seconds! (tried for 30 second(s) with 250 milliseconds interval)\nFor documentation on this error, please visit: https://www.selenium.dev/documentation/webdriver/troubleshooting/errors#no-such-element-exception\nBuild info: version: '4.19.0', revision: '5f9cec8963'\nSystem info: os.name: 'Linux', os.arch: 'amd64', os.version: '6.8.0-1021-azure', java.version: '17.0.14'\nDriver info: driver.version: unknown\n\tat com.gmap.core.common.handlers.WaitHandler.waitUntil(WaitHandler.java:163)\n\tat com.gmap.core.common.handlers.WaitHandler.waitForElementToBeVisible(WaitHandler.java:196)\n\tat com.gmap.core.pages_common.stores.SearchResultsPage.checkThatTheSearchResultsScreenIsDisplayed(SearchResultsPage.java:62)\n\tat steps.CommonSteps.searchAndSetStation(CommonSteps.java:61)\n\tat testcases.OnboardingRewardsTest.userVerifyOnboardingRewardsForNewICMemberPersistence(OnboardingRewardsTest.java:154)\n\tat java.base/jdk.internal.reflect.NativeMethodAccessorImpl.invoke0(Native Method)\n\tat java.base/jdk.internal.reflect.NativeMethodAccessorImpl.invoke(NativeMethodAccessorImpl.java:77)\n\tat java.base/jdk.internal.reflect.DelegatingMethodAccessorImpl.invoke(DelegatingMethodAccessorImpl.java:43)\n\tat java.base/java.lang.reflect.Method.invoke(Method.java:569)\n\tat org.testng.internal.invokers.MethodInvocationHelper.invokeMethod(MethodInvocationHelper.java:141)\n\tat org.testng.internal.invokers.MethodInvocationHelper$1.runTestMethod(MethodInvocationHelper.java:260)\n\tat org.springframework.test.context.testng.AbstractTestNGSpringContextTests.run(AbstractTestNGSpringContextTests.java:154)\n\tat org.testng.internal.invokers.MethodInvocationHelper.invokeHookable(MethodInvocationHelper.java:274)\n\tat org.testng.internal.invokers.TestInvoker.invokeMethod(TestInvoker.java:679)\n\tat org.testng.internal.invokers.TestInvoker.invokeTestMethod(TestInvoker.java:230)\n\tat org.testng.internal.invokers.MethodRunner.runInSequence(MethodRunner.java:63)\n\tat org.testng.internal.invokers.TestInvoker$MethodInvocationAgent.invoke(TestInvoker.java:995)\n\tat org.testng.internal.invokers.TestInvoker.invokeTestMethods(TestInvoker.java:203)\n\tat org.testng.internal.invokers.TestMethodWorker.invokeTestMethods(TestMethodWorker.java:154)\n\tat org.testng.internal.invokers.TestMethodWorker.run(TestMethodWorker.java:134)\n\tat java.base/java.util.ArrayList.forEach(ArrayList.java:1511)\n\tat org.testng.TestRunner.privateRun(TestRunner.java:741)\n\tat org.testng.TestRunner.run(TestRunner.java:616)\n\tat org.testng.SuiteRunner.runTest(SuiteRunner.java:421)\n\tat org.testng.SuiteRunner$SuiteWorker.run(SuiteRunner.java:463)\n\tat org.testng.internal.thread.ThreadUtil.lambda$execute$0(ThreadUtil.java:64)\n\tat java.base/java.util.concurrent.FutureTask.run(FutureTask.java:264)\n\tat java.base/java.util.concurrent.ThreadPoolExecutor.runWorker(ThreadPoolExecutor.java:1136)\n\tat java.base/java.util.concurrent.ThreadPoolExecutor$Worker.run(ThreadPoolExecutor.java:635)\n\tat java.base/java.lang.Thread.run(Thread.java:840)\n","steps":[{"name":"I check that the \"Welcome Screen\" is displayed","time":{"start":1743137247395,"stop":1743137247893,"duration":498},"status":"passed","steps":[],"attachments":[],"parameters":[],"shouldDisplayMessage":false,"stepsCount":0,"attachmentsCount":0,"hasContent":false,"attachmentStep":false},{"name":"I click on \"GET STARTED\" button","time":{"start":1743137247893,"stop":1743137249845,"duration":1952},"status":"passed","steps":[],"attachments":[],"parameters":[],"shouldDisplayMessage":false,"stepsCount":0,"attachmentsCount":0,"hasContent":false,"attachmentStep":false},{"name":"I check that the \"Choose Data Preferences Screen\" is displayed","time":{"start":1743137249845,"stop":1743137250725,"duration":880},"status":"passed","steps":[],"attachments":[],"parameters":[],"shouldDisplayMessage":false,"stepsCount":0,"attachmentsCount":0,"hasContent":false,"attachmentStep":false},{"name":"I click on \"ALLOW ALL TRACKING\" button","time":{"start":1743137250725,"stop":1743137252596,"duration":1871},"status":"passed","steps":[],"attachments":[],"parameters":[],"shouldDisplayMessage":false,"stepsCount":0,"attachmentsCount":0,"hasContent":false,"attachmentStep":false},{"name":"I check that the \"First SignIn Screen\" is displayed","time":{"start":1743137252596,"stop":1743137253554,"duration":958},"status":"passed","steps":[],"attachments":[],"parameters":[],"shouldDisplayMessage":false,"stepsCount":0,"attachmentsCount":0,"hasContent":false,"attachmentStep":false},{"name":"I click on \"PHONE NUMBER\" input","time":{"start":1743137253555,"stop":1743137260721,"duration":7166},"status":"passed","steps":[],"attachments":[],"parameters":[],"shouldDisplayMessage":false,"stepsCount":0,"attachmentsCount":0,"hasContent":false,"attachmentStep":false},{"name":"I enter the phone number \"9738620000\" in the input","time":{"start":1743137260722,"stop":1743137271721,"duration":10999},"status":"passed","steps":[],"attachments":[],"parameters":[{"name":"Phone number:","value":"9738620000"}],"shouldDisplayMessage":false,"stepsCount":0,"attachmentsCount":0,"hasContent":true,"attachmentStep":false},{"name":"I click on \"LET'S GO\" button","time":{"start":1743137271721,"stop":1743137275825,"duration":4104},"status":"passed","steps":[],"attachments":[],"parameters":[{"name":"wait","value":"true"}],"shouldDisplayMessage":false,"stepsCount":0,"attachmentsCount":0,"hasContent":true,"attachmentStep":false},{"name":"I check that the \"Password Screen\" is displayed","time":{"start":1743137275825,"stop":1743137276307,"duration":482},"status":"passed","steps":[],"attachments":[],"parameters":[],"shouldDisplayMessage":false,"stepsCount":0,"attachmentsCount":0,"hasContent":false,"attachmentStep":false},{"name":"I click on \"PASSWORD\" input","time":{"start":1743137276307,"stop":1743137277858,"duration":1551},"status":"passed","steps":[],"attachments":[],"parameters":[],"shouldDisplayMessage":false,"stepsCount":0,"attachmentsCount":0,"hasContent":false,"attachmentStep":false},{"name":"I enter the password \"#Test123\" in the input","time":{"start":1743137277858,"stop":1743137280858,"duration":3000},"status":"passed","steps":[],"attachments":[],"parameters":[{"name":"Password:","value":"#Test123"}],"shouldDisplayMessage":false,"stepsCount":0,"attachmentsCount":0,"hasContent":true,"attachmentStep":false},{"name":"I click on \"SIGN IN\" button","time":{"start":1743137280859,"stop":1743137288045,"duration":7186},"status":"passed","steps":[],"attachments":[],"parameters":[],"shouldDisplayMessage":false,"stepsCount":0,"attachmentsCount":0,"hasContent":false,"attachmentStep":false},{"name":"I get the text from the middle text area on the \"Notification Permission Screen\"","time":{"start":1743137288048,"stop":1743137288996,"duration":948},"status":"passed","steps":[],"attachments":[],"parameters":[],"shouldDisplayMessage":false,"stepsCount":0,"attachmentsCount":0,"hasContent":false,"attachmentStep":false},{"name":"I check that the application text: \"Stay updated on in-store promotions, deals, savings and special offers!\" is equals to expected value: \"Stay updated on in-store promotions, deals, savings and special offers!\"","time":{"start":1743137288996,"stop":1743137288996,"duration":0},"status":"passed","steps":[],"attachments":[],"parameters":[{"name":"Actual:","value":"Stay updated on in-store promotions, deals, savings and special offers!"},{"name":"Expected:","value":"Stay updated on in-store promotions, deals, savings and special offers!"}],"shouldDisplayMessage":false,"stepsCount":0,"attachmentsCount":0,"hasContent":true,"attachmentStep":false},{"name":"I check that the \"Notification Permission Screen\" is displayed","time":{"start":1743137288996,"stop":1743137289771,"duration":775},"status":"passed","steps":[],"attachments":[],"parameters":[],"shouldDisplayMessage":false,"stepsCount":0,"attachmentsCount":0,"hasContent":false,"attachmentStep":false},{"name":"I click on \"CONTINUE\" button","time":{"start":1743137289771,"stop":1743137291605,"duration":1834},"status":"passed","steps":[],"attachments":[],"parameters":[],"shouldDisplayMessage":false,"stepsCount":0,"attachmentsCount":0,"hasContent":false,"attachmentStep":false},{"name":"I check that the \"Location Permission Flow Screen\" is displayed","time":{"start":1743137291605,"stop":1743137295557,"duration":3952},"status":"passed","steps":[],"attachments":[],"parameters":[],"shouldDisplayMessage":false,"stepsCount":0,"attachmentsCount":0,"hasContent":false,"attachmentStep":false},{"name":"I get the text from the middle text area on the \"Location Permission Flow Screen\"","time":{"start":1743137295557,"stop":1743137296474,"duration":917},"status":"passed","steps":[],"attachments":[],"parameters":[],"shouldDisplayMessage":false,"stepsCount":0,"attachmentsCount":0,"hasContent":false,"attachmentStep":false},{"name":"I check that the application text: \"Turn on your location so we can locate your closest Circle K store.\" is equals to expected value: \"Turn on your location so we can locate your closest Circle K store.\"","time":{"start":1743137296474,"stop":1743137296474,"duration":0},"status":"passed","steps":[],"attachments":[],"parameters":[{"name":"Actual:","value":"Turn on your location so we can locate your closest Circle K store."},{"name":"Expected:","value":"Turn on your location so we can locate your closest Circle K store."}],"shouldDisplayMessage":false,"stepsCount":0,"attachmentsCount":0,"hasContent":true,"attachmentStep":false},{"name":"I click on \"CONTINUE\" button","time":{"start":1743137296474,"stop":1743137297917,"duration":1443},"status":"passed","steps":[],"attachments":[],"parameters":[],"shouldDisplayMessage":false,"stepsCount":0,"attachmentsCount":0,"hasContent":false,"attachmentStep":false},{"name":"I accept the new terms and conditions","time":{"start":1743137297917,"stop":1743137319373,"duration":21456},"status":"passed","steps":[],"attachments":[],"parameters":[],"shouldDisplayMessage":false,"stepsCount":0,"attachmentsCount":0,"hasContent":false,"attachmentStep":false},{"name":"I skip enrolling for easy pay card","time":{"start":1743137319373,"stop":1743137335771,"duration":16398},"status":"passed","steps":[],"attachments":[],"parameters":[{"name":"time","value":"[15]"}],"shouldDisplayMessage":false,"stepsCount":0,"attachmentsCount":0,"hasContent":true,"attachmentStep":false},{"name":"I check that the \"Home Screen\" is displayed","time":{"start":1743137335771,"stop":1743137336219,"duration":448},"status":"passed","steps":[],"attachments":[],"parameters":[],"shouldDisplayMessage":false,"stepsCount":0,"attachmentsCount":0,"hasContent":false,"attachmentStep":false},{"name":"I check that the location services are enabled on real device","time":{"start":1743137336219,"stop":1743137357263,"duration":21044},"status":"passed","steps":[{"name":"I check that the \"Enable location\" warning is displayed","time":{"start":1743137336221,"stop":1743137346263,"duration":10042},"status":"passed","steps":[],"attachments":[],"parameters":[],"shouldDisplayMessage":false,"stepsCount":0,"attachmentsCount":0,"hasContent":false,"attachmentStep":false},{"name":"I check that the \"We can't find you\" text is displayed","time":{"start":1743137346263,"stop":1743137357263,"duration":11000},"status":"passed","steps":[],"attachments":[],"parameters":[],"shouldDisplayMessage":false,"stepsCount":0,"attachmentsCount":0,"hasContent":false,"attachmentStep":false}],"attachments":[],"parameters":[],"shouldDisplayMessage":false,"stepsCount":2,"attachmentsCount":0,"hasContent":true,"attachmentStep":false},{"name":"I check that the \"Home Screen\" is displayed","time":{"start":1743137357263,"stop":1743137357743,"duration":480},"status":"passed","steps":[],"attachments":[],"parameters":[],"shouldDisplayMessage":false,"stepsCount":0,"attachmentsCount":0,"hasContent":false,"attachmentStep":false},{"name":"I click on \"CHANGE STORE\" button","time":{"start":1743137357743,"stop":1743137359193,"duration":1450},"status":"passed","steps":[],"attachments":[],"parameters":[],"shouldDisplayMessage":false,"stepsCount":0,"attachmentsCount":0,"hasContent":false,"attachmentStep":false},{"name":"I check that the \"Want to change store?\" pane is displayed","time":{"start":1743137359193,"stop":1743137360321,"duration":1128},"status":"passed","steps":[],"attachments":[],"parameters":[],"shouldDisplayMessage":false,"stepsCount":0,"attachmentsCount":0,"hasContent":false,"attachmentStep":false},{"name":"I click on \"SELECT STORE MANUALLY\" button","time":{"start":1743137360321,"stop":1743137361786,"duration":1465},"status":"passed","steps":[],"attachments":[],"parameters":[],"shouldDisplayMessage":false,"stepsCount":0,"attachmentsCount":0,"hasContent":false,"attachmentStep":false},{"name":"I check that the \"Stores Screen\" is displayed","time":{"start":1743137361786,"stop":1743137366241,"duration":4455},"status":"passed","steps":[],"attachments":[],"parameters":[],"shouldDisplayMessage":false,"stepsCount":0,"attachmentsCount":0,"hasContent":false,"attachmentStep":false},{"name":"I click on \"VIEW LIST/MAP\" button","time":{"start":1743137366241,"stop":1743137367698,"duration":1457},"status":"passed","steps":[],"attachments":[],"parameters":[],"shouldDisplayMessage":false,"stepsCount":0,"attachmentsCount":0,"hasContent":false,"attachmentStep":false},{"name":"I click on \"SEARCH BAR\" input","time":{"start":1743137367698,"stop":1743137370215,"duration":2517},"status":"passed","steps":[],"attachments":[],"parameters":[],"shouldDisplayMessage":false,"stepsCount":0,"attachmentsCount":0,"hasContent":false,"attachmentStep":false},{"name":"I enter the \"Illinois, USA\" in the \"SEARCH BAR\" input","time":{"start":1743137370215,"stop":1743137374314,"duration":4099},"status":"passed","steps":[],"attachments":[],"parameters":[{"name":"Term to search:","value":"Illinois, USA"}],"shouldDisplayMessage":false,"stepsCount":0,"attachmentsCount":0,"hasContent":true,"attachmentStep":false},{"name":"I check that the \"Search Results Screen\" is displayed","time":{"start":1743137374315,"stop":1743137405049,"duration":30734},"status":"broken","statusMessage":"Element [By.xpath: //android.widget.ScrollView[@resource-id=\"search-results-flat-list\"]//android.view.ViewGroup[2]] wasn't visible after [30] seconds!\nException: org.openqa.selenium.TimeoutException: Expected condition failed: Element [By.xpath: //android.widget.ScrollView[@resource-id=\"search-results-flat-list\"]//android.view.ViewGroup[2]] wasn't visible after [30] seconds! (tried for 30 second(s) with 250 milliseconds interval)\nFor documentation on this error, please visit: https://www.selenium.dev/documentation/webdriver/troubleshooting/errors#no-such-element-exception\nBuild info: version: '4.19.0', revision: '5f9cec8963'\nSystem info: os.name: 'Linux', os.arch: 'amd64', os.version: '6.8.0-1021-azure', java.version: '17.0.14'\nDriver info: driver.version: unknown","statusTrace":"org.openqa.selenium.NoSuchElementException: Element [By.xpath: //android.widget.ScrollView[@resource-id=\"search-results-flat-list\"]//android.view.ViewGroup[2]] wasn't visible after [30] seconds!\nException: org.openqa.selenium.TimeoutException: Expected condition failed: Element [By.xpath: //android.widget.ScrollView[@resource-id=\"search-results-flat-list\"]//android.view.ViewGroup[2]] wasn't visible after [30] seconds! (tried for 30 second(s) with 250 milliseconds interval)\nFor documentation on this error, please visit: https://www.selenium.dev/documentation/webdriver/troubleshooting/errors#no-such-element-exception\nBuild info: version: '4.19.0', revision: '5f9cec8963'\nSystem info: os.name: 'Linux', os.arch: 'amd64', os.version: '6.8.0-1021-azure', java.version: '17.0.14'\nDriver info: driver.version: unknown\n\tat com.gmap.core.common.handlers.WaitHandler.waitUntil(WaitHandler.java:163)\n\tat com.gmap.core.common.handlers.WaitHandler.waitForElementToBeVisible(WaitHandler.java:196)\n\tat com.gmap.core.pages_common.stores.SearchResultsPage.checkThatTheSearchResultsScreenIsDisplayed(SearchResultsPage.java:62)\n\tat steps.CommonSteps.searchAndSetStation(CommonSteps.java:61)\n\tat testcases.OnboardingRewardsTest.userVerifyOnboardingRewardsForNewICMemberPersistence(OnboardingRewardsTest.java:154)\n\tat java.base/jdk.internal.reflect.NativeMethodAccessorImpl.invoke0(Native Method)\n\tat java.base/jdk.internal.reflect.NativeMethodAccessorImpl.invoke(NativeMethodAccessorImpl.java:77)\n\tat java.base/jdk.internal.reflect.DelegatingMethodAccessorImpl.invoke(DelegatingMethodAccessorImpl.java:43)\n\tat java.base/java.lang.reflect.Method.invoke(Method.java:569)\n\tat org.testng.internal.invokers.MethodInvocationHelper.invokeMethod(MethodInvocationHelper.java:141)\n\tat org.testng.internal.invokers.MethodInvocationHelper$1.runTestMethod(MethodInvocationHelper.java:260)\n\tat org.springframework.test.context.testng.AbstractTestNGSpringContextTests.run(AbstractTestNGSpringContextTests.java:154)\n\tat org.testng.internal.invokers.MethodInvocationHelper.invokeHookable(MethodInvocationHelper.java:274)\n\tat org.testng.internal.invokers.TestInvoker.invokeMethod(TestInvoker.java:679)\n\tat org.testng.internal.invokers.TestInvoker.invokeTestMethod(TestInvoker.java:230)\n\tat org.testng.internal.invokers.MethodRunner.runInSequence(MethodRunner.java:63)\n\tat org.testng.internal.invokers.TestInvoker$MethodInvocationAgent.invoke(TestInvoker.java:995)\n\tat org.testng.internal.invokers.TestInvoker.invokeTestMethods(TestInvoker.java:203)\n\tat org.testng.internal.invokers.TestMethodWorker.invokeTestMethods(TestMethodWorker.java:154)\n\tat org.testng.internal.invokers.TestMethodWorker.run(TestMethodWorker.java:134)\n\tat java.base/java.util.ArrayList.forEach(ArrayList.java:1511)\n\tat org.testng.TestRunner.privateRun(TestRunner.java:741)\n\tat org.testng.TestRunner.run(TestRunner.java:616)\n\tat org.testng.SuiteRunner.runTest(SuiteRunner.java:421)\n\tat org.testng.SuiteRunner$SuiteWorker.run(SuiteRunner.java:463)\n\tat org.testng.internal.thread.ThreadUtil.lambda$execute$0(ThreadUtil.java:64)\n\tat java.base/java.util.concurrent.FutureTask.run(FutureTask.java:264)\n\tat java.base/java.util.concurrent.ThreadPoolExecutor.runWorker(ThreadPoolExecutor.java:1136)\n\tat java.base/java.util.concurrent.ThreadPoolExecutor$Worker.run(ThreadPoolExecutor.java:635)\n\tat java.base/java.lang.Thread.run(Thread.java:840)\n","steps":[],"attachments":[],"parameters":[],"shouldDisplayMessage":true,"stepsCount":0,"attachmentsCount":0,"hasContent":true,"attachmentStep":false}],"attachments":[{"uid":"888ac05082cc7a30","name":"Screenshot | [28-03-2025]","source":"888ac05082cc7a30.jpg","type":"image/jpg","size":85482}],"parameters":[],"shouldDisplayMessage":false,"stepsCount":35,"attachmentsCount":1,"hasContent":true,"attachmentStep":false},"afterStages":[{"name":"Base After Test Method","time":{"start":1743137408667,"stop":1743137410467,"duration":1800},"description":"Base After Test Method","status":"passed","steps":[],"attachments":[],"parameters":[],"shouldDisplayMessage":false,"stepsCount":0,"attachmentsCount":0,"hasContent":false,"attachmentStep":false},{"name":"springTestContextAfterTestMethod","time":{"start":1743137410468,"stop":1743137410468,"duration":0},"description":"","status":"passed","steps":[],"attachments":[],"parameters":[],"shouldDisplayMessage":false,"stepsCount":0,"attachmentsCount":0,"hasContent":false,"attachmentStep":false},{"name":"Base After Class","time":{"start":1743138672340,"stop":1743138672340,"duration":0},"description":"Base After Class","status":"passed","steps":[],"attachments":[],"parameters":[],"shouldDisplayMessage":false,"stepsCount":0,"attachmentsCount":0,"hasContent":false,"attachmentStep":false},{"name":"springTestContextAfterTestClass","time":{"start":1743138672340,"stop":1743138672340,"duration":0},"description":"","status":"passed","steps":[],"attachments":[],"parameters":[],"shouldDisplayMessage":false,"stepsCount":0,"attachmentsCount":0,"hasContent":false,"attachmentStep":false},{"name":"Base After Test","time":{"start":1743138672340,"stop":1743138672340,"duration":0},"description":"Base After Test","status":"passed","steps":[],"attachments":[],"parameters":[],"shouldDisplayMessage":false,"stepsCount":0,"attachmentsCount":0,"hasContent":false,"attachmentStep":false}],"labels":[{"name":"package","value":"testcases.OnboardingRewardsTest"},{"name":"testClass","value":"testcases.OnboardingRewardsTest"},{"name":"testMethod","value":"userVerifyOnboardingRewardsForNewICMemberPersistence"},{"name":"parentSuite","value":"GMAP NA Mobile Test Automation - [ANDROID PARALLEL XML SUITE]"},{"name":"suite","value":"GMAP NA Tests | Onboarding Rewards"},{"name":"subSuite","value":"testcases.OnboardingRewardsTest"},{"name":"host","value":"fv-az1716-263"},{"name":"thread","value":"1944@fv-az1716-263.TestNG-tests-4(25)"},{"name":"framework","value":"testng"},{"name":"language","value":"java"},{"name":"tag","value":"OnboardingRewards"},{"name":"owner","value":"Amit Choudhary - [amit.choudhary@circlekeurope.com]"},{"name":"story","value":"[GMAP][NA] Onboarding Rewards"},{"name":"feature","value":"[GMAP][NA] Onboarding Rewards"},{"name":"epic","value":"[GMAP][NA] ONBOARDING REWARDS"},{"name":"severity","value":"normal"},{"name":"resultFormat","value":"allure2"}],"parameters":[{"name":"deviceConfig","value":"GalaxyS21"}],"links":[{"name":"N/A","url":"https://circlek.atlassian.net/browse/N/A","type":"issue"},{"name":"NGRPRG-32466","url":"https://circlek.atlassian.net/browse/NGRPRG-32466","type":"tms"},{"name":"Device logs.txt","url":"https://api.eu-central-1.saucelabs.com/v1/rdc/jobs/1e3e208a9396407a894ac7b8b0ddabc8/deviceLogs"}],"hidden":false,"retry":false,"extra":{"severity":"normal","owner":"Amit Choudhary - [amit.choudhary@circlekeurope.com]","retries":[],"categories":[{"name":"Test defects","matchedStatuses":[],"flaky":false}],"history":{"statistic":{"failed":0,"broken":14,"skipped":0,"passed":27,"unknown":0,"total":41},"items":[{"uid":"a2b17677ec81f11c","reportUrl":"https://circlek-global.github.io/gmbat-tests-eu-mobile-automation/1554//#testresult/a2b17677ec81f11c","status":"passed","time":{"start":1743050761786,"stop":1743050922950,"duration":161164}},{"uid":"1e6b8bd623af6e94","reportUrl":"https://circlek-global.github.io/gmbat-tests-eu-mobile-automation/1545//#testresult/1e6b8bd623af6e94","status":"passed","time":{"start":1742986348733,"stop":1742986525433,"duration":176700}},{"uid":"8d180519d9a0c41","reportUrl":"https://circlek-global.github.io/gmbat-tests-eu-mobile-automation/1538//#testresult/8d180519d9a0c41","status":"broken","statusDetails":"Element [By.xpath: //android.view.ViewGroup[@content-desc=\"OnboardingRewards.button\"]/android.view.ViewGroup[1]] wasn't visible after [15] seconds!\nException: org.openqa.selenium.TimeoutException: Expected condition failed: Element [By.xpath: //android.view.ViewGroup[@content-desc=\"OnboardingRewards.button\"]/android.view.ViewGroup[1]] wasn't visible after [15] seconds! (tried for 15 second(s) with 250 milliseconds interval)\nFor documentation on this error, please visit: https://www.selenium.dev/documentation/webdriver/troubleshooting/errors#no-such-element-exception\nBuild info: version: '4.19.0', revision: '5f9cec8963'\nSystem info: os.name: 'Linux', os.arch: 'amd64', os.version: '6.8.0-1021-azure', java.version: '17.0.14'\nDriver info: driver.version: unknown","time":{"start":1742964316680,"stop":1742964470758,"duration":154078}},{"uid":"255fe431ae82fd6e","reportUrl":"https://circlek-global.github.io/gmbat-tests-eu-mobile-automation/1531//#testresult/255fe431ae82fd6e","status":"broken","statusDetails":"Element [AppiumBy.accessibilityId: generic-bottom-sheet-title] wasn't visible after [15] seconds!\nException: org.openqa.selenium.TimeoutException: Expected condition failed: Element [AppiumBy.accessibilityId: generic-bottom-sheet-title] wasn't visible after [15] seconds! (tried for 15 second(s) with 250 milliseconds interval)\nFor documentation on this error, please visit: https://www.selenium.dev/documentation/webdriver/troubleshooting/errors#no-such-element-exception\nBuild info: version: '4.19.0', revision: '5f9cec8963'\nSystem info: os.name: 'Linux', os.arch: 'amd64', os.version: '6.8.0-1021-azure', java.version: '17.0.14'\nDriver info: driver.version: unknown","time":{"start":1742916405105,"stop":1742916580728,"duration":175623}},{"uid":"15cc88ae15e5d73b","reportUrl":"https://circlek-global.github.io/gmbat-tests-eu-mobile-automation/1518//#testresult/15cc88ae15e5d73b","status":"broken","statusDetails":"Element [AppiumBy.accessibilityId: welcome-screen] wasn't visible after [60] seconds!\nException: org.openqa.selenium.TimeoutException: Expected condition failed: Element [AppiumBy.accessibilityId: welcome-screen] wasn't visible after [60] seconds! (tried for 60 second(s) with 250 milliseconds interval)\nFor documentation on this error, please visit: https://www.selenium.dev/documentation/webdriver/troubleshooting/errors#no-such-element-exception\nBuild info: version: '4.19.0', revision: '5f9cec8963'\nSystem info: os.name: 'Linux', os.arch: 'amd64', os.version: '6.8.0-1021-azure', java.version: '17.0.14'\nDriver info: driver.version: unknown","time":{"start":1742877786067,"stop":1742877849115,"duration":63048}},{"uid":"1ef77b3570328a8f","reportUrl":"https://circlek-global.github.io/gmbat-tests-eu-mobile-automation/1505//#testresult/1ef77b3570328a8f","status":"passed","time":{"start":1742791568495,"stop":1742791726454,"duration":157959}},{"uid":"b5c7c8e8ef91692c","reportUrl":"https://circlek-global.github.io/gmbat-tests-eu-mobile-automation/1491//#testresult/b5c7c8e8ef91692c","status":"passed","time":{"start":1742532313178,"stop":1742532475049,"duration":161871}},{"uid":"896e5e8242cc4bfb","reportUrl":"https://circlek-global.github.io/gmbat-tests-eu-mobile-automation/1481//#testresult/896e5e8242cc4bfb","status":"passed","time":{"start":1742464133564,"stop":1742464297428,"duration":163864}},{"uid":"e096ab6d449c9d71","reportUrl":"https://circlek-global.github.io/gmbat-tests-eu-mobile-automation/1477//#testresult/e096ab6d449c9d71","status":"passed","time":{"start":1742445932564,"stop":1742446106505,"duration":173941}},{"uid":"75c0a2d89ca816cf","reportUrl":"https://circlek-global.github.io/gmbat-tests-eu-mobile-automation/1466//#testresult/75c0a2d89ca816cf","status":"passed","time":{"start":1742373791006,"stop":1742373953341,"duration":162335}},{"uid":"13dcbc2595abf450","reportUrl":"https://circlek-global.github.io/gmbat-tests-eu-mobile-automation/1462//#testresult/13dcbc2595abf450","status":"broken","statusDetails":"Element [By.xpath: //android.widget.TextView[@text=\"Check out your Welcome Rewards!\"]] wasn't visible after [15] seconds!\nException: org.openqa.selenium.TimeoutException: Expected condition failed: Element [By.xpath: //android.widget.TextView[@text=\"Check out your Welcome Rewards!\"]] wasn't visible after [15] seconds! (tried for 15 second(s) with 250 milliseconds interval)\nFor documentation on this error, please visit: https://www.selenium.dev/documentation/webdriver/troubleshooting/errors#no-such-element-exception\nBuild info: version: '4.19.0', revision: '5f9cec8963'\nSystem info: os.name: 'Linux', os.arch: 'amd64', os.version: '6.8.0-1021-azure', java.version: '17.0.14'\nDriver info: driver.version: unknown","time":{"start":1742359547641,"stop":1742359708454,"duration":160813}},{"uid":"8f26fbd5b0605443","reportUrl":"https://circlek-global.github.io/gmbat-tests-eu-mobile-automation/1450//#testresult/8f26fbd5b0605443","status":"passed","time":{"start":1742273080269,"stop":1742273249720,"duration":169451}},{"uid":"5078f86eca75bd94","reportUrl":"https://circlek-global.github.io/gmbat-tests-eu-mobile-automation/1434//#testresult/5078f86eca75bd94","status":"passed","time":{"start":1742186753676,"stop":1742186909507,"duration":155831}},{"uid":"51a5ba37aa9684ed","reportUrl":"https://circlek-global.github.io/gmbat-tests-eu-mobile-automation/1418//#testresult/51a5ba37aa9684ed","status":"passed","time":{"start":1741927473095,"stop":1741927649758,"duration":176663}},{"uid":"ea5245c1b6c4f777","reportUrl":"https://circlek-global.github.io/gmbat-tests-eu-mobile-automation/1407//#testresult/ea5245c1b6c4f777","status":"passed","time":{"start":1741855868781,"stop":1741856036859,"duration":168078}},{"uid":"7abf72a340534a0a","reportUrl":"https://circlek-global.github.io/gmbat-tests-eu-mobile-automation/1403//#testresult/7abf72a340534a0a","status":"passed","time":{"start":1741841111699,"stop":1741841258693,"duration":146994}},{"uid":"cc069bff7b9d7caa","reportUrl":"https://circlek-global.github.io/gmbat-tests-eu-mobile-automation/1381//#testresult/cc069bff7b9d7caa","status":"broken","statusDetails":"Element [AppiumBy.accessibilityId: CONFIRM] wasn't clickable after [15] seconds!\nException: org.openqa.selenium.TimeoutException: Expected condition failed: Element [AppiumBy.accessibilityId: CONFIRM] wasn't clickable after [15] seconds! (tried for 15 second(s) with 250 milliseconds interval)\nFor documentation on this error, please visit: https://www.selenium.dev/documentation/webdriver/troubleshooting/errors#no-such-element-exception\nBuild info: version: '4.19.0', revision: '5f9cec8963'\nSystem info: os.name: 'Linux', os.arch: 'amd64', os.version: '6.8.0-1021-azure', java.version: '17.0.14'\nDriver info: driver.version: unknown","time":{"start":1741754766602,"stop":1741754938576,"duration":171974}},{"uid":"95e90702449109c3","reportUrl":"https://circlek-global.github.io/gmbat-tests-eu-mobile-automation/1366//#testresult/95e90702449109c3","status":"broken","statusDetails":"Element [By.xpath: //android.view.ViewGroup[@content-desc=\"OnboardingRewards.button\"]/android.view.ViewGroup[1]] wasn't visible after [15] seconds!\nException: org.openqa.selenium.TimeoutException: Expected condition failed: Element [By.xpath: //android.view.ViewGroup[@content-desc=\"OnboardingRewards.button\"]/android.view.ViewGroup[1]] wasn't visible after [15] seconds! (tried for 15 second(s) with 250 milliseconds interval)\nFor documentation on this error, please visit: https://www.selenium.dev/documentation/webdriver/troubleshooting/errors#no-such-element-exception\nBuild info: version: '4.19.0', revision: '5f9cec8963'\nSystem info: os.name: 'Linux', os.arch: 'amd64', os.version: '6.8.0-1021-azure', java.version: '17.0.14'\nDriver info: driver.version: unknown","time":{"start":1741668291954,"stop":1741668441946,"duration":149992}},{"uid":"cc4c5d5f870c15dc","reportUrl":"https://circlek-global.github.io/gmbat-tests-eu-mobile-automation/1352//#testresult/cc4c5d5f870c15dc","status":"broken","statusDetails":"Element [By.xpath: //android.widget.TextView[@text=\"Check out your Welcome Rewards!\"]] wasn't visible after [15] seconds!\nException: org.openqa.selenium.TimeoutException: Expected condition failed: Element [By.xpath: //android.widget.TextView[@text=\"Check out your Welcome Rewards!\"]] wasn't visible after [15] seconds! (tried for 15 second(s) with 250 milliseconds interval)\nFor documentation on this error, please visit: https://www.selenium.dev/documentation/webdriver/troubleshooting/errors#no-such-element-exception\nBuild info: version: '4.19.0', revision: '5f9cec8963'\nSystem info: os.name: 'Linux', os.arch: 'amd64', os.version: '6.8.0-1021-azure', java.version: '17.0.14'\nDriver info: driver.version: unknown","time":{"start":1741581750436,"stop":1741581928059,"duration":177623}},{"uid":"fafc15f949df6bef","reportUrl":"https://circlek-global.github.io/gmbat-tests-eu-mobile-automation/1333//#testresult/fafc15f949df6bef","status":"passed","time":{"start":1741322685719,"stop":1741322856912,"duration":171193}}]},"tags":["OnboardingRewards"]},"source":"27a21266d84c24fb.json","parameterValues":["GalaxyS21"]}