{"uid":"6ba4eef003dd3c9","name":"Existing user tries to sign-in via phone number on 'Home' screen","fullName":"testcases.SignInTests.existingUserTriesToSignInViaPhoneNumberOnHomeScreen","historyId":"a311fc2e010fc529c7c294f02cc5648e","time":{"start":1743139098650,"stop":1743139117703,"duration":19053},"description":"Existing user tries to sign-in via phone number on 'Home' screen","descriptionHtml":"<p>Existing user tries to sign-in via phone number on 'Home' screen</p>\n","status":"broken","statusMessage":"Can't locate an element by this strategy: By.chained({AppiumBy.accessibilityId: sign-in-skip.button})","statusTrace":"org.openqa.selenium.NoSuchElementException: Can't locate an element by this strategy: By.chained({AppiumBy.accessibilityId: sign-in-skip.button})\n\tat io.appium.java_client.pagefactory.AppiumElementLocator.findElement(AppiumElementLocator.java:166)\n\tat io.appium.java_client.pagefactory.interceptors.InterceptorOfASingleElement.call(InterceptorOfASingleElement.java:75)\n\tat io.appium.java_client.proxy.Interceptor.intercept(Interceptor.java:78)\n\tat org.openqa.selenium.remote.RemoteWebElement$ByteBuddy$H7RdImxk.click(Unknown Source)\n\tat com.gmap.core.common.handlers.ElementHandler.click(ElementHandler.java:69)\n\tat com.gmap.core.pages_common.onboarding.FirstSignInPage.clickOnSkipButton(FirstSignInPage.java:244)\n\tat com.gmap.core.steps.RegistrationSteps.logInAsGuestUser(RegistrationSteps.java:242)\n\tat testcases.SignInTests.existingUserTriesToSignInViaPhoneNumberOnHomeScreen(SignInTests.java:147)\n\tat java.base/jdk.internal.reflect.NativeMethodAccessorImpl.invoke0(Native Method)\n\tat java.base/jdk.internal.reflect.NativeMethodAccessorImpl.invoke(NativeMethodAccessorImpl.java:77)\n\tat java.base/jdk.internal.reflect.DelegatingMethodAccessorImpl.invoke(DelegatingMethodAccessorImpl.java:43)\n\tat java.base/java.lang.reflect.Method.invoke(Method.java:569)\n\tat org.testng.internal.invokers.MethodInvocationHelper.invokeMethod(MethodInvocationHelper.java:141)\n\tat org.testng.internal.invokers.MethodInvocationHelper$1.runTestMethod(MethodInvocationHelper.java:260)\n\tat org.springframework.test.context.testng.AbstractTestNGSpringContextTests.run(AbstractTestNGSpringContextTests.java:154)\n\tat org.testng.internal.invokers.MethodInvocationHelper.invokeHookable(MethodInvocationHelper.java:274)\n\tat org.testng.internal.invokers.TestInvoker.invokeMethod(TestInvoker.java:679)\n\tat org.testng.internal.invokers.TestInvoker.invokeTestMethod(TestInvoker.java:230)\n\tat org.testng.internal.invokers.MethodRunner.runInSequence(MethodRunner.java:63)\n\tat org.testng.internal.invokers.TestInvoker$MethodInvocationAgent.invoke(TestInvoker.java:995)\n\tat org.testng.internal.invokers.TestInvoker.invokeTestMethods(TestInvoker.java:203)\n\tat org.testng.internal.invokers.TestMethodWorker.invokeTestMethods(TestMethodWorker.java:154)\n\tat org.testng.internal.invokers.TestMethodWorker.run(TestMethodWorker.java:134)\n\tat java.base/java.util.ArrayList.forEach(ArrayList.java:1511)\n\tat org.testng.TestRunner.privateRun(TestRunner.java:741)\n\tat org.testng.TestRunner.run(TestRunner.java:616)\n\tat org.testng.SuiteRunner.runTest(SuiteRunner.java:421)\n\tat org.testng.SuiteRunner$SuiteWorker.run(SuiteRunner.java:463)\n\tat org.testng.internal.thread.ThreadUtil.lambda$execute$0(ThreadUtil.java:64)\n\tat java.base/java.util.concurrent.FutureTask.run(FutureTask.java:264)\n\tat java.base/java.util.concurrent.ThreadPoolExecutor.runWorker(ThreadPoolExecutor.java:1136)\n\tat java.base/java.util.concurrent.ThreadPoolExecutor$Worker.run(ThreadPoolExecutor.java:635)\n\tat java.base/java.lang.Thread.run(Thread.java:840)\nCaused by: org.openqa.selenium.TimeoutException: Expected condition failed: waiting for io.appium.java_client.pagefactory.AppiumElementLocator$WaitingFunction@3c5a647d (tried for 1 second(s) with 500 milliseconds interval)\n\tat org.openqa.selenium.support.ui.FluentWait.timeoutException(FluentWait.java:265)\n\tat org.openqa.selenium.support.ui.FluentWait.until(FluentWait.java:228)\n\tat io.appium.java_client.pagefactory.AppiumElementLocator.waitFor(AppiumElementLocator.java:135)\n\tat io.appium.java_client.pagefactory.AppiumElementLocator.findElement(AppiumElementLocator.java:160)\n\t... 32 more\nCaused by: org.openqa.selenium.NoSuchElementException: Cannot locate an element using By.chained({AppiumBy.accessibilityId: sign-in-skip.button})\nFor documentation on this error, please visit: https://www.selenium.dev/documentation/webdriver/troubleshooting/errors#no-such-element-exception\nBuild info: version: '4.19.0', revision: '5f9cec8963'\nSystem info: os.name: 'Linux', os.arch: 'amd64', os.version: '6.8.0-1021-azure', java.version: '17.0.14'\nDriver info: driver.version: RemoteWebDriver\n\tat io.appium.java_client.pagefactory.bys.builder.ByChained.findElement(ByChained.java:74)\n\tat org.openqa.selenium.remote.ElementLocation$ElementFinder$1.findElement(ElementLocation.java:139)\n\tat org.openqa.selenium.remote.ElementLocation.findElement(ElementLocation.java:59)\n\tat org.openqa.selenium.remote.RemoteWebDriver.findElement(RemoteWebDriver.java:355)\n\tat org.openqa.selenium.remote.RemoteWebDriver.findElement(RemoteWebDriver.java:349)\n\tat io.appium.java_client.pagefactory.bys.ContentMappedBy.findElement(ContentMappedBy.java:54)\n\tat org.openqa.selenium.remote.ElementLocation$ElementFinder$1.findElement(ElementLocation.java:139)\n\tat org.openqa.selenium.remote.ElementLocation.findElement(ElementLocation.java:59)\n\tat org.openqa.selenium.remote.RemoteWebDriver.findElement(RemoteWebDriver.java:355)\n\tat org.openqa.selenium.remote.RemoteWebDriver.findElement(RemoteWebDriver.java:349)\n\tat io.appium.java_client.pagefactory.AppiumElementLocator.lambda$findElement$1(AppiumElementLocator.java:160)\n\tat io.appium.java_client.pagefactory.AppiumElementLocator$WaitingFunction.apply(AppiumElementLocator.java:217)\n\tat io.appium.java_client.pagefactory.AppiumElementLocator$WaitingFunction.apply(AppiumElementLocator.java:210)\n\tat org.openqa.selenium.support.ui.FluentWait.until(FluentWait.java:203)\n\t... 34 more\n","flaky":false,"newFailed":false,"newBroken":false,"newPassed":false,"retriesCount":0,"retriesStatusChange":false,"beforeStages":[{"name":"Base Before Test","time":{"start":1743138672348,"stop":1743138672348,"duration":0},"description":"Base Before Test","status":"passed","steps":[],"attachments":[],"parameters":[],"shouldDisplayMessage":false,"stepsCount":0,"attachmentsCount":0,"hasContent":false,"attachmentStep":false},{"name":"springTestContextBeforeTestClass","time":{"start":1743138672350,"stop":1743138672350,"duration":0},"description":"","status":"passed","steps":[],"attachments":[],"parameters":[],"shouldDisplayMessage":false,"stepsCount":0,"attachmentsCount":0,"hasContent":false,"attachmentStep":false},{"name":"springTestContextPrepareTestInstance","time":{"start":1743138672350,"stop":1743138672352,"duration":2},"description":"","status":"passed","steps":[],"attachments":[],"parameters":[],"shouldDisplayMessage":false,"stepsCount":0,"attachmentsCount":0,"hasContent":false,"attachmentStep":false},{"name":"Base Before Class","time":{"start":1743138672352,"stop":1743138672892,"duration":540},"description":"Base Before Class","status":"passed","steps":[],"attachments":[],"parameters":[],"shouldDisplayMessage":false,"stepsCount":0,"attachmentsCount":0,"hasContent":false,"attachmentStep":false},{"name":"springTestContextBeforeTestMethod","time":{"start":1743138977352,"stop":1743138977353,"duration":1},"description":"","status":"passed","steps":[],"attachments":[],"parameters":[],"shouldDisplayMessage":false,"stepsCount":0,"attachmentsCount":0,"hasContent":false,"attachmentStep":false},{"name":"Base Before Test Method","time":{"start":1743138977353,"stop":1743139097724,"duration":120371},"description":"Base Before Test Method","status":"passed","steps":[],"attachments":[],"parameters":[],"shouldDisplayMessage":false,"stepsCount":0,"attachmentsCount":0,"hasContent":false,"attachmentStep":false},{"name":"initTestConfig","time":{"start":1743139097725,"stop":1743139097728,"duration":3},"description":"","status":"passed","steps":[],"attachments":[],"parameters":[],"shouldDisplayMessage":false,"stepsCount":0,"attachmentsCount":0,"hasContent":false,"attachmentStep":false}],"testStage":{"description":"Existing user tries to sign-in via phone number on 'Home' screen","status":"broken","statusMessage":"Can't locate an element by this strategy: By.chained({AppiumBy.accessibilityId: sign-in-skip.button})","statusTrace":"org.openqa.selenium.NoSuchElementException: Can't locate an element by this strategy: By.chained({AppiumBy.accessibilityId: sign-in-skip.button})\n\tat io.appium.java_client.pagefactory.AppiumElementLocator.findElement(AppiumElementLocator.java:166)\n\tat io.appium.java_client.pagefactory.interceptors.InterceptorOfASingleElement.call(InterceptorOfASingleElement.java:75)\n\tat io.appium.java_client.proxy.Interceptor.intercept(Interceptor.java:78)\n\tat org.openqa.selenium.remote.RemoteWebElement$ByteBuddy$H7RdImxk.click(Unknown Source)\n\tat com.gmap.core.common.handlers.ElementHandler.click(ElementHandler.java:69)\n\tat com.gmap.core.pages_common.onboarding.FirstSignInPage.clickOnSkipButton(FirstSignInPage.java:244)\n\tat com.gmap.core.steps.RegistrationSteps.logInAsGuestUser(RegistrationSteps.java:242)\n\tat testcases.SignInTests.existingUserTriesToSignInViaPhoneNumberOnHomeScreen(SignInTests.java:147)\n\tat java.base/jdk.internal.reflect.NativeMethodAccessorImpl.invoke0(Native Method)\n\tat java.base/jdk.internal.reflect.NativeMethodAccessorImpl.invoke(NativeMethodAccessorImpl.java:77)\n\tat java.base/jdk.internal.reflect.DelegatingMethodAccessorImpl.invoke(DelegatingMethodAccessorImpl.java:43)\n\tat java.base/java.lang.reflect.Method.invoke(Method.java:569)\n\tat org.testng.internal.invokers.MethodInvocationHelper.invokeMethod(MethodInvocationHelper.java:141)\n\tat org.testng.internal.invokers.MethodInvocationHelper$1.runTestMethod(MethodInvocationHelper.java:260)\n\tat org.springframework.test.context.testng.AbstractTestNGSpringContextTests.run(AbstractTestNGSpringContextTests.java:154)\n\tat org.testng.internal.invokers.MethodInvocationHelper.invokeHookable(MethodInvocationHelper.java:274)\n\tat org.testng.internal.invokers.TestInvoker.invokeMethod(TestInvoker.java:679)\n\tat org.testng.internal.invokers.TestInvoker.invokeTestMethod(TestInvoker.java:230)\n\tat org.testng.internal.invokers.MethodRunner.runInSequence(MethodRunner.java:63)\n\tat org.testng.internal.invokers.TestInvoker$MethodInvocationAgent.invoke(TestInvoker.java:995)\n\tat org.testng.internal.invokers.TestInvoker.invokeTestMethods(TestInvoker.java:203)\n\tat org.testng.internal.invokers.TestMethodWorker.invokeTestMethods(TestMethodWorker.java:154)\n\tat org.testng.internal.invokers.TestMethodWorker.run(TestMethodWorker.java:134)\n\tat java.base/java.util.ArrayList.forEach(ArrayList.java:1511)\n\tat org.testng.TestRunner.privateRun(TestRunner.java:741)\n\tat org.testng.TestRunner.run(TestRunner.java:616)\n\tat org.testng.SuiteRunner.runTest(SuiteRunner.java:421)\n\tat org.testng.SuiteRunner$SuiteWorker.run(SuiteRunner.java:463)\n\tat org.testng.internal.thread.ThreadUtil.lambda$execute$0(ThreadUtil.java:64)\n\tat java.base/java.util.concurrent.FutureTask.run(FutureTask.java:264)\n\tat java.base/java.util.concurrent.ThreadPoolExecutor.runWorker(ThreadPoolExecutor.java:1136)\n\tat java.base/java.util.concurrent.ThreadPoolExecutor$Worker.run(ThreadPoolExecutor.java:635)\n\tat java.base/java.lang.Thread.run(Thread.java:840)\nCaused by: org.openqa.selenium.TimeoutException: Expected condition failed: waiting for io.appium.java_client.pagefactory.AppiumElementLocator$WaitingFunction@3c5a647d (tried for 1 second(s) with 500 milliseconds interval)\n\tat org.openqa.selenium.support.ui.FluentWait.timeoutException(FluentWait.java:265)\n\tat org.openqa.selenium.support.ui.FluentWait.until(FluentWait.java:228)\n\tat io.appium.java_client.pagefactory.AppiumElementLocator.waitFor(AppiumElementLocator.java:135)\n\tat io.appium.java_client.pagefactory.AppiumElementLocator.findElement(AppiumElementLocator.java:160)\n\t... 32 more\nCaused by: org.openqa.selenium.NoSuchElementException: Cannot locate an element using By.chained({AppiumBy.accessibilityId: sign-in-skip.button})\nFor documentation on this error, please visit: https://www.selenium.dev/documentation/webdriver/troubleshooting/errors#no-such-element-exception\nBuild info: version: '4.19.0', revision: '5f9cec8963'\nSystem info: os.name: 'Linux', os.arch: 'amd64', os.version: '6.8.0-1021-azure', java.version: '17.0.14'\nDriver info: driver.version: RemoteWebDriver\n\tat io.appium.java_client.pagefactory.bys.builder.ByChained.findElement(ByChained.java:74)\n\tat org.openqa.selenium.remote.ElementLocation$ElementFinder$1.findElement(ElementLocation.java:139)\n\tat org.openqa.selenium.remote.ElementLocation.findElement(ElementLocation.java:59)\n\tat org.openqa.selenium.remote.RemoteWebDriver.findElement(RemoteWebDriver.java:355)\n\tat org.openqa.selenium.remote.RemoteWebDriver.findElement(RemoteWebDriver.java:349)\n\tat io.appium.java_client.pagefactory.bys.ContentMappedBy.findElement(ContentMappedBy.java:54)\n\tat org.openqa.selenium.remote.ElementLocation$ElementFinder$1.findElement(ElementLocation.java:139)\n\tat org.openqa.selenium.remote.ElementLocation.findElement(ElementLocation.java:59)\n\tat org.openqa.selenium.remote.RemoteWebDriver.findElement(RemoteWebDriver.java:355)\n\tat org.openqa.selenium.remote.RemoteWebDriver.findElement(RemoteWebDriver.java:349)\n\tat io.appium.java_client.pagefactory.AppiumElementLocator.lambda$findElement$1(AppiumElementLocator.java:160)\n\tat io.appium.java_client.pagefactory.AppiumElementLocator$WaitingFunction.apply(AppiumElementLocator.java:217)\n\tat io.appium.java_client.pagefactory.AppiumElementLocator$WaitingFunction.apply(AppiumElementLocator.java:210)\n\tat org.openqa.selenium.support.ui.FluentWait.until(FluentWait.java:203)\n\t... 34 more\n","steps":[{"name":"I check that the \"Welcome Screen\" is displayed","time":{"start":1743139098653,"stop":1743139104162,"duration":5509},"status":"passed","steps":[],"attachments":[],"parameters":[],"shouldDisplayMessage":false,"stepsCount":0,"attachmentsCount":0,"hasContent":false,"attachmentStep":false},{"name":"I click on \"GET STARTED\" button","time":{"start":1743139104163,"stop":1743139108841,"duration":4678},"status":"passed","steps":[],"attachments":[],"parameters":[],"shouldDisplayMessage":false,"stepsCount":0,"attachmentsCount":0,"hasContent":false,"attachmentStep":false},{"name":"I check that the \"Choose Data Preferences Screen\" is displayed","time":{"start":1743139108841,"stop":1743139110360,"duration":1519},"status":"passed","steps":[],"attachments":[],"parameters":[],"shouldDisplayMessage":false,"stepsCount":0,"attachmentsCount":0,"hasContent":false,"attachmentStep":false},{"name":"I click on \"ALLOW ALL TRACKING\" button","time":{"start":1743139110360,"stop":1743139112113,"duration":1753},"status":"passed","steps":[],"attachments":[],"parameters":[],"shouldDisplayMessage":false,"stepsCount":0,"attachmentsCount":0,"hasContent":false,"attachmentStep":false},{"name":"I check that the \"First SignIn Screen\" is displayed","time":{"start":1743139112113,"stop":1743139113117,"duration":1004},"status":"passed","steps":[],"attachments":[],"parameters":[],"shouldDisplayMessage":false,"stepsCount":0,"attachmentsCount":0,"hasContent":false,"attachmentStep":false},{"name":"I click on \"SKIP\" button","time":{"start":1743139113117,"stop":1743139115789,"duration":2672},"status":"broken","statusMessage":"Can't locate an element by this strategy: By.chained({AppiumBy.accessibilityId: sign-in-skip.button})","statusTrace":"org.openqa.selenium.NoSuchElementException: Can't locate an element by this strategy: By.chained({AppiumBy.accessibilityId: sign-in-skip.button})\n\tat io.appium.java_client.pagefactory.AppiumElementLocator.findElement(AppiumElementLocator.java:166)\n\tat io.appium.java_client.pagefactory.interceptors.InterceptorOfASingleElement.call(InterceptorOfASingleElement.java:75)\n\tat io.appium.java_client.proxy.Interceptor.intercept(Interceptor.java:78)\n\tat org.openqa.selenium.remote.RemoteWebElement$ByteBuddy$H7RdImxk.click(Unknown Source)\n\tat com.gmap.core.common.handlers.ElementHandler.click(ElementHandler.java:69)\n\tat com.gmap.core.pages_common.onboarding.FirstSignInPage.clickOnSkipButton(FirstSignInPage.java:244)\n\tat com.gmap.core.steps.RegistrationSteps.logInAsGuestUser(RegistrationSteps.java:242)\n\tat testcases.SignInTests.existingUserTriesToSignInViaPhoneNumberOnHomeScreen(SignInTests.java:147)\n\tat java.base/jdk.internal.reflect.NativeMethodAccessorImpl.invoke0(Native Method)\n\tat java.base/jdk.internal.reflect.NativeMethodAccessorImpl.invoke(NativeMethodAccessorImpl.java:77)\n\tat java.base/jdk.internal.reflect.DelegatingMethodAccessorImpl.invoke(DelegatingMethodAccessorImpl.java:43)\n\tat java.base/java.lang.reflect.Method.invoke(Method.java:569)\n\tat org.testng.internal.invokers.MethodInvocationHelper.invokeMethod(MethodInvocationHelper.java:141)\n\tat org.testng.internal.invokers.MethodInvocationHelper$1.runTestMethod(MethodInvocationHelper.java:260)\n\tat org.springframework.test.context.testng.AbstractTestNGSpringContextTests.run(AbstractTestNGSpringContextTests.java:154)\n\tat org.testng.internal.invokers.MethodInvocationHelper.invokeHookable(MethodInvocationHelper.java:274)\n\tat org.testng.internal.invokers.TestInvoker.invokeMethod(TestInvoker.java:679)\n\tat org.testng.internal.invokers.TestInvoker.invokeTestMethod(TestInvoker.java:230)\n\tat org.testng.internal.invokers.MethodRunner.runInSequence(MethodRunner.java:63)\n\tat org.testng.internal.invokers.TestInvoker$MethodInvocationAgent.invoke(TestInvoker.java:995)\n\tat org.testng.internal.invokers.TestInvoker.invokeTestMethods(TestInvoker.java:203)\n\tat org.testng.internal.invokers.TestMethodWorker.invokeTestMethods(TestMethodWorker.java:154)\n\tat org.testng.internal.invokers.TestMethodWorker.run(TestMethodWorker.java:134)\n\tat java.base/java.util.ArrayList.forEach(ArrayList.java:1511)\n\tat org.testng.TestRunner.privateRun(TestRunner.java:741)\n\tat org.testng.TestRunner.run(TestRunner.java:616)\n\tat org.testng.SuiteRunner.runTest(SuiteRunner.java:421)\n\tat org.testng.SuiteRunner$SuiteWorker.run(SuiteRunner.java:463)\n\tat org.testng.internal.thread.ThreadUtil.lambda$execute$0(ThreadUtil.java:64)\n\tat java.base/java.util.concurrent.FutureTask.run(FutureTask.java:264)\n\tat java.base/java.util.concurrent.ThreadPoolExecutor.runWorker(ThreadPoolExecutor.java:1136)\n\tat java.base/java.util.concurrent.ThreadPoolExecutor$Worker.run(ThreadPoolExecutor.java:635)\n\tat java.base/java.lang.Thread.run(Thread.java:840)\nCaused by: org.openqa.selenium.TimeoutException: Expected condition failed: waiting for io.appium.java_client.pagefactory.AppiumElementLocator$WaitingFunction@3c5a647d (tried for 1 second(s) with 500 milliseconds interval)\n\tat org.openqa.selenium.support.ui.FluentWait.timeoutException(FluentWait.java:265)\n\tat org.openqa.selenium.support.ui.FluentWait.until(FluentWait.java:228)\n\tat io.appium.java_client.pagefactory.AppiumElementLocator.waitFor(AppiumElementLocator.java:135)\n\tat io.appium.java_client.pagefactory.AppiumElementLocator.findElement(AppiumElementLocator.java:160)\n\t... 32 more\nCaused by: org.openqa.selenium.NoSuchElementException: Cannot locate an element using By.chained({AppiumBy.accessibilityId: sign-in-skip.button})\nFor documentation on this error, please visit: https://www.selenium.dev/documentation/webdriver/troubleshooting/errors#no-such-element-exception\nBuild info: version: '4.19.0', revision: '5f9cec8963'\nSystem info: os.name: 'Linux', os.arch: 'amd64', os.version: '6.8.0-1021-azure', java.version: '17.0.14'\nDriver info: driver.version: RemoteWebDriver\n\tat io.appium.java_client.pagefactory.bys.builder.ByChained.findElement(ByChained.java:74)\n\tat org.openqa.selenium.remote.ElementLocation$ElementFinder$1.findElement(ElementLocation.java:139)\n\tat org.openqa.selenium.remote.ElementLocation.findElement(ElementLocation.java:59)\n\tat org.openqa.selenium.remote.RemoteWebDriver.findElement(RemoteWebDriver.java:355)\n\tat org.openqa.selenium.remote.RemoteWebDriver.findElement(RemoteWebDriver.java:349)\n\tat io.appium.java_client.pagefactory.bys.ContentMappedBy.findElement(ContentMappedBy.java:54)\n\tat org.openqa.selenium.remote.ElementLocation$ElementFinder$1.findElement(ElementLocation.java:139)\n\tat org.openqa.selenium.remote.ElementLocation.findElement(ElementLocation.java:59)\n\tat org.openqa.selenium.remote.RemoteWebDriver.findElement(RemoteWebDriver.java:355)\n\tat org.openqa.selenium.remote.RemoteWebDriver.findElement(RemoteWebDriver.java:349)\n\tat io.appium.java_client.pagefactory.AppiumElementLocator.lambda$findElement$1(AppiumElementLocator.java:160)\n\tat io.appium.java_client.pagefactory.AppiumElementLocator$WaitingFunction.apply(AppiumElementLocator.java:217)\n\tat io.appium.java_client.pagefactory.AppiumElementLocator$WaitingFunction.apply(AppiumElementLocator.java:210)\n\tat org.openqa.selenium.support.ui.FluentWait.until(FluentWait.java:203)\n\t... 34 more\n","steps":[],"attachments":[],"parameters":[],"shouldDisplayMessage":true,"stepsCount":0,"attachmentsCount":0,"hasContent":true,"attachmentStep":false}],"attachments":[{"uid":"9716f460d74dc13f","name":"Screenshot | [28-03-2025]","source":"9716f460d74dc13f.jpg","type":"image/jpg","size":30348}],"parameters":[],"shouldDisplayMessage":false,"stepsCount":6,"attachmentsCount":1,"hasContent":true,"attachmentStep":false},"afterStages":[{"name":"Base After Test Method","time":{"start":1743139119976,"stop":1743139119976,"duration":0},"description":"Base After Test Method","status":"passed","steps":[],"attachments":[],"parameters":[],"shouldDisplayMessage":false,"stepsCount":0,"attachmentsCount":0,"hasContent":false,"attachmentStep":false},{"name":"springTestContextAfterTestMethod","time":{"start":1743139119977,"stop":1743139119977,"duration":0},"description":"","status":"passed","steps":[],"attachments":[],"parameters":[],"shouldDisplayMessage":false,"stepsCount":0,"attachmentsCount":0,"hasContent":false,"attachmentStep":false},{"name":"Base After Class","time":{"start":1743139364841,"stop":1743139364841,"duration":0},"description":"Base After Class","status":"passed","steps":[],"attachments":[],"parameters":[],"shouldDisplayMessage":false,"stepsCount":0,"attachmentsCount":0,"hasContent":false,"attachmentStep":false},{"name":"springTestContextAfterTestClass","time":{"start":1743139364841,"stop":1743139364841,"duration":0},"description":"","status":"passed","steps":[],"attachments":[],"parameters":[],"shouldDisplayMessage":false,"stepsCount":0,"attachmentsCount":0,"hasContent":false,"attachmentStep":false},{"name":"Base After Test","time":{"start":1743139364841,"stop":1743139364841,"duration":0},"description":"Base After Test","status":"passed","steps":[],"attachments":[],"parameters":[],"shouldDisplayMessage":false,"stepsCount":0,"attachmentsCount":0,"hasContent":false,"attachmentStep":false}],"labels":[{"name":"package","value":"testcases.SignInTests"},{"name":"testClass","value":"testcases.SignInTests"},{"name":"testMethod","value":"existingUserTriesToSignInViaPhoneNumberOnHomeScreen"},{"name":"parentSuite","value":"GMAP NA Mobile Test Automation - [ANDROID PARALLEL XML SUITE]"},{"name":"suite","value":"GMAP NA Tests | Sign In"},{"name":"subSuite","value":"testcases.SignInTests"},{"name":"host","value":"fv-az1716-263"},{"name":"thread","value":"1944@fv-az1716-263.TestNG-tests-4(25)"},{"name":"framework","value":"testng"},{"name":"language","value":"java"},{"name":"feature","value":"[GMAP][NA] Sign In"},{"name":"tag","value":"SignIn"},{"name":"owner","value":"Nick Iacurto - [n.iacurto@t-b.ca]"},{"name":"story","value":"[GMAP][NA] Sign In - In App"},{"name":"epic","value":"[GMAP][NA] SIGN IN"},{"name":"severity","value":"critical"},{"name":"resultFormat","value":"allure2"}],"parameters":[{"name":"arg0","value":"{EMAIL=john.friday@gmaptest.com, PHONE_COUNTRY_PREFIX=+1, PHONE_NUMBER=2092609000, OTP=000000, PHONE_COUNTRY=United States (US), FIRST_NAME=John, PASSWORD=#Test123, BUSINESS_UNIT=US, LAST_NAME=Friday}"},{"name":"deviceConfig","value":"GalaxyS22Ultra"}],"links":[{"name":"N/A","url":"https://circlek.atlassian.net/browse/N/A","type":"issue"},{"name":"NGRPRG-25476","url":"https://circlek.atlassian.net/browse/NGRPRG-25476","type":"tms"},{"name":"Device logs.txt","url":"https://api.eu-central-1.saucelabs.com/v1/rdc/jobs/13053f2ff02e432a97008e5258aa845c/deviceLogs"}],"hidden":false,"retry":false,"extra":{"severity":"critical","owner":"Nick Iacurto - [n.iacurto@t-b.ca]","retries":[],"categories":[{"name":"Test defects","matchedStatuses":[],"flaky":false}],"tags":["SignIn"]},"source":"6ba4eef003dd3c9.json","parameterValues":["{EMAIL=john.friday@gmaptest.com, PHONE_COUNTRY_PREFIX=+1, PHONE_NUMBER=2092609000, OTP=000000, PHONE_COUNTRY=United States (US), FIRST_NAME=John, PASSWORD=#Test123, BUSINESS_UNIT=US, LAST_NAME=Friday}","GalaxyS22Ultra"]}