{"uid":"779e0a066429791a","name":"User tries to add invalid Credit Card to wallet - DESC","fullName":"testcases.AccountTests.userTriesToAddInvalidCreditCardToWallet","historyId":"c69618118283874f86c400b7ecd13a4e","time":{"start":1743102420196,"stop":1743102483308,"duration":63112},"description":"User tries to add invalid Credit Card to wallet","descriptionHtml":"<p>User tries to add invalid Credit Card to wallet</p>\n","status":"broken","statusMessage":"Element [AppiumBy.accessibilityId: Add Payment Method] wasn't visible after [15] seconds!\nException: org.openqa.selenium.TimeoutException: Expected condition failed: Element [AppiumBy.accessibilityId: Add Payment Method] wasn't visible after [15] seconds! (tried for 15 second(s) with 250 milliseconds interval)\nFor documentation on this error, please visit: https://www.selenium.dev/documentation/webdriver/troubleshooting/errors#no-such-element-exception\nBuild info: version: '4.19.0', revision: '5f9cec8963'\nSystem info: os.name: 'Linux', os.arch: 'amd64', os.version: '6.8.0-1021-azure', java.version: '17.0.14'\nDriver info: driver.version: unknown","statusTrace":"org.openqa.selenium.NoSuchElementException: Element [AppiumBy.accessibilityId: Add Payment Method] wasn't visible after [15] seconds!\nException: org.openqa.selenium.TimeoutException: Expected condition failed: Element [AppiumBy.accessibilityId: Add Payment Method] wasn't visible after [15] seconds! (tried for 15 second(s) with 250 milliseconds interval)\nFor documentation on this error, please visit: https://www.selenium.dev/documentation/webdriver/troubleshooting/errors#no-such-element-exception\nBuild info: version: '4.19.0', revision: '5f9cec8963'\nSystem info: os.name: 'Linux', os.arch: 'amd64', os.version: '6.8.0-1021-azure', java.version: '17.0.14'\nDriver info: driver.version: unknown\n\tat com.gmap.core.common.handlers.WaitHandler.waitUntil(WaitHandler.java:163)\n\tat com.gmap.core.common.handlers.WaitHandler.waitForElementToBeVisible(WaitHandler.java:196)\n\tat pages.panes.AddPaymentMethodPane.checkThatTheAddPaymentMethodPanePaneIsDisplayed(AddPaymentMethodPane.java:75)\n\tat testcases.AccountTests.userTriesToAddInvalidCreditCardToWallet(AccountTests.java:405)\n\tat java.base/jdk.internal.reflect.NativeMethodAccessorImpl.invoke0(Native Method)\n\tat java.base/jdk.internal.reflect.NativeMethodAccessorImpl.invoke(NativeMethodAccessorImpl.java:77)\n\tat java.base/jdk.internal.reflect.DelegatingMethodAccessorImpl.invoke(DelegatingMethodAccessorImpl.java:43)\n\tat java.base/java.lang.reflect.Method.invoke(Method.java:569)\n\tat org.testng.internal.invokers.MethodInvocationHelper.invokeMethod(MethodInvocationHelper.java:141)\n\tat org.testng.internal.invokers.MethodInvocationHelper$1.runTestMethod(MethodInvocationHelper.java:260)\n\tat settings.hooks.Hooks.run(Hooks.java:59)\n\tat org.testng.internal.invokers.MethodInvocationHelper.invokeHookable(MethodInvocationHelper.java:274)\n\tat org.testng.internal.invokers.TestInvoker.invokeMethod(TestInvoker.java:679)\n\tat org.testng.internal.invokers.TestInvoker.invokeTestMethod(TestInvoker.java:230)\n\tat org.testng.internal.invokers.MethodRunner.runInSequence(MethodRunner.java:63)\n\tat org.testng.internal.invokers.TestInvoker$MethodInvocationAgent.invoke(TestInvoker.java:995)\n\tat org.testng.internal.invokers.TestInvoker.invokeTestMethods(TestInvoker.java:203)\n\tat org.testng.internal.invokers.TestMethodWorker.invokeTestMethods(TestMethodWorker.java:154)\n\tat org.testng.internal.invokers.TestMethodWorker.run(TestMethodWorker.java:134)\n\tat java.base/java.util.ArrayList.forEach(ArrayList.java:1511)\n\tat org.testng.TestRunner.privateRun(TestRunner.java:741)\n\tat org.testng.TestRunner.run(TestRunner.java:616)\n\tat org.testng.SuiteRunner.runTest(SuiteRunner.java:421)\n\tat org.testng.SuiteRunner$SuiteWorker.run(SuiteRunner.java:463)\n\tat org.testng.internal.thread.ThreadUtil.lambda$execute$0(ThreadUtil.java:64)\n\tat java.base/java.util.concurrent.FutureTask.run(FutureTask.java:264)\n\tat java.base/java.util.concurrent.ThreadPoolExecutor.runWorker(ThreadPoolExecutor.java:1136)\n\tat java.base/java.util.concurrent.ThreadPoolExecutor$Worker.run(ThreadPoolExecutor.java:635)\n\tat java.base/java.lang.Thread.run(Thread.java:840)\n","flaky":false,"newFailed":false,"newBroken":false,"newPassed":false,"retriesCount":0,"retriesStatusChange":false,"beforeStages":[{"name":"Base Before Test","time":{"start":1743101789038,"stop":1743101789038,"duration":0},"description":"Base Before Test","status":"passed","steps":[],"attachments":[],"parameters":[],"shouldDisplayMessage":false,"stepsCount":0,"attachmentsCount":0,"hasContent":false,"attachmentStep":false},{"name":"springTestContextBeforeTestClass","time":{"start":1743101789040,"stop":1743101789040,"duration":0},"description":"","status":"passed","steps":[],"attachments":[],"parameters":[],"shouldDisplayMessage":false,"stepsCount":0,"attachmentsCount":0,"hasContent":false,"attachmentStep":false},{"name":"springTestContextPrepareTestInstance","time":{"start":1743101789041,"stop":1743101789048,"duration":7},"description":"","status":"passed","steps":[],"attachments":[],"parameters":[],"shouldDisplayMessage":false,"stepsCount":0,"attachmentsCount":0,"hasContent":false,"attachmentStep":false},{"name":"Base Before Class","time":{"start":1743101789048,"stop":1743101791025,"duration":1977},"description":"Base Before Class","status":"passed","steps":[],"attachments":[],"parameters":[],"shouldDisplayMessage":false,"stepsCount":0,"attachmentsCount":0,"hasContent":false,"attachmentStep":false},{"name":"Base Before Test Method","time":{"start":1743102398904,"stop":1743102409372,"duration":10468},"description":"Base Before Test Method","status":"passed","steps":[],"attachments":[],"parameters":[],"shouldDisplayMessage":false,"stepsCount":0,"attachmentsCount":0,"hasContent":false,"attachmentStep":false},{"name":"springTestContextBeforeTestMethod","time":{"start":1743102398904,"stop":1743102398904,"duration":0},"description":"","status":"passed","steps":[],"attachments":[],"parameters":[],"shouldDisplayMessage":false,"stepsCount":0,"attachmentsCount":0,"hasContent":false,"attachmentStep":false},{"name":"initTestConfig","time":{"start":1743102409373,"stop":1743102409378,"duration":5},"description":"","status":"passed","steps":[],"attachments":[],"parameters":[],"shouldDisplayMessage":false,"stepsCount":0,"attachmentsCount":0,"hasContent":false,"attachmentStep":false}],"testStage":{"description":"User tries to add invalid Credit Card to wallet","status":"broken","statusMessage":"Element [AppiumBy.accessibilityId: Add Payment Method] wasn't visible after [15] seconds!\nException: org.openqa.selenium.TimeoutException: Expected condition failed: Element [AppiumBy.accessibilityId: Add Payment Method] wasn't visible after [15] seconds! (tried for 15 second(s) with 250 milliseconds interval)\nFor documentation on this error, please visit: https://www.selenium.dev/documentation/webdriver/troubleshooting/errors#no-such-element-exception\nBuild info: version: '4.19.0', revision: '5f9cec8963'\nSystem info: os.name: 'Linux', os.arch: 'amd64', os.version: '6.8.0-1021-azure', java.version: '17.0.14'\nDriver info: driver.version: unknown","statusTrace":"org.openqa.selenium.NoSuchElementException: Element [AppiumBy.accessibilityId: Add Payment Method] wasn't visible after [15] seconds!\nException: org.openqa.selenium.TimeoutException: Expected condition failed: Element [AppiumBy.accessibilityId: Add Payment Method] wasn't visible after [15] seconds! (tried for 15 second(s) with 250 milliseconds interval)\nFor documentation on this error, please visit: https://www.selenium.dev/documentation/webdriver/troubleshooting/errors#no-such-element-exception\nBuild info: version: '4.19.0', revision: '5f9cec8963'\nSystem info: os.name: 'Linux', os.arch: 'amd64', os.version: '6.8.0-1021-azure', java.version: '17.0.14'\nDriver info: driver.version: unknown\n\tat com.gmap.core.common.handlers.WaitHandler.waitUntil(WaitHandler.java:163)\n\tat com.gmap.core.common.handlers.WaitHandler.waitForElementToBeVisible(WaitHandler.java:196)\n\tat pages.panes.AddPaymentMethodPane.checkThatTheAddPaymentMethodPanePaneIsDisplayed(AddPaymentMethodPane.java:75)\n\tat testcases.AccountTests.userTriesToAddInvalidCreditCardToWallet(AccountTests.java:405)\n\tat java.base/jdk.internal.reflect.NativeMethodAccessorImpl.invoke0(Native Method)\n\tat java.base/jdk.internal.reflect.NativeMethodAccessorImpl.invoke(NativeMethodAccessorImpl.java:77)\n\tat java.base/jdk.internal.reflect.DelegatingMethodAccessorImpl.invoke(DelegatingMethodAccessorImpl.java:43)\n\tat java.base/java.lang.reflect.Method.invoke(Method.java:569)\n\tat org.testng.internal.invokers.MethodInvocationHelper.invokeMethod(MethodInvocationHelper.java:141)\n\tat org.testng.internal.invokers.MethodInvocationHelper$1.runTestMethod(MethodInvocationHelper.java:260)\n\tat settings.hooks.Hooks.run(Hooks.java:59)\n\tat org.testng.internal.invokers.MethodInvocationHelper.invokeHookable(MethodInvocationHelper.java:274)\n\tat org.testng.internal.invokers.TestInvoker.invokeMethod(TestInvoker.java:679)\n\tat org.testng.internal.invokers.TestInvoker.invokeTestMethod(TestInvoker.java:230)\n\tat org.testng.internal.invokers.MethodRunner.runInSequence(MethodRunner.java:63)\n\tat org.testng.internal.invokers.TestInvoker$MethodInvocationAgent.invoke(TestInvoker.java:995)\n\tat org.testng.internal.invokers.TestInvoker.invokeTestMethods(TestInvoker.java:203)\n\tat org.testng.internal.invokers.TestMethodWorker.invokeTestMethods(TestMethodWorker.java:154)\n\tat org.testng.internal.invokers.TestMethodWorker.run(TestMethodWorker.java:134)\n\tat java.base/java.util.ArrayList.forEach(ArrayList.java:1511)\n\tat org.testng.TestRunner.privateRun(TestRunner.java:741)\n\tat org.testng.TestRunner.run(TestRunner.java:616)\n\tat org.testng.SuiteRunner.runTest(SuiteRunner.java:421)\n\tat org.testng.SuiteRunner$SuiteWorker.run(SuiteRunner.java:463)\n\tat org.testng.internal.thread.ThreadUtil.lambda$execute$0(ThreadUtil.java:64)\n\tat java.base/java.util.concurrent.FutureTask.run(FutureTask.java:264)\n\tat java.base/java.util.concurrent.ThreadPoolExecutor.runWorker(ThreadPoolExecutor.java:1136)\n\tat java.base/java.util.concurrent.ThreadPoolExecutor$Worker.run(ThreadPoolExecutor.java:635)\n\tat java.base/java.lang.Thread.run(Thread.java:840)\n","steps":[{"name":"I check that the Saucelabs session is preserved","time":{"start":1743102420196,"stop":1743102426474,"duration":6278},"status":"passed","steps":[],"attachments":[],"parameters":[{"name":"userProfile","value":"{PHONE_COUNTRY=Poland, BUSINESS_UNIT=SE, FIRST_NAME=Jan, LAST_NAME=Kowalski, EMAIL=jan.kowalski@gmaptest.com, PHONE_COUNTRY_PREFIX=+48, PHONE_NUMBER=780780000, OTP=000000, PASSWORD=#Test123}"}],"shouldDisplayMessage":false,"stepsCount":0,"attachmentsCount":0,"hasContent":true,"attachmentStep":false},{"name":"I skip linking my card","time":{"start":1743102426474,"stop":1743102433590,"duration":7116},"status":"passed","steps":[],"attachments":[],"parameters":[{"name":"time","value":"[]"}],"shouldDisplayMessage":false,"stepsCount":0,"attachmentsCount":0,"hasContent":true,"attachmentStep":false},{"name":"I click on \"ACCOUNT\" button","time":{"start":1743102433590,"stop":1743102447019,"duration":13429},"status":"passed","steps":[],"attachments":[],"parameters":[],"shouldDisplayMessage":false,"stepsCount":0,"attachmentsCount":0,"hasContent":false,"attachmentStep":false},{"name":"I check that the \"Account Screen\" is displayed","time":{"start":1743102447019,"stop":1743102447948,"duration":929},"status":"passed","steps":[],"attachments":[],"parameters":[],"shouldDisplayMessage":false,"stepsCount":0,"attachmentsCount":0,"hasContent":false,"attachmentStep":false},{"name":"I click on \"WALLET\" tab","time":{"start":1743102447949,"stop":1743102455821,"duration":7872},"status":"passed","steps":[],"attachments":[],"parameters":[],"shouldDisplayMessage":false,"stepsCount":0,"attachmentsCount":0,"hasContent":false,"attachmentStep":false},{"name":"I check that the \"Wallet Screen\" is displayed","time":{"start":1743102455821,"stop":1743102456611,"duration":790},"status":"passed","steps":[],"attachments":[],"parameters":[],"shouldDisplayMessage":false,"stepsCount":0,"attachmentsCount":0,"hasContent":false,"attachmentStep":false},{"name":"I click on \"ADD PAYMENT\" button","time":{"start":1743102456611,"stop":1743102459897,"duration":3286},"status":"passed","steps":[],"attachments":[],"parameters":[],"shouldDisplayMessage":false,"stepsCount":0,"attachmentsCount":0,"hasContent":false,"attachmentStep":false},{"name":"I accept Terms & Conditions","time":{"start":1743102459897,"stop":1743102465439,"duration":5542},"status":"passed","steps":[],"attachments":[],"parameters":[],"shouldDisplayMessage":false,"stepsCount":0,"attachmentsCount":0,"hasContent":false,"attachmentStep":false},{"name":"I check that the \"Add Payment Method Pane\" is displayed","time":{"start":1743102465439,"stop":1743102481139,"duration":15700},"status":"broken","statusMessage":"Element [AppiumBy.accessibilityId: Add Payment Method] wasn't visible after [15] seconds!\nException: org.openqa.selenium.TimeoutException: Expected condition failed: Element [AppiumBy.accessibilityId: Add Payment Method] wasn't visible after [15] seconds! (tried for 15 second(s) with 250 milliseconds interval)\nFor documentation on this error, please visit: https://www.selenium.dev/documentation/webdriver/troubleshooting/errors#no-such-element-exception\nBuild info: version: '4.19.0', revision: '5f9cec8963'\nSystem info: os.name: 'Linux', os.arch: 'amd64', os.version: '6.8.0-1021-azure', java.version: '17.0.14'\nDriver info: driver.version: unknown","statusTrace":"org.openqa.selenium.NoSuchElementException: Element [AppiumBy.accessibilityId: Add Payment Method] wasn't visible after [15] seconds!\nException: org.openqa.selenium.TimeoutException: Expected condition failed: Element [AppiumBy.accessibilityId: Add Payment Method] wasn't visible after [15] seconds! (tried for 15 second(s) with 250 milliseconds interval)\nFor documentation on this error, please visit: https://www.selenium.dev/documentation/webdriver/troubleshooting/errors#no-such-element-exception\nBuild info: version: '4.19.0', revision: '5f9cec8963'\nSystem info: os.name: 'Linux', os.arch: 'amd64', os.version: '6.8.0-1021-azure', java.version: '17.0.14'\nDriver info: driver.version: unknown\n\tat com.gmap.core.common.handlers.WaitHandler.waitUntil(WaitHandler.java:163)\n\tat com.gmap.core.common.handlers.WaitHandler.waitForElementToBeVisible(WaitHandler.java:196)\n\tat pages.panes.AddPaymentMethodPane.checkThatTheAddPaymentMethodPanePaneIsDisplayed(AddPaymentMethodPane.java:75)\n\tat testcases.AccountTests.userTriesToAddInvalidCreditCardToWallet(AccountTests.java:405)\n\tat java.base/jdk.internal.reflect.NativeMethodAccessorImpl.invoke0(Native Method)\n\tat java.base/jdk.internal.reflect.NativeMethodAccessorImpl.invoke(NativeMethodAccessorImpl.java:77)\n\tat java.base/jdk.internal.reflect.DelegatingMethodAccessorImpl.invoke(DelegatingMethodAccessorImpl.java:43)\n\tat java.base/java.lang.reflect.Method.invoke(Method.java:569)\n\tat org.testng.internal.invokers.MethodInvocationHelper.invokeMethod(MethodInvocationHelper.java:141)\n\tat org.testng.internal.invokers.MethodInvocationHelper$1.runTestMethod(MethodInvocationHelper.java:260)\n\tat settings.hooks.Hooks.run(Hooks.java:59)\n\tat org.testng.internal.invokers.MethodInvocationHelper.invokeHookable(MethodInvocationHelper.java:274)\n\tat org.testng.internal.invokers.TestInvoker.invokeMethod(TestInvoker.java:679)\n\tat org.testng.internal.invokers.TestInvoker.invokeTestMethod(TestInvoker.java:230)\n\tat org.testng.internal.invokers.MethodRunner.runInSequence(MethodRunner.java:63)\n\tat org.testng.internal.invokers.TestInvoker$MethodInvocationAgent.invoke(TestInvoker.java:995)\n\tat org.testng.internal.invokers.TestInvoker.invokeTestMethods(TestInvoker.java:203)\n\tat org.testng.internal.invokers.TestMethodWorker.invokeTestMethods(TestMethodWorker.java:154)\n\tat org.testng.internal.invokers.TestMethodWorker.run(TestMethodWorker.java:134)\n\tat java.base/java.util.ArrayList.forEach(ArrayList.java:1511)\n\tat org.testng.TestRunner.privateRun(TestRunner.java:741)\n\tat org.testng.TestRunner.run(TestRunner.java:616)\n\tat org.testng.SuiteRunner.runTest(SuiteRunner.java:421)\n\tat org.testng.SuiteRunner$SuiteWorker.run(SuiteRunner.java:463)\n\tat org.testng.internal.thread.ThreadUtil.lambda$execute$0(ThreadUtil.java:64)\n\tat java.base/java.util.concurrent.FutureTask.run(FutureTask.java:264)\n\tat java.base/java.util.concurrent.ThreadPoolExecutor.runWorker(ThreadPoolExecutor.java:1136)\n\tat java.base/java.util.concurrent.ThreadPoolExecutor$Worker.run(ThreadPoolExecutor.java:635)\n\tat java.base/java.lang.Thread.run(Thread.java:840)\n","steps":[],"attachments":[],"parameters":[],"shouldDisplayMessage":true,"stepsCount":0,"attachmentsCount":0,"hasContent":true,"attachmentStep":false}],"attachments":[{"uid":"18976af1651574fc","name":"Screenshot | [27-03-2025]","source":"18976af1651574fc.jpg","type":"image/jpg","size":430652}],"parameters":[],"shouldDisplayMessage":false,"stepsCount":9,"attachmentsCount":1,"hasContent":true,"attachmentStep":false},"afterStages":[{"name":"springTestContextAfterTestMethod","time":{"start":1743102485782,"stop":1743102485783,"duration":1},"description":"","status":"passed","steps":[],"attachments":[],"parameters":[],"shouldDisplayMessage":false,"stepsCount":0,"attachmentsCount":0,"hasContent":false,"attachmentStep":false},{"name":"Base After Test Method","time":{"start":1743102485782,"stop":1743102485782,"duration":0},"description":"Base After Test Method","status":"passed","steps":[],"attachments":[],"parameters":[],"shouldDisplayMessage":false,"stepsCount":0,"attachmentsCount":0,"hasContent":false,"attachmentStep":false},{"name":"Base After Class","time":{"start":1743104584497,"stop":1743104584497,"duration":0},"description":"Base After Class","status":"passed","steps":[],"attachments":[],"parameters":[],"shouldDisplayMessage":false,"stepsCount":0,"attachmentsCount":0,"hasContent":false,"attachmentStep":false},{"name":"springTestContextAfterTestClass","time":{"start":1743104584497,"stop":1743104584497,"duration":0},"description":"","status":"passed","steps":[],"attachments":[],"parameters":[],"shouldDisplayMessage":false,"stepsCount":0,"attachmentsCount":0,"hasContent":false,"attachmentStep":false},{"name":"Base After Test","time":{"start":1743104584497,"stop":1743104584497,"duration":0},"description":"Base After Test","status":"passed","steps":[],"attachments":[],"parameters":[],"shouldDisplayMessage":false,"stepsCount":0,"attachmentsCount":0,"hasContent":false,"attachmentStep":false}],"labels":[{"name":"package","value":"testcases.AccountTests"},{"name":"testClass","value":"testcases.AccountTests"},{"name":"testMethod","value":"userTriesToAddInvalidCreditCardToWallet"},{"name":"parentSuite","value":"GMAP EU Mobile Test Automation - [IOS PARALLEL XML SUITE]"},{"name":"suite","value":"GMAP Tests | Account"},{"name":"subSuite","value":"testcases.AccountTests"},{"name":"host","value":"fv-az1705-536"},{"name":"thread","value":"1931@fv-az1705-536.TestNG-tests-6(27)"},{"name":"framework","value":"testng"},{"name":"language","value":"java"},{"name":"feature","value":"[GMAP] My Account"},{"name":"tag","value":"Wallet"},{"name":"tag","value":"Account"},{"name":"story","value":"[GMAP] Wallet"},{"name":"owner","value":"Kesavan - [Shanmugakesavan.Sundaramurthi@circlekeurope.com]"},{"name":"epic","value":"[GMAP] ACCOUNT"},{"name":"severity","value":"normal"},{"name":"resultFormat","value":"allure2"}],"parameters":[{"name":"arg0","value":"{EXPIRY_DATE=03/30, CVC=737, NUMBER=497794949494}"},{"name":"deviceConfig","value":"iPhone15ProMax"}],"links":[{"name":"NGRPRG-9179","url":"https://circlek.atlassian.net/browse/NGRPRG-9179","type":"tms"},{"name":"N/A","url":"https://circlek.atlassian.net/browse/N/A","type":"issue"}],"hidden":false,"retry":false,"extra":{"severity":"normal","owner":"Kesavan - [Shanmugakesavan.Sundaramurthi@circlekeurope.com]","retries":[],"categories":[{"name":"Test defects","matchedStatuses":[],"flaky":false}],"history":{"statistic":{"failed":0,"broken":2,"skipped":0,"passed":31,"unknown":0,"total":33},"items":[{"uid":"daaa8e00f9794650","reportUrl":"https://circlek-global.github.io/gmbat-tests-eu-mobile-automation/1513//#testresult/daaa8e00f9794650","status":"broken","statusDetails":"Element [By.xpath: //XCUIElementTypeStaticText[@name=\"Every card you add links automatically to earn loyalty benefits.\"]] wasn't visible after [15] seconds!\nException: org.openqa.selenium.TimeoutException: Expected condition failed: Element [By.xpath: //XCUIElementTypeStaticText[@name=\"Every card you add links automatically to earn loyalty benefits.\"]] wasn't visible after [15] seconds! (tried for 15 second(s) with 250 milliseconds interval)\nFor documentation on this error, please visit: https://www.selenium.dev/documentation/webdriver/troubleshooting/errors#no-such-element-exception\nBuild info: version: '4.19.0', revision: '5f9cec8963'\nSystem info: os.name: 'Linux', os.arch: 'amd64', os.version: '6.8.0-1021-azure', java.version: '17.0.14'\nDriver info: driver.version: unknown","time":{"start":1742841092172,"stop":1742841156284,"duration":64112}},{"uid":"cee142a55f048f52","reportUrl":"https://circlek-global.github.io/gmbat-tests-eu-mobile-automation/1472//#testresult/cee142a55f048f52","status":"passed","time":{"start":1742409651989,"stop":1742409750280,"duration":98291}},{"uid":"8eea11e5967d8cad","reportUrl":"https://circlek-global.github.io/gmbat-tests-eu-mobile-automation/1445//#testresult/8eea11e5967d8cad","status":"passed","time":{"start":1742238559501,"stop":1742238653485,"duration":93984}},{"uid":"40edc66ba20a10db","reportUrl":"https://circlek-global.github.io/gmbat-tests-eu-mobile-automation/1442//#testresult/40edc66ba20a10db","status":"passed","time":{"start":1742220146119,"stop":1742220237214,"duration":91095}},{"uid":"53bf8fe686a9dc37","reportUrl":"https://circlek-global.github.io/gmbat-tests-eu-mobile-automation/1413//#testresult/53bf8fe686a9dc37","status":"passed","time":{"start":1741892234566,"stop":1741892326956,"duration":92390}},{"uid":"c1c92354b69b020f","reportUrl":"https://circlek-global.github.io/gmbat-tests-eu-mobile-automation/1357//#testresult/c1c92354b69b020f","status":"passed","time":{"start":1741617909661,"stop":1741618008239,"duration":98578}},{"uid":"8c3e04938cd84734","reportUrl":"https://circlek-global.github.io/gmbat-tests-eu-mobile-automation/1347//#testresult/8c3e04938cd84734","status":"passed","time":{"start":1741373834149,"stop":1741373927144,"duration":92995}},{"uid":"568cc00f76784ab4","reportUrl":"https://circlek-global.github.io/gmbat-tests-eu-mobile-automation/1247//#testresult/568cc00f76784ab4","status":"passed","time":{"start":1740664961342,"stop":1740665048546,"duration":87204}},{"uid":"5af310ef86f09080","reportUrl":"https://circlek-global.github.io/gmbat-tests-eu-mobile-automation/1228//#testresult/5af310ef86f09080","status":"passed","time":{"start":1740509043481,"stop":1740509130982,"duration":87501}},{"uid":"87223bff8d75d68d","reportUrl":"https://circlek-global.github.io/gmbat-tests-eu-mobile-automation/1188//#testresult/87223bff8d75d68d","status":"passed","time":{"start":1740062599693,"stop":1740062682128,"duration":82435}},{"uid":"df68c2142e0c0bca","reportUrl":"https://circlek-global.github.io/gmbat-tests-eu-mobile-automation/1155//#testresult/df68c2142e0c0bca","status":"passed","time":{"start":1739809390234,"stop":1739809478245,"duration":88011}},{"uid":"c7b8f90faa40c104","reportUrl":"https://circlek-global.github.io/gmbat-tests-eu-mobile-automation/1088//#testresult/c7b8f90faa40c104","status":"passed","time":{"start":1738858381310,"stop":1738858474986,"duration":93676}},{"uid":"944591683ea6847e","reportUrl":"https://circlek-global.github.io/gmbat-tests-eu-mobile-automation/1053//#testresult/944591683ea6847e","status":"passed","time":{"start":1738601395341,"stop":1738601490794,"duration":95453}},{"uid":"c1d0f78e36e30105","reportUrl":"https://circlek-global.github.io/gmbat-tests-eu-mobile-automation/1045//#testresult/c1d0f78e36e30105","status":"passed","time":{"start":1738350779560,"stop":1738350867736,"duration":88176}},{"uid":"2f38c2889eb238f2","reportUrl":"https://circlek-global.github.io/gmbat-tests-eu-mobile-automation/983//#testresult/2f38c2889eb238f2","status":"passed","time":{"start":1737646368796,"stop":1737646463505,"duration":94709}},{"uid":"329c3096b6df6fc1","reportUrl":"https://circlek-global.github.io/gmbat-tests-eu-mobile-automation/957//#testresult/329c3096b6df6fc1","status":"passed","time":{"start":1737476522606,"stop":1737476609915,"duration":87309}},{"uid":"4e735915cbe7378b","reportUrl":"https://circlek-global.github.io/gmbat-tests-eu-mobile-automation/888//#testresult/4e735915cbe7378b","status":"passed","time":{"start":1736871488357,"stop":1736871578308,"duration":89951}},{"uid":"6caf6df6bde2d8c2","reportUrl":"https://circlek-global.github.io/gmbat-tests-eu-mobile-automation/861//#testresult/6caf6df6bde2d8c2","status":"passed","time":{"start":1736520883309,"stop":1736520973287,"duration":89978}},{"uid":"14077b4c280b2db6","reportUrl":"https://circlek-global.github.io/gmbat-tests-eu-mobile-automation/852//#testresult/14077b4c280b2db6","status":"passed","time":{"start":1736430770475,"stop":1736430861537,"duration":91062}},{"uid":"c71ce3af2748249f","reportUrl":"https://circlek-global.github.io/gmbat-tests-eu-mobile-automation/699//#testresult/c71ce3af2748249f","status":"passed","time":{"start":1734709397088,"stop":1734709470806,"duration":73718}}]},"tags":["Account","Wallet"]},"source":"779e0a066429791a.json","parameterValues":["{EXPIRY_DATE=03/30, CVC=737, NUMBER=497794949494}","iPhone15ProMax"]}