{"uid":"f91d7198e353564d","name":"EXTRA Tier 2 Changing 'Everyday savings' discount from Tier1 to Tier2 - SE","fullName":"testcases.ExtraTier2SETests.changingEveryDaySavingsDiscountFromTier2ToTier3SE","historyId":"ba1313c61490540f9b9f1a6dc039fbee","time":{"start":1743101564916,"stop":1743101835552,"duration":270636},"description":"EXTRA Tier 2 Changing 'Everyday savings' discount from Tier3 to Tier3 - SE","descriptionHtml":"<p>EXTRA Tier 2 Changing 'Everyday savings' discount from Tier3 to Tier3 - SE</p>\n","status":"skipped","statusMessage":"Element [By.xpath: //XCUIElementTypeStaticText[@label=\"Pay for Fuel\"] | //XCUIElementTypeStaticText[@label=\"Pay By Plate\"]] wasn't visible after [30] seconds!\nException: org.openqa.selenium.TimeoutException: Expected condition failed: Element [By.xpath: //XCUIElementTypeStaticText[@label=\"Pay for Fuel\"] | //XCUIElementTypeStaticText[@label=\"Pay By Plate\"]] wasn't visible after [30] seconds! (tried for 30 second(s) with 250 milliseconds interval)\nFor documentation on this error, please visit: https://www.selenium.dev/documentation/webdriver/troubleshooting/errors#no-such-element-exception\nBuild info: version: '4.19.0', revision: '5f9cec8963'\nSystem info: os.name: 'Linux', os.arch: 'amd64', os.version: '6.8.0-1021-azure', java.version: '17.0.14'\nDriver info: driver.version: unknown","statusTrace":"org.openqa.selenium.NoSuchElementException: Element [By.xpath: //XCUIElementTypeStaticText[@label=\"Pay for Fuel\"] | //XCUIElementTypeStaticText[@label=\"Pay By Plate\"]] wasn't visible after [30] seconds!\nException: org.openqa.selenium.TimeoutException: Expected condition failed: Element [By.xpath: //XCUIElementTypeStaticText[@label=\"Pay for Fuel\"] | //XCUIElementTypeStaticText[@label=\"Pay By Plate\"]] wasn't visible after [30] seconds! (tried for 30 second(s) with 250 milliseconds interval)\nFor documentation on this error, please visit: https://www.selenium.dev/documentation/webdriver/troubleshooting/errors#no-such-element-exception\nBuild info: version: '4.19.0', revision: '5f9cec8963'\nSystem info: os.name: 'Linux', os.arch: 'amd64', os.version: '6.8.0-1021-azure', java.version: '17.0.14'\nDriver info: driver.version: unknown\n\tat com.gmap.core.common.handlers.WaitHandler.waitUntil(WaitHandler.java:163)\n\tat com.gmap.core.common.handlers.WaitHandler.waitForElementToBeVisible(WaitHandler.java:196)\n\tat com.gmap.core.pages_common.HomePage.checkThatPayForFuelOrPlateTextIsDisplayed(HomePage.java:424)\n\tat testcases.ExtraTier2SETests.changingEveryDaySavingsDiscountFromTier2ToTier3SE(ExtraTier2SETests.java:560)\n\tat java.base/jdk.internal.reflect.NativeMethodAccessorImpl.invoke0(Native Method)\n\tat java.base/jdk.internal.reflect.NativeMethodAccessorImpl.invoke(NativeMethodAccessorImpl.java:77)\n\tat java.base/jdk.internal.reflect.DelegatingMethodAccessorImpl.invoke(DelegatingMethodAccessorImpl.java:43)\n\tat java.base/java.lang.reflect.Method.invoke(Method.java:569)\n\tat org.testng.internal.invokers.MethodInvocationHelper.invokeMethod(MethodInvocationHelper.java:141)\n\tat org.testng.internal.invokers.MethodInvocationHelper$1.runTestMethod(MethodInvocationHelper.java:260)\n\tat settings.hooks.Hooks.run(Hooks.java:59)\n\tat org.testng.internal.invokers.MethodInvocationHelper.invokeHookable(MethodInvocationHelper.java:274)\n\tat org.testng.internal.invokers.TestInvoker.invokeMethod(TestInvoker.java:679)\n\tat org.testng.internal.invokers.TestInvoker.invokeTestMethod(TestInvoker.java:230)\n\tat org.testng.internal.invokers.MethodRunner.runInSequence(MethodRunner.java:63)\n\tat org.testng.internal.invokers.TestInvoker$MethodInvocationAgent.invoke(TestInvoker.java:995)\n\tat org.testng.internal.invokers.TestInvoker.invokeTestMethods(TestInvoker.java:203)\n\tat org.testng.internal.invokers.TestMethodWorker.invokeTestMethods(TestMethodWorker.java:154)\n\tat org.testng.internal.invokers.TestMethodWorker.run(TestMethodWorker.java:134)\n\tat java.base/java.util.ArrayList.forEach(ArrayList.java:1511)\n\tat org.testng.TestRunner.privateRun(TestRunner.java:741)\n\tat org.testng.TestRunner.run(TestRunner.java:616)\n\tat org.testng.SuiteRunner.runTest(SuiteRunner.java:421)\n\tat org.testng.SuiteRunner$SuiteWorker.run(SuiteRunner.java:463)\n\tat org.testng.internal.thread.ThreadUtil.lambda$execute$0(ThreadUtil.java:64)\n\tat java.base/java.util.concurrent.FutureTask.run(FutureTask.java:264)\n\tat java.base/java.util.concurrent.ThreadPoolExecutor.runWorker(ThreadPoolExecutor.java:1136)\n\tat java.base/java.util.concurrent.ThreadPoolExecutor$Worker.run(ThreadPoolExecutor.java:635)\n\tat java.base/java.lang.Thread.run(Thread.java:840)\n","flaky":false,"newFailed":false,"newBroken":false,"newPassed":false,"retriesCount":0,"retriesStatusChange":false,"beforeStages":[{"name":"Base Before Test","time":{"start":1743099565277,"stop":1743099565278,"duration":1},"description":"Base Before Test","status":"passed","steps":[],"attachments":[],"parameters":[],"shouldDisplayMessage":false,"stepsCount":0,"attachmentsCount":0,"hasContent":false,"attachmentStep":false},{"name":"springTestContextBeforeTestClass","time":{"start":1743099565401,"stop":1743099566455,"duration":1054},"description":"","status":"passed","steps":[],"attachments":[],"parameters":[],"shouldDisplayMessage":false,"stepsCount":0,"attachmentsCount":0,"hasContent":false,"attachmentStep":false},{"name":"springTestContextPrepareTestInstance","time":{"start":1743099566455,"stop":1743099566627,"duration":172},"description":"","status":"passed","steps":[],"attachments":[],"parameters":[],"shouldDisplayMessage":false,"stepsCount":0,"attachmentsCount":0,"hasContent":false,"attachmentStep":false},{"name":"Base Before Class","time":{"start":1743099566640,"stop":1743099566640,"duration":0},"description":"Base Before Class","status":"passed","steps":[],"attachments":[],"parameters":[],"shouldDisplayMessage":false,"stepsCount":0,"attachmentsCount":0,"hasContent":false,"attachmentStep":false},{"name":"springTestContextBeforeTestMethod","time":{"start":1743101519203,"stop":1743101519204,"duration":1},"description":"","status":"passed","steps":[],"attachments":[],"parameters":[],"shouldDisplayMessage":false,"stepsCount":0,"attachmentsCount":0,"hasContent":false,"attachmentStep":false},{"name":"Base Before Test Method","time":{"start":1743101519204,"stop":1743101564012,"duration":44808},"description":"Base Before Test Method","status":"passed","steps":[],"attachments":[{"uid":"b2f14ce8d7fc743a","name":"REQUEST | POST https://api.qa.circlek.com/eu/ngrp-gmap-authn/v1/auth","source":"b2f14ce8d7fc743a.html","type":"text/html","size":619},{"uid":"31102dbf9797fd3a","name":"RESPONSE | POST https://api.qa.circlek.com/eu/ngrp-gmap-authn/v1/auth [404]","source":"31102dbf9797fd3a.html","type":"text/html","size":829}],"parameters":[],"shouldDisplayMessage":false,"stepsCount":0,"attachmentsCount":2,"hasContent":true,"attachmentStep":false},{"name":"initTestConfig","time":{"start":1743101564013,"stop":1743101564020,"duration":7},"description":"","status":"passed","steps":[],"attachments":[],"parameters":[],"shouldDisplayMessage":false,"stepsCount":0,"attachmentsCount":0,"hasContent":false,"attachmentStep":false}],"testStage":{"description":"EXTRA Tier 2 Changing 'Everyday savings' discount from Tier3 to Tier3 - SE","status":"skipped","statusMessage":"Element [By.xpath: //XCUIElementTypeStaticText[@label=\"Pay for Fuel\"] | //XCUIElementTypeStaticText[@label=\"Pay By Plate\"]] wasn't visible after [30] seconds!\nException: org.openqa.selenium.TimeoutException: Expected condition failed: Element [By.xpath: //XCUIElementTypeStaticText[@label=\"Pay for Fuel\"] | //XCUIElementTypeStaticText[@label=\"Pay By Plate\"]] wasn't visible after [30] seconds! (tried for 30 second(s) with 250 milliseconds interval)\nFor documentation on this error, please visit: https://www.selenium.dev/documentation/webdriver/troubleshooting/errors#no-such-element-exception\nBuild info: version: '4.19.0', revision: '5f9cec8963'\nSystem info: os.name: 'Linux', os.arch: 'amd64', os.version: '6.8.0-1021-azure', java.version: '17.0.14'\nDriver info: driver.version: unknown","statusTrace":"org.openqa.selenium.NoSuchElementException: Element [By.xpath: //XCUIElementTypeStaticText[@label=\"Pay for Fuel\"] | //XCUIElementTypeStaticText[@label=\"Pay By Plate\"]] wasn't visible after [30] seconds!\nException: org.openqa.selenium.TimeoutException: Expected condition failed: Element [By.xpath: //XCUIElementTypeStaticText[@label=\"Pay for Fuel\"] | //XCUIElementTypeStaticText[@label=\"Pay By Plate\"]] wasn't visible after [30] seconds! (tried for 30 second(s) with 250 milliseconds interval)\nFor documentation on this error, please visit: https://www.selenium.dev/documentation/webdriver/troubleshooting/errors#no-such-element-exception\nBuild info: version: '4.19.0', revision: '5f9cec8963'\nSystem info: os.name: 'Linux', os.arch: 'amd64', os.version: '6.8.0-1021-azure', java.version: '17.0.14'\nDriver info: driver.version: unknown\n\tat com.gmap.core.common.handlers.WaitHandler.waitUntil(WaitHandler.java:163)\n\tat com.gmap.core.common.handlers.WaitHandler.waitForElementToBeVisible(WaitHandler.java:196)\n\tat com.gmap.core.pages_common.HomePage.checkThatPayForFuelOrPlateTextIsDisplayed(HomePage.java:424)\n\tat testcases.ExtraTier2SETests.changingEveryDaySavingsDiscountFromTier2ToTier3SE(ExtraTier2SETests.java:560)\n\tat java.base/jdk.internal.reflect.NativeMethodAccessorImpl.invoke0(Native Method)\n\tat java.base/jdk.internal.reflect.NativeMethodAccessorImpl.invoke(NativeMethodAccessorImpl.java:77)\n\tat java.base/jdk.internal.reflect.DelegatingMethodAccessorImpl.invoke(DelegatingMethodAccessorImpl.java:43)\n\tat java.base/java.lang.reflect.Method.invoke(Method.java:569)\n\tat org.testng.internal.invokers.MethodInvocationHelper.invokeMethod(MethodInvocationHelper.java:141)\n\tat org.testng.internal.invokers.MethodInvocationHelper$1.runTestMethod(MethodInvocationHelper.java:260)\n\tat settings.hooks.Hooks.run(Hooks.java:59)\n\tat org.testng.internal.invokers.MethodInvocationHelper.invokeHookable(MethodInvocationHelper.java:274)\n\tat org.testng.internal.invokers.TestInvoker.invokeMethod(TestInvoker.java:679)\n\tat org.testng.internal.invokers.TestInvoker.invokeTestMethod(TestInvoker.java:230)\n\tat org.testng.internal.invokers.MethodRunner.runInSequence(MethodRunner.java:63)\n\tat org.testng.internal.invokers.TestInvoker$MethodInvocationAgent.invoke(TestInvoker.java:995)\n\tat org.testng.internal.invokers.TestInvoker.invokeTestMethods(TestInvoker.java:203)\n\tat org.testng.internal.invokers.TestMethodWorker.invokeTestMethods(TestMethodWorker.java:154)\n\tat org.testng.internal.invokers.TestMethodWorker.run(TestMethodWorker.java:134)\n\tat java.base/java.util.ArrayList.forEach(ArrayList.java:1511)\n\tat org.testng.TestRunner.privateRun(TestRunner.java:741)\n\tat org.testng.TestRunner.run(TestRunner.java:616)\n\tat org.testng.SuiteRunner.runTest(SuiteRunner.java:421)\n\tat org.testng.SuiteRunner$SuiteWorker.run(SuiteRunner.java:463)\n\tat org.testng.internal.thread.ThreadUtil.lambda$execute$0(ThreadUtil.java:64)\n\tat java.base/java.util.concurrent.FutureTask.run(FutureTask.java:264)\n\tat java.base/java.util.concurrent.ThreadPoolExecutor.runWorker(ThreadPoolExecutor.java:1136)\n\tat java.base/java.util.concurrent.ThreadPoolExecutor$Worker.run(ThreadPoolExecutor.java:635)\n\tat java.base/java.lang.Thread.run(Thread.java:840)\n","steps":[{"name":"I check that the \"Welcome Screen\" is displayed","time":{"start":1743101597083,"stop":1743101598089,"duration":1006},"status":"passed","steps":[],"attachments":[],"parameters":[],"shouldDisplayMessage":false,"stepsCount":0,"attachmentsCount":0,"hasContent":false,"attachmentStep":false},{"name":"I click on \"GET STARTED\" button","time":{"start":1743101598089,"stop":1743101602062,"duration":3973},"status":"passed","steps":[],"attachments":[],"parameters":[],"shouldDisplayMessage":false,"stepsCount":0,"attachmentsCount":0,"hasContent":false,"attachmentStep":false},{"name":"I check that the \"Choose Data Preferences Screen\" is displayed","time":{"start":1743101602062,"stop":1743101602826,"duration":764},"status":"passed","steps":[],"attachments":[],"parameters":[],"shouldDisplayMessage":false,"stepsCount":0,"attachmentsCount":0,"hasContent":false,"attachmentStep":false},{"name":"I click on \"ALLOW ALL TRACKING\" button","time":{"start":1743101602826,"stop":1743101605378,"duration":2552},"status":"passed","steps":[],"attachments":[],"parameters":[],"shouldDisplayMessage":false,"stepsCount":0,"attachmentsCount":0,"hasContent":false,"attachmentStep":false},{"name":"I check that the \"First SignIn Screen\" is displayed","time":{"start":1743101605378,"stop":1743101608410,"duration":3032},"status":"passed","steps":[],"attachments":[],"parameters":[],"shouldDisplayMessage":false,"stepsCount":0,"attachmentsCount":0,"hasContent":false,"attachmentStep":false},{"name":"I click on \"PHONE NUMBER PREFIX\" button","time":{"start":1743101608410,"stop":1743101611245,"duration":2835},"status":"passed","steps":[],"attachments":[],"parameters":[],"shouldDisplayMessage":false,"stepsCount":0,"attachmentsCount":0,"hasContent":false,"attachmentStep":false},{"name":"I check that the \"All Country List Pane\" is displayed","time":{"start":1743101611245,"stop":1743101616382,"duration":5137},"status":"passed","steps":[],"attachments":[],"parameters":[],"shouldDisplayMessage":false,"stepsCount":0,"attachmentsCount":0,"hasContent":false,"attachmentStep":false},{"name":"I enter the country name \"Poland\" in the search box","time":{"start":1743101616382,"stop":1743101623796,"duration":7414},"status":"passed","steps":[],"attachments":[],"parameters":[{"name":"Country Name:","value":"Poland"}],"shouldDisplayMessage":false,"stepsCount":0,"attachmentsCount":0,"hasContent":true,"attachmentStep":false},{"name":"I click on \"DISPLAYED COUNTRY\" button","time":{"start":1743101623796,"stop":1743101630401,"duration":6605},"status":"passed","steps":[],"attachments":[],"parameters":[],"shouldDisplayMessage":false,"stepsCount":0,"attachmentsCount":0,"hasContent":false,"attachmentStep":false},{"name":"I click on \"PHONE NUMBER\" input","time":{"start":1743101630401,"stop":1743101633683,"duration":3282},"status":"passed","steps":[],"attachments":[],"parameters":[],"shouldDisplayMessage":false,"stepsCount":0,"attachmentsCount":0,"hasContent":false,"attachmentStep":false},{"name":"I enter the phone number \"456314000\" in the input","time":{"start":1743101633683,"stop":1743101638851,"duration":5168},"status":"passed","steps":[],"attachments":[],"parameters":[{"name":"Phone number:","value":"456314000"}],"shouldDisplayMessage":false,"stepsCount":0,"attachmentsCount":0,"hasContent":true,"attachmentStep":false},{"name":"I click on \"LET'S GO\" button","time":{"start":1743101638851,"stop":1743101645393,"duration":6542},"status":"passed","steps":[],"attachments":[],"parameters":[{"name":"wait","value":"true"}],"shouldDisplayMessage":false,"stepsCount":0,"attachmentsCount":0,"hasContent":true,"attachmentStep":false},{"name":"I check that the \"Password Screen\" is displayed","time":{"start":1743101645393,"stop":1743101646148,"duration":755},"status":"passed","steps":[],"attachments":[],"parameters":[],"shouldDisplayMessage":false,"stepsCount":0,"attachmentsCount":0,"hasContent":false,"attachmentStep":false},{"name":"I click on \"PASSWORD\" input","time":{"start":1743101646148,"stop":1743101649228,"duration":3080},"status":"passed","steps":[],"attachments":[],"parameters":[],"shouldDisplayMessage":false,"stepsCount":0,"attachmentsCount":0,"hasContent":false,"attachmentStep":false},{"name":"I enter the password \"#Test123\" in the input","time":{"start":1743101649228,"stop":1743101651387,"duration":2159},"status":"passed","steps":[],"attachments":[],"parameters":[{"name":"Password:","value":"#Test123"}],"shouldDisplayMessage":false,"stepsCount":0,"attachmentsCount":0,"hasContent":true,"attachmentStep":false},{"name":"I click on \"SIGN IN\" button","time":{"start":1743101651387,"stop":1743101655556,"duration":4169},"status":"passed","steps":[],"attachments":[],"parameters":[],"shouldDisplayMessage":false,"stepsCount":0,"attachmentsCount":0,"hasContent":false,"attachmentStep":false},{"name":"I check that the \"Notification Permission Screen\" is displayed","time":{"start":1743101655557,"stop":1743101656488,"duration":931},"status":"passed","steps":[],"attachments":[],"parameters":[],"shouldDisplayMessage":false,"stepsCount":0,"attachmentsCount":0,"hasContent":false,"attachmentStep":false},{"name":"I click on \"CONTINUE\" button","time":{"start":1743101656488,"stop":1743101663277,"duration":6789},"status":"passed","steps":[{"name":"I check that the \"Location Permission Flow Screen\" is displayed","time":{"start":1743101659023,"stop":1743101663277,"duration":4254},"status":"passed","steps":[],"attachments":[],"parameters":[{"name":"time","value":"3"}],"shouldDisplayMessage":false,"stepsCount":0,"attachmentsCount":0,"hasContent":true,"attachmentStep":false}],"attachments":[],"parameters":[],"shouldDisplayMessage":false,"stepsCount":1,"attachmentsCount":0,"hasContent":true,"attachmentStep":false},{"name":"I check that the \"Location Permission Flow Screen\" is displayed","time":{"start":1743101663277,"stop":1743101664019,"duration":742},"status":"passed","steps":[],"attachments":[],"parameters":[],"shouldDisplayMessage":false,"stepsCount":0,"attachmentsCount":0,"hasContent":false,"attachmentStep":false},{"name":"I click on \"CONTINUE\" button","time":{"start":1743101664019,"stop":1743101669637,"duration":5618},"status":"passed","steps":[],"attachments":[],"parameters":[],"shouldDisplayMessage":false,"stepsCount":0,"attachmentsCount":0,"hasContent":false,"attachmentStep":false},{"name":"I close \"Tell Us What You Think Pane\"","time":{"start":1743101669637,"stop":1743101674771,"duration":5134},"status":"passed","steps":[],"attachments":[],"parameters":[{"name":"time","value":"[]"}],"shouldDisplayMessage":false,"stepsCount":0,"attachmentsCount":0,"hasContent":true,"attachmentStep":false},{"name":"I skip linking my card","time":{"start":1743101674771,"stop":1743101689784,"duration":15013},"status":"passed","steps":[],"attachments":[],"parameters":[{"name":"time","value":"[15]"}],"shouldDisplayMessage":false,"stepsCount":0,"attachmentsCount":0,"hasContent":true,"attachmentStep":false},{"name":"I handle\"Stay Informed About Offers Pane\" marketing consent","time":{"start":1743101689785,"stop":1743101696588,"duration":6803},"status":"passed","steps":[{"name":"I dismiss \"Stay Informed About Offers Pane\" marketing consent","time":{"start":1743101689785,"stop":1743101696588,"duration":6803},"status":"passed","steps":[],"attachments":[],"parameters":[],"shouldDisplayMessage":false,"stepsCount":0,"attachmentsCount":0,"hasContent":false,"attachmentStep":false}],"attachments":[],"parameters":[],"shouldDisplayMessage":false,"stepsCount":1,"attachmentsCount":0,"hasContent":true,"attachmentStep":false},{"name":"I click on \"MAYBE LATER\" button","time":{"start":1743101696588,"stop":1743101703258,"duration":6670},"status":"passed","steps":[],"attachments":[],"parameters":[],"shouldDisplayMessage":false,"stepsCount":0,"attachmentsCount":0,"hasContent":false,"attachmentStep":false},{"name":"I check that the \"Home Screen\" is displayed","time":{"start":1743101703258,"stop":1743101704315,"duration":1057},"status":"passed","steps":[],"attachments":[],"parameters":[],"shouldDisplayMessage":false,"stepsCount":0,"attachmentsCount":0,"hasContent":false,"attachmentStep":false},{"name":"I mock the location of the device to \"SWEDEN_20555\"","time":{"start":1743101704315,"stop":1743101778410,"duration":74095},"status":"passed","steps":[{"name":"I click on \"ACCOUNT\" button","time":{"start":1743101704317,"stop":1743101708079,"duration":3762},"status":"passed","steps":[],"attachments":[],"parameters":[],"shouldDisplayMessage":false,"stepsCount":0,"attachmentsCount":0,"hasContent":false,"attachmentStep":false},{"name":"I check that the \"Account Screen\" is displayed","time":{"start":1743101708079,"stop":1743101708976,"duration":897},"status":"passed","steps":[],"attachments":[],"parameters":[],"shouldDisplayMessage":false,"stepsCount":0,"attachmentsCount":0,"hasContent":false,"attachmentStep":false},{"name":"I check that the \"Profile\" tab is displayed","time":{"start":1743101708977,"stop":1743101710315,"duration":1338},"status":"passed","steps":[],"attachments":[],"parameters":[],"shouldDisplayMessage":false,"stepsCount":0,"attachmentsCount":0,"hasContent":false,"attachmentStep":false},{"name":"I click on \"BUILD NUMBER\" tab","time":{"start":1743101710315,"stop":1743101727915,"duration":17600},"status":"passed","steps":[],"attachments":[],"parameters":[],"shouldDisplayMessage":false,"stepsCount":0,"attachmentsCount":0,"hasContent":false,"attachmentStep":false},{"name":"I click on \"SET LOCATION\" button","time":{"start":1743101727915,"stop":1743101730954,"duration":3039},"status":"passed","steps":[],"attachments":[],"parameters":[],"shouldDisplayMessage":false,"stepsCount":0,"attachmentsCount":0,"hasContent":false,"attachmentStep":false},{"name":"I enter the location data of the \"SWEDEN_20555\" station","time":{"start":1743101730954,"stop":1743101740247,"duration":9293},"status":"passed","steps":[{"name":"I check \"Set Location\" page is visible","time":{"start":1743101730954,"stop":1743101731967,"duration":1013},"status":"passed","steps":[],"attachments":[],"parameters":[],"shouldDisplayMessage":false,"stepsCount":0,"attachmentsCount":0,"hasContent":false,"attachmentStep":false},{"name":"I enter the site ID \"SWEDEN_20555\" in the input","time":{"start":1743101731967,"stop":1743101737427,"duration":5460},"status":"passed","steps":[],"attachments":[],"parameters":[{"name":"Device location:","value":"SWEDEN_20555"}],"shouldDisplayMessage":false,"stepsCount":0,"attachmentsCount":0,"hasContent":true,"attachmentStep":false},{"name":"I click on \"SET LOCATION\" button","time":{"start":1743101737427,"stop":1743101740247,"duration":2820},"status":"passed","steps":[],"attachments":[],"parameters":[],"shouldDisplayMessage":false,"stepsCount":0,"attachmentsCount":0,"hasContent":false,"attachmentStep":false}],"attachments":[],"parameters":[{"name":"Device location:","value":"SWEDEN_20555"},{"name":"useStationId","value":"true"}],"shouldDisplayMessage":false,"stepsCount":3,"attachmentsCount":0,"hasContent":true,"attachmentStep":false},{"name":"I click on \"Car Wash\" advertisement","time":{"start":1743101740247,"stop":1743101747787,"duration":7540},"status":"passed","steps":[{"name":"I check if \"Car Wash\" advertisement is displayed","time":{"start":1743101743710,"stop":1743101744510,"duration":800},"status":"passed","steps":[],"attachments":[],"parameters":[{"name":"time","value":"2"}],"shouldDisplayMessage":false,"stepsCount":0,"attachmentsCount":0,"hasContent":true,"attachmentStep":false}],"attachments":[],"parameters":[],"shouldDisplayMessage":false,"stepsCount":1,"attachmentsCount":0,"hasContent":true,"attachmentStep":false},{"name":"I close and open application","time":{"start":1743101747787,"stop":1743101750496,"duration":2709},"status":"passed","steps":[],"attachments":[],"parameters":[],"shouldDisplayMessage":false,"stepsCount":0,"attachmentsCount":0,"hasContent":false,"attachmentStep":false},{"name":"I click on \"Car Wash\" advertisement","time":{"start":1743101750496,"stop":1743101766864,"duration":16368},"status":"passed","steps":[],"attachments":[],"parameters":[],"shouldDisplayMessage":false,"stepsCount":0,"attachmentsCount":0,"hasContent":false,"attachmentStep":false},{"name":"I close and open application","time":{"start":1743101766864,"stop":1743101769636,"duration":2772},"status":"passed","steps":[],"attachments":[],"parameters":[],"shouldDisplayMessage":false,"stepsCount":0,"attachmentsCount":0,"hasContent":false,"attachmentStep":false},{"name":"I make sure that the location is set correctly","time":{"start":1743101769636,"stop":1743101777292,"duration":7656},"status":"passed","steps":[],"attachments":[],"parameters":[],"shouldDisplayMessage":false,"stepsCount":0,"attachmentsCount":0,"hasContent":false,"attachmentStep":false},{"name":"I check that the \"Home Screen\" is displayed","time":{"start":1743101777292,"stop":1743101778410,"duration":1118},"status":"passed","steps":[],"attachments":[],"parameters":[],"shouldDisplayMessage":false,"stepsCount":0,"attachmentsCount":0,"hasContent":false,"attachmentStep":false}],"attachments":[],"parameters":[{"name":"Device location:","value":"SWEDEN_20555"},{"name":"useStationId","value":"true"}],"shouldDisplayMessage":false,"stepsCount":16,"attachmentsCount":0,"hasContent":true,"attachmentStep":false},{"name":"I click on \"BUY FUEL\" tab","time":{"start":1743101778410,"stop":1743101803734,"duration":25324},"status":"passed","steps":[],"attachments":[],"parameters":[],"shouldDisplayMessage":false,"stepsCount":0,"attachmentsCount":0,"hasContent":false,"attachmentStep":false},{"name":"I check that \"Pay for Fuel/Plate\" text is displayed","time":{"start":1743101803734,"stop":1743101835551,"duration":31817},"status":"broken","statusMessage":"Element [By.xpath: //XCUIElementTypeStaticText[@label=\"Pay for Fuel\"] | //XCUIElementTypeStaticText[@label=\"Pay By Plate\"]] wasn't visible after [30] seconds!\nException: org.openqa.selenium.TimeoutException: Expected condition failed: Element [By.xpath: //XCUIElementTypeStaticText[@label=\"Pay for Fuel\"] | //XCUIElementTypeStaticText[@label=\"Pay By Plate\"]] wasn't visible after [30] seconds! (tried for 30 second(s) with 250 milliseconds interval)\nFor documentation on this error, please visit: https://www.selenium.dev/documentation/webdriver/troubleshooting/errors#no-such-element-exception\nBuild info: version: '4.19.0', revision: '5f9cec8963'\nSystem info: os.name: 'Linux', os.arch: 'amd64', os.version: '6.8.0-1021-azure', java.version: '17.0.14'\nDriver info: driver.version: unknown","statusTrace":"org.openqa.selenium.NoSuchElementException: Element [By.xpath: //XCUIElementTypeStaticText[@label=\"Pay for Fuel\"] | //XCUIElementTypeStaticText[@label=\"Pay By Plate\"]] wasn't visible after [30] seconds!\nException: org.openqa.selenium.TimeoutException: Expected condition failed: Element [By.xpath: //XCUIElementTypeStaticText[@label=\"Pay for Fuel\"] | //XCUIElementTypeStaticText[@label=\"Pay By Plate\"]] wasn't visible after [30] seconds! (tried for 30 second(s) with 250 milliseconds interval)\nFor documentation on this error, please visit: https://www.selenium.dev/documentation/webdriver/troubleshooting/errors#no-such-element-exception\nBuild info: version: '4.19.0', revision: '5f9cec8963'\nSystem info: os.name: 'Linux', os.arch: 'amd64', os.version: '6.8.0-1021-azure', java.version: '17.0.14'\nDriver info: driver.version: unknown\n\tat com.gmap.core.common.handlers.WaitHandler.waitUntil(WaitHandler.java:163)\n\tat com.gmap.core.common.handlers.WaitHandler.waitForElementToBeVisible(WaitHandler.java:196)\n\tat com.gmap.core.pages_common.HomePage.checkThatPayForFuelOrPlateTextIsDisplayed(HomePage.java:424)\n\tat testcases.ExtraTier2SETests.changingEveryDaySavingsDiscountFromTier2ToTier3SE(ExtraTier2SETests.java:560)\n\tat java.base/jdk.internal.reflect.NativeMethodAccessorImpl.invoke0(Native Method)\n\tat java.base/jdk.internal.reflect.NativeMethodAccessorImpl.invoke(NativeMethodAccessorImpl.java:77)\n\tat java.base/jdk.internal.reflect.DelegatingMethodAccessorImpl.invoke(DelegatingMethodAccessorImpl.java:43)\n\tat java.base/java.lang.reflect.Method.invoke(Method.java:569)\n\tat org.testng.internal.invokers.MethodInvocationHelper.invokeMethod(MethodInvocationHelper.java:141)\n\tat org.testng.internal.invokers.MethodInvocationHelper$1.runTestMethod(MethodInvocationHelper.java:260)\n\tat settings.hooks.Hooks.run(Hooks.java:59)\n\tat org.testng.internal.invokers.MethodInvocationHelper.invokeHookable(MethodInvocationHelper.java:274)\n\tat org.testng.internal.invokers.TestInvoker.invokeMethod(TestInvoker.java:679)\n\tat org.testng.internal.invokers.TestInvoker.invokeTestMethod(TestInvoker.java:230)\n\tat org.testng.internal.invokers.MethodRunner.runInSequence(MethodRunner.java:63)\n\tat org.testng.internal.invokers.TestInvoker$MethodInvocationAgent.invoke(TestInvoker.java:995)\n\tat org.testng.internal.invokers.TestInvoker.invokeTestMethods(TestInvoker.java:203)\n\tat org.testng.internal.invokers.TestMethodWorker.invokeTestMethods(TestMethodWorker.java:154)\n\tat org.testng.internal.invokers.TestMethodWorker.run(TestMethodWorker.java:134)\n\tat java.base/java.util.ArrayList.forEach(ArrayList.java:1511)\n\tat org.testng.TestRunner.privateRun(TestRunner.java:741)\n\tat org.testng.TestRunner.run(TestRunner.java:616)\n\tat org.testng.SuiteRunner.runTest(SuiteRunner.java:421)\n\tat org.testng.SuiteRunner$SuiteWorker.run(SuiteRunner.java:463)\n\tat org.testng.internal.thread.ThreadUtil.lambda$execute$0(ThreadUtil.java:64)\n\tat java.base/java.util.concurrent.FutureTask.run(FutureTask.java:264)\n\tat java.base/java.util.concurrent.ThreadPoolExecutor.runWorker(ThreadPoolExecutor.java:1136)\n\tat java.base/java.util.concurrent.ThreadPoolExecutor$Worker.run(ThreadPoolExecutor.java:635)\n\tat java.base/java.lang.Thread.run(Thread.java:840)\n","steps":[],"attachments":[],"parameters":[],"shouldDisplayMessage":true,"stepsCount":0,"attachmentsCount":0,"hasContent":true,"attachmentStep":false}],"attachments":[],"parameters":[],"shouldDisplayMessage":false,"stepsCount":46,"attachmentsCount":0,"hasContent":true,"attachmentStep":false},"afterStages":[{"name":"Base After Test Method","time":{"start":1743101838059,"stop":1743101842517,"duration":4458},"description":"Base After Test Method","status":"passed","steps":[],"attachments":[],"parameters":[],"shouldDisplayMessage":false,"stepsCount":0,"attachmentsCount":0,"hasContent":false,"attachmentStep":false},{"name":"springTestContextAfterTestMethod","time":{"start":1743101842517,"stop":1743101842518,"duration":1},"description":"","status":"passed","steps":[],"attachments":[],"parameters":[],"shouldDisplayMessage":false,"stepsCount":0,"attachmentsCount":0,"hasContent":false,"attachmentStep":false},{"name":"Base After Test","time":{"start":1743102831017,"stop":1743102831017,"duration":0},"description":"Base After Test","status":"passed","steps":[],"attachments":[],"parameters":[],"shouldDisplayMessage":false,"stepsCount":0,"attachmentsCount":0,"hasContent":false,"attachmentStep":false},{"name":"Base After Class","time":{"start":1743102831017,"stop":1743102831017,"duration":0},"description":"Base After Class","status":"passed","steps":[],"attachments":[],"parameters":[],"shouldDisplayMessage":false,"stepsCount":0,"attachmentsCount":0,"hasContent":false,"attachmentStep":false},{"name":"springTestContextAfterTestClass","time":{"start":1743102831017,"stop":1743102831017,"duration":0},"description":"","status":"passed","steps":[],"attachments":[],"parameters":[],"shouldDisplayMessage":false,"stepsCount":0,"attachmentsCount":0,"hasContent":false,"attachmentStep":false}],"labels":[{"name":"package","value":"testcases.ExtraTier2SETests"},{"name":"testClass","value":"testcases.ExtraTier2SETests"},{"name":"testMethod","value":"changingEveryDaySavingsDiscountFromTier2ToTier3SE"},{"name":"parentSuite","value":"GMAP EU Mobile Test Automation - [IOS PARALLEL XML SUITE]"},{"name":"suite","value":"GMAP Tests | Extra Tier 2 SE"},{"name":"subSuite","value":"testcases.ExtraTier2SETests"},{"name":"host","value":"fv-az1705-536"},{"name":"thread","value":"1931@fv-az1705-536.TestNG-tests-4(25)"},{"name":"framework","value":"testng"},{"name":"language","value":"java"},{"name":"story","value":"[GMAP] Tier discount upgrade"},{"name":"owner","value":"Dominik Jakubaszek - [dominik.jakubaszek@circlekeurope.com]"},{"name":"tag","value":"TierUpgrade"},{"name":"tag","value":"CarWash"},{"name":"feature","value":"[GMAP] CW consumption"},{"name":"epic","value":"[GMAP] Extra"},{"name":"severity","value":"normal"},{"name":"resultFormat","value":"allure2"}],"parameters":[{"name":"deviceConfig","value":"iPhone15"}],"links":[{"name":"N/A","url":"https://circlek.atlassian.net/browse/N/A","type":"issue"},{"name":"NGRPRG-32418","url":"https://circlek.atlassian.net/browse/NGRPRG-32418","type":"tms"}],"hidden":true,"retry":true,"extra":{"categories":[],"tags":["CarWash","TierUpgrade"]},"source":"f91d7198e353564d.json","parameterValues":["iPhone15"]}