{"uid":"8314255ca1e940f","name":"EXTRA Tier 2 CWS plan consumption with current flow - SE","fullName":"testcases.ExtraTier2SETests.CWSConsumptionFlowTier2SE","historyId":"6c35e622dd6720cef03399a9951d4706","time":{"start":1743161326041,"stop":1743161562750,"duration":236709},"description":"EXTRA Tier 2 CWS plan consumption with CURRENT flow - SE","descriptionHtml":"<p>EXTRA Tier 2 CWS plan consumption with CURRENT flow - SE</p>\n","status":"broken","statusMessage":"Element [By.xpath: //android.widget.TextView[contains(@text, 'You are sooo close now!') and contains(@text, '25 öre/l') and contains(@text, '20 öre/kWh')]] wasn't visible after [15] seconds!\nException: org.openqa.selenium.TimeoutException: Expected condition failed: Element [By.xpath: //android.widget.TextView[contains(@text, 'You are sooo close now!') and contains(@text, '25 öre/l') and contains(@text, '20 öre/kWh')]] wasn't visible after [15] seconds! (tried for 15 second(s) with 250 milliseconds interval)\nFor documentation on this error, please visit: https://www.selenium.dev/documentation/webdriver/troubleshooting/errors#no-such-element-exception\nBuild info: version: '4.19.0', revision: '5f9cec8963'\nSystem info: os.name: 'Linux', os.arch: 'amd64', os.version: '6.8.0-1021-azure', java.version: '17.0.14'\nDriver info: driver.version: unknown","statusTrace":"org.openqa.selenium.NoSuchElementException: Element [By.xpath: //android.widget.TextView[contains(@text, 'You are sooo close now!') and contains(@text, '25 öre/l') and contains(@text, '20 öre/kWh')]] wasn't visible after [15] seconds!\nException: org.openqa.selenium.TimeoutException: Expected condition failed: Element [By.xpath: //android.widget.TextView[contains(@text, 'You are sooo close now!') and contains(@text, '25 öre/l') and contains(@text, '20 öre/kWh')]] wasn't visible after [15] seconds! (tried for 15 second(s) with 250 milliseconds interval)\nFor documentation on this error, please visit: https://www.selenium.dev/documentation/webdriver/troubleshooting/errors#no-such-element-exception\nBuild info: version: '4.19.0', revision: '5f9cec8963'\nSystem info: os.name: 'Linux', os.arch: 'amd64', os.version: '6.8.0-1021-azure', java.version: '17.0.14'\nDriver info: driver.version: unknown\n\tat com.gmap.core.common.handlers.WaitHandler.waitUntil(WaitHandler.java:163)\n\tat com.gmap.core.common.handlers.WaitHandler.waitForElementToBeVisible(WaitHandler.java:196)\n\tat com.gmap.core.pages_common.HomePage.checkThatCheerUpMessageTierIsDisplayed(HomePage.java:1079)\n\tat testcases.ExtraTier2SETests.CWSConsumptionFlowTier2SE(ExtraTier2SETests.java:420)\n\tat java.base/jdk.internal.reflect.NativeMethodAccessorImpl.invoke0(Native Method)\n\tat java.base/jdk.internal.reflect.NativeMethodAccessorImpl.invoke(NativeMethodAccessorImpl.java:77)\n\tat java.base/jdk.internal.reflect.DelegatingMethodAccessorImpl.invoke(DelegatingMethodAccessorImpl.java:43)\n\tat java.base/java.lang.reflect.Method.invoke(Method.java:569)\n\tat org.testng.internal.invokers.MethodInvocationHelper.invokeMethod(MethodInvocationHelper.java:141)\n\tat org.testng.internal.invokers.MethodInvocationHelper$1.runTestMethod(MethodInvocationHelper.java:260)\n\tat settings.hooks.Hooks.run(Hooks.java:59)\n\tat org.testng.internal.invokers.MethodInvocationHelper.invokeHookable(MethodInvocationHelper.java:274)\n\tat org.testng.internal.invokers.TestInvoker.invokeMethod(TestInvoker.java:679)\n\tat org.testng.internal.invokers.TestInvoker.retryFailed(TestInvoker.java:269)\n\tat org.testng.internal.invokers.MethodRunner.runInSequence(MethodRunner.java:76)\n\tat org.testng.internal.invokers.TestInvoker$MethodInvocationAgent.invoke(TestInvoker.java:995)\n\tat org.testng.internal.invokers.TestInvoker.invokeTestMethods(TestInvoker.java:203)\n\tat org.testng.internal.invokers.TestMethodWorker.invokeTestMethods(TestMethodWorker.java:154)\n\tat org.testng.internal.invokers.TestMethodWorker.run(TestMethodWorker.java:134)\n\tat java.base/java.util.ArrayList.forEach(ArrayList.java:1511)\n\tat org.testng.TestRunner.privateRun(TestRunner.java:741)\n\tat org.testng.TestRunner.run(TestRunner.java:616)\n\tat org.testng.SuiteRunner.runTest(SuiteRunner.java:421)\n\tat org.testng.SuiteRunner$SuiteWorker.run(SuiteRunner.java:463)\n\tat org.testng.internal.thread.ThreadUtil.lambda$execute$0(ThreadUtil.java:64)\n\tat java.base/java.util.concurrent.FutureTask.run(FutureTask.java:264)\n\tat java.base/java.util.concurrent.ThreadPoolExecutor.runWorker(ThreadPoolExecutor.java:1136)\n\tat java.base/java.util.concurrent.ThreadPoolExecutor$Worker.run(ThreadPoolExecutor.java:635)\n\tat java.base/java.lang.Thread.run(Thread.java:840)\n","flaky":false,"newFailed":false,"newBroken":false,"newPassed":false,"retriesCount":1,"retriesStatusChange":true,"beforeStages":[{"name":"Base Before Test","time":{"start":1743158047621,"stop":1743158047621,"duration":0},"description":"Base Before Test","status":"passed","steps":[],"attachments":[],"parameters":[],"shouldDisplayMessage":false,"stepsCount":0,"attachmentsCount":0,"hasContent":false,"attachmentStep":false},{"name":"springTestContextBeforeTestClass","time":{"start":1743158047764,"stop":1743158048808,"duration":1044},"description":"","status":"passed","steps":[],"attachments":[],"parameters":[],"shouldDisplayMessage":false,"stepsCount":0,"attachmentsCount":0,"hasContent":false,"attachmentStep":false},{"name":"springTestContextPrepareTestInstance","time":{"start":1743158048808,"stop":1743158048975,"duration":167},"description":"","status":"passed","steps":[],"attachments":[],"parameters":[],"shouldDisplayMessage":false,"stepsCount":0,"attachmentsCount":0,"hasContent":false,"attachmentStep":false},{"name":"Base Before Class","time":{"start":1743158048984,"stop":1743158048984,"duration":0},"description":"Base Before Class","status":"passed","steps":[],"attachments":[],"parameters":[],"shouldDisplayMessage":false,"stepsCount":0,"attachmentsCount":0,"hasContent":false,"attachmentStep":false},{"name":"springTestContextBeforeTestMethod","time":{"start":1743161263004,"stop":1743161263004,"duration":0},"description":"","status":"passed","steps":[],"attachments":[],"parameters":[],"shouldDisplayMessage":false,"stepsCount":0,"attachmentsCount":0,"hasContent":false,"attachmentStep":false},{"name":"Base Before Test Method","time":{"start":1743161263004,"stop":1743161325287,"duration":62283},"description":"Base Before Test Method","status":"passed","steps":[],"attachments":[{"uid":"66d4e80c6a903388","name":"REQUEST | POST https://api.uat.circlek.com/eu/ngrp-gmap-authn/v1/auth","source":"66d4e80c6a903388.html","type":"text/html","size":621},{"uid":"8d622d7f9c6d6de8","name":"RESPONSE | POST https://api.uat.circlek.com/eu/ngrp-gmap-authn/v1/auth [404]","source":"8d622d7f9c6d6de8.html","type":"text/html","size":747}],"parameters":[],"shouldDisplayMessage":false,"stepsCount":0,"attachmentsCount":2,"hasContent":true,"attachmentStep":false},{"name":"initTestConfig","time":{"start":1743161325287,"stop":1743161325302,"duration":15},"description":"","status":"passed","steps":[],"attachments":[],"parameters":[],"shouldDisplayMessage":false,"stepsCount":0,"attachmentsCount":0,"hasContent":false,"attachmentStep":false}],"testStage":{"description":"EXTRA Tier 2 CWS plan consumption with CURRENT flow - SE","status":"broken","statusMessage":"Element [By.xpath: //android.widget.TextView[contains(@text, 'You are sooo close now!') and contains(@text, '25 öre/l') and contains(@text, '20 öre/kWh')]] wasn't visible after [15] seconds!\nException: org.openqa.selenium.TimeoutException: Expected condition failed: Element [By.xpath: //android.widget.TextView[contains(@text, 'You are sooo close now!') and contains(@text, '25 öre/l') and contains(@text, '20 öre/kWh')]] wasn't visible after [15] seconds! (tried for 15 second(s) with 250 milliseconds interval)\nFor documentation on this error, please visit: https://www.selenium.dev/documentation/webdriver/troubleshooting/errors#no-such-element-exception\nBuild info: version: '4.19.0', revision: '5f9cec8963'\nSystem info: os.name: 'Linux', os.arch: 'amd64', os.version: '6.8.0-1021-azure', java.version: '17.0.14'\nDriver info: driver.version: unknown","statusTrace":"org.openqa.selenium.NoSuchElementException: Element [By.xpath: //android.widget.TextView[contains(@text, 'You are sooo close now!') and contains(@text, '25 öre/l') and contains(@text, '20 öre/kWh')]] wasn't visible after [15] seconds!\nException: org.openqa.selenium.TimeoutException: Expected condition failed: Element [By.xpath: //android.widget.TextView[contains(@text, 'You are sooo close now!') and contains(@text, '25 öre/l') and contains(@text, '20 öre/kWh')]] wasn't visible after [15] seconds! (tried for 15 second(s) with 250 milliseconds interval)\nFor documentation on this error, please visit: https://www.selenium.dev/documentation/webdriver/troubleshooting/errors#no-such-element-exception\nBuild info: version: '4.19.0', revision: '5f9cec8963'\nSystem info: os.name: 'Linux', os.arch: 'amd64', os.version: '6.8.0-1021-azure', java.version: '17.0.14'\nDriver info: driver.version: unknown\n\tat com.gmap.core.common.handlers.WaitHandler.waitUntil(WaitHandler.java:163)\n\tat com.gmap.core.common.handlers.WaitHandler.waitForElementToBeVisible(WaitHandler.java:196)\n\tat com.gmap.core.pages_common.HomePage.checkThatCheerUpMessageTierIsDisplayed(HomePage.java:1079)\n\tat testcases.ExtraTier2SETests.CWSConsumptionFlowTier2SE(ExtraTier2SETests.java:420)\n\tat java.base/jdk.internal.reflect.NativeMethodAccessorImpl.invoke0(Native Method)\n\tat java.base/jdk.internal.reflect.NativeMethodAccessorImpl.invoke(NativeMethodAccessorImpl.java:77)\n\tat java.base/jdk.internal.reflect.DelegatingMethodAccessorImpl.invoke(DelegatingMethodAccessorImpl.java:43)\n\tat java.base/java.lang.reflect.Method.invoke(Method.java:569)\n\tat org.testng.internal.invokers.MethodInvocationHelper.invokeMethod(MethodInvocationHelper.java:141)\n\tat org.testng.internal.invokers.MethodInvocationHelper$1.runTestMethod(MethodInvocationHelper.java:260)\n\tat settings.hooks.Hooks.run(Hooks.java:59)\n\tat org.testng.internal.invokers.MethodInvocationHelper.invokeHookable(MethodInvocationHelper.java:274)\n\tat org.testng.internal.invokers.TestInvoker.invokeMethod(TestInvoker.java:679)\n\tat org.testng.internal.invokers.TestInvoker.retryFailed(TestInvoker.java:269)\n\tat org.testng.internal.invokers.MethodRunner.runInSequence(MethodRunner.java:76)\n\tat org.testng.internal.invokers.TestInvoker$MethodInvocationAgent.invoke(TestInvoker.java:995)\n\tat org.testng.internal.invokers.TestInvoker.invokeTestMethods(TestInvoker.java:203)\n\tat org.testng.internal.invokers.TestMethodWorker.invokeTestMethods(TestMethodWorker.java:154)\n\tat org.testng.internal.invokers.TestMethodWorker.run(TestMethodWorker.java:134)\n\tat java.base/java.util.ArrayList.forEach(ArrayList.java:1511)\n\tat org.testng.TestRunner.privateRun(TestRunner.java:741)\n\tat org.testng.TestRunner.run(TestRunner.java:616)\n\tat org.testng.SuiteRunner.runTest(SuiteRunner.java:421)\n\tat org.testng.SuiteRunner$SuiteWorker.run(SuiteRunner.java:463)\n\tat org.testng.internal.thread.ThreadUtil.lambda$execute$0(ThreadUtil.java:64)\n\tat java.base/java.util.concurrent.FutureTask.run(FutureTask.java:264)\n\tat java.base/java.util.concurrent.ThreadPoolExecutor.runWorker(ThreadPoolExecutor.java:1136)\n\tat java.base/java.util.concurrent.ThreadPoolExecutor$Worker.run(ThreadPoolExecutor.java:635)\n\tat java.base/java.lang.Thread.run(Thread.java:840)\n","steps":[{"name":"I check that the \"Welcome Screen\" is displayed","time":{"start":1743161354231,"stop":1743161354981,"duration":750},"status":"passed","steps":[],"attachments":[],"parameters":[],"shouldDisplayMessage":false,"stepsCount":0,"attachmentsCount":0,"hasContent":false,"attachmentStep":false},{"name":"I click on \"GET STARTED\" button","time":{"start":1743161354981,"stop":1743161358179,"duration":3198},"status":"passed","steps":[],"attachments":[],"parameters":[],"shouldDisplayMessage":false,"stepsCount":0,"attachmentsCount":0,"hasContent":false,"attachmentStep":false},{"name":"I check that the \"Choose Data Preferences Screen\" is displayed","time":{"start":1743161358179,"stop":1743161359087,"duration":908},"status":"passed","steps":[],"attachments":[],"parameters":[],"shouldDisplayMessage":false,"stepsCount":0,"attachmentsCount":0,"hasContent":false,"attachmentStep":false},{"name":"I click on \"ALLOW ALL TRACKING\" button","time":{"start":1743161359087,"stop":1743161361002,"duration":1915},"status":"passed","steps":[],"attachments":[],"parameters":[],"shouldDisplayMessage":false,"stepsCount":0,"attachmentsCount":0,"hasContent":false,"attachmentStep":false},{"name":"I check that the \"First SignIn Screen\" is displayed","time":{"start":1743161361003,"stop":1743161362013,"duration":1010},"status":"passed","steps":[],"attachments":[],"parameters":[],"shouldDisplayMessage":false,"stepsCount":0,"attachmentsCount":0,"hasContent":false,"attachmentStep":false},{"name":"I click on \"PHONE NUMBER PREFIX\" button","time":{"start":1743161362013,"stop":1743161364160,"duration":2147},"status":"passed","steps":[],"attachments":[],"parameters":[],"shouldDisplayMessage":false,"stepsCount":0,"attachmentsCount":0,"hasContent":false,"attachmentStep":false},{"name":"I check that the \"All Country List Pane\" is displayed","time":{"start":1743161364160,"stop":1743161366854,"duration":2694},"status":"passed","steps":[],"attachments":[],"parameters":[],"shouldDisplayMessage":false,"stepsCount":0,"attachmentsCount":0,"hasContent":false,"attachmentStep":false},{"name":"I enter the country name \"Poland\" in the search box","time":{"start":1743161366854,"stop":1743161368882,"duration":2028},"status":"passed","steps":[],"attachments":[],"parameters":[{"name":"Country Name:","value":"Poland"}],"shouldDisplayMessage":false,"stepsCount":0,"attachmentsCount":0,"hasContent":true,"attachmentStep":false},{"name":"I click on \"DISPLAYED COUNTRY\" button","time":{"start":1743161368882,"stop":1743161372643,"duration":3761},"status":"passed","steps":[],"attachments":[],"parameters":[],"shouldDisplayMessage":false,"stepsCount":0,"attachmentsCount":0,"hasContent":false,"attachmentStep":false},{"name":"I click on \"PHONE NUMBER\" input","time":{"start":1743161372643,"stop":1743161375581,"duration":2938},"status":"passed","steps":[],"attachments":[],"parameters":[],"shouldDisplayMessage":false,"stepsCount":0,"attachmentsCount":0,"hasContent":false,"attachmentStep":false},{"name":"I enter the phone number \"535663000\" in the input","time":{"start":1743161375581,"stop":1743161386645,"duration":11064},"status":"passed","steps":[],"attachments":[],"parameters":[{"name":"Phone number:","value":"535663000"}],"shouldDisplayMessage":false,"stepsCount":0,"attachmentsCount":0,"hasContent":true,"attachmentStep":false},{"name":"I click on \"LET'S GO\" button","time":{"start":1743161386645,"stop":1743161395212,"duration":8567},"status":"passed","steps":[],"attachments":[],"parameters":[{"name":"wait","value":"true"}],"shouldDisplayMessage":false,"stepsCount":0,"attachmentsCount":0,"hasContent":true,"attachmentStep":false},{"name":"I check that the \"Password Screen\" is displayed","time":{"start":1743161395212,"stop":1743161395813,"duration":601},"status":"passed","steps":[],"attachments":[],"parameters":[],"shouldDisplayMessage":false,"stepsCount":0,"attachmentsCount":0,"hasContent":false,"attachmentStep":false},{"name":"I click on \"PASSWORD\" input","time":{"start":1743161395813,"stop":1743161398726,"duration":2913},"status":"passed","steps":[],"attachments":[],"parameters":[],"shouldDisplayMessage":false,"stepsCount":0,"attachmentsCount":0,"hasContent":false,"attachmentStep":false},{"name":"I enter the password \"#Test123\" in the input","time":{"start":1743161398726,"stop":1743161403381,"duration":4655},"status":"passed","steps":[],"attachments":[],"parameters":[{"name":"Password:","value":"#Test123"}],"shouldDisplayMessage":false,"stepsCount":0,"attachmentsCount":0,"hasContent":true,"attachmentStep":false},{"name":"I click on \"SIGN IN\" button","time":{"start":1743161403381,"stop":1743161409309,"duration":5928},"status":"passed","steps":[],"attachments":[],"parameters":[],"shouldDisplayMessage":false,"stepsCount":0,"attachmentsCount":0,"hasContent":false,"attachmentStep":false},{"name":"I check that the \"Notification Permission Screen\" is displayed","time":{"start":1743161409311,"stop":1743161410400,"duration":1089},"status":"passed","steps":[],"attachments":[],"parameters":[],"shouldDisplayMessage":false,"stepsCount":0,"attachmentsCount":0,"hasContent":false,"attachmentStep":false},{"name":"I click on \"CONTINUE\" button","time":{"start":1743161410400,"stop":1743161412376,"duration":1976},"status":"passed","steps":[],"attachments":[],"parameters":[],"shouldDisplayMessage":false,"stepsCount":0,"attachmentsCount":0,"hasContent":false,"attachmentStep":false},{"name":"I check that the \"Location Permission Flow Screen\" is displayed","time":{"start":1743161412376,"stop":1743161413429,"duration":1053},"status":"passed","steps":[],"attachments":[],"parameters":[],"shouldDisplayMessage":false,"stepsCount":0,"attachmentsCount":0,"hasContent":false,"attachmentStep":false},{"name":"I click on \"CONTINUE\" button","time":{"start":1743161413429,"stop":1743161415464,"duration":2035},"status":"passed","steps":[],"attachments":[],"parameters":[],"shouldDisplayMessage":false,"stepsCount":0,"attachmentsCount":0,"hasContent":false,"attachmentStep":false},{"name":"I close \"Tell Us What You Think Pane\"","time":{"start":1743161415464,"stop":1743161421903,"duration":6439},"status":"passed","steps":[],"attachments":[],"parameters":[{"name":"time","value":"[]"}],"shouldDisplayMessage":false,"stepsCount":0,"attachmentsCount":0,"hasContent":true,"attachmentStep":false},{"name":"I skip linking my card","time":{"start":1743161421903,"stop":1743161438311,"duration":16408},"status":"passed","steps":[],"attachments":[],"parameters":[{"name":"time","value":"[15]"}],"shouldDisplayMessage":false,"stepsCount":0,"attachmentsCount":0,"hasContent":true,"attachmentStep":false},{"name":"I handle\"Stay Informed About Offers Pane\" marketing consent","time":{"start":1743161438311,"stop":1743161444814,"duration":6503},"status":"passed","steps":[{"name":"I accept \"Stay Informed About Offers Pane\" marketing consent","time":{"start":1743161438311,"stop":1743161444814,"duration":6503},"status":"passed","steps":[],"attachments":[],"parameters":[],"shouldDisplayMessage":false,"stepsCount":0,"attachmentsCount":0,"hasContent":false,"attachmentStep":false}],"attachments":[],"parameters":[],"shouldDisplayMessage":false,"stepsCount":1,"attachmentsCount":0,"hasContent":true,"attachmentStep":false},{"name":"I click on \"MAYBE LATER\" button","time":{"start":1743161444814,"stop":1743161451427,"duration":6613},"status":"passed","steps":[],"attachments":[],"parameters":[],"shouldDisplayMessage":false,"stepsCount":0,"attachmentsCount":0,"hasContent":false,"attachmentStep":false},{"name":"I check that the \"Home Screen\" is displayed","time":{"start":1743161451427,"stop":1743161452123,"duration":696},"status":"passed","steps":[],"attachments":[],"parameters":[],"shouldDisplayMessage":false,"stepsCount":0,"attachmentsCount":0,"hasContent":false,"attachmentStep":false},{"name":"I check that the location services are enabled on real device","time":{"start":1743161452123,"stop":1743161474465,"duration":22342},"status":"passed","steps":[{"name":"I check that the \"Enable location\" warning is displayed","time":{"start":1743161452124,"stop":1743161462765,"duration":10641},"status":"passed","steps":[],"attachments":[],"parameters":[],"shouldDisplayMessage":false,"stepsCount":0,"attachmentsCount":0,"hasContent":false,"attachmentStep":false},{"name":"I check that the \"We can't find you\" text is displayed","time":{"start":1743161462765,"stop":1743161474465,"duration":11700},"status":"passed","steps":[],"attachments":[],"parameters":[],"shouldDisplayMessage":false,"stepsCount":0,"attachmentsCount":0,"hasContent":false,"attachmentStep":false}],"attachments":[],"parameters":[],"shouldDisplayMessage":false,"stepsCount":2,"attachmentsCount":0,"hasContent":true,"attachmentStep":false},{"name":"I mock the location of the device to \"SWEDEN_20888\"","time":{"start":1743161474465,"stop":1743161526227,"duration":51762},"status":"passed","steps":[{"name":"I click on \"ACCOUNT\" button","time":{"start":1743161474467,"stop":1743161478130,"duration":3663},"status":"passed","steps":[],"attachments":[],"parameters":[],"shouldDisplayMessage":false,"stepsCount":0,"attachmentsCount":0,"hasContent":false,"attachmentStep":false},{"name":"I check that the \"Account Screen\" is displayed","time":{"start":1743161478130,"stop":1743161479380,"duration":1250},"status":"passed","steps":[],"attachments":[],"parameters":[],"shouldDisplayMessage":false,"stepsCount":0,"attachmentsCount":0,"hasContent":false,"attachmentStep":false},{"name":"I check that the \"Profile\" tab is displayed","time":{"start":1743161479380,"stop":1743161480093,"duration":713},"status":"passed","steps":[],"attachments":[],"parameters":[],"shouldDisplayMessage":false,"stepsCount":0,"attachmentsCount":0,"hasContent":false,"attachmentStep":false},{"name":"I click on \"BUILD NUMBER\" tab","time":{"start":1743161480093,"stop":1743161489727,"duration":9634},"status":"passed","steps":[],"attachments":[],"parameters":[],"shouldDisplayMessage":false,"stepsCount":0,"attachmentsCount":0,"hasContent":false,"attachmentStep":false},{"name":"I click on \"SET LOCATION\" button","time":{"start":1743161489727,"stop":1743161492453,"duration":2726},"status":"passed","steps":[],"attachments":[],"parameters":[],"shouldDisplayMessage":false,"stepsCount":0,"attachmentsCount":0,"hasContent":false,"attachmentStep":false},{"name":"I enter the location data of the \"SWEDEN_20888\" station","time":{"start":1743161492453,"stop":1743161510332,"duration":17879},"status":"passed","steps":[{"name":"I check \"Set Location\" page is visible","time":{"start":1743161492453,"stop":1743161493549,"duration":1096},"status":"passed","steps":[],"attachments":[],"parameters":[],"shouldDisplayMessage":false,"stepsCount":0,"attachmentsCount":0,"hasContent":false,"attachmentStep":false},{"name":"I enter the site ID \"SWEDEN_20888\" in the input","time":{"start":1743161493549,"stop":1743161508139,"duration":14590},"status":"passed","steps":[],"attachments":[],"parameters":[{"name":"Device location:","value":"SWEDEN_20888"}],"shouldDisplayMessage":false,"stepsCount":0,"attachmentsCount":0,"hasContent":true,"attachmentStep":false},{"name":"I click on \"SET LOCATION\" button","time":{"start":1743161508139,"stop":1743161510332,"duration":2193},"status":"passed","steps":[],"attachments":[],"parameters":[],"shouldDisplayMessage":false,"stepsCount":0,"attachmentsCount":0,"hasContent":false,"attachmentStep":false}],"attachments":[],"parameters":[{"name":"Device location:","value":"SWEDEN_20888"},{"name":"useStationId","value":"true"}],"shouldDisplayMessage":false,"stepsCount":3,"attachmentsCount":0,"hasContent":true,"attachmentStep":false},{"name":"I click on \"Car Wash\" advertisement","time":{"start":1743161510332,"stop":1743161516026,"duration":5694},"status":"passed","steps":[{"name":"I check if \"Car Wash\" advertisement is displayed","time":{"start":1743161513184,"stop":1743161516026,"duration":2842},"status":"passed","steps":[],"attachments":[],"parameters":[{"name":"time","value":"2"}],"shouldDisplayMessage":false,"stepsCount":0,"attachmentsCount":0,"hasContent":true,"attachmentStep":false}],"attachments":[],"parameters":[],"shouldDisplayMessage":false,"stepsCount":1,"attachmentsCount":0,"hasContent":true,"attachmentStep":false},{"name":"I close and open application","time":{"start":1743161516026,"stop":1743161517010,"duration":984},"status":"passed","steps":[],"attachments":[],"parameters":[],"shouldDisplayMessage":false,"stepsCount":0,"attachmentsCount":0,"hasContent":false,"attachmentStep":false},{"name":"I make sure that the location is set correctly","time":{"start":1743161517010,"stop":1743161522177,"duration":5167},"status":"passed","steps":[],"attachments":[],"parameters":[],"shouldDisplayMessage":false,"stepsCount":0,"attachmentsCount":0,"hasContent":false,"attachmentStep":false},{"name":"I check that the \"Home Screen\" is displayed","time":{"start":1743161522177,"stop":1743161526227,"duration":4050},"status":"passed","steps":[],"attachments":[],"parameters":[],"shouldDisplayMessage":false,"stepsCount":0,"attachmentsCount":0,"hasContent":false,"attachmentStep":false}],"attachments":[],"parameters":[{"name":"Device location:","value":"SWEDEN_20888"},{"name":"useStationId","value":"true"}],"shouldDisplayMessage":false,"stepsCount":14,"attachmentsCount":0,"hasContent":true,"attachmentStep":false},{"name":"I click on \"BUY FUEL\" tab","time":{"start":1743161526227,"stop":1743161528857,"duration":2630},"status":"passed","steps":[],"attachments":[],"parameters":[],"shouldDisplayMessage":false,"stepsCount":0,"attachmentsCount":0,"hasContent":false,"attachmentStep":false},{"name":"I check that \"Pay for Fuel/Plate\" text is displayed","time":{"start":1743161528857,"stop":1743161529737,"duration":880},"status":"passed","steps":[],"attachments":[],"parameters":[],"shouldDisplayMessage":false,"stepsCount":0,"attachmentsCount":0,"hasContent":false,"attachmentStep":false},{"name":"I swipe on the home screen to the \"DOWN\" to see \"VISITS_TAB\" section","time":{"start":1743161529737,"stop":1743161544087,"duration":14350},"status":"passed","steps":[],"attachments":[],"parameters":[{"name":"swipeDirection","value":"DOWN"},{"name":"element","value":"VISITS_TAB"}],"shouldDisplayMessage":false,"stepsCount":0,"attachmentsCount":0,"hasContent":true,"attachmentStep":false},{"name":"I check that the \"Cheer up message\" on \"TIER2\" is displayed in \"SWEDEN\"","time":{"start":1743161544087,"stop":1743161559516,"duration":15429},"status":"broken","statusMessage":"Element [By.xpath: //android.widget.TextView[contains(@text, 'You are sooo close now!') and contains(@text, '25 öre/l') and contains(@text, '20 öre/kWh')]] wasn't visible after [15] seconds!\nException: org.openqa.selenium.TimeoutException: Expected condition failed: Element [By.xpath: //android.widget.TextView[contains(@text, 'You are sooo close now!') and contains(@text, '25 öre/l') and contains(@text, '20 öre/kWh')]] wasn't visible after [15] seconds! (tried for 15 second(s) with 250 milliseconds interval)\nFor documentation on this error, please visit: https://www.selenium.dev/documentation/webdriver/troubleshooting/errors#no-such-element-exception\nBuild info: version: '4.19.0', revision: '5f9cec8963'\nSystem info: os.name: 'Linux', os.arch: 'amd64', os.version: '6.8.0-1021-azure', java.version: '17.0.14'\nDriver info: driver.version: unknown","statusTrace":"org.openqa.selenium.NoSuchElementException: Element [By.xpath: //android.widget.TextView[contains(@text, 'You are sooo close now!') and contains(@text, '25 öre/l') and contains(@text, '20 öre/kWh')]] wasn't visible after [15] seconds!\nException: org.openqa.selenium.TimeoutException: Expected condition failed: Element [By.xpath: //android.widget.TextView[contains(@text, 'You are sooo close now!') and contains(@text, '25 öre/l') and contains(@text, '20 öre/kWh')]] wasn't visible after [15] seconds! (tried for 15 second(s) with 250 milliseconds interval)\nFor documentation on this error, please visit: https://www.selenium.dev/documentation/webdriver/troubleshooting/errors#no-such-element-exception\nBuild info: version: '4.19.0', revision: '5f9cec8963'\nSystem info: os.name: 'Linux', os.arch: 'amd64', os.version: '6.8.0-1021-azure', java.version: '17.0.14'\nDriver info: driver.version: unknown\n\tat com.gmap.core.common.handlers.WaitHandler.waitUntil(WaitHandler.java:163)\n\tat com.gmap.core.common.handlers.WaitHandler.waitForElementToBeVisible(WaitHandler.java:196)\n\tat com.gmap.core.pages_common.HomePage.checkThatCheerUpMessageTierIsDisplayed(HomePage.java:1079)\n\tat testcases.ExtraTier2SETests.CWSConsumptionFlowTier2SE(ExtraTier2SETests.java:420)\n\tat java.base/jdk.internal.reflect.NativeMethodAccessorImpl.invoke0(Native Method)\n\tat java.base/jdk.internal.reflect.NativeMethodAccessorImpl.invoke(NativeMethodAccessorImpl.java:77)\n\tat java.base/jdk.internal.reflect.DelegatingMethodAccessorImpl.invoke(DelegatingMethodAccessorImpl.java:43)\n\tat java.base/java.lang.reflect.Method.invoke(Method.java:569)\n\tat org.testng.internal.invokers.MethodInvocationHelper.invokeMethod(MethodInvocationHelper.java:141)\n\tat org.testng.internal.invokers.MethodInvocationHelper$1.runTestMethod(MethodInvocationHelper.java:260)\n\tat settings.hooks.Hooks.run(Hooks.java:59)\n\tat org.testng.internal.invokers.MethodInvocationHelper.invokeHookable(MethodInvocationHelper.java:274)\n\tat org.testng.internal.invokers.TestInvoker.invokeMethod(TestInvoker.java:679)\n\tat org.testng.internal.invokers.TestInvoker.retryFailed(TestInvoker.java:269)\n\tat org.testng.internal.invokers.MethodRunner.runInSequence(MethodRunner.java:76)\n\tat org.testng.internal.invokers.TestInvoker$MethodInvocationAgent.invoke(TestInvoker.java:995)\n\tat org.testng.internal.invokers.TestInvoker.invokeTestMethods(TestInvoker.java:203)\n\tat org.testng.internal.invokers.TestMethodWorker.invokeTestMethods(TestMethodWorker.java:154)\n\tat org.testng.internal.invokers.TestMethodWorker.run(TestMethodWorker.java:134)\n\tat java.base/java.util.ArrayList.forEach(ArrayList.java:1511)\n\tat org.testng.TestRunner.privateRun(TestRunner.java:741)\n\tat org.testng.TestRunner.run(TestRunner.java:616)\n\tat org.testng.SuiteRunner.runTest(SuiteRunner.java:421)\n\tat org.testng.SuiteRunner$SuiteWorker.run(SuiteRunner.java:463)\n\tat org.testng.internal.thread.ThreadUtil.lambda$execute$0(ThreadUtil.java:64)\n\tat java.base/java.util.concurrent.FutureTask.run(FutureTask.java:264)\n\tat java.base/java.util.concurrent.ThreadPoolExecutor.runWorker(ThreadPoolExecutor.java:1136)\n\tat java.base/java.util.concurrent.ThreadPoolExecutor$Worker.run(ThreadPoolExecutor.java:635)\n\tat java.base/java.lang.Thread.run(Thread.java:840)\n","steps":[],"attachments":[],"parameters":[{"name":"extraTiers","value":"TIER2"},{"name":"businessUnits","value":"SWEDEN"}],"shouldDisplayMessage":true,"stepsCount":0,"attachmentsCount":0,"hasContent":true,"attachmentStep":false}],"attachments":[{"uid":"c620c73f2ab9e0e8","name":"Screenshot | [28-03-2025]","source":"c620c73f2ab9e0e8.jpg","type":"image/jpg","size":634235}],"parameters":[],"shouldDisplayMessage":false,"stepsCount":48,"attachmentsCount":1,"hasContent":true,"attachmentStep":false},"afterStages":[{"name":"Base After Test Method","time":{"start":1743161565135,"stop":1743161566278,"duration":1143},"description":"Base After Test Method","status":"passed","steps":[],"attachments":[],"parameters":[],"shouldDisplayMessage":false,"stepsCount":0,"attachmentsCount":0,"hasContent":false,"attachmentStep":false},{"name":"springTestContextAfterTestMethod","time":{"start":1743161566279,"stop":1743161566279,"duration":0},"description":"","status":"passed","steps":[],"attachments":[],"parameters":[],"shouldDisplayMessage":false,"stepsCount":0,"attachmentsCount":0,"hasContent":false,"attachmentStep":false},{"name":"Base After Class","time":{"start":1743163288152,"stop":1743163288153,"duration":1},"description":"Base After Class","status":"passed","steps":[],"attachments":[],"parameters":[],"shouldDisplayMessage":false,"stepsCount":0,"attachmentsCount":0,"hasContent":false,"attachmentStep":false},{"name":"Base After Test","time":{"start":1743163288153,"stop":1743163288153,"duration":0},"description":"Base After Test","status":"passed","steps":[],"attachments":[],"parameters":[],"shouldDisplayMessage":false,"stepsCount":0,"attachmentsCount":0,"hasContent":false,"attachmentStep":false},{"name":"springTestContextAfterTestClass","time":{"start":1743163288153,"stop":1743163288153,"duration":0},"description":"","status":"passed","steps":[],"attachments":[],"parameters":[],"shouldDisplayMessage":false,"stepsCount":0,"attachmentsCount":0,"hasContent":false,"attachmentStep":false}],"labels":[{"name":"package","value":"testcases.ExtraTier2SETests"},{"name":"testClass","value":"testcases.ExtraTier2SETests"},{"name":"testMethod","value":"CWSConsumptionFlowTier2SE"},{"name":"parentSuite","value":"GMAP EU Mobile Test Automation - [ANDROID PARALLEL XML SUITE]"},{"name":"suite","value":"GMAP Tests | Extra Tier 2 SE"},{"name":"subSuite","value":"testcases.ExtraTier2SETests"},{"name":"host","value":"fv-az1961-876"},{"name":"thread","value":"1946@fv-az1961-876.TestNG-tests-6(27)"},{"name":"framework","value":"testng"},{"name":"language","value":"java"},{"name":"owner","value":"Dominik Jakubaszek - [dominik.jakubaszek@circlekeurope.com]"},{"name":"feature","value":"[GMAP] CWS enrollment"},{"name":"tag","value":"CarWash"},{"name":"story","value":"[GMAP] Purchasing CWS subscription"},{"name":"epic","value":"[GMAP] Extra"},{"name":"severity","value":"normal"},{"name":"resultFormat","value":"allure2"}],"parameters":[{"name":"deviceConfig","value":"SamsungGalaxyS24"}],"links":[{"name":"NGRPRG-28367","url":"https://circlek.atlassian.net/browse/NGRPRG-28367","type":"tms"},{"name":"N/A","url":"https://circlek.atlassian.net/browse/N/A","type":"issue"},{"name":"Device logs.txt","url":"https://api.eu-central-1.saucelabs.com/v1/rdc/jobs/ecba9058d1bb421b90aecd31bb92bd79/deviceLogs"}],"hidden":false,"retry":false,"extra":{"severity":"normal","owner":"Dominik Jakubaszek - [dominik.jakubaszek@circlekeurope.com]","retries":[{"uid":"2ad3248c6f3c7c88","status":"skipped","statusDetails":"An element could not be located on the page using the given search parameters.\nFor documentation on this error, please visit: https://www.selenium.dev/documentation/webdriver/troubleshooting/errors#no-such-element-exception\nBuild info: version: '4.19.0', revision: '5f9cec8963'\nSystem info: os.name: 'Linux', os.arch: 'amd64', os.version: '6.8.0-1021-azure', java.version: '17.0.14'\nDriver info: io.appium.java_client.android.AndroidDriver\nCommand: [ce7b4813-7118-46d9-8a8f-9a200417ca44, findElement {value=//android.view.ViewGroup[ends-with(@resource-id, \"visit-active-tag-0.label\")]//android.widget.TextView, using=xpath}]\nCapabilities {appium:adbHost: 172.20.0.216, appium:adbPort: 17105, appium:appActivity: com.circlek.gmap.SplashScre..., appium:appPackage: com.circlek.gmap.eu.uat, appium:appWaitActivity: com.circlek.gmap.MainActivity, appium:appWaitDuration: 80000, appium:appiumData: {appiumVersion: latest, automationName: UiAutomator2}, appium:autoGrantPermissions: true, appium:automationName: UiAutomator2, appium:chromedriverChromeMappingFile: /root/.testobject_devices/w..., appium:chromedriverExecutableDir: /root/.testobject_devices/w..., appium:chromedriverPorts: [[3260, 3270]], appium:databaseEnabled: false, appium:desired: {adbHost: 172.20.0.216, adbPort: 17105, appActivity: com.circlek.gmap.SplashScre..., appPackage: com.circlek.gmap.eu.uat, appWaitActivity: com.circlek.gmap.MainActivity, appWaitDuration: 80000, autoGrantPermissions: true, automationName: UiAutomator2, chromedriverChromeMappingFile: /root/.testobject_devices/w..., chromedriverExecutableDir: /root/.testobject_devices/w..., chromedriverPorts: [[3260, 3270]], deviceName: Samsung_Galaxy_S24_ck2, flutterSystemPort: 22605, newCommandTimeout: 90, noReset: false, platformName: Android, remoteAdbHost: 172.20.0.216, remoteAppsCacheLimit: 0, sauce:chromeOptions: {androidDevToolsPort: 22305}, sauce:options: {accessKey: 5d20ff7c-06ab-436b-8fe9-20d..., appiumVersion: latest, build: GMAP EU | Friday: 28-03-2025, cacheId: eed02841-26e0-4910-9351-1aa..., name: [EXTRA Tier 2] CWS plan con..., username: Kamil}, suppressKillServer: true, systemPort: 21105, uiautomator2ServerInstallTimeout: 60000}, appium:deviceApiLevel: 34, appium:deviceContextId: 39f888d3-d5c4-42d1-b7c4-ca4..., appium:deviceManufacturer: samsung, appium:deviceModel: SM-S921B, appium:deviceName: R3CX30LJP3F, appium:deviceScreenDensity: 480, appium:deviceScreenSize: 1080x2340, appium:deviceUDID: R3CX30LJP3F, appium:flutterSystemPort: 22605, appium:javascriptEnabled: true, appium:jobUuid: c5bab081103749179979af1375d..., appium:locationContextEnabled: false, appium:networkConnectionEnabled: true, appium:newCommandTimeout: 90, appium:noReset: false, appium:pixelRatio: 3, appium:platformVersion: 14, appium:remoteAdbHost: 172.20.0.216, appium:remoteAppsCacheLimit: 0, appium:statBarHeight: 84, appium:suppressKillServer: true, appium:systemPort: 21105, appium:takesScreenshot: true, appium:testobject_device: Samsung_Galaxy_S24_ck2, appium:testobject_device_name: Samsung Galaxy S24, appium:testobject_device_session_id: 8095c749-3147-4751-a8ec-6d4..., appium:testobject_test_report_api_url: https://api.eu-central-1.sa..., appium:testobject_test_report_url: https://app.eu-central-1.sa..., appium:testobject_user_id: TomaszPopiolek, appium:uiautomator2ServerInstallTimeout: 60000, appium:usedCachedDevice: false, appium:viewportRect: {height: 2256, left: 0, top: 84, width: 1080}, appium:warnings: {}, appium:webStorageEnabled: false, platformName: ANDROID, sauce:chromeOptions: {androidDevToolsPort: 22305}, sauce:options: {accessKey: 5d20ff7c-06ab-436b-8fe9-20d..., appiumVersion: latest, build: GMAP EU | Friday: 28-03-2025, cacheId: eed02841-26e0-4910-9351-1aa..., name: [EXTRA Tier 2] CWS plan con..., username: Kamil}}\nSession ID: ce7b4813-7118-46d9-8a8f-9a200417ca44","time":{"start":1743160929055,"stop":1743161258570,"duration":329515}}],"categories":[{"name":"Test defects","matchedStatuses":[],"flaky":false}],"history":{"statistic":{"failed":0,"broken":23,"skipped":12,"passed":81,"unknown":0,"total":116},"items":[{"uid":"75447d930512c8a6","reportUrl":"https://circlek-global.github.io/gmbat-tests-eu-mobile-automation/1558//#testresult/75447d930512c8a6","status":"broken","statusDetails":"Element [By.xpath: //android.widget.TextView[contains(@text, 'You are sooo close now!') and contains(@text, '25 öre/l') and contains(@text, '20 öre/kWh')]] wasn't visible after [15] seconds!\nException: org.openqa.selenium.TimeoutException: Expected condition failed: Element [By.xpath: //android.widget.TextView[contains(@text, 'You are sooo close now!') and contains(@text, '25 öre/l') and contains(@text, '20 öre/kWh')]] wasn't visible after [15] seconds! (tried for 15 second(s) with 250 milliseconds interval)\nFor documentation on this error, please visit: https://www.selenium.dev/documentation/webdriver/troubleshooting/errors#no-such-element-exception\nBuild info: version: '4.19.0', revision: '5f9cec8963'\nSystem info: os.name: 'Linux', os.arch: 'amd64', os.version: '6.8.0-1021-azure', java.version: '17.0.14'\nDriver info: driver.version: unknown","time":{"start":1743078158687,"stop":1743078344159,"duration":185472}},{"uid":"bede8fa4d9c9611d","reportUrl":"https://circlek-global.github.io/gmbat-tests-eu-mobile-automation/1544//#testresult/bede8fa4d9c9611d","status":"passed","time":{"start":1742980424834,"stop":1742980767508,"duration":342674}},{"uid":"b085d339943e34fd","reportUrl":"https://circlek-global.github.io/gmbat-tests-eu-mobile-automation/1527//#testresult/b085d339943e34fd","status":"passed","time":{"start":1742912402148,"stop":1742912775220,"duration":373072}},{"uid":"17cd2ca1a76bf62d","reportUrl":"https://circlek-global.github.io/gmbat-tests-eu-mobile-automation/1495//#testresult/17cd2ca1a76bf62d","status":"broken","statusDetails":"Test '[EXTRA Tier 2] CWS plan consumption with current flow - SE' failed due to configuration error!\nError details\n1 expectation failed.\nExpected status code <200> but was <422>.\n\nOn fail message: {\n    \"timestamp\": \"2025-03-21T12:36:01.099Z\",\n    \"uniqueErrorId\": \"5654792e-2fe2-4381-8451-b91a46d979a8\",\n    \"message\": \"Could not register subscription because of Liquid Barcodes error [PaymentError]\",\n    \"errorCode\": \"SUBSCRIPTION_NOT_STARTED\"\n}\n----------------------------------------\n\n[java.base/jdk.internal.reflect.GeneratedConstructorAccessor198.newInstance(Unknown Source), java.base/jdk.internal.reflect.DelegatingConstructorAccessorImpl.newInstance(DelegatingConstructorAccessorImpl.java:45), java.base/java.lang.reflect.Constructor.newInstanceWithCaller(Constructor.java:500), java.base/java.lang.reflect.Constructor.newInstance(Constructor.java:481), org.codehaus.groovy.reflection.CachedConstructor.invoke(CachedConstructor.java:73), org.codehaus.groovy.runtime.callsite.ConstructorSite$ConstructorSiteNoUnwrapNoCoerce.callConstructor(ConstructorSite.java:108), org.codehaus.groovy.runtime.callsite.AbstractCallSite.callConstructor(AbstractCallSite.java:277), io.restassured.internal.ResponseSpecificationImpl$HamcrestAssertionClosure.validate(ResponseSpecificationImpl.groovy:512), io.restassured.internal.ResponseSpecificationImpl$HamcrestAssertionClosure$validate$1.call(Unknown Source), io.restassured.internal.ResponseSpecificationImpl.validateResponseIfRequired(ResponseSpecificationImpl.groovy:696), io.restassured.internal.ResponseSpecificationImpl.this$2$validateResponseIfRequired(ResponseSpecificationImpl.groovy), jdk.internal.reflect.GeneratedMethodAccessor176.invoke(Unknown Source), java.base/jdk.internal.reflect.DelegatingMethodAccessorImpl.invoke(DelegatingMethodAccessorImpl.java:43), java.base/java.lang.reflect.Method.invoke(Method.java:569), org.codehaus.groovy.runtime.callsite.PlainObjectMetaMethodSite.doInvoke(PlainObjectMetaMethodSite.java:43), org.codehaus.groovy.runtime.callsite.PogoMetaMethodSite$PogoCachedMethodSiteNoUnwrapNoCoerce.invoke(PogoMetaMethodSite.java:198), org.codehaus.groovy.runtime.callsite.PogoMetaMethodSite.callCurrent(PogoMetaMethodSite.java:62), org.codehaus.groovy.runtime.callsite.AbstractCallSite.callCurrent(AbstractCallSite.java:185), io.restassured.internal.ResponseSpecificationImpl.statusCode(ResponseSpecificationImpl.groovy:135), io.restassured.specification.ResponseSpecification$statusCode$1.callCurrent(Unknown Source), io.restassured.internal.ResponseSpecificationImpl.statusCode(ResponseSpecificationImpl.groovy:143), io.restassured.internal.ValidatableResponseOptionsImpl.statusCode(ValidatableResponseOptionsImpl.java:89), com.gmap.core.API.BaseUtils.validateServerResponse(BaseUtils.java:90), settings.hooks.utils.CommonTestsSetup.registerCWSInLiquidBarcode(CommonTestsSetup.java:881), settings.hooks.utils.CommonTestsSetup.enrollUserToCWS(CommonTestsSetup.java:713), settings.hooks.HooksActions.handleEnrollCWS(HooksActions.java:820), settings.hooks.HooksActions.lambda$enrollCWSHandler$45(HooksActions.java:482), com.gmap.core.interfaces.ConditionalExecutor.conditionalAction(ConditionalExecutor.java:21), settings.hooks.HooksActions.enrollCWSHandler(HooksActions.java:481), settings.hooks.HooksActions.lambda$testMethodActions$11(HooksActions.java:294), settings.hooks.HooksActions.lambda$testMethodActions$18(HooksActions.java:306), java.base/java.util.stream.ForEachOps$ForEachOp$OfRef.accept(ForEachOps.java:183), java.base/java.util.stream.ReferencePipeline$2$1.accept(ReferencePipeline.java:179), java.base/java.util.Spliterators$ArraySpliterator.forEachRemaining(Spliterators.java:992), java.base/java.util.stream.AbstractPipeline.copyInto(AbstractPipeline.java:509), java.base/java.util.stream.AbstractPipeline.wrapAndCopyInto(AbstractPipeline.java:499), java.base/java.util.stream.ForEachOps$ForEachOp.evaluateSequential(ForEachOps.java:150), java.base/java.util.stream.ForEachOps$ForEachOp$OfRef.evaluateSequential(ForEachOps.java:173), java.base/java.util.stream.AbstractPipeline.evaluate(AbstractPipeline.java:234), java.base/java.util.stream.ReferencePipeline.forEach(ReferencePipeline.java:596), settings.hooks.HooksActions.testMethodActions(HooksActions.java:306), settings.hooks.Hooks.baseBeforeMethod(Hooks.java:110), jdk.internal.reflect.GeneratedMethodAccessor327.invoke(Unknown Source), java.base/jdk.internal.reflect.DelegatingMethodAccessorImpl.invoke(DelegatingMethodAccessorImpl.java:43), java.base/java.lang.reflect.Method.invoke(Method.java:569), org.testng.internal.invokers.MethodInvocationHelper.invokeMethod(MethodInvocationHelper.java:141), org.testng.internal.invokers.MethodInvocationHelper.invokeMethodConsideringTimeout(MethodInvocationHelper.java:71), org.testng.internal.invokers.ConfigInvoker.invokeConfigurationMethod(ConfigInvoker.java:400), org.testng.internal.invokers.ConfigInvoker.invokeConfigurations(ConfigInvoker.java:333), org.testng.internal.invokers.TestInvoker.runConfigMethods(TestInvoker.java:836), org.testng.internal.invokers.TestInvoker.invokeMethod(TestInvoker.java:601), org.testng.internal.invokers.TestInvoker.retryFailed(TestInvoker.java:269), org.testng.internal.invokers.MethodRunner.runInSequence(MethodRunner.java:76), org.testng.internal.invokers.TestInvoker$MethodInvocationAgent.invoke(TestInvoker.java:995), org.testng.internal.invokers.TestInvoker.invokeTestMethods(TestInvoker.java:203), org.testng.internal.invokers.TestMethodWorker.invokeTestMethods(TestMethodWorker.java:154), org.testng.internal.invokers.TestMethodWorker.run(TestMethodWorker.java:134), java.base/java.util.ArrayList.forEach(ArrayList.java:1511), org.testng.TestRunner.privateRun(TestRunner.java:741), org.testng.TestRunner.run(TestRunner.java:616), org.testng.SuiteRunner.runTest(SuiteRunner.java:421), org.testng.SuiteRunner$SuiteWorker.run(SuiteRunner.java:463), org.testng.internal.thread.ThreadUtil.lambda$execute$0(ThreadUtil.java:64), java.base/java.util.concurrent.FutureTask.run(FutureTask.java:264), java.base/java.util.concurrent.ThreadPoolExecutor.runWorker(ThreadPoolExecutor.java:1136), java.base/java.util.concurrent.ThreadPoolExecutor$Worker.run(ThreadPoolExecutor.java:635), java.base/java.lang.Thread.run(Thread.java:840)]","time":{"start":1742560561886,"stop":1742560563759,"duration":1873}},{"uid":"361300c361d32b05","reportUrl":"https://circlek-global.github.io/gmbat-tests-eu-mobile-automation/1483//#testresult/361300c361d32b05","status":"broken","statusDetails":"Test '[EXTRA Tier 2] CWS plan consumption with current flow - SE' failed due to configuration error!\nError details\n1 expectation failed.\nExpected status code <200> but was <422>.\n\nOn fail message: {\n    \"timestamp\": \"2025-03-20T12:37:09.917Z\",\n    \"uniqueErrorId\": \"805b8c38-b03b-4384-9b1f-3114a070b2be\",\n    \"message\": \"Could not register subscription because of Liquid Barcodes error [PaymentError]\",\n    \"errorCode\": \"SUBSCRIPTION_NOT_STARTED\"\n}\n----------------------------------------\n\n[java.base/jdk.internal.reflect.GeneratedConstructorAccessor198.newInstance(Unknown Source), java.base/jdk.internal.reflect.DelegatingConstructorAccessorImpl.newInstance(DelegatingConstructorAccessorImpl.java:45), java.base/java.lang.reflect.Constructor.newInstanceWithCaller(Constructor.java:500), java.base/java.lang.reflect.Constructor.newInstance(Constructor.java:481), org.codehaus.groovy.reflection.CachedConstructor.invoke(CachedConstructor.java:73), org.codehaus.groovy.runtime.callsite.ConstructorSite$ConstructorSiteNoUnwrapNoCoerce.callConstructor(ConstructorSite.java:108), org.codehaus.groovy.runtime.callsite.AbstractCallSite.callConstructor(AbstractCallSite.java:277), io.restassured.internal.ResponseSpecificationImpl$HamcrestAssertionClosure.validate(ResponseSpecificationImpl.groovy:512), io.restassured.internal.ResponseSpecificationImpl$HamcrestAssertionClosure$validate$1.call(Unknown Source), io.restassured.internal.ResponseSpecificationImpl.validateResponseIfRequired(ResponseSpecificationImpl.groovy:696), io.restassured.internal.ResponseSpecificationImpl.this$2$validateResponseIfRequired(ResponseSpecificationImpl.groovy), jdk.internal.reflect.GeneratedMethodAccessor177.invoke(Unknown Source), java.base/jdk.internal.reflect.DelegatingMethodAccessorImpl.invoke(DelegatingMethodAccessorImpl.java:43), java.base/java.lang.reflect.Method.invoke(Method.java:569), org.codehaus.groovy.runtime.callsite.PlainObjectMetaMethodSite.doInvoke(PlainObjectMetaMethodSite.java:43), org.codehaus.groovy.runtime.callsite.PogoMetaMethodSite$PogoCachedMethodSiteNoUnwrapNoCoerce.invoke(PogoMetaMethodSite.java:198), org.codehaus.groovy.runtime.callsite.PogoMetaMethodSite.callCurrent(PogoMetaMethodSite.java:62), org.codehaus.groovy.runtime.callsite.AbstractCallSite.callCurrent(AbstractCallSite.java:185), io.restassured.internal.ResponseSpecificationImpl.statusCode(ResponseSpecificationImpl.groovy:135), io.restassured.specification.ResponseSpecification$statusCode$1.callCurrent(Unknown Source), io.restassured.internal.ResponseSpecificationImpl.statusCode(ResponseSpecificationImpl.groovy:143), io.restassured.internal.ValidatableResponseOptionsImpl.statusCode(ValidatableResponseOptionsImpl.java:89), com.gmap.core.API.BaseUtils.validateServerResponse(BaseUtils.java:90), settings.hooks.utils.CommonTestsSetup.registerCWSInLiquidBarcode(CommonTestsSetup.java:881), settings.hooks.utils.CommonTestsSetup.enrollUserToCWS(CommonTestsSetup.java:713), settings.hooks.HooksActions.handleEnrollCWS(HooksActions.java:822), settings.hooks.HooksActions.lambda$enrollCWSHandler$45(HooksActions.java:483), com.gmap.core.interfaces.ConditionalExecutor.conditionalAction(ConditionalExecutor.java:21), settings.hooks.HooksActions.enrollCWSHandler(HooksActions.java:482), settings.hooks.HooksActions.lambda$testMethodActions$11(HooksActions.java:295), settings.hooks.HooksActions.lambda$testMethodActions$18(HooksActions.java:307), java.base/java.util.stream.ForEachOps$ForEachOp$OfRef.accept(ForEachOps.java:183), java.base/java.util.stream.ReferencePipeline$2$1.accept(ReferencePipeline.java:179), java.base/java.util.Spliterators$ArraySpliterator.forEachRemaining(Spliterators.java:992), java.base/java.util.stream.AbstractPipeline.copyInto(AbstractPipeline.java:509), java.base/java.util.stream.AbstractPipeline.wrapAndCopyInto(AbstractPipeline.java:499), java.base/java.util.stream.ForEachOps$ForEachOp.evaluateSequential(ForEachOps.java:150), java.base/java.util.stream.ForEachOps$ForEachOp$OfRef.evaluateSequential(ForEachOps.java:173), java.base/java.util.stream.AbstractPipeline.evaluate(AbstractPipeline.java:234), java.base/java.util.stream.ReferencePipeline.forEach(ReferencePipeline.java:596), settings.hooks.HooksActions.testMethodActions(HooksActions.java:307), settings.hooks.Hooks.baseBeforeMethod(Hooks.java:109), jdk.internal.reflect.GeneratedMethodAccessor316.invoke(Unknown Source), java.base/jdk.internal.reflect.DelegatingMethodAccessorImpl.invoke(DelegatingMethodAccessorImpl.java:43), java.base/java.lang.reflect.Method.invoke(Method.java:569), org.testng.internal.invokers.MethodInvocationHelper.invokeMethod(MethodInvocationHelper.java:141), org.testng.internal.invokers.MethodInvocationHelper.invokeMethodConsideringTimeout(MethodInvocationHelper.java:71), org.testng.internal.invokers.ConfigInvoker.invokeConfigurationMethod(ConfigInvoker.java:400), org.testng.internal.invokers.ConfigInvoker.invokeConfigurations(ConfigInvoker.java:333), org.testng.internal.invokers.TestInvoker.runConfigMethods(TestInvoker.java:836), org.testng.internal.invokers.TestInvoker.invokeMethod(TestInvoker.java:601), org.testng.internal.invokers.TestInvoker.retryFailed(TestInvoker.java:269), org.testng.internal.invokers.MethodRunner.runInSequence(MethodRunner.java:76), org.testng.internal.invokers.TestInvoker$MethodInvocationAgent.invoke(TestInvoker.java:995), org.testng.internal.invokers.TestInvoker.invokeTestMethods(TestInvoker.java:203), org.testng.internal.invokers.TestMethodWorker.invokeTestMethods(TestMethodWorker.java:154), org.testng.internal.invokers.TestMethodWorker.run(TestMethodWorker.java:134), java.base/java.util.ArrayList.forEach(ArrayList.java:1511), org.testng.TestRunner.privateRun(TestRunner.java:741), org.testng.TestRunner.run(TestRunner.java:616), org.testng.SuiteRunner.runTest(SuiteRunner.java:421), org.testng.SuiteRunner$SuiteWorker.run(SuiteRunner.java:463), org.testng.internal.thread.ThreadUtil.lambda$execute$0(ThreadUtil.java:64), java.base/java.util.concurrent.FutureTask.run(FutureTask.java:264), java.base/java.util.concurrent.ThreadPoolExecutor.runWorker(ThreadPoolExecutor.java:1136), java.base/java.util.concurrent.ThreadPoolExecutor$Worker.run(ThreadPoolExecutor.java:635), java.base/java.lang.Thread.run(Thread.java:840)]","time":{"start":1742474230667,"stop":1742474232601,"duration":1934}},{"uid":"c4a058be06cc8a1f","reportUrl":"https://circlek-global.github.io/gmbat-tests-eu-mobile-automation/1439//#testresult/c4a058be06cc8a1f","status":"broken","statusDetails":"Test '[EXTRA Tier 2] CWS plan consumption with current flow - SE' failed due to configuration error: 1 expectation failed.\nExpected status code <200> but was <422>.\n\n[java.base/jdk.internal.reflect.GeneratedConstructorAccessor193.newInstance(Unknown Source), java.base/jdk.internal.reflect.DelegatingConstructorAccessorImpl.newInstance(DelegatingConstructorAccessorImpl.java:45), java.base/java.lang.reflect.Constructor.newInstanceWithCaller(Constructor.java:500), java.base/java.lang.reflect.Constructor.newInstance(Constructor.java:481), org.codehaus.groovy.reflection.CachedConstructor.invoke(CachedConstructor.java:73), org.codehaus.groovy.runtime.callsite.ConstructorSite$ConstructorSiteNoUnwrapNoCoerce.callConstructor(ConstructorSite.java:108), org.codehaus.groovy.runtime.callsite.AbstractCallSite.callConstructor(AbstractCallSite.java:277), io.restassured.internal.ResponseSpecificationImpl$HamcrestAssertionClosure.validate(ResponseSpecificationImpl.groovy:512), io.restassured.internal.ResponseSpecificationImpl$HamcrestAssertionClosure$validate$1.call(Unknown Source), io.restassured.internal.ResponseSpecificationImpl.validateResponseIfRequired(ResponseSpecificationImpl.groovy:696), io.restassured.internal.ResponseSpecificationImpl.this$2$validateResponseIfRequired(ResponseSpecificationImpl.groovy), jdk.internal.reflect.GeneratedMethodAccessor180.invoke(Unknown Source), java.base/jdk.internal.reflect.DelegatingMethodAccessorImpl.invoke(DelegatingMethodAccessorImpl.java:43), java.base/java.lang.reflect.Method.invoke(Method.java:569), org.codehaus.groovy.runtime.callsite.PlainObjectMetaMethodSite.doInvoke(PlainObjectMetaMethodSite.java:43), org.codehaus.groovy.runtime.callsite.PogoMetaMethodSite$PogoCachedMethodSiteNoUnwrapNoCoerce.invoke(PogoMetaMethodSite.java:198), org.codehaus.groovy.runtime.callsite.PogoMetaMethodSite.callCurrent(PogoMetaMethodSite.java:62), org.codehaus.groovy.runtime.callsite.AbstractCallSite.callCurrent(AbstractCallSite.java:185), io.restassured.internal.ResponseSpecificationImpl.statusCode(ResponseSpecificationImpl.groovy:135), io.restassured.specification.ResponseSpecification$statusCode$1.callCurrent(Unknown Source), io.restassured.internal.ResponseSpecificationImpl.statusCode(ResponseSpecificationImpl.groovy:143), io.restassured.internal.ValidatableResponseOptionsImpl.statusCode(ValidatableResponseOptionsImpl.java:89), com.gmap.core.API.BaseUtils.validateServerResponse(BaseUtils.java:93), settings.hooks.utils.CommonTestsSetup.registerCWSInLiquidBarcode(CommonTestsSetup.java:880), settings.hooks.utils.CommonTestsSetup.enrollUserToCWS(CommonTestsSetup.java:712), settings.hooks.HooksActions.handleEnrollCWS(HooksActions.java:805), settings.hooks.HooksActions.lambda$enrollCWSHandler$45(HooksActions.java:468), com.gmap.core.interfaces.ConditionalExecutor.conditionalAction(ConditionalExecutor.java:21), settings.hooks.HooksActions.enrollCWSHandler(HooksActions.java:467), settings.hooks.HooksActions.lambda$testMethodActions$11(HooksActions.java:280), settings.hooks.HooksActions.lambda$testMethodActions$18(HooksActions.java:292), java.base/java.util.stream.ForEachOps$ForEachOp$OfRef.accept(ForEachOps.java:183), java.base/java.util.stream.ReferencePipeline$2$1.accept(ReferencePipeline.java:179), java.base/java.util.Spliterators$ArraySpliterator.forEachRemaining(Spliterators.java:992), java.base/java.util.stream.AbstractPipeline.copyInto(AbstractPipeline.java:509), java.base/java.util.stream.AbstractPipeline.wrapAndCopyInto(AbstractPipeline.java:499), java.base/java.util.stream.ForEachOps$ForEachOp.evaluateSequential(ForEachOps.java:150), java.base/java.util.stream.ForEachOps$ForEachOp$OfRef.evaluateSequential(ForEachOps.java:173), java.base/java.util.stream.AbstractPipeline.evaluate(AbstractPipeline.java:234), java.base/java.util.stream.ReferencePipeline.forEach(ReferencePipeline.java:596), settings.hooks.HooksActions.testMethodActions(HooksActions.java:292), settings.hooks.Hooks.baseBeforeMethod(Hooks.java:95), jdk.internal.reflect.GeneratedMethodAccessor308.invoke(Unknown Source), java.base/jdk.internal.reflect.DelegatingMethodAccessorImpl.invoke(DelegatingMethodAccessorImpl.java:43), java.base/java.lang.reflect.Method.invoke(Method.java:569), org.testng.internal.invokers.MethodInvocationHelper.invokeMethod(MethodInvocationHelper.java:141), org.testng.internal.invokers.MethodInvocationHelper.invokeMethodConsideringTimeout(MethodInvocationHelper.java:71), org.testng.internal.invokers.ConfigInvoker.invokeConfigurationMethod(ConfigInvoker.java:400), org.testng.internal.invokers.ConfigInvoker.invokeConfigurations(ConfigInvoker.java:333), org.testng.internal.invokers.TestInvoker.runConfigMethods(TestInvoker.java:836), org.testng.internal.invokers.TestInvoker.invokeMethod(TestInvoker.java:601), org.testng.internal.invokers.TestInvoker.retryFailed(TestInvoker.java:269), org.testng.internal.invokers.MethodRunner.runInSequence(MethodRunner.java:76), org.testng.internal.invokers.TestInvoker$MethodInvocationAgent.invoke(TestInvoker.java:995), org.testng.internal.invokers.TestInvoker.invokeTestMethods(TestInvoker.java:203), org.testng.internal.invokers.TestMethodWorker.invokeTestMethods(TestMethodWorker.java:154), org.testng.internal.invokers.TestMethodWorker.run(TestMethodWorker.java:134), java.base/java.util.ArrayList.forEach(ArrayList.java:1511), org.testng.TestRunner.privateRun(TestRunner.java:741), org.testng.TestRunner.run(TestRunner.java:616), org.testng.SuiteRunner.runTest(SuiteRunner.java:421), org.testng.SuiteRunner$SuiteWorker.run(SuiteRunner.java:463), org.testng.internal.thread.ThreadUtil.lambda$execute$0(ThreadUtil.java:64), java.base/java.util.concurrent.FutureTask.run(FutureTask.java:264), java.base/java.util.concurrent.ThreadPoolExecutor.runWorker(ThreadPoolExecutor.java:1136), java.base/java.util.concurrent.ThreadPoolExecutor$Worker.run(ThreadPoolExecutor.java:635), java.base/java.lang.Thread.run(Thread.java:840)]","time":{"start":1742211491378,"stop":1742211493704,"duration":2326}},{"uid":"5130d7508ebbe3fb","reportUrl":"https://circlek-global.github.io/gmbat-tests-eu-mobile-automation/1422//#testresult/5130d7508ebbe3fb","status":"passed","time":{"start":1741950335478,"stop":1741950659564,"duration":324086}},{"uid":"e469fb0f9356ea2c","reportUrl":"https://circlek-global.github.io/gmbat-tests-eu-mobile-automation/1408//#testresult/e469fb0f9356ea2c","status":"passed","time":{"start":1741861463176,"stop":1741861826247,"duration":363071}},{"uid":"c2e80463050fe66b","reportUrl":"https://circlek-global.github.io/gmbat-tests-eu-mobile-automation/1373//#testresult/c2e80463050fe66b","status":"passed","time":{"start":1741702453819,"stop":1741702841797,"duration":387978}},{"uid":"6d67abca9333ab7b","reportUrl":"https://circlek-global.github.io/gmbat-tests-eu-mobile-automation/1372//#testresult/6d67abca9333ab7b","status":"broken","statusDetails":"Error communicating with the remote browser. It may have died.\nBuild info: version: '4.19.0', revision: '5f9cec8963'\nSystem info: os.name: 'Linux', os.arch: 'amd64', os.version: '6.8.0-1021-azure', java.version: '17.0.14'\nDriver info: io.appium.java_client.android.AndroidDriver\nCommand: [f58dcd52-8258-4918-9a6d-2755f9e368a4, switchToContext [name]]\nCapabilities {appium:adbHost: 172.20.0.85, appium:adbPort: 17121, appium:appActivity: com.circlek.gmap.SplashScre..., appium:appPackage: com.circlek.gmap.eu.uat, appium:appWaitActivity: com.circlek.gmap.MainActivity, appium:appWaitDuration: 80000, appium:appiumData: {appiumVersion: latest, automationName: UiAutomator2}, appium:autoGrantPermissions: true, appium:automationName: UiAutomator2, appium:chromedriverChromeMappingFile: /root/.testobject_devices/w..., appium:chromedriverExecutableDir: /root/.testobject_devices/w..., appium:chromedriverPorts: [[3250, 3260]], appium:databaseEnabled: false, appium:desired: {adbHost: 172.20.0.85, adbPort: 17121, appActivity: com.circlek.gmap.SplashScre..., appPackage: com.circlek.gmap.eu.uat, appWaitActivity: com.circlek.gmap.MainActivity, appWaitDuration: 80000, autoGrantPermissions: true, automationName: UiAutomator2, chromedriverChromeMappingFile: /root/.testobject_devices/w..., chromedriverExecutableDir: /root/.testobject_devices/w..., chromedriverPorts: [[3250, 3260]], deviceName: Samsung_Galaxy_S24_ck1, flutterSystemPort: 22621, newCommandTimeout: 90, noReset: false, platformName: Android, remoteAdbHost: 172.20.0.85, remoteAppsCacheLimit: 0, sauce:chromeOptions: {androidDevToolsPort: 22321}, sauce:options: {accessKey: 5d20ff7c-06ab-436b-8fe9-20d..., appiumVersion: latest, build: GMAP EU | Tuesday: 11-03-2025, cacheId: 3200a0bf-5bb2-4373-9683-bbe..., name: [EXTRA Tier 2] CWS plan con..., username: Kamil}, suppressKillServer: true, systemPort: 21121, uiautomator2ServerInstallTimeout: 60000}, appium:deviceApiLevel: 34, appium:deviceContextId: 01b6c7dc-8e75-4341-bdb3-ba2..., appium:deviceManufacturer: samsung, appium:deviceModel: SM-S921B, appium:deviceName: RFCX3119EWW, appium:deviceScreenDensity: 480, appium:deviceScreenSize: 1080x2340, appium:deviceUDID: RFCX3119EWW, appium:flutterSystemPort: 22621, appium:javascriptEnabled: true, appium:jobUuid: 9389a0e72da945e68bfdcbe4cfb..., appium:locationContextEnabled: false, appium:networkConnectionEnabled: true, appium:newCommandTimeout: 90, appium:noReset: false, appium:pixelRatio: 3, appium:platformVersion: 14, appium:remoteAdbHost: 172.20.0.85, appium:remoteAppsCacheLimit: 0, appium:statBarHeight: 84, appium:suppressKillServer: true, appium:systemPort: 21121, appium:takesScreenshot: true, appium:testobject_device: Samsung_Galaxy_S24_ck1, appium:testobject_device_name: Samsung Galaxy S24, appium:testobject_device_session_id: 361a0b5b-3d20-4d70-bd72-174..., appium:testobject_test_report_api_url: https://api.eu-central-1.sa..., appium:testobject_test_report_url: https://app.eu-central-1.sa..., appium:testobject_user_id: TomaszPopiolek, appium:uiautomator2ServerInstallTimeout: 60000, appium:usedCachedDevice: false, appium:viewportRect: {height: 2256, left: 0, top: 84, width: 1080}, appium:warnings: {}, appium:webStorageEnabled: false, platformName: ANDROID, sauce:chromeOptions: {androidDevToolsPort: 22321}, sauce:options: {accessKey: 5d20ff7c-06ab-436b-8fe9-20d..., appiumVersion: latest, build: GMAP EU | Tuesday: 11-03-2025, cacheId: 3200a0bf-5bb2-4373-9683-bbe..., name: [EXTRA Tier 2] CWS plan con..., username: Kamil}}\nSession ID: f58dcd52-8258-4918-9a6d-2755f9e368a4","time":{"start":1741694862677,"stop":1741694862799,"duration":122}},{"uid":"18e5b7c586bdcf49","reportUrl":"https://circlek-global.github.io/gmbat-tests-eu-mobile-automation/1356//#testresult/18e5b7c586bdcf49","status":"broken","statusDetails":"Error communicating with the remote browser. It may have died.\nBuild info: version: '4.19.0', revision: '5f9cec8963'\nSystem info: os.name: 'Linux', os.arch: 'amd64', os.version: '6.8.0-1021-azure', java.version: '17.0.14'\nDriver info: io.appium.java_client.android.AndroidDriver\nCommand: [3abe2584-d917-4564-9dfc-f84a5950a738, switchToContext [name]]\nCapabilities {appium:adbHost: 172.20.0.145, appium:adbPort: 17106, appium:appActivity: com.circlek.gmap.SplashScre..., appium:appPackage: com.circlek.gmap.eu.uat, appium:appWaitActivity: com.circlek.gmap.MainActivity, appium:appWaitDuration: 80000, appium:appiumData: {appiumVersion: latest, automationName: UiAutomator2}, appium:autoGrantPermissions: true, appium:automationName: UiAutomator2, appium:chromedriverChromeMappingFile: /root/.testobject_devices/w..., appium:chromedriverExecutableDir: /root/.testobject_devices/w..., appium:chromedriverPorts: [[3150, 3160]], appium:databaseEnabled: false, appium:desired: {adbHost: 172.20.0.145, adbPort: 17106, appActivity: com.circlek.gmap.SplashScre..., appPackage: com.circlek.gmap.eu.uat, appWaitActivity: com.circlek.gmap.MainActivity, appWaitDuration: 80000, autoGrantPermissions: true, automationName: UiAutomator2, chromedriverChromeMappingFile: /root/.testobject_devices/w..., chromedriverExecutableDir: /root/.testobject_devices/w..., chromedriverPorts: [[3150, 3160]], deviceName: Samsung_Galaxy_S24_real, flutterSystemPort: 22606, newCommandTimeout: 90, noReset: false, platformName: Android, remoteAdbHost: 172.20.0.145, remoteAppsCacheLimit: 0, sauce:chromeOptions: {androidDevToolsPort: 22306}, sauce:options: {accessKey: 5d20ff7c-06ab-436b-8fe9-20d..., appiumVersion: latest, build: GMAP EU | Monday: 10-03-2025, cacheId: b868e59e-23b4-4ca1-9347-cde..., name: [EXTRA Tier 2] CWS plan con..., username: Kamil}, suppressKillServer: true, systemPort: 21106, uiautomator2ServerInstallTimeout: 60000}, appium:deviceApiLevel: 34, appium:deviceContextId: c778efb0-0b69-4727-b8a1-ecd..., appium:deviceManufacturer: samsung, appium:deviceModel: SM-S921B, appium:deviceName: R3CX905DA5D, appium:deviceScreenDensity: 480, appium:deviceScreenSize: 1080x2340, appium:deviceUDID: R3CX905DA5D, appium:flutterSystemPort: 22606, appium:javascriptEnabled: true, appium:jobUuid: 7a7d7fca419c4116ab5e58b531e..., appium:locationContextEnabled: false, appium:networkConnectionEnabled: true, appium:newCommandTimeout: 90, appium:noReset: false, appium:pixelRatio: 3, appium:platformVersion: 14, appium:remoteAdbHost: 172.20.0.145, appium:remoteAppsCacheLimit: 0, appium:statBarHeight: 84, appium:suppressKillServer: true, appium:systemPort: 21106, appium:takesScreenshot: true, appium:testobject_device: Samsung_Galaxy_S24_real, appium:testobject_device_name: Samsung Galaxy S24, appium:testobject_device_session_id: 08c290c7-8ca9-4c0d-8d05-aa6..., appium:testobject_test_report_api_url: https://api.eu-central-1.sa..., appium:testobject_test_report_url: https://app.eu-central-1.sa..., appium:testobject_user_id: TomaszPopiolek, appium:uiautomator2ServerInstallTimeout: 60000, appium:usedCachedDevice: false, appium:viewportRect: {height: 2256, left: 0, top: 84, width: 1080}, appium:warnings: {}, appium:webStorageEnabled: false, platformName: ANDROID, sauce:chromeOptions: {androidDevToolsPort: 22306}, sauce:options: {accessKey: 5d20ff7c-06ab-436b-8fe9-20d..., appiumVersion: latest, build: GMAP EU | Monday: 10-03-2025, cacheId: b868e59e-23b4-4ca1-9347-cde..., name: [EXTRA Tier 2] CWS plan con..., username: Kamil}}\nSession ID: 3abe2584-d917-4564-9dfc-f84a5950a738","time":{"start":1741608299508,"stop":1741608299634,"duration":126}},{"uid":"5c1afebd7545604a","reportUrl":"https://circlek-global.github.io/gmbat-tests-eu-mobile-automation/1342//#testresult/5c1afebd7545604a","status":"passed","time":{"start":1741348745927,"stop":1741349083428,"duration":337501}},{"uid":"771749d190fd037","reportUrl":"https://circlek-global.github.io/gmbat-tests-eu-mobile-automation/1321//#testresult/771749d190fd037","status":"passed","time":{"start":1741256876035,"stop":1741257207099,"duration":331064}},{"uid":"4512bb0f5d15ddeb","reportUrl":"https://circlek-global.github.io/gmbat-tests-eu-mobile-automation/1305//#testresult/4512bb0f5d15ddeb","status":"passed","time":{"start":1741183550764,"stop":1741183927027,"duration":376263}},{"uid":"e02b8200633c659c","reportUrl":"https://circlek-global.github.io/gmbat-tests-eu-mobile-automation/1298//#testresult/e02b8200633c659c","status":"passed","time":{"start":1741165286410,"stop":1741165610870,"duration":324460}},{"uid":"348bdad23704a15b","reportUrl":"https://circlek-global.github.io/gmbat-tests-eu-mobile-automation/1285//#testresult/348bdad23704a15b","status":"passed","time":{"start":1741091125590,"stop":1741091502634,"duration":377044}},{"uid":"5c9a585dcfd75dee","reportUrl":"https://circlek-global.github.io/gmbat-tests-eu-mobile-automation/1283//#testresult/5c9a585dcfd75dee","status":"passed","time":{"start":1741082996264,"stop":1741083317711,"duration":321447}},{"uid":"5054979f8f0fa1f9","reportUrl":"https://circlek-global.github.io/gmbat-tests-eu-mobile-automation/1266//#testresult/5054979f8f0fa1f9","status":"skipped","statusDetails":"1 expectation failed.\nExpected status code <200> but was <500>.\n","time":{"start":1741004594932,"stop":1741004594933,"duration":1}},{"uid":"4360f54ed764e34f","reportUrl":"https://circlek-global.github.io/gmbat-tests-eu-mobile-automation/1256//#testresult/4360f54ed764e34f","status":"passed","time":{"start":1740738994652,"stop":1740739350493,"duration":355841}},{"uid":"68bd74ad35785c9a","reportUrl":"https://circlek-global.github.io/gmbat-tests-eu-mobile-automation/1246//#testresult/68bd74ad35785c9a","status":"passed","time":{"start":1740658131952,"stop":1740658449521,"duration":317569}}]},"tags":["CarWash"]},"source":"8314255ca1e940f.json","parameterValues":["SamsungGalaxyS24"]}