{"uid":"a5825687541d7849","name":"User tries to add invalid Credit Card to wallet - DESC","fullName":"testcases.AccountTests.userTriesToAddInvalidCreditCardToWallet","historyId":"c4096ca8199c90e9781730ebce3c6ce1","time":{"start":1743162153310,"stop":1743162208873,"duration":55563},"description":"User tries to add invalid Credit Card to wallet","descriptionHtml":"<p>User tries to add invalid Credit Card to wallet</p>\n","status":"broken","statusMessage":"Element [AppiumBy.accessibilityId: add-payment.button] wasn't visible after [30] seconds!\nException: org.openqa.selenium.TimeoutException: Expected condition failed: Element [AppiumBy.accessibilityId: add-payment.button] wasn't visible after [30] seconds! (tried for 30 second(s) with 250 milliseconds interval)\nFor documentation on this error, please visit: https://www.selenium.dev/documentation/webdriver/troubleshooting/errors#no-such-element-exception\nBuild info: version: '4.19.0', revision: '5f9cec8963'\nSystem info: os.name: 'Linux', os.arch: 'amd64', os.version: '6.8.0-1021-azure', java.version: '17.0.14'\nDriver info: driver.version: unknown","statusTrace":"org.openqa.selenium.NoSuchElementException: Element [AppiumBy.accessibilityId: add-payment.button] wasn't visible after [30] seconds!\nException: org.openqa.selenium.TimeoutException: Expected condition failed: Element [AppiumBy.accessibilityId: add-payment.button] wasn't visible after [30] seconds! (tried for 30 second(s) with 250 milliseconds interval)\nFor documentation on this error, please visit: https://www.selenium.dev/documentation/webdriver/troubleshooting/errors#no-such-element-exception\nBuild info: version: '4.19.0', revision: '5f9cec8963'\nSystem info: os.name: 'Linux', os.arch: 'amd64', os.version: '6.8.0-1021-azure', java.version: '17.0.14'\nDriver info: driver.version: unknown\n\tat com.gmap.core.common.handlers.WaitHandler.waitUntil(WaitHandler.java:163)\n\tat com.gmap.core.common.handlers.WaitHandler.waitForElementToBeVisible(WaitHandler.java:196)\n\tat com.gmap.core.pages_common.account.wallet.WalletPage.clickOnAddPaymentButton(WalletPage.java:297)\n\tat testcases.AccountTests.userTriesToAddInvalidCreditCardToWallet(AccountTests.java:399)\n\tat java.base/jdk.internal.reflect.NativeMethodAccessorImpl.invoke0(Native Method)\n\tat java.base/jdk.internal.reflect.NativeMethodAccessorImpl.invoke(NativeMethodAccessorImpl.java:77)\n\tat java.base/jdk.internal.reflect.DelegatingMethodAccessorImpl.invoke(DelegatingMethodAccessorImpl.java:43)\n\tat java.base/java.lang.reflect.Method.invoke(Method.java:569)\n\tat org.testng.internal.invokers.MethodInvocationHelper.invokeMethod(MethodInvocationHelper.java:141)\n\tat org.testng.internal.invokers.MethodInvocationHelper$1.runTestMethod(MethodInvocationHelper.java:260)\n\tat settings.hooks.Hooks.run(Hooks.java:59)\n\tat org.testng.internal.invokers.MethodInvocationHelper.invokeHookable(MethodInvocationHelper.java:274)\n\tat org.testng.internal.invokers.TestInvoker.invokeMethod(TestInvoker.java:679)\n\tat org.testng.internal.invokers.TestInvoker.invokeTestMethod(TestInvoker.java:230)\n\tat org.testng.internal.invokers.MethodRunner.runInSequence(MethodRunner.java:63)\n\tat org.testng.internal.invokers.TestInvoker$MethodInvocationAgent.invoke(TestInvoker.java:995)\n\tat org.testng.internal.invokers.TestInvoker.invokeTestMethods(TestInvoker.java:203)\n\tat org.testng.internal.invokers.TestMethodWorker.invokeTestMethods(TestMethodWorker.java:154)\n\tat org.testng.internal.invokers.TestMethodWorker.run(TestMethodWorker.java:134)\n\tat java.base/java.util.ArrayList.forEach(ArrayList.java:1511)\n\tat org.testng.TestRunner.privateRun(TestRunner.java:741)\n\tat org.testng.TestRunner.run(TestRunner.java:616)\n\tat org.testng.SuiteRunner.runTest(SuiteRunner.java:421)\n\tat org.testng.SuiteRunner$SuiteWorker.run(SuiteRunner.java:463)\n\tat org.testng.internal.thread.ThreadUtil.lambda$execute$0(ThreadUtil.java:64)\n\tat java.base/java.util.concurrent.FutureTask.run(FutureTask.java:264)\n\tat java.base/java.util.concurrent.ThreadPoolExecutor.runWorker(ThreadPoolExecutor.java:1136)\n\tat java.base/java.util.concurrent.ThreadPoolExecutor$Worker.run(ThreadPoolExecutor.java:635)\n\tat java.base/java.lang.Thread.run(Thread.java:840)\n","flaky":false,"newFailed":false,"newBroken":true,"newPassed":false,"retriesCount":0,"retriesStatusChange":false,"beforeStages":[{"name":"Base Before Test","time":{"start":1743161453412,"stop":1743161453412,"duration":0},"description":"Base Before Test","status":"passed","steps":[],"attachments":[],"parameters":[],"shouldDisplayMessage":false,"stepsCount":0,"attachmentsCount":0,"hasContent":false,"attachmentStep":false},{"name":"springTestContextBeforeTestClass","time":{"start":1743161453413,"stop":1743161453414,"duration":1},"description":"","status":"passed","steps":[],"attachments":[],"parameters":[],"shouldDisplayMessage":false,"stepsCount":0,"attachmentsCount":0,"hasContent":false,"attachmentStep":false},{"name":"springTestContextPrepareTestInstance","time":{"start":1743161453414,"stop":1743161453417,"duration":3},"description":"","status":"passed","steps":[],"attachments":[],"parameters":[],"shouldDisplayMessage":false,"stepsCount":0,"attachmentsCount":0,"hasContent":false,"attachmentStep":false},{"name":"Base Before Class","time":{"start":1743161453417,"stop":1743161455516,"duration":2099},"description":"Base Before Class","status":"passed","steps":[],"attachments":[],"parameters":[],"shouldDisplayMessage":false,"stepsCount":0,"attachmentsCount":0,"hasContent":false,"attachmentStep":false},{"name":"springTestContextBeforeTestMethod","time":{"start":1743162140073,"stop":1743162140073,"duration":0},"description":"","status":"passed","steps":[],"attachments":[],"parameters":[],"shouldDisplayMessage":false,"stepsCount":0,"attachmentsCount":0,"hasContent":false,"attachmentStep":false},{"name":"Base Before Test Method","time":{"start":1743162140073,"stop":1743162152451,"duration":12378},"description":"Base Before Test Method","status":"passed","steps":[],"attachments":[],"parameters":[],"shouldDisplayMessage":false,"stepsCount":0,"attachmentsCount":0,"hasContent":false,"attachmentStep":false},{"name":"initTestConfig","time":{"start":1743162152451,"stop":1743162152455,"duration":4},"description":"","status":"passed","steps":[],"attachments":[],"parameters":[],"shouldDisplayMessage":false,"stepsCount":0,"attachmentsCount":0,"hasContent":false,"attachmentStep":false}],"testStage":{"description":"User tries to add invalid Credit Card to wallet","status":"broken","statusMessage":"Element [AppiumBy.accessibilityId: add-payment.button] wasn't visible after [30] seconds!\nException: org.openqa.selenium.TimeoutException: Expected condition failed: Element [AppiumBy.accessibilityId: add-payment.button] wasn't visible after [30] seconds! (tried for 30 second(s) with 250 milliseconds interval)\nFor documentation on this error, please visit: https://www.selenium.dev/documentation/webdriver/troubleshooting/errors#no-such-element-exception\nBuild info: version: '4.19.0', revision: '5f9cec8963'\nSystem info: os.name: 'Linux', os.arch: 'amd64', os.version: '6.8.0-1021-azure', java.version: '17.0.14'\nDriver info: driver.version: unknown","statusTrace":"org.openqa.selenium.NoSuchElementException: Element [AppiumBy.accessibilityId: add-payment.button] wasn't visible after [30] seconds!\nException: org.openqa.selenium.TimeoutException: Expected condition failed: Element [AppiumBy.accessibilityId: add-payment.button] wasn't visible after [30] seconds! (tried for 30 second(s) with 250 milliseconds interval)\nFor documentation on this error, please visit: https://www.selenium.dev/documentation/webdriver/troubleshooting/errors#no-such-element-exception\nBuild info: version: '4.19.0', revision: '5f9cec8963'\nSystem info: os.name: 'Linux', os.arch: 'amd64', os.version: '6.8.0-1021-azure', java.version: '17.0.14'\nDriver info: driver.version: unknown\n\tat com.gmap.core.common.handlers.WaitHandler.waitUntil(WaitHandler.java:163)\n\tat com.gmap.core.common.handlers.WaitHandler.waitForElementToBeVisible(WaitHandler.java:196)\n\tat com.gmap.core.pages_common.account.wallet.WalletPage.clickOnAddPaymentButton(WalletPage.java:297)\n\tat testcases.AccountTests.userTriesToAddInvalidCreditCardToWallet(AccountTests.java:399)\n\tat java.base/jdk.internal.reflect.NativeMethodAccessorImpl.invoke0(Native Method)\n\tat java.base/jdk.internal.reflect.NativeMethodAccessorImpl.invoke(NativeMethodAccessorImpl.java:77)\n\tat java.base/jdk.internal.reflect.DelegatingMethodAccessorImpl.invoke(DelegatingMethodAccessorImpl.java:43)\n\tat java.base/java.lang.reflect.Method.invoke(Method.java:569)\n\tat org.testng.internal.invokers.MethodInvocationHelper.invokeMethod(MethodInvocationHelper.java:141)\n\tat org.testng.internal.invokers.MethodInvocationHelper$1.runTestMethod(MethodInvocationHelper.java:260)\n\tat settings.hooks.Hooks.run(Hooks.java:59)\n\tat org.testng.internal.invokers.MethodInvocationHelper.invokeHookable(MethodInvocationHelper.java:274)\n\tat org.testng.internal.invokers.TestInvoker.invokeMethod(TestInvoker.java:679)\n\tat org.testng.internal.invokers.TestInvoker.invokeTestMethod(TestInvoker.java:230)\n\tat org.testng.internal.invokers.MethodRunner.runInSequence(MethodRunner.java:63)\n\tat org.testng.internal.invokers.TestInvoker$MethodInvocationAgent.invoke(TestInvoker.java:995)\n\tat org.testng.internal.invokers.TestInvoker.invokeTestMethods(TestInvoker.java:203)\n\tat org.testng.internal.invokers.TestMethodWorker.invokeTestMethods(TestMethodWorker.java:154)\n\tat org.testng.internal.invokers.TestMethodWorker.run(TestMethodWorker.java:134)\n\tat java.base/java.util.ArrayList.forEach(ArrayList.java:1511)\n\tat org.testng.TestRunner.privateRun(TestRunner.java:741)\n\tat org.testng.TestRunner.run(TestRunner.java:616)\n\tat org.testng.SuiteRunner.runTest(SuiteRunner.java:421)\n\tat org.testng.SuiteRunner$SuiteWorker.run(SuiteRunner.java:463)\n\tat org.testng.internal.thread.ThreadUtil.lambda$execute$0(ThreadUtil.java:64)\n\tat java.base/java.util.concurrent.FutureTask.run(FutureTask.java:264)\n\tat java.base/java.util.concurrent.ThreadPoolExecutor.runWorker(ThreadPoolExecutor.java:1136)\n\tat java.base/java.util.concurrent.ThreadPoolExecutor$Worker.run(ThreadPoolExecutor.java:635)\n\tat java.base/java.lang.Thread.run(Thread.java:840)\n","steps":[{"name":"I check that the Saucelabs session is preserved","time":{"start":1743162153310,"stop":1743162160046,"duration":6736},"status":"passed","steps":[],"attachments":[],"parameters":[{"name":"userProfile","value":"{PHONE_NUMBER=780780000, FIRST_NAME=Jan, PASSWORD=#Test123, EMAIL=jan.kowalski@gmaptest.com, PHONE_COUNTRY_PREFIX=+48, PHONE_COUNTRY=Poland, OTP=000000, LAST_NAME=Kowalski, BUSINESS_UNIT=SE}"}],"shouldDisplayMessage":false,"stepsCount":0,"attachmentsCount":0,"hasContent":true,"attachmentStep":false},{"name":"I skip linking my card","time":{"start":1743162160046,"stop":1743162168780,"duration":8734},"status":"passed","steps":[],"attachments":[],"parameters":[{"name":"time","value":"[]"}],"shouldDisplayMessage":false,"stepsCount":0,"attachmentsCount":0,"hasContent":true,"attachmentStep":false},{"name":"I click on \"ACCOUNT\" button","time":{"start":1743162168780,"stop":1743162171537,"duration":2757},"status":"passed","steps":[],"attachments":[],"parameters":[],"shouldDisplayMessage":false,"stepsCount":0,"attachmentsCount":0,"hasContent":false,"attachmentStep":false},{"name":"I check that the \"Account Screen\" is displayed","time":{"start":1743162171537,"stop":1743162172773,"duration":1236},"status":"passed","steps":[],"attachments":[],"parameters":[],"shouldDisplayMessage":false,"stepsCount":0,"attachmentsCount":0,"hasContent":false,"attachmentStep":false},{"name":"I click on \"WALLET\" tab","time":{"start":1743162172773,"stop":1743162174967,"duration":2194},"status":"passed","steps":[],"attachments":[],"parameters":[],"shouldDisplayMessage":false,"stepsCount":0,"attachmentsCount":0,"hasContent":false,"attachmentStep":false},{"name":"I check that the \"Wallet Screen\" is displayed","time":{"start":1743162174967,"stop":1743162176381,"duration":1414},"status":"passed","steps":[],"attachments":[],"parameters":[],"shouldDisplayMessage":false,"stepsCount":0,"attachmentsCount":0,"hasContent":false,"attachmentStep":false},{"name":"I click on \"ADD PAYMENT\" button","time":{"start":1743162176381,"stop":1743162206402,"duration":30021},"status":"broken","statusMessage":"Element [AppiumBy.accessibilityId: add-payment.button] wasn't visible after [30] seconds!\nException: org.openqa.selenium.TimeoutException: Expected condition failed: Element [AppiumBy.accessibilityId: add-payment.button] wasn't visible after [30] seconds! (tried for 30 second(s) with 250 milliseconds interval)\nFor documentation on this error, please visit: https://www.selenium.dev/documentation/webdriver/troubleshooting/errors#no-such-element-exception\nBuild info: version: '4.19.0', revision: '5f9cec8963'\nSystem info: os.name: 'Linux', os.arch: 'amd64', os.version: '6.8.0-1021-azure', java.version: '17.0.14'\nDriver info: driver.version: unknown","statusTrace":"org.openqa.selenium.NoSuchElementException: Element [AppiumBy.accessibilityId: add-payment.button] wasn't visible after [30] seconds!\nException: org.openqa.selenium.TimeoutException: Expected condition failed: Element [AppiumBy.accessibilityId: add-payment.button] wasn't visible after [30] seconds! (tried for 30 second(s) with 250 milliseconds interval)\nFor documentation on this error, please visit: https://www.selenium.dev/documentation/webdriver/troubleshooting/errors#no-such-element-exception\nBuild info: version: '4.19.0', revision: '5f9cec8963'\nSystem info: os.name: 'Linux', os.arch: 'amd64', os.version: '6.8.0-1021-azure', java.version: '17.0.14'\nDriver info: driver.version: unknown\n\tat com.gmap.core.common.handlers.WaitHandler.waitUntil(WaitHandler.java:163)\n\tat com.gmap.core.common.handlers.WaitHandler.waitForElementToBeVisible(WaitHandler.java:196)\n\tat com.gmap.core.pages_common.account.wallet.WalletPage.clickOnAddPaymentButton(WalletPage.java:297)\n\tat testcases.AccountTests.userTriesToAddInvalidCreditCardToWallet(AccountTests.java:399)\n\tat java.base/jdk.internal.reflect.NativeMethodAccessorImpl.invoke0(Native Method)\n\tat java.base/jdk.internal.reflect.NativeMethodAccessorImpl.invoke(NativeMethodAccessorImpl.java:77)\n\tat java.base/jdk.internal.reflect.DelegatingMethodAccessorImpl.invoke(DelegatingMethodAccessorImpl.java:43)\n\tat java.base/java.lang.reflect.Method.invoke(Method.java:569)\n\tat org.testng.internal.invokers.MethodInvocationHelper.invokeMethod(MethodInvocationHelper.java:141)\n\tat org.testng.internal.invokers.MethodInvocationHelper$1.runTestMethod(MethodInvocationHelper.java:260)\n\tat settings.hooks.Hooks.run(Hooks.java:59)\n\tat org.testng.internal.invokers.MethodInvocationHelper.invokeHookable(MethodInvocationHelper.java:274)\n\tat org.testng.internal.invokers.TestInvoker.invokeMethod(TestInvoker.java:679)\n\tat org.testng.internal.invokers.TestInvoker.invokeTestMethod(TestInvoker.java:230)\n\tat org.testng.internal.invokers.MethodRunner.runInSequence(MethodRunner.java:63)\n\tat org.testng.internal.invokers.TestInvoker$MethodInvocationAgent.invoke(TestInvoker.java:995)\n\tat org.testng.internal.invokers.TestInvoker.invokeTestMethods(TestInvoker.java:203)\n\tat org.testng.internal.invokers.TestMethodWorker.invokeTestMethods(TestMethodWorker.java:154)\n\tat org.testng.internal.invokers.TestMethodWorker.run(TestMethodWorker.java:134)\n\tat java.base/java.util.ArrayList.forEach(ArrayList.java:1511)\n\tat org.testng.TestRunner.privateRun(TestRunner.java:741)\n\tat org.testng.TestRunner.run(TestRunner.java:616)\n\tat org.testng.SuiteRunner.runTest(SuiteRunner.java:421)\n\tat org.testng.SuiteRunner$SuiteWorker.run(SuiteRunner.java:463)\n\tat org.testng.internal.thread.ThreadUtil.lambda$execute$0(ThreadUtil.java:64)\n\tat java.base/java.util.concurrent.FutureTask.run(FutureTask.java:264)\n\tat java.base/java.util.concurrent.ThreadPoolExecutor.runWorker(ThreadPoolExecutor.java:1136)\n\tat java.base/java.util.concurrent.ThreadPoolExecutor$Worker.run(ThreadPoolExecutor.java:635)\n\tat java.base/java.lang.Thread.run(Thread.java:840)\n","steps":[],"attachments":[],"parameters":[],"shouldDisplayMessage":true,"stepsCount":0,"attachmentsCount":0,"hasContent":true,"attachmentStep":false}],"attachments":[{"uid":"d457d1e7260b6425","name":"Screenshot | [28-03-2025]","source":"d457d1e7260b6425.jpg","type":"image/jpg","size":115505}],"parameters":[],"shouldDisplayMessage":false,"stepsCount":7,"attachmentsCount":1,"hasContent":true,"attachmentStep":false},"afterStages":[{"name":"Base After Test Method","time":{"start":1743162211525,"stop":1743162211525,"duration":0},"description":"Base After Test Method","status":"passed","steps":[],"attachments":[],"parameters":[],"shouldDisplayMessage":false,"stepsCount":0,"attachmentsCount":0,"hasContent":false,"attachmentStep":false},{"name":"springTestContextAfterTestMethod","time":{"start":1743162211526,"stop":1743162211526,"duration":0},"description":"","status":"passed","steps":[],"attachments":[],"parameters":[],"shouldDisplayMessage":false,"stepsCount":0,"attachmentsCount":0,"hasContent":false,"attachmentStep":false},{"name":"Base After Test","time":{"start":1743164016794,"stop":1743164016794,"duration":0},"description":"Base After Test","status":"passed","steps":[],"attachments":[],"parameters":[],"shouldDisplayMessage":false,"stepsCount":0,"attachmentsCount":0,"hasContent":false,"attachmentStep":false},{"name":"Base After Class","time":{"start":1743164016794,"stop":1743164016794,"duration":0},"description":"Base After Class","status":"passed","steps":[],"attachments":[],"parameters":[],"shouldDisplayMessage":false,"stepsCount":0,"attachmentsCount":0,"hasContent":false,"attachmentStep":false},{"name":"springTestContextAfterTestClass","time":{"start":1743164016794,"stop":1743164016794,"duration":0},"description":"","status":"passed","steps":[],"attachments":[],"parameters":[],"shouldDisplayMessage":false,"stepsCount":0,"attachmentsCount":0,"hasContent":false,"attachmentStep":false}],"labels":[{"name":"package","value":"testcases.AccountTests"},{"name":"testClass","value":"testcases.AccountTests"},{"name":"testMethod","value":"userTriesToAddInvalidCreditCardToWallet"},{"name":"parentSuite","value":"GMAP EU Mobile Test Automation - [ANDROID PARALLEL XML SUITE]"},{"name":"suite","value":"GMAP Tests | Account"},{"name":"subSuite","value":"testcases.AccountTests"},{"name":"host","value":"fv-az1961-876"},{"name":"thread","value":"1946@fv-az1961-876.TestNG-tests-8(29)"},{"name":"framework","value":"testng"},{"name":"language","value":"java"},{"name":"feature","value":"[GMAP] My Account"},{"name":"tag","value":"Wallet"},{"name":"tag","value":"Account"},{"name":"story","value":"[GMAP] Wallet"},{"name":"owner","value":"Kesavan - [Shanmugakesavan.Sundaramurthi@circlekeurope.com]"},{"name":"epic","value":"[GMAP] ACCOUNT"},{"name":"severity","value":"normal"},{"name":"resultFormat","value":"allure2"}],"parameters":[{"name":"arg0","value":"{CVC=737, NUMBER=497794949494949999990, EXPIRY_DATE=03/30}"},{"name":"deviceConfig","value":"GalaxyS22"}],"links":[{"name":"NGRPRG-9179","url":"https://circlek.atlassian.net/browse/NGRPRG-9179","type":"tms"},{"name":"N/A","url":"https://circlek.atlassian.net/browse/N/A","type":"issue"},{"name":"Device logs.txt","url":"https://api.eu-central-1.saucelabs.com/v1/rdc/jobs/1bd0fb54e1e0446291890bb0998a4597/deviceLogs"}],"hidden":false,"retry":false,"extra":{"severity":"normal","owner":"Kesavan - [Shanmugakesavan.Sundaramurthi@circlekeurope.com]","retries":[],"categories":[{"name":"Test defects","matchedStatuses":[],"flaky":false}],"history":{"statistic":{"failed":0,"broken":4,"skipped":0,"passed":20,"unknown":0,"total":24},"items":[{"uid":"2cfcf05d5a492c10","reportUrl":"https://circlek-global.github.io/gmbat-tests-eu-mobile-automation/1408//#testresult/2cfcf05d5a492c10","status":"passed","time":{"start":1741863352737,"stop":1741863408631,"duration":55894}},{"uid":"ce1f0e509101773b","reportUrl":"https://circlek-global.github.io/gmbat-tests-eu-mobile-automation/1372//#testresult/ce1f0e509101773b","status":"passed","time":{"start":1741696712031,"stop":1741696768402,"duration":56371}},{"uid":"2aa03ceb4ab89fb1","reportUrl":"https://circlek-global.github.io/gmbat-tests-eu-mobile-automation/1360//#testresult/2aa03ceb4ab89fb1","status":"passed","time":{"start":1741628696764,"stop":1741628751107,"duration":54343}},{"uid":"6edfc4366caa9e98","reportUrl":"https://circlek-global.github.io/gmbat-tests-eu-mobile-automation/1337//#testresult/6edfc4366caa9e98","status":"passed","time":{"start":1741333032148,"stop":1741333087487,"duration":55339}},{"uid":"bbc3431ac2d7cc43","reportUrl":"https://circlek-global.github.io/gmbat-tests-eu-mobile-automation/1280//#testresult/bbc3431ac2d7cc43","status":"passed","time":{"start":1741078355982,"stop":1741078411873,"duration":55891}},{"uid":"b0a8bf078c24b846","reportUrl":"https://circlek-global.github.io/gmbat-tests-eu-mobile-automation/1239//#testresult/b0a8bf078c24b846","status":"passed","time":{"start":1740590892030,"stop":1740590950199,"duration":58169}},{"uid":"d5677b9538afd769","reportUrl":"https://circlek-global.github.io/gmbat-tests-eu-mobile-automation/1156//#testresult/d5677b9538afd769","status":"passed","time":{"start":1739814772699,"stop":1739814827835,"duration":55136}},{"uid":"5759161b333381b4","reportUrl":"https://circlek-global.github.io/gmbat-tests-eu-mobile-automation/1120//#testresult/5759161b333381b4","status":"passed","time":{"start":1739363947074,"stop":1739363996187,"duration":49113}},{"uid":"6ca685856f850ae8","reportUrl":"https://circlek-global.github.io/gmbat-tests-eu-mobile-automation/1119//#testresult/6ca685856f850ae8","status":"passed","time":{"start":1739354767248,"stop":1739354815604,"duration":48356}},{"uid":"c93e54c8194cd124","reportUrl":"https://circlek-global.github.io/gmbat-tests-eu-mobile-automation/507//#testresult/c93e54c8194cd124","status":"broken","statusDetails":"Element [By.xpath: //android.widget.ScrollView[@resource-id=\"account-scrollView\"]] wasn't visible after [15] seconds!\nException: org.openqa.selenium.TimeoutException: Expected condition failed: Element [By.xpath: //android.widget.ScrollView[@resource-id=\"account-scrollView\"]] wasn't visible after [15] seconds! (tried for 15 second(s) with 250 milliseconds interval)\nFor documentation on this error, please visit: https://www.selenium.dev/documentation/webdriver/troubleshooting/errors#no-such-element-exception\nBuild info: version: '4.19.0', revision: '5f9cec8963'\nSystem info: os.name: 'Linux', os.arch: 'amd64', os.version: '6.5.0-1025-azure', java.version: '17.0.13'\nDriver info: driver.version: unknown","time":{"start":1732651294603,"stop":1732651328419,"duration":33816}},{"uid":"1c226ee307d135ab","reportUrl":"https://circlek-global.github.io/gmbat-tests-eu-mobile-automation/498//#testresult/1c226ee307d135ab","status":"passed","time":{"start":1732551839585,"stop":1732551889718,"duration":50133}},{"uid":"96cbc5892f0b6cba","reportUrl":"https://circlek-global.github.io/gmbat-tests-eu-mobile-automation/466//#testresult/96cbc5892f0b6cba","status":"passed","time":{"start":1732006761138,"stop":1732006806398,"duration":45260}},{"uid":"f13ef38b31b4eefd","reportUrl":"https://circlek-global.github.io/gmbat-tests-eu-mobile-automation/421//#testresult/f13ef38b31b4eefd","status":"passed","time":{"start":1731488361904,"stop":1731488419638,"duration":57734}},{"uid":"95e41205cb672d1","reportUrl":"https://circlek-global.github.io/gmbat-tests-eu-mobile-automation/383//#testresult/95e41205cb672d1","status":"passed","time":{"start":1730897614852,"stop":1730897665196,"duration":50344}},{"uid":"753d74dcc5d2157f","reportUrl":"https://circlek-global.github.io/gmbat-tests-eu-mobile-automation/376//#testresult/753d74dcc5d2157f","status":"passed","time":{"start":1730796826669,"stop":1730796877550,"duration":50881}},{"uid":"3ab7a375aa1888e3","reportUrl":"https://circlek-global.github.io/gmbat-tests-eu-mobile-automation/345//#testresult/3ab7a375aa1888e3","status":"passed","time":{"start":1730194635371,"stop":1730194685370,"duration":49999}},{"uid":"d1b72bbeba59f90e","reportUrl":"https://circlek-global.github.io/gmbat-tests-eu-mobile-automation/339//#testresult/d1b72bbeba59f90e","status":"passed","time":{"start":1730144731609,"stop":1730144854868,"duration":123259}},{"uid":"3e27d1a3db088034","reportUrl":"https://circlek-global.github.io/gmbat-tests-eu-mobile-automation/264//#testresult/3e27d1a3db088034","status":"broken","statusDetails":"Element [AppiumBy.androidUIAutomator: new UiSelector().resourceId(\"account.tab-bar\")] wasn't clickable after [15] seconds!\nFor documentation on this error, please visit: https://www.selenium.dev/documentation/webdriver/troubleshooting/errors#no-such-element-exception\nBuild info: version: '4.19.0', revision: '5f9cec8963'\nSystem info: os.name: 'Linux', os.arch: 'amd64', os.version: '6.5.0-1025-azure', java.version: '17.0.12'\nDriver info: driver.version: unknown","time":{"start":1728882556060,"stop":1728882574411,"duration":18351}},{"uid":"5ee6d7ef1f50ba50","reportUrl":"https://circlek-global.github.io/gmbat-tests-eu-mobile-automation/261//#testresult/5ee6d7ef1f50ba50","status":"passed","time":{"start":1728648065577,"stop":1728648120002,"duration":54425}},{"uid":"2a25f287f2b888f4","reportUrl":"https://circlek-global.github.io/gmbat-tests-eu-mobile-automation/241//#testresult/2a25f287f2b888f4","status":"broken","statusDetails":"Element [AppiumBy.accessibilityId: Add payment] wasn't clickable after [15] seconds!\nFor documentation on this error, please visit: https://www.selenium.dev/documentation/webdriver/troubleshooting/errors#no-such-element-exception\nBuild info: version: '4.19.0', revision: '5f9cec8963'\nSystem info: os.name: 'Linux', os.arch: 'amd64', os.version: '6.8.0-1014-azure', java.version: '17.0.12'\nDriver info: driver.version: unknown","time":{"start":1728382045972,"stop":1728382082226,"duration":36254}}]},"tags":["Account","Wallet"]},"source":"a5825687541d7849.json","parameterValues":["{CVC=737, NUMBER=497794949494949999990, EXPIRY_DATE=03/30}","GalaxyS22"]}