{"uid":"dd2cda38244888c0","name":"User tries to purchase car wash using Frictionless flow","fullName":"testcases.CarWashSubscriptionTests.userTriesToPurchaseCarWashWithFrictionLessFlow","historyId":"d4d6414dbc6e94a810405a89f70a0035","time":{"start":1743162808429,"stop":1743163105320,"duration":296891},"description":"User tries to purchase car wash using Frictionless flow","descriptionHtml":"<p>User tries to purchase car wash using Frictionless flow</p>\n","status":"broken","statusMessage":"Condition with Lambda expression in com.gmap.core.pages_common.HomePage was not fulfilled within 1 minutes  25 seconds.","statusTrace":"org.awaitility.core.ConditionTimeoutException: Condition with Lambda expression in com.gmap.core.pages_common.HomePage was not fulfilled within 1 minutes  25 seconds.\n\tat org.awaitility.core.ConditionAwaiter.await(ConditionAwaiter.java:167)\n\tat org.awaitility.core.CallableCondition.await(CallableCondition.java:78)\n\tat org.awaitility.core.CallableCondition.await(CallableCondition.java:26)\n\tat org.awaitility.core.ConditionFactory.until(ConditionFactory.java:1160)\n\tat org.awaitility.core.ConditionFactory.until(ConditionFactory.java:1129)\n\tat com.gmap.core.common.handlers.WaitHandler.awaitilityUntil(WaitHandler.java:66)\n\tat com.gmap.core.pages_common.HomePage.lambda$checkIfProgressBarOnTheTabIsAdvancing$3(HomePage.java:742)\n\tat java.base/java.util.Spliterators$ArraySpliterator.forEachRemaining(Spliterators.java:992)\n\tat java.base/java.util.stream.ReferencePipeline$Head.forEach(ReferencePipeline.java:762)\n\tat com.gmap.core.pages_common.HomePage.checkIfProgressBarOnTheTabIsAdvancing(HomePage.java:739)\n\tat steps.ExtraSteps.apiCarWash(ExtraSteps.java:273)\n\tat testcases.CarWashSubscriptionTests.userTriesToDoApiCarWashFlow(CarWashSubscriptionTests.java:1500)\n\tat testcases.CarWashSubscriptionTests.userTriesToPurchaseCarWashWithFrictionLessFlow(CarWashSubscriptionTests.java:1068)\n\tat java.base/jdk.internal.reflect.NativeMethodAccessorImpl.invoke0(Native Method)\n\tat java.base/jdk.internal.reflect.NativeMethodAccessorImpl.invoke(NativeMethodAccessorImpl.java:77)\n\tat java.base/jdk.internal.reflect.DelegatingMethodAccessorImpl.invoke(DelegatingMethodAccessorImpl.java:43)\n\tat java.base/java.lang.reflect.Method.invoke(Method.java:569)\n\tat org.testng.internal.invokers.MethodInvocationHelper.invokeMethod(MethodInvocationHelper.java:141)\n\tat org.testng.internal.invokers.MethodInvocationHelper$1.runTestMethod(MethodInvocationHelper.java:260)\n\tat settings.hooks.Hooks.run(Hooks.java:59)\n\tat org.testng.internal.invokers.MethodInvocationHelper.invokeHookable(MethodInvocationHelper.java:274)\n\tat org.testng.internal.invokers.TestInvoker.invokeMethod(TestInvoker.java:679)\n\tat org.testng.internal.invokers.TestInvoker.retryFailed(TestInvoker.java:269)\n\tat org.testng.internal.invokers.MethodRunner.runInSequence(MethodRunner.java:76)\n\tat org.testng.internal.invokers.TestInvoker$MethodInvocationAgent.invoke(TestInvoker.java:995)\n\tat org.testng.internal.invokers.TestInvoker.invokeTestMethods(TestInvoker.java:203)\n\tat org.testng.internal.invokers.TestMethodWorker.invokeTestMethods(TestMethodWorker.java:154)\n\tat org.testng.internal.invokers.TestMethodWorker.run(TestMethodWorker.java:134)\n\tat java.base/java.util.ArrayList.forEach(ArrayList.java:1511)\n\tat org.testng.TestRunner.privateRun(TestRunner.java:741)\n\tat org.testng.TestRunner.run(TestRunner.java:616)\n\tat org.testng.SuiteRunner.runTest(SuiteRunner.java:421)\n\tat org.testng.SuiteRunner$SuiteWorker.run(SuiteRunner.java:463)\n\tat org.testng.internal.thread.ThreadUtil.lambda$execute$0(ThreadUtil.java:64)\n\tat java.base/java.util.concurrent.FutureTask.run(FutureTask.java:264)\n\tat java.base/java.util.concurrent.ThreadPoolExecutor.runWorker(ThreadPoolExecutor.java:1136)\n\tat java.base/java.util.concurrent.ThreadPoolExecutor$Worker.run(ThreadPoolExecutor.java:635)\n\tat java.base/java.lang.Thread.run(Thread.java:840)\nCaused by: java.util.concurrent.TimeoutException\n\tat java.base/java.util.concurrent.FutureTask.get(FutureTask.java:204)\n\tat org.awaitility.core.Uninterruptibles.getUninterruptibly(Uninterruptibles.java:101)\n\tat org.awaitility.core.Uninterruptibles.getUninterruptibly(Uninterruptibles.java:81)\n\tat org.awaitility.core.ConditionAwaiter.await(ConditionAwaiter.java:103)\n\t... 37 more\n","flaky":false,"newFailed":false,"newBroken":false,"newPassed":false,"retriesCount":1,"retriesStatusChange":true,"beforeStages":[{"name":"Base Before Test","time":{"start":1743158047625,"stop":1743158047625,"duration":0},"description":"Base Before Test","status":"passed","steps":[],"attachments":[],"parameters":[],"shouldDisplayMessage":false,"stepsCount":0,"attachmentsCount":0,"hasContent":false,"attachmentStep":false},{"name":"springTestContextBeforeTestClass","time":{"start":1743158047760,"stop":1743158047778,"duration":18},"description":"","status":"passed","steps":[],"attachments":[],"parameters":[],"shouldDisplayMessage":false,"stepsCount":0,"attachmentsCount":0,"hasContent":false,"attachmentStep":false},{"name":"springTestContextPrepareTestInstance","time":{"start":1743158047778,"stop":1743158048973,"duration":1195},"description":"","status":"passed","steps":[],"attachments":[],"parameters":[],"shouldDisplayMessage":false,"stepsCount":0,"attachmentsCount":0,"hasContent":false,"attachmentStep":false},{"name":"Base Before Class","time":{"start":1743158048979,"stop":1743158051851,"duration":2872},"description":"Base Before Class","status":"passed","steps":[],"attachments":[],"parameters":[],"shouldDisplayMessage":false,"stepsCount":0,"attachmentsCount":0,"hasContent":false,"attachmentStep":false},{"name":"springTestContextBeforeTestMethod","time":{"start":1743162737647,"stop":1743162737647,"duration":0},"description":"","status":"passed","steps":[],"attachments":[],"parameters":[],"shouldDisplayMessage":false,"stepsCount":0,"attachmentsCount":0,"hasContent":false,"attachmentStep":false},{"name":"Base Before Test Method","time":{"start":1743162737647,"stop":1743162807591,"duration":69944},"description":"Base Before Test Method","status":"passed","steps":[],"attachments":[{"uid":"afd7484f7e93575f","name":"REQUEST | POST https://api.uat.circlek.com/eu/ngrp-gmap-authn/v1/auth","source":"afd7484f7e93575f.html","type":"text/html","size":621},{"uid":"ac4991be46d25208","name":"RESPONSE | POST https://api.uat.circlek.com/eu/ngrp-gmap-authn/v1/auth [404]","source":"ac4991be46d25208.html","type":"text/html","size":747}],"parameters":[],"shouldDisplayMessage":false,"stepsCount":0,"attachmentsCount":2,"hasContent":true,"attachmentStep":false},{"name":"initTestConfig","time":{"start":1743162807591,"stop":1743162807611,"duration":20},"description":"","status":"passed","steps":[],"attachments":[],"parameters":[],"shouldDisplayMessage":false,"stepsCount":0,"attachmentsCount":0,"hasContent":false,"attachmentStep":false}],"testStage":{"description":"User tries to purchase car wash using Frictionless flow","status":"broken","statusMessage":"Condition with Lambda expression in com.gmap.core.pages_common.HomePage was not fulfilled within 1 minutes  25 seconds.","statusTrace":"org.awaitility.core.ConditionTimeoutException: Condition with Lambda expression in com.gmap.core.pages_common.HomePage was not fulfilled within 1 minutes  25 seconds.\n\tat org.awaitility.core.ConditionAwaiter.await(ConditionAwaiter.java:167)\n\tat org.awaitility.core.CallableCondition.await(CallableCondition.java:78)\n\tat org.awaitility.core.CallableCondition.await(CallableCondition.java:26)\n\tat org.awaitility.core.ConditionFactory.until(ConditionFactory.java:1160)\n\tat org.awaitility.core.ConditionFactory.until(ConditionFactory.java:1129)\n\tat com.gmap.core.common.handlers.WaitHandler.awaitilityUntil(WaitHandler.java:66)\n\tat com.gmap.core.pages_common.HomePage.lambda$checkIfProgressBarOnTheTabIsAdvancing$3(HomePage.java:742)\n\tat java.base/java.util.Spliterators$ArraySpliterator.forEachRemaining(Spliterators.java:992)\n\tat java.base/java.util.stream.ReferencePipeline$Head.forEach(ReferencePipeline.java:762)\n\tat com.gmap.core.pages_common.HomePage.checkIfProgressBarOnTheTabIsAdvancing(HomePage.java:739)\n\tat steps.ExtraSteps.apiCarWash(ExtraSteps.java:273)\n\tat testcases.CarWashSubscriptionTests.userTriesToDoApiCarWashFlow(CarWashSubscriptionTests.java:1500)\n\tat testcases.CarWashSubscriptionTests.userTriesToPurchaseCarWashWithFrictionLessFlow(CarWashSubscriptionTests.java:1068)\n\tat java.base/jdk.internal.reflect.NativeMethodAccessorImpl.invoke0(Native Method)\n\tat java.base/jdk.internal.reflect.NativeMethodAccessorImpl.invoke(NativeMethodAccessorImpl.java:77)\n\tat java.base/jdk.internal.reflect.DelegatingMethodAccessorImpl.invoke(DelegatingMethodAccessorImpl.java:43)\n\tat java.base/java.lang.reflect.Method.invoke(Method.java:569)\n\tat org.testng.internal.invokers.MethodInvocationHelper.invokeMethod(MethodInvocationHelper.java:141)\n\tat org.testng.internal.invokers.MethodInvocationHelper$1.runTestMethod(MethodInvocationHelper.java:260)\n\tat settings.hooks.Hooks.run(Hooks.java:59)\n\tat org.testng.internal.invokers.MethodInvocationHelper.invokeHookable(MethodInvocationHelper.java:274)\n\tat org.testng.internal.invokers.TestInvoker.invokeMethod(TestInvoker.java:679)\n\tat org.testng.internal.invokers.TestInvoker.retryFailed(TestInvoker.java:269)\n\tat org.testng.internal.invokers.MethodRunner.runInSequence(MethodRunner.java:76)\n\tat org.testng.internal.invokers.TestInvoker$MethodInvocationAgent.invoke(TestInvoker.java:995)\n\tat org.testng.internal.invokers.TestInvoker.invokeTestMethods(TestInvoker.java:203)\n\tat org.testng.internal.invokers.TestMethodWorker.invokeTestMethods(TestMethodWorker.java:154)\n\tat org.testng.internal.invokers.TestMethodWorker.run(TestMethodWorker.java:134)\n\tat java.base/java.util.ArrayList.forEach(ArrayList.java:1511)\n\tat org.testng.TestRunner.privateRun(TestRunner.java:741)\n\tat org.testng.TestRunner.run(TestRunner.java:616)\n\tat org.testng.SuiteRunner.runTest(SuiteRunner.java:421)\n\tat org.testng.SuiteRunner$SuiteWorker.run(SuiteRunner.java:463)\n\tat org.testng.internal.thread.ThreadUtil.lambda$execute$0(ThreadUtil.java:64)\n\tat java.base/java.util.concurrent.FutureTask.run(FutureTask.java:264)\n\tat java.base/java.util.concurrent.ThreadPoolExecutor.runWorker(ThreadPoolExecutor.java:1136)\n\tat java.base/java.util.concurrent.ThreadPoolExecutor$Worker.run(ThreadPoolExecutor.java:635)\n\tat java.base/java.lang.Thread.run(Thread.java:840)\nCaused by: java.util.concurrent.TimeoutException\n\tat java.base/java.util.concurrent.FutureTask.get(FutureTask.java:204)\n\tat org.awaitility.core.Uninterruptibles.getUninterruptibly(Uninterruptibles.java:101)\n\tat org.awaitility.core.Uninterruptibles.getUninterruptibly(Uninterruptibles.java:81)\n\tat org.awaitility.core.ConditionAwaiter.await(ConditionAwaiter.java:103)\n\t... 37 more\n","steps":[{"name":"I check that the \"Welcome Screen\" is displayed","time":{"start":1743162808430,"stop":1743162809124,"duration":694},"status":"passed","steps":[],"attachments":[],"parameters":[],"shouldDisplayMessage":false,"stepsCount":0,"attachmentsCount":0,"hasContent":false,"attachmentStep":false},{"name":"I click on \"GET STARTED\" button","time":{"start":1743162809124,"stop":1743162811682,"duration":2558},"status":"passed","steps":[],"attachments":[],"parameters":[],"shouldDisplayMessage":false,"stepsCount":0,"attachmentsCount":0,"hasContent":false,"attachmentStep":false},{"name":"I check that the \"Choose Data Preferences Screen\" is displayed","time":{"start":1743162811682,"stop":1743162812657,"duration":975},"status":"passed","steps":[],"attachments":[],"parameters":[],"shouldDisplayMessage":false,"stepsCount":0,"attachmentsCount":0,"hasContent":false,"attachmentStep":false},{"name":"I click on \"ALLOW ALL TRACKING\" button","time":{"start":1743162812657,"stop":1743162814610,"duration":1953},"status":"passed","steps":[],"attachments":[],"parameters":[],"shouldDisplayMessage":false,"stepsCount":0,"attachmentsCount":0,"hasContent":false,"attachmentStep":false},{"name":"I check that the \"First SignIn Screen\" is displayed","time":{"start":1743162814610,"stop":1743162815765,"duration":1155},"status":"passed","steps":[],"attachments":[],"parameters":[],"shouldDisplayMessage":false,"stepsCount":0,"attachmentsCount":0,"hasContent":false,"attachmentStep":false},{"name":"I click on \"PHONE NUMBER PREFIX\" button","time":{"start":1743162815765,"stop":1743162817722,"duration":1957},"status":"passed","steps":[],"attachments":[],"parameters":[],"shouldDisplayMessage":false,"stepsCount":0,"attachmentsCount":0,"hasContent":false,"attachmentStep":false},{"name":"I check that the \"All Country List Pane\" is displayed","time":{"start":1743162817722,"stop":1743162821294,"duration":3572},"status":"passed","steps":[],"attachments":[],"parameters":[],"shouldDisplayMessage":false,"stepsCount":0,"attachmentsCount":0,"hasContent":false,"attachmentStep":false},{"name":"I enter the country name \"Poland\" in the search box","time":{"start":1743162821294,"stop":1743162823286,"duration":1992},"status":"passed","steps":[],"attachments":[],"parameters":[{"name":"Country Name:","value":"Poland"}],"shouldDisplayMessage":false,"stepsCount":0,"attachmentsCount":0,"hasContent":true,"attachmentStep":false},{"name":"I click on \"DISPLAYED COUNTRY\" button","time":{"start":1743162823286,"stop":1743162827289,"duration":4003},"status":"passed","steps":[],"attachments":[],"parameters":[],"shouldDisplayMessage":false,"stepsCount":0,"attachmentsCount":0,"hasContent":false,"attachmentStep":false},{"name":"I click on \"PHONE NUMBER\" input","time":{"start":1743162827289,"stop":1743162830120,"duration":2831},"status":"passed","steps":[],"attachments":[],"parameters":[],"shouldDisplayMessage":false,"stepsCount":0,"attachmentsCount":0,"hasContent":false,"attachmentStep":false},{"name":"I enter the phone number \"735306000\" in the input","time":{"start":1743162830120,"stop":1743162834257,"duration":4137},"status":"passed","steps":[],"attachments":[],"parameters":[{"name":"Phone number:","value":"735306000"}],"shouldDisplayMessage":false,"stepsCount":0,"attachmentsCount":0,"hasContent":true,"attachmentStep":false},{"name":"I click on \"LET'S GO\" button","time":{"start":1743162834258,"stop":1743162840569,"duration":6311},"status":"passed","steps":[],"attachments":[],"parameters":[{"name":"wait","value":"true"}],"shouldDisplayMessage":false,"stepsCount":0,"attachmentsCount":0,"hasContent":true,"attachmentStep":false},{"name":"I check that the \"Password Screen\" is displayed","time":{"start":1743162840569,"stop":1743162841245,"duration":676},"status":"passed","steps":[],"attachments":[],"parameters":[],"shouldDisplayMessage":false,"stepsCount":0,"attachmentsCount":0,"hasContent":false,"attachmentStep":false},{"name":"I click on \"PASSWORD\" input","time":{"start":1743162841245,"stop":1743162843791,"duration":2546},"status":"passed","steps":[],"attachments":[],"parameters":[],"shouldDisplayMessage":false,"stepsCount":0,"attachmentsCount":0,"hasContent":false,"attachmentStep":false},{"name":"I enter the password \"#Test123\" in the input","time":{"start":1743162843792,"stop":1743162847879,"duration":4087},"status":"passed","steps":[],"attachments":[],"parameters":[{"name":"Password:","value":"#Test123"}],"shouldDisplayMessage":false,"stepsCount":0,"attachmentsCount":0,"hasContent":true,"attachmentStep":false},{"name":"I click on \"SIGN IN\" button","time":{"start":1743162847880,"stop":1743162854714,"duration":6834},"status":"passed","steps":[],"attachments":[],"parameters":[],"shouldDisplayMessage":false,"stepsCount":0,"attachmentsCount":0,"hasContent":false,"attachmentStep":false},{"name":"I check that the \"Notification Permission Screen\" is displayed","time":{"start":1743162854716,"stop":1743162855769,"duration":1053},"status":"passed","steps":[],"attachments":[],"parameters":[],"shouldDisplayMessage":false,"stepsCount":0,"attachmentsCount":0,"hasContent":false,"attachmentStep":false},{"name":"I click on \"CONTINUE\" button","time":{"start":1743162855769,"stop":1743162857607,"duration":1838},"status":"passed","steps":[],"attachments":[],"parameters":[],"shouldDisplayMessage":false,"stepsCount":0,"attachmentsCount":0,"hasContent":false,"attachmentStep":false},{"name":"I check that the \"Location Permission Flow Screen\" is displayed","time":{"start":1743162857607,"stop":1743162858529,"duration":922},"status":"passed","steps":[],"attachments":[],"parameters":[],"shouldDisplayMessage":false,"stepsCount":0,"attachmentsCount":0,"hasContent":false,"attachmentStep":false},{"name":"I click on \"CONTINUE\" button","time":{"start":1743162858529,"stop":1743162860669,"duration":2140},"status":"passed","steps":[],"attachments":[],"parameters":[],"shouldDisplayMessage":false,"stepsCount":0,"attachmentsCount":0,"hasContent":false,"attachmentStep":false},{"name":"I close \"Tell Us What You Think Pane\"","time":{"start":1743162860669,"stop":1743162865924,"duration":5255},"status":"passed","steps":[],"attachments":[],"parameters":[{"name":"time","value":"[]"}],"shouldDisplayMessage":false,"stepsCount":0,"attachmentsCount":0,"hasContent":true,"attachmentStep":false},{"name":"I skip linking my card","time":{"start":1743162865925,"stop":1743162881822,"duration":15897},"status":"passed","steps":[],"attachments":[],"parameters":[{"name":"time","value":"[15]"}],"shouldDisplayMessage":false,"stepsCount":0,"attachmentsCount":0,"hasContent":true,"attachmentStep":false},{"name":"I handle\"Stay Informed About Offers Pane\" marketing consent","time":{"start":1743162881822,"stop":1743162887416,"duration":5594},"status":"passed","steps":[{"name":"I accept \"Stay Informed About Offers Pane\" marketing consent","time":{"start":1743162881822,"stop":1743162887416,"duration":5594},"status":"passed","steps":[],"attachments":[],"parameters":[],"shouldDisplayMessage":false,"stepsCount":0,"attachmentsCount":0,"hasContent":false,"attachmentStep":false}],"attachments":[],"parameters":[],"shouldDisplayMessage":false,"stepsCount":1,"attachmentsCount":0,"hasContent":true,"attachmentStep":false},{"name":"I click on \"MAYBE LATER\" button","time":{"start":1743162887416,"stop":1743162893114,"duration":5698},"status":"passed","steps":[],"attachments":[],"parameters":[],"shouldDisplayMessage":false,"stepsCount":0,"attachmentsCount":0,"hasContent":false,"attachmentStep":false},{"name":"I check that the \"Home Screen\" is displayed","time":{"start":1743162893114,"stop":1743162893735,"duration":621},"status":"passed","steps":[],"attachments":[],"parameters":[],"shouldDisplayMessage":false,"stepsCount":0,"attachmentsCount":0,"hasContent":false,"attachmentStep":false},{"name":"I check that the location services are enabled on real device","time":{"start":1743162893735,"stop":1743162914506,"duration":20771},"status":"passed","steps":[{"name":"I check that the \"Enable location\" warning is displayed","time":{"start":1743162893736,"stop":1743162904067,"duration":10331},"status":"passed","steps":[],"attachments":[],"parameters":[],"shouldDisplayMessage":false,"stepsCount":0,"attachmentsCount":0,"hasContent":false,"attachmentStep":false},{"name":"I check that the \"We can't find you\" text is displayed","time":{"start":1743162904067,"stop":1743162914506,"duration":10439},"status":"passed","steps":[],"attachments":[],"parameters":[],"shouldDisplayMessage":false,"stepsCount":0,"attachmentsCount":0,"hasContent":false,"attachmentStep":false}],"attachments":[],"parameters":[],"shouldDisplayMessage":false,"stepsCount":2,"attachmentsCount":0,"hasContent":true,"attachmentStep":false},{"name":"I mock the location of the device to \"NORWAY_50555\"","time":{"start":1743162914506,"stop":1743162960760,"duration":46254},"status":"passed","steps":[{"name":"I click on \"ACCOUNT\" button","time":{"start":1743162914507,"stop":1743162916550,"duration":2043},"status":"passed","steps":[],"attachments":[],"parameters":[],"shouldDisplayMessage":false,"stepsCount":0,"attachmentsCount":0,"hasContent":false,"attachmentStep":false},{"name":"I check that the \"Account Screen\" is displayed","time":{"start":1743162916550,"stop":1743162917567,"duration":1017},"status":"passed","steps":[],"attachments":[],"parameters":[],"shouldDisplayMessage":false,"stepsCount":0,"attachmentsCount":0,"hasContent":false,"attachmentStep":false},{"name":"I check that the \"Profile\" tab is displayed","time":{"start":1743162917567,"stop":1743162918257,"duration":690},"status":"passed","steps":[],"attachments":[],"parameters":[],"shouldDisplayMessage":false,"stepsCount":0,"attachmentsCount":0,"hasContent":false,"attachmentStep":false},{"name":"I click on \"BUILD NUMBER\" tab","time":{"start":1743162918257,"stop":1743162928116,"duration":9859},"status":"passed","steps":[],"attachments":[],"parameters":[],"shouldDisplayMessage":false,"stepsCount":0,"attachmentsCount":0,"hasContent":false,"attachmentStep":false},{"name":"I click on \"SET LOCATION\" button","time":{"start":1743162928117,"stop":1743162930611,"duration":2494},"status":"passed","steps":[],"attachments":[],"parameters":[],"shouldDisplayMessage":false,"stepsCount":0,"attachmentsCount":0,"hasContent":false,"attachmentStep":false},{"name":"I enter the location data of the \"NORWAY_50555\" station","time":{"start":1743162930611,"stop":1743162946126,"duration":15515},"status":"passed","steps":[{"name":"I check \"Set Location\" page is visible","time":{"start":1743162930611,"stop":1743162931651,"duration":1040},"status":"passed","steps":[],"attachments":[],"parameters":[],"shouldDisplayMessage":false,"stepsCount":0,"attachmentsCount":0,"hasContent":false,"attachmentStep":false},{"name":"I enter the site ID \"NORWAY_50555\" in the input","time":{"start":1743162931651,"stop":1743162944200,"duration":12549},"status":"passed","steps":[],"attachments":[],"parameters":[{"name":"Device location:","value":"NORWAY_50555"}],"shouldDisplayMessage":false,"stepsCount":0,"attachmentsCount":0,"hasContent":true,"attachmentStep":false},{"name":"I click on \"SET LOCATION\" button","time":{"start":1743162944200,"stop":1743162946126,"duration":1926},"status":"passed","steps":[],"attachments":[],"parameters":[],"shouldDisplayMessage":false,"stepsCount":0,"attachmentsCount":0,"hasContent":false,"attachmentStep":false}],"attachments":[],"parameters":[{"name":"Device location:","value":"NORWAY_50555"},{"name":"useStationId","value":"true"}],"shouldDisplayMessage":false,"stepsCount":3,"attachmentsCount":0,"hasContent":true,"attachmentStep":false},{"name":"I click on \"Car Wash\" advertisement","time":{"start":1743162946126,"stop":1743162951586,"duration":5460},"status":"passed","steps":[{"name":"I check if \"Car Wash\" advertisement is displayed","time":{"start":1743162949381,"stop":1743162951586,"duration":2205},"status":"passed","steps":[],"attachments":[],"parameters":[{"name":"time","value":"2"}],"shouldDisplayMessage":false,"stepsCount":0,"attachmentsCount":0,"hasContent":true,"attachmentStep":false}],"attachments":[],"parameters":[],"shouldDisplayMessage":false,"stepsCount":1,"attachmentsCount":0,"hasContent":true,"attachmentStep":false},{"name":"I close and open application","time":{"start":1743162951586,"stop":1743162952502,"duration":916},"status":"passed","steps":[],"attachments":[],"parameters":[],"shouldDisplayMessage":false,"stepsCount":0,"attachmentsCount":0,"hasContent":false,"attachmentStep":false},{"name":"I make sure that the location is set correctly","time":{"start":1743162952502,"stop":1743162959647,"duration":7145},"status":"passed","steps":[],"attachments":[],"parameters":[],"shouldDisplayMessage":false,"stepsCount":0,"attachmentsCount":0,"hasContent":false,"attachmentStep":false},{"name":"I check that the \"Home Screen\" is displayed","time":{"start":1743162959647,"stop":1743162960760,"duration":1113},"status":"passed","steps":[],"attachments":[],"parameters":[],"shouldDisplayMessage":false,"stepsCount":0,"attachmentsCount":0,"hasContent":false,"attachmentStep":false}],"attachments":[],"parameters":[{"name":"Device location:","value":"NORWAY_50555"},{"name":"useStationId","value":"true"}],"shouldDisplayMessage":false,"stepsCount":14,"attachmentsCount":0,"hasContent":true,"attachmentStep":false},{"name":"I check that the \"Home Screen\" is displayed","time":{"start":1743162960760,"stop":1743162961738,"duration":978},"status":"passed","steps":[],"attachments":[],"parameters":[],"shouldDisplayMessage":false,"stepsCount":0,"attachmentsCount":0,"hasContent":false,"attachmentStep":false},{"name":"I click on \"CAR WASH\" tab","time":{"start":1743162961739,"stop":1743162968375,"duration":6636},"status":"passed","steps":[],"attachments":[],"parameters":[],"shouldDisplayMessage":false,"stepsCount":0,"attachmentsCount":0,"hasContent":false,"attachmentStep":false},{"name":"I make an API call to \"PBP CW Camera Webhook\" with following information: [CameraWebHookRequestBody: CameraWebhookRequest(plate=no47jogl, storeId=50555, pumpNo=1, region=no, plateConfidence=0.902, regionConfidence=0.373, make=VW, colorConfidence=None, makeConfidence=None, time=16:23:29.047254, ymax=490, sendDelayTime=3, bodyType=Unknown, ymin=286, makeModelConfidence=None, date=2022-04-25, bodyTypeConfidence=0.0, xmin=551, makeModel=Golf VII, color=None, xmax=928, arrivalTime=2023-03-15+10%3A33%3A09, notifyTime=2023-03-15+10%3A33%3A09, parkedTime=2023-03-15+10%3A33%3A09)]","time":{"start":1743162968375,"stop":1743162969827,"duration":1452},"status":"passed","steps":[],"attachments":[],"parameters":[{"name":"body","value":"CameraWebhookRequest(plate=no47jogl, storeId=50555, pumpNo=1, region=no, plateConfidence=0.902, regionConfidence=0.373, make=VW, colorConfidence=None, makeConfidence=None, time=16:23:29.047254, ymax=490, sendDelayTime=3, bodyType=Unknown, ymin=286, makeModelConfidence=None, date=2022-04-25, bodyTypeConfidence=0.0, xmin=551, makeModel=Golf VII, color=None, xmax=928, arrivalTime=2023-03-15+10%3A33%3A09, notifyTime=2023-03-15+10%3A33%3A09, parkedTime=2023-03-15+10%3A33%3A09)"}],"shouldDisplayMessage":false,"stepsCount":0,"attachmentsCount":0,"hasContent":true,"attachmentStep":false},{"name":"I swipe on the device screen to the to refresh Home Page","time":{"start":1743162969827,"stop":1743162972594,"duration":2767},"status":"passed","steps":[],"attachments":[],"parameters":[{"name":"businessUnits","value":"NORWAY"},{"name":"wait","value":"true"}],"shouldDisplayMessage":false,"stepsCount":0,"attachmentsCount":0,"hasContent":true,"attachmentStep":false},{"name":"I check that the \"Home Screen\" is displayed","time":{"start":1743162972594,"stop":1743162973203,"duration":609},"status":"passed","steps":[],"attachments":[],"parameters":[],"shouldDisplayMessage":false,"stepsCount":0,"attachmentsCount":0,"hasContent":false,"attachmentStep":false},{"name":"I check if the progress bar on the \"CAR WASH\" tab is advancing","time":{"start":1743162973203,"stop":1743163102530,"duration":129327},"status":"broken","statusMessage":"Condition with Lambda expression in com.gmap.core.pages_common.HomePage was not fulfilled within 1 minutes  25 seconds.","statusTrace":"org.awaitility.core.ConditionTimeoutException: Condition with Lambda expression in com.gmap.core.pages_common.HomePage was not fulfilled within 1 minutes  25 seconds.\n\tat org.awaitility.core.ConditionAwaiter.await(ConditionAwaiter.java:167)\n\tat org.awaitility.core.CallableCondition.await(CallableCondition.java:78)\n\tat org.awaitility.core.CallableCondition.await(CallableCondition.java:26)\n\tat org.awaitility.core.ConditionFactory.until(ConditionFactory.java:1160)\n\tat org.awaitility.core.ConditionFactory.until(ConditionFactory.java:1129)\n\tat com.gmap.core.common.handlers.WaitHandler.awaitilityUntil(WaitHandler.java:66)\n\tat com.gmap.core.pages_common.HomePage.lambda$checkIfProgressBarOnTheTabIsAdvancing$3(HomePage.java:742)\n\tat java.base/java.util.Spliterators$ArraySpliterator.forEachRemaining(Spliterators.java:992)\n\tat java.base/java.util.stream.ReferencePipeline$Head.forEach(ReferencePipeline.java:762)\n\tat com.gmap.core.pages_common.HomePage.checkIfProgressBarOnTheTabIsAdvancing(HomePage.java:739)\n\tat steps.ExtraSteps.apiCarWash(ExtraSteps.java:273)\n\tat testcases.CarWashSubscriptionTests.userTriesToDoApiCarWashFlow(CarWashSubscriptionTests.java:1500)\n\tat testcases.CarWashSubscriptionTests.userTriesToPurchaseCarWashWithFrictionLessFlow(CarWashSubscriptionTests.java:1068)\n\tat java.base/jdk.internal.reflect.NativeMethodAccessorImpl.invoke0(Native Method)\n\tat java.base/jdk.internal.reflect.NativeMethodAccessorImpl.invoke(NativeMethodAccessorImpl.java:77)\n\tat java.base/jdk.internal.reflect.DelegatingMethodAccessorImpl.invoke(DelegatingMethodAccessorImpl.java:43)\n\tat java.base/java.lang.reflect.Method.invoke(Method.java:569)\n\tat org.testng.internal.invokers.MethodInvocationHelper.invokeMethod(MethodInvocationHelper.java:141)\n\tat org.testng.internal.invokers.MethodInvocationHelper$1.runTestMethod(MethodInvocationHelper.java:260)\n\tat settings.hooks.Hooks.run(Hooks.java:59)\n\tat org.testng.internal.invokers.MethodInvocationHelper.invokeHookable(MethodInvocationHelper.java:274)\n\tat org.testng.internal.invokers.TestInvoker.invokeMethod(TestInvoker.java:679)\n\tat org.testng.internal.invokers.TestInvoker.retryFailed(TestInvoker.java:269)\n\tat org.testng.internal.invokers.MethodRunner.runInSequence(MethodRunner.java:76)\n\tat org.testng.internal.invokers.TestInvoker$MethodInvocationAgent.invoke(TestInvoker.java:995)\n\tat org.testng.internal.invokers.TestInvoker.invokeTestMethods(TestInvoker.java:203)\n\tat org.testng.internal.invokers.TestMethodWorker.invokeTestMethods(TestMethodWorker.java:154)\n\tat org.testng.internal.invokers.TestMethodWorker.run(TestMethodWorker.java:134)\n\tat java.base/java.util.ArrayList.forEach(ArrayList.java:1511)\n\tat org.testng.TestRunner.privateRun(TestRunner.java:741)\n\tat org.testng.TestRunner.run(TestRunner.java:616)\n\tat org.testng.SuiteRunner.runTest(SuiteRunner.java:421)\n\tat org.testng.SuiteRunner$SuiteWorker.run(SuiteRunner.java:463)\n\tat org.testng.internal.thread.ThreadUtil.lambda$execute$0(ThreadUtil.java:64)\n\tat java.base/java.util.concurrent.FutureTask.run(FutureTask.java:264)\n\tat java.base/java.util.concurrent.ThreadPoolExecutor.runWorker(ThreadPoolExecutor.java:1136)\n\tat java.base/java.util.concurrent.ThreadPoolExecutor$Worker.run(ThreadPoolExecutor.java:635)\n\tat java.base/java.lang.Thread.run(Thread.java:840)\nCaused by: java.util.concurrent.TimeoutException\n\tat java.base/java.util.concurrent.FutureTask.get(FutureTask.java:204)\n\tat org.awaitility.core.Uninterruptibles.getUninterruptibly(Uninterruptibles.java:101)\n\tat org.awaitility.core.Uninterruptibles.getUninterruptibly(Uninterruptibles.java:81)\n\tat org.awaitility.core.ConditionAwaiter.await(ConditionAwaiter.java:103)\n\t... 37 more\n","steps":[{"name":"I swipe on the device screen to the to refresh Home Page","time":{"start":1743162973204,"stop":1743162979683,"duration":6479},"status":"passed","steps":[],"attachments":[],"parameters":[{"name":"businessUnits","value":"NORWAY"},{"name":"wait","value":"false"}],"shouldDisplayMessage":false,"stepsCount":0,"attachmentsCount":0,"hasContent":true,"attachmentStep":false},{"name":"I swipe on the device screen to the to refresh Home Page","time":{"start":1743162982217,"stop":1743162988697,"duration":6480},"status":"passed","steps":[],"attachments":[],"parameters":[{"name":"businessUnits","value":"NORWAY"},{"name":"wait","value":"false"}],"shouldDisplayMessage":false,"stepsCount":0,"attachmentsCount":0,"hasContent":true,"attachmentStep":false},{"name":"I swipe on the device screen to the to refresh Home Page","time":{"start":1743162990985,"stop":1743162997496,"duration":6511},"status":"passed","steps":[],"attachments":[],"parameters":[{"name":"businessUnits","value":"NORWAY"},{"name":"wait","value":"false"}],"shouldDisplayMessage":false,"stepsCount":0,"attachmentsCount":0,"hasContent":true,"attachmentStep":false},{"name":"I swipe on the device screen to the to refresh Home Page","time":{"start":1743162999946,"stop":1743163006450,"duration":6504},"status":"passed","steps":[],"attachments":[],"parameters":[{"name":"businessUnits","value":"NORWAY"},{"name":"wait","value":"false"}],"shouldDisplayMessage":false,"stepsCount":0,"attachmentsCount":0,"hasContent":true,"attachmentStep":false},{"name":"I swipe on the device screen to the to refresh Home Page","time":{"start":1743163009024,"stop":1743163015518,"duration":6494},"status":"passed","steps":[],"attachments":[],"parameters":[{"name":"businessUnits","value":"NORWAY"},{"name":"wait","value":"false"}],"shouldDisplayMessage":false,"stepsCount":0,"attachmentsCount":0,"hasContent":true,"attachmentStep":false}],"attachments":[],"parameters":[{"name":"Tab bar:","value":"CAR WASH"},{"name":"barStartPoint","value":"3"},{"name":"businessUnits","value":"NORWAY"},{"name":"isApiCall","value":"true"}],"shouldDisplayMessage":true,"stepsCount":5,"attachmentsCount":0,"hasContent":true,"attachmentStep":false}],"attachments":[{"uid":"e2acced78060bc94","name":"Screenshot | [28-03-2025]","source":"e2acced78060bc94.jpg","type":"image/jpg","size":181656}],"parameters":[],"shouldDisplayMessage":false,"stepsCount":55,"attachmentsCount":1,"hasContent":true,"attachmentStep":false},"afterStages":[{"name":"Base After Test Method","time":{"start":1743163107666,"stop":1743163110130,"duration":2464},"description":"Base After Test Method","status":"passed","steps":[],"attachments":[],"parameters":[],"shouldDisplayMessage":false,"stepsCount":0,"attachmentsCount":0,"hasContent":false,"attachmentStep":false},{"name":"springTestContextAfterTestMethod","time":{"start":1743163110130,"stop":1743163110130,"duration":0},"description":"","status":"passed","steps":[],"attachments":[],"parameters":[],"shouldDisplayMessage":false,"stepsCount":0,"attachmentsCount":0,"hasContent":false,"attachmentStep":false},{"name":"Base After Test","time":{"start":1743165432378,"stop":1743165432378,"duration":0},"description":"Base After Test","status":"passed","steps":[],"attachments":[],"parameters":[],"shouldDisplayMessage":false,"stepsCount":0,"attachmentsCount":0,"hasContent":false,"attachmentStep":false},{"name":"Base After Class","time":{"start":1743165432378,"stop":1743165432378,"duration":0},"description":"Base After Class","status":"passed","steps":[],"attachments":[],"parameters":[],"shouldDisplayMessage":false,"stepsCount":0,"attachmentsCount":0,"hasContent":false,"attachmentStep":false},{"name":"springTestContextAfterTestClass","time":{"start":1743165432378,"stop":1743165432378,"duration":0},"description":"","status":"passed","steps":[],"attachments":[],"parameters":[],"shouldDisplayMessage":false,"stepsCount":0,"attachmentsCount":0,"hasContent":false,"attachmentStep":false}],"labels":[{"name":"package","value":"testcases.CarWashSubscriptionTests"},{"name":"testClass","value":"testcases.CarWashSubscriptionTests"},{"name":"testMethod","value":"userTriesToPurchaseCarWashWithFrictionLessFlow"},{"name":"parentSuite","value":"GMAP EU Mobile Test Automation - [ANDROID PARALLEL XML SUITE]"},{"name":"suite","value":"GMAP Tests | Car Wash Subscription"},{"name":"subSuite","value":"testcases.CarWashSubscriptionTests"},{"name":"host","value":"fv-az1961-876"},{"name":"thread","value":"1946@fv-az1961-876.TestNG-tests-7(28)"},{"name":"framework","value":"testng"},{"name":"language","value":"java"},{"name":"story","value":"[GMAP] Frictionless"},{"name":"tag","value":"FricionLess"},{"name":"owner","value":"Krish - [krish@t-b.ca]"},{"name":"feature","value":"[GMAP] CW"},{"name":"tag","value":"CarWashSubscription"},{"name":"epic","value":"[GMAP] CAR WASH SUBSCRIPTION"},{"name":"severity","value":"critical"},{"name":"resultFormat","value":"allure2"}],"parameters":[{"name":"deviceConfig","value":"GalaxyS20FE"}],"links":[{"name":"N/A","url":"https://circlek.atlassian.net/browse/N/A","type":"issue"},{"name":"NGRPRG-30441","url":"https://circlek.atlassian.net/browse/NGRPRG-30441","type":"tms"},{"name":"Device logs.txt","url":"https://api.eu-central-1.saucelabs.com/v1/rdc/jobs/03ed733ce3ab441eaead377a068b4ed8/deviceLogs"}],"hidden":false,"retry":false,"extra":{"severity":"critical","owner":"Krish - [krish@t-b.ca]","retries":[{"uid":"fc07885477f3b6eb","status":"skipped","statusDetails":"Condition with Lambda expression in com.gmap.core.pages_common.HomePage was not fulfilled within 1 minutes  25 seconds.","time":{"start":1743162436440,"stop":1743162732689,"duration":296249}}],"categories":[{"name":"Test defects","matchedStatuses":[],"flaky":false}],"history":{"statistic":{"failed":1,"broken":44,"skipped":23,"passed":144,"unknown":0,"total":212},"items":[{"uid":"20423109b514778e","reportUrl":"https://circlek-global.github.io/gmbat-tests-eu-mobile-automation/1561//#testresult/20423109b514778e","status":"broken","statusDetails":"Test '[CWS] User tries to purchase car wash using Frictionless flow' failed due to configuration error!\nError details\nCould not start a new session. Response code 500. Message: \n\nStatus Code: 500 - Error while starting appium session: An unknown server-side error occurred while processing the command. Original error: Cannot start the 'com.circlek.gmap.eu.staging' application. Consider checking the driver's troubleshooting documentation. Original error: 'com.circlek.gmap.MainActivity' or 'com.circlek.gmap.eu.staging.com.circlek.gmap.MainActivity' never started. Consider checking the driver's troubleshooting documentation.\n\nBuild info: version: 'unknown', revision: 'unknown', time: 'unknown'\nSystem info: host: 'Sauce Labs RDC', ip: 'N/A', os.name: 'Linux', os.arch: 'amd64', os.version: '6.6.72+', java.version: '17.0.14'\nDriver info: driver.version: unknown \nHost info: host: 'fv-az1388-214', ip: '10.1.0.8'\nBuild info: version: '4.19.0', revision: '5f9cec8963'\nSystem info: os.name: 'Linux', os.arch: 'amd64', os.version: '6.8.0-1021-azure', java.version: '17.0.14'\nDriver info: io.appium.java_client.android.AndroidDriver\nCommand: [null, newSession {capabilities=[Capabilities {appium:app: storage:2155a819-9062-4427-..., appium:appWaitActivity: com.circlek.gmap.MainActivity, appium:appWaitDuration: 80000, appium:autoGrantPermissions: true, appium:automationName: UiAutomator2, appium:deviceName: Samsung Galaxy S20 FE, appium:newCommandTimeout: 90, appium:noReset: false, appium:settings: {disableIdLocatorAutocompletion: true, snapshotMaxDepth: 250}, platformName: ANDROID, sauce:options: {accessKey: 5d20ff7c-06ab-436b-8fe9-20d..., appiumVersion: latest, build: GMAP EU | Thursday: 27-03-2025, cacheId: 2baec155-ed8b-4107-8757-983..., name: [CWS] User tries to purchas..., username: Kamil}}]}]\nCapabilities {appium:app: storage:2155a819-9062-4427-..., appium:appWaitActivity: com.circlek.gmap.MainActivity, appium:appWaitDuration: 80000, appium:autoGrantPermissions: true, appium:automationName: UiAutomator2, appium:deviceName: Samsung Galaxy S20 FE, appium:newCommandTimeout: 90, appium:noReset: false, appium:settings: {disableIdLocatorAutocompletion: true, snapshotMaxDepth: 250}, platformName: ANDROID, sauce:options: {accessKey: 5d20ff7c-06ab-436b-8fe9-20d..., appiumVersion: latest, build: GMAP EU | Thursday: 27-03-2025, cacheId: 2baec155-ed8b-4107-8757-983..., name: [CWS] User tries to purchas..., username: Kamil}}\n[org.openqa.selenium.remote.ProtocolHandshake.createSession(ProtocolHandshake.java:114), org.openqa.selenium.remote.ProtocolHandshake.createSession(ProtocolHandshake.java:75), org.openqa.selenium.remote.ProtocolHandshake.createSession(ProtocolHandshake.java:61), io.appium.java_client.remote.AppiumCommandExecutor.createSession(AppiumCommandExecutor.java:176), io.appium.java_client.remote.AppiumCommandExecutor.execute(AppiumCommandExecutor.java:237), org.openqa.selenium.remote.RemoteWebDriver.execute(RemoteWebDriver.java:518), io.appium.java_client.AppiumDriver.startSession(AppiumDriver.java:270), org.openqa.selenium.remote.RemoteWebDriver.<init>(RemoteWebDriver.java:161), io.appium.java_client.AppiumDriver.<init>(AppiumDriver.java:91), io.appium.java_client.AppiumDriver.<init>(AppiumDriver.java:103), io.appium.java_client.android.AndroidDriver.<init>(AndroidDriver.java:109), com.gmap.core.settings.drivers.AppiumDriverManager.getAppiumDriver(AppiumDriverManager.java:34), com.gmap.core.settings.drivers.DriverManager.startDriver(DriverManager.java:28), com.gmap.core.settings.TestSettings.setupTestConfig(TestSettings.java:59), settings.hooks.Hooks.baseBeforeMethod(Hooks.java:107), jdk.internal.reflect.GeneratedMethodAccessor103.invoke(Unknown Source), java.base/jdk.internal.reflect.DelegatingMethodAccessorImpl.invoke(DelegatingMethodAccessorImpl.java:43), java.base/java.lang.reflect.Method.invoke(Method.java:569), org.testng.internal.invokers.MethodInvocationHelper.invokeMethod(MethodInvocationHelper.java:141), org.testng.internal.invokers.MethodInvocationHelper.invokeMethodConsideringTimeout(MethodInvocationHelper.java:71), org.testng.internal.invokers.ConfigInvoker.invokeConfigurationMethod(ConfigInvoker.java:400), org.testng.internal.invokers.ConfigInvoker.invokeConfigurations(ConfigInvoker.java:333), org.testng.internal.invokers.TestInvoker.runConfigMethods(TestInvoker.java:836), org.testng.internal.invokers.TestInvoker.invokeMethod(TestInvoker.java:601), org.testng.internal.invokers.TestInvoker.retryFailed(TestInvoker.java:269), org.testng.internal.invokers.MethodRunner.runInSequence(MethodRunner.java:76), org.testng.internal.invokers.TestInvoker$MethodInvocationAgent.invoke(TestInvoker.java:995), org.testng.internal.invokers.TestInvoker.invokeTestMethods(TestInvoker.java:203), org.testng.internal.invokers.TestMethodWorker.invokeTestMethods(TestMethodWorker.java:154), org.testng.internal.invokers.TestMethodWorker.run(TestMethodWorker.java:134), java.base/java.util.ArrayList.forEach(ArrayList.java:1511), org.testng.TestRunner.privateRun(TestRunner.java:741), org.testng.TestRunner.run(TestRunner.java:616), org.testng.SuiteRunner.runTest(SuiteRunner.java:421), org.testng.SuiteRunner$SuiteWorker.run(SuiteRunner.java:463), org.testng.internal.thread.ThreadUtil.lambda$execute$0(ThreadUtil.java:64), java.base/java.util.concurrent.FutureTask.run(FutureTask.java:264), java.base/java.util.concurrent.ThreadPoolExecutor.runWorker(ThreadPoolExecutor.java:1136), java.base/java.util.concurrent.ThreadPoolExecutor$Worker.run(ThreadPoolExecutor.java:635), java.base/java.lang.Thread.run(Thread.java:840)]","time":{"start":1743103115987,"stop":1743103115987,"duration":0}},{"uid":"478a16067a7f1dc1","reportUrl":"https://circlek-global.github.io/gmbat-tests-eu-mobile-automation/1558//#testresult/478a16067a7f1dc1","status":"passed","time":{"start":1743079322488,"stop":1743079541897,"duration":219409}},{"uid":"421102fff1470c2e","reportUrl":"https://circlek-global.github.io/gmbat-tests-eu-mobile-automation/1548//#testresult/421102fff1470c2e","status":"broken","statusDetails":"Test '[CWS] User tries to purchase car wash using Frictionless flow' failed due to configuration error!\nError details\nCould not start a new session. Response code 500. Message: \n\nStatus Code: 500 - Error while starting appium session: An unknown server-side error occurred while processing the command. Original error: Cannot start the 'com.circlek.gmap.eu.staging' application. Consider checking the driver's troubleshooting documentation. Original error: 'com.circlek.gmap.MainActivity' or 'com.circlek.gmap.eu.staging.com.circlek.gmap.MainActivity' never started. Consider checking the driver's troubleshooting documentation.\n\nBuild info: version: 'unknown', revision: 'unknown', time: 'unknown'\nSystem info: host: 'Sauce Labs RDC', ip: 'N/A', os.name: 'Linux', os.arch: 'amd64', os.version: '6.6.72+', java.version: '17.0.14'\nDriver info: driver.version: unknown \nHost info: host: 'fv-az2055-539', ip: '10.1.0.224'\nBuild info: version: '4.19.0', revision: '5f9cec8963'\nSystem info: os.name: 'Linux', os.arch: 'amd64', os.version: '6.8.0-1021-azure', java.version: '17.0.14'\nDriver info: io.appium.java_client.android.AndroidDriver\nCommand: [null, newSession {capabilities=[Capabilities {appium:app: storage:6a620a13-da71-4613-..., appium:appWaitActivity: com.circlek.gmap.MainActivity, appium:appWaitDuration: 80000, appium:autoGrantPermissions: true, appium:automationName: UiAutomator2, appium:deviceName: Samsung Galaxy S20 FE, appium:newCommandTimeout: 90, appium:noReset: false, appium:settings: {disableIdLocatorAutocompletion: true, snapshotMaxDepth: 250}, platformName: ANDROID, sauce:options: {accessKey: 5d20ff7c-06ab-436b-8fe9-20d..., appiumVersion: latest, build: GMAP EU | Wednesday: 26-03-..., cacheId: 74280105-0ccd-4b4d-bcd0-f6b..., name: [CWS] User tries to purchas..., username: Kamil}}]}]\nCapabilities {appium:app: storage:6a620a13-da71-4613-..., appium:appWaitActivity: com.circlek.gmap.MainActivity, appium:appWaitDuration: 80000, appium:autoGrantPermissions: true, appium:automationName: UiAutomator2, appium:deviceName: Samsung Galaxy S20 FE, appium:newCommandTimeout: 90, appium:noReset: false, appium:settings: {disableIdLocatorAutocompletion: true, snapshotMaxDepth: 250}, platformName: ANDROID, sauce:options: {accessKey: 5d20ff7c-06ab-436b-8fe9-20d..., appiumVersion: latest, build: GMAP EU | Wednesday: 26-03-..., cacheId: 74280105-0ccd-4b4d-bcd0-f6b..., name: [CWS] User tries to purchas..., username: Kamil}}\n[org.openqa.selenium.remote.ProtocolHandshake.createSession(ProtocolHandshake.java:114), org.openqa.selenium.remote.ProtocolHandshake.createSession(ProtocolHandshake.java:75), org.openqa.selenium.remote.ProtocolHandshake.createSession(ProtocolHandshake.java:61), io.appium.java_client.remote.AppiumCommandExecutor.createSession(AppiumCommandExecutor.java:176), io.appium.java_client.remote.AppiumCommandExecutor.execute(AppiumCommandExecutor.java:237), org.openqa.selenium.remote.RemoteWebDriver.execute(RemoteWebDriver.java:518), io.appium.java_client.AppiumDriver.startSession(AppiumDriver.java:270), org.openqa.selenium.remote.RemoteWebDriver.<init>(RemoteWebDriver.java:161), io.appium.java_client.AppiumDriver.<init>(AppiumDriver.java:91), io.appium.java_client.AppiumDriver.<init>(AppiumDriver.java:103), io.appium.java_client.android.AndroidDriver.<init>(AndroidDriver.java:109), com.gmap.core.settings.drivers.AppiumDriverManager.getAppiumDriver(AppiumDriverManager.java:34), com.gmap.core.settings.drivers.DriverManager.startDriver(DriverManager.java:28), com.gmap.core.settings.TestSettings.setupTestConfig(TestSettings.java:59), settings.hooks.Hooks.baseBeforeMethod(Hooks.java:107), jdk.internal.reflect.GeneratedMethodAccessor88.invoke(Unknown Source), java.base/jdk.internal.reflect.DelegatingMethodAccessorImpl.invoke(DelegatingMethodAccessorImpl.java:43), java.base/java.lang.reflect.Method.invoke(Method.java:569), org.testng.internal.invokers.MethodInvocationHelper.invokeMethod(MethodInvocationHelper.java:141), org.testng.internal.invokers.MethodInvocationHelper.invokeMethodConsideringTimeout(MethodInvocationHelper.java:71), org.testng.internal.invokers.ConfigInvoker.invokeConfigurationMethod(ConfigInvoker.java:400), org.testng.internal.invokers.ConfigInvoker.invokeConfigurations(ConfigInvoker.java:333), org.testng.internal.invokers.TestInvoker.runConfigMethods(TestInvoker.java:836), org.testng.internal.invokers.TestInvoker.invokeMethod(TestInvoker.java:601), org.testng.internal.invokers.TestInvoker.retryFailed(TestInvoker.java:269), org.testng.internal.invokers.MethodRunner.runInSequence(MethodRunner.java:76), org.testng.internal.invokers.TestInvoker$MethodInvocationAgent.invoke(TestInvoker.java:995), org.testng.internal.invokers.TestInvoker.invokeTestMethods(TestInvoker.java:203), org.testng.internal.invokers.TestMethodWorker.invokeTestMethods(TestMethodWorker.java:154), org.testng.internal.invokers.TestMethodWorker.run(TestMethodWorker.java:134), java.base/java.util.ArrayList.forEach(ArrayList.java:1511), org.testng.TestRunner.privateRun(TestRunner.java:741), org.testng.TestRunner.run(TestRunner.java:616), org.testng.SuiteRunner.runTest(SuiteRunner.java:421), org.testng.SuiteRunner$SuiteWorker.run(SuiteRunner.java:463), org.testng.internal.thread.ThreadUtil.lambda$execute$0(ThreadUtil.java:64), java.base/java.util.concurrent.FutureTask.run(FutureTask.java:264), java.base/java.util.concurrent.ThreadPoolExecutor.runWorker(ThreadPoolExecutor.java:1136), java.base/java.util.concurrent.ThreadPoolExecutor$Worker.run(ThreadPoolExecutor.java:635), java.base/java.lang.Thread.run(Thread.java:840)]","time":{"start":1743016343496,"stop":1743016343496,"duration":0}},{"uid":"dd59a542561175fc","reportUrl":"https://circlek-global.github.io/gmbat-tests-eu-mobile-automation/1544//#testresult/dd59a542561175fc","status":"passed","time":{"start":1742982843777,"stop":1742983051717,"duration":207940}},{"uid":"df35330fc80853a","reportUrl":"https://circlek-global.github.io/gmbat-tests-eu-mobile-automation/1532//#testresult/df35330fc80853a","status":"skipped","statusDetails":"The provided search context cannot be null","time":{"start":1742928404072,"stop":1742928404073,"duration":1}},{"uid":"b346afead83d955","reportUrl":"https://circlek-global.github.io/gmbat-tests-eu-mobile-automation/1527//#testresult/b346afead83d955","status":"passed","time":{"start":1742913344606,"stop":1742913562586,"duration":217980}},{"uid":"8f067d3999763e63","reportUrl":"https://circlek-global.github.io/gmbat-tests-eu-mobile-automation/1512//#testresult/8f067d3999763e63","status":"broken","statusDetails":"Condition with Lambda expression in com.gmap.core.pages_common.HomePage was not fulfilled within 1 minutes  25 seconds.","time":{"start":1742838703757,"stop":1742839031284,"duration":327527}},{"uid":"be39499a65759ade","reportUrl":"https://circlek-global.github.io/gmbat-tests-eu-mobile-automation/1499//#testresult/be39499a65759ade","status":"passed","time":{"start":1742579796752,"stop":1742580039102,"duration":242350}},{"uid":"9f914cb16b4403a6","reportUrl":"https://circlek-global.github.io/gmbat-tests-eu-mobile-automation/1495//#testresult/9f914cb16b4403a6","status":"broken","statusDetails":"Test '[CWS] User tries to purchase car wash using Frictionless flow' failed due to configuration error!\nError details\n1 expectation failed.\nExpected status code <200> but was <422>.\n\nOn fail message: {\n    \"timestamp\": \"2025-03-21T12:26:16.270Z\",\n    \"uniqueErrorId\": \"ecad21c3-ce60-4134-9926-0e0b5899db0e\",\n    \"message\": \"Could not register subscription because of Liquid Barcodes error [PaymentError]\",\n    \"errorCode\": \"SUBSCRIPTION_NOT_STARTED\"\n}\n----------------------------------------\n\n[java.base/jdk.internal.reflect.GeneratedConstructorAccessor198.newInstance(Unknown Source), java.base/jdk.internal.reflect.DelegatingConstructorAccessorImpl.newInstance(DelegatingConstructorAccessorImpl.java:45), java.base/java.lang.reflect.Constructor.newInstanceWithCaller(Constructor.java:500), java.base/java.lang.reflect.Constructor.newInstance(Constructor.java:481), org.codehaus.groovy.reflection.CachedConstructor.invoke(CachedConstructor.java:73), org.codehaus.groovy.runtime.callsite.ConstructorSite$ConstructorSiteNoUnwrapNoCoerce.callConstructor(ConstructorSite.java:108), org.codehaus.groovy.runtime.callsite.AbstractCallSite.callConstructor(AbstractCallSite.java:277), io.restassured.internal.ResponseSpecificationImpl$HamcrestAssertionClosure.validate(ResponseSpecificationImpl.groovy:512), io.restassured.internal.ResponseSpecificationImpl$HamcrestAssertionClosure$validate$1.call(Unknown Source), io.restassured.internal.ResponseSpecificationImpl.validateResponseIfRequired(ResponseSpecificationImpl.groovy:696), io.restassured.internal.ResponseSpecificationImpl.this$2$validateResponseIfRequired(ResponseSpecificationImpl.groovy), jdk.internal.reflect.GeneratedMethodAccessor176.invoke(Unknown Source), java.base/jdk.internal.reflect.DelegatingMethodAccessorImpl.invoke(DelegatingMethodAccessorImpl.java:43), java.base/java.lang.reflect.Method.invoke(Method.java:569), org.codehaus.groovy.runtime.callsite.PlainObjectMetaMethodSite.doInvoke(PlainObjectMetaMethodSite.java:43), org.codehaus.groovy.runtime.callsite.PogoMetaMethodSite$PogoCachedMethodSiteNoUnwrapNoCoerce.invoke(PogoMetaMethodSite.java:198), org.codehaus.groovy.runtime.callsite.PogoMetaMethodSite.callCurrent(PogoMetaMethodSite.java:62), org.codehaus.groovy.runtime.callsite.AbstractCallSite.callCurrent(AbstractCallSite.java:185), io.restassured.internal.ResponseSpecificationImpl.statusCode(ResponseSpecificationImpl.groovy:135), io.restassured.specification.ResponseSpecification$statusCode$1.callCurrent(Unknown Source), io.restassured.internal.ResponseSpecificationImpl.statusCode(ResponseSpecificationImpl.groovy:143), io.restassured.internal.ValidatableResponseOptionsImpl.statusCode(ValidatableResponseOptionsImpl.java:89), com.gmap.core.API.BaseUtils.validateServerResponse(BaseUtils.java:90), settings.hooks.utils.CommonTestsSetup.registerCWSInLiquidBarcode(CommonTestsSetup.java:881), settings.hooks.utils.CommonTestsSetup.enrollUserToCWS(CommonTestsSetup.java:713), settings.hooks.HooksActions.handleEnrollCWS(HooksActions.java:820), settings.hooks.HooksActions.lambda$enrollCWSHandler$45(HooksActions.java:482), com.gmap.core.interfaces.ConditionalExecutor.conditionalAction(ConditionalExecutor.java:21), settings.hooks.HooksActions.enrollCWSHandler(HooksActions.java:481), settings.hooks.HooksActions.lambda$testMethodActions$11(HooksActions.java:294), settings.hooks.HooksActions.lambda$testMethodActions$18(HooksActions.java:306), java.base/java.util.stream.ForEachOps$ForEachOp$OfRef.accept(ForEachOps.java:183), java.base/java.util.stream.ReferencePipeline$2$1.accept(ReferencePipeline.java:179), java.base/java.util.Spliterators$ArraySpliterator.forEachRemaining(Spliterators.java:992), java.base/java.util.stream.AbstractPipeline.copyInto(AbstractPipeline.java:509), java.base/java.util.stream.AbstractPipeline.wrapAndCopyInto(AbstractPipeline.java:499), java.base/java.util.stream.ForEachOps$ForEachOp.evaluateSequential(ForEachOps.java:150), java.base/java.util.stream.ForEachOps$ForEachOp$OfRef.evaluateSequential(ForEachOps.java:173), java.base/java.util.stream.AbstractPipeline.evaluate(AbstractPipeline.java:234), java.base/java.util.stream.ReferencePipeline.forEach(ReferencePipeline.java:596), settings.hooks.HooksActions.testMethodActions(HooksActions.java:306), settings.hooks.Hooks.baseBeforeMethod(Hooks.java:110), jdk.internal.reflect.GeneratedMethodAccessor327.invoke(Unknown Source), java.base/jdk.internal.reflect.DelegatingMethodAccessorImpl.invoke(DelegatingMethodAccessorImpl.java:43), java.base/java.lang.reflect.Method.invoke(Method.java:569), org.testng.internal.invokers.MethodInvocationHelper.invokeMethod(MethodInvocationHelper.java:141), org.testng.internal.invokers.MethodInvocationHelper.invokeMethodConsideringTimeout(MethodInvocationHelper.java:71), org.testng.internal.invokers.ConfigInvoker.invokeConfigurationMethod(ConfigInvoker.java:400), org.testng.internal.invokers.ConfigInvoker.invokeConfigurations(ConfigInvoker.java:333), org.testng.internal.invokers.TestInvoker.runConfigMethods(TestInvoker.java:836), org.testng.internal.invokers.TestInvoker.invokeMethod(TestInvoker.java:601), org.testng.internal.invokers.TestInvoker.retryFailed(TestInvoker.java:269), org.testng.internal.invokers.MethodRunner.runInSequence(MethodRunner.java:76), org.testng.internal.invokers.TestInvoker$MethodInvocationAgent.invoke(TestInvoker.java:995), org.testng.internal.invokers.TestInvoker.invokeTestMethods(TestInvoker.java:203), org.testng.internal.invokers.TestMethodWorker.invokeTestMethods(TestMethodWorker.java:154), org.testng.internal.invokers.TestMethodWorker.run(TestMethodWorker.java:134), java.base/java.util.ArrayList.forEach(ArrayList.java:1511), org.testng.TestRunner.privateRun(TestRunner.java:741), org.testng.TestRunner.run(TestRunner.java:616), org.testng.SuiteRunner.runTest(SuiteRunner.java:421), org.testng.SuiteRunner$SuiteWorker.run(SuiteRunner.java:463), org.testng.internal.thread.ThreadUtil.lambda$execute$0(ThreadUtil.java:64), java.base/java.util.concurrent.FutureTask.run(FutureTask.java:264), java.base/java.util.concurrent.ThreadPoolExecutor.runWorker(ThreadPoolExecutor.java:1136), java.base/java.util.concurrent.ThreadPoolExecutor$Worker.run(ThreadPoolExecutor.java:635), java.base/java.lang.Thread.run(Thread.java:840)]","time":{"start":1742559977030,"stop":1742559978944,"duration":1914}},{"uid":"90581eb1e76c6510","reportUrl":"https://circlek-global.github.io/gmbat-tests-eu-mobile-automation/1485//#testresult/90581eb1e76c6510","status":"broken","statusDetails":"Test '[CWS] User tries to purchase car wash using Frictionless flow' failed due to configuration error!\nError details\nAuthentication failed after 30 seconds of requesting for +48697078000\n[com.gmap.core.common.utils.GMAPUtils.getUserAuthData(GMAPUtils.java:189), com.gmap.core.common.utils.GMAPUtils.getUserBearerToken(GMAPUtils.java:142), com.gmap.core.common.utils.GMAPUtils.getUserBearerTokenByPhoneNumberAndPassword(GMAPUtils.java:113), com.gmap.core.common.utils.GMAPUtils.getBearerTokenFromUserProfileUsingPasswordFactor(GMAPUtils.java:100), settings.hooks.HooksActions.handleCreateUserProfile(HooksActions.java:581), settings.hooks.HooksActions.lambda$createUserProfileHandler$21(HooksActions.java:319), com.gmap.core.interfaces.ConditionalExecutor.conditionalAction(ConditionalExecutor.java:21), settings.hooks.HooksActions.createUserProfileHandler(HooksActions.java:318), settings.hooks.HooksActions.lambda$testMethodActions$0(HooksActions.java:278), settings.hooks.HooksActions.lambda$testMethodActions$18(HooksActions.java:307), java.base/java.util.stream.ForEachOps$ForEachOp$OfRef.accept(ForEachOps.java:183), java.base/java.util.stream.ReferencePipeline$2$1.accept(ReferencePipeline.java:179), java.base/java.util.Spliterators$ArraySpliterator.forEachRemaining(Spliterators.java:992), java.base/java.util.stream.AbstractPipeline.copyInto(AbstractPipeline.java:509), java.base/java.util.stream.AbstractPipeline.wrapAndCopyInto(AbstractPipeline.java:499), java.base/java.util.stream.ForEachOps$ForEachOp.evaluateSequential(ForEachOps.java:150), java.base/java.util.stream.ForEachOps$ForEachOp$OfRef.evaluateSequential(ForEachOps.java:173), java.base/java.util.stream.AbstractPipeline.evaluate(AbstractPipeline.java:234), java.base/java.util.stream.ReferencePipeline.forEach(ReferencePipeline.java:596), settings.hooks.HooksActions.testMethodActions(HooksActions.java:307), settings.hooks.Hooks.baseBeforeMethod(Hooks.java:110), jdk.internal.reflect.GeneratedMethodAccessor290.invoke(Unknown Source), java.base/jdk.internal.reflect.DelegatingMethodAccessorImpl.invoke(DelegatingMethodAccessorImpl.java:43), java.base/java.lang.reflect.Method.invoke(Method.java:569), org.testng.internal.invokers.MethodInvocationHelper.invokeMethod(MethodInvocationHelper.java:141), org.testng.internal.invokers.MethodInvocationHelper.invokeMethodConsideringTimeout(MethodInvocationHelper.java:71), org.testng.internal.invokers.ConfigInvoker.invokeConfigurationMethod(ConfigInvoker.java:400), org.testng.internal.invokers.ConfigInvoker.invokeConfigurations(ConfigInvoker.java:333), org.testng.internal.invokers.TestInvoker.runConfigMethods(TestInvoker.java:836), org.testng.internal.invokers.TestInvoker.invokeMethod(TestInvoker.java:601), org.testng.internal.invokers.TestInvoker.retryFailed(TestInvoker.java:269), org.testng.internal.invokers.MethodRunner.runInSequence(MethodRunner.java:76), org.testng.internal.invokers.TestInvoker$MethodInvocationAgent.invoke(TestInvoker.java:995), org.testng.internal.invokers.TestInvoker.invokeTestMethods(TestInvoker.java:203), org.testng.internal.invokers.TestMethodWorker.invokeTestMethods(TestMethodWorker.java:154), org.testng.internal.invokers.TestMethodWorker.run(TestMethodWorker.java:134), java.base/java.util.ArrayList.forEach(ArrayList.java:1511), org.testng.TestRunner.privateRun(TestRunner.java:741), org.testng.TestRunner.run(TestRunner.java:616), org.testng.SuiteRunner.runTest(SuiteRunner.java:421), org.testng.SuiteRunner$SuiteWorker.run(SuiteRunner.java:463), org.testng.internal.thread.ThreadUtil.lambda$execute$0(ThreadUtil.java:64), java.base/java.util.concurrent.FutureTask.run(FutureTask.java:264), java.base/java.util.concurrent.ThreadPoolExecutor.runWorker(ThreadPoolExecutor.java:1136), java.base/java.util.concurrent.ThreadPoolExecutor$Worker.run(ThreadPoolExecutor.java:635), java.base/java.lang.Thread.run(Thread.java:840)]","time":{"start":1742491593002,"stop":1742491594629,"duration":1627}},{"uid":"94c99cee461eb9d2","reportUrl":"https://circlek-global.github.io/gmbat-tests-eu-mobile-automation/1483//#testresult/94c99cee461eb9d2","status":"broken","statusDetails":"Test '[CWS] User tries to purchase car wash using Frictionless flow' failed due to configuration error!\nError details\n1 expectation failed.\nExpected status code <200> but was <422>.\n\nOn fail message: {\n    \"timestamp\": \"2025-03-20T12:28:08.605Z\",\n    \"uniqueErrorId\": \"fc4f8c43-c529-4e6b-988a-2e5da0a61d74\",\n    \"message\": \"Could not register subscription because of Liquid Barcodes error [PaymentError]\",\n    \"errorCode\": \"SUBSCRIPTION_NOT_STARTED\"\n}\n----------------------------------------\n\n[java.base/jdk.internal.reflect.GeneratedConstructorAccessor198.newInstance(Unknown Source), java.base/jdk.internal.reflect.DelegatingConstructorAccessorImpl.newInstance(DelegatingConstructorAccessorImpl.java:45), java.base/java.lang.reflect.Constructor.newInstanceWithCaller(Constructor.java:500), java.base/java.lang.reflect.Constructor.newInstance(Constructor.java:481), org.codehaus.groovy.reflection.CachedConstructor.invoke(CachedConstructor.java:73), org.codehaus.groovy.runtime.callsite.ConstructorSite$ConstructorSiteNoUnwrapNoCoerce.callConstructor(ConstructorSite.java:108), org.codehaus.groovy.runtime.callsite.AbstractCallSite.callConstructor(AbstractCallSite.java:277), io.restassured.internal.ResponseSpecificationImpl$HamcrestAssertionClosure.validate(ResponseSpecificationImpl.groovy:512), io.restassured.internal.ResponseSpecificationImpl$HamcrestAssertionClosure$validate$1.call(Unknown Source), io.restassured.internal.ResponseSpecificationImpl.validateResponseIfRequired(ResponseSpecificationImpl.groovy:696), io.restassured.internal.ResponseSpecificationImpl.this$2$validateResponseIfRequired(ResponseSpecificationImpl.groovy), jdk.internal.reflect.GeneratedMethodAccessor177.invoke(Unknown Source), java.base/jdk.internal.reflect.DelegatingMethodAccessorImpl.invoke(DelegatingMethodAccessorImpl.java:43), java.base/java.lang.reflect.Method.invoke(Method.java:569), org.codehaus.groovy.runtime.callsite.PlainObjectMetaMethodSite.doInvoke(PlainObjectMetaMethodSite.java:43), org.codehaus.groovy.runtime.callsite.PogoMetaMethodSite$PogoCachedMethodSiteNoUnwrapNoCoerce.invoke(PogoMetaMethodSite.java:198), org.codehaus.groovy.runtime.callsite.PogoMetaMethodSite.callCurrent(PogoMetaMethodSite.java:62), org.codehaus.groovy.runtime.callsite.AbstractCallSite.callCurrent(AbstractCallSite.java:185), io.restassured.internal.ResponseSpecificationImpl.statusCode(ResponseSpecificationImpl.groovy:135), io.restassured.specification.ResponseSpecification$statusCode$1.callCurrent(Unknown Source), io.restassured.internal.ResponseSpecificationImpl.statusCode(ResponseSpecificationImpl.groovy:143), io.restassured.internal.ValidatableResponseOptionsImpl.statusCode(ValidatableResponseOptionsImpl.java:89), com.gmap.core.API.BaseUtils.validateServerResponse(BaseUtils.java:90), settings.hooks.utils.CommonTestsSetup.registerCWSInLiquidBarcode(CommonTestsSetup.java:881), settings.hooks.utils.CommonTestsSetup.enrollUserToCWS(CommonTestsSetup.java:713), settings.hooks.HooksActions.handleEnrollCWS(HooksActions.java:822), settings.hooks.HooksActions.lambda$enrollCWSHandler$45(HooksActions.java:483), com.gmap.core.interfaces.ConditionalExecutor.conditionalAction(ConditionalExecutor.java:21), settings.hooks.HooksActions.enrollCWSHandler(HooksActions.java:482), settings.hooks.HooksActions.lambda$testMethodActions$11(HooksActions.java:295), settings.hooks.HooksActions.lambda$testMethodActions$18(HooksActions.java:307), java.base/java.util.stream.ForEachOps$ForEachOp$OfRef.accept(ForEachOps.java:183), java.base/java.util.stream.ReferencePipeline$2$1.accept(ReferencePipeline.java:179), java.base/java.util.Spliterators$ArraySpliterator.forEachRemaining(Spliterators.java:992), java.base/java.util.stream.AbstractPipeline.copyInto(AbstractPipeline.java:509), java.base/java.util.stream.AbstractPipeline.wrapAndCopyInto(AbstractPipeline.java:499), java.base/java.util.stream.ForEachOps$ForEachOp.evaluateSequential(ForEachOps.java:150), java.base/java.util.stream.ForEachOps$ForEachOp$OfRef.evaluateSequential(ForEachOps.java:173), java.base/java.util.stream.AbstractPipeline.evaluate(AbstractPipeline.java:234), java.base/java.util.stream.ReferencePipeline.forEach(ReferencePipeline.java:596), settings.hooks.HooksActions.testMethodActions(HooksActions.java:307), settings.hooks.Hooks.baseBeforeMethod(Hooks.java:109), jdk.internal.reflect.GeneratedMethodAccessor316.invoke(Unknown Source), java.base/jdk.internal.reflect.DelegatingMethodAccessorImpl.invoke(DelegatingMethodAccessorImpl.java:43), java.base/java.lang.reflect.Method.invoke(Method.java:569), org.testng.internal.invokers.MethodInvocationHelper.invokeMethod(MethodInvocationHelper.java:141), org.testng.internal.invokers.MethodInvocationHelper.invokeMethodConsideringTimeout(MethodInvocationHelper.java:71), org.testng.internal.invokers.ConfigInvoker.invokeConfigurationMethod(ConfigInvoker.java:400), org.testng.internal.invokers.ConfigInvoker.invokeConfigurations(ConfigInvoker.java:333), org.testng.internal.invokers.TestInvoker.runConfigMethods(TestInvoker.java:836), org.testng.internal.invokers.TestInvoker.invokeMethod(TestInvoker.java:601), org.testng.internal.invokers.TestInvoker.retryFailed(TestInvoker.java:269), org.testng.internal.invokers.MethodRunner.runInSequence(MethodRunner.java:76), org.testng.internal.invokers.TestInvoker$MethodInvocationAgent.invoke(TestInvoker.java:995), org.testng.internal.invokers.TestInvoker.invokeTestMethods(TestInvoker.java:203), org.testng.internal.invokers.TestMethodWorker.invokeTestMethods(TestMethodWorker.java:154), org.testng.internal.invokers.TestMethodWorker.run(TestMethodWorker.java:134), java.base/java.util.ArrayList.forEach(ArrayList.java:1511), org.testng.TestRunner.privateRun(TestRunner.java:741), org.testng.TestRunner.run(TestRunner.java:616), org.testng.SuiteRunner.runTest(SuiteRunner.java:421), org.testng.SuiteRunner$SuiteWorker.run(SuiteRunner.java:463), org.testng.internal.thread.ThreadUtil.lambda$execute$0(ThreadUtil.java:64), java.base/java.util.concurrent.FutureTask.run(FutureTask.java:264), java.base/java.util.concurrent.ThreadPoolExecutor.runWorker(ThreadPoolExecutor.java:1136), java.base/java.util.concurrent.ThreadPoolExecutor$Worker.run(ThreadPoolExecutor.java:635), java.base/java.lang.Thread.run(Thread.java:840)]","time":{"start":1742473689369,"stop":1742473691152,"duration":1783}},{"uid":"1e2fa661e845b1b4","reportUrl":"https://circlek-global.github.io/gmbat-tests-eu-mobile-automation/1471//#testresult/1e2fa661e845b1b4","status":"skipped","statusDetails":"Authentication failed after 20 seconds of requesting for +48538199000","time":{"start":1742405955763,"stop":1742405955763,"duration":0}},{"uid":"3297f02d2e47294a","reportUrl":"https://circlek-global.github.io/gmbat-tests-eu-mobile-automation/1456//#testresult/3297f02d2e47294a","status":"skipped","statusDetails":"The provided search context cannot be null","time":{"start":1742323852529,"stop":1742323852529,"duration":0}},{"uid":"348e93778d072f76","reportUrl":"https://circlek-global.github.io/gmbat-tests-eu-mobile-automation/1444//#testresult/348e93778d072f76","status":"broken","statusDetails":"Test '[CWS] User tries to purchase car wash using Frictionless flow' failed due to configuration error: 1 expectation failed.\nExpected status code <200> but was <422>.\n\n[java.base/jdk.internal.reflect.NativeConstructorAccessorImpl.newInstance0(Native Method), java.base/jdk.internal.reflect.NativeConstructorAccessorImpl.newInstance(NativeConstructorAccessorImpl.java:77), java.base/jdk.internal.reflect.DelegatingConstructorAccessorImpl.newInstance(DelegatingConstructorAccessorImpl.java:45), java.base/java.lang.reflect.Constructor.newInstanceWithCaller(Constructor.java:500), java.base/java.lang.reflect.Constructor.newInstance(Constructor.java:481), org.codehaus.groovy.reflection.CachedConstructor.invoke(CachedConstructor.java:73), org.codehaus.groovy.runtime.callsite.ConstructorSite$ConstructorSiteNoUnwrapNoCoerce.callConstructor(ConstructorSite.java:108), org.codehaus.groovy.runtime.callsite.AbstractCallSite.callConstructor(AbstractCallSite.java:277), io.restassured.internal.ResponseSpecificationImpl$HamcrestAssertionClosure.validate(ResponseSpecificationImpl.groovy:512), io.restassured.internal.ResponseSpecificationImpl$HamcrestAssertionClosure$validate$1.call(Unknown Source), io.restassured.internal.ResponseSpecificationImpl.validateResponseIfRequired(ResponseSpecificationImpl.groovy:696), io.restassured.internal.ResponseSpecificationImpl.this$2$validateResponseIfRequired(ResponseSpecificationImpl.groovy), jdk.internal.reflect.GeneratedMethodAccessor177.invoke(Unknown Source), java.base/jdk.internal.reflect.DelegatingMethodAccessorImpl.invoke(DelegatingMethodAccessorImpl.java:43), java.base/java.lang.reflect.Method.invoke(Method.java:569), org.codehaus.groovy.runtime.callsite.PlainObjectMetaMethodSite.doInvoke(PlainObjectMetaMethodSite.java:43), org.codehaus.groovy.runtime.callsite.PogoMetaMethodSite$PogoCachedMethodSiteNoUnwrapNoCoerce.invoke(PogoMetaMethodSite.java:198), org.codehaus.groovy.runtime.callsite.PogoMetaMethodSite.callCurrent(PogoMetaMethodSite.java:62), org.codehaus.groovy.runtime.callsite.AbstractCallSite.callCurrent(AbstractCallSite.java:185), io.restassured.internal.ResponseSpecificationImpl.statusCode(ResponseSpecificationImpl.groovy:135), io.restassured.specification.ResponseSpecification$statusCode$1.callCurrent(Unknown Source), io.restassured.internal.ResponseSpecificationImpl.statusCode(ResponseSpecificationImpl.groovy:143), io.restassured.internal.ValidatableResponseOptionsImpl.statusCode(ValidatableResponseOptionsImpl.java:89), com.gmap.core.API.BaseUtils.validateServerResponse(BaseUtils.java:93), settings.hooks.utils.CommonTestsSetup.registerCWSInLiquidBarcode(CommonTestsSetup.java:880), settings.hooks.utils.CommonTestsSetup.enrollUserToCWS(CommonTestsSetup.java:712), settings.hooks.HooksActions.handleEnrollCWS(HooksActions.java:805), settings.hooks.HooksActions.lambda$enrollCWSHandler$45(HooksActions.java:468), com.gmap.core.interfaces.ConditionalExecutor.conditionalAction(ConditionalExecutor.java:21), settings.hooks.HooksActions.enrollCWSHandler(HooksActions.java:467), settings.hooks.HooksActions.lambda$testMethodActions$11(HooksActions.java:280), settings.hooks.HooksActions.lambda$testMethodActions$18(HooksActions.java:292), java.base/java.util.stream.ForEachOps$ForEachOp$OfRef.accept(ForEachOps.java:183), java.base/java.util.stream.ReferencePipeline$2$1.accept(ReferencePipeline.java:179), java.base/java.util.Spliterators$ArraySpliterator.forEachRemaining(Spliterators.java:992), java.base/java.util.stream.AbstractPipeline.copyInto(AbstractPipeline.java:509), java.base/java.util.stream.AbstractPipeline.wrapAndCopyInto(AbstractPipeline.java:499), java.base/java.util.stream.ForEachOps$ForEachOp.evaluateSequential(ForEachOps.java:150), java.base/java.util.stream.ForEachOps$ForEachOp$OfRef.evaluateSequential(ForEachOps.java:173), java.base/java.util.stream.AbstractPipeline.evaluate(AbstractPipeline.java:234), java.base/java.util.stream.ReferencePipeline.forEach(ReferencePipeline.java:596), settings.hooks.HooksActions.testMethodActions(HooksActions.java:292), settings.hooks.Hooks.baseBeforeMethod(Hooks.java:95), jdk.internal.reflect.GeneratedMethodAccessor305.invoke(Unknown Source), java.base/jdk.internal.reflect.DelegatingMethodAccessorImpl.invoke(DelegatingMethodAccessorImpl.java:43), java.base/java.lang.reflect.Method.invoke(Method.java:569), org.testng.internal.invokers.MethodInvocationHelper.invokeMethod(MethodInvocationHelper.java:141), org.testng.internal.invokers.MethodInvocationHelper.invokeMethodConsideringTimeout(MethodInvocationHelper.java:71), org.testng.internal.invokers.ConfigInvoker.invokeConfigurationMethod(ConfigInvoker.java:400), org.testng.internal.invokers.ConfigInvoker.invokeConfigurations(ConfigInvoker.java:333), org.testng.internal.invokers.TestInvoker.runConfigMethods(TestInvoker.java:836), org.testng.internal.invokers.TestInvoker.invokeMethod(TestInvoker.java:601), org.testng.internal.invokers.TestInvoker.retryFailed(TestInvoker.java:269), org.testng.internal.invokers.MethodRunner.runInSequence(MethodRunner.java:76), org.testng.internal.invokers.TestInvoker$MethodInvocationAgent.invoke(TestInvoker.java:995), org.testng.internal.invokers.TestInvoker.invokeTestMethods(TestInvoker.java:203), org.testng.internal.invokers.TestMethodWorker.invokeTestMethods(TestMethodWorker.java:154), org.testng.internal.invokers.TestMethodWorker.run(TestMethodWorker.java:134), java.base/java.util.ArrayList.forEach(ArrayList.java:1511), org.testng.TestRunner.privateRun(TestRunner.java:741), org.testng.TestRunner.run(TestRunner.java:616), org.testng.SuiteRunner.runTest(SuiteRunner.java:421), org.testng.SuiteRunner$SuiteWorker.run(SuiteRunner.java:463), org.testng.internal.thread.ThreadUtil.lambda$execute$0(ThreadUtil.java:64), java.base/java.util.concurrent.FutureTask.run(FutureTask.java:264), java.base/java.util.concurrent.ThreadPoolExecutor.runWorker(ThreadPoolExecutor.java:1136), java.base/java.util.concurrent.ThreadPoolExecutor$Worker.run(ThreadPoolExecutor.java:635), java.base/java.lang.Thread.run(Thread.java:840)]","time":{"start":1742233792778,"stop":1742233795476,"duration":2698}},{"uid":"9abcd871378356b5","reportUrl":"https://circlek-global.github.io/gmbat-tests-eu-mobile-automation/1439//#testresult/9abcd871378356b5","status":"broken","statusDetails":"Test '[CWS] User tries to purchase car wash using Frictionless flow' failed due to configuration error: 1 expectation failed.\nExpected status code <200> but was <422>.\n\n[java.base/jdk.internal.reflect.GeneratedConstructorAccessor193.newInstance(Unknown Source), java.base/jdk.internal.reflect.DelegatingConstructorAccessorImpl.newInstance(DelegatingConstructorAccessorImpl.java:45), java.base/java.lang.reflect.Constructor.newInstanceWithCaller(Constructor.java:500), java.base/java.lang.reflect.Constructor.newInstance(Constructor.java:481), org.codehaus.groovy.reflection.CachedConstructor.invoke(CachedConstructor.java:73), org.codehaus.groovy.runtime.callsite.ConstructorSite$ConstructorSiteNoUnwrapNoCoerce.callConstructor(ConstructorSite.java:108), org.codehaus.groovy.runtime.callsite.AbstractCallSite.callConstructor(AbstractCallSite.java:277), io.restassured.internal.ResponseSpecificationImpl$HamcrestAssertionClosure.validate(ResponseSpecificationImpl.groovy:512), io.restassured.internal.ResponseSpecificationImpl$HamcrestAssertionClosure$validate$1.call(Unknown Source), io.restassured.internal.ResponseSpecificationImpl.validateResponseIfRequired(ResponseSpecificationImpl.groovy:696), io.restassured.internal.ResponseSpecificationImpl.this$2$validateResponseIfRequired(ResponseSpecificationImpl.groovy), jdk.internal.reflect.GeneratedMethodAccessor180.invoke(Unknown Source), java.base/jdk.internal.reflect.DelegatingMethodAccessorImpl.invoke(DelegatingMethodAccessorImpl.java:43), java.base/java.lang.reflect.Method.invoke(Method.java:569), org.codehaus.groovy.runtime.callsite.PlainObjectMetaMethodSite.doInvoke(PlainObjectMetaMethodSite.java:43), org.codehaus.groovy.runtime.callsite.PogoMetaMethodSite$PogoCachedMethodSiteNoUnwrapNoCoerce.invoke(PogoMetaMethodSite.java:198), org.codehaus.groovy.runtime.callsite.PogoMetaMethodSite.callCurrent(PogoMetaMethodSite.java:62), org.codehaus.groovy.runtime.callsite.AbstractCallSite.callCurrent(AbstractCallSite.java:185), io.restassured.internal.ResponseSpecificationImpl.statusCode(ResponseSpecificationImpl.groovy:135), io.restassured.specification.ResponseSpecification$statusCode$1.callCurrent(Unknown Source), io.restassured.internal.ResponseSpecificationImpl.statusCode(ResponseSpecificationImpl.groovy:143), io.restassured.internal.ValidatableResponseOptionsImpl.statusCode(ValidatableResponseOptionsImpl.java:89), com.gmap.core.API.BaseUtils.validateServerResponse(BaseUtils.java:93), settings.hooks.utils.CommonTestsSetup.registerCWSInLiquidBarcode(CommonTestsSetup.java:880), settings.hooks.utils.CommonTestsSetup.enrollUserToCWS(CommonTestsSetup.java:712), settings.hooks.HooksActions.handleEnrollCWS(HooksActions.java:805), settings.hooks.HooksActions.lambda$enrollCWSHandler$45(HooksActions.java:468), com.gmap.core.interfaces.ConditionalExecutor.conditionalAction(ConditionalExecutor.java:21), settings.hooks.HooksActions.enrollCWSHandler(HooksActions.java:467), settings.hooks.HooksActions.lambda$testMethodActions$11(HooksActions.java:280), settings.hooks.HooksActions.lambda$testMethodActions$18(HooksActions.java:292), java.base/java.util.stream.ForEachOps$ForEachOp$OfRef.accept(ForEachOps.java:183), java.base/java.util.stream.ReferencePipeline$2$1.accept(ReferencePipeline.java:179), java.base/java.util.Spliterators$ArraySpliterator.forEachRemaining(Spliterators.java:992), java.base/java.util.stream.AbstractPipeline.copyInto(AbstractPipeline.java:509), java.base/java.util.stream.AbstractPipeline.wrapAndCopyInto(AbstractPipeline.java:499), java.base/java.util.stream.ForEachOps$ForEachOp.evaluateSequential(ForEachOps.java:150), java.base/java.util.stream.ForEachOps$ForEachOp$OfRef.evaluateSequential(ForEachOps.java:173), java.base/java.util.stream.AbstractPipeline.evaluate(AbstractPipeline.java:234), java.base/java.util.stream.ReferencePipeline.forEach(ReferencePipeline.java:596), settings.hooks.HooksActions.testMethodActions(HooksActions.java:292), settings.hooks.Hooks.baseBeforeMethod(Hooks.java:95), jdk.internal.reflect.GeneratedMethodAccessor308.invoke(Unknown Source), java.base/jdk.internal.reflect.DelegatingMethodAccessorImpl.invoke(DelegatingMethodAccessorImpl.java:43), java.base/java.lang.reflect.Method.invoke(Method.java:569), org.testng.internal.invokers.MethodInvocationHelper.invokeMethod(MethodInvocationHelper.java:141), org.testng.internal.invokers.MethodInvocationHelper.invokeMethodConsideringTimeout(MethodInvocationHelper.java:71), org.testng.internal.invokers.ConfigInvoker.invokeConfigurationMethod(ConfigInvoker.java:400), org.testng.internal.invokers.ConfigInvoker.invokeConfigurations(ConfigInvoker.java:333), org.testng.internal.invokers.TestInvoker.runConfigMethods(TestInvoker.java:836), org.testng.internal.invokers.TestInvoker.invokeMethod(TestInvoker.java:601), org.testng.internal.invokers.TestInvoker.retryFailed(TestInvoker.java:269), org.testng.internal.invokers.MethodRunner.runInSequence(MethodRunner.java:76), org.testng.internal.invokers.TestInvoker$MethodInvocationAgent.invoke(TestInvoker.java:995), org.testng.internal.invokers.TestInvoker.invokeTestMethods(TestInvoker.java:203), org.testng.internal.invokers.TestMethodWorker.invokeTestMethods(TestMethodWorker.java:154), org.testng.internal.invokers.TestMethodWorker.run(TestMethodWorker.java:134), java.base/java.util.ArrayList.forEach(ArrayList.java:1511), org.testng.TestRunner.privateRun(TestRunner.java:741), org.testng.TestRunner.run(TestRunner.java:616), org.testng.SuiteRunner.runTest(SuiteRunner.java:421), org.testng.SuiteRunner$SuiteWorker.run(SuiteRunner.java:463), org.testng.internal.thread.ThreadUtil.lambda$execute$0(ThreadUtil.java:64), java.base/java.util.concurrent.FutureTask.run(FutureTask.java:264), java.base/java.util.concurrent.ThreadPoolExecutor.runWorker(ThreadPoolExecutor.java:1136), java.base/java.util.concurrent.ThreadPoolExecutor$Worker.run(ThreadPoolExecutor.java:635), java.base/java.lang.Thread.run(Thread.java:840)]","time":{"start":1742211445483,"stop":1742211447707,"duration":2224}},{"uid":"4dbdac595ec72194","reportUrl":"https://circlek-global.github.io/gmbat-tests-eu-mobile-automation/1426//#testresult/4dbdac595ec72194","status":"skipped","statusDetails":"The provided search context cannot be null","time":{"start":1741977643027,"stop":1741977643027,"duration":0}},{"uid":"f7f15b2b5385b5a5","reportUrl":"https://circlek-global.github.io/gmbat-tests-eu-mobile-automation/1422//#testresult/f7f15b2b5385b5a5","status":"passed","time":{"start":1741952105838,"stop":1741952319595,"duration":213757}},{"uid":"3f0c3297cbfcca8c","reportUrl":"https://circlek-global.github.io/gmbat-tests-eu-mobile-automation/1412//#testresult/3f0c3297cbfcca8c","status":"passed","time":{"start":1741887552768,"stop":1741887784868,"duration":232100}},{"uid":"49021571a73761f0","reportUrl":"https://circlek-global.github.io/gmbat-tests-eu-mobile-automation/1408//#testresult/49021571a73761f0","status":"passed","time":{"start":1741861883729,"stop":1741862110392,"duration":226663}},{"uid":"b5e79791a11e6898","reportUrl":"https://circlek-global.github.io/gmbat-tests-eu-mobile-automation/1396//#testresult/b5e79791a11e6898","status":"broken","statusDetails":"Element [AppiumBy.id: activity-history-screen] wasn't visible after [30] seconds!\nException: org.openqa.selenium.TimeoutException: Expected condition failed: Element [AppiumBy.id: activity-history-screen] wasn't visible after [30] seconds! (tried for 30 second(s) with 250 milliseconds interval)\nFor documentation on this error, please visit: https://www.selenium.dev/documentation/webdriver/troubleshooting/errors#no-such-element-exception\nBuild info: version: '4.19.0', revision: '5f9cec8963'\nSystem info: os.name: 'Linux', os.arch: 'amd64', os.version: '6.8.0-1021-azure', java.version: '17.0.14'\nDriver info: driver.version: unknown","time":{"start":1741801497581,"stop":1741801763403,"duration":265822}}]},"tags":["FricionLess","CarWashSubscription"]},"source":"dd2cda38244888c0.json","parameterValues":["GalaxyS20FE"]}