{"uid":"86b18cf7c00c18c1","name":"Onboarding Rewards for New IC Member","fullName":"testcases.OnboardingRewardsTest.userVerifyOnboardingRewardsForNewICMember","historyId":"645dc022ef70765474b44bac97abc37f","time":{"start":1743117589234,"stop":1743117786562,"duration":197328},"description":"Onboarding Rewards for New IC Member","descriptionHtml":"<p>Onboarding Rewards for New IC Member</p>\n","status":"broken","statusMessage":"Element [AppiumBy.accessibilityId: Rewards.tab] wasn't visible after [15] seconds!\nException: org.openqa.selenium.TimeoutException: Expected condition failed: Element [AppiumBy.accessibilityId: Rewards.tab] wasn't visible after [15] seconds! (tried for 15 second(s) with 250 milliseconds interval)\nFor documentation on this error, please visit: https://www.selenium.dev/documentation/webdriver/troubleshooting/errors#no-such-element-exception\nBuild info: version: '4.19.0', revision: '5f9cec8963'\nSystem info: os.name: 'Linux', os.arch: 'amd64', os.version: '6.8.0-1021-azure', java.version: '17.0.14'\nDriver info: driver.version: unknown","statusTrace":"org.openqa.selenium.NoSuchElementException: Element [AppiumBy.accessibilityId: Rewards.tab] wasn't visible after [15] seconds!\nException: org.openqa.selenium.TimeoutException: Expected condition failed: Element [AppiumBy.accessibilityId: Rewards.tab] wasn't visible after [15] seconds! (tried for 15 second(s) with 250 milliseconds interval)\nFor documentation on this error, please visit: https://www.selenium.dev/documentation/webdriver/troubleshooting/errors#no-such-element-exception\nBuild info: version: '4.19.0', revision: '5f9cec8963'\nSystem info: os.name: 'Linux', os.arch: 'amd64', os.version: '6.8.0-1021-azure', java.version: '17.0.14'\nDriver info: driver.version: unknown\n\tat com.gmap.core.common.handlers.WaitHandler.waitUntil(WaitHandler.java:163)\n\tat com.gmap.core.common.handlers.WaitHandler.waitForElementToBeVisible(WaitHandler.java:196)\n\tat pages.ICRewardsPage.checkThatTheRewardsTabIsDisplayed(ICRewardsPage.java:49)\n\tat testcases.OnboardingRewardsTest.userVerifyOnboardingRewardsForNewICMember(OnboardingRewardsTest.java:125)\n\tat java.base/jdk.internal.reflect.NativeMethodAccessorImpl.invoke0(Native Method)\n\tat java.base/jdk.internal.reflect.NativeMethodAccessorImpl.invoke(NativeMethodAccessorImpl.java:77)\n\tat java.base/jdk.internal.reflect.DelegatingMethodAccessorImpl.invoke(DelegatingMethodAccessorImpl.java:43)\n\tat java.base/java.lang.reflect.Method.invoke(Method.java:569)\n\tat org.testng.internal.invokers.MethodInvocationHelper.invokeMethod(MethodInvocationHelper.java:141)\n\tat org.testng.internal.invokers.MethodInvocationHelper$1.runTestMethod(MethodInvocationHelper.java:260)\n\tat org.springframework.test.context.testng.AbstractTestNGSpringContextTests.run(AbstractTestNGSpringContextTests.java:154)\n\tat org.testng.internal.invokers.MethodInvocationHelper.invokeHookable(MethodInvocationHelper.java:274)\n\tat org.testng.internal.invokers.TestInvoker.invokeMethod(TestInvoker.java:679)\n\tat org.testng.internal.invokers.TestInvoker.invokeTestMethod(TestInvoker.java:230)\n\tat org.testng.internal.invokers.MethodRunner.runInSequence(MethodRunner.java:63)\n\tat org.testng.internal.invokers.TestInvoker$MethodInvocationAgent.invoke(TestInvoker.java:995)\n\tat org.testng.internal.invokers.TestInvoker.invokeTestMethods(TestInvoker.java:203)\n\tat org.testng.internal.invokers.TestMethodWorker.invokeTestMethods(TestMethodWorker.java:154)\n\tat org.testng.internal.invokers.TestMethodWorker.run(TestMethodWorker.java:134)\n\tat java.base/java.util.ArrayList.forEach(ArrayList.java:1511)\n\tat org.testng.TestRunner.privateRun(TestRunner.java:741)\n\tat org.testng.TestRunner.run(TestRunner.java:616)\n\tat org.testng.SuiteRunner.runTest(SuiteRunner.java:421)\n\tat org.testng.SuiteRunner$SuiteWorker.run(SuiteRunner.java:463)\n\tat org.testng.internal.thread.ThreadUtil.lambda$execute$0(ThreadUtil.java:64)\n\tat java.base/java.util.concurrent.FutureTask.run(FutureTask.java:264)\n\tat java.base/java.util.concurrent.ThreadPoolExecutor.runWorker(ThreadPoolExecutor.java:1136)\n\tat java.base/java.util.concurrent.ThreadPoolExecutor$Worker.run(ThreadPoolExecutor.java:635)\n\tat java.base/java.lang.Thread.run(Thread.java:840)\n","flaky":false,"newFailed":false,"newBroken":true,"newPassed":false,"retriesCount":0,"retriesStatusChange":false,"beforeStages":[{"name":"Base Before Test","time":{"start":1743117552833,"stop":1743117552833,"duration":0},"description":"Base Before Test","status":"passed","steps":[],"attachments":[],"parameters":[],"shouldDisplayMessage":false,"stepsCount":0,"attachmentsCount":0,"hasContent":false,"attachmentStep":false},{"name":"springTestContextBeforeTestClass","time":{"start":1743117552835,"stop":1743117552835,"duration":0},"description":"","status":"passed","steps":[],"attachments":[],"parameters":[],"shouldDisplayMessage":false,"stepsCount":0,"attachmentsCount":0,"hasContent":false,"attachmentStep":false},{"name":"springTestContextPrepareTestInstance","time":{"start":1743117552835,"stop":1743117552837,"duration":2},"description":"","status":"passed","steps":[],"attachments":[],"parameters":[],"shouldDisplayMessage":false,"stepsCount":0,"attachmentsCount":0,"hasContent":false,"attachmentStep":false},{"name":"Base Before Class","time":{"start":1743117552837,"stop":1743117552839,"duration":2},"description":"Base Before Class","status":"passed","steps":[],"attachments":[],"parameters":[],"shouldDisplayMessage":false,"stepsCount":0,"attachmentsCount":0,"hasContent":false,"attachmentStep":false},{"name":"springTestContextBeforeTestMethod","time":{"start":1743117552839,"stop":1743117552840,"duration":1},"description":"","status":"passed","steps":[],"attachments":[],"parameters":[],"shouldDisplayMessage":false,"stepsCount":0,"attachmentsCount":0,"hasContent":false,"attachmentStep":false},{"name":"Base Before Test Method","time":{"start":1743117552841,"stop":1743117587927,"duration":35086},"description":"Base Before Test Method","status":"passed","steps":[],"attachments":[{"uid":"e391c68776f7a5d8","name":"REQUEST | POST https://api.qa.circlek.com/us/ngrp-gmap-authn/v1/auth","source":"e391c68776f7a5d8.html","type":"text/html","size":619},{"uid":"d3ad5d3206be5aed","name":"RESPONSE | POST https://api.qa.circlek.com/us/ngrp-gmap-authn/v1/auth [404]","source":"d3ad5d3206be5aed.html","type":"text/html","size":661}],"parameters":[],"shouldDisplayMessage":false,"stepsCount":0,"attachmentsCount":2,"hasContent":true,"attachmentStep":false},{"name":"initTestConfig","time":{"start":1743117587929,"stop":1743117588462,"duration":533},"description":"","status":"passed","steps":[],"attachments":[],"parameters":[],"shouldDisplayMessage":false,"stepsCount":0,"attachmentsCount":0,"hasContent":false,"attachmentStep":false}],"testStage":{"description":"Onboarding Rewards for New IC Member","status":"broken","statusMessage":"Element [AppiumBy.accessibilityId: Rewards.tab] wasn't visible after [15] seconds!\nException: org.openqa.selenium.TimeoutException: Expected condition failed: Element [AppiumBy.accessibilityId: Rewards.tab] wasn't visible after [15] seconds! (tried for 15 second(s) with 250 milliseconds interval)\nFor documentation on this error, please visit: https://www.selenium.dev/documentation/webdriver/troubleshooting/errors#no-such-element-exception\nBuild info: version: '4.19.0', revision: '5f9cec8963'\nSystem info: os.name: 'Linux', os.arch: 'amd64', os.version: '6.8.0-1021-azure', java.version: '17.0.14'\nDriver info: driver.version: unknown","statusTrace":"org.openqa.selenium.NoSuchElementException: Element [AppiumBy.accessibilityId: Rewards.tab] wasn't visible after [15] seconds!\nException: org.openqa.selenium.TimeoutException: Expected condition failed: Element [AppiumBy.accessibilityId: Rewards.tab] wasn't visible after [15] seconds! (tried for 15 second(s) with 250 milliseconds interval)\nFor documentation on this error, please visit: https://www.selenium.dev/documentation/webdriver/troubleshooting/errors#no-such-element-exception\nBuild info: version: '4.19.0', revision: '5f9cec8963'\nSystem info: os.name: 'Linux', os.arch: 'amd64', os.version: '6.8.0-1021-azure', java.version: '17.0.14'\nDriver info: driver.version: unknown\n\tat com.gmap.core.common.handlers.WaitHandler.waitUntil(WaitHandler.java:163)\n\tat com.gmap.core.common.handlers.WaitHandler.waitForElementToBeVisible(WaitHandler.java:196)\n\tat pages.ICRewardsPage.checkThatTheRewardsTabIsDisplayed(ICRewardsPage.java:49)\n\tat testcases.OnboardingRewardsTest.userVerifyOnboardingRewardsForNewICMember(OnboardingRewardsTest.java:125)\n\tat java.base/jdk.internal.reflect.NativeMethodAccessorImpl.invoke0(Native Method)\n\tat java.base/jdk.internal.reflect.NativeMethodAccessorImpl.invoke(NativeMethodAccessorImpl.java:77)\n\tat java.base/jdk.internal.reflect.DelegatingMethodAccessorImpl.invoke(DelegatingMethodAccessorImpl.java:43)\n\tat java.base/java.lang.reflect.Method.invoke(Method.java:569)\n\tat org.testng.internal.invokers.MethodInvocationHelper.invokeMethod(MethodInvocationHelper.java:141)\n\tat org.testng.internal.invokers.MethodInvocationHelper$1.runTestMethod(MethodInvocationHelper.java:260)\n\tat org.springframework.test.context.testng.AbstractTestNGSpringContextTests.run(AbstractTestNGSpringContextTests.java:154)\n\tat org.testng.internal.invokers.MethodInvocationHelper.invokeHookable(MethodInvocationHelper.java:274)\n\tat org.testng.internal.invokers.TestInvoker.invokeMethod(TestInvoker.java:679)\n\tat org.testng.internal.invokers.TestInvoker.invokeTestMethod(TestInvoker.java:230)\n\tat org.testng.internal.invokers.MethodRunner.runInSequence(MethodRunner.java:63)\n\tat org.testng.internal.invokers.TestInvoker$MethodInvocationAgent.invoke(TestInvoker.java:995)\n\tat org.testng.internal.invokers.TestInvoker.invokeTestMethods(TestInvoker.java:203)\n\tat org.testng.internal.invokers.TestMethodWorker.invokeTestMethods(TestMethodWorker.java:154)\n\tat org.testng.internal.invokers.TestMethodWorker.run(TestMethodWorker.java:134)\n\tat java.base/java.util.ArrayList.forEach(ArrayList.java:1511)\n\tat org.testng.TestRunner.privateRun(TestRunner.java:741)\n\tat org.testng.TestRunner.run(TestRunner.java:616)\n\tat org.testng.SuiteRunner.runTest(SuiteRunner.java:421)\n\tat org.testng.SuiteRunner$SuiteWorker.run(SuiteRunner.java:463)\n\tat org.testng.internal.thread.ThreadUtil.lambda$execute$0(ThreadUtil.java:64)\n\tat java.base/java.util.concurrent.FutureTask.run(FutureTask.java:264)\n\tat java.base/java.util.concurrent.ThreadPoolExecutor.runWorker(ThreadPoolExecutor.java:1136)\n\tat java.base/java.util.concurrent.ThreadPoolExecutor$Worker.run(ThreadPoolExecutor.java:635)\n\tat java.base/java.lang.Thread.run(Thread.java:840)\n","steps":[{"name":"I check that the \"Welcome Screen\" is displayed","time":{"start":1743117589236,"stop":1743117589961,"duration":725},"status":"passed","steps":[],"attachments":[],"parameters":[],"shouldDisplayMessage":false,"stepsCount":0,"attachmentsCount":0,"hasContent":false,"attachmentStep":false},{"name":"I click on \"GET STARTED\" button","time":{"start":1743117589961,"stop":1743117593601,"duration":3640},"status":"passed","steps":[],"attachments":[],"parameters":[],"shouldDisplayMessage":false,"stepsCount":0,"attachmentsCount":0,"hasContent":false,"attachmentStep":false},{"name":"I check that the \"Choose Data Preferences Screen\" is displayed","time":{"start":1743117593601,"stop":1743117594407,"duration":806},"status":"passed","steps":[],"attachments":[],"parameters":[],"shouldDisplayMessage":false,"stepsCount":0,"attachmentsCount":0,"hasContent":false,"attachmentStep":false},{"name":"I click on \"ALLOW ALL TRACKING\" button","time":{"start":1743117594407,"stop":1743117596932,"duration":2525},"status":"passed","steps":[],"attachments":[],"parameters":[],"shouldDisplayMessage":false,"stepsCount":0,"attachmentsCount":0,"hasContent":false,"attachmentStep":false},{"name":"I check that the \"First SignIn Screen\" is displayed","time":{"start":1743117596932,"stop":1743117599356,"duration":2424},"status":"passed","steps":[],"attachments":[],"parameters":[],"shouldDisplayMessage":false,"stepsCount":0,"attachmentsCount":0,"hasContent":false,"attachmentStep":false},{"name":"I click on \"PHONE NUMBER\" input","time":{"start":1743117599356,"stop":1743117602460,"duration":3104},"status":"passed","steps":[],"attachments":[],"parameters":[],"shouldDisplayMessage":false,"stepsCount":0,"attachmentsCount":0,"hasContent":false,"attachmentStep":false},{"name":"I enter the phone number \"6806250000\" in the input","time":{"start":1743117602460,"stop":1743117610082,"duration":7622},"status":"passed","steps":[],"attachments":[],"parameters":[{"name":"Phone number:","value":"6806250000"}],"shouldDisplayMessage":false,"stepsCount":0,"attachmentsCount":0,"hasContent":true,"attachmentStep":false},{"name":"I click on \"LET'S GO\" button","time":{"start":1743117610083,"stop":1743117613824,"duration":3741},"status":"passed","steps":[],"attachments":[],"parameters":[{"name":"wait","value":"true"}],"shouldDisplayMessage":false,"stepsCount":0,"attachmentsCount":0,"hasContent":true,"attachmentStep":false},{"name":"I check that the \"Password Screen\" is displayed","time":{"start":1743117613824,"stop":1743117614539,"duration":715},"status":"passed","steps":[],"attachments":[],"parameters":[],"shouldDisplayMessage":false,"stepsCount":0,"attachmentsCount":0,"hasContent":false,"attachmentStep":false},{"name":"I click on \"PASSWORD\" input","time":{"start":1743117614539,"stop":1743117617414,"duration":2875},"status":"passed","steps":[],"attachments":[],"parameters":[],"shouldDisplayMessage":false,"stepsCount":0,"attachmentsCount":0,"hasContent":false,"attachmentStep":false},{"name":"I enter the password \"#Test123\" in the input","time":{"start":1743117617414,"stop":1743117619405,"duration":1991},"status":"passed","steps":[],"attachments":[],"parameters":[{"name":"Password:","value":"#Test123"}],"shouldDisplayMessage":false,"stepsCount":0,"attachmentsCount":0,"hasContent":true,"attachmentStep":false},{"name":"I click on \"SIGN IN\" button","time":{"start":1743117619406,"stop":1743117627044,"duration":7638},"status":"passed","steps":[],"attachments":[],"parameters":[],"shouldDisplayMessage":false,"stepsCount":0,"attachmentsCount":0,"hasContent":false,"attachmentStep":false},{"name":"I get the text from the middle text area on the \"Notification Permission Screen\"","time":{"start":1743117627048,"stop":1743117628465,"duration":1417},"status":"passed","steps":[],"attachments":[],"parameters":[],"shouldDisplayMessage":false,"stepsCount":0,"attachmentsCount":0,"hasContent":false,"attachmentStep":false},{"name":"I check that the application text: \"Stay updated on in-store promotions, deals, savings and special offers!\" is equals to expected value: \"Stay updated on in-store promotions, deals, savings and special offers!\"","time":{"start":1743117628466,"stop":1743117628466,"duration":0},"status":"passed","steps":[],"attachments":[],"parameters":[{"name":"Actual:","value":"Stay updated on in-store promotions, deals, savings and special offers!"},{"name":"Expected:","value":"Stay updated on in-store promotions, deals, savings and special offers!"}],"shouldDisplayMessage":false,"stepsCount":0,"attachmentsCount":0,"hasContent":true,"attachmentStep":false},{"name":"I check that the \"Notification Permission Screen\" is displayed","time":{"start":1743117628466,"stop":1743117629156,"duration":690},"status":"passed","steps":[],"attachments":[],"parameters":[],"shouldDisplayMessage":false,"stepsCount":0,"attachmentsCount":0,"hasContent":false,"attachmentStep":false},{"name":"I click on \"CONTINUE\" button","time":{"start":1743117629156,"stop":1743117635782,"duration":6626},"status":"passed","steps":[{"name":"I check that the \"Location Permission Flow Screen\" is displayed","time":{"start":1743117631509,"stop":1743117635782,"duration":4273},"status":"passed","steps":[],"attachments":[],"parameters":[{"name":"time","value":"3"}],"shouldDisplayMessage":false,"stepsCount":0,"attachmentsCount":0,"hasContent":true,"attachmentStep":false}],"attachments":[],"parameters":[],"shouldDisplayMessage":false,"stepsCount":1,"attachmentsCount":0,"hasContent":true,"attachmentStep":false},{"name":"I check that the \"Location Permission Flow Screen\" is displayed","time":{"start":1743117635782,"stop":1743117636677,"duration":895},"status":"passed","steps":[],"attachments":[],"parameters":[],"shouldDisplayMessage":false,"stepsCount":0,"attachmentsCount":0,"hasContent":false,"attachmentStep":false},{"name":"I get the text from the middle text area on the \"Location Permission Flow Screen\"","time":{"start":1743117636678,"stop":1743117638077,"duration":1399},"status":"passed","steps":[],"attachments":[],"parameters":[],"shouldDisplayMessage":false,"stepsCount":0,"attachmentsCount":0,"hasContent":false,"attachmentStep":false},{"name":"I check that the application text: \"Turn on your location so we can locate your closest Circle K store.\" is equals to expected value: \"Turn on your location so we can locate your closest Circle K store.\"","time":{"start":1743117638078,"stop":1743117638078,"duration":0},"status":"passed","steps":[],"attachments":[],"parameters":[{"name":"Actual:","value":"Turn on your location so we can locate your closest Circle K store."},{"name":"Expected:","value":"Turn on your location so we can locate your closest Circle K store."}],"shouldDisplayMessage":false,"stepsCount":0,"attachmentsCount":0,"hasContent":true,"attachmentStep":false},{"name":"I click on \"CONTINUE\" button","time":{"start":1743117638078,"stop":1743117643469,"duration":5391},"status":"passed","steps":[],"attachments":[],"parameters":[],"shouldDisplayMessage":false,"stepsCount":0,"attachmentsCount":0,"hasContent":false,"attachmentStep":false},{"name":"I accept the new terms and conditions","time":{"start":1743117643469,"stop":1743117665527,"duration":22058},"status":"passed","steps":[],"attachments":[],"parameters":[],"shouldDisplayMessage":false,"stepsCount":0,"attachmentsCount":0,"hasContent":false,"attachmentStep":false},{"name":"I skip enrolling for easy pay card","time":{"start":1743117665527,"stop":1743117681267,"duration":15740},"status":"passed","steps":[],"attachments":[],"parameters":[{"name":"time","value":"[15]"}],"shouldDisplayMessage":false,"stepsCount":0,"attachmentsCount":0,"hasContent":true,"attachmentStep":false},{"name":"I check that the \"Home Screen\" is displayed","time":{"start":1743117681267,"stop":1743117682073,"duration":806},"status":"passed","steps":[],"attachments":[],"parameters":[],"shouldDisplayMessage":false,"stepsCount":0,"attachmentsCount":0,"hasContent":false,"attachmentStep":false},{"name":"I check that the \"Home Screen\" is displayed","time":{"start":1743117682073,"stop":1743117682970,"duration":897},"status":"passed","steps":[],"attachments":[],"parameters":[],"shouldDisplayMessage":false,"stepsCount":0,"attachmentsCount":0,"hasContent":false,"attachmentStep":false},{"name":"I click on \"CHANGE STORE\" button","time":{"start":1743117682970,"stop":1743117691503,"duration":8533},"status":"passed","steps":[],"attachments":[],"parameters":[],"shouldDisplayMessage":false,"stepsCount":0,"attachmentsCount":0,"hasContent":false,"attachmentStep":false},{"name":"I check that the \"Want to change store?\" pane is displayed","time":{"start":1743117691503,"stop":1743117692598,"duration":1095},"status":"passed","steps":[],"attachments":[],"parameters":[],"shouldDisplayMessage":false,"stepsCount":0,"attachmentsCount":0,"hasContent":false,"attachmentStep":false},{"name":"I click on \"SELECT STORE MANUALLY\" button","time":{"start":1743117692599,"stop":1743117695466,"duration":2867},"status":"passed","steps":[],"attachments":[],"parameters":[],"shouldDisplayMessage":false,"stepsCount":0,"attachmentsCount":0,"hasContent":false,"attachmentStep":false},{"name":"I check that the \"Stores Screen\" is displayed","time":{"start":1743117695466,"stop":1743117696279,"duration":813},"status":"passed","steps":[],"attachments":[],"parameters":[],"shouldDisplayMessage":false,"stepsCount":0,"attachmentsCount":0,"hasContent":false,"attachmentStep":false},{"name":"I click on \"VIEW LIST/MAP\" button","time":{"start":1743117696279,"stop":1743117699195,"duration":2916},"status":"passed","steps":[],"attachments":[],"parameters":[],"shouldDisplayMessage":false,"stepsCount":0,"attachmentsCount":0,"hasContent":false,"attachmentStep":false},{"name":"I click on \"SEARCH BAR\" input","time":{"start":1743117699195,"stop":1743117702591,"duration":3396},"status":"passed","steps":[],"attachments":[],"parameters":[],"shouldDisplayMessage":false,"stepsCount":0,"attachmentsCount":0,"hasContent":false,"attachmentStep":false},{"name":"I enter the \"Illinois, USA\" in the \"SEARCH BAR\" input","time":{"start":1743117702591,"stop":1743117708248,"duration":5657},"status":"passed","steps":[],"attachments":[],"parameters":[{"name":"Term to search:","value":"Illinois, USA"}],"shouldDisplayMessage":false,"stepsCount":0,"attachmentsCount":0,"hasContent":true,"attachmentStep":false},{"name":"I check that the \"Search Results Screen\" is displayed","time":{"start":1743117708249,"stop":1743117714133,"duration":5884},"status":"passed","steps":[],"attachments":[],"parameters":[],"shouldDisplayMessage":false,"stepsCount":0,"attachmentsCount":0,"hasContent":false,"attachmentStep":false},{"name":"I click the first text from the \"Search result\" list","time":{"start":1743117714133,"stop":1743117717098,"duration":2965},"status":"passed","steps":[],"attachments":[],"parameters":[],"shouldDisplayMessage":false,"stepsCount":0,"attachmentsCount":0,"hasContent":false,"attachmentStep":false},{"name":"I check that the \"Station List Screen\" is displayed","time":{"start":1743117717098,"stop":1743117719905,"duration":2807},"status":"passed","steps":[],"attachments":[],"parameters":[],"shouldDisplayMessage":false,"stepsCount":0,"attachmentsCount":0,"hasContent":false,"attachmentStep":false},{"name":"I click on \"4701446\" station \"SET AS HOME STORE\" button","time":{"start":1743117719906,"stop":1743117732065,"duration":12159},"status":"passed","steps":[],"attachments":[],"parameters":[{"name":"Store:","value":"4701446"}],"shouldDisplayMessage":false,"stepsCount":0,"attachmentsCount":0,"hasContent":true,"attachmentStep":false},{"name":"I check that the \"Are you sure you want to select this store?\" pane is displayed","time":{"start":1743117732065,"stop":1743117733850,"duration":1785},"status":"passed","steps":[],"attachments":[],"parameters":[],"shouldDisplayMessage":false,"stepsCount":0,"attachmentsCount":0,"hasContent":false,"attachmentStep":false},{"name":"I click on \"CONFIRM\" button","time":{"start":1743117733851,"stop":1743117739851,"duration":6000},"status":"passed","steps":[],"attachments":[],"parameters":[],"shouldDisplayMessage":false,"stepsCount":0,"attachmentsCount":0,"hasContent":false,"attachmentStep":false},{"name":"I verify that \"INNER CIRCLE\" button is displayed","time":{"start":1743117739851,"stop":1743117743548,"duration":3697},"status":"passed","steps":[],"attachments":[],"parameters":[],"shouldDisplayMessage":false,"stepsCount":0,"attachmentsCount":0,"hasContent":false,"attachmentStep":false},{"name":"I click on \"HOME\" button","time":{"start":1743117743549,"stop":1743117749619,"duration":6070},"status":"passed","steps":[],"attachments":[],"parameters":[],"shouldDisplayMessage":false,"stepsCount":0,"attachmentsCount":0,"hasContent":false,"attachmentStep":false},{"name":"I check that the \"New Open Rewards Timeline\" is displayed","time":{"start":1743117749619,"stop":1743117753529,"duration":3910},"status":"passed","steps":[],"attachments":[],"parameters":[],"shouldDisplayMessage":false,"stepsCount":0,"attachmentsCount":0,"hasContent":false,"attachmentStep":false},{"name":"I click on the \"Open Rewards Timeline\" chevron","time":{"start":1743117753529,"stop":1743117758882,"duration":5353},"status":"passed","steps":[],"attachments":[],"parameters":[],"shouldDisplayMessage":false,"stepsCount":0,"attachmentsCount":0,"hasContent":false,"attachmentStep":false},{"name":"I check that the \"Open Rewards Timeline\" is displayed","time":{"start":1743117758883,"stop":1743117761057,"duration":2174},"status":"passed","steps":[],"attachments":[],"parameters":[],"shouldDisplayMessage":false,"stepsCount":0,"attachmentsCount":0,"hasContent":false,"attachmentStep":false},{"name":"I check that the \"VIEW REWARDS\" is displayed","time":{"start":1743117761058,"stop":1743117764076,"duration":3018},"status":"passed","steps":[],"attachments":[],"parameters":[],"shouldDisplayMessage":false,"stepsCount":0,"attachmentsCount":0,"hasContent":false,"attachmentStep":false},{"name":"I click on the \"VIEW REWARD\" CTA","time":{"start":1743117764076,"stop":1743117768681,"duration":4605},"status":"passed","steps":[],"attachments":[],"parameters":[],"shouldDisplayMessage":false,"stepsCount":0,"attachmentsCount":0,"hasContent":false,"attachmentStep":false},{"name":"I check that the \"Rewards Tab\" is displayed","time":{"start":1743117768681,"stop":1743117784825,"duration":16144},"status":"broken","statusMessage":"Element [AppiumBy.accessibilityId: Rewards.tab] wasn't visible after [15] seconds!\nException: org.openqa.selenium.TimeoutException: Expected condition failed: Element [AppiumBy.accessibilityId: Rewards.tab] wasn't visible after [15] seconds! (tried for 15 second(s) with 250 milliseconds interval)\nFor documentation on this error, please visit: https://www.selenium.dev/documentation/webdriver/troubleshooting/errors#no-such-element-exception\nBuild info: version: '4.19.0', revision: '5f9cec8963'\nSystem info: os.name: 'Linux', os.arch: 'amd64', os.version: '6.8.0-1021-azure', java.version: '17.0.14'\nDriver info: driver.version: unknown","statusTrace":"org.openqa.selenium.NoSuchElementException: Element [AppiumBy.accessibilityId: Rewards.tab] wasn't visible after [15] seconds!\nException: org.openqa.selenium.TimeoutException: Expected condition failed: Element [AppiumBy.accessibilityId: Rewards.tab] wasn't visible after [15] seconds! (tried for 15 second(s) with 250 milliseconds interval)\nFor documentation on this error, please visit: https://www.selenium.dev/documentation/webdriver/troubleshooting/errors#no-such-element-exception\nBuild info: version: '4.19.0', revision: '5f9cec8963'\nSystem info: os.name: 'Linux', os.arch: 'amd64', os.version: '6.8.0-1021-azure', java.version: '17.0.14'\nDriver info: driver.version: unknown\n\tat com.gmap.core.common.handlers.WaitHandler.waitUntil(WaitHandler.java:163)\n\tat com.gmap.core.common.handlers.WaitHandler.waitForElementToBeVisible(WaitHandler.java:196)\n\tat pages.ICRewardsPage.checkThatTheRewardsTabIsDisplayed(ICRewardsPage.java:49)\n\tat testcases.OnboardingRewardsTest.userVerifyOnboardingRewardsForNewICMember(OnboardingRewardsTest.java:125)\n\tat java.base/jdk.internal.reflect.NativeMethodAccessorImpl.invoke0(Native Method)\n\tat java.base/jdk.internal.reflect.NativeMethodAccessorImpl.invoke(NativeMethodAccessorImpl.java:77)\n\tat java.base/jdk.internal.reflect.DelegatingMethodAccessorImpl.invoke(DelegatingMethodAccessorImpl.java:43)\n\tat java.base/java.lang.reflect.Method.invoke(Method.java:569)\n\tat org.testng.internal.invokers.MethodInvocationHelper.invokeMethod(MethodInvocationHelper.java:141)\n\tat org.testng.internal.invokers.MethodInvocationHelper$1.runTestMethod(MethodInvocationHelper.java:260)\n\tat org.springframework.test.context.testng.AbstractTestNGSpringContextTests.run(AbstractTestNGSpringContextTests.java:154)\n\tat org.testng.internal.invokers.MethodInvocationHelper.invokeHookable(MethodInvocationHelper.java:274)\n\tat org.testng.internal.invokers.TestInvoker.invokeMethod(TestInvoker.java:679)\n\tat org.testng.internal.invokers.TestInvoker.invokeTestMethod(TestInvoker.java:230)\n\tat org.testng.internal.invokers.MethodRunner.runInSequence(MethodRunner.java:63)\n\tat org.testng.internal.invokers.TestInvoker$MethodInvocationAgent.invoke(TestInvoker.java:995)\n\tat org.testng.internal.invokers.TestInvoker.invokeTestMethods(TestInvoker.java:203)\n\tat org.testng.internal.invokers.TestMethodWorker.invokeTestMethods(TestMethodWorker.java:154)\n\tat org.testng.internal.invokers.TestMethodWorker.run(TestMethodWorker.java:134)\n\tat java.base/java.util.ArrayList.forEach(ArrayList.java:1511)\n\tat org.testng.TestRunner.privateRun(TestRunner.java:741)\n\tat org.testng.TestRunner.run(TestRunner.java:616)\n\tat org.testng.SuiteRunner.runTest(SuiteRunner.java:421)\n\tat org.testng.SuiteRunner$SuiteWorker.run(SuiteRunner.java:463)\n\tat org.testng.internal.thread.ThreadUtil.lambda$execute$0(ThreadUtil.java:64)\n\tat java.base/java.util.concurrent.FutureTask.run(FutureTask.java:264)\n\tat java.base/java.util.concurrent.ThreadPoolExecutor.runWorker(ThreadPoolExecutor.java:1136)\n\tat java.base/java.util.concurrent.ThreadPoolExecutor$Worker.run(ThreadPoolExecutor.java:635)\n\tat java.base/java.lang.Thread.run(Thread.java:840)\n","steps":[],"attachments":[],"parameters":[],"shouldDisplayMessage":true,"stepsCount":0,"attachmentsCount":0,"hasContent":true,"attachmentStep":false}],"attachments":[{"uid":"4dd751cbebc1453c","name":"Screenshot | [27-03-2025]","source":"4dd751cbebc1453c.jpg","type":"image/jpg","size":548082}],"parameters":[],"shouldDisplayMessage":false,"stepsCount":46,"attachmentsCount":1,"hasContent":true,"attachmentStep":false},"afterStages":[{"name":"Base After Test Method","time":{"start":1743117788835,"stop":1743117789612,"duration":777},"description":"Base After Test Method","status":"passed","steps":[],"attachments":[],"parameters":[],"shouldDisplayMessage":false,"stepsCount":0,"attachmentsCount":0,"hasContent":false,"attachmentStep":false},{"name":"springTestContextAfterTestMethod","time":{"start":1743117789614,"stop":1743117789614,"duration":0},"description":"","status":"passed","steps":[],"attachments":[],"parameters":[],"shouldDisplayMessage":false,"stepsCount":0,"attachmentsCount":0,"hasContent":false,"attachmentStep":false},{"name":"Base After Class","time":{"start":1743117789615,"stop":1743117789615,"duration":0},"description":"Base After Class","status":"passed","steps":[],"attachments":[],"parameters":[],"shouldDisplayMessage":false,"stepsCount":0,"attachmentsCount":0,"hasContent":false,"attachmentStep":false},{"name":"springTestContextAfterTestClass","time":{"start":1743117789615,"stop":1743117789615,"duration":0},"description":"","status":"passed","steps":[],"attachments":[],"parameters":[],"shouldDisplayMessage":false,"stepsCount":0,"attachmentsCount":0,"hasContent":false,"attachmentStep":false},{"name":"Base After Test","time":{"start":1743117789616,"stop":1743117789616,"duration":0},"description":"Base After Test","status":"passed","steps":[],"attachments":[],"parameters":[],"shouldDisplayMessage":false,"stepsCount":0,"attachmentsCount":0,"hasContent":false,"attachmentStep":false}],"labels":[{"name":"package","value":"testcases.OnboardingRewardsTest"},{"name":"testClass","value":"testcases.OnboardingRewardsTest"},{"name":"testMethod","value":"userVerifyOnboardingRewardsForNewICMember"},{"name":"parentSuite","value":"GMAP NA Mobile Test Automation - [IOS SMOKE XML SUITE]"},{"name":"suite","value":"GMAP NA Tests | Onboarding Rewards"},{"name":"subSuite","value":"testcases.OnboardingRewardsTest"},{"name":"host","value":"fv-az1944-78"},{"name":"thread","value":"1917@fv-az1944-78.TestNG-tests-2(23)"},{"name":"framework","value":"testng"},{"name":"language","value":"java"},{"name":"tag","value":"OnboardingRewards"},{"name":"owner","value":"Amit Choudhary - [amit.choudhary@circlekeurope.com]"},{"name":"story","value":"[GMAP][NA] Onboarding Rewards"},{"name":"feature","value":"[GMAP][NA] Onboarding Rewards"},{"name":"epic","value":"[GMAP][NA] ONBOARDING REWARDS"},{"name":"severity","value":"normal"},{"name":"resultFormat","value":"allure2"}],"parameters":[{"name":"deviceConfig","value":"iPhone14Pro"}],"links":[{"name":"N/A","url":"https://circlek.atlassian.net/browse/N/A","type":"issue"},{"name":"NGRPRG-32462","url":"https://circlek.atlassian.net/browse/NGRPRG-32462","type":"tms"}],"hidden":false,"retry":false,"extra":{"severity":"normal","owner":"Amit Choudhary - [amit.choudhary@circlekeurope.com]","retries":[],"categories":[{"name":"Test defects","matchedStatuses":[],"flaky":false}],"history":{"statistic":{"failed":0,"broken":37,"skipped":1,"passed":40,"unknown":0,"total":78},"items":[{"uid":"b0e8fac48108f4d8","reportUrl":"https://circlek-global.github.io/gmbat-tests-eu-mobile-automation/1555//#testresult/b0e8fac48108f4d8","status":"passed","time":{"start":1743054196741,"stop":1743054377413,"duration":180672}},{"uid":"439a4e21e6e7078b","reportUrl":"https://circlek-global.github.io/gmbat-tests-eu-mobile-automation/1553//#testresult/439a4e21e6e7078b","status":"broken","statusDetails":"Element [AppiumBy.accessibilityId: Rewards.tab] wasn't visible after [15] seconds!\nException: org.openqa.selenium.TimeoutException: Expected condition failed: Element [AppiumBy.accessibilityId: Rewards.tab] wasn't visible after [15] seconds! (tried for 15 second(s) with 250 milliseconds interval)\nFor documentation on this error, please visit: https://www.selenium.dev/documentation/webdriver/troubleshooting/errors#no-such-element-exception\nBuild info: version: '4.19.0', revision: '5f9cec8963'\nSystem info: os.name: 'Linux', os.arch: 'amd64', os.version: '6.8.0-1021-azure', java.version: '17.0.14'\nDriver info: driver.version: unknown","time":{"start":1743031351214,"stop":1743031540393,"duration":189179}},{"uid":"bed58e15a00edb56","reportUrl":"https://circlek-global.github.io/gmbat-tests-eu-mobile-automation/1539//#testresult/bed58e15a00edb56","status":"passed","time":{"start":1742967867967,"stop":1742968071724,"duration":203757}},{"uid":"b6af2cf345fa0c8","reportUrl":"https://circlek-global.github.io/gmbat-tests-eu-mobile-automation/1537//#testresult/b6af2cf345fa0c8","status":"broken","statusDetails":"Element [AppiumBy.accessibilityId: Rewards.tab] wasn't visible after [15] seconds!\nException: org.openqa.selenium.TimeoutException: Expected condition failed: Element [AppiumBy.accessibilityId: Rewards.tab] wasn't visible after [15] seconds! (tried for 15 second(s) with 250 milliseconds interval)\nFor documentation on this error, please visit: https://www.selenium.dev/documentation/webdriver/troubleshooting/errors#no-such-element-exception\nBuild info: version: '4.19.0', revision: '5f9cec8963'\nSystem info: os.name: 'Linux', os.arch: 'amd64', os.version: '6.8.0-1021-azure', java.version: '17.0.14'\nDriver info: driver.version: unknown","time":{"start":1742944786877,"stop":1742944972015,"duration":185138}},{"uid":"d95cbef74fe3b89c","reportUrl":"https://circlek-global.github.io/gmbat-tests-eu-mobile-automation/1519//#testresult/d95cbef74fe3b89c","status":"broken","statusDetails":"Element [AppiumBy.accessibilityId: choose-data-preferences-screen] wasn't visible after [15] seconds!\nException: org.openqa.selenium.TimeoutException: Expected condition failed: Element [AppiumBy.accessibilityId: choose-data-preferences-screen] wasn't visible after [15] seconds! (tried for 15 second(s) with 250 milliseconds interval)\nFor documentation on this error, please visit: https://www.selenium.dev/documentation/webdriver/troubleshooting/errors#no-such-element-exception\nBuild info: version: '4.19.0', revision: '5f9cec8963'\nSystem info: os.name: 'Linux', os.arch: 'amd64', os.version: '6.8.0-1021-azure', java.version: '17.0.14'\nDriver info: driver.version: unknown","time":{"start":1742881151134,"stop":1742881179248,"duration":28114}},{"uid":"8364f8b1c1fbd78f","reportUrl":"https://circlek-global.github.io/gmbat-tests-eu-mobile-automation/1517//#testresult/8364f8b1c1fbd78f","status":"broken","statusDetails":"Element [AppiumBy.accessibilityId: Rewards.tab] wasn't visible after [15] seconds!\nException: org.openqa.selenium.TimeoutException: Expected condition failed: Element [AppiumBy.accessibilityId: Rewards.tab] wasn't visible after [15] seconds! (tried for 15 second(s) with 250 milliseconds interval)\nFor documentation on this error, please visit: https://www.selenium.dev/documentation/webdriver/troubleshooting/errors#no-such-element-exception\nBuild info: version: '4.19.0', revision: '5f9cec8963'\nSystem info: os.name: 'Linux', os.arch: 'amd64', os.version: '6.8.0-1021-azure', java.version: '17.0.14'\nDriver info: driver.version: unknown","time":{"start":1742858472071,"stop":1742858671658,"duration":199587}},{"uid":"86f3d78a09562a37","reportUrl":"https://circlek-global.github.io/gmbat-tests-eu-mobile-automation/1506//#testresult/86f3d78a09562a37","status":"passed","time":{"start":1742795092989,"stop":1742795283644,"duration":190655}},{"uid":"ab906b24222dbf41","reportUrl":"https://circlek-global.github.io/gmbat-tests-eu-mobile-automation/1504//#testresult/ab906b24222dbf41","status":"broken","statusDetails":"Element [AppiumBy.accessibilityId: Rewards.tab] wasn't visible after [15] seconds!\nException: org.openqa.selenium.TimeoutException: Expected condition failed: Element [AppiumBy.accessibilityId: Rewards.tab] wasn't visible after [15] seconds! (tried for 15 second(s) with 250 milliseconds interval)\nFor documentation on this error, please visit: https://www.selenium.dev/documentation/webdriver/troubleshooting/errors#no-such-element-exception\nBuild info: version: '4.19.0', revision: '5f9cec8963'\nSystem info: os.name: 'Linux', os.arch: 'amd64', os.version: '6.8.0-1021-azure', java.version: '17.0.14'\nDriver info: driver.version: unknown","time":{"start":1742599139987,"stop":1742599327423,"duration":187436}},{"uid":"a4d21f0e56f10be1","reportUrl":"https://circlek-global.github.io/gmbat-tests-eu-mobile-automation/1492//#testresult/a4d21f0e56f10be1","status":"passed","time":{"start":1742535881920,"stop":1742536083066,"duration":201146}},{"uid":"7bd5f6b857744724","reportUrl":"https://circlek-global.github.io/gmbat-tests-eu-mobile-automation/1490//#testresult/7bd5f6b857744724","status":"broken","statusDetails":"Element [AppiumBy.accessibilityId: Rewards.tab] wasn't visible after [15] seconds!\nException: org.openqa.selenium.TimeoutException: Expected condition failed: Element [AppiumBy.accessibilityId: Rewards.tab] wasn't visible after [15] seconds! (tried for 15 second(s) with 250 milliseconds interval)\nFor documentation on this error, please visit: https://www.selenium.dev/documentation/webdriver/troubleshooting/errors#no-such-element-exception\nBuild info: version: '4.19.0', revision: '5f9cec8963'\nSystem info: os.name: 'Linux', os.arch: 'amd64', os.version: '6.8.0-1021-azure', java.version: '17.0.14'\nDriver info: driver.version: unknown","time":{"start":1742512954056,"stop":1742513152971,"duration":198915}},{"uid":"a9fe31d460aec0d3","reportUrl":"https://circlek-global.github.io/gmbat-tests-eu-mobile-automation/1482//#testresult/a9fe31d460aec0d3","status":"passed","time":{"start":1742467236351,"stop":1742467419106,"duration":182755}},{"uid":"45aee90a404efd7d","reportUrl":"https://circlek-global.github.io/gmbat-tests-eu-mobile-automation/1478//#testresult/45aee90a404efd7d","status":"passed","time":{"start":1742449380290,"stop":1742449590717,"duration":210427}},{"uid":"a7da12d6a3447a93","reportUrl":"https://circlek-global.github.io/gmbat-tests-eu-mobile-automation/1476//#testresult/a7da12d6a3447a93","status":"broken","statusDetails":"Element [AppiumBy.accessibilityId: Rewards.tab] wasn't visible after [15] seconds!\nException: org.openqa.selenium.TimeoutException: Expected condition failed: Element [AppiumBy.accessibilityId: Rewards.tab] wasn't visible after [15] seconds! (tried for 15 second(s) with 250 milliseconds interval)\nFor documentation on this error, please visit: https://www.selenium.dev/documentation/webdriver/troubleshooting/errors#no-such-element-exception\nBuild info: version: '4.19.0', revision: '5f9cec8963'\nSystem info: os.name: 'Linux', os.arch: 'amd64', os.version: '6.8.0-1021-azure', java.version: '17.0.14'\nDriver info: driver.version: unknown","time":{"start":1742426428855,"stop":1742426613771,"duration":184916}},{"uid":"21fbdc47e7b247a1","reportUrl":"https://circlek-global.github.io/gmbat-tests-eu-mobile-automation/1467//#testresult/21fbdc47e7b247a1","status":"passed","time":{"start":1742377256124,"stop":1742377439162,"duration":183038}},{"uid":"eebfc89e92df5c39","reportUrl":"https://circlek-global.github.io/gmbat-tests-eu-mobile-automation/1463//#testresult/eebfc89e92df5c39","status":"passed","time":{"start":1742362932193,"stop":1742363106572,"duration":174379}},{"uid":"2dd828d52b966c61","reportUrl":"https://circlek-global.github.io/gmbat-tests-eu-mobile-automation/1461//#testresult/2dd828d52b966c61","status":"broken","statusDetails":"Element [AppiumBy.accessibilityId: Rewards.tab] wasn't visible after [15] seconds!\nException: org.openqa.selenium.TimeoutException: Expected condition failed: Element [AppiumBy.accessibilityId: Rewards.tab] wasn't visible after [15] seconds! (tried for 15 second(s) with 250 milliseconds interval)\nFor documentation on this error, please visit: https://www.selenium.dev/documentation/webdriver/troubleshooting/errors#no-such-element-exception\nBuild info: version: '4.19.0', revision: '5f9cec8963'\nSystem info: os.name: 'Linux', os.arch: 'amd64', os.version: '6.8.0-1021-azure', java.version: '17.0.14'\nDriver info: driver.version: unknown","time":{"start":1742340135923,"stop":1742340323067,"duration":187144}},{"uid":"4734cbfc81b07dbd","reportUrl":"https://circlek-global.github.io/gmbat-tests-eu-mobile-automation/1451//#testresult/4734cbfc81b07dbd","status":"passed","time":{"start":1742276549365,"stop":1742276734170,"duration":184805}},{"uid":"fa82150f7a6de31e","reportUrl":"https://circlek-global.github.io/gmbat-tests-eu-mobile-automation/1449//#testresult/fa82150f7a6de31e","status":"broken","statusDetails":"Element [AppiumBy.accessibilityId: Rewards.tab] wasn't visible after [15] seconds!\nException: org.openqa.selenium.TimeoutException: Expected condition failed: Element [AppiumBy.accessibilityId: Rewards.tab] wasn't visible after [15] seconds! (tried for 15 second(s) with 250 milliseconds interval)\nFor documentation on this error, please visit: https://www.selenium.dev/documentation/webdriver/troubleshooting/errors#no-such-element-exception\nBuild info: version: '4.19.0', revision: '5f9cec8963'\nSystem info: os.name: 'Linux', os.arch: 'amd64', os.version: '6.8.0-1021-azure', java.version: '17.0.14'\nDriver info: driver.version: unknown","time":{"start":1742253614987,"stop":1742253801140,"duration":186153}},{"uid":"2b4737d9bcdbf8cc","reportUrl":"https://circlek-global.github.io/gmbat-tests-eu-mobile-automation/1435//#testresult/2b4737d9bcdbf8cc","status":"passed","time":{"start":1742190258887,"stop":1742190434644,"duration":175757}},{"uid":"eba5ff3c4b26b6c4","reportUrl":"https://circlek-global.github.io/gmbat-tests-eu-mobile-automation/1431//#testresult/eba5ff3c4b26b6c4","status":"broken","statusDetails":"Element [AppiumBy.accessibilityId: Rewards.tab] wasn't visible after [15] seconds!\nException: org.openqa.selenium.TimeoutException: Expected condition failed: Element [AppiumBy.accessibilityId: Rewards.tab] wasn't visible after [15] seconds! (tried for 15 second(s) with 250 milliseconds interval)\nFor documentation on this error, please visit: https://www.selenium.dev/documentation/webdriver/troubleshooting/errors#no-such-element-exception\nBuild info: version: '4.19.0', revision: '5f9cec8963'\nSystem info: os.name: 'Linux', os.arch: 'amd64', os.version: '6.8.0-1021-azure', java.version: '17.0.14'\nDriver info: driver.version: unknown","time":{"start":1741994440310,"stop":1741994640472,"duration":200162}}]},"tags":["OnboardingRewards"]},"source":"86b18cf7c00c18c1.json","parameterValues":["iPhone14Pro"]}