{"uid":"302dfeade7bc777a","name":"User tries to view the stores by searching with a store name in search bar and if the store is not present","fullName":"testcases.StoreLocatorTest.noStoreWhenSearchedWithOtherStoreName","historyId":"b5f760c3d2e3e04898dee980c8302b87","time":{"start":1743144522333,"stop":1743144550221,"duration":27888},"status":"passed","flaky":false,"newFailed":false,"newBroken":false,"newPassed":false,"retriesCount":0,"retriesStatusChange":false,"beforeStages":[{"name":"Base Before Test","time":{"start":1743143989193,"stop":1743143989193,"duration":0},"description":"Base Before Test","status":"passed","steps":[],"attachments":[],"parameters":[],"shouldDisplayMessage":false,"stepsCount":0,"attachmentsCount":0,"hasContent":false,"attachmentStep":false},{"name":"springTestContextBeforeTestClass","time":{"start":1743143989364,"stop":1743143990360,"duration":996},"description":"","status":"passed","steps":[],"attachments":[],"parameters":[],"shouldDisplayMessage":false,"stepsCount":0,"attachmentsCount":0,"hasContent":false,"attachmentStep":false},{"name":"springTestContextPrepareTestInstance","time":{"start":1743143990361,"stop":1743143990369,"duration":8},"description":"","status":"passed","steps":[],"attachments":[],"parameters":[],"shouldDisplayMessage":false,"stepsCount":0,"attachmentsCount":0,"hasContent":false,"attachmentStep":false},{"name":"Base Before Class","time":{"start":1743143990378,"stop":1743143990379,"duration":1},"description":"Base Before Class","status":"passed","steps":[],"attachments":[],"parameters":[],"shouldDisplayMessage":false,"stepsCount":0,"attachmentsCount":0,"hasContent":false,"attachmentStep":false},{"name":"springTestContextBeforeTestMethod","time":{"start":1743144511228,"stop":1743144511228,"duration":0},"description":"","status":"passed","steps":[],"attachments":[],"parameters":[],"shouldDisplayMessage":false,"stepsCount":0,"attachmentsCount":0,"hasContent":false,"attachmentStep":false},{"name":"Base Before Test Method","time":{"start":1743144511228,"stop":1743144521675,"duration":10447},"description":"Base Before Test Method","status":"passed","steps":[],"attachments":[],"parameters":[],"shouldDisplayMessage":false,"stepsCount":0,"attachmentsCount":0,"hasContent":false,"attachmentStep":false},{"name":"initTestConfig","time":{"start":1743144521675,"stop":1743144521678,"duration":3},"description":"","status":"passed","steps":[],"attachments":[],"parameters":[],"shouldDisplayMessage":false,"stepsCount":0,"attachmentsCount":0,"hasContent":false,"attachmentStep":false}],"testStage":{"status":"passed","steps":[{"name":"I click on \"STORES\" button","time":{"start":1743144522334,"stop":1743144525120,"duration":2786},"status":"passed","steps":[],"attachments":[],"parameters":[],"shouldDisplayMessage":false,"stepsCount":0,"attachmentsCount":0,"hasContent":false,"attachmentStep":false},{"name":"I check that the \"Stores Screen\" is displayed","time":{"start":1743144525121,"stop":1743144527522,"duration":2401},"status":"passed","steps":[],"attachments":[],"parameters":[],"shouldDisplayMessage":false,"stepsCount":0,"attachmentsCount":0,"hasContent":false,"attachmentStep":false},{"name":"I click on \"SEARCH BAR\" input","time":{"start":1743144527522,"stop":1743144529218,"duration":1696},"status":"passed","steps":[],"attachments":[],"parameters":[],"shouldDisplayMessage":false,"stepsCount":0,"attachmentsCount":0,"hasContent":false,"attachmentStep":false},{"name":"I verify that the back chevron is present in the search bar","time":{"start":1743144529219,"stop":1743144531234,"duration":2015},"status":"passed","steps":[],"attachments":[],"parameters":[],"shouldDisplayMessage":false,"stepsCount":0,"attachmentsCount":0,"hasContent":false,"attachmentStep":false},{"name":"I click on \"SEARCH BAR\" input","time":{"start":1743144531234,"stop":1743144533014,"duration":1780},"status":"passed","steps":[],"attachments":[],"parameters":[],"shouldDisplayMessage":false,"stepsCount":0,"attachmentsCount":0,"hasContent":false,"attachmentStep":false},{"name":"I enter the \"Japan\" in the \"SEARCH BAR\" input","time":{"start":1743144533014,"stop":1743144537701,"duration":4687},"status":"passed","steps":[],"attachments":[],"parameters":[{"name":"Term to search:","value":"Japan"}],"shouldDisplayMessage":false,"stepsCount":0,"attachmentsCount":0,"hasContent":true,"attachmentStep":false},{"name":"I check that the \"Search Results Screen\" is displayed","time":{"start":1743144537702,"stop":1743144538400,"duration":698},"status":"passed","steps":[],"attachments":[],"parameters":[],"shouldDisplayMessage":false,"stepsCount":0,"attachmentsCount":0,"hasContent":false,"attachmentStep":false},{"name":"I click on \"Japan\" search result","time":{"start":1743144538400,"stop":1743144544696,"duration":6296},"status":"passed","steps":[],"attachments":[],"parameters":[{"name":"searchResult","value":"Japan"}],"shouldDisplayMessage":false,"stepsCount":0,"attachmentsCount":0,"hasContent":true,"attachmentStep":false},{"name":"I check that the \"No stores found\" toast message is displayed","time":{"start":1743144544696,"stop":1743144550221,"duration":5525},"status":"passed","steps":[],"attachments":[],"parameters":[],"shouldDisplayMessage":false,"stepsCount":0,"attachmentsCount":0,"hasContent":false,"attachmentStep":false}],"attachments":[],"parameters":[],"shouldDisplayMessage":false,"stepsCount":9,"attachmentsCount":0,"hasContent":true,"attachmentStep":false},"afterStages":[{"name":"Base After Test Method","time":{"start":1743144552215,"stop":1743144552215,"duration":0},"description":"Base After Test Method","status":"passed","steps":[],"attachments":[],"parameters":[],"shouldDisplayMessage":false,"stepsCount":0,"attachmentsCount":0,"hasContent":false,"attachmentStep":false},{"name":"springTestContextAfterTestMethod","time":{"start":1743144552216,"stop":1743144552217,"duration":1},"description":"","status":"passed","steps":[],"attachments":[],"parameters":[],"shouldDisplayMessage":false,"stepsCount":0,"attachmentsCount":0,"hasContent":false,"attachmentStep":false},{"name":"Base After Class","time":{"start":1743145911132,"stop":1743145911132,"duration":0},"description":"Base After Class","status":"passed","steps":[],"attachments":[],"parameters":[],"shouldDisplayMessage":false,"stepsCount":0,"attachmentsCount":0,"hasContent":false,"attachmentStep":false},{"name":"springTestContextAfterTestClass","time":{"start":1743145911132,"stop":1743145911132,"duration":0},"description":"","status":"passed","steps":[],"attachments":[],"parameters":[],"shouldDisplayMessage":false,"stepsCount":0,"attachmentsCount":0,"hasContent":false,"attachmentStep":false},{"name":"Base After Test","time":{"start":1743145911133,"stop":1743145911133,"duration":0},"description":"Base After Test","status":"passed","steps":[],"attachments":[],"parameters":[],"shouldDisplayMessage":false,"stepsCount":0,"attachmentsCount":0,"hasContent":false,"attachmentStep":false}],"labels":[{"name":"package","value":"testcases.StoreLocatorTest"},{"name":"testClass","value":"testcases.StoreLocatorTest"},{"name":"testMethod","value":"noStoreWhenSearchedWithOtherStoreName"},{"name":"parentSuite","value":"GMAP INGO Mobile Test Automation - [ANDROID PARALLEL XML SUITE]"},{"name":"suite","value":"GMAP INGO Tests | StoreMapView"},{"name":"subSuite","value":"testcases.StoreLocatorTest"},{"name":"host","value":"fv-az1595-733"},{"name":"thread","value":"2042@fv-az1595-733.TestNG-tests-2(23)"},{"name":"framework","value":"testng"},{"name":"language","value":"java"},{"name":"owner","value":"Sriparna - [sriparna.dey@circlekeurope.com]"},{"name":"feature","value":"[GMAP] Store locator - brand filter"},{"name":"story","value":"[INGO][GMAP] Store Search"},{"name":"tag","value":"Store Locator"},{"name":"epic","value":"[INGO][GMAP] - Store locator - brand filter"},{"name":"severity","value":"normal"},{"name":"resultFormat","value":"allure2"}],"parameters":[{"name":"deviceConfig","value":"GalaxyS23Ultra"}],"links":[{"name":"N/A","url":"https://circlek.atlassian.net/browse/N/A","type":"issue"},{"name":"NGRPRG-25226","url":"https://circlek.atlassian.net/browse/NGRPRG-25226","type":"tms"}],"hidden":false,"retry":false,"extra":{"severity":"normal","owner":"Sriparna - [sriparna.dey@circlekeurope.com]","retries":[],"categories":[],"history":{"statistic":{"failed":0,"broken":27,"skipped":0,"passed":115,"unknown":0,"total":142},"items":[{"uid":"f325ef11c02aef27","reportUrl":"https://circlek-global.github.io/gmbat-tests-eu-mobile-automation/1556//#testresult/f325ef11c02aef27","status":"passed","time":{"start":1743058116621,"stop":1743058141514,"duration":24893}},{"uid":"d132f1542fd82258","reportUrl":"https://circlek-global.github.io/gmbat-tests-eu-mobile-automation/1540//#testresult/d132f1542fd82258","status":"passed","time":{"start":1742971665936,"stop":1742971692525,"duration":26589}},{"uid":"6041aec5192c6f7b","reportUrl":"https://circlek-global.github.io/gmbat-tests-eu-mobile-automation/1526//#testresult/6041aec5192c6f7b","status":"passed","time":{"start":1742903421619,"stop":1742903462817,"duration":41198}},{"uid":"ab92d39bee2230b0","reportUrl":"https://circlek-global.github.io/gmbat-tests-eu-mobile-automation/1520//#testresult/ab92d39bee2230b0","status":"broken","statusDetails":"Element [AppiumBy.androidUIAutomator: new UiSelector().resourceId(\"store-locator.tab-bar\")] wasn't clickable after [15] seconds!\nException: org.openqa.selenium.TimeoutException: Expected condition failed: Element [AppiumBy.androidUIAutomator: new UiSelector().resourceId(\"store-locator.tab-bar\")] wasn't clickable after [15] seconds! (tried for 15 second(s) with 250 milliseconds interval)\nFor documentation on this error, please visit: https://www.selenium.dev/documentation/webdriver/troubleshooting/errors#no-such-element-exception\nBuild info: version: '4.19.0', revision: '5f9cec8963'\nSystem info: os.name: 'Linux', os.arch: 'amd64', os.version: '6.8.0-1021-azure', java.version: '17.0.14'\nDriver info: driver.version: unknown","time":{"start":1742885232602,"stop":1742885251524,"duration":18922}},{"uid":"e1919936ee5ee3c4","reportUrl":"https://circlek-global.github.io/gmbat-tests-eu-mobile-automation/1507//#testresult/e1919936ee5ee3c4","status":"passed","time":{"start":1742798923651,"stop":1742798961668,"duration":38017}},{"uid":"1302445b988892ac","reportUrl":"https://circlek-global.github.io/gmbat-tests-eu-mobile-automation/1493//#testresult/1302445b988892ac","status":"passed","time":{"start":1742539711198,"stop":1742539735420,"duration":24222}},{"uid":"55614965cce86731","reportUrl":"https://circlek-global.github.io/gmbat-tests-eu-mobile-automation/1479//#testresult/55614965cce86731","status":"passed","time":{"start":1742453286798,"stop":1742453313429,"duration":26631}},{"uid":"37e9d3d2feb401bc","reportUrl":"https://circlek-global.github.io/gmbat-tests-eu-mobile-automation/1464//#testresult/37e9d3d2feb401bc","status":"passed","time":{"start":1742366939159,"stop":1742366964424,"duration":25265}},{"uid":"c4a05234ed66e1c9","reportUrl":"https://circlek-global.github.io/gmbat-tests-eu-mobile-automation/1452//#testresult/c4a05234ed66e1c9","status":"broken","statusDetails":"Element [AppiumBy.androidUIAutomator: new UiSelector().resourceId(\"store-locator.tab-bar\")] wasn't clickable after [15] seconds!\nException: org.openqa.selenium.TimeoutException: Expected condition failed: Element [AppiumBy.androidUIAutomator: new UiSelector().resourceId(\"store-locator.tab-bar\")] wasn't clickable after [15] seconds! (tried for 15 second(s) with 250 milliseconds interval)\nFor documentation on this error, please visit: https://www.selenium.dev/documentation/webdriver/troubleshooting/errors#no-such-element-exception\nBuild info: version: '4.19.0', revision: '5f9cec8963'\nSystem info: os.name: 'Linux', os.arch: 'amd64', os.version: '6.8.0-1021-azure', java.version: '17.0.14'\nDriver info: driver.version: unknown","time":{"start":1742280431749,"stop":1742280448825,"duration":17076}},{"uid":"824d422f89c5567c","reportUrl":"https://circlek-global.github.io/gmbat-tests-eu-mobile-automation/1438//#testresult/824d422f89c5567c","status":"passed","time":{"start":1742204187927,"stop":1742204212186,"duration":24259}},{"uid":"9897a64fe0e70dc","reportUrl":"https://circlek-global.github.io/gmbat-tests-eu-mobile-automation/1436//#testresult/9897a64fe0e70dc","status":"broken","statusDetails":"Element [AppiumBy.androidUIAutomator: new UiSelector().resourceId(\"store-locator.tab-bar\")] wasn't clickable after [15] seconds!\nException: org.openqa.selenium.TimeoutException: Expected condition failed: Element [AppiumBy.androidUIAutomator: new UiSelector().resourceId(\"store-locator.tab-bar\")] wasn't clickable after [15] seconds! (tried for 15 second(s) with 250 milliseconds interval)\nFor documentation on this error, please visit: https://www.selenium.dev/documentation/webdriver/troubleshooting/errors#no-such-element-exception\nBuild info: version: '4.19.0', revision: '5f9cec8963'\nSystem info: os.name: 'Linux', os.arch: 'amd64', os.version: '6.8.0-1021-azure', java.version: '17.0.14'\nDriver info: driver.version: unknown","time":{"start":1742194132376,"stop":1742194150431,"duration":18055}},{"uid":"db0b25b167d7c268","reportUrl":"https://circlek-global.github.io/gmbat-tests-eu-mobile-automation/1433//#testresult/db0b25b167d7c268","status":"passed","time":{"start":1742186456120,"stop":1742186495747,"duration":39627}},{"uid":"94132173db93b52d","reportUrl":"https://circlek-global.github.io/gmbat-tests-eu-mobile-automation/1432//#testresult/94132173db93b52d","status":"passed","time":{"start":1742181787665,"stop":1742181812551,"duration":24886}},{"uid":"4922601d92170360","reportUrl":"https://circlek-global.github.io/gmbat-tests-eu-mobile-automation/1420//#testresult/4922601d92170360","status":"broken","statusDetails":"Element [AppiumBy.androidUIAutomator: new UiSelector().resourceId(\"store-locator.tab-bar\")] wasn't clickable after [15] seconds!\nException: org.openqa.selenium.TimeoutException: Expected condition failed: Element [AppiumBy.androidUIAutomator: new UiSelector().resourceId(\"store-locator.tab-bar\")] wasn't clickable after [15] seconds! (tried for 15 second(s) with 250 milliseconds interval)\nFor documentation on this error, please visit: https://www.selenium.dev/documentation/webdriver/troubleshooting/errors#no-such-element-exception\nBuild info: version: '4.19.0', revision: '5f9cec8963'\nSystem info: os.name: 'Linux', os.arch: 'amd64', os.version: '6.8.0-1021-azure', java.version: '17.0.14'\nDriver info: driver.version: unknown","time":{"start":1741934837156,"stop":1741934855050,"duration":17894}},{"uid":"3b676b5c7bef2d22","reportUrl":"https://circlek-global.github.io/gmbat-tests-eu-mobile-automation/1405//#testresult/3b676b5c7bef2d22","status":"passed","time":{"start":1741848418951,"stop":1741848447196,"duration":28245}},{"uid":"954b30776b2c241e","reportUrl":"https://circlek-global.github.io/gmbat-tests-eu-mobile-automation/1402//#testresult/954b30776b2c241e","status":"broken","statusDetails":"Element [AppiumBy.androidUIAutomator: new UiSelector().resourceId(\"store-locator.tab-bar\")] wasn't clickable after [15] seconds!\nException: org.openqa.selenium.TimeoutException: Expected condition failed: Element [AppiumBy.androidUIAutomator: new UiSelector().resourceId(\"store-locator.tab-bar\")] wasn't clickable after [15] seconds! (tried for 15 second(s) with 250 milliseconds interval)\nFor documentation on this error, please visit: https://www.selenium.dev/documentation/webdriver/troubleshooting/errors#no-such-element-exception\nBuild info: version: '4.19.0', revision: '5f9cec8963'\nSystem info: os.name: 'Linux', os.arch: 'amd64', os.version: '6.8.0-1021-azure', java.version: '17.0.14'\nDriver info: driver.version: unknown","time":{"start":1741838430514,"stop":1741838448692,"duration":18178}},{"uid":"19ac3754f0dbaecd","reportUrl":"https://circlek-global.github.io/gmbat-tests-eu-mobile-automation/1395//#testresult/19ac3754f0dbaecd","status":"broken","statusDetails":"Element [AppiumBy.androidUIAutomator: new UiSelector().resourceId(\"store-locator.tab-bar\")] wasn't clickable after [15] seconds!\nException: org.openqa.selenium.TimeoutException: Expected condition failed: Element [AppiumBy.androidUIAutomator: new UiSelector().resourceId(\"store-locator.tab-bar\")] wasn't clickable after [15] seconds! (tried for 15 second(s) with 250 milliseconds interval)\nFor documentation on this error, please visit: https://www.selenium.dev/documentation/webdriver/troubleshooting/errors#no-such-element-exception\nBuild info: version: '4.19.0', revision: '5f9cec8963'\nSystem info: os.name: 'Linux', os.arch: 'amd64', os.version: '6.8.0-1021-azure', java.version: '17.0.14'\nDriver info: driver.version: unknown","time":{"start":1741796712804,"stop":1741796731690,"duration":18886}},{"uid":"36fd75e60e863125","reportUrl":"https://circlek-global.github.io/gmbat-tests-eu-mobile-automation/1386//#testresult/36fd75e60e863125","status":"broken","statusDetails":"Element [AppiumBy.androidUIAutomator: new UiSelector().resourceId(\"store-locator.tab-bar\")] wasn't clickable after [15] seconds!\nException: org.openqa.selenium.TimeoutException: Expected condition failed: Element [AppiumBy.androidUIAutomator: new UiSelector().resourceId(\"store-locator.tab-bar\")] wasn't clickable after [15] seconds! (tried for 15 second(s) with 250 milliseconds interval)\nFor documentation on this error, please visit: https://www.selenium.dev/documentation/webdriver/troubleshooting/errors#no-such-element-exception\nBuild info: version: '4.19.0', revision: '5f9cec8963'\nSystem info: os.name: 'Linux', os.arch: 'amd64', os.version: '6.8.0-1021-azure', java.version: '17.0.14'\nDriver info: driver.version: unknown","time":{"start":1741769189128,"stop":1741769206463,"duration":17335}},{"uid":"e72b7053c2ac8797","reportUrl":"https://circlek-global.github.io/gmbat-tests-eu-mobile-automation/1384//#testresult/e72b7053c2ac8797","status":"broken","statusDetails":"Element [AppiumBy.androidUIAutomator: new UiSelector().resourceId(\"store-locator.tab-bar\")] wasn't clickable after [15] seconds!\nException: org.openqa.selenium.TimeoutException: Expected condition failed: Element [AppiumBy.androidUIAutomator: new UiSelector().resourceId(\"store-locator.tab-bar\")] wasn't clickable after [15] seconds! (tried for 15 second(s) with 250 milliseconds interval)\nFor documentation on this error, please visit: https://www.selenium.dev/documentation/webdriver/troubleshooting/errors#no-such-element-exception\nBuild info: version: '4.19.0', revision: '5f9cec8963'\nSystem info: os.name: 'Linux', os.arch: 'amd64', os.version: '6.8.0-1021-azure', java.version: '17.0.14'\nDriver info: driver.version: unknown","time":{"start":1741764114246,"stop":1741764133496,"duration":19250}},{"uid":"6f08b277fdd36418","reportUrl":"https://circlek-global.github.io/gmbat-tests-eu-mobile-automation/1383//#testresult/6f08b277fdd36418","status":"passed","time":{"start":1741762031846,"stop":1741762059745,"duration":27899}}]},"tags":["Store Locator"]},"source":"302dfeade7bc777a.json","parameterValues":["GalaxyS23Ultra"]}