{"uid":"54e457268b7d55f0","name":"User should be taken to the Transaction details screen with the selected transaction's detailed information","fullName":"testcases.TransactionDetailsTest.checkTransactionDetailScreenIsDisplayed","historyId":"fc660524fbbf548374561bca2ce77353","time":{"start":1743144830745,"stop":1743144858523,"duration":27778},"description":"user taps on a transaction from the list","descriptionHtml":"<p>user taps on a transaction from the list</p>\n","status":"passed","flaky":false,"newFailed":false,"newBroken":false,"newPassed":false,"retriesCount":0,"retriesStatusChange":false,"beforeStages":[{"name":"Base Before Test","time":{"start":1743144515893,"stop":1743144515893,"duration":0},"description":"Base Before Test","status":"passed","steps":[],"attachments":[],"parameters":[],"shouldDisplayMessage":false,"stepsCount":0,"attachmentsCount":0,"hasContent":false,"attachmentStep":false},{"name":"springTestContextBeforeTestClass","time":{"start":1743144515894,"stop":1743144515895,"duration":1},"description":"","status":"passed","steps":[],"attachments":[],"parameters":[],"shouldDisplayMessage":false,"stepsCount":0,"attachmentsCount":0,"hasContent":false,"attachmentStep":false},{"name":"springTestContextPrepareTestInstance","time":{"start":1743144515895,"stop":1743144515896,"duration":1},"description":"","status":"passed","steps":[],"attachments":[],"parameters":[],"shouldDisplayMessage":false,"stepsCount":0,"attachmentsCount":0,"hasContent":false,"attachmentStep":false},{"name":"Base Before Class","time":{"start":1743144515897,"stop":1743144515897,"duration":0},"description":"Base Before Class","status":"passed","steps":[],"attachments":[],"parameters":[],"shouldDisplayMessage":false,"stepsCount":0,"attachmentsCount":0,"hasContent":false,"attachmentStep":false},{"name":"springTestContextBeforeTestMethod","time":{"start":1743144814414,"stop":1743144814414,"duration":0},"description":"","status":"passed","steps":[],"attachments":[],"parameters":[],"shouldDisplayMessage":false,"stepsCount":0,"attachmentsCount":0,"hasContent":false,"attachmentStep":false},{"name":"Base Before Test Method","time":{"start":1743144814415,"stop":1743144829865,"duration":15450},"description":"Base Before Test Method","status":"passed","steps":[],"attachments":[],"parameters":[],"shouldDisplayMessage":false,"stepsCount":0,"attachmentsCount":0,"hasContent":false,"attachmentStep":false},{"name":"initTestConfig","time":{"start":1743144829866,"stop":1743144829867,"duration":1},"description":"","status":"passed","steps":[],"attachments":[],"parameters":[],"shouldDisplayMessage":false,"stepsCount":0,"attachmentsCount":0,"hasContent":false,"attachmentStep":false}],"testStage":{"description":"user taps on a transaction from the list","status":"passed","steps":[{"name":"I accept the new terms and conditions","time":{"start":1743144830745,"stop":1743144851666,"duration":20921},"status":"passed","steps":[],"attachments":[],"parameters":[],"shouldDisplayMessage":false,"stepsCount":0,"attachmentsCount":0,"hasContent":false,"attachmentStep":false},{"name":"I click on \"ACCOUNT\" button","time":{"start":1743144851666,"stop":1743144853664,"duration":1998},"status":"passed","steps":[],"attachments":[],"parameters":[],"shouldDisplayMessage":false,"stepsCount":0,"attachmentsCount":0,"hasContent":false,"attachmentStep":false},{"name":"I get the text \"TRANSACTIONS\" from the Account Screen","time":{"start":1743144853664,"stop":1743144855943,"duration":2279},"status":"passed","steps":[],"attachments":[],"parameters":[],"shouldDisplayMessage":false,"stepsCount":0,"attachmentsCount":0,"hasContent":false,"attachmentStep":false},{"name":"I check that the application text: \"TRANSACTIONS\" is equals to expected value: \"TRANSACTIONS\"","time":{"start":1743144855943,"stop":1743144855943,"duration":0},"status":"passed","steps":[],"attachments":[],"parameters":[{"name":"Actual:","value":"TRANSACTIONS"},{"name":"Expected:","value":"TRANSACTIONS"}],"shouldDisplayMessage":false,"stepsCount":0,"attachmentsCount":0,"hasContent":true,"attachmentStep":false},{"name":"I click on \"TRANSACTIONS\" tab","time":{"start":1743144855943,"stop":1743144858522,"duration":2579},"status":"passed","steps":[],"attachments":[],"parameters":[],"shouldDisplayMessage":false,"stepsCount":0,"attachmentsCount":0,"hasContent":false,"attachmentStep":false}],"attachments":[],"parameters":[],"shouldDisplayMessage":false,"stepsCount":5,"attachmentsCount":0,"hasContent":true,"attachmentStep":false},"afterStages":[{"name":"Base After Test Method","time":{"start":1743144860772,"stop":1743144860772,"duration":0},"description":"Base After Test Method","status":"passed","steps":[],"attachments":[],"parameters":[],"shouldDisplayMessage":false,"stepsCount":0,"attachmentsCount":0,"hasContent":false,"attachmentStep":false},{"name":"springTestContextAfterTestMethod","time":{"start":1743144860773,"stop":1743144860773,"duration":0},"description":"","status":"passed","steps":[],"attachments":[],"parameters":[],"shouldDisplayMessage":false,"stepsCount":0,"attachmentsCount":0,"hasContent":false,"attachmentStep":false},{"name":"Base After Class","time":{"start":1743145171183,"stop":1743145171183,"duration":0},"description":"Base After Class","status":"passed","steps":[],"attachments":[],"parameters":[],"shouldDisplayMessage":false,"stepsCount":0,"attachmentsCount":0,"hasContent":false,"attachmentStep":false},{"name":"springTestContextAfterTestClass","time":{"start":1743145171183,"stop":1743145171183,"duration":0},"description":"","status":"passed","steps":[],"attachments":[],"parameters":[],"shouldDisplayMessage":false,"stepsCount":0,"attachmentsCount":0,"hasContent":false,"attachmentStep":false},{"name":"Base After Test","time":{"start":1743145171184,"stop":1743145171184,"duration":0},"description":"Base After Test","status":"passed","steps":[],"attachments":[],"parameters":[],"shouldDisplayMessage":false,"stepsCount":0,"attachmentsCount":0,"hasContent":false,"attachmentStep":false}],"labels":[{"name":"package","value":"testcases.TransactionDetailsTest"},{"name":"testClass","value":"testcases.TransactionDetailsTest"},{"name":"testMethod","value":"checkTransactionDetailScreenIsDisplayed"},{"name":"parentSuite","value":"GMAP INGO Mobile Test Automation - [ANDROID PARALLEL XML SUITE]"},{"name":"suite","value":"GMAP INGO Tests | Transaction details"},{"name":"subSuite","value":"testcases.TransactionDetailsTest"},{"name":"host","value":"fv-az1595-733"},{"name":"thread","value":"2042@fv-az1595-733.TestNG-tests-4(25)"},{"name":"framework","value":"testng"},{"name":"language","value":"java"},{"name":"tag","value":"TransactionsList"},{"name":"owner","value":"Aman - [aman.gupta@circlekeurope.com]"},{"name":"story","value":"[INGO][GMAP] Transaction List Screen"},{"name":"tag","value":"Transactions"},{"name":"feature","value":"[INGO][GMAP] Transactions List Screen"},{"name":"epic","value":"[INGO][GMAP] Transaction details"},{"name":"severity","value":"normal"},{"name":"resultFormat","value":"allure2"}],"parameters":[{"name":"deviceConfig","value":"GalaxyS21"}],"links":[{"name":"N/A","url":"https://circlek.atlassian.net/browse/N/A","type":"issue"},{"name":"NGRPRG-27621","url":"https://circlek.atlassian.net/browse/NGRPRG-27621","type":"tms"}],"hidden":false,"retry":false,"extra":{"severity":"normal","owner":"Aman - [aman.gupta@circlekeurope.com]","retries":[],"categories":[],"history":{"statistic":{"failed":0,"broken":87,"skipped":0,"passed":54,"unknown":0,"total":141},"items":[{"uid":"c2818f5501c00272","reportUrl":"https://circlek-global.github.io/gmbat-tests-eu-mobile-automation/1556//#testresult/c2818f5501c00272","status":"passed","time":{"start":1743058390969,"stop":1743058417430,"duration":26461}},{"uid":"9f2f5bcefb46de82","reportUrl":"https://circlek-global.github.io/gmbat-tests-eu-mobile-automation/1540//#testresult/9f2f5bcefb46de82","status":"passed","time":{"start":1742971974582,"stop":1742972002869,"duration":28287}},{"uid":"e23f130fd14bee57","reportUrl":"https://circlek-global.github.io/gmbat-tests-eu-mobile-automation/1526//#testresult/e23f130fd14bee57","status":"passed","time":{"start":1742903768436,"stop":1742903795776,"duration":27340}},{"uid":"86fa562eb30f55bb","reportUrl":"https://circlek-global.github.io/gmbat-tests-eu-mobile-automation/1520//#testresult/86fa562eb30f55bb","status":"broken","statusDetails":"Element [AppiumBy.id: account.tab-bar] wasn't clickable after [15] seconds!\nException: org.openqa.selenium.TimeoutException: Expected condition failed: Element [AppiumBy.id: account.tab-bar] wasn't clickable after [15] seconds! (tried for 15 second(s) with 250 milliseconds interval)\nFor documentation on this error, please visit: https://www.selenium.dev/documentation/webdriver/troubleshooting/errors#no-such-element-exception\nBuild info: version: '4.19.0', revision: '5f9cec8963'\nSystem info: os.name: 'Linux', os.arch: 'amd64', os.version: '6.8.0-1021-azure', java.version: '17.0.14'\nDriver info: driver.version: unknown","time":{"start":1742885283997,"stop":1742885325186,"duration":41189}},{"uid":"72016a760a4be643","reportUrl":"https://circlek-global.github.io/gmbat-tests-eu-mobile-automation/1507//#testresult/72016a760a4be643","status":"passed","time":{"start":1742799276273,"stop":1742799303551,"duration":27278}},{"uid":"be014a0d9363ce5a","reportUrl":"https://circlek-global.github.io/gmbat-tests-eu-mobile-automation/1493//#testresult/be014a0d9363ce5a","status":"passed","time":{"start":1742540043023,"stop":1742540071095,"duration":28072}},{"uid":"df8b3ed6d1a6024f","reportUrl":"https://circlek-global.github.io/gmbat-tests-eu-mobile-automation/1479//#testresult/df8b3ed6d1a6024f","status":"passed","time":{"start":1742453560471,"stop":1742453587758,"duration":27287}},{"uid":"4da38c2da702528a","reportUrl":"https://circlek-global.github.io/gmbat-tests-eu-mobile-automation/1464//#testresult/4da38c2da702528a","status":"passed","time":{"start":1742367239648,"stop":1742367268937,"duration":29289}},{"uid":"dad0fed524d8fc4b","reportUrl":"https://circlek-global.github.io/gmbat-tests-eu-mobile-automation/1452//#testresult/dad0fed524d8fc4b","status":"passed","time":{"start":1742280777431,"stop":1742280803704,"duration":26273}},{"uid":"a6742b0cb45e6acc","reportUrl":"https://circlek-global.github.io/gmbat-tests-eu-mobile-automation/1438//#testresult/a6742b0cb45e6acc","status":"broken","statusDetails":"Element [AppiumBy.id: account.tab-bar] wasn't clickable after [15] seconds!\nException: org.openqa.selenium.TimeoutException: Expected condition failed: Element [AppiumBy.id: account.tab-bar] wasn't clickable after [15] seconds! (tried for 15 second(s) with 250 milliseconds interval)\nFor documentation on this error, please visit: https://www.selenium.dev/documentation/webdriver/troubleshooting/errors#no-such-element-exception\nBuild info: version: '4.19.0', revision: '5f9cec8963'\nSystem info: os.name: 'Linux', os.arch: 'amd64', os.version: '6.8.0-1021-azure', java.version: '17.0.14'\nDriver info: driver.version: unknown","time":{"start":1742204449809,"stop":1742204489914,"duration":40105}},{"uid":"49a01d37592eb568","reportUrl":"https://circlek-global.github.io/gmbat-tests-eu-mobile-automation/1436//#testresult/49a01d37592eb568","status":"passed","time":{"start":1742194463271,"stop":1742194492015,"duration":28744}},{"uid":"7807142540697a78","reportUrl":"https://circlek-global.github.io/gmbat-tests-eu-mobile-automation/1433//#testresult/7807142540697a78","status":"passed","time":{"start":1742186736909,"stop":1742186765949,"duration":29040}},{"uid":"8b77b968869609a4","reportUrl":"https://circlek-global.github.io/gmbat-tests-eu-mobile-automation/1432//#testresult/8b77b968869609a4","status":"passed","time":{"start":1742182090979,"stop":1742182120196,"duration":29217}},{"uid":"97100f5d224df145","reportUrl":"https://circlek-global.github.io/gmbat-tests-eu-mobile-automation/1420//#testresult/97100f5d224df145","status":"passed","time":{"start":1741935182372,"stop":1741935210186,"duration":27814}},{"uid":"215482b645bcbc68","reportUrl":"https://circlek-global.github.io/gmbat-tests-eu-mobile-automation/1405//#testresult/215482b645bcbc68","status":"passed","time":{"start":1741848740026,"stop":1741848766952,"duration":26926}},{"uid":"f754b546822badb4","reportUrl":"https://circlek-global.github.io/gmbat-tests-eu-mobile-automation/1402//#testresult/f754b546822badb4","status":"passed","time":{"start":1741838787543,"stop":1741838815885,"duration":28342}},{"uid":"bef7ca1e3c3d28e2","reportUrl":"https://circlek-global.github.io/gmbat-tests-eu-mobile-automation/1395//#testresult/bef7ca1e3c3d28e2","status":"passed","time":{"start":1741797041523,"stop":1741797069675,"duration":28152}},{"uid":"e73cb0d6816ec196","reportUrl":"https://circlek-global.github.io/gmbat-tests-eu-mobile-automation/1386//#testresult/e73cb0d6816ec196","status":"passed","time":{"start":1741769506864,"stop":1741769535007,"duration":28143}},{"uid":"2b10108608369f10","reportUrl":"https://circlek-global.github.io/gmbat-tests-eu-mobile-automation/1384//#testresult/2b10108608369f10","status":"broken","statusDetails":"Element [AppiumBy.id: account.tab-bar] wasn't clickable after [15] seconds!\nException: org.openqa.selenium.TimeoutException: Expected condition failed: Element [AppiumBy.id: account.tab-bar] wasn't clickable after [15] seconds! (tried for 15 second(s) with 250 milliseconds interval)\nFor documentation on this error, please visit: https://www.selenium.dev/documentation/webdriver/troubleshooting/errors#no-such-element-exception\nBuild info: version: '4.19.0', revision: '5f9cec8963'\nSystem info: os.name: 'Linux', os.arch: 'amd64', os.version: '6.8.0-1021-azure', java.version: '17.0.14'\nDriver info: driver.version: unknown","time":{"start":1741764169133,"stop":1741764211524,"duration":42391}},{"uid":"604dce27834d8727","reportUrl":"https://circlek-global.github.io/gmbat-tests-eu-mobile-automation/1383//#testresult/604dce27834d8727","status":"passed","time":{"start":1741762348783,"stop":1741762375882,"duration":27099}}]},"tags":["TransactionsList","Transactions"]},"source":"54e457268b7d55f0.json","parameterValues":["GalaxyS21"]}