{"uid":"8c1763a9279b9c1d","name":"No Store Found message when user navigates from Map view to List view with no stores","fullName":"testcases.StoreLocatorTest.userVerifyErrorMessageInListViewWithNoStores","historyId":"1b0d4d7b1320e96f824278809a506c8d","time":{"start":1743144568319,"stop":1743144604523,"duration":36204},"status":"passed","flaky":false,"newFailed":false,"newBroken":false,"newPassed":false,"retriesCount":0,"retriesStatusChange":false,"beforeStages":[{"name":"Base Before Test","time":{"start":1743143989193,"stop":1743143989193,"duration":0},"description":"Base Before Test","status":"passed","steps":[],"attachments":[],"parameters":[],"shouldDisplayMessage":false,"stepsCount":0,"attachmentsCount":0,"hasContent":false,"attachmentStep":false},{"name":"springTestContextBeforeTestClass","time":{"start":1743143989364,"stop":1743143990360,"duration":996},"description":"","status":"passed","steps":[],"attachments":[],"parameters":[],"shouldDisplayMessage":false,"stepsCount":0,"attachmentsCount":0,"hasContent":false,"attachmentStep":false},{"name":"springTestContextPrepareTestInstance","time":{"start":1743143990361,"stop":1743143990369,"duration":8},"description":"","status":"passed","steps":[],"attachments":[],"parameters":[],"shouldDisplayMessage":false,"stepsCount":0,"attachmentsCount":0,"hasContent":false,"attachmentStep":false},{"name":"Base Before Class","time":{"start":1743143990378,"stop":1743143990379,"duration":1},"description":"Base Before Class","status":"passed","steps":[],"attachments":[],"parameters":[],"shouldDisplayMessage":false,"stepsCount":0,"attachmentsCount":0,"hasContent":false,"attachmentStep":false},{"name":"springTestContextBeforeTestMethod","time":{"start":1743144552218,"stop":1743144552218,"duration":0},"description":"","status":"passed","steps":[],"attachments":[],"parameters":[],"shouldDisplayMessage":false,"stepsCount":0,"attachmentsCount":0,"hasContent":false,"attachmentStep":false},{"name":"Base Before Test Method","time":{"start":1743144552222,"stop":1743144567687,"duration":15465},"description":"Base Before Test Method","status":"passed","steps":[],"attachments":[],"parameters":[],"shouldDisplayMessage":false,"stepsCount":0,"attachmentsCount":0,"hasContent":false,"attachmentStep":false},{"name":"initTestConfig","time":{"start":1743144567688,"stop":1743144567691,"duration":3},"description":"","status":"passed","steps":[],"attachments":[],"parameters":[],"shouldDisplayMessage":false,"stepsCount":0,"attachmentsCount":0,"hasContent":false,"attachmentStep":false}],"testStage":{"status":"passed","steps":[{"name":"I set the location of the device to \"MUMBAI\"","time":{"start":1743144568320,"stop":1743144595092,"duration":26772},"status":"passed","steps":[{"name":"I close \"Tell Us What You Think Pane\"","time":{"start":1743144568322,"stop":1743144571289,"duration":2967},"status":"passed","steps":[],"attachments":[],"parameters":[{"name":"time","value":"[2]"}],"shouldDisplayMessage":false,"stepsCount":0,"attachmentsCount":0,"hasContent":true,"attachmentStep":false},{"name":"I click on \"STORES\" button","time":{"start":1743144571610,"stop":1743144573865,"duration":2255},"status":"passed","steps":[],"attachments":[],"parameters":[],"shouldDisplayMessage":false,"stepsCount":0,"attachmentsCount":0,"hasContent":false,"attachmentStep":false},{"name":"I check that the \"Stores Screen\" is displayed","time":{"start":1743144573865,"stop":1743144575573,"duration":1708},"status":"passed","steps":[],"attachments":[],"parameters":[],"shouldDisplayMessage":false,"stepsCount":0,"attachmentsCount":0,"hasContent":false,"attachmentStep":false},{"name":"I click on \"USER LOCATION\" button","time":{"start":1743144575574,"stop":1743144577807,"duration":2233},"status":"passed","steps":[],"attachments":[],"parameters":[],"shouldDisplayMessage":false,"stepsCount":0,"attachmentsCount":0,"hasContent":false,"attachmentStep":false},{"name":"I click on \"HOME\" button","time":{"start":1743144582808,"stop":1743144584731,"duration":1923},"status":"passed","steps":[],"attachments":[],"parameters":[],"shouldDisplayMessage":false,"stepsCount":0,"attachmentsCount":0,"hasContent":false,"attachmentStep":false},{"name":"I close and open application","time":{"start":1743144584732,"stop":1743144585526,"duration":794},"status":"passed","steps":[],"attachments":[],"parameters":[],"shouldDisplayMessage":false,"stepsCount":0,"attachmentsCount":0,"hasContent":false,"attachmentStep":false},{"name":"I check that the \"Home Screen\" is displayed","time":{"start":1743144585526,"stop":1743144589436,"duration":3910},"status":"passed","steps":[],"attachments":[],"parameters":[],"shouldDisplayMessage":false,"stepsCount":0,"attachmentsCount":0,"hasContent":false,"attachmentStep":false},{"name":"I accept Updated Terms and Conditions","time":{"start":1743144589436,"stop":1743144595092,"duration":5656},"status":"passed","steps":[],"attachments":[],"parameters":[],"shouldDisplayMessage":false,"stepsCount":0,"attachmentsCount":0,"hasContent":false,"attachmentStep":false}],"attachments":[],"parameters":[{"name":"Device location:","value":"MUMBAI"}],"shouldDisplayMessage":false,"stepsCount":8,"attachmentsCount":0,"hasContent":true,"attachmentStep":false},{"name":"I click on \"STORES\" button","time":{"start":1743144595093,"stop":1743144597065,"duration":1972},"status":"passed","steps":[],"attachments":[],"parameters":[],"shouldDisplayMessage":false,"stepsCount":0,"attachmentsCount":0,"hasContent":false,"attachmentStep":false},{"name":"I check that the \"Stores Screen\" is displayed","time":{"start":1743144597065,"stop":1743144599749,"duration":2684},"status":"passed","steps":[],"attachments":[],"parameters":[],"shouldDisplayMessage":false,"stepsCount":0,"attachmentsCount":0,"hasContent":false,"attachmentStep":false},{"name":"I click on \"VIEW LIST/MAP\" button","time":{"start":1743144599749,"stop":1743144602947,"duration":3198},"status":"passed","steps":[],"attachments":[],"parameters":[],"shouldDisplayMessage":false,"stepsCount":0,"attachmentsCount":0,"hasContent":false,"attachmentStep":false},{"name":"I check \"No stores found\" message button on view list screen","time":{"start":1743144602948,"stop":1743144604522,"duration":1574},"status":"passed","steps":[],"attachments":[],"parameters":[],"shouldDisplayMessage":false,"stepsCount":0,"attachmentsCount":0,"hasContent":false,"attachmentStep":false},{"name":"I check that the application text: \"No stores found\" is equals to expected value: \"No stores found\"","time":{"start":1743144604523,"stop":1743144604523,"duration":0},"status":"passed","steps":[],"attachments":[],"parameters":[{"name":"Actual:","value":"No stores found"},{"name":"Expected:","value":"No stores found"}],"shouldDisplayMessage":false,"stepsCount":0,"attachmentsCount":0,"hasContent":true,"attachmentStep":false}],"attachments":[],"parameters":[],"shouldDisplayMessage":false,"stepsCount":14,"attachmentsCount":0,"hasContent":true,"attachmentStep":false},"afterStages":[{"name":"Base After Test Method","time":{"start":1743144606413,"stop":1743144606413,"duration":0},"description":"Base After Test Method","status":"passed","steps":[],"attachments":[],"parameters":[],"shouldDisplayMessage":false,"stepsCount":0,"attachmentsCount":0,"hasContent":false,"attachmentStep":false},{"name":"springTestContextAfterTestMethod","time":{"start":1743144606414,"stop":1743144606414,"duration":0},"description":"","status":"passed","steps":[],"attachments":[],"parameters":[],"shouldDisplayMessage":false,"stepsCount":0,"attachmentsCount":0,"hasContent":false,"attachmentStep":false},{"name":"Base After Class","time":{"start":1743145911132,"stop":1743145911132,"duration":0},"description":"Base After Class","status":"passed","steps":[],"attachments":[],"parameters":[],"shouldDisplayMessage":false,"stepsCount":0,"attachmentsCount":0,"hasContent":false,"attachmentStep":false},{"name":"springTestContextAfterTestClass","time":{"start":1743145911132,"stop":1743145911132,"duration":0},"description":"","status":"passed","steps":[],"attachments":[],"parameters":[],"shouldDisplayMessage":false,"stepsCount":0,"attachmentsCount":0,"hasContent":false,"attachmentStep":false},{"name":"Base After Test","time":{"start":1743145911133,"stop":1743145911133,"duration":0},"description":"Base After Test","status":"passed","steps":[],"attachments":[],"parameters":[],"shouldDisplayMessage":false,"stepsCount":0,"attachmentsCount":0,"hasContent":false,"attachmentStep":false}],"labels":[{"name":"package","value":"testcases.StoreLocatorTest"},{"name":"testClass","value":"testcases.StoreLocatorTest"},{"name":"testMethod","value":"userVerifyErrorMessageInListViewWithNoStores"},{"name":"parentSuite","value":"GMAP INGO Mobile Test Automation - [ANDROID PARALLEL XML SUITE]"},{"name":"suite","value":"GMAP INGO Tests | StoreMapView"},{"name":"subSuite","value":"testcases.StoreLocatorTest"},{"name":"host","value":"fv-az1595-733"},{"name":"thread","value":"2042@fv-az1595-733.TestNG-tests-2(23)"},{"name":"framework","value":"testng"},{"name":"language","value":"java"},{"name":"story","value":"[INGO] Store Locator Error Scenarios"},{"name":"owner","value":"Sriparna - [sriparna.dey@circlekeurope.com]"},{"name":"tag","value":"Store Locator"},{"name":"feature","value":"[INGO] Store locator - brand filter"},{"name":"epic","value":"[INGO][GMAP] - Store locator - brand filter"},{"name":"severity","value":"normal"},{"name":"resultFormat","value":"allure2"}],"parameters":[{"name":"deviceConfig","value":"GalaxyS23Ultra"}],"links":[{"name":"NGRPRG-25913","url":"https://circlek.atlassian.net/browse/NGRPRG-25913","type":"tms"},{"name":"N/A","url":"https://circlek.atlassian.net/browse/N/A","type":"issue"}],"hidden":false,"retry":false,"extra":{"severity":"normal","owner":"Sriparna - [sriparna.dey@circlekeurope.com]","retries":[],"categories":[],"history":{"statistic":{"failed":0,"broken":12,"skipped":0,"passed":115,"unknown":0,"total":127},"items":[{"uid":"5235a435d4c97459","reportUrl":"https://circlek-global.github.io/gmbat-tests-eu-mobile-automation/1556//#testresult/5235a435d4c97459","status":"passed","time":{"start":1743058159703,"stop":1743058194816,"duration":35113}},{"uid":"4219a78298fd103a","reportUrl":"https://circlek-global.github.io/gmbat-tests-eu-mobile-automation/1540//#testresult/4219a78298fd103a","status":"passed","time":{"start":1742971705867,"stop":1742971738650,"duration":32783}},{"uid":"62c5f92ad224083a","reportUrl":"https://circlek-global.github.io/gmbat-tests-eu-mobile-automation/1526//#testresult/62c5f92ad224083a","status":"passed","time":{"start":1742903476995,"stop":1742903512708,"duration":35713}},{"uid":"681648fd24c16203","reportUrl":"https://circlek-global.github.io/gmbat-tests-eu-mobile-automation/1520//#testresult/681648fd24c16203","status":"broken","statusDetails":"Element [AppiumBy.id: store-locator.tab-bar] wasn't clickable after [15] seconds!\nException: org.openqa.selenium.TimeoutException: Expected condition failed: Element [AppiumBy.id: store-locator.tab-bar] wasn't clickable after [15] seconds! (tried for 15 second(s) with 250 milliseconds interval)\nFor documentation on this error, please visit: https://www.selenium.dev/documentation/webdriver/troubleshooting/errors#no-such-element-exception\nBuild info: version: '4.19.0', revision: '5f9cec8963'\nSystem info: os.name: 'Linux', os.arch: 'amd64', os.version: '6.8.0-1021-azure', java.version: '17.0.14'\nDriver info: driver.version: unknown","time":{"start":1742885275168,"stop":1742885296863,"duration":21695}},{"uid":"f2b28dabdc05f417","reportUrl":"https://circlek-global.github.io/gmbat-tests-eu-mobile-automation/1507//#testresult/f2b28dabdc05f417","status":"passed","time":{"start":1742798974830,"stop":1742799017171,"duration":42341}},{"uid":"752f6be80fdafb3d","reportUrl":"https://circlek-global.github.io/gmbat-tests-eu-mobile-automation/1493//#testresult/752f6be80fdafb3d","status":"passed","time":{"start":1742539753177,"stop":1742539788187,"duration":35010}},{"uid":"bbe0836077aa53f5","reportUrl":"https://circlek-global.github.io/gmbat-tests-eu-mobile-automation/1479//#testresult/bbe0836077aa53f5","status":"passed","time":{"start":1742453331055,"stop":1742453367017,"duration":35962}},{"uid":"f96dfaa0258fdcea","reportUrl":"https://circlek-global.github.io/gmbat-tests-eu-mobile-automation/1464//#testresult/f96dfaa0258fdcea","status":"passed","time":{"start":1742366982130,"stop":1742367015934,"duration":33804}},{"uid":"6e59fc0fbfac0123","reportUrl":"https://circlek-global.github.io/gmbat-tests-eu-mobile-automation/1452//#testresult/6e59fc0fbfac0123","status":"broken","statusDetails":"Element [AppiumBy.id: store-locator.tab-bar] wasn't clickable after [15] seconds!\nException: org.openqa.selenium.TimeoutException: Expected condition failed: Element [AppiumBy.id: store-locator.tab-bar] wasn't clickable after [15] seconds! (tried for 15 second(s) with 250 milliseconds interval)\nFor documentation on this error, please visit: https://www.selenium.dev/documentation/webdriver/troubleshooting/errors#no-such-element-exception\nBuild info: version: '4.19.0', revision: '5f9cec8963'\nSystem info: os.name: 'Linux', os.arch: 'amd64', os.version: '6.8.0-1021-azure', java.version: '17.0.14'\nDriver info: driver.version: unknown","time":{"start":1742280461416,"stop":1742280482398,"duration":20982}},{"uid":"9a6d65b700354d1c","reportUrl":"https://circlek-global.github.io/gmbat-tests-eu-mobile-automation/1438//#testresult/9a6d65b700354d1c","status":"passed","time":{"start":1742204226112,"stop":1742204262354,"duration":36242}},{"uid":"bfd3a7d2eaefeb96","reportUrl":"https://circlek-global.github.io/gmbat-tests-eu-mobile-automation/1436//#testresult/bfd3a7d2eaefeb96","status":"broken","statusDetails":"Element [AppiumBy.id: store-locator.tab-bar] wasn't clickable after [15] seconds!\nException: org.openqa.selenium.TimeoutException: Expected condition failed: Element [AppiumBy.id: store-locator.tab-bar] wasn't clickable after [15] seconds! (tried for 15 second(s) with 250 milliseconds interval)\nFor documentation on this error, please visit: https://www.selenium.dev/documentation/webdriver/troubleshooting/errors#no-such-element-exception\nBuild info: version: '4.19.0', revision: '5f9cec8963'\nSystem info: os.name: 'Linux', os.arch: 'amd64', os.version: '6.8.0-1021-azure', java.version: '17.0.14'\nDriver info: driver.version: unknown","time":{"start":1742194169037,"stop":1742194190903,"duration":21866}},{"uid":"34c70f2fd61b4e09","reportUrl":"https://circlek-global.github.io/gmbat-tests-eu-mobile-automation/1433//#testresult/34c70f2fd61b4e09","status":"passed","time":{"start":1742186510616,"stop":1742186548836,"duration":38220}},{"uid":"2482d47a71f1084","reportUrl":"https://circlek-global.github.io/gmbat-tests-eu-mobile-automation/1432//#testresult/2482d47a71f1084","status":"passed","time":{"start":1742181830311,"stop":1742181864654,"duration":34343}},{"uid":"872e9e5191969e10","reportUrl":"https://circlek-global.github.io/gmbat-tests-eu-mobile-automation/1420//#testresult/872e9e5191969e10","status":"broken","statusDetails":"Element [AppiumBy.id: store-locator.tab-bar] wasn't clickable after [15] seconds!\nException: org.openqa.selenium.TimeoutException: Expected condition failed: Element [AppiumBy.id: store-locator.tab-bar] wasn't clickable after [15] seconds! (tried for 15 second(s) with 250 milliseconds interval)\nFor documentation on this error, please visit: https://www.selenium.dev/documentation/webdriver/troubleshooting/errors#no-such-element-exception\nBuild info: version: '4.19.0', revision: '5f9cec8963'\nSystem info: os.name: 'Linux', os.arch: 'amd64', os.version: '6.8.0-1021-azure', java.version: '17.0.14'\nDriver info: driver.version: unknown","time":{"start":1741934868477,"stop":1741934891352,"duration":22875}},{"uid":"dea7c3435d424624","reportUrl":"https://circlek-global.github.io/gmbat-tests-eu-mobile-automation/1405//#testresult/dea7c3435d424624","status":"passed","time":{"start":1741848464852,"stop":1741848498806,"duration":33954}},{"uid":"78d7266919328f1a","reportUrl":"https://circlek-global.github.io/gmbat-tests-eu-mobile-automation/1402//#testresult/78d7266919328f1a","status":"broken","statusDetails":"Element [AppiumBy.id: store-locator.tab-bar] wasn't clickable after [15] seconds!\nException: org.openqa.selenium.TimeoutException: Expected condition failed: Element [AppiumBy.id: store-locator.tab-bar] wasn't clickable after [15] seconds! (tried for 15 second(s) with 250 milliseconds interval)\nFor documentation on this error, please visit: https://www.selenium.dev/documentation/webdriver/troubleshooting/errors#no-such-element-exception\nBuild info: version: '4.19.0', revision: '5f9cec8963'\nSystem info: os.name: 'Linux', os.arch: 'amd64', os.version: '6.8.0-1021-azure', java.version: '17.0.14'\nDriver info: driver.version: unknown","time":{"start":1741838462222,"stop":1741838485369,"duration":23147}},{"uid":"145b92da306059f2","reportUrl":"https://circlek-global.github.io/gmbat-tests-eu-mobile-automation/1395//#testresult/145b92da306059f2","status":"broken","statusDetails":"Element [AppiumBy.id: store-locator.tab-bar] wasn't clickable after [15] seconds!\nException: org.openqa.selenium.TimeoutException: Expected condition failed: Element [AppiumBy.id: store-locator.tab-bar] wasn't clickable after [15] seconds! (tried for 15 second(s) with 250 milliseconds interval)\nFor documentation on this error, please visit: https://www.selenium.dev/documentation/webdriver/troubleshooting/errors#no-such-element-exception\nBuild info: version: '4.19.0', revision: '5f9cec8963'\nSystem info: os.name: 'Linux', os.arch: 'amd64', os.version: '6.8.0-1021-azure', java.version: '17.0.14'\nDriver info: driver.version: unknown","time":{"start":1741796746042,"stop":1741796767295,"duration":21253}},{"uid":"3a8aad92540681a9","reportUrl":"https://circlek-global.github.io/gmbat-tests-eu-mobile-automation/1386//#testresult/3a8aad92540681a9","status":"broken","statusDetails":"Element [AppiumBy.id: store-locator.tab-bar] wasn't clickable after [15] seconds!\nException: org.openqa.selenium.TimeoutException: Expected condition failed: Element [AppiumBy.id: store-locator.tab-bar] wasn't clickable after [15] seconds! (tried for 15 second(s) with 250 milliseconds interval)\nFor documentation on this error, please visit: https://www.selenium.dev/documentation/webdriver/troubleshooting/errors#no-such-element-exception\nBuild info: version: '4.19.0', revision: '5f9cec8963'\nSystem info: os.name: 'Linux', os.arch: 'amd64', os.version: '6.8.0-1021-azure', java.version: '17.0.14'\nDriver info: driver.version: unknown","time":{"start":1741769224666,"stop":1741769245284,"duration":20618}},{"uid":"96596c9b37dd200","reportUrl":"https://circlek-global.github.io/gmbat-tests-eu-mobile-automation/1384//#testresult/96596c9b37dd200","status":"broken","statusDetails":"Element [AppiumBy.id: store-locator.tab-bar] wasn't clickable after [15] seconds!\nException: org.openqa.selenium.TimeoutException: Expected condition failed: Element [AppiumBy.id: store-locator.tab-bar] wasn't clickable after [15] seconds! (tried for 15 second(s) with 250 milliseconds interval)\nFor documentation on this error, please visit: https://www.selenium.dev/documentation/webdriver/troubleshooting/errors#no-such-element-exception\nBuild info: version: '4.19.0', revision: '5f9cec8963'\nSystem info: os.name: 'Linux', os.arch: 'amd64', os.version: '6.8.0-1021-azure', java.version: '17.0.14'\nDriver info: driver.version: unknown","time":{"start":1741764151192,"stop":1741764173036,"duration":21844}},{"uid":"9dd85d38d95a9098","reportUrl":"https://circlek-global.github.io/gmbat-tests-eu-mobile-automation/1383//#testresult/9dd85d38d95a9098","status":"passed","time":{"start":1741762077487,"stop":1741762112072,"duration":34585}}]},"tags":["Store Locator"]},"source":"8c1763a9279b9c1d.json","parameterValues":["GalaxyS23Ultra"]}