{"uid":"9c4c30482f266591","name":"User tries to view the transactions history screen when there are No Transactions for the selected month","fullName":"testcases.TransactionDetailsTest.checkTransactionsHistoryWithNoTransactionsInMonthTest","historyId":"2ff1e72457af437ca53c7fcef4c5ca0f","time":{"start":1743144680154,"stop":1743144720749,"duration":40595},"description":"User tries to view Transactions List","descriptionHtml":"<p>User tries to view Transactions List</p>\n","status":"passed","flaky":false,"newFailed":false,"newBroken":false,"newPassed":false,"retriesCount":0,"retriesStatusChange":false,"beforeStages":[{"name":"Base Before Test","time":{"start":1743144515893,"stop":1743144515893,"duration":0},"description":"Base Before Test","status":"passed","steps":[],"attachments":[],"parameters":[],"shouldDisplayMessage":false,"stepsCount":0,"attachmentsCount":0,"hasContent":false,"attachmentStep":false},{"name":"springTestContextBeforeTestClass","time":{"start":1743144515894,"stop":1743144515895,"duration":1},"description":"","status":"passed","steps":[],"attachments":[],"parameters":[],"shouldDisplayMessage":false,"stepsCount":0,"attachmentsCount":0,"hasContent":false,"attachmentStep":false},{"name":"springTestContextPrepareTestInstance","time":{"start":1743144515895,"stop":1743144515896,"duration":1},"description":"","status":"passed","steps":[],"attachments":[],"parameters":[],"shouldDisplayMessage":false,"stepsCount":0,"attachmentsCount":0,"hasContent":false,"attachmentStep":false},{"name":"Base Before Class","time":{"start":1743144515897,"stop":1743144515897,"duration":0},"description":"Base Before Class","status":"passed","steps":[],"attachments":[],"parameters":[],"shouldDisplayMessage":false,"stepsCount":0,"attachmentsCount":0,"hasContent":false,"attachmentStep":false},{"name":"springTestContextBeforeTestMethod","time":{"start":1743144668949,"stop":1743144668949,"duration":0},"description":"","status":"passed","steps":[],"attachments":[],"parameters":[],"shouldDisplayMessage":false,"stepsCount":0,"attachmentsCount":0,"hasContent":false,"attachmentStep":false},{"name":"Base Before Test Method","time":{"start":1743144668950,"stop":1743144679450,"duration":10500},"description":"Base Before Test Method","status":"passed","steps":[],"attachments":[],"parameters":[],"shouldDisplayMessage":false,"stepsCount":0,"attachmentsCount":0,"hasContent":false,"attachmentStep":false},{"name":"initTestConfig","time":{"start":1743144679451,"stop":1743144679452,"duration":1},"description":"","status":"passed","steps":[],"attachments":[],"parameters":[],"shouldDisplayMessage":false,"stepsCount":0,"attachmentsCount":0,"hasContent":false,"attachmentStep":false}],"testStage":{"description":"User tries to view Transactions List","status":"passed","steps":[{"name":"I accept the new terms and conditions","time":{"start":1743144680154,"stop":1743144701682,"duration":21528},"status":"passed","steps":[],"attachments":[],"parameters":[],"shouldDisplayMessage":false,"stepsCount":0,"attachmentsCount":0,"hasContent":false,"attachmentStep":false},{"name":"I click on \"ACCOUNT\" button","time":{"start":1743144701682,"stop":1743144703577,"duration":1895},"status":"passed","steps":[],"attachments":[],"parameters":[],"shouldDisplayMessage":false,"stepsCount":0,"attachmentsCount":0,"hasContent":false,"attachmentStep":false},{"name":"I get the text \"TRANSACTIONS\" from the Account Screen","time":{"start":1743144703577,"stop":1743144705343,"duration":1766},"status":"passed","steps":[],"attachments":[],"parameters":[],"shouldDisplayMessage":false,"stepsCount":0,"attachmentsCount":0,"hasContent":false,"attachmentStep":false},{"name":"I check that the application text: \"TRANSACTIONS\" is equals to expected value: \"TRANSACTIONS\"","time":{"start":1743144705343,"stop":1743144705343,"duration":0},"status":"passed","steps":[],"attachments":[],"parameters":[{"name":"Actual:","value":"TRANSACTIONS"},{"name":"Expected:","value":"TRANSACTIONS"}],"shouldDisplayMessage":false,"stepsCount":0,"attachmentsCount":0,"hasContent":true,"attachmentStep":false},{"name":"I click on \"TRANSACTIONS\" tab","time":{"start":1743144705343,"stop":1743144707065,"duration":1722},"status":"passed","steps":[],"attachments":[],"parameters":[],"shouldDisplayMessage":false,"stepsCount":0,"attachmentsCount":0,"hasContent":false,"attachmentStep":false},{"name":"I get the text \"ACCOUNT\" header from the Transactions screen","time":{"start":1743144707065,"stop":1743144708605,"duration":1540},"status":"passed","steps":[],"attachments":[],"parameters":[],"shouldDisplayMessage":false,"stepsCount":0,"attachmentsCount":0,"hasContent":false,"attachmentStep":false},{"name":"I check that the application text: \"ACCOUNT\" is equals to expected value: \"ACCOUNT\"","time":{"start":1743144708606,"stop":1743144708606,"duration":0},"status":"passed","steps":[],"attachments":[],"parameters":[{"name":"Actual:","value":"ACCOUNT"},{"name":"Expected:","value":"ACCOUNT"}],"shouldDisplayMessage":false,"stepsCount":0,"attachmentsCount":0,"hasContent":true,"attachmentStep":false},{"name":"I check header on Transactions screen","time":{"start":1743144708606,"stop":1743144709815,"duration":1209},"status":"passed","steps":[],"attachments":[],"parameters":[],"shouldDisplayMessage":false,"stepsCount":0,"attachmentsCount":0,"hasContent":false,"attachmentStep":false},{"name":"I check that the application text: \"Transactions History\" is equals to expected value: \"Transactions History\"","time":{"start":1743144709816,"stop":1743144709816,"duration":0},"status":"passed","steps":[],"attachments":[],"parameters":[{"name":"Actual:","value":"Transactions History"},{"name":"Expected:","value":"Transactions History"}],"shouldDisplayMessage":false,"stepsCount":0,"attachmentsCount":0,"hasContent":true,"attachmentStep":false},{"name":"I check filter purchase History label on Transactions screen","time":{"start":1743144709816,"stop":1743144715802,"duration":5986},"status":"passed","steps":[],"attachments":[],"parameters":[],"shouldDisplayMessage":false,"stepsCount":0,"attachmentsCount":0,"hasContent":false,"attachmentStep":false},{"name":"I check that the application text: \"Filter purchase history\" is equals to expected value: \"Filter purchase history\"","time":{"start":1743144715802,"stop":1743144715802,"duration":0},"status":"passed","steps":[],"attachments":[],"parameters":[{"name":"Actual:","value":"Filter purchase history"},{"name":"Expected:","value":"Filter purchase history"}],"shouldDisplayMessage":false,"stepsCount":0,"attachmentsCount":0,"hasContent":true,"attachmentStep":false},{"name":"I click filter purchase History Icon on Transactions screen","time":{"start":1743144715802,"stop":1743144718236,"duration":2434},"status":"passed","steps":[],"attachments":[],"parameters":[],"shouldDisplayMessage":false,"stepsCount":0,"attachmentsCount":0,"hasContent":false,"attachmentStep":false},{"name":"I click on \"Close\" button","time":{"start":1743144718236,"stop":1743144720749,"duration":2513},"status":"passed","steps":[],"attachments":[],"parameters":[],"shouldDisplayMessage":false,"stepsCount":0,"attachmentsCount":0,"hasContent":false,"attachmentStep":false}],"attachments":[],"parameters":[],"shouldDisplayMessage":false,"stepsCount":13,"attachmentsCount":0,"hasContent":true,"attachmentStep":false},"afterStages":[{"name":"Base After Test Method","time":{"start":1743144722831,"stop":1743144722832,"duration":1},"description":"Base After Test Method","status":"passed","steps":[],"attachments":[],"parameters":[],"shouldDisplayMessage":false,"stepsCount":0,"attachmentsCount":0,"hasContent":false,"attachmentStep":false},{"name":"springTestContextAfterTestMethod","time":{"start":1743144722832,"stop":1743144722832,"duration":0},"description":"","status":"passed","steps":[],"attachments":[],"parameters":[],"shouldDisplayMessage":false,"stepsCount":0,"attachmentsCount":0,"hasContent":false,"attachmentStep":false},{"name":"Base After Class","time":{"start":1743145171183,"stop":1743145171183,"duration":0},"description":"Base After Class","status":"passed","steps":[],"attachments":[],"parameters":[],"shouldDisplayMessage":false,"stepsCount":0,"attachmentsCount":0,"hasContent":false,"attachmentStep":false},{"name":"springTestContextAfterTestClass","time":{"start":1743145171183,"stop":1743145171183,"duration":0},"description":"","status":"passed","steps":[],"attachments":[],"parameters":[],"shouldDisplayMessage":false,"stepsCount":0,"attachmentsCount":0,"hasContent":false,"attachmentStep":false},{"name":"Base After Test","time":{"start":1743145171184,"stop":1743145171184,"duration":0},"description":"Base After Test","status":"passed","steps":[],"attachments":[],"parameters":[],"shouldDisplayMessage":false,"stepsCount":0,"attachmentsCount":0,"hasContent":false,"attachmentStep":false}],"labels":[{"name":"package","value":"testcases.TransactionDetailsTest"},{"name":"testClass","value":"testcases.TransactionDetailsTest"},{"name":"testMethod","value":"checkTransactionsHistoryWithNoTransactionsInMonthTest"},{"name":"parentSuite","value":"GMAP INGO Mobile Test Automation - [ANDROID PARALLEL XML SUITE]"},{"name":"suite","value":"GMAP INGO Tests | Transaction details"},{"name":"subSuite","value":"testcases.TransactionDetailsTest"},{"name":"host","value":"fv-az1595-733"},{"name":"thread","value":"2042@fv-az1595-733.TestNG-tests-4(25)"},{"name":"framework","value":"testng"},{"name":"language","value":"java"},{"name":"tag","value":"TransactionsList"},{"name":"owner","value":"Aman - [aman.gupta@circlekeurope.com]"},{"name":"story","value":"[INGO][GMAP] Transaction List Screen"},{"name":"tag","value":"Transactions"},{"name":"feature","value":"[INGO][GMAP] Transactions List Screen"},{"name":"epic","value":"[INGO][GMAP] Transaction details"},{"name":"severity","value":"normal"},{"name":"resultFormat","value":"allure2"}],"parameters":[{"name":"deviceConfig","value":"GalaxyS21"}],"links":[{"name":"N/A","url":"https://circlek.atlassian.net/browse/N/A","type":"issue"},{"name":"NGRPRG-27619","url":"https://circlek.atlassian.net/browse/NGRPRG-27619","type":"tms"}],"hidden":false,"retry":false,"extra":{"severity":"normal","owner":"Aman - [aman.gupta@circlekeurope.com]","retries":[],"categories":[],"history":{"statistic":{"failed":0,"broken":68,"skipped":0,"passed":75,"unknown":0,"total":143},"items":[{"uid":"47d3e0724588ac08","reportUrl":"https://circlek-global.github.io/gmbat-tests-eu-mobile-automation/1556//#testresult/47d3e0724588ac08","status":"passed","time":{"start":1743058250988,"stop":1743058287492,"duration":36504}},{"uid":"f6375bc1b0cc7f88","reportUrl":"https://circlek-global.github.io/gmbat-tests-eu-mobile-automation/1540//#testresult/f6375bc1b0cc7f88","status":"passed","time":{"start":1742971822670,"stop":1742971858128,"duration":35458}},{"uid":"30f51b21328915dc","reportUrl":"https://circlek-global.github.io/gmbat-tests-eu-mobile-automation/1526//#testresult/30f51b21328915dc","status":"passed","time":{"start":1742903618948,"stop":1742903659369,"duration":40421}},{"uid":"6007b66c4563edc6","reportUrl":"https://circlek-global.github.io/gmbat-tests-eu-mobile-automation/1520//#testresult/6007b66c4563edc6","status":"broken","statusDetails":"Element [AppiumBy.id: account.tab-bar] wasn't clickable after [15] seconds!\nException: org.openqa.selenium.TimeoutException: Expected condition failed: Element [AppiumBy.id: account.tab-bar] wasn't clickable after [15] seconds! (tried for 15 second(s) with 250 milliseconds interval)\nFor documentation on this error, please visit: https://www.selenium.dev/documentation/webdriver/troubleshooting/errors#no-such-element-exception\nBuild info: version: '4.19.0', revision: '5f9cec8963'\nSystem info: os.name: 'Linux', os.arch: 'amd64', os.version: '6.8.0-1021-azure', java.version: '17.0.14'\nDriver info: driver.version: unknown","time":{"start":1742885123406,"stop":1742885162954,"duration":39548}},{"uid":"a0ec0651aa1cdd6e","reportUrl":"https://circlek-global.github.io/gmbat-tests-eu-mobile-automation/1507//#testresult/a0ec0651aa1cdd6e","status":"passed","time":{"start":1742799121768,"stop":1742799158376,"duration":36608}},{"uid":"97d2bb0b327c76cd","reportUrl":"https://circlek-global.github.io/gmbat-tests-eu-mobile-automation/1493//#testresult/97d2bb0b327c76cd","status":"passed","time":{"start":1742539888637,"stop":1742539928563,"duration":39926}},{"uid":"5508021eb003e5f","reportUrl":"https://circlek-global.github.io/gmbat-tests-eu-mobile-automation/1479//#testresult/5508021eb003e5f","status":"passed","time":{"start":1742453413990,"stop":1742453452281,"duration":38291}},{"uid":"37b3e0e47fb0813c","reportUrl":"https://circlek-global.github.io/gmbat-tests-eu-mobile-automation/1464//#testresult/37b3e0e47fb0813c","status":"passed","time":{"start":1742367094171,"stop":1742367130927,"duration":36756}},{"uid":"8eb316b528e6e8fd","reportUrl":"https://circlek-global.github.io/gmbat-tests-eu-mobile-automation/1452//#testresult/8eb316b528e6e8fd","status":"passed","time":{"start":1742280620044,"stop":1742280657254,"duration":37210}},{"uid":"31dd33376bab4324","reportUrl":"https://circlek-global.github.io/gmbat-tests-eu-mobile-automation/1438//#testresult/31dd33376bab4324","status":"broken","statusDetails":"Element [AppiumBy.id: account.tab-bar] wasn't clickable after [15] seconds!\nException: org.openqa.selenium.TimeoutException: Expected condition failed: Element [AppiumBy.id: account.tab-bar] wasn't clickable after [15] seconds! (tried for 15 second(s) with 250 milliseconds interval)\nFor documentation on this error, please visit: https://www.selenium.dev/documentation/webdriver/troubleshooting/errors#no-such-element-exception\nBuild info: version: '4.19.0', revision: '5f9cec8963'\nSystem info: os.name: 'Linux', os.arch: 'amd64', os.version: '6.8.0-1021-azure', java.version: '17.0.14'\nDriver info: driver.version: unknown","time":{"start":1742204291978,"stop":1742204331678,"duration":39700}},{"uid":"d11661ad2d751075","reportUrl":"https://circlek-global.github.io/gmbat-tests-eu-mobile-automation/1436//#testresult/d11661ad2d751075","status":"passed","time":{"start":1742194301522,"stop":1742194341311,"duration":39789}},{"uid":"457368a81006e0b1","reportUrl":"https://circlek-global.github.io/gmbat-tests-eu-mobile-automation/1433//#testresult/457368a81006e0b1","status":"passed","time":{"start":1742186587430,"stop":1742186630203,"duration":42773}},{"uid":"f2d3b411a7e45c87","reportUrl":"https://circlek-global.github.io/gmbat-tests-eu-mobile-automation/1432//#testresult/f2d3b411a7e45c87","status":"passed","time":{"start":1742181932753,"stop":1742181975612,"duration":42859}},{"uid":"53d6cd9b571df6b7","reportUrl":"https://circlek-global.github.io/gmbat-tests-eu-mobile-automation/1420//#testresult/53d6cd9b571df6b7","status":"passed","time":{"start":1741935018865,"stop":1741935059043,"duration":40178}},{"uid":"1eaf3200487a2b4e","reportUrl":"https://circlek-global.github.io/gmbat-tests-eu-mobile-automation/1405//#testresult/1eaf3200487a2b4e","status":"passed","time":{"start":1741848597395,"stop":1741848632006,"duration":34611}},{"uid":"2f47b23bd87cf5ac","reportUrl":"https://circlek-global.github.io/gmbat-tests-eu-mobile-automation/1402//#testresult/2f47b23bd87cf5ac","status":"passed","time":{"start":1741838616094,"stop":1741838663811,"duration":47717}},{"uid":"c830ecc692d3f3c2","reportUrl":"https://circlek-global.github.io/gmbat-tests-eu-mobile-automation/1395//#testresult/c830ecc692d3f3c2","status":"passed","time":{"start":1741796897123,"stop":1741796931173,"duration":34050}},{"uid":"fa2236636f02ac83","reportUrl":"https://circlek-global.github.io/gmbat-tests-eu-mobile-automation/1386//#testresult/fa2236636f02ac83","status":"passed","time":{"start":1741769359814,"stop":1741769404281,"duration":44467}},{"uid":"3065a3c219a3e70e","reportUrl":"https://circlek-global.github.io/gmbat-tests-eu-mobile-automation/1384//#testresult/3065a3c219a3e70e","status":"broken","statusDetails":"Element [AppiumBy.id: account.tab-bar] wasn't clickable after [15] seconds!\nException: org.openqa.selenium.TimeoutException: Expected condition failed: Element [AppiumBy.id: account.tab-bar] wasn't clickable after [15] seconds! (tried for 15 second(s) with 250 milliseconds interval)\nFor documentation on this error, please visit: https://www.selenium.dev/documentation/webdriver/troubleshooting/errors#no-such-element-exception\nBuild info: version: '4.19.0', revision: '5f9cec8963'\nSystem info: os.name: 'Linux', os.arch: 'amd64', os.version: '6.8.0-1021-azure', java.version: '17.0.14'\nDriver info: driver.version: unknown","time":{"start":1741764004329,"stop":1741764044813,"duration":40484}},{"uid":"2a483c8d7ada3d48","reportUrl":"https://circlek-global.github.io/gmbat-tests-eu-mobile-automation/1383//#testresult/2a483c8d7ada3d48","status":"passed","time":{"start":1741762197785,"stop":1741762233242,"duration":35457}}]},"tags":["TransactionsList","Transactions"]},"source":"9c4c30482f266591.json","parameterValues":["GalaxyS21"]}