{"uid":"4a2a955982d65cff","name":"EXTRA Tier 1 Changing 'Everyday savings' discount from Tier1 to Tier2 - NO","fullName":"testcases.ExtraTier1NOTests.changingEveryDaySavingsDiscountFromTier1ToTier2NO","historyId":"bca8569fdf9fcb187ab6d0ff676e072e","time":{"start":1743099248801,"stop":1743099248801,"duration":0},"description":"EXTRA Tier 1 Changing 'Everyday savings' discount from Tier1 to Tier2 - NO","descriptionHtml":"<p>EXTRA Tier 1 Changing 'Everyday savings' discount from Tier1 to Tier2 - NO</p>\n","status":"broken","statusMessage":"Test '[EXTRA Tier 1] Changing 'Everyday savings' discount from Tier1 to Tier2 - NO' failed due to configuration error!\nError details\nCould not start a new session. Response code 500. Message: \n\nStatus Code: 500 - Error while starting appium session: An unknown server-side error occurred while processing the command. Original error: Cannot start the 'com.circlek.gmap.eu.staging' application. Consider checking the driver's troubleshooting documentation. Original error: 'com.circlek.gmap.MainActivity' or 'com.circlek.gmap.eu.staging.com.circlek.gmap.MainActivity' never started. Consider checking the driver's troubleshooting documentation.\n\nBuild info: version: 'unknown', revision: 'unknown', time: 'unknown'\nSystem info: host: 'Sauce Labs RDC', ip: 'N/A', os.name: 'Linux', os.arch: 'amd64', os.version: '6.6.72+', java.version: '17.0.14'\nDriver info: driver.version: unknown \nHost info: host: 'fv-az1388-214', ip: '10.1.0.8'\nBuild info: version: '4.19.0', revision: '5f9cec8963'\nSystem info: os.name: 'Linux', os.arch: 'amd64', os.version: '6.8.0-1021-azure', java.version: '17.0.14'\nDriver info: io.appium.java_client.android.AndroidDriver\nCommand: [null, newSession {capabilities=[Capabilities {appium:app: storage:2155a819-9062-4427-..., appium:appWaitActivity: com.circlek.gmap.MainActivity, appium:appWaitDuration: 80000, appium:autoGrantPermissions: true, appium:automationName: UiAutomator2, appium:deviceName: Samsung Galaxy S20, appium:newCommandTimeout: 90, appium:noReset: false, appium:platformVersion: ^13.*, appium:settings: {disableIdLocatorAutocompletion: true, snapshotMaxDepth: 250}, platformName: ANDROID, sauce:options: {accessKey: 5d20ff7c-06ab-436b-8fe9-20d..., appiumVersion: latest, build: GMAP EU | Thursday: 27-03-2025, cacheId: b71e8b51-c68d-435b-bcdd-89d..., name: [EXTRA Tier 1] Changing 'Ev..., username: Kamil}}]}]\nCapabilities {appium:app: storage:2155a819-9062-4427-..., appium:appWaitActivity: com.circlek.gmap.MainActivity, appium:appWaitDuration: 80000, appium:autoGrantPermissions: true, appium:automationName: UiAutomator2, appium:deviceName: Samsung Galaxy S20, appium:newCommandTimeout: 90, appium:noReset: false, appium:platformVersion: ^13.*, appium:settings: {disableIdLocatorAutocompletion: true, snapshotMaxDepth: 250}, platformName: ANDROID, sauce:options: {accessKey: 5d20ff7c-06ab-436b-8fe9-20d..., appiumVersion: latest, build: GMAP EU | Thursday: 27-03-2025, cacheId: b71e8b51-c68d-435b-bcdd-89d..., name: [EXTRA Tier 1] Changing 'Ev..., username: Kamil}}\n[org.openqa.selenium.remote.ProtocolHandshake.createSession(ProtocolHandshake.java:114), org.openqa.selenium.remote.ProtocolHandshake.createSession(ProtocolHandshake.java:75), org.openqa.selenium.remote.ProtocolHandshake.createSession(ProtocolHandshake.java:61), io.appium.java_client.remote.AppiumCommandExecutor.createSession(AppiumCommandExecutor.java:176), io.appium.java_client.remote.AppiumCommandExecutor.execute(AppiumCommandExecutor.java:237), org.openqa.selenium.remote.RemoteWebDriver.execute(RemoteWebDriver.java:518), io.appium.java_client.AppiumDriver.startSession(AppiumDriver.java:270), org.openqa.selenium.remote.RemoteWebDriver.<init>(RemoteWebDriver.java:161), io.appium.java_client.AppiumDriver.<init>(AppiumDriver.java:91), io.appium.java_client.AppiumDriver.<init>(AppiumDriver.java:103), io.appium.java_client.android.AndroidDriver.<init>(AndroidDriver.java:109), com.gmap.core.settings.drivers.AppiumDriverManager.getAppiumDriver(AppiumDriverManager.java:34), com.gmap.core.settings.drivers.DriverManager.startDriver(DriverManager.java:28), com.gmap.core.settings.TestSettings.setupTestConfig(TestSettings.java:59), settings.hooks.Hooks.baseBeforeMethod(Hooks.java:107), java.base/jdk.internal.reflect.NativeMethodAccessorImpl.invoke0(Native Method), java.base/jdk.internal.reflect.NativeMethodAccessorImpl.invoke(NativeMethodAccessorImpl.java:77), java.base/jdk.internal.reflect.DelegatingMethodAccessorImpl.invoke(DelegatingMethodAccessorImpl.java:43), java.base/java.lang.reflect.Method.invoke(Method.java:569), org.testng.internal.invokers.MethodInvocationHelper.invokeMethod(MethodInvocationHelper.java:141), org.testng.internal.invokers.MethodInvocationHelper.invokeMethodConsideringTimeout(MethodInvocationHelper.java:71), org.testng.internal.invokers.ConfigInvoker.invokeConfigurationMethod(ConfigInvoker.java:400), org.testng.internal.invokers.ConfigInvoker.invokeConfigurations(ConfigInvoker.java:333), org.testng.internal.invokers.TestInvoker.runConfigMethods(TestInvoker.java:836), org.testng.internal.invokers.TestInvoker.invokeMethod(TestInvoker.java:601), org.testng.internal.invokers.TestInvoker.retryFailed(TestInvoker.java:269), org.testng.internal.invokers.MethodRunner.runInSequence(MethodRunner.java:76), org.testng.internal.invokers.TestInvoker$MethodInvocationAgent.invoke(TestInvoker.java:995), org.testng.internal.invokers.TestInvoker.invokeTestMethods(TestInvoker.java:203), org.testng.internal.invokers.TestMethodWorker.invokeTestMethods(TestMethodWorker.java:154), org.testng.internal.invokers.TestMethodWorker.run(TestMethodWorker.java:134), java.base/java.util.ArrayList.forEach(ArrayList.java:1511), org.testng.TestRunner.privateRun(TestRunner.java:741), org.testng.TestRunner.run(TestRunner.java:616), org.testng.SuiteRunner.runTest(SuiteRunner.java:421), org.testng.SuiteRunner$SuiteWorker.run(SuiteRunner.java:463), org.testng.internal.thread.ThreadUtil.lambda$execute$0(ThreadUtil.java:64), java.base/java.util.concurrent.FutureTask.run(FutureTask.java:264), java.base/java.util.concurrent.ThreadPoolExecutor.runWorker(ThreadPoolExecutor.java:1136), java.base/java.util.concurrent.ThreadPoolExecutor$Worker.run(ThreadPoolExecutor.java:635), java.base/java.lang.Thread.run(Thread.java:840)]","statusTrace":"java.lang.IllegalStateException: Test '[EXTRA Tier 1] Changing 'Everyday savings' discount from Tier1 to Tier2 - NO' failed due to configuration error!\nError details\nCould not start a new session. Response code 500. Message: \n\nStatus Code: 500 - Error while starting appium session: An unknown server-side error occurred while processing the command. Original error: Cannot start the 'com.circlek.gmap.eu.staging' application. Consider checking the driver's troubleshooting documentation. Original error: 'com.circlek.gmap.MainActivity' or 'com.circlek.gmap.eu.staging.com.circlek.gmap.MainActivity' never started. Consider checking the driver's troubleshooting documentation.\n\nBuild info: version: 'unknown', revision: 'unknown', time: 'unknown'\nSystem info: host: 'Sauce Labs RDC', ip: 'N/A', os.name: 'Linux', os.arch: 'amd64', os.version: '6.6.72+', java.version: '17.0.14'\nDriver info: driver.version: unknown \nHost info: host: 'fv-az1388-214', ip: '10.1.0.8'\nBuild info: version: '4.19.0', revision: '5f9cec8963'\nSystem info: os.name: 'Linux', os.arch: 'amd64', os.version: '6.8.0-1021-azure', java.version: '17.0.14'\nDriver info: io.appium.java_client.android.AndroidDriver\nCommand: [null, newSession {capabilities=[Capabilities {appium:app: storage:2155a819-9062-4427-..., appium:appWaitActivity: com.circlek.gmap.MainActivity, appium:appWaitDuration: 80000, appium:autoGrantPermissions: true, appium:automationName: UiAutomator2, appium:deviceName: Samsung Galaxy S20, appium:newCommandTimeout: 90, appium:noReset: false, appium:platformVersion: ^13.*, appium:settings: {disableIdLocatorAutocompletion: true, snapshotMaxDepth: 250}, platformName: ANDROID, sauce:options: {accessKey: 5d20ff7c-06ab-436b-8fe9-20d..., appiumVersion: latest, build: GMAP EU | Thursday: 27-03-2025, cacheId: b71e8b51-c68d-435b-bcdd-89d..., name: [EXTRA Tier 1] Changing 'Ev..., username: Kamil}}]}]\nCapabilities {appium:app: storage:2155a819-9062-4427-..., appium:appWaitActivity: com.circlek.gmap.MainActivity, appium:appWaitDuration: 80000, appium:autoGrantPermissions: true, appium:automationName: UiAutomator2, appium:deviceName: Samsung Galaxy S20, appium:newCommandTimeout: 90, appium:noReset: false, appium:platformVersion: ^13.*, appium:settings: {disableIdLocatorAutocompletion: true, snapshotMaxDepth: 250}, platformName: ANDROID, sauce:options: {accessKey: 5d20ff7c-06ab-436b-8fe9-20d..., appiumVersion: latest, build: GMAP EU | Thursday: 27-03-2025, cacheId: b71e8b51-c68d-435b-bcdd-89d..., name: [EXTRA Tier 1] Changing 'Ev..., username: Kamil}}\n[org.openqa.selenium.remote.ProtocolHandshake.createSession(ProtocolHandshake.java:114), org.openqa.selenium.remote.ProtocolHandshake.createSession(ProtocolHandshake.java:75), org.openqa.selenium.remote.ProtocolHandshake.createSession(ProtocolHandshake.java:61), io.appium.java_client.remote.AppiumCommandExecutor.createSession(AppiumCommandExecutor.java:176), io.appium.java_client.remote.AppiumCommandExecutor.execute(AppiumCommandExecutor.java:237), org.openqa.selenium.remote.RemoteWebDriver.execute(RemoteWebDriver.java:518), io.appium.java_client.AppiumDriver.startSession(AppiumDriver.java:270), org.openqa.selenium.remote.RemoteWebDriver.<init>(RemoteWebDriver.java:161), io.appium.java_client.AppiumDriver.<init>(AppiumDriver.java:91), io.appium.java_client.AppiumDriver.<init>(AppiumDriver.java:103), io.appium.java_client.android.AndroidDriver.<init>(AndroidDriver.java:109), com.gmap.core.settings.drivers.AppiumDriverManager.getAppiumDriver(AppiumDriverManager.java:34), com.gmap.core.settings.drivers.DriverManager.startDriver(DriverManager.java:28), com.gmap.core.settings.TestSettings.setupTestConfig(TestSettings.java:59), settings.hooks.Hooks.baseBeforeMethod(Hooks.java:107), java.base/jdk.internal.reflect.NativeMethodAccessorImpl.invoke0(Native Method), java.base/jdk.internal.reflect.NativeMethodAccessorImpl.invoke(NativeMethodAccessorImpl.java:77), java.base/jdk.internal.reflect.DelegatingMethodAccessorImpl.invoke(DelegatingMethodAccessorImpl.java:43), java.base/java.lang.reflect.Method.invoke(Method.java:569), org.testng.internal.invokers.MethodInvocationHelper.invokeMethod(MethodInvocationHelper.java:141), org.testng.internal.invokers.MethodInvocationHelper.invokeMethodConsideringTimeout(MethodInvocationHelper.java:71), org.testng.internal.invokers.ConfigInvoker.invokeConfigurationMethod(ConfigInvoker.java:400), org.testng.internal.invokers.ConfigInvoker.invokeConfigurations(ConfigInvoker.java:333), org.testng.internal.invokers.TestInvoker.runConfigMethods(TestInvoker.java:836), org.testng.internal.invokers.TestInvoker.invokeMethod(TestInvoker.java:601), org.testng.internal.invokers.TestInvoker.retryFailed(TestInvoker.java:269), org.testng.internal.invokers.MethodRunner.runInSequence(MethodRunner.java:76), org.testng.internal.invokers.TestInvoker$MethodInvocationAgent.invoke(TestInvoker.java:995), org.testng.internal.invokers.TestInvoker.invokeTestMethods(TestInvoker.java:203), org.testng.internal.invokers.TestMethodWorker.invokeTestMethods(TestMethodWorker.java:154), org.testng.internal.invokers.TestMethodWorker.run(TestMethodWorker.java:134), java.base/java.util.ArrayList.forEach(ArrayList.java:1511), org.testng.TestRunner.privateRun(TestRunner.java:741), org.testng.TestRunner.run(TestRunner.java:616), org.testng.SuiteRunner.runTest(SuiteRunner.java:421), org.testng.SuiteRunner$SuiteWorker.run(SuiteRunner.java:463), org.testng.internal.thread.ThreadUtil.lambda$execute$0(ThreadUtil.java:64), java.base/java.util.concurrent.FutureTask.run(FutureTask.java:264), java.base/java.util.concurrent.ThreadPoolExecutor.runWorker(ThreadPoolExecutor.java:1136), java.base/java.util.concurrent.ThreadPoolExecutor$Worker.run(ThreadPoolExecutor.java:635), java.base/java.lang.Thread.run(Thread.java:840)]\n\tat com.gmap.core.HooksConfiguration.checkHookConfiguration(HooksConfiguration.java:104)\n\tat settings.hooks.Hooks.run(Hooks.java:58)\n\tat org.testng.internal.invokers.MethodInvocationHelper.invokeHookable(MethodInvocationHelper.java:274)\n\tat org.testng.internal.invokers.TestInvoker.invokeMethod(TestInvoker.java:679)\n\tat org.testng.internal.invokers.TestInvoker.retryFailed(TestInvoker.java:269)\n\tat org.testng.internal.invokers.MethodRunner.runInSequence(MethodRunner.java:76)\n\tat org.testng.internal.invokers.TestInvoker$MethodInvocationAgent.invoke(TestInvoker.java:995)\n\tat org.testng.internal.invokers.TestInvoker.invokeTestMethods(TestInvoker.java:203)\n\tat org.testng.internal.invokers.TestMethodWorker.invokeTestMethods(TestMethodWorker.java:154)\n\tat org.testng.internal.invokers.TestMethodWorker.run(TestMethodWorker.java:134)\n\tat java.base/java.util.ArrayList.forEach(ArrayList.java:1511)\n\tat org.testng.TestRunner.privateRun(TestRunner.java:741)\n\tat org.testng.TestRunner.run(TestRunner.java:616)\n\tat org.testng.SuiteRunner.runTest(SuiteRunner.java:421)\n\tat org.testng.SuiteRunner$SuiteWorker.run(SuiteRunner.java:463)\n\tat org.testng.internal.thread.ThreadUtil.lambda$execute$0(ThreadUtil.java:64)\n\tat java.base/java.util.concurrent.FutureTask.run(FutureTask.java:264)\n\tat java.base/java.util.concurrent.ThreadPoolExecutor.runWorker(ThreadPoolExecutor.java:1136)\n\tat java.base/java.util.concurrent.ThreadPoolExecutor$Worker.run(ThreadPoolExecutor.java:635)\n\tat java.base/java.lang.Thread.run(Thread.java:840)\n","flaky":false,"newFailed":false,"newBroken":false,"newPassed":false,"retriesCount":1,"retriesStatusChange":true,"beforeStages":[{"name":"Base Before Test","time":{"start":1743095083913,"stop":1743095083913,"duration":0},"description":"Base Before Test","status":"passed","steps":[],"attachments":[],"parameters":[],"shouldDisplayMessage":false,"stepsCount":0,"attachmentsCount":0,"hasContent":false,"attachmentStep":false},{"name":"springTestContextBeforeTestClass","time":{"start":1743095084030,"stop":1743095084038,"duration":8},"description":"","status":"passed","steps":[],"attachments":[],"parameters":[],"shouldDisplayMessage":false,"stepsCount":0,"attachmentsCount":0,"hasContent":false,"attachmentStep":false},{"name":"springTestContextPrepareTestInstance","time":{"start":1743095084038,"stop":1743095085245,"duration":1207},"description":"","status":"passed","steps":[],"attachments":[],"parameters":[],"shouldDisplayMessage":false,"stepsCount":0,"attachmentsCount":0,"hasContent":false,"attachmentStep":false},{"name":"Base Before Class","time":{"start":1743095085255,"stop":1743095085263,"duration":8},"description":"Base Before Class","status":"passed","steps":[],"attachments":[],"parameters":[],"shouldDisplayMessage":false,"stepsCount":0,"attachmentsCount":0,"hasContent":false,"attachmentStep":false},{"name":"springTestContextBeforeTestMethod","time":{"start":1743098832495,"stop":1743098832495,"duration":0},"description":"","status":"passed","steps":[],"attachments":[],"parameters":[],"shouldDisplayMessage":false,"stepsCount":0,"attachmentsCount":0,"hasContent":false,"attachmentStep":false},{"name":"Base Before Test Method","time":{"start":1743098832496,"stop":1743099248799,"duration":416303},"description":"Base Before Test Method","status":"passed","steps":[],"attachments":[],"parameters":[],"shouldDisplayMessage":false,"stepsCount":0,"attachmentsCount":0,"hasContent":false,"attachmentStep":false},{"name":"initTestConfig","time":{"start":1743099248800,"stop":1743099248800,"duration":0},"description":"","status":"passed","steps":[],"attachments":[],"parameters":[],"shouldDisplayMessage":false,"stepsCount":0,"attachmentsCount":0,"hasContent":false,"attachmentStep":false}],"afterStages":[{"name":"springTestContextAfterTestMethod","time":{"start":1743099248803,"stop":1743099248803,"duration":0},"description":"","status":"passed","steps":[],"attachments":[],"parameters":[],"shouldDisplayMessage":false,"stepsCount":0,"attachmentsCount":0,"hasContent":false,"attachmentStep":false},{"name":"Base After Test Method","time":{"start":1743099248803,"stop":1743099248803,"duration":0},"description":"Base After Test Method","status":"passed","steps":[],"attachments":[],"parameters":[],"shouldDisplayMessage":false,"stepsCount":0,"attachmentsCount":0,"hasContent":false,"attachmentStep":false},{"name":"Base After Class","time":{"start":1743099248804,"stop":1743099248804,"duration":0},"description":"Base After Class","status":"passed","steps":[],"attachments":[],"parameters":[],"shouldDisplayMessage":false,"stepsCount":0,"attachmentsCount":0,"hasContent":false,"attachmentStep":false},{"name":"springTestContextAfterTestClass","time":{"start":1743099248804,"stop":1743099248804,"duration":0},"description":"","status":"passed","steps":[],"attachments":[],"parameters":[],"shouldDisplayMessage":false,"stepsCount":0,"attachmentsCount":0,"hasContent":false,"attachmentStep":false},{"name":"Base After Test","time":{"start":1743099248804,"stop":1743099248804,"duration":0},"description":"Base After Test","status":"passed","steps":[],"attachments":[],"parameters":[],"shouldDisplayMessage":false,"stepsCount":0,"attachmentsCount":0,"hasContent":false,"attachmentStep":false}],"labels":[{"name":"package","value":"testcases.ExtraTier1NOTests"},{"name":"testClass","value":"testcases.ExtraTier1NOTests"},{"name":"testMethod","value":"changingEveryDaySavingsDiscountFromTier1ToTier2NO"},{"name":"parentSuite","value":"GMAP EU Mobile Test Automation - [ANDROID PARALLEL XML SUITE]"},{"name":"suite","value":"GMAP Tests | Extra Tier 1 NO"},{"name":"subSuite","value":"testcases.ExtraTier1NOTests"},{"name":"host","value":"fv-az1388-214"},{"name":"thread","value":"2019@fv-az1388-214.TestNG-tests-3(24)"},{"name":"framework","value":"testng"},{"name":"language","value":"java"},{"name":"story","value":"[GMAP] Tier discount upgrade"},{"name":"owner","value":"Dominik Jakubaszek - [dominik.jakubaszek@circlekeurope.com]"},{"name":"tag","value":"TierUpgrade"},{"name":"tag","value":"CarWash"},{"name":"feature","value":"[GMAP] CW consumption"},{"name":"epic","value":"[GMAP] Extra"},{"name":"severity","value":"normal"},{"name":"resultFormat","value":"allure2"}],"parameters":[{"name":"deviceConfig","value":"GalaxyS20"}],"links":[{"name":"N/A","url":"https://circlek.atlassian.net/browse/N/A","type":"issue"},{"name":"NGRPRG-32959","url":"https://circlek.atlassian.net/browse/NGRPRG-32959","type":"tms"}],"hidden":false,"retry":false,"extra":{"severity":"normal","owner":"Dominik Jakubaszek - [dominik.jakubaszek@circlekeurope.com]","retries":[{"uid":"4ba9b3cc2834cf2d","status":"skipped","statusDetails":"Test '[EXTRA Tier 1] Changing 'Everyday savings' discount from Tier1 to Tier2 - NO' failed due to configuration error!\nError details\nCould not start a new session. Response code 500. Message: \n\nStatus Code: 500 - Error while starting appium session: An unknown server-side error occurred while processing the command. Original error: Cannot start the 'com.circlek.gmap.eu.staging' application. Consider checking the driver's troubleshooting documentation. Original error: 'com.circlek.gmap.MainActivity' or 'com.circlek.gmap.eu.staging.com.circlek.gmap.MainActivity' never started. Consider checking the driver's troubleshooting documentation.\n\nBuild info: version: 'unknown', revision: 'unknown', time: 'unknown'\nSystem info: host: 'Sauce Labs RDC', ip: 'N/A', os.name: 'Linux', os.arch: 'amd64', os.version: '6.6.72+', java.version: '17.0.14'\nDriver info: driver.version: unknown \nHost info: host: 'fv-az1388-214', ip: '10.1.0.8'\nBuild info: version: '4.19.0', revision: '5f9cec8963'\nSystem info: os.name: 'Linux', os.arch: 'amd64', os.version: '6.8.0-1021-azure', java.version: '17.0.14'\nDriver info: io.appium.java_client.android.AndroidDriver\nCommand: [null, newSession {capabilities=[Capabilities {appium:app: storage:2155a819-9062-4427-..., appium:appWaitActivity: com.circlek.gmap.MainActivity, appium:appWaitDuration: 80000, appium:autoGrantPermissions: true, appium:automationName: UiAutomator2, appium:deviceName: Samsung Galaxy S20, appium:newCommandTimeout: 90, appium:noReset: false, appium:platformVersion: ^13.*, appium:settings: {disableIdLocatorAutocompletion: true, snapshotMaxDepth: 250}, platformName: ANDROID, sauce:options: {accessKey: 5d20ff7c-06ab-436b-8fe9-20d..., appiumVersion: latest, build: GMAP EU | Thursday: 27-03-2025, cacheId: 4a3d4973-f267-44bb-ada3-63f..., name: [EXTRA Tier 1] Changing 'Ev..., username: Kamil}}]}]\nCapabilities {appium:app: storage:2155a819-9062-4427-..., appium:appWaitActivity: com.circlek.gmap.MainActivity, appium:appWaitDuration: 80000, appium:autoGrantPermissions: true, appium:automationName: UiAutomator2, appium:deviceName: Samsung Galaxy S20, appium:newCommandTimeout: 90, appium:noReset: false, appium:platformVersion: ^13.*, appium:settings: {disableIdLocatorAutocompletion: true, snapshotMaxDepth: 250}, platformName: ANDROID, sauce:options: {accessKey: 5d20ff7c-06ab-436b-8fe9-20d..., appiumVersion: latest, build: GMAP EU | Thursday: 27-03-2025, cacheId: 4a3d4973-f267-44bb-ada3-63f..., name: [EXTRA Tier 1] Changing 'Ev..., username: Kamil}}\n[org.openqa.selenium.remote.ProtocolHandshake.createSession(ProtocolHandshake.java:114), org.openqa.selenium.remote.ProtocolHandshake.createSession(ProtocolHandshake.java:75), org.openqa.selenium.remote.ProtocolHandshake.createSession(ProtocolHandshake.java:61), io.appium.java_client.remote.AppiumCommandExecutor.createSession(AppiumCommandExecutor.java:176), io.appium.java_client.remote.AppiumCommandExecutor.execute(AppiumCommandExecutor.java:237), org.openqa.selenium.remote.RemoteWebDriver.execute(RemoteWebDriver.java:518), io.appium.java_client.AppiumDriver.startSession(AppiumDriver.java:270), org.openqa.selenium.remote.RemoteWebDriver.<init>(RemoteWebDriver.java:161), io.appium.java_client.AppiumDriver.<init>(AppiumDriver.java:91), io.appium.java_client.AppiumDriver.<init>(AppiumDriver.java:103), io.appium.java_client.android.AndroidDriver.<init>(AndroidDriver.java:109), com.gmap.core.settings.drivers.AppiumDriverManager.getAppiumDriver(AppiumDriverManager.java:34), com.gmap.core.settings.drivers.DriverManager.startDriver(DriverManager.java:28), com.gmap.core.settings.TestSettings.setupTestConfig(TestSettings.java:59), settings.hooks.Hooks.baseBeforeMethod(Hooks.java:107), java.base/jdk.internal.reflect.NativeMethodAccessorImpl.invoke0(Native Method), java.base/jdk.internal.reflect.NativeMethodAccessorImpl.invoke(NativeMethodAccessorImpl.java:77), java.base/jdk.internal.reflect.DelegatingMethodAccessorImpl.invoke(DelegatingMethodAccessorImpl.java:43), java.base/java.lang.reflect.Method.invoke(Method.java:569), org.testng.internal.invokers.MethodInvocationHelper.invokeMethod(MethodInvocationHelper.java:141), org.testng.internal.invokers.MethodInvocationHelper.invokeMethodConsideringTimeout(MethodInvocationHelper.java:71), org.testng.internal.invokers.ConfigInvoker.invokeConfigurationMethod(ConfigInvoker.java:400), org.testng.internal.invokers.ConfigInvoker.invokeConfigurations(ConfigInvoker.java:333), org.testng.internal.invokers.TestInvoker.runConfigMethods(TestInvoker.java:836), org.testng.internal.invokers.TestInvoker.invokeMethod(TestInvoker.java:601), org.testng.internal.invokers.TestInvoker.invokeTestMethod(TestInvoker.java:230), org.testng.internal.invokers.MethodRunner.runInSequence(MethodRunner.java:63), org.testng.internal.invokers.TestInvoker$MethodInvocationAgent.invoke(TestInvoker.java:995), org.testng.internal.invokers.TestInvoker.invokeTestMethods(TestInvoker.java:203), org.testng.internal.invokers.TestMethodWorker.invokeTestMethods(TestMethodWorker.java:154), org.testng.internal.invokers.TestMethodWorker.run(TestMethodWorker.java:134), java.base/java.util.ArrayList.forEach(ArrayList.java:1511), org.testng.TestRunner.privateRun(TestRunner.java:741), org.testng.TestRunner.run(TestRunner.java:616), org.testng.SuiteRunner.runTest(SuiteRunner.java:421), org.testng.SuiteRunner$SuiteWorker.run(SuiteRunner.java:463), org.testng.internal.thread.ThreadUtil.lambda$execute$0(ThreadUtil.java:64), java.base/java.util.concurrent.FutureTask.run(FutureTask.java:264), java.base/java.util.concurrent.ThreadPoolExecutor.runWorker(ThreadPoolExecutor.java:1136), java.base/java.util.concurrent.ThreadPoolExecutor$Worker.run(ThreadPoolExecutor.java:635), java.base/java.lang.Thread.run(Thread.java:840)]","time":{"start":1743098832490,"stop":1743098832492,"duration":2}}],"categories":[{"name":"Test defects","matchedStatuses":[],"flaky":false}],"history":{"statistic":{"failed":7,"broken":50,"skipped":29,"passed":110,"unknown":0,"total":196},"items":[{"uid":"e9aa57a6e25a0619","reportUrl":"https://circlek-global.github.io/gmbat-tests-eu-mobile-automation/1558//#testresult/e9aa57a6e25a0619","status":"broken","statusDetails":"Element [AppiumBy.accessibilityId: extra-counter.label] wasn't visible after [15] seconds!\nException: org.openqa.selenium.TimeoutException: Expected condition failed: Element [AppiumBy.accessibilityId: extra-counter.label] wasn't visible after [15] seconds! (tried for 15 second(s) with 250 milliseconds interval)\nFor documentation on this error, please visit: https://www.selenium.dev/documentation/webdriver/troubleshooting/errors#no-such-element-exception\nBuild info: version: '4.19.0', revision: '5f9cec8963'\nSystem info: os.name: 'Linux', os.arch: 'amd64', os.version: '6.8.0-1021-azure', java.version: '17.0.14'\nDriver info: driver.version: unknown","time":{"start":1743078416365,"stop":1743078588504,"duration":172139}},{"uid":"9260ca078d7478f7","reportUrl":"https://circlek-global.github.io/gmbat-tests-eu-mobile-automation/1548//#testresult/9260ca078d7478f7","status":"broken","statusDetails":"Test '[EXTRA Tier 1] Changing 'Everyday savings' discount from Tier1 to Tier2 - NO' failed due to configuration error!\nError details\nCould not start a new session. Response code 500. Message: \n\nStatus Code: 500 - Error while starting appium session: An unknown server-side error occurred while processing the command. Original error: Cannot start the 'com.circlek.gmap.eu.staging' application. Consider checking the driver's troubleshooting documentation. Original error: 'com.circlek.gmap.MainActivity' or 'com.circlek.gmap.eu.staging.com.circlek.gmap.MainActivity' never started. Consider checking the driver's troubleshooting documentation.\n\nBuild info: version: 'unknown', revision: 'unknown', time: 'unknown'\nSystem info: host: 'Sauce Labs RDC', ip: 'N/A', os.name: 'Linux', os.arch: 'amd64', os.version: '6.6.72+', java.version: '17.0.14'\nDriver info: driver.version: unknown \nHost info: host: 'fv-az2055-539', ip: '10.1.0.224'\nBuild info: version: '4.19.0', revision: '5f9cec8963'\nSystem info: os.name: 'Linux', os.arch: 'amd64', os.version: '6.8.0-1021-azure', java.version: '17.0.14'\nDriver info: io.appium.java_client.android.AndroidDriver\nCommand: [null, newSession {capabilities=[Capabilities {appium:app: storage:6a620a13-da71-4613-..., appium:appWaitActivity: com.circlek.gmap.MainActivity, appium:appWaitDuration: 80000, appium:autoGrantPermissions: true, appium:automationName: UiAutomator2, appium:deviceName: Samsung Galaxy S20, appium:newCommandTimeout: 90, appium:noReset: false, appium:platformVersion: ^13.*, appium:settings: {disableIdLocatorAutocompletion: true, snapshotMaxDepth: 250}, platformName: ANDROID, sauce:options: {accessKey: 5d20ff7c-06ab-436b-8fe9-20d..., appiumVersion: latest, build: GMAP EU | Wednesday: 26-03-..., cacheId: 7de1c72a-fde1-4ffe-b5ae-1e5..., name: [EXTRA Tier 1] Changing 'Ev..., username: Kamil}}]}]\nCapabilities {appium:app: storage:6a620a13-da71-4613-..., appium:appWaitActivity: com.circlek.gmap.MainActivity, appium:appWaitDuration: 80000, appium:autoGrantPermissions: true, appium:automationName: UiAutomator2, appium:deviceName: Samsung Galaxy S20, appium:newCommandTimeout: 90, appium:noReset: false, appium:platformVersion: ^13.*, appium:settings: {disableIdLocatorAutocompletion: true, snapshotMaxDepth: 250}, platformName: ANDROID, sauce:options: {accessKey: 5d20ff7c-06ab-436b-8fe9-20d..., appiumVersion: latest, build: GMAP EU | Wednesday: 26-03-..., cacheId: 7de1c72a-fde1-4ffe-b5ae-1e5..., name: [EXTRA Tier 1] Changing 'Ev..., username: Kamil}}\n[org.openqa.selenium.remote.ProtocolHandshake.createSession(ProtocolHandshake.java:114), org.openqa.selenium.remote.ProtocolHandshake.createSession(ProtocolHandshake.java:75), org.openqa.selenium.remote.ProtocolHandshake.createSession(ProtocolHandshake.java:61), io.appium.java_client.remote.AppiumCommandExecutor.createSession(AppiumCommandExecutor.java:176), io.appium.java_client.remote.AppiumCommandExecutor.execute(AppiumCommandExecutor.java:237), org.openqa.selenium.remote.RemoteWebDriver.execute(RemoteWebDriver.java:518), io.appium.java_client.AppiumDriver.startSession(AppiumDriver.java:270), org.openqa.selenium.remote.RemoteWebDriver.<init>(RemoteWebDriver.java:161), io.appium.java_client.AppiumDriver.<init>(AppiumDriver.java:91), io.appium.java_client.AppiumDriver.<init>(AppiumDriver.java:103), io.appium.java_client.android.AndroidDriver.<init>(AndroidDriver.java:109), com.gmap.core.settings.drivers.AppiumDriverManager.getAppiumDriver(AppiumDriverManager.java:34), com.gmap.core.settings.drivers.DriverManager.startDriver(DriverManager.java:28), com.gmap.core.settings.TestSettings.setupTestConfig(TestSettings.java:59), settings.hooks.Hooks.baseBeforeMethod(Hooks.java:107), jdk.internal.reflect.GeneratedMethodAccessor88.invoke(Unknown Source), java.base/jdk.internal.reflect.DelegatingMethodAccessorImpl.invoke(DelegatingMethodAccessorImpl.java:43), java.base/java.lang.reflect.Method.invoke(Method.java:569), org.testng.internal.invokers.MethodInvocationHelper.invokeMethod(MethodInvocationHelper.java:141), org.testng.internal.invokers.MethodInvocationHelper.invokeMethodConsideringTimeout(MethodInvocationHelper.java:71), org.testng.internal.invokers.ConfigInvoker.invokeConfigurationMethod(ConfigInvoker.java:400), org.testng.internal.invokers.ConfigInvoker.invokeConfigurations(ConfigInvoker.java:333), org.testng.internal.invokers.TestInvoker.runConfigMethods(TestInvoker.java:836), org.testng.internal.invokers.TestInvoker.invokeMethod(TestInvoker.java:601), org.testng.internal.invokers.TestInvoker.retryFailed(TestInvoker.java:269), org.testng.internal.invokers.MethodRunner.runInSequence(MethodRunner.java:76), org.testng.internal.invokers.TestInvoker$MethodInvocationAgent.invoke(TestInvoker.java:995), org.testng.internal.invokers.TestInvoker.invokeTestMethods(TestInvoker.java:203), org.testng.internal.invokers.TestMethodWorker.invokeTestMethods(TestMethodWorker.java:154), org.testng.internal.invokers.TestMethodWorker.run(TestMethodWorker.java:134), java.base/java.util.ArrayList.forEach(ArrayList.java:1511), org.testng.TestRunner.privateRun(TestRunner.java:741), org.testng.TestRunner.run(TestRunner.java:616), org.testng.SuiteRunner.runTest(SuiteRunner.java:421), org.testng.SuiteRunner$SuiteWorker.run(SuiteRunner.java:463), org.testng.internal.thread.ThreadUtil.lambda$execute$0(ThreadUtil.java:64), java.base/java.util.concurrent.FutureTask.run(FutureTask.java:264), java.base/java.util.concurrent.ThreadPoolExecutor.runWorker(ThreadPoolExecutor.java:1136), java.base/java.util.concurrent.ThreadPoolExecutor$Worker.run(ThreadPoolExecutor.java:635), java.base/java.lang.Thread.run(Thread.java:840)]","time":{"start":1743012903851,"stop":1743012903851,"duration":0}},{"uid":"73a48bf8cdfce26","reportUrl":"https://circlek-global.github.io/gmbat-tests-eu-mobile-automation/1544//#testresult/73a48bf8cdfce26","status":"passed","time":{"start":1742981367019,"stop":1742981699725,"duration":332706}},{"uid":"5ed77c6e2de2319f","reportUrl":"https://circlek-global.github.io/gmbat-tests-eu-mobile-automation/1532//#testresult/5ed77c6e2de2319f","status":"skipped","statusDetails":"The provided search context cannot be null","time":{"start":1742924474543,"stop":1742924474543,"duration":0}},{"uid":"837cb0a6b7ef17f9","reportUrl":"https://circlek-global.github.io/gmbat-tests-eu-mobile-automation/1527//#testresult/837cb0a6b7ef17f9","status":"passed","time":{"start":1742913398039,"stop":1742913740630,"duration":342591}},{"uid":"583ca4c2899e1df6","reportUrl":"https://circlek-global.github.io/gmbat-tests-eu-mobile-automation/1512//#testresult/583ca4c2899e1df6","status":"failed","statusDetails":"[Actual text doesn't match expected text!] \nexpected: \"Mar 24, 2025\"\n but was: \"Mar 23, 2025\"","time":{"start":1742838558106,"stop":1742838899308,"duration":341202}},{"uid":"18d707a81831f7b8","reportUrl":"https://circlek-global.github.io/gmbat-tests-eu-mobile-automation/1499//#testresult/18d707a81831f7b8","status":"passed","time":{"start":1742578744320,"stop":1742579117396,"duration":373076}},{"uid":"8ed46618d102823c","reportUrl":"https://circlek-global.github.io/gmbat-tests-eu-mobile-automation/1495//#testresult/8ed46618d102823c","status":"passed","time":{"start":1742560697349,"stop":1742561021605,"duration":324256}},{"uid":"e04c497638d64381","reportUrl":"https://circlek-global.github.io/gmbat-tests-eu-mobile-automation/1485//#testresult/e04c497638d64381","status":"broken","statusDetails":"Test '[EXTRA Tier 1] Changing 'Everyday savings' discount from Tier1 to Tier2 - NO' failed due to configuration error!\nError details\nAuthentication failed after 30 seconds of requesting for +48782526000\n[com.gmap.core.common.utils.GMAPUtils.getUserAuthData(GMAPUtils.java:189), com.gmap.core.common.utils.GMAPUtils.getUserBearerToken(GMAPUtils.java:142), com.gmap.core.common.utils.GMAPUtils.getUserBearerTokenByPhoneNumberAndPassword(GMAPUtils.java:113), com.gmap.core.common.utils.GMAPUtils.getBearerTokenFromUserProfileUsingPasswordFactor(GMAPUtils.java:100), settings.hooks.HooksActions.handleCreateUserProfile(HooksActions.java:581), settings.hooks.HooksActions.lambda$createUserProfileHandler$21(HooksActions.java:319), com.gmap.core.interfaces.ConditionalExecutor.conditionalAction(ConditionalExecutor.java:21), settings.hooks.HooksActions.createUserProfileHandler(HooksActions.java:318), settings.hooks.HooksActions.lambda$testMethodActions$0(HooksActions.java:278), settings.hooks.HooksActions.lambda$testMethodActions$18(HooksActions.java:307), java.base/java.util.stream.ForEachOps$ForEachOp$OfRef.accept(ForEachOps.java:183), java.base/java.util.stream.ReferencePipeline$2$1.accept(ReferencePipeline.java:179), java.base/java.util.Spliterators$ArraySpliterator.forEachRemaining(Spliterators.java:992), java.base/java.util.stream.AbstractPipeline.copyInto(AbstractPipeline.java:509), java.base/java.util.stream.AbstractPipeline.wrapAndCopyInto(AbstractPipeline.java:499), java.base/java.util.stream.ForEachOps$ForEachOp.evaluateSequential(ForEachOps.java:150), java.base/java.util.stream.ForEachOps$ForEachOp$OfRef.evaluateSequential(ForEachOps.java:173), java.base/java.util.stream.AbstractPipeline.evaluate(AbstractPipeline.java:234), java.base/java.util.stream.ReferencePipeline.forEach(ReferencePipeline.java:596), settings.hooks.HooksActions.testMethodActions(HooksActions.java:307), settings.hooks.Hooks.baseBeforeMethod(Hooks.java:110), jdk.internal.reflect.GeneratedMethodAccessor290.invoke(Unknown Source), java.base/jdk.internal.reflect.DelegatingMethodAccessorImpl.invoke(DelegatingMethodAccessorImpl.java:43), java.base/java.lang.reflect.Method.invoke(Method.java:569), org.testng.internal.invokers.MethodInvocationHelper.invokeMethod(MethodInvocationHelper.java:141), org.testng.internal.invokers.MethodInvocationHelper.invokeMethodConsideringTimeout(MethodInvocationHelper.java:71), org.testng.internal.invokers.ConfigInvoker.invokeConfigurationMethod(ConfigInvoker.java:400), org.testng.internal.invokers.ConfigInvoker.invokeConfigurations(ConfigInvoker.java:333), org.testng.internal.invokers.TestInvoker.runConfigMethods(TestInvoker.java:836), org.testng.internal.invokers.TestInvoker.invokeMethod(TestInvoker.java:601), org.testng.internal.invokers.TestInvoker.retryFailed(TestInvoker.java:269), org.testng.internal.invokers.MethodRunner.runInSequence(MethodRunner.java:76), org.testng.internal.invokers.TestInvoker$MethodInvocationAgent.invoke(TestInvoker.java:995), org.testng.internal.invokers.TestInvoker.invokeTestMethods(TestInvoker.java:203), org.testng.internal.invokers.TestMethodWorker.invokeTestMethods(TestMethodWorker.java:154), org.testng.internal.invokers.TestMethodWorker.run(TestMethodWorker.java:134), java.base/java.util.ArrayList.forEach(ArrayList.java:1511), org.testng.TestRunner.privateRun(TestRunner.java:741), org.testng.TestRunner.run(TestRunner.java:616), org.testng.SuiteRunner.runTest(SuiteRunner.java:421), org.testng.SuiteRunner$SuiteWorker.run(SuiteRunner.java:463), org.testng.internal.thread.ThreadUtil.lambda$execute$0(ThreadUtil.java:64), java.base/java.util.concurrent.FutureTask.run(FutureTask.java:264), java.base/java.util.concurrent.ThreadPoolExecutor.runWorker(ThreadPoolExecutor.java:1136), java.base/java.util.concurrent.ThreadPoolExecutor$Worker.run(ThreadPoolExecutor.java:635), java.base/java.lang.Thread.run(Thread.java:840)]","time":{"start":1742491906619,"stop":1742491908177,"duration":1558}},{"uid":"a95c1373ea26817c","reportUrl":"https://circlek-global.github.io/gmbat-tests-eu-mobile-automation/1483//#testresult/a95c1373ea26817c","status":"passed","time":{"start":1742474392886,"stop":1742474705236,"duration":312350}},{"uid":"1ceb3ce497dda1e7","reportUrl":"https://circlek-global.github.io/gmbat-tests-eu-mobile-automation/1471//#testresult/1ceb3ce497dda1e7","status":"skipped","statusDetails":"Authentication failed after 20 seconds of requesting for +48533872000","time":{"start":1742404415214,"stop":1742404415214,"duration":0}},{"uid":"222e53be449c3190","reportUrl":"https://circlek-global.github.io/gmbat-tests-eu-mobile-automation/1456//#testresult/222e53be449c3190","status":"skipped","statusDetails":"The provided search context cannot be null","time":{"start":1742319628849,"stop":1742319628849,"duration":0}},{"uid":"e3acaaf064d0de4d","reportUrl":"https://circlek-global.github.io/gmbat-tests-eu-mobile-automation/1444//#testresult/e3acaaf064d0de4d","status":"broken","statusDetails":"Element [AppiumBy.id: activity-history-screen] wasn't visible after [30] seconds!\nException: org.openqa.selenium.TimeoutException: Expected condition failed: Element [AppiumBy.id: activity-history-screen] wasn't visible after [30] seconds! (tried for 30 second(s) with 250 milliseconds interval)\nFor documentation on this error, please visit: https://www.selenium.dev/documentation/webdriver/troubleshooting/errors#no-such-element-exception\nBuild info: version: '4.19.0', revision: '5f9cec8963'\nSystem info: os.name: 'Linux', os.arch: 'amd64', os.version: '6.8.0-1021-azure', java.version: '17.0.14'\nDriver info: driver.version: unknown","time":{"start":1742233669238,"stop":1742234029230,"duration":359992}},{"uid":"199f2e20f7fdcd2d","reportUrl":"https://circlek-global.github.io/gmbat-tests-eu-mobile-automation/1439//#testresult/199f2e20f7fdcd2d","status":"passed","time":{"start":1742211271338,"stop":1742211601887,"duration":330549}},{"uid":"7ce2ebfb23a4b9df","reportUrl":"https://circlek-global.github.io/gmbat-tests-eu-mobile-automation/1426//#testresult/7ce2ebfb23a4b9df","status":"skipped","statusDetails":"The provided search context cannot be null","time":{"start":1741974057514,"stop":1741974057516,"duration":2}},{"uid":"e0d62673c4a027b4","reportUrl":"https://circlek-global.github.io/gmbat-tests-eu-mobile-automation/1422//#testresult/e0d62673c4a027b4","status":"passed","time":{"start":1741950859828,"stop":1741951197941,"duration":338113}},{"uid":"d41514f8dcdf3ebb","reportUrl":"https://circlek-global.github.io/gmbat-tests-eu-mobile-automation/1412//#testresult/d41514f8dcdf3ebb","status":"passed","time":{"start":1741887095262,"stop":1741887441251,"duration":345989}},{"uid":"3718533cc4b5e37b","reportUrl":"https://circlek-global.github.io/gmbat-tests-eu-mobile-automation/1408//#testresult/3718533cc4b5e37b","status":"passed","time":{"start":1741862336881,"stop":1741862679220,"duration":342339}},{"uid":"a5c11e3517d69a49","reportUrl":"https://circlek-global.github.io/gmbat-tests-eu-mobile-automation/1396//#testresult/a5c11e3517d69a49","status":"broken","statusDetails":"Element [AppiumBy.id: activity-history-screen] wasn't visible after [30] seconds!\nException: org.openqa.selenium.TimeoutException: Expected condition failed: Element [AppiumBy.id: activity-history-screen] wasn't visible after [30] seconds! (tried for 30 second(s) with 250 milliseconds interval)\nFor documentation on this error, please visit: https://www.selenium.dev/documentation/webdriver/troubleshooting/errors#no-such-element-exception\nBuild info: version: '4.19.0', revision: '5f9cec8963'\nSystem info: os.name: 'Linux', os.arch: 'amd64', os.version: '6.8.0-1021-azure', java.version: '17.0.14'\nDriver info: driver.version: unknown","time":{"start":1741801934499,"stop":1741802260982,"duration":326483}},{"uid":"9dcd2f5e63d87a04","reportUrl":"https://circlek-global.github.io/gmbat-tests-eu-mobile-automation/1375//#testresult/9dcd2f5e63d87a04","status":"passed","time":{"start":1741714453588,"stop":1741714834922,"duration":381334}}]},"tags":["CarWash","TierUpgrade"]},"source":"4a2a955982d65cff.json","parameterValues":["GalaxyS20"]}