{"uid":"6dd164bd0217c5e","name":"EXTRA Tier 2 Changing 'Everyday savings' discount from Tier2 to Tier3 - NO","fullName":"testcases.ExtraTier2NOTests.changingEveryDaySavingsDiscountFromTier2ToTier3NO","historyId":"1c5da6c24b9d071508e8f59c7ea25119","time":{"start":1743099131137,"stop":1743099131138,"duration":1},"description":"EXTRA Tier 2 Changing 'Everyday savings' discount from Tier1 to Tier2 - NO","descriptionHtml":"<p>EXTRA Tier 2 Changing 'Everyday savings' discount from Tier1 to Tier2 - NO</p>\n","status":"broken","statusMessage":"Test '[EXTRA Tier 2] Changing 'Everyday savings' discount from Tier2 to Tier3 - NO' failed due to configuration error!\nError details\nCould not start a new session. Response code 500. Message: \n\nStatus Code: 500 - Error while starting appium session: An unknown server-side error occurred while processing the command. Original error: Cannot start the 'com.circlek.gmap.eu.staging' application. Consider checking the driver's troubleshooting documentation. Original error: 'com.circlek.gmap.MainActivity' or 'com.circlek.gmap.eu.staging.com.circlek.gmap.MainActivity' never started. Consider checking the driver's troubleshooting documentation.\n\nBuild info: version: 'unknown', revision: 'unknown', time: 'unknown'\nSystem info: host: 'Sauce Labs RDC', ip: 'N/A', os.name: 'Linux', os.arch: 'amd64', os.version: '6.6.72+', java.version: '17.0.14'\nDriver info: driver.version: unknown \nHost info: host: 'fv-az1388-214', ip: '10.1.0.8'\nBuild info: version: '4.19.0', revision: '5f9cec8963'\nSystem info: os.name: 'Linux', os.arch: 'amd64', os.version: '6.8.0-1021-azure', java.version: '17.0.14'\nDriver info: io.appium.java_client.android.AndroidDriver\nCommand: [null, newSession {capabilities=[Capabilities {appium:app: storage:2155a819-9062-4427-..., appium:appWaitActivity: com.circlek.gmap.MainActivity, appium:appWaitDuration: 80000, appium:autoGrantPermissions: true, appium:automationName: UiAutomator2, appium:deviceName: Samsung Galaxy S23, appium:newCommandTimeout: 90, appium:noReset: false, appium:settings: {disableIdLocatorAutocompletion: true, snapshotMaxDepth: 250}, platformName: ANDROID, sauce:options: {accessKey: 5d20ff7c-06ab-436b-8fe9-20d..., appiumVersion: latest, build: GMAP EU | Thursday: 27-03-2025, cacheId: df615edf-0d9a-4b0f-aefd-410..., name: [EXTRA Tier 2] Changing 'Ev..., username: Kamil}}]}]\nCapabilities {appium:app: storage:2155a819-9062-4427-..., appium:appWaitActivity: com.circlek.gmap.MainActivity, appium:appWaitDuration: 80000, appium:autoGrantPermissions: true, appium:automationName: UiAutomator2, appium:deviceName: Samsung Galaxy S23, appium:newCommandTimeout: 90, appium:noReset: false, appium:settings: {disableIdLocatorAutocompletion: true, snapshotMaxDepth: 250}, platformName: ANDROID, sauce:options: {accessKey: 5d20ff7c-06ab-436b-8fe9-20d..., appiumVersion: latest, build: GMAP EU | Thursday: 27-03-2025, cacheId: df615edf-0d9a-4b0f-aefd-410..., name: [EXTRA Tier 2] Changing 'Ev..., username: Kamil}}\n[org.openqa.selenium.remote.ProtocolHandshake.createSession(ProtocolHandshake.java:114), org.openqa.selenium.remote.ProtocolHandshake.createSession(ProtocolHandshake.java:75), org.openqa.selenium.remote.ProtocolHandshake.createSession(ProtocolHandshake.java:61), io.appium.java_client.remote.AppiumCommandExecutor.createSession(AppiumCommandExecutor.java:176), io.appium.java_client.remote.AppiumCommandExecutor.execute(AppiumCommandExecutor.java:237), org.openqa.selenium.remote.RemoteWebDriver.execute(RemoteWebDriver.java:518), io.appium.java_client.AppiumDriver.startSession(AppiumDriver.java:270), org.openqa.selenium.remote.RemoteWebDriver.<init>(RemoteWebDriver.java:161), io.appium.java_client.AppiumDriver.<init>(AppiumDriver.java:91), io.appium.java_client.AppiumDriver.<init>(AppiumDriver.java:103), io.appium.java_client.android.AndroidDriver.<init>(AndroidDriver.java:109), com.gmap.core.settings.drivers.AppiumDriverManager.getAppiumDriver(AppiumDriverManager.java:34), com.gmap.core.settings.drivers.DriverManager.startDriver(DriverManager.java:28), com.gmap.core.settings.TestSettings.setupTestConfig(TestSettings.java:59), settings.hooks.Hooks.baseBeforeMethod(Hooks.java:107), jdk.internal.reflect.GeneratedMethodAccessor103.invoke(Unknown Source), java.base/jdk.internal.reflect.DelegatingMethodAccessorImpl.invoke(DelegatingMethodAccessorImpl.java:43), java.base/java.lang.reflect.Method.invoke(Method.java:569), org.testng.internal.invokers.MethodInvocationHelper.invokeMethod(MethodInvocationHelper.java:141), org.testng.internal.invokers.MethodInvocationHelper.invokeMethodConsideringTimeout(MethodInvocationHelper.java:71), org.testng.internal.invokers.ConfigInvoker.invokeConfigurationMethod(ConfigInvoker.java:400), org.testng.internal.invokers.ConfigInvoker.invokeConfigurations(ConfigInvoker.java:333), org.testng.internal.invokers.TestInvoker.runConfigMethods(TestInvoker.java:836), org.testng.internal.invokers.TestInvoker.invokeMethod(TestInvoker.java:601), org.testng.internal.invokers.TestInvoker.retryFailed(TestInvoker.java:269), org.testng.internal.invokers.MethodRunner.runInSequence(MethodRunner.java:76), org.testng.internal.invokers.TestInvoker$MethodInvocationAgent.invoke(TestInvoker.java:995), org.testng.internal.invokers.TestInvoker.invokeTestMethods(TestInvoker.java:203), org.testng.internal.invokers.TestMethodWorker.invokeTestMethods(TestMethodWorker.java:154), org.testng.internal.invokers.TestMethodWorker.run(TestMethodWorker.java:134), java.base/java.util.ArrayList.forEach(ArrayList.java:1511), org.testng.TestRunner.privateRun(TestRunner.java:741), org.testng.TestRunner.run(TestRunner.java:616), org.testng.SuiteRunner.runTest(SuiteRunner.java:421), org.testng.SuiteRunner$SuiteWorker.run(SuiteRunner.java:463), org.testng.internal.thread.ThreadUtil.lambda$execute$0(ThreadUtil.java:64), java.base/java.util.concurrent.FutureTask.run(FutureTask.java:264), java.base/java.util.concurrent.ThreadPoolExecutor.runWorker(ThreadPoolExecutor.java:1136), java.base/java.util.concurrent.ThreadPoolExecutor$Worker.run(ThreadPoolExecutor.java:635), java.base/java.lang.Thread.run(Thread.java:840)]","statusTrace":"java.lang.IllegalStateException: Test '[EXTRA Tier 2] Changing 'Everyday savings' discount from Tier2 to Tier3 - NO' failed due to configuration error!\nError details\nCould not start a new session. Response code 500. Message: \n\nStatus Code: 500 - Error while starting appium session: An unknown server-side error occurred while processing the command. Original error: Cannot start the 'com.circlek.gmap.eu.staging' application. Consider checking the driver's troubleshooting documentation. Original error: 'com.circlek.gmap.MainActivity' or 'com.circlek.gmap.eu.staging.com.circlek.gmap.MainActivity' never started. Consider checking the driver's troubleshooting documentation.\n\nBuild info: version: 'unknown', revision: 'unknown', time: 'unknown'\nSystem info: host: 'Sauce Labs RDC', ip: 'N/A', os.name: 'Linux', os.arch: 'amd64', os.version: '6.6.72+', java.version: '17.0.14'\nDriver info: driver.version: unknown \nHost info: host: 'fv-az1388-214', ip: '10.1.0.8'\nBuild info: version: '4.19.0', revision: '5f9cec8963'\nSystem info: os.name: 'Linux', os.arch: 'amd64', os.version: '6.8.0-1021-azure', java.version: '17.0.14'\nDriver info: io.appium.java_client.android.AndroidDriver\nCommand: [null, newSession {capabilities=[Capabilities {appium:app: storage:2155a819-9062-4427-..., appium:appWaitActivity: com.circlek.gmap.MainActivity, appium:appWaitDuration: 80000, appium:autoGrantPermissions: true, appium:automationName: UiAutomator2, appium:deviceName: Samsung Galaxy S23, appium:newCommandTimeout: 90, appium:noReset: false, appium:settings: {disableIdLocatorAutocompletion: true, snapshotMaxDepth: 250}, platformName: ANDROID, sauce:options: {accessKey: 5d20ff7c-06ab-436b-8fe9-20d..., appiumVersion: latest, build: GMAP EU | Thursday: 27-03-2025, cacheId: df615edf-0d9a-4b0f-aefd-410..., name: [EXTRA Tier 2] Changing 'Ev..., username: Kamil}}]}]\nCapabilities {appium:app: storage:2155a819-9062-4427-..., appium:appWaitActivity: com.circlek.gmap.MainActivity, appium:appWaitDuration: 80000, appium:autoGrantPermissions: true, appium:automationName: UiAutomator2, appium:deviceName: Samsung Galaxy S23, appium:newCommandTimeout: 90, appium:noReset: false, appium:settings: {disableIdLocatorAutocompletion: true, snapshotMaxDepth: 250}, platformName: ANDROID, sauce:options: {accessKey: 5d20ff7c-06ab-436b-8fe9-20d..., appiumVersion: latest, build: GMAP EU | Thursday: 27-03-2025, cacheId: df615edf-0d9a-4b0f-aefd-410..., name: [EXTRA Tier 2] Changing 'Ev..., username: Kamil}}\n[org.openqa.selenium.remote.ProtocolHandshake.createSession(ProtocolHandshake.java:114), org.openqa.selenium.remote.ProtocolHandshake.createSession(ProtocolHandshake.java:75), org.openqa.selenium.remote.ProtocolHandshake.createSession(ProtocolHandshake.java:61), io.appium.java_client.remote.AppiumCommandExecutor.createSession(AppiumCommandExecutor.java:176), io.appium.java_client.remote.AppiumCommandExecutor.execute(AppiumCommandExecutor.java:237), org.openqa.selenium.remote.RemoteWebDriver.execute(RemoteWebDriver.java:518), io.appium.java_client.AppiumDriver.startSession(AppiumDriver.java:270), org.openqa.selenium.remote.RemoteWebDriver.<init>(RemoteWebDriver.java:161), io.appium.java_client.AppiumDriver.<init>(AppiumDriver.java:91), io.appium.java_client.AppiumDriver.<init>(AppiumDriver.java:103), io.appium.java_client.android.AndroidDriver.<init>(AndroidDriver.java:109), com.gmap.core.settings.drivers.AppiumDriverManager.getAppiumDriver(AppiumDriverManager.java:34), com.gmap.core.settings.drivers.DriverManager.startDriver(DriverManager.java:28), com.gmap.core.settings.TestSettings.setupTestConfig(TestSettings.java:59), settings.hooks.Hooks.baseBeforeMethod(Hooks.java:107), jdk.internal.reflect.GeneratedMethodAccessor103.invoke(Unknown Source), java.base/jdk.internal.reflect.DelegatingMethodAccessorImpl.invoke(DelegatingMethodAccessorImpl.java:43), java.base/java.lang.reflect.Method.invoke(Method.java:569), org.testng.internal.invokers.MethodInvocationHelper.invokeMethod(MethodInvocationHelper.java:141), org.testng.internal.invokers.MethodInvocationHelper.invokeMethodConsideringTimeout(MethodInvocationHelper.java:71), org.testng.internal.invokers.ConfigInvoker.invokeConfigurationMethod(ConfigInvoker.java:400), org.testng.internal.invokers.ConfigInvoker.invokeConfigurations(ConfigInvoker.java:333), org.testng.internal.invokers.TestInvoker.runConfigMethods(TestInvoker.java:836), org.testng.internal.invokers.TestInvoker.invokeMethod(TestInvoker.java:601), org.testng.internal.invokers.TestInvoker.retryFailed(TestInvoker.java:269), org.testng.internal.invokers.MethodRunner.runInSequence(MethodRunner.java:76), org.testng.internal.invokers.TestInvoker$MethodInvocationAgent.invoke(TestInvoker.java:995), org.testng.internal.invokers.TestInvoker.invokeTestMethods(TestInvoker.java:203), org.testng.internal.invokers.TestMethodWorker.invokeTestMethods(TestMethodWorker.java:154), org.testng.internal.invokers.TestMethodWorker.run(TestMethodWorker.java:134), java.base/java.util.ArrayList.forEach(ArrayList.java:1511), org.testng.TestRunner.privateRun(TestRunner.java:741), org.testng.TestRunner.run(TestRunner.java:616), org.testng.SuiteRunner.runTest(SuiteRunner.java:421), org.testng.SuiteRunner$SuiteWorker.run(SuiteRunner.java:463), org.testng.internal.thread.ThreadUtil.lambda$execute$0(ThreadUtil.java:64), java.base/java.util.concurrent.FutureTask.run(FutureTask.java:264), java.base/java.util.concurrent.ThreadPoolExecutor.runWorker(ThreadPoolExecutor.java:1136), java.base/java.util.concurrent.ThreadPoolExecutor$Worker.run(ThreadPoolExecutor.java:635), java.base/java.lang.Thread.run(Thread.java:840)]\n\tat com.gmap.core.HooksConfiguration.checkHookConfiguration(HooksConfiguration.java:104)\n\tat settings.hooks.Hooks.run(Hooks.java:58)\n\tat org.testng.internal.invokers.MethodInvocationHelper.invokeHookable(MethodInvocationHelper.java:274)\n\tat org.testng.internal.invokers.TestInvoker.invokeMethod(TestInvoker.java:679)\n\tat org.testng.internal.invokers.TestInvoker.retryFailed(TestInvoker.java:269)\n\tat org.testng.internal.invokers.MethodRunner.runInSequence(MethodRunner.java:76)\n\tat org.testng.internal.invokers.TestInvoker$MethodInvocationAgent.invoke(TestInvoker.java:995)\n\tat org.testng.internal.invokers.TestInvoker.invokeTestMethods(TestInvoker.java:203)\n\tat org.testng.internal.invokers.TestMethodWorker.invokeTestMethods(TestMethodWorker.java:154)\n\tat org.testng.internal.invokers.TestMethodWorker.run(TestMethodWorker.java:134)\n\tat java.base/java.util.ArrayList.forEach(ArrayList.java:1511)\n\tat org.testng.TestRunner.privateRun(TestRunner.java:741)\n\tat org.testng.TestRunner.run(TestRunner.java:616)\n\tat org.testng.SuiteRunner.runTest(SuiteRunner.java:421)\n\tat org.testng.SuiteRunner$SuiteWorker.run(SuiteRunner.java:463)\n\tat org.testng.internal.thread.ThreadUtil.lambda$execute$0(ThreadUtil.java:64)\n\tat java.base/java.util.concurrent.FutureTask.run(FutureTask.java:264)\n\tat java.base/java.util.concurrent.ThreadPoolExecutor.runWorker(ThreadPoolExecutor.java:1136)\n\tat java.base/java.util.concurrent.ThreadPoolExecutor$Worker.run(ThreadPoolExecutor.java:635)\n\tat java.base/java.lang.Thread.run(Thread.java:840)\n","flaky":false,"newFailed":false,"newBroken":false,"newPassed":false,"retriesCount":1,"retriesStatusChange":true,"beforeStages":[{"name":"Base Before Test","time":{"start":1743095083909,"stop":1743095083909,"duration":0},"description":"Base Before Test","status":"passed","steps":[],"attachments":[],"parameters":[],"shouldDisplayMessage":false,"stepsCount":0,"attachmentsCount":0,"hasContent":false,"attachmentStep":false},{"name":"springTestContextBeforeTestClass","time":{"start":1743095084030,"stop":1743095084038,"duration":8},"description":"","status":"passed","steps":[],"attachments":[],"parameters":[],"shouldDisplayMessage":false,"stepsCount":0,"attachmentsCount":0,"hasContent":false,"attachmentStep":false},{"name":"springTestContextPrepareTestInstance","time":{"start":1743095084039,"stop":1743095085245,"duration":1206},"description":"","status":"passed","steps":[],"attachments":[],"parameters":[],"shouldDisplayMessage":false,"stepsCount":0,"attachmentsCount":0,"hasContent":false,"attachmentStep":false},{"name":"Base Before Class","time":{"start":1743095085254,"stop":1743095085260,"duration":6},"description":"Base Before Class","status":"passed","steps":[],"attachments":[],"parameters":[],"shouldDisplayMessage":false,"stepsCount":0,"attachmentsCount":0,"hasContent":false,"attachmentStep":false},{"name":"springTestContextBeforeTestMethod","time":{"start":1743098735165,"stop":1743098735165,"duration":0},"description":"","status":"passed","steps":[],"attachments":[],"parameters":[],"shouldDisplayMessage":false,"stepsCount":0,"attachmentsCount":0,"hasContent":false,"attachmentStep":false},{"name":"Base Before Test Method","time":{"start":1743098735166,"stop":1743099131135,"duration":395969},"description":"Base Before Test Method","status":"passed","steps":[],"attachments":[],"parameters":[],"shouldDisplayMessage":false,"stepsCount":0,"attachmentsCount":0,"hasContent":false,"attachmentStep":false},{"name":"initTestConfig","time":{"start":1743099131136,"stop":1743099131136,"duration":0},"description":"","status":"passed","steps":[],"attachments":[],"parameters":[],"shouldDisplayMessage":false,"stepsCount":0,"attachmentsCount":0,"hasContent":false,"attachmentStep":false}],"afterStages":[{"name":"Base After Test Method","time":{"start":1743099131139,"stop":1743099131140,"duration":1},"description":"Base After Test Method","status":"passed","steps":[],"attachments":[],"parameters":[],"shouldDisplayMessage":false,"stepsCount":0,"attachmentsCount":0,"hasContent":false,"attachmentStep":false},{"name":"springTestContextAfterTestMethod","time":{"start":1743099131140,"stop":1743099131140,"duration":0},"description":"","status":"passed","steps":[],"attachments":[],"parameters":[],"shouldDisplayMessage":false,"stepsCount":0,"attachmentsCount":0,"hasContent":false,"attachmentStep":false},{"name":"Base After Class","time":{"start":1743099819815,"stop":1743099819815,"duration":0},"description":"Base After Class","status":"passed","steps":[],"attachments":[],"parameters":[],"shouldDisplayMessage":false,"stepsCount":0,"attachmentsCount":0,"hasContent":false,"attachmentStep":false},{"name":"springTestContextAfterTestClass","time":{"start":1743099819815,"stop":1743099819816,"duration":1},"description":"","status":"passed","steps":[],"attachments":[],"parameters":[],"shouldDisplayMessage":false,"stepsCount":0,"attachmentsCount":0,"hasContent":false,"attachmentStep":false},{"name":"Base After Test","time":{"start":1743099819816,"stop":1743099819816,"duration":0},"description":"Base After Test","status":"passed","steps":[],"attachments":[],"parameters":[],"shouldDisplayMessage":false,"stepsCount":0,"attachmentsCount":0,"hasContent":false,"attachmentStep":false}],"labels":[{"name":"package","value":"testcases.ExtraTier2NOTests"},{"name":"testClass","value":"testcases.ExtraTier2NOTests"},{"name":"testMethod","value":"changingEveryDaySavingsDiscountFromTier2ToTier3NO"},{"name":"parentSuite","value":"GMAP EU Mobile Test Automation - [ANDROID PARALLEL XML SUITE]"},{"name":"suite","value":"GMAP Tests | Extra Tier 2 NO"},{"name":"subSuite","value":"testcases.ExtraTier2NOTests"},{"name":"host","value":"fv-az1388-214"},{"name":"thread","value":"2019@fv-az1388-214.TestNG-tests-5(26)"},{"name":"framework","value":"testng"},{"name":"language","value":"java"},{"name":"story","value":"[GMAP] Tier discount upgrade"},{"name":"owner","value":"Dominik Jakubaszek - [dominik.jakubaszek@circlekeurope.com]"},{"name":"tag","value":"TierUpgrade"},{"name":"tag","value":"CarWash"},{"name":"feature","value":"[GMAP] CW consumption"},{"name":"epic","value":"[GMAP] Extra"},{"name":"severity","value":"normal"},{"name":"resultFormat","value":"allure2"}],"parameters":[{"name":"deviceConfig","value":"SamsungGalaxyS23"}],"links":[{"name":"N/A","url":"https://circlek.atlassian.net/browse/N/A","type":"issue"},{"name":"NGRPRG-32963","url":"https://circlek.atlassian.net/browse/NGRPRG-32963","type":"tms"}],"hidden":false,"retry":false,"extra":{"severity":"normal","owner":"Dominik Jakubaszek - [dominik.jakubaszek@circlekeurope.com]","retries":[{"uid":"c1399c353896b2fe","status":"skipped","statusDetails":"Test '[EXTRA Tier 2] Changing 'Everyday savings' discount from Tier2 to Tier3 - NO' failed due to configuration error!\nError details\nCould not start a new session. Response code 500. Message: \n\nStatus Code: 500 - Error while starting appium session: An unknown server-side error occurred while processing the command. Original error: Cannot start the 'com.circlek.gmap.eu.staging' application. Consider checking the driver's troubleshooting documentation. Original error: 'com.circlek.gmap.MainActivity' or 'com.circlek.gmap.eu.staging.com.circlek.gmap.MainActivity' never started. Consider checking the driver's troubleshooting documentation.\n\nBuild info: version: 'unknown', revision: 'unknown', time: 'unknown'\nSystem info: host: 'Sauce Labs RDC', ip: 'N/A', os.name: 'Linux', os.arch: 'amd64', os.version: '6.6.72+', java.version: '17.0.14'\nDriver info: driver.version: unknown \nHost info: host: 'fv-az1388-214', ip: '10.1.0.8'\nBuild info: version: '4.19.0', revision: '5f9cec8963'\nSystem info: os.name: 'Linux', os.arch: 'amd64', os.version: '6.8.0-1021-azure', java.version: '17.0.14'\nDriver info: io.appium.java_client.android.AndroidDriver\nCommand: [null, newSession {capabilities=[Capabilities {appium:app: storage:2155a819-9062-4427-..., appium:appWaitActivity: com.circlek.gmap.MainActivity, appium:appWaitDuration: 80000, appium:autoGrantPermissions: true, appium:automationName: UiAutomator2, appium:deviceName: Samsung Galaxy S23, appium:newCommandTimeout: 90, appium:noReset: false, appium:settings: {disableIdLocatorAutocompletion: true, snapshotMaxDepth: 250}, platformName: ANDROID, sauce:options: {accessKey: 5d20ff7c-06ab-436b-8fe9-20d..., appiumVersion: latest, build: GMAP EU | Thursday: 27-03-2025, cacheId: 922ceed3-b893-4025-84fc-41a..., name: [EXTRA Tier 2] Changing 'Ev..., username: Kamil}}]}]\nCapabilities {appium:app: storage:2155a819-9062-4427-..., appium:appWaitActivity: com.circlek.gmap.MainActivity, appium:appWaitDuration: 80000, appium:autoGrantPermissions: true, appium:automationName: UiAutomator2, appium:deviceName: Samsung Galaxy S23, appium:newCommandTimeout: 90, appium:noReset: false, appium:settings: {disableIdLocatorAutocompletion: true, snapshotMaxDepth: 250}, platformName: ANDROID, sauce:options: {accessKey: 5d20ff7c-06ab-436b-8fe9-20d..., appiumVersion: latest, build: GMAP EU | Thursday: 27-03-2025, cacheId: 922ceed3-b893-4025-84fc-41a..., name: [EXTRA Tier 2] Changing 'Ev..., username: Kamil}}\n[org.openqa.selenium.remote.ProtocolHandshake.createSession(ProtocolHandshake.java:114), org.openqa.selenium.remote.ProtocolHandshake.createSession(ProtocolHandshake.java:75), org.openqa.selenium.remote.ProtocolHandshake.createSession(ProtocolHandshake.java:61), io.appium.java_client.remote.AppiumCommandExecutor.createSession(AppiumCommandExecutor.java:176), io.appium.java_client.remote.AppiumCommandExecutor.execute(AppiumCommandExecutor.java:237), org.openqa.selenium.remote.RemoteWebDriver.execute(RemoteWebDriver.java:518), io.appium.java_client.AppiumDriver.startSession(AppiumDriver.java:270), org.openqa.selenium.remote.RemoteWebDriver.<init>(RemoteWebDriver.java:161), io.appium.java_client.AppiumDriver.<init>(AppiumDriver.java:91), io.appium.java_client.AppiumDriver.<init>(AppiumDriver.java:103), io.appium.java_client.android.AndroidDriver.<init>(AndroidDriver.java:109), com.gmap.core.settings.drivers.AppiumDriverManager.getAppiumDriver(AppiumDriverManager.java:34), com.gmap.core.settings.drivers.DriverManager.startDriver(DriverManager.java:28), com.gmap.core.settings.TestSettings.setupTestConfig(TestSettings.java:59), settings.hooks.Hooks.baseBeforeMethod(Hooks.java:107), jdk.internal.reflect.GeneratedMethodAccessor103.invoke(Unknown Source), java.base/jdk.internal.reflect.DelegatingMethodAccessorImpl.invoke(DelegatingMethodAccessorImpl.java:43), java.base/java.lang.reflect.Method.invoke(Method.java:569), org.testng.internal.invokers.MethodInvocationHelper.invokeMethod(MethodInvocationHelper.java:141), org.testng.internal.invokers.MethodInvocationHelper.invokeMethodConsideringTimeout(MethodInvocationHelper.java:71), org.testng.internal.invokers.ConfigInvoker.invokeConfigurationMethod(ConfigInvoker.java:400), org.testng.internal.invokers.ConfigInvoker.invokeConfigurations(ConfigInvoker.java:333), org.testng.internal.invokers.TestInvoker.runConfigMethods(TestInvoker.java:836), org.testng.internal.invokers.TestInvoker.invokeMethod(TestInvoker.java:601), org.testng.internal.invokers.TestInvoker.invokeTestMethod(TestInvoker.java:230), org.testng.internal.invokers.MethodRunner.runInSequence(MethodRunner.java:63), org.testng.internal.invokers.TestInvoker$MethodInvocationAgent.invoke(TestInvoker.java:995), org.testng.internal.invokers.TestInvoker.invokeTestMethods(TestInvoker.java:203), org.testng.internal.invokers.TestMethodWorker.invokeTestMethods(TestMethodWorker.java:154), org.testng.internal.invokers.TestMethodWorker.run(TestMethodWorker.java:134), java.base/java.util.ArrayList.forEach(ArrayList.java:1511), org.testng.TestRunner.privateRun(TestRunner.java:741), org.testng.TestRunner.run(TestRunner.java:616), org.testng.SuiteRunner.runTest(SuiteRunner.java:421), org.testng.SuiteRunner$SuiteWorker.run(SuiteRunner.java:463), org.testng.internal.thread.ThreadUtil.lambda$execute$0(ThreadUtil.java:64), java.base/java.util.concurrent.FutureTask.run(FutureTask.java:264), java.base/java.util.concurrent.ThreadPoolExecutor.runWorker(ThreadPoolExecutor.java:1136), java.base/java.util.concurrent.ThreadPoolExecutor$Worker.run(ThreadPoolExecutor.java:635), java.base/java.lang.Thread.run(Thread.java:840)]","time":{"start":1743098735161,"stop":1743098735162,"duration":1}}],"categories":[{"name":"Test defects","matchedStatuses":[],"flaky":false}],"history":{"statistic":{"failed":2,"broken":55,"skipped":30,"passed":104,"unknown":0,"total":191},"items":[{"uid":"6cdf3acb894c747c","reportUrl":"https://circlek-global.github.io/gmbat-tests-eu-mobile-automation/1558//#testresult/6cdf3acb894c747c","status":"broken","statusDetails":"Element [By.xpath: //android.widget.TextView[contains(@text, 'Sooo close!') and contains(@text, '45 øre/l') and contains(@text, '45 øre/kWh')]] wasn't visible after [15] seconds!\nException: org.openqa.selenium.TimeoutException: Expected condition failed: Element [By.xpath: //android.widget.TextView[contains(@text, 'Sooo close!') and contains(@text, '45 øre/l') and contains(@text, '45 øre/kWh')]] wasn't visible after [15] seconds! (tried for 15 second(s) with 250 milliseconds interval)\nFor documentation on this error, please visit: https://www.selenium.dev/documentation/webdriver/troubleshooting/errors#no-such-element-exception\nBuild info: version: '4.19.0', revision: '5f9cec8963'\nSystem info: os.name: 'Linux', os.arch: 'amd64', os.version: '6.8.0-1021-azure', java.version: '17.0.14'\nDriver info: driver.version: unknown","time":{"start":1743079193235,"stop":1743079380013,"duration":186778}},{"uid":"e8fade2f4a43170b","reportUrl":"https://circlek-global.github.io/gmbat-tests-eu-mobile-automation/1548//#testresult/e8fade2f4a43170b","status":"broken","statusDetails":"Test '[EXTRA Tier 2] Changing 'Everyday savings' discount from Tier2 to Tier3 - NO' failed due to configuration error!\nError details\nCould not start a new session. Response code 500. Message: \n\nStatus Code: 500 - Error while starting appium session: An unknown server-side error occurred while processing the command. Original error: Cannot start the 'com.circlek.gmap.eu.staging' application. Consider checking the driver's troubleshooting documentation. Original error: 'com.circlek.gmap.MainActivity' or 'com.circlek.gmap.eu.staging.com.circlek.gmap.MainActivity' never started. Consider checking the driver's troubleshooting documentation.\n\nBuild info: version: 'unknown', revision: 'unknown', time: 'unknown'\nSystem info: host: 'Sauce Labs RDC', ip: 'N/A', os.name: 'Linux', os.arch: 'amd64', os.version: '6.6.72+', java.version: '17.0.14'\nDriver info: driver.version: unknown \nHost info: host: 'fv-az2055-539', ip: '10.1.0.224'\nBuild info: version: '4.19.0', revision: '5f9cec8963'\nSystem info: os.name: 'Linux', os.arch: 'amd64', os.version: '6.8.0-1021-azure', java.version: '17.0.14'\nDriver info: io.appium.java_client.android.AndroidDriver\nCommand: [null, newSession {capabilities=[Capabilities {appium:app: storage:6a620a13-da71-4613-..., appium:appWaitActivity: com.circlek.gmap.MainActivity, appium:appWaitDuration: 80000, appium:autoGrantPermissions: true, appium:automationName: UiAutomator2, appium:deviceName: Samsung Galaxy S23, appium:newCommandTimeout: 90, appium:noReset: false, appium:settings: {disableIdLocatorAutocompletion: true, snapshotMaxDepth: 250}, platformName: ANDROID, sauce:options: {accessKey: 5d20ff7c-06ab-436b-8fe9-20d..., appiumVersion: latest, build: GMAP EU | Wednesday: 26-03-..., cacheId: be483ba0-6dd1-46d5-bb75-f59..., name: [EXTRA Tier 2] Changing 'Ev..., username: Kamil}}]}]\nCapabilities {appium:app: storage:6a620a13-da71-4613-..., appium:appWaitActivity: com.circlek.gmap.MainActivity, appium:appWaitDuration: 80000, appium:autoGrantPermissions: true, appium:automationName: UiAutomator2, appium:deviceName: Samsung Galaxy S23, appium:newCommandTimeout: 90, appium:noReset: false, appium:settings: {disableIdLocatorAutocompletion: true, snapshotMaxDepth: 250}, platformName: ANDROID, sauce:options: {accessKey: 5d20ff7c-06ab-436b-8fe9-20d..., appiumVersion: latest, build: GMAP EU | Wednesday: 26-03-..., cacheId: be483ba0-6dd1-46d5-bb75-f59..., name: [EXTRA Tier 2] Changing 'Ev..., username: Kamil}}\n[org.openqa.selenium.remote.ProtocolHandshake.createSession(ProtocolHandshake.java:114), org.openqa.selenium.remote.ProtocolHandshake.createSession(ProtocolHandshake.java:75), org.openqa.selenium.remote.ProtocolHandshake.createSession(ProtocolHandshake.java:61), io.appium.java_client.remote.AppiumCommandExecutor.createSession(AppiumCommandExecutor.java:176), io.appium.java_client.remote.AppiumCommandExecutor.execute(AppiumCommandExecutor.java:237), org.openqa.selenium.remote.RemoteWebDriver.execute(RemoteWebDriver.java:518), io.appium.java_client.AppiumDriver.startSession(AppiumDriver.java:270), org.openqa.selenium.remote.RemoteWebDriver.<init>(RemoteWebDriver.java:161), io.appium.java_client.AppiumDriver.<init>(AppiumDriver.java:91), io.appium.java_client.AppiumDriver.<init>(AppiumDriver.java:103), io.appium.java_client.android.AndroidDriver.<init>(AndroidDriver.java:109), com.gmap.core.settings.drivers.AppiumDriverManager.getAppiumDriver(AppiumDriverManager.java:34), com.gmap.core.settings.drivers.DriverManager.startDriver(DriverManager.java:28), com.gmap.core.settings.TestSettings.setupTestConfig(TestSettings.java:59), settings.hooks.Hooks.baseBeforeMethod(Hooks.java:107), jdk.internal.reflect.GeneratedMethodAccessor88.invoke(Unknown Source), java.base/jdk.internal.reflect.DelegatingMethodAccessorImpl.invoke(DelegatingMethodAccessorImpl.java:43), java.base/java.lang.reflect.Method.invoke(Method.java:569), org.testng.internal.invokers.MethodInvocationHelper.invokeMethod(MethodInvocationHelper.java:141), org.testng.internal.invokers.MethodInvocationHelper.invokeMethodConsideringTimeout(MethodInvocationHelper.java:71), org.testng.internal.invokers.ConfigInvoker.invokeConfigurationMethod(ConfigInvoker.java:400), org.testng.internal.invokers.ConfigInvoker.invokeConfigurations(ConfigInvoker.java:333), org.testng.internal.invokers.TestInvoker.runConfigMethods(TestInvoker.java:836), org.testng.internal.invokers.TestInvoker.invokeMethod(TestInvoker.java:601), org.testng.internal.invokers.TestInvoker.retryFailed(TestInvoker.java:269), org.testng.internal.invokers.MethodRunner.runInSequence(MethodRunner.java:76), org.testng.internal.invokers.TestInvoker$MethodInvocationAgent.invoke(TestInvoker.java:995), org.testng.internal.invokers.TestInvoker.invokeTestMethods(TestInvoker.java:203), org.testng.internal.invokers.TestMethodWorker.invokeTestMethods(TestMethodWorker.java:154), org.testng.internal.invokers.TestMethodWorker.run(TestMethodWorker.java:134), java.base/java.util.ArrayList.forEach(ArrayList.java:1511), org.testng.TestRunner.privateRun(TestRunner.java:741), org.testng.TestRunner.run(TestRunner.java:616), org.testng.SuiteRunner.runTest(SuiteRunner.java:421), org.testng.SuiteRunner$SuiteWorker.run(SuiteRunner.java:463), org.testng.internal.thread.ThreadUtil.lambda$execute$0(ThreadUtil.java:64), java.base/java.util.concurrent.FutureTask.run(FutureTask.java:264), java.base/java.util.concurrent.ThreadPoolExecutor.runWorker(ThreadPoolExecutor.java:1136), java.base/java.util.concurrent.ThreadPoolExecutor$Worker.run(ThreadPoolExecutor.java:635), java.base/java.lang.Thread.run(Thread.java:840)]","time":{"start":1743012662157,"stop":1743012662157,"duration":0}},{"uid":"582cf9054c67efa2","reportUrl":"https://circlek-global.github.io/gmbat-tests-eu-mobile-automation/1544//#testresult/582cf9054c67efa2","status":"passed","time":{"start":1742981354241,"stop":1742981675516,"duration":321275}},{"uid":"4d11e746d58cf04d","reportUrl":"https://circlek-global.github.io/gmbat-tests-eu-mobile-automation/1532//#testresult/4d11e746d58cf04d","status":"skipped","statusDetails":"The provided search context cannot be null","time":{"start":1742924331382,"stop":1742924331382,"duration":0}},{"uid":"3c966816f9b816d5","reportUrl":"https://circlek-global.github.io/gmbat-tests-eu-mobile-automation/1527//#testresult/3c966816f9b816d5","status":"passed","time":{"start":1742912865111,"stop":1742913231366,"duration":366255}},{"uid":"cbeeb1b8c99e3347","reportUrl":"https://circlek-global.github.io/gmbat-tests-eu-mobile-automation/1512//#testresult/cbeeb1b8c99e3347","status":"failed","statusDetails":"[Actual text doesn't match expected text!] \nexpected: \"Mar 24, 2025\"\n but was: \"Mar 23, 2025\"","time":{"start":1742839295858,"stop":1742839648851,"duration":352993}},{"uid":"1e4e3ccac43e2f0d","reportUrl":"https://circlek-global.github.io/gmbat-tests-eu-mobile-automation/1499//#testresult/1e4e3ccac43e2f0d","status":"passed","time":{"start":1742578806799,"stop":1742579171056,"duration":364257}},{"uid":"edf14052a5140529","reportUrl":"https://circlek-global.github.io/gmbat-tests-eu-mobile-automation/1495//#testresult/edf14052a5140529","status":"passed","time":{"start":1742561012120,"stop":1742561351273,"duration":339153}},{"uid":"fa989cd06e80b0db","reportUrl":"https://circlek-global.github.io/gmbat-tests-eu-mobile-automation/1485//#testresult/fa989cd06e80b0db","status":"broken","statusDetails":"Test '[EXTRA Tier 2] Changing 'Everyday savings' discount from Tier2 to Tier3 - NO' failed due to configuration error!\nError details\nAuthentication failed after 30 seconds of requesting for +48697303000\n[com.gmap.core.common.utils.GMAPUtils.getUserAuthData(GMAPUtils.java:189), com.gmap.core.common.utils.GMAPUtils.getUserBearerToken(GMAPUtils.java:142), com.gmap.core.common.utils.GMAPUtils.getUserBearerTokenByPhoneNumberAndPassword(GMAPUtils.java:113), com.gmap.core.common.utils.GMAPUtils.getBearerTokenFromUserProfileUsingPasswordFactor(GMAPUtils.java:100), settings.hooks.HooksActions.handleCreateUserProfile(HooksActions.java:581), settings.hooks.HooksActions.lambda$createUserProfileHandler$21(HooksActions.java:319), com.gmap.core.interfaces.ConditionalExecutor.conditionalAction(ConditionalExecutor.java:21), settings.hooks.HooksActions.createUserProfileHandler(HooksActions.java:318), settings.hooks.HooksActions.lambda$testMethodActions$0(HooksActions.java:278), settings.hooks.HooksActions.lambda$testMethodActions$18(HooksActions.java:307), java.base/java.util.stream.ForEachOps$ForEachOp$OfRef.accept(ForEachOps.java:183), java.base/java.util.stream.ReferencePipeline$2$1.accept(ReferencePipeline.java:179), java.base/java.util.Spliterators$ArraySpliterator.forEachRemaining(Spliterators.java:992), java.base/java.util.stream.AbstractPipeline.copyInto(AbstractPipeline.java:509), java.base/java.util.stream.AbstractPipeline.wrapAndCopyInto(AbstractPipeline.java:499), java.base/java.util.stream.ForEachOps$ForEachOp.evaluateSequential(ForEachOps.java:150), java.base/java.util.stream.ForEachOps$ForEachOp$OfRef.evaluateSequential(ForEachOps.java:173), java.base/java.util.stream.AbstractPipeline.evaluate(AbstractPipeline.java:234), java.base/java.util.stream.ReferencePipeline.forEach(ReferencePipeline.java:596), settings.hooks.HooksActions.testMethodActions(HooksActions.java:307), settings.hooks.Hooks.baseBeforeMethod(Hooks.java:110), jdk.internal.reflect.GeneratedMethodAccessor290.invoke(Unknown Source), java.base/jdk.internal.reflect.DelegatingMethodAccessorImpl.invoke(DelegatingMethodAccessorImpl.java:43), java.base/java.lang.reflect.Method.invoke(Method.java:569), org.testng.internal.invokers.MethodInvocationHelper.invokeMethod(MethodInvocationHelper.java:141), org.testng.internal.invokers.MethodInvocationHelper.invokeMethodConsideringTimeout(MethodInvocationHelper.java:71), org.testng.internal.invokers.ConfigInvoker.invokeConfigurationMethod(ConfigInvoker.java:400), org.testng.internal.invokers.ConfigInvoker.invokeConfigurations(ConfigInvoker.java:333), org.testng.internal.invokers.TestInvoker.runConfigMethods(TestInvoker.java:836), org.testng.internal.invokers.TestInvoker.invokeMethod(TestInvoker.java:601), org.testng.internal.invokers.TestInvoker.retryFailed(TestInvoker.java:269), org.testng.internal.invokers.MethodRunner.runInSequence(MethodRunner.java:76), org.testng.internal.invokers.TestInvoker$MethodInvocationAgent.invoke(TestInvoker.java:995), org.testng.internal.invokers.TestInvoker.invokeTestMethods(TestInvoker.java:203), org.testng.internal.invokers.TestMethodWorker.invokeTestMethods(TestMethodWorker.java:154), org.testng.internal.invokers.TestMethodWorker.run(TestMethodWorker.java:134), java.base/java.util.ArrayList.forEach(ArrayList.java:1511), org.testng.TestRunner.privateRun(TestRunner.java:741), org.testng.TestRunner.run(TestRunner.java:616), org.testng.SuiteRunner.runTest(SuiteRunner.java:421), org.testng.SuiteRunner$SuiteWorker.run(SuiteRunner.java:463), org.testng.internal.thread.ThreadUtil.lambda$execute$0(ThreadUtil.java:64), java.base/java.util.concurrent.FutureTask.run(FutureTask.java:264), java.base/java.util.concurrent.ThreadPoolExecutor.runWorker(ThreadPoolExecutor.java:1136), java.base/java.util.concurrent.ThreadPoolExecutor$Worker.run(ThreadPoolExecutor.java:635), java.base/java.lang.Thread.run(Thread.java:840)]","time":{"start":1742491596276,"stop":1742491597950,"duration":1674}},{"uid":"16c4ccc6c0e35295","reportUrl":"https://circlek-global.github.io/gmbat-tests-eu-mobile-automation/1483//#testresult/16c4ccc6c0e35295","status":"passed","time":{"start":1742474721175,"stop":1742475082041,"duration":360866}},{"uid":"c1c1ca4e24e12b22","reportUrl":"https://circlek-global.github.io/gmbat-tests-eu-mobile-automation/1471//#testresult/c1c1ca4e24e12b22","status":"skipped","statusDetails":"Authentication failed after 20 seconds of requesting for +48782355000","time":{"start":1742404410701,"stop":1742404410701,"duration":0}},{"uid":"17d78734dbb72263","reportUrl":"https://circlek-global.github.io/gmbat-tests-eu-mobile-automation/1456//#testresult/17d78734dbb72263","status":"skipped","statusDetails":"The provided search context cannot be null","time":{"start":1742319543722,"stop":1742319543722,"duration":0}},{"uid":"8c22346e0bddd935","reportUrl":"https://circlek-global.github.io/gmbat-tests-eu-mobile-automation/1444//#testresult/8c22346e0bddd935","status":"broken","statusDetails":"Element [AppiumBy.id: activity-history-screen] wasn't visible after [30] seconds!\nException: org.openqa.selenium.TimeoutException: Expected condition failed: Element [AppiumBy.id: activity-history-screen] wasn't visible after [30] seconds! (tried for 30 second(s) with 250 milliseconds interval)\nFor documentation on this error, please visit: https://www.selenium.dev/documentation/webdriver/troubleshooting/errors#no-such-element-exception\nBuild info: version: '4.19.0', revision: '5f9cec8963'\nSystem info: os.name: 'Linux', os.arch: 'amd64', os.version: '6.8.0-1021-azure', java.version: '17.0.14'\nDriver info: driver.version: unknown","time":{"start":1742233889847,"stop":1742234275694,"duration":385847}},{"uid":"5206eaeaa9fded84","reportUrl":"https://circlek-global.github.io/gmbat-tests-eu-mobile-automation/1439//#testresult/5206eaeaa9fded84","status":"passed","time":{"start":1742211629228,"stop":1742211956097,"duration":326869}},{"uid":"20e5a629bc6ac6ab","reportUrl":"https://circlek-global.github.io/gmbat-tests-eu-mobile-automation/1426//#testresult/20e5a629bc6ac6ab","status":"skipped","statusDetails":"The provided search context cannot be null","time":{"start":1741973914193,"stop":1741973914194,"duration":1}},{"uid":"de5aa99ba352940b","reportUrl":"https://circlek-global.github.io/gmbat-tests-eu-mobile-automation/1422//#testresult/de5aa99ba352940b","status":"passed","time":{"start":1741951123116,"stop":1741951453587,"duration":330471}},{"uid":"4365d484ca419580","reportUrl":"https://circlek-global.github.io/gmbat-tests-eu-mobile-automation/1412//#testresult/4365d484ca419580","status":"passed","time":{"start":1741887285106,"stop":1741887649585,"duration":364479}},{"uid":"2fd7127455ea6ff4","reportUrl":"https://circlek-global.github.io/gmbat-tests-eu-mobile-automation/1408//#testresult/2fd7127455ea6ff4","status":"passed","time":{"start":1741862291896,"stop":1741862639889,"duration":347993}},{"uid":"4ababbbef13cf185","reportUrl":"https://circlek-global.github.io/gmbat-tests-eu-mobile-automation/1396//#testresult/4ababbbef13cf185","status":"broken","statusDetails":"Element [AppiumBy.id: activity-history-screen] wasn't visible after [30] seconds!\nException: org.openqa.selenium.TimeoutException: Expected condition failed: Element [AppiumBy.id: activity-history-screen] wasn't visible after [30] seconds! (tried for 30 second(s) with 250 milliseconds interval)\nFor documentation on this error, please visit: https://www.selenium.dev/documentation/webdriver/troubleshooting/errors#no-such-element-exception\nBuild info: version: '4.19.0', revision: '5f9cec8963'\nSystem info: os.name: 'Linux', os.arch: 'amd64', os.version: '6.8.0-1021-azure', java.version: '17.0.14'\nDriver info: driver.version: unknown","time":{"start":1741802077985,"stop":1741802426793,"duration":348808}},{"uid":"ee6251e09112eda","reportUrl":"https://circlek-global.github.io/gmbat-tests-eu-mobile-automation/1375//#testresult/ee6251e09112eda","status":"passed","time":{"start":1741714714076,"stop":1741715083693,"duration":369617}}]},"tags":["CarWash","TierUpgrade"]},"source":"6dd164bd0217c5e.json","parameterValues":["SamsungGalaxyS23"]}