{"uid":"2393438615483eba","name":"User tries to view the free liter history screen details","fullName":"testcases.FreeLitersTest.checkFreeLiterHistoryDetailsTest","historyId":"565fef43c43574f48778d7e23f96c32c","time":{"start":1743057835103,"stop":1743058068157,"duration":233054},"description":"User tries to view free liter transactions","descriptionHtml":"<p>User tries to view free liter transactions</p>\n","status":"passed","flaky":false,"newFailed":false,"newBroken":false,"newPassed":false,"retriesCount":0,"retriesStatusChange":false,"beforeStages":[{"name":"Base Before Test","time":{"start":1743057563438,"stop":1743057563438,"duration":0},"description":"Base Before Test","status":"passed","steps":[],"attachments":[],"parameters":[],"shouldDisplayMessage":false,"stepsCount":0,"attachmentsCount":0,"hasContent":false,"attachmentStep":false},{"name":"springTestContextBeforeTestClass","time":{"start":1743057563594,"stop":1743057564735,"duration":1141},"description":"","status":"passed","steps":[],"attachments":[],"parameters":[],"shouldDisplayMessage":false,"stepsCount":0,"attachmentsCount":0,"hasContent":false,"attachmentStep":false},{"name":"springTestContextPrepareTestInstance","time":{"start":1743057564736,"stop":1743057564752,"duration":16},"description":"","status":"passed","steps":[],"attachments":[],"parameters":[],"shouldDisplayMessage":false,"stepsCount":0,"attachmentsCount":0,"hasContent":false,"attachmentStep":false},{"name":"Base Before Class","time":{"start":1743057564756,"stop":1743057564759,"duration":3},"description":"Base Before Class","status":"passed","steps":[],"attachments":[],"parameters":[],"shouldDisplayMessage":false,"stepsCount":0,"attachmentsCount":0,"hasContent":false,"attachmentStep":false},{"name":"springTestContextBeforeTestMethod","time":{"start":1743057818743,"stop":1743057818743,"duration":0},"description":"","status":"passed","steps":[],"attachments":[],"parameters":[],"shouldDisplayMessage":false,"stepsCount":0,"attachmentsCount":0,"hasContent":false,"attachmentStep":false},{"name":"Base Before Test Method","time":{"start":1743057818744,"stop":1743057834225,"duration":15481},"description":"Base Before Test Method","status":"passed","steps":[],"attachments":[],"parameters":[],"shouldDisplayMessage":false,"stepsCount":0,"attachmentsCount":0,"hasContent":false,"attachmentStep":false},{"name":"initTestConfig","time":{"start":1743057834226,"stop":1743057834228,"duration":2},"description":"","status":"passed","steps":[],"attachments":[],"parameters":[],"shouldDisplayMessage":false,"stepsCount":0,"attachmentsCount":0,"hasContent":false,"attachmentStep":false}],"testStage":{"description":"User tries to view free liter transactions","status":"passed","steps":[{"name":"I click on \"ACCOUNT\" button","time":{"start":1743057835104,"stop":1743057838817,"duration":3713},"status":"passed","steps":[],"attachments":[],"parameters":[],"shouldDisplayMessage":false,"stepsCount":0,"attachmentsCount":0,"hasContent":false,"attachmentStep":false},{"name":"I get the text \"FREE LITERS HISTORY\" from the Account Screen","time":{"start":1743057838818,"stop":1743057841643,"duration":2825},"status":"passed","steps":[],"attachments":[],"parameters":[],"shouldDisplayMessage":false,"stepsCount":0,"attachmentsCount":0,"hasContent":false,"attachmentStep":false},{"name":"I check that the application text: \"FREE LITERS HISTORY\" is equals to expected value: \"FREE LITERS HISTORY\"","time":{"start":1743057841643,"stop":1743057841643,"duration":0},"status":"passed","steps":[],"attachments":[],"parameters":[{"name":"Actual:","value":"FREE LITERS HISTORY"},{"name":"Expected:","value":"FREE LITERS HISTORY"}],"shouldDisplayMessage":false,"stepsCount":0,"attachmentsCount":0,"hasContent":true,"attachmentStep":false},{"name":"I click on \"FREE LITERS HISTORY\" tab","time":{"start":1743057841643,"stop":1743057843774,"duration":2131},"status":"passed","steps":[],"attachments":[],"parameters":[],"shouldDisplayMessage":false,"stepsCount":0,"attachmentsCount":0,"hasContent":false,"attachmentStep":false},{"name":"I click on month from month picker list for month having transactions","time":{"start":1743057843774,"stop":1743057857115,"duration":13341},"status":"passed","steps":[],"attachments":[],"parameters":[],"shouldDisplayMessage":false,"stepsCount":0,"attachmentsCount":0,"hasContent":false,"attachmentStep":false},{"name":"I check expiration label on Free liters screen","time":{"start":1743057857115,"stop":1743057858319,"duration":1204},"status":"passed","steps":[],"attachments":[],"parameters":[],"shouldDisplayMessage":false,"stepsCount":0,"attachmentsCount":0,"hasContent":false,"attachmentStep":false},{"name":"I check that the application text: \"500,00 L will expire on 31.08.2026\" isn't empty","time":{"start":1743057858319,"stop":1743057858319,"duration":0},"status":"passed","steps":[],"attachments":[],"parameters":[{"name":"actual","value":"500,00 L will expire on 31.08.2026"}],"shouldDisplayMessage":false,"stepsCount":0,"attachmentsCount":0,"hasContent":true,"attachmentStep":false},{"name":"I click on month from month picker list for month having free liters history","time":{"start":1743057858319,"stop":1743058051044,"duration":192725},"status":"passed","steps":[{"name":"I scroll months to left","time":{"start":1743057893828,"stop":1743057897707,"duration":3879},"status":"passed","steps":[],"attachments":[],"parameters":[],"shouldDisplayMessage":false,"stepsCount":0,"attachmentsCount":0,"hasContent":false,"attachmentStep":false},{"name":"I scroll months to left","time":{"start":1743057938882,"stop":1743057942539,"duration":3657},"status":"passed","steps":[],"attachments":[],"parameters":[],"shouldDisplayMessage":false,"stepsCount":0,"attachmentsCount":0,"hasContent":false,"attachmentStep":false},{"name":"I scroll months to left","time":{"start":1743057977468,"stop":1743057981225,"duration":3757},"status":"passed","steps":[],"attachments":[],"parameters":[],"shouldDisplayMessage":false,"stepsCount":0,"attachmentsCount":0,"hasContent":false,"attachmentStep":false},{"name":"I scroll months to left","time":{"start":1743058018376,"stop":1743058022587,"duration":4211},"status":"passed","steps":[],"attachments":[],"parameters":[],"shouldDisplayMessage":false,"stepsCount":0,"attachmentsCount":0,"hasContent":false,"attachmentStep":false}],"attachments":[],"parameters":[],"shouldDisplayMessage":false,"stepsCount":4,"attachmentsCount":0,"hasContent":true,"attachmentStep":false},{"name":"I validate Free liters history no Of Free Liters Burnt or Earned Negative","time":{"start":1743058051044,"stop":1743058063741,"duration":12697},"status":"passed","steps":[{"name":"I check that \"No free liters this month\" from Free Liter history screen is displayed","time":{"start":1743058051044,"stop":1743058062518,"duration":11474},"status":"passed","steps":[],"attachments":[],"parameters":[],"shouldDisplayMessage":false,"stepsCount":0,"attachmentsCount":0,"hasContent":false,"attachmentStep":false}],"attachments":[],"parameters":[],"shouldDisplayMessage":false,"stepsCount":1,"attachmentsCount":0,"hasContent":true,"attachmentStep":false},{"name":"I check that the application text: \"+500,00 L\" isn't empty","time":{"start":1743058063741,"stop":1743058063741,"duration":0},"status":"passed","steps":[],"attachments":[],"parameters":[{"name":"actual","value":"+500,00 L"}],"shouldDisplayMessage":false,"stepsCount":0,"attachmentsCount":0,"hasContent":true,"attachmentStep":false},{"name":"I validate Free liters history Available Text","time":{"start":1743058063741,"stop":1743058064981,"duration":1240},"status":"passed","steps":[],"attachments":[],"parameters":[],"shouldDisplayMessage":false,"stepsCount":0,"attachmentsCount":0,"hasContent":false,"attachmentStep":false},{"name":"I check that the application text: \"Free Liters\" isn't empty","time":{"start":1743058064981,"stop":1743058064981,"duration":0},"status":"passed","steps":[],"attachments":[],"parameters":[{"name":"actual","value":"Free Liters"}],"shouldDisplayMessage":false,"stepsCount":0,"attachmentsCount":0,"hasContent":true,"attachmentStep":false},{"name":"I validate Free liters history Date","time":{"start":1743058064982,"stop":1743058066181,"duration":1199},"status":"passed","steps":[],"attachments":[],"parameters":[],"shouldDisplayMessage":false,"stepsCount":0,"attachmentsCount":0,"hasContent":false,"attachmentStep":false},{"name":"I check that the application text: \"Sep 11, 2024 2:28 PM\" isn't empty","time":{"start":1743058066182,"stop":1743058066182,"duration":0},"status":"passed","steps":[],"attachments":[],"parameters":[{"name":"actual","value":"Sep 11, 2024 2:28 PM"}],"shouldDisplayMessage":false,"stepsCount":0,"attachmentsCount":0,"hasContent":true,"attachmentStep":false},{"name":"I validate footer text on Free liters screen","time":{"start":1743058066182,"stop":1743058068156,"duration":1974},"status":"passed","steps":[],"attachments":[],"parameters":[],"shouldDisplayMessage":false,"stepsCount":0,"attachmentsCount":0,"hasContent":false,"attachmentStep":false},{"name":"I check that the application text: \"Score 1 liter for every 50 you pump, plus game rewards for even more savings (Danish customer only).\" isn't empty","time":{"start":1743058068156,"stop":1743058068157,"duration":1},"status":"passed","steps":[],"attachments":[],"parameters":[{"name":"actual","value":"Score 1 liter for every 50 you pump, plus game rewards for even more savings (Danish customer only)."}],"shouldDisplayMessage":false,"stepsCount":0,"attachmentsCount":0,"hasContent":true,"attachmentStep":false}],"attachments":[],"parameters":[],"shouldDisplayMessage":false,"stepsCount":21,"attachmentsCount":0,"hasContent":true,"attachmentStep":false},"afterStages":[{"name":"Base After Test Method","time":{"start":1743058070225,"stop":1743058070225,"duration":0},"description":"Base After Test Method","status":"passed","steps":[],"attachments":[],"parameters":[],"shouldDisplayMessage":false,"stepsCount":0,"attachmentsCount":0,"hasContent":false,"attachmentStep":false},{"name":"springTestContextAfterTestMethod","time":{"start":1743058070226,"stop":1743058070226,"duration":0},"description":"","status":"passed","steps":[],"attachments":[],"parameters":[],"shouldDisplayMessage":false,"stepsCount":0,"attachmentsCount":0,"hasContent":false,"attachmentStep":false},{"name":"Base After Class","time":{"start":1743058489293,"stop":1743058489293,"duration":0},"description":"Base After Class","status":"passed","steps":[],"attachments":[],"parameters":[],"shouldDisplayMessage":false,"stepsCount":0,"attachmentsCount":0,"hasContent":false,"attachmentStep":false},{"name":"Base After Test","time":{"start":1743058489294,"stop":1743058489294,"duration":0},"description":"Base After Test","status":"passed","steps":[],"attachments":[],"parameters":[],"shouldDisplayMessage":false,"stepsCount":0,"attachmentsCount":0,"hasContent":false,"attachmentStep":false},{"name":"springTestContextAfterTestClass","time":{"start":1743058489294,"stop":1743058489294,"duration":0},"description":"","status":"passed","steps":[],"attachments":[],"parameters":[],"shouldDisplayMessage":false,"stepsCount":0,"attachmentsCount":0,"hasContent":false,"attachmentStep":false}],"labels":[{"name":"package","value":"testcases.FreeLitersTest"},{"name":"testClass","value":"testcases.FreeLitersTest"},{"name":"testMethod","value":"checkFreeLiterHistoryDetailsTest"},{"name":"parentSuite","value":"GMAP INGO Mobile Test Automation - [ANDROID PARALLEL XML SUITE]"},{"name":"suite","value":"GMAP INGO Tests | FreeLiters"},{"name":"subSuite","value":"testcases.FreeLitersTest"},{"name":"host","value":"fv-az1294-292"},{"name":"thread","value":"1958@fv-az1294-292.TestNG-tests-3(24)"},{"name":"framework","value":"testng"},{"name":"language","value":"java"},{"name":"tag","value":"Free liters"},{"name":"feature","value":"[Ingo][GMAP] Free liter loyalty feature parity"},{"name":"owner","value":"Yashaswini - [yashaswini.martad@circlekeurope.com]"},{"name":"story","value":"[INGO][GMAP] Free Liters History Screen"},{"name":"epic","value":"[INGO][GMAP] Free liter loyalty feature parity"},{"name":"severity","value":"normal"},{"name":"resultFormat","value":"allure2"}],"parameters":[{"name":"deviceConfig","value":"GalaxyS22"}],"links":[{"name":"N/A","url":"https://circlek.atlassian.net/browse/N/A","type":"issue"},{"name":"NGRPRG-25331","url":"https://circlek.atlassian.net/browse/NGRPRG-25331","type":"tms"}],"hidden":false,"retry":false,"extra":{"severity":"normal","owner":"Yashaswini - [yashaswini.martad@circlekeurope.com]","retries":[],"categories":[],"history":{"statistic":{"failed":0,"broken":68,"skipped":0,"passed":89,"unknown":0,"total":157},"items":[{"uid":"364ced7b10454a5a","reportUrl":"https://circlek-global.github.io/gmbat-tests-eu-mobile-automation/1540//#testresult/364ced7b10454a5a","status":"passed","time":{"start":1742971442617,"stop":1742971675220,"duration":232603}},{"uid":"c5b197de80c36591","reportUrl":"https://circlek-global.github.io/gmbat-tests-eu-mobile-automation/1534//#testresult/c5b197de80c36591","status":"broken","statusDetails":"Element [AppiumBy.id: account.tab-bar] wasn't clickable after [15] seconds!\nException: org.openqa.selenium.TimeoutException: Expected condition failed: Element [AppiumBy.id: account.tab-bar] wasn't clickable after [15] seconds! (tried for 15 second(s) with 250 milliseconds interval)\nFor documentation on this error, please visit: https://www.selenium.dev/documentation/webdriver/troubleshooting/errors#no-such-element-exception\nBuild info: version: '4.19.0', revision: '5f9cec8963'\nSystem info: os.name: 'Linux', os.arch: 'amd64', os.version: '6.8.0-1021-azure', java.version: '17.0.14'\nDriver info: driver.version: unknown","time":{"start":1742933493917,"stop":1742933512206,"duration":18289}},{"uid":"2cfcb8618446f094","reportUrl":"https://circlek-global.github.io/gmbat-tests-eu-mobile-automation/1526//#testresult/2cfcb8618446f094","status":"passed","time":{"start":1742903149320,"stop":1742903372407,"duration":223087}},{"uid":"ad918e64e114e329","reportUrl":"https://circlek-global.github.io/gmbat-tests-eu-mobile-automation/1520//#testresult/ad918e64e114e329","status":"broken","statusDetails":"Element [AppiumBy.id: account.tab-bar] wasn't clickable after [15] seconds!\nException: org.openqa.selenium.TimeoutException: Expected condition failed: Element [AppiumBy.id: account.tab-bar] wasn't clickable after [15] seconds! (tried for 15 second(s) with 250 milliseconds interval)\nFor documentation on this error, please visit: https://www.selenium.dev/documentation/webdriver/troubleshooting/errors#no-such-element-exception\nBuild info: version: '4.19.0', revision: '5f9cec8963'\nSystem info: os.name: 'Linux', os.arch: 'amd64', os.version: '6.8.0-1021-azure', java.version: '17.0.14'\nDriver info: driver.version: unknown","time":{"start":1742884942201,"stop":1742884959941,"duration":17740}},{"uid":"66e17c889e8ab285","reportUrl":"https://circlek-global.github.io/gmbat-tests-eu-mobile-automation/1514//#testresult/66e17c889e8ab285","status":"broken","statusDetails":"Element [AppiumBy.id: account.tab-bar] wasn't clickable after [15] seconds!\nException: org.openqa.selenium.TimeoutException: Expected condition failed: Element [AppiumBy.id: account.tab-bar] wasn't clickable after [15] seconds! (tried for 15 second(s) with 250 milliseconds interval)\nFor documentation on this error, please visit: https://www.selenium.dev/documentation/webdriver/troubleshooting/errors#no-such-element-exception\nBuild info: version: '4.19.0', revision: '5f9cec8963'\nSystem info: os.name: 'Linux', os.arch: 'amd64', os.version: '6.8.0-1021-azure', java.version: '17.0.14'\nDriver info: driver.version: unknown","time":{"start":1742847055576,"stop":1742847073745,"duration":18169}},{"uid":"9451b717a55e7c2","reportUrl":"https://circlek-global.github.io/gmbat-tests-eu-mobile-automation/1507//#testresult/9451b717a55e7c2","status":"passed","time":{"start":1742798656033,"stop":1742798891766,"duration":235733}},{"uid":"c76d819818b29c72","reportUrl":"https://circlek-global.github.io/gmbat-tests-eu-mobile-automation/1501//#testresult/c76d819818b29c72","status":"broken","statusDetails":"Element [AppiumBy.id: account.tab-bar] wasn't clickable after [15] seconds!\nException: org.openqa.selenium.TimeoutException: Expected condition failed: Element [AppiumBy.id: account.tab-bar] wasn't clickable after [15] seconds! (tried for 15 second(s) with 250 milliseconds interval)\nFor documentation on this error, please visit: https://www.selenium.dev/documentation/webdriver/troubleshooting/errors#no-such-element-exception\nBuild info: version: '4.19.0', revision: '5f9cec8963'\nSystem info: os.name: 'Linux', os.arch: 'amd64', os.version: '6.8.0-1021-azure', java.version: '17.0.14'\nDriver info: driver.version: unknown","time":{"start":1742587954912,"stop":1742587973000,"duration":18088}},{"uid":"42e51674a8ec833f","reportUrl":"https://circlek-global.github.io/gmbat-tests-eu-mobile-automation/1493//#testresult/42e51674a8ec833f","status":"passed","time":{"start":1742539456803,"stop":1742539678368,"duration":221565}},{"uid":"9d53e4c7b56c1924","reportUrl":"https://circlek-global.github.io/gmbat-tests-eu-mobile-automation/1487//#testresult/9d53e4c7b56c1924","status":"broken","statusDetails":"Element [AppiumBy.id: account.tab-bar] wasn't clickable after [15] seconds!\nException: org.openqa.selenium.TimeoutException: Expected condition failed: Element [AppiumBy.id: account.tab-bar] wasn't clickable after [15] seconds! (tried for 15 second(s) with 250 milliseconds interval)\nFor documentation on this error, please visit: https://www.selenium.dev/documentation/webdriver/troubleshooting/errors#no-such-element-exception\nBuild info: version: '4.19.0', revision: '5f9cec8963'\nSystem info: os.name: 'Linux', os.arch: 'amd64', os.version: '6.8.0-1021-azure', java.version: '17.0.14'\nDriver info: driver.version: unknown","time":{"start":1742501503327,"stop":1742501520926,"duration":17599}},{"uid":"5e54e5bece3c6a6","reportUrl":"https://circlek-global.github.io/gmbat-tests-eu-mobile-automation/1479//#testresult/5e54e5bece3c6a6","status":"passed","time":{"start":1742453020944,"stop":1742453243759,"duration":222815}},{"uid":"eec4ce5a4f8bb250","reportUrl":"https://circlek-global.github.io/gmbat-tests-eu-mobile-automation/1473//#testresult/eec4ce5a4f8bb250","status":"broken","statusDetails":"Element [AppiumBy.id: account.tab-bar] wasn't clickable after [15] seconds!\nException: org.openqa.selenium.TimeoutException: Expected condition failed: Element [AppiumBy.id: account.tab-bar] wasn't clickable after [15] seconds! (tried for 15 second(s) with 250 milliseconds interval)\nFor documentation on this error, please visit: https://www.selenium.dev/documentation/webdriver/troubleshooting/errors#no-such-element-exception\nBuild info: version: '4.19.0', revision: '5f9cec8963'\nSystem info: os.name: 'Linux', os.arch: 'amd64', os.version: '6.8.0-1021-azure', java.version: '17.0.14'\nDriver info: driver.version: unknown","time":{"start":1742415106860,"stop":1742415125338,"duration":18478}},{"uid":"ec5fbb385ae35a88","reportUrl":"https://circlek-global.github.io/gmbat-tests-eu-mobile-automation/1464//#testresult/ec5fbb385ae35a88","status":"passed","time":{"start":1742366662287,"stop":1742366885071,"duration":222784}},{"uid":"7c9d5ec596fa5cb8","reportUrl":"https://circlek-global.github.io/gmbat-tests-eu-mobile-automation/1458//#testresult/7c9d5ec596fa5cb8","status":"broken","statusDetails":"Element [AppiumBy.id: account.tab-bar] wasn't clickable after [15] seconds!\nException: org.openqa.selenium.TimeoutException: Expected condition failed: Element [AppiumBy.id: account.tab-bar] wasn't clickable after [15] seconds! (tried for 15 second(s) with 250 milliseconds interval)\nFor documentation on this error, please visit: https://www.selenium.dev/documentation/webdriver/troubleshooting/errors#no-such-element-exception\nBuild info: version: '4.19.0', revision: '5f9cec8963'\nSystem info: os.name: 'Linux', os.arch: 'amd64', os.version: '6.8.0-1021-azure', java.version: '17.0.14'\nDriver info: driver.version: unknown","time":{"start":1742328612758,"stop":1742328630160,"duration":17402}},{"uid":"d08bd4d237360bd9","reportUrl":"https://circlek-global.github.io/gmbat-tests-eu-mobile-automation/1452//#testresult/d08bd4d237360bd9","status":"passed","time":{"start":1742280215885,"stop":1742280450324,"duration":234439}},{"uid":"c5f2f3e351000614","reportUrl":"https://circlek-global.github.io/gmbat-tests-eu-mobile-automation/1446//#testresult/c5f2f3e351000614","status":"broken","statusDetails":"Element [AppiumBy.id: account.tab-bar] wasn't clickable after [15] seconds!\nException: org.openqa.selenium.TimeoutException: Expected condition failed: Element [AppiumBy.id: account.tab-bar] wasn't clickable after [15] seconds! (tried for 15 second(s) with 250 milliseconds interval)\nFor documentation on this error, please visit: https://www.selenium.dev/documentation/webdriver/troubleshooting/errors#no-such-element-exception\nBuild info: version: '4.19.0', revision: '5f9cec8963'\nSystem info: os.name: 'Linux', os.arch: 'amd64', os.version: '6.8.0-1021-azure', java.version: '17.0.14'\nDriver info: driver.version: unknown","time":{"start":1742242362987,"stop":1742242380858,"duration":17871}},{"uid":"9fb7e185f15daeb0","reportUrl":"https://circlek-global.github.io/gmbat-tests-eu-mobile-automation/1438//#testresult/9fb7e185f15daeb0","status":"passed","time":{"start":1742203939181,"stop":1742204167119,"duration":227938}},{"uid":"1149efac6441575e","reportUrl":"https://circlek-global.github.io/gmbat-tests-eu-mobile-automation/1436//#testresult/1149efac6441575e","status":"broken","statusDetails":"Element [locator not available] wasn't clickable after [15] seconds!\nException: org.openqa.selenium.TimeoutException: Expected condition failed: Element [locator not available] wasn't clickable after [15] seconds! (tried for 15 second(s) with 250 milliseconds interval)\nBuild info: version: '4.19.0', revision: '5f9cec8963'\nSystem info: os.name: 'Linux', os.arch: 'amd64', os.version: '6.8.0-1021-azure', java.version: '17.0.14'\nDriver info: driver.version: unknown\nFor documentation on this error, please visit: https://www.selenium.dev/documentation/webdriver/troubleshooting/errors#no-such-element-exception\nBuild info: version: '4.19.0', revision: '5f9cec8963'\nSystem info: os.name: 'Linux', os.arch: 'amd64', os.version: '6.8.0-1021-azure', java.version: '17.0.14'\nDriver info: driver.version: unknown","time":{"start":1742193838597,"stop":1742193906109,"duration":67512}},{"uid":"6e78a2d8ffae2f60","reportUrl":"https://circlek-global.github.io/gmbat-tests-eu-mobile-automation/1433//#testresult/6e78a2d8ffae2f60","status":"broken","statusDetails":"Element [AppiumBy.id: account.tab-bar] wasn't clickable after [15] seconds!\nException: org.openqa.selenium.TimeoutException: Expected condition failed: Element [AppiumBy.id: account.tab-bar] wasn't clickable after [15] seconds! (tried for 15 second(s) with 250 milliseconds interval)\nFor documentation on this error, please visit: https://www.selenium.dev/documentation/webdriver/troubleshooting/errors#no-such-element-exception\nBuild info: version: '4.19.0', revision: '5f9cec8963'\nSystem info: os.name: 'Linux', os.arch: 'amd64', os.version: '6.8.0-1021-azure', java.version: '17.0.14'\nDriver info: driver.version: unknown","time":{"start":1742186141614,"stop":1742186160763,"duration":19149}},{"uid":"35da9218119aa1f","reportUrl":"https://circlek-global.github.io/gmbat-tests-eu-mobile-automation/1432//#testresult/35da9218119aa1f","status":"broken","statusDetails":"Element [AppiumBy.id: account.tab-bar] wasn't clickable after [15] seconds!\nException: org.openqa.selenium.TimeoutException: Expected condition failed: Element [AppiumBy.id: account.tab-bar] wasn't clickable after [15] seconds! (tried for 15 second(s) with 250 milliseconds interval)\nFor documentation on this error, please visit: https://www.selenium.dev/documentation/webdriver/troubleshooting/errors#no-such-element-exception\nBuild info: version: '4.19.0', revision: '5f9cec8963'\nSystem info: os.name: 'Linux', os.arch: 'amd64', os.version: '6.8.0-1021-azure', java.version: '17.0.14'\nDriver info: driver.version: unknown","time":{"start":1742181516331,"stop":1742181534108,"duration":17777}},{"uid":"ce9a4ad9b819182b","reportUrl":"https://circlek-global.github.io/gmbat-tests-eu-mobile-automation/1428//#testresult/ce9a4ad9b819182b","status":"broken","statusDetails":"Element [AppiumBy.id: account.tab-bar] wasn't clickable after [15] seconds!\nException: org.openqa.selenium.TimeoutException: Expected condition failed: Element [AppiumBy.id: account.tab-bar] wasn't clickable after [15] seconds! (tried for 15 second(s) with 250 milliseconds interval)\nFor documentation on this error, please visit: https://www.selenium.dev/documentation/webdriver/troubleshooting/errors#no-such-element-exception\nBuild info: version: '4.19.0', revision: '5f9cec8963'\nSystem info: os.name: 'Linux', os.arch: 'amd64', os.version: '6.8.0-1021-azure', java.version: '17.0.14'\nDriver info: driver.version: unknown","time":{"start":1741983075437,"stop":1741983093795,"duration":18358}}]},"tags":["Free liters"]},"source":"2393438615483eba.json","parameterValues":["GalaxyS22"]}