{"uid":"52bb68110844e01","name":"User tries to download the Invoices in Account Section","fullName":"testcases.InvoiceTest.downloadInvoices","historyId":"f6a8633251862aa69b4c8b288ba31ff9","time":{"start":1743057837328,"stop":1743057857712,"duration":20384},"description":"User previews invoice menu without transactions","descriptionHtml":"<p>User previews invoice menu without transactions</p>\n","status":"passed","flaky":false,"newFailed":false,"newBroken":false,"newPassed":false,"retriesCount":0,"retriesStatusChange":false,"beforeStages":[{"name":"Base Before Test","time":{"start":1743057563429,"stop":1743057563430,"duration":1},"description":"Base Before Test","status":"passed","steps":[],"attachments":[],"parameters":[],"shouldDisplayMessage":false,"stepsCount":0,"attachmentsCount":0,"hasContent":false,"attachmentStep":false},{"name":"springTestContextBeforeTestClass","time":{"start":1743057563597,"stop":1743057564739,"duration":1142},"description":"","status":"passed","steps":[],"attachments":[],"parameters":[],"shouldDisplayMessage":false,"stepsCount":0,"attachmentsCount":0,"hasContent":false,"attachmentStep":false},{"name":"springTestContextPrepareTestInstance","time":{"start":1743057564740,"stop":1743057564753,"duration":13},"description":"","status":"passed","steps":[],"attachments":[],"parameters":[],"shouldDisplayMessage":false,"stepsCount":0,"attachmentsCount":0,"hasContent":false,"attachmentStep":false},{"name":"Base Before Class","time":{"start":1743057564757,"stop":1743057573561,"duration":8804},"description":"Base Before Class","status":"passed","steps":[],"attachments":[],"parameters":[],"shouldDisplayMessage":false,"stepsCount":0,"attachmentsCount":0,"hasContent":false,"attachmentStep":false},{"name":"springTestContextBeforeTestMethod","time":{"start":1743057821175,"stop":1743057821175,"duration":0},"description":"","status":"passed","steps":[],"attachments":[],"parameters":[],"shouldDisplayMessage":false,"stepsCount":0,"attachmentsCount":0,"hasContent":false,"attachmentStep":false},{"name":"Base Before Test Method","time":{"start":1743057821176,"stop":1743057836653,"duration":15477},"description":"Base Before Test Method","status":"passed","steps":[],"attachments":[],"parameters":[],"shouldDisplayMessage":false,"stepsCount":0,"attachmentsCount":0,"hasContent":false,"attachmentStep":false},{"name":"initTestConfig","time":{"start":1743057836654,"stop":1743057836657,"duration":3},"description":"","status":"passed","steps":[],"attachments":[],"parameters":[],"shouldDisplayMessage":false,"stepsCount":0,"attachmentsCount":0,"hasContent":false,"attachmentStep":false}],"testStage":{"description":"User previews invoice menu without transactions","status":"passed","steps":[{"name":"I click on \"ACCOUNT\" button","time":{"start":1743057837328,"stop":1743057841103,"duration":3775},"status":"passed","steps":[],"attachments":[],"parameters":[],"shouldDisplayMessage":false,"stepsCount":0,"attachmentsCount":0,"hasContent":false,"attachmentStep":false},{"name":"I click on \"INVOICES\" tab","time":{"start":1743057841103,"stop":1743057843341,"duration":2238},"status":"passed","steps":[],"attachments":[],"parameters":[],"shouldDisplayMessage":false,"stepsCount":0,"attachmentsCount":0,"hasContent":false,"attachmentStep":false},{"name":"I get the text from the \"INVOICE\" header","time":{"start":1743057843341,"stop":1743057853625,"duration":10284},"status":"passed","steps":[],"attachments":[],"parameters":[],"shouldDisplayMessage":false,"stepsCount":0,"attachmentsCount":0,"hasContent":false,"attachmentStep":false},{"name":"I check that the application text: \"Invoices\" is equals to expected value: \"Invoices\"","time":{"start":1743057853625,"stop":1743057853625,"duration":0},"status":"passed","steps":[],"attachments":[],"parameters":[{"name":"Actual:","value":"Invoices"},{"name":"Expected:","value":"Invoices"}],"shouldDisplayMessage":false,"stepsCount":0,"attachmentsCount":0,"hasContent":true,"attachmentStep":false},{"name":"I click on first \"INVOICE\" ","time":{"start":1743057853625,"stop":1743057855107,"duration":1482},"status":"passed","steps":[],"attachments":[],"parameters":[],"shouldDisplayMessage":false,"stepsCount":0,"attachmentsCount":0,"hasContent":false,"attachmentStep":false},{"name":"I verify the \"INVOICE DOWNLOAD\" popup","time":{"start":1743057855107,"stop":1743057857146,"duration":2039},"status":"passed","steps":[],"attachments":[],"parameters":[],"shouldDisplayMessage":false,"stepsCount":0,"attachmentsCount":0,"hasContent":false,"attachmentStep":false},{"name":"I verify the \"DOWNLOAD\" CTA ","time":{"start":1743057857147,"stop":1743057857711,"duration":564},"status":"passed","steps":[],"attachments":[],"parameters":[],"shouldDisplayMessage":false,"stepsCount":0,"attachmentsCount":0,"hasContent":false,"attachmentStep":false}],"attachments":[],"parameters":[],"shouldDisplayMessage":false,"stepsCount":7,"attachmentsCount":0,"hasContent":true,"attachmentStep":false},"afterStages":[{"name":"Base After Test Method","time":{"start":1743057859770,"stop":1743057859770,"duration":0},"description":"Base After Test Method","status":"passed","steps":[],"attachments":[],"parameters":[],"shouldDisplayMessage":false,"stepsCount":0,"attachmentsCount":0,"hasContent":false,"attachmentStep":false},{"name":"springTestContextAfterTestMethod","time":{"start":1743057859771,"stop":1743057859772,"duration":1},"description":"","status":"passed","steps":[],"attachments":[],"parameters":[],"shouldDisplayMessage":false,"stepsCount":0,"attachmentsCount":0,"hasContent":false,"attachmentStep":false},{"name":"Base After Class","time":{"start":1743058086570,"stop":1743058086570,"duration":0},"description":"Base After Class","status":"passed","steps":[],"attachments":[],"parameters":[],"shouldDisplayMessage":false,"stepsCount":0,"attachmentsCount":0,"hasContent":false,"attachmentStep":false},{"name":"springTestContextAfterTestClass","time":{"start":1743058086570,"stop":1743058086571,"duration":1},"description":"","status":"passed","steps":[],"attachments":[],"parameters":[],"shouldDisplayMessage":false,"stepsCount":0,"attachmentsCount":0,"hasContent":false,"attachmentStep":false},{"name":"Base After Test","time":{"start":1743058086571,"stop":1743058086571,"duration":0},"description":"Base After Test","status":"passed","steps":[],"attachments":[],"parameters":[],"shouldDisplayMessage":false,"stepsCount":0,"attachmentsCount":0,"hasContent":false,"attachmentStep":false}],"labels":[{"name":"package","value":"testcases.InvoiceTest"},{"name":"testClass","value":"testcases.InvoiceTest"},{"name":"testMethod","value":"downloadInvoices"},{"name":"parentSuite","value":"GMAP INGO Mobile Test Automation - [ANDROID PARALLEL XML SUITE]"},{"name":"suite","value":"GMAP INGO Tests | Invoices"},{"name":"subSuite","value":"testcases.InvoiceTest"},{"name":"host","value":"fv-az1294-292"},{"name":"thread","value":"1958@fv-az1294-292.TestNG-tests-4(25)"},{"name":"framework","value":"testng"},{"name":"language","value":"java"},{"name":"feature","value":"[GMAP] Account Invoice"},{"name":"tag","value":"Invoice"},{"name":"story","value":"[INGO][GMAP] Invoice List Screen"},{"name":"owner","value":"Sriparna - [sriparna.dey@circlekeurope.com]"},{"name":"epic","value":"[INGO][GMAP] Invoices"},{"name":"severity","value":"normal"},{"name":"resultFormat","value":"allure2"}],"parameters":[{"name":"deviceConfig","value":"GalaxyS20FE"}],"links":[{"name":"N/A","url":"https://circlek.atlassian.net/browse/N/A","type":"issue"},{"name":"NGRPRG-25328","url":"https://circlek.atlassian.net/browse/NGRPRG-25328","type":"tms"}],"hidden":false,"retry":false,"extra":{"severity":"normal","owner":"Sriparna - [sriparna.dey@circlekeurope.com]","retries":[],"categories":[],"history":{"statistic":{"failed":0,"broken":113,"skipped":0,"passed":44,"unknown":0,"total":157},"items":[{"uid":"91bee8807884eec8","reportUrl":"https://circlek-global.github.io/gmbat-tests-eu-mobile-automation/1540//#testresult/91bee8807884eec8","status":"passed","time":{"start":1742971418010,"stop":1742971431986,"duration":13976}},{"uid":"f13c1abf62633ff6","reportUrl":"https://circlek-global.github.io/gmbat-tests-eu-mobile-automation/1534//#testresult/f13c1abf62633ff6","status":"broken","statusDetails":"Element [AppiumBy.id: account.tab-bar] wasn't clickable after [15] seconds!\nException: org.openqa.selenium.TimeoutException: Expected condition failed: Element [AppiumBy.id: account.tab-bar] wasn't clickable after [15] seconds! (tried for 15 second(s) with 250 milliseconds interval)\nFor documentation on this error, please visit: https://www.selenium.dev/documentation/webdriver/troubleshooting/errors#no-such-element-exception\nBuild info: version: '4.19.0', revision: '5f9cec8963'\nSystem info: os.name: 'Linux', os.arch: 'amd64', os.version: '6.8.0-1021-azure', java.version: '17.0.14'\nDriver info: driver.version: unknown","time":{"start":1742933635286,"stop":1742933653042,"duration":17756}},{"uid":"20ea0253fa06d6c7","reportUrl":"https://circlek-global.github.io/gmbat-tests-eu-mobile-automation/1526//#testresult/20ea0253fa06d6c7","status":"passed","time":{"start":1742903154480,"stop":1742903174535,"duration":20055}},{"uid":"fe0ee3967142575f","reportUrl":"https://circlek-global.github.io/gmbat-tests-eu-mobile-automation/1520//#testresult/fe0ee3967142575f","status":"broken","statusDetails":"Element [AppiumBy.id: account.tab-bar] wasn't clickable after [15] seconds!\nException: org.openqa.selenium.TimeoutException: Expected condition failed: Element [AppiumBy.id: account.tab-bar] wasn't clickable after [15] seconds! (tried for 15 second(s) with 250 milliseconds interval)\nFor documentation on this error, please visit: https://www.selenium.dev/documentation/webdriver/troubleshooting/errors#no-such-element-exception\nBuild info: version: '4.19.0', revision: '5f9cec8963'\nSystem info: os.name: 'Linux', os.arch: 'amd64', os.version: '6.8.0-1021-azure', java.version: '17.0.14'\nDriver info: driver.version: unknown","time":{"start":1742884929932,"stop":1742884947843,"duration":17911}},{"uid":"982e1741360f124c","reportUrl":"https://circlek-global.github.io/gmbat-tests-eu-mobile-automation/1514//#testresult/982e1741360f124c","status":"broken","statusDetails":"Element [AppiumBy.id: account.tab-bar] wasn't clickable after [15] seconds!\nException: org.openqa.selenium.TimeoutException: Expected condition failed: Element [AppiumBy.id: account.tab-bar] wasn't clickable after [15] seconds! (tried for 15 second(s) with 250 milliseconds interval)\nFor documentation on this error, please visit: https://www.selenium.dev/documentation/webdriver/troubleshooting/errors#no-such-element-exception\nBuild info: version: '4.19.0', revision: '5f9cec8963'\nSystem info: os.name: 'Linux', os.arch: 'amd64', os.version: '6.8.0-1021-azure', java.version: '17.0.14'\nDriver info: driver.version: unknown","time":{"start":1742847186183,"stop":1742847205700,"duration":19517}},{"uid":"dbfac4e9de83d4bb","reportUrl":"https://circlek-global.github.io/gmbat-tests-eu-mobile-automation/1507//#testresult/dbfac4e9de83d4bb","status":"passed","time":{"start":1742798648873,"stop":1742798664843,"duration":15970}},{"uid":"c600b5983173cf59","reportUrl":"https://circlek-global.github.io/gmbat-tests-eu-mobile-automation/1501//#testresult/c600b5983173cf59","status":"broken","statusDetails":"Element [AppiumBy.id: account.tab-bar] wasn't clickable after [15] seconds!\nException: org.openqa.selenium.TimeoutException: Expected condition failed: Element [AppiumBy.id: account.tab-bar] wasn't clickable after [15] seconds! (tried for 15 second(s) with 250 milliseconds interval)\nFor documentation on this error, please visit: https://www.selenium.dev/documentation/webdriver/troubleshooting/errors#no-such-element-exception\nBuild info: version: '4.19.0', revision: '5f9cec8963'\nSystem info: os.name: 'Linux', os.arch: 'amd64', os.version: '6.8.0-1021-azure', java.version: '17.0.14'\nDriver info: driver.version: unknown","time":{"start":1742588110686,"stop":1742588128918,"duration":18232}},{"uid":"72d8a90078082cf7","reportUrl":"https://circlek-global.github.io/gmbat-tests-eu-mobile-automation/1493//#testresult/72d8a90078082cf7","status":"passed","time":{"start":1742539468653,"stop":1742539485132,"duration":16479}},{"uid":"3487af74a75d17fa","reportUrl":"https://circlek-global.github.io/gmbat-tests-eu-mobile-automation/1487//#testresult/3487af74a75d17fa","status":"broken","statusDetails":"Element [AppiumBy.id: account.tab-bar] wasn't clickable after [15] seconds!\nException: org.openqa.selenium.TimeoutException: Expected condition failed: Element [AppiumBy.id: account.tab-bar] wasn't clickable after [15] seconds! (tried for 15 second(s) with 250 milliseconds interval)\nFor documentation on this error, please visit: https://www.selenium.dev/documentation/webdriver/troubleshooting/errors#no-such-element-exception\nBuild info: version: '4.19.0', revision: '5f9cec8963'\nSystem info: os.name: 'Linux', os.arch: 'amd64', os.version: '6.8.0-1021-azure', java.version: '17.0.14'\nDriver info: driver.version: unknown","time":{"start":1742501655208,"stop":1742501674679,"duration":19471}},{"uid":"ff9927fa91ead87e","reportUrl":"https://circlek-global.github.io/gmbat-tests-eu-mobile-automation/1479//#testresult/ff9927fa91ead87e","status":"passed","time":{"start":1742453017005,"stop":1742453032876,"duration":15871}},{"uid":"191f02e20d982ed","reportUrl":"https://circlek-global.github.io/gmbat-tests-eu-mobile-automation/1473//#testresult/191f02e20d982ed","status":"broken","statusDetails":"Element [AppiumBy.id: account.tab-bar] wasn't clickable after [15] seconds!\nException: org.openqa.selenium.TimeoutException: Expected condition failed: Element [AppiumBy.id: account.tab-bar] wasn't clickable after [15] seconds! (tried for 15 second(s) with 250 milliseconds interval)\nFor documentation on this error, please visit: https://www.selenium.dev/documentation/webdriver/troubleshooting/errors#no-such-element-exception\nBuild info: version: '4.19.0', revision: '5f9cec8963'\nSystem info: os.name: 'Linux', os.arch: 'amd64', os.version: '6.8.0-1021-azure', java.version: '17.0.14'\nDriver info: driver.version: unknown","time":{"start":1742415258965,"stop":1742415277535,"duration":18570}},{"uid":"e602dc25ccdff2e1","reportUrl":"https://circlek-global.github.io/gmbat-tests-eu-mobile-automation/1464//#testresult/e602dc25ccdff2e1","status":"passed","time":{"start":1742366672501,"stop":1742366688908,"duration":16407}},{"uid":"36690aedb8303f20","reportUrl":"https://circlek-global.github.io/gmbat-tests-eu-mobile-automation/1458//#testresult/36690aedb8303f20","status":"broken","statusDetails":"Element [AppiumBy.id: account.tab-bar] wasn't clickable after [15] seconds!\nException: org.openqa.selenium.TimeoutException: Expected condition failed: Element [AppiumBy.id: account.tab-bar] wasn't clickable after [15] seconds! (tried for 15 second(s) with 250 milliseconds interval)\nFor documentation on this error, please visit: https://www.selenium.dev/documentation/webdriver/troubleshooting/errors#no-such-element-exception\nBuild info: version: '4.19.0', revision: '5f9cec8963'\nSystem info: os.name: 'Linux', os.arch: 'amd64', os.version: '6.8.0-1021-azure', java.version: '17.0.14'\nDriver info: driver.version: unknown","time":{"start":1742328746270,"stop":1742328763849,"duration":17579}},{"uid":"f5d65fe11a3c4064","reportUrl":"https://circlek-global.github.io/gmbat-tests-eu-mobile-automation/1452//#testresult/f5d65fe11a3c4064","status":"passed","time":{"start":1742280207935,"stop":1742280222858,"duration":14923}},{"uid":"6c6bcd401f450197","reportUrl":"https://circlek-global.github.io/gmbat-tests-eu-mobile-automation/1446//#testresult/6c6bcd401f450197","status":"broken","statusDetails":"Element [AppiumBy.id: account.tab-bar] wasn't clickable after [15] seconds!\nException: org.openqa.selenium.TimeoutException: Expected condition failed: Element [AppiumBy.id: account.tab-bar] wasn't clickable after [15] seconds! (tried for 15 second(s) with 250 milliseconds interval)\nFor documentation on this error, please visit: https://www.selenium.dev/documentation/webdriver/troubleshooting/errors#no-such-element-exception\nBuild info: version: '4.19.0', revision: '5f9cec8963'\nSystem info: os.name: 'Linux', os.arch: 'amd64', os.version: '6.8.0-1021-azure', java.version: '17.0.14'\nDriver info: driver.version: unknown","time":{"start":1742242515754,"stop":1742242533951,"duration":18197}},{"uid":"cdd8f9523eb0e277","reportUrl":"https://circlek-global.github.io/gmbat-tests-eu-mobile-automation/1438//#testresult/cdd8f9523eb0e277","status":"passed","time":{"start":1742203941387,"stop":1742203958066,"duration":16679}},{"uid":"86dff843f323ecd5","reportUrl":"https://circlek-global.github.io/gmbat-tests-eu-mobile-automation/1436//#testresult/86dff843f323ecd5","status":"passed","time":{"start":1742193838378,"stop":1742193857622,"duration":19244}},{"uid":"e436bb0708aa665e","reportUrl":"https://circlek-global.github.io/gmbat-tests-eu-mobile-automation/1433//#testresult/e436bb0708aa665e","status":"broken","statusDetails":"Element [AppiumBy.id: account.tab-bar] wasn't clickable after [15] seconds!\nException: org.openqa.selenium.TimeoutException: Expected condition failed: Element [AppiumBy.id: account.tab-bar] wasn't clickable after [15] seconds! (tried for 15 second(s) with 250 milliseconds interval)\nFor documentation on this error, please visit: https://www.selenium.dev/documentation/webdriver/troubleshooting/errors#no-such-element-exception\nBuild info: version: '4.19.0', revision: '5f9cec8963'\nSystem info: os.name: 'Linux', os.arch: 'amd64', os.version: '6.8.0-1021-azure', java.version: '17.0.14'\nDriver info: driver.version: unknown","time":{"start":1742186161824,"stop":1742186180201,"duration":18377}},{"uid":"d1ab7b44437b2046","reportUrl":"https://circlek-global.github.io/gmbat-tests-eu-mobile-automation/1432//#testresult/d1ab7b44437b2046","status":"broken","statusDetails":"Element [AppiumBy.id: account.tab-bar] wasn't clickable after [15] seconds!\nException: org.openqa.selenium.TimeoutException: Expected condition failed: Element [AppiumBy.id: account.tab-bar] wasn't clickable after [15] seconds! (tried for 15 second(s) with 250 milliseconds interval)\nFor documentation on this error, please visit: https://www.selenium.dev/documentation/webdriver/troubleshooting/errors#no-such-element-exception\nBuild info: version: '4.19.0', revision: '5f9cec8963'\nSystem info: os.name: 'Linux', os.arch: 'amd64', os.version: '6.8.0-1021-azure', java.version: '17.0.14'\nDriver info: driver.version: unknown","time":{"start":1742181539333,"stop":1742181556910,"duration":17577}},{"uid":"8fa28b3235bfa4e","reportUrl":"https://circlek-global.github.io/gmbat-tests-eu-mobile-automation/1428//#testresult/8fa28b3235bfa4e","status":"broken","statusDetails":"Element [AppiumBy.id: account.tab-bar] wasn't clickable after [15] seconds!\nException: org.openqa.selenium.TimeoutException: Expected condition failed: Element [AppiumBy.id: account.tab-bar] wasn't clickable after [15] seconds! (tried for 15 second(s) with 250 milliseconds interval)\nFor documentation on this error, please visit: https://www.selenium.dev/documentation/webdriver/troubleshooting/errors#no-such-element-exception\nBuild info: version: '4.19.0', revision: '5f9cec8963'\nSystem info: os.name: 'Linux', os.arch: 'amd64', os.version: '6.8.0-1021-azure', java.version: '17.0.14'\nDriver info: driver.version: unknown","time":{"start":1741983212662,"stop":1741983230437,"duration":17775}}]},"tags":["Invoice"]},"source":"52bb68110844e01.json","parameterValues":["GalaxyS20FE"]}