{"uid":"bd9910247aabdd57","name":"User switch from transaction detail page to transaction list page","fullName":"testcases.TransactionDetailsTest.userSwitchesFromTransactionDetailViewToTransactionListView","historyId":"173512992673524307f668eb5d48a59e","time":{"start":1743058348465,"stop":1743058377468,"duration":29003},"description":"When user click on back chevron on transaction detail screen it will go back to transaction List Page","descriptionHtml":"<p>When user click on back chevron on transaction detail screen it will go back to transaction List Page</p>\n","status":"passed","flaky":false,"newFailed":false,"newBroken":false,"newPassed":false,"retriesCount":0,"retriesStatusChange":false,"beforeStages":[{"name":"Base Before Test","time":{"start":1743058086577,"stop":1743058086577,"duration":0},"description":"Base Before Test","status":"passed","steps":[],"attachments":[],"parameters":[],"shouldDisplayMessage":false,"stepsCount":0,"attachmentsCount":0,"hasContent":false,"attachmentStep":false},{"name":"springTestContextBeforeTestClass","time":{"start":1743058086579,"stop":1743058086580,"duration":1},"description":"","status":"passed","steps":[],"attachments":[],"parameters":[],"shouldDisplayMessage":false,"stepsCount":0,"attachmentsCount":0,"hasContent":false,"attachmentStep":false},{"name":"springTestContextPrepareTestInstance","time":{"start":1743058086580,"stop":1743058086587,"duration":7},"description":"","status":"passed","steps":[],"attachments":[],"parameters":[],"shouldDisplayMessage":false,"stepsCount":0,"attachmentsCount":0,"hasContent":false,"attachmentStep":false},{"name":"Base Before Class","time":{"start":1743058086587,"stop":1743058086587,"duration":0},"description":"Base Before Class","status":"passed","steps":[],"attachments":[],"parameters":[],"shouldDisplayMessage":false,"stepsCount":0,"attachmentsCount":0,"hasContent":false,"attachmentStep":false},{"name":"springTestContextBeforeTestMethod","time":{"start":1743058337180,"stop":1743058337180,"duration":0},"description":"","status":"passed","steps":[],"attachments":[],"parameters":[],"shouldDisplayMessage":false,"stepsCount":0,"attachmentsCount":0,"hasContent":false,"attachmentStep":false},{"name":"Base Before Test Method","time":{"start":1743058337180,"stop":1743058347658,"duration":10478},"description":"Base Before Test Method","status":"passed","steps":[],"attachments":[],"parameters":[],"shouldDisplayMessage":false,"stepsCount":0,"attachmentsCount":0,"hasContent":false,"attachmentStep":false},{"name":"initTestConfig","time":{"start":1743058347659,"stop":1743058347660,"duration":1},"description":"","status":"passed","steps":[],"attachments":[],"parameters":[],"shouldDisplayMessage":false,"stepsCount":0,"attachmentsCount":0,"hasContent":false,"attachmentStep":false}],"testStage":{"description":"When user click on back chevron on transaction detail screen it will go back to transaction List Page","status":"passed","steps":[{"name":"I accept the new terms and conditions","time":{"start":1743058348466,"stop":1743058370031,"duration":21565},"status":"passed","steps":[],"attachments":[],"parameters":[],"shouldDisplayMessage":false,"stepsCount":0,"attachmentsCount":0,"hasContent":false,"attachmentStep":false},{"name":"I click on \"ACCOUNT\" button","time":{"start":1743058370031,"stop":1743058372065,"duration":2034},"status":"passed","steps":[],"attachments":[],"parameters":[],"shouldDisplayMessage":false,"stepsCount":0,"attachmentsCount":0,"hasContent":false,"attachmentStep":false},{"name":"I get the text \"TRANSACTIONS\" from the Account Screen","time":{"start":1743058372066,"stop":1743058373767,"duration":1701},"status":"passed","steps":[],"attachments":[],"parameters":[],"shouldDisplayMessage":false,"stepsCount":0,"attachmentsCount":0,"hasContent":false,"attachmentStep":false},{"name":"I check that the application text: \"TRANSACTIONS\" is equals to expected value: \"TRANSACTIONS\"","time":{"start":1743058373767,"stop":1743058373767,"duration":0},"status":"passed","steps":[],"attachments":[],"parameters":[{"name":"Actual:","value":"TRANSACTIONS"},{"name":"Expected:","value":"TRANSACTIONS"}],"shouldDisplayMessage":false,"stepsCount":0,"attachmentsCount":0,"hasContent":true,"attachmentStep":false},{"name":"I click on \"TRANSACTIONS\" tab","time":{"start":1743058373767,"stop":1743058375593,"duration":1826},"status":"passed","steps":[],"attachments":[],"parameters":[],"shouldDisplayMessage":false,"stepsCount":0,"attachmentsCount":0,"hasContent":false,"attachmentStep":false},{"name":"I check header on Transactions screen","time":{"start":1743058375593,"stop":1743058377467,"duration":1874},"status":"passed","steps":[],"attachments":[],"parameters":[],"shouldDisplayMessage":false,"stepsCount":0,"attachmentsCount":0,"hasContent":false,"attachmentStep":false},{"name":"I check that the application text: \"Transactions History\" is equals to expected value: \"Transactions History\"","time":{"start":1743058377468,"stop":1743058377468,"duration":0},"status":"passed","steps":[],"attachments":[],"parameters":[{"name":"Actual:","value":"Transactions History"},{"name":"Expected:","value":"Transactions History"}],"shouldDisplayMessage":false,"stepsCount":0,"attachmentsCount":0,"hasContent":true,"attachmentStep":false}],"attachments":[],"parameters":[],"shouldDisplayMessage":false,"stepsCount":7,"attachmentsCount":0,"hasContent":true,"attachmentStep":false},"afterStages":[{"name":"Base After Test Method","time":{"start":1743058379700,"stop":1743058379700,"duration":0},"description":"Base After Test Method","status":"passed","steps":[],"attachments":[],"parameters":[],"shouldDisplayMessage":false,"stepsCount":0,"attachmentsCount":0,"hasContent":false,"attachmentStep":false},{"name":"springTestContextAfterTestMethod","time":{"start":1743058379701,"stop":1743058379701,"duration":0},"description":"","status":"passed","steps":[],"attachments":[],"parameters":[],"shouldDisplayMessage":false,"stepsCount":0,"attachmentsCount":0,"hasContent":false,"attachmentStep":false},{"name":"Base After Class","time":{"start":1743058728421,"stop":1743058728421,"duration":0},"description":"Base After Class","status":"passed","steps":[],"attachments":[],"parameters":[],"shouldDisplayMessage":false,"stepsCount":0,"attachmentsCount":0,"hasContent":false,"attachmentStep":false},{"name":"springTestContextAfterTestClass","time":{"start":1743058728421,"stop":1743058728421,"duration":0},"description":"","status":"passed","steps":[],"attachments":[],"parameters":[],"shouldDisplayMessage":false,"stepsCount":0,"attachmentsCount":0,"hasContent":false,"attachmentStep":false},{"name":"Base After Test","time":{"start":1743058728422,"stop":1743058728422,"duration":0},"description":"Base After Test","status":"passed","steps":[],"attachments":[],"parameters":[],"shouldDisplayMessage":false,"stepsCount":0,"attachmentsCount":0,"hasContent":false,"attachmentStep":false}],"labels":[{"name":"package","value":"testcases.TransactionDetailsTest"},{"name":"testClass","value":"testcases.TransactionDetailsTest"},{"name":"testMethod","value":"userSwitchesFromTransactionDetailViewToTransactionListView"},{"name":"parentSuite","value":"GMAP INGO Mobile Test Automation - [ANDROID PARALLEL XML SUITE]"},{"name":"suite","value":"GMAP INGO Tests | Transaction details"},{"name":"subSuite","value":"testcases.TransactionDetailsTest"},{"name":"host","value":"fv-az1294-292"},{"name":"thread","value":"1958@fv-az1294-292.TestNG-tests-4(25)"},{"name":"framework","value":"testng"},{"name":"language","value":"java"},{"name":"owner","value":"Aman - [aman.gupta@circlekeurope.com]"},{"name":"tag","value":"TransactionDetails"},{"name":"story","value":"[INGO][GMAP] Transaction Detail Screen"},{"name":"tag","value":"Transactions"},{"name":"feature","value":"[INGO][GMAP] Transactions details Screen"},{"name":"epic","value":"[INGO][GMAP] Transaction details"},{"name":"severity","value":"normal"},{"name":"resultFormat","value":"allure2"}],"parameters":[{"name":"deviceConfig","value":"GalaxyS21"}],"links":[{"name":"NGRPRG-28320","url":"https://circlek.atlassian.net/browse/NGRPRG-28320","type":"tms"},{"name":"N/A","url":"https://circlek.atlassian.net/browse/N/A","type":"issue"}],"hidden":false,"retry":false,"extra":{"severity":"normal","owner":"Aman - [aman.gupta@circlekeurope.com]","retries":[],"categories":[],"history":{"statistic":{"failed":0,"broken":75,"skipped":0,"passed":65,"unknown":0,"total":140},"items":[{"uid":"96b30cc980cb06e3","reportUrl":"https://circlek-global.github.io/gmbat-tests-eu-mobile-automation/1540//#testresult/96b30cc980cb06e3","status":"passed","time":{"start":1742971926814,"stop":1742971956415,"duration":29601}},{"uid":"e6507c9cbb56e847","reportUrl":"https://circlek-global.github.io/gmbat-tests-eu-mobile-automation/1526//#testresult/e6507c9cbb56e847","status":"passed","time":{"start":1742903723438,"stop":1742903753777,"duration":30339}},{"uid":"470c8aaee13467d1","reportUrl":"https://circlek-global.github.io/gmbat-tests-eu-mobile-automation/1520//#testresult/470c8aaee13467d1","status":"broken","statusDetails":"Element [AppiumBy.id: account.tab-bar] wasn't clickable after [15] seconds!\nException: org.openqa.selenium.TimeoutException: Expected condition failed: Element [AppiumBy.id: account.tab-bar] wasn't clickable after [15] seconds! (tried for 15 second(s) with 250 milliseconds interval)\nFor documentation on this error, please visit: https://www.selenium.dev/documentation/webdriver/troubleshooting/errors#no-such-element-exception\nBuild info: version: '4.19.0', revision: '5f9cec8963'\nSystem info: os.name: 'Linux', os.arch: 'amd64', os.version: '6.8.0-1021-azure', java.version: '17.0.14'\nDriver info: driver.version: unknown","time":{"start":1742885231086,"stop":1742885270425,"duration":39339}},{"uid":"9e77d8dee3f1c3d8","reportUrl":"https://circlek-global.github.io/gmbat-tests-eu-mobile-automation/1507//#testresult/9e77d8dee3f1c3d8","status":"passed","time":{"start":1742799228535,"stop":1742799262296,"duration":33761}},{"uid":"cfb94c2466203b58","reportUrl":"https://circlek-global.github.io/gmbat-tests-eu-mobile-automation/1493//#testresult/cfb94c2466203b58","status":"passed","time":{"start":1742539995887,"stop":1742540025011,"duration":29124}},{"uid":"d173a65b61d31f6b","reportUrl":"https://circlek-global.github.io/gmbat-tests-eu-mobile-automation/1479//#testresult/d173a65b61d31f6b","status":"passed","time":{"start":1742453512202,"stop":1742453542578,"duration":30376}},{"uid":"84f6df5ed170ed26","reportUrl":"https://circlek-global.github.io/gmbat-tests-eu-mobile-automation/1464//#testresult/84f6df5ed170ed26","status":"passed","time":{"start":1742367196162,"stop":1742367226743,"duration":30581}},{"uid":"a5db278ab6e3bb4e","reportUrl":"https://circlek-global.github.io/gmbat-tests-eu-mobile-automation/1452//#testresult/a5db278ab6e3bb4e","status":"passed","time":{"start":1742280727888,"stop":1742280758657,"duration":30769}},{"uid":"8f241657a2751b5b","reportUrl":"https://circlek-global.github.io/gmbat-tests-eu-mobile-automation/1438//#testresult/8f241657a2751b5b","status":"broken","statusDetails":"Element [AppiumBy.id: account.tab-bar] wasn't clickable after [15] seconds!\nException: org.openqa.selenium.TimeoutException: Expected condition failed: Element [AppiumBy.id: account.tab-bar] wasn't clickable after [15] seconds! (tried for 15 second(s) with 250 milliseconds interval)\nFor documentation on this error, please visit: https://www.selenium.dev/documentation/webdriver/troubleshooting/errors#no-such-element-exception\nBuild info: version: '4.19.0', revision: '5f9cec8963'\nSystem info: os.name: 'Linux', os.arch: 'amd64', os.version: '6.8.0-1021-azure', java.version: '17.0.14'\nDriver info: driver.version: unknown","time":{"start":1742204396989,"stop":1742204436680,"duration":39691}},{"uid":"eb404c5b2f6a5019","reportUrl":"https://circlek-global.github.io/gmbat-tests-eu-mobile-automation/1436//#testresult/eb404c5b2f6a5019","status":"passed","time":{"start":1742194414896,"stop":1742194444277,"duration":29381}},{"uid":"628d37595f1514c9","reportUrl":"https://circlek-global.github.io/gmbat-tests-eu-mobile-automation/1433//#testresult/628d37595f1514c9","status":"passed","time":{"start":1742186694331,"stop":1742186723081,"duration":28750}},{"uid":"bbea6e058a81ad03","reportUrl":"https://circlek-global.github.io/gmbat-tests-eu-mobile-automation/1432//#testresult/bbea6e058a81ad03","status":"passed","time":{"start":1742182039127,"stop":1742182073183,"duration":34056}},{"uid":"144156a27e452a38","reportUrl":"https://circlek-global.github.io/gmbat-tests-eu-mobile-automation/1420//#testresult/144156a27e452a38","status":"passed","time":{"start":1741935132948,"stop":1741935163224,"duration":30276}},{"uid":"e3aef1b29f6b6431","reportUrl":"https://circlek-global.github.io/gmbat-tests-eu-mobile-automation/1405//#testresult/e3aef1b29f6b6431","status":"passed","time":{"start":1741848692095,"stop":1741848721931,"duration":29836}},{"uid":"4ab3134b066b224f","reportUrl":"https://circlek-global.github.io/gmbat-tests-eu-mobile-automation/1402//#testresult/4ab3134b066b224f","status":"passed","time":{"start":1741838738372,"stop":1741838768457,"duration":30085}},{"uid":"8eb5a5fb6afa9bc0","reportUrl":"https://circlek-global.github.io/gmbat-tests-eu-mobile-automation/1395//#testresult/8eb5a5fb6afa9bc0","status":"passed","time":{"start":1741796997683,"stop":1741797027251,"duration":29568}},{"uid":"1683298f8c154885","reportUrl":"https://circlek-global.github.io/gmbat-tests-eu-mobile-automation/1386//#testresult/1683298f8c154885","status":"passed","time":{"start":1741769463891,"stop":1741769493012,"duration":29121}},{"uid":"9a5cb96864ec9f1d","reportUrl":"https://circlek-global.github.io/gmbat-tests-eu-mobile-automation/1384//#testresult/9a5cb96864ec9f1d","status":"broken","statusDetails":"Element [AppiumBy.id: account.tab-bar] wasn't clickable after [15] seconds!\nException: org.openqa.selenium.TimeoutException: Expected condition failed: Element [AppiumBy.id: account.tab-bar] wasn't clickable after [15] seconds! (tried for 15 second(s) with 250 milliseconds interval)\nFor documentation on this error, please visit: https://www.selenium.dev/documentation/webdriver/troubleshooting/errors#no-such-element-exception\nBuild info: version: '4.19.0', revision: '5f9cec8963'\nSystem info: os.name: 'Linux', os.arch: 'amd64', os.version: '6.8.0-1021-azure', java.version: '17.0.14'\nDriver info: driver.version: unknown","time":{"start":1741764114766,"stop":1741764156540,"duration":41774}},{"uid":"38d58f42935c4a7e","reportUrl":"https://circlek-global.github.io/gmbat-tests-eu-mobile-automation/1383//#testresult/38d58f42935c4a7e","status":"passed","time":{"start":1741762302065,"stop":1741762330621,"duration":28556}},{"uid":"c76951b24d4d25b0","reportUrl":"https://circlek-global.github.io/gmbat-tests-eu-mobile-automation/1368//#testresult/c76951b24d4d25b0","status":"passed","time":{"start":1741675926887,"stop":1741675957510,"duration":30623}}]},"tags":["Transactions","TransactionDetails"]},"source":"bd9910247aabdd57.json","parameterValues":["GalaxyS21"]}