{"uid":"cb2d67866263e56e","name":"when user taps on the filter icon on the list screen, user should be presented with the transaction filter screen","fullName":"testcases.TransactionDetailsTest.checkTransactionFilterScreenIsDisplayed","historyId":"139c3fb7cd6948d6a80473faeb52fd1d","time":{"start":1743058301385,"stop":1743058335039,"duration":33654},"description":"User tries to view Transaction Filter Screen","descriptionHtml":"<p>User tries to view Transaction Filter Screen</p>\n","status":"passed","flaky":false,"newFailed":false,"newBroken":false,"newPassed":false,"retriesCount":0,"retriesStatusChange":false,"beforeStages":[{"name":"Base Before Test","time":{"start":1743058086577,"stop":1743058086577,"duration":0},"description":"Base Before Test","status":"passed","steps":[],"attachments":[],"parameters":[],"shouldDisplayMessage":false,"stepsCount":0,"attachmentsCount":0,"hasContent":false,"attachmentStep":false},{"name":"springTestContextBeforeTestClass","time":{"start":1743058086579,"stop":1743058086580,"duration":1},"description":"","status":"passed","steps":[],"attachments":[],"parameters":[],"shouldDisplayMessage":false,"stepsCount":0,"attachmentsCount":0,"hasContent":false,"attachmentStep":false},{"name":"springTestContextPrepareTestInstance","time":{"start":1743058086580,"stop":1743058086587,"duration":7},"description":"","status":"passed","steps":[],"attachments":[],"parameters":[],"shouldDisplayMessage":false,"stepsCount":0,"attachmentsCount":0,"hasContent":false,"attachmentStep":false},{"name":"Base Before Class","time":{"start":1743058086587,"stop":1743058086587,"duration":0},"description":"Base Before Class","status":"passed","steps":[],"attachments":[],"parameters":[],"shouldDisplayMessage":false,"stepsCount":0,"attachmentsCount":0,"hasContent":false,"attachmentStep":false},{"name":"springTestContextBeforeTestMethod","time":{"start":1743058289573,"stop":1743058289574,"duration":1},"description":"","status":"passed","steps":[],"attachments":[],"parameters":[],"shouldDisplayMessage":false,"stepsCount":0,"attachmentsCount":0,"hasContent":false,"attachmentStep":false},{"name":"Base Before Test Method","time":{"start":1743058289574,"stop":1743058300522,"duration":10948},"description":"Base Before Test Method","status":"passed","steps":[],"attachments":[],"parameters":[],"shouldDisplayMessage":false,"stepsCount":0,"attachmentsCount":0,"hasContent":false,"attachmentStep":false},{"name":"initTestConfig","time":{"start":1743058300523,"stop":1743058300524,"duration":1},"description":"","status":"passed","steps":[],"attachments":[],"parameters":[],"shouldDisplayMessage":false,"stepsCount":0,"attachmentsCount":0,"hasContent":false,"attachmentStep":false}],"testStage":{"description":"User tries to view Transaction Filter Screen","status":"passed","steps":[{"name":"I accept the new terms and conditions","time":{"start":1743058301385,"stop":1743058322807,"duration":21422},"status":"passed","steps":[],"attachments":[],"parameters":[],"shouldDisplayMessage":false,"stepsCount":0,"attachmentsCount":0,"hasContent":false,"attachmentStep":false},{"name":"I click on \"ACCOUNT\" button","time":{"start":1743058322809,"stop":1743058324792,"duration":1983},"status":"passed","steps":[],"attachments":[],"parameters":[],"shouldDisplayMessage":false,"stepsCount":0,"attachmentsCount":0,"hasContent":false,"attachmentStep":false},{"name":"I get the text \"TRANSACTIONS\" from the Account Screen","time":{"start":1743058324792,"stop":1743058326713,"duration":1921},"status":"passed","steps":[],"attachments":[],"parameters":[],"shouldDisplayMessage":false,"stepsCount":0,"attachmentsCount":0,"hasContent":false,"attachmentStep":false},{"name":"I check that the application text: \"TRANSACTIONS\" is equals to expected value: \"TRANSACTIONS\"","time":{"start":1743058326713,"stop":1743058326713,"duration":0},"status":"passed","steps":[],"attachments":[],"parameters":[{"name":"Actual:","value":"TRANSACTIONS"},{"name":"Expected:","value":"TRANSACTIONS"}],"shouldDisplayMessage":false,"stepsCount":0,"attachmentsCount":0,"hasContent":true,"attachmentStep":false},{"name":"I click on \"TRANSACTIONS\" tab","time":{"start":1743058326713,"stop":1743058328584,"duration":1871},"status":"passed","steps":[],"attachments":[],"parameters":[],"shouldDisplayMessage":false,"stepsCount":0,"attachmentsCount":0,"hasContent":false,"attachmentStep":false},{"name":"I click filter purchase History Icon on Transactions screen","time":{"start":1743058328585,"stop":1743058331255,"duration":2670},"status":"passed","steps":[],"attachments":[],"parameters":[],"shouldDisplayMessage":false,"stepsCount":0,"attachmentsCount":0,"hasContent":false,"attachmentStep":false},{"name":"I check filter text on Transactions Filter screen","time":{"start":1743058331255,"stop":1743058333204,"duration":1949},"status":"passed","steps":[],"attachments":[],"parameters":[],"shouldDisplayMessage":false,"stepsCount":0,"attachmentsCount":0,"hasContent":false,"attachmentStep":false},{"name":"I check that the application text: \"Filters\" is equals to expected value: \"Filters\"","time":{"start":1743058333204,"stop":1743058333204,"duration":0},"status":"passed","steps":[],"attachments":[],"parameters":[{"name":"Actual:","value":"Filters"},{"name":"Expected:","value":"Filters"}],"shouldDisplayMessage":false,"stepsCount":0,"attachmentsCount":0,"hasContent":true,"attachmentStep":false},{"name":"I check purchase type text on Transactions Filter screen","time":{"start":1743058333204,"stop":1743058334445,"duration":1241},"status":"passed","steps":[],"attachments":[],"parameters":[],"shouldDisplayMessage":false,"stepsCount":0,"attachmentsCount":0,"hasContent":false,"attachmentStep":false},{"name":"I check that the application text: \"Purchase type\" is equals to expected value: \"Purchase type\"","time":{"start":1743058334445,"stop":1743058334445,"duration":0},"status":"passed","steps":[],"attachments":[],"parameters":[{"name":"Actual:","value":"Purchase type"},{"name":"Expected:","value":"Purchase type"}],"shouldDisplayMessage":false,"stepsCount":0,"attachmentsCount":0,"hasContent":true,"attachmentStep":false},{"name":"I check that the \"Close Button\" is displayed","time":{"start":1743058334445,"stop":1743058335038,"duration":593},"status":"passed","steps":[],"attachments":[],"parameters":[],"shouldDisplayMessage":false,"stepsCount":0,"attachmentsCount":0,"hasContent":false,"attachmentStep":false}],"attachments":[],"parameters":[],"shouldDisplayMessage":false,"stepsCount":11,"attachmentsCount":0,"hasContent":true,"attachmentStep":false},"afterStages":[{"name":"Base After Test Method","time":{"start":1743058337176,"stop":1743058337176,"duration":0},"description":"Base After Test Method","status":"passed","steps":[],"attachments":[],"parameters":[],"shouldDisplayMessage":false,"stepsCount":0,"attachmentsCount":0,"hasContent":false,"attachmentStep":false},{"name":"springTestContextAfterTestMethod","time":{"start":1743058337177,"stop":1743058337177,"duration":0},"description":"","status":"passed","steps":[],"attachments":[],"parameters":[],"shouldDisplayMessage":false,"stepsCount":0,"attachmentsCount":0,"hasContent":false,"attachmentStep":false},{"name":"Base After Class","time":{"start":1743058728421,"stop":1743058728421,"duration":0},"description":"Base After Class","status":"passed","steps":[],"attachments":[],"parameters":[],"shouldDisplayMessage":false,"stepsCount":0,"attachmentsCount":0,"hasContent":false,"attachmentStep":false},{"name":"springTestContextAfterTestClass","time":{"start":1743058728421,"stop":1743058728421,"duration":0},"description":"","status":"passed","steps":[],"attachments":[],"parameters":[],"shouldDisplayMessage":false,"stepsCount":0,"attachmentsCount":0,"hasContent":false,"attachmentStep":false},{"name":"Base After Test","time":{"start":1743058728422,"stop":1743058728422,"duration":0},"description":"Base After Test","status":"passed","steps":[],"attachments":[],"parameters":[],"shouldDisplayMessage":false,"stepsCount":0,"attachmentsCount":0,"hasContent":false,"attachmentStep":false}],"labels":[{"name":"package","value":"testcases.TransactionDetailsTest"},{"name":"testClass","value":"testcases.TransactionDetailsTest"},{"name":"testMethod","value":"checkTransactionFilterScreenIsDisplayed"},{"name":"parentSuite","value":"GMAP INGO Mobile Test Automation - [ANDROID PARALLEL XML SUITE]"},{"name":"suite","value":"GMAP INGO Tests | Transaction details"},{"name":"subSuite","value":"testcases.TransactionDetailsTest"},{"name":"host","value":"fv-az1294-292"},{"name":"thread","value":"1958@fv-az1294-292.TestNG-tests-4(25)"},{"name":"framework","value":"testng"},{"name":"language","value":"java"},{"name":"tag","value":"TransactionsList"},{"name":"owner","value":"Aman - [aman.gupta@circlekeurope.com]"},{"name":"story","value":"[INGO][GMAP] Transaction List Screen"},{"name":"tag","value":"Transactions"},{"name":"feature","value":"[INGO][GMAP] Transactions List Screen"},{"name":"epic","value":"[INGO][GMAP] Transaction details"},{"name":"severity","value":"normal"},{"name":"resultFormat","value":"allure2"}],"parameters":[{"name":"deviceConfig","value":"GalaxyS21"}],"links":[{"name":"N/A","url":"https://circlek.atlassian.net/browse/N/A","type":"issue"},{"name":"NGRPRG-27620","url":"https://circlek.atlassian.net/browse/NGRPRG-27620","type":"tms"}],"hidden":false,"retry":false,"extra":{"severity":"normal","owner":"Aman - [aman.gupta@circlekeurope.com]","retries":[],"categories":[],"history":{"statistic":{"failed":0,"broken":53,"skipped":0,"passed":104,"unknown":0,"total":157},"items":[{"uid":"6ec6abdafe2f9fa6","reportUrl":"https://circlek-global.github.io/gmbat-tests-eu-mobile-automation/1540//#testresult/6ec6abdafe2f9fa6","status":"passed","time":{"start":1742971876323,"stop":1742971908706,"duration":32383}},{"uid":"38b1fe931eae7fec","reportUrl":"https://circlek-global.github.io/gmbat-tests-eu-mobile-automation/1534//#testresult/38b1fe931eae7fec","status":"broken","statusDetails":"Element [AppiumBy.id: account.tab-bar] wasn't clickable after [15] seconds!\nException: org.openqa.selenium.TimeoutException: Expected condition failed: Element [AppiumBy.id: account.tab-bar] wasn't clickable after [15] seconds! (tried for 15 second(s) with 250 milliseconds interval)\nFor documentation on this error, please visit: https://www.selenium.dev/documentation/webdriver/troubleshooting/errors#no-such-element-exception\nBuild info: version: '4.19.0', revision: '5f9cec8963'\nSystem info: os.name: 'Linux', os.arch: 'amd64', os.version: '6.8.0-1021-azure', java.version: '17.0.14'\nDriver info: driver.version: unknown","time":{"start":1742934003392,"stop":1742934041644,"duration":38252}},{"uid":"a17366fd90c4566e","reportUrl":"https://circlek-global.github.io/gmbat-tests-eu-mobile-automation/1526//#testresult/a17366fd90c4566e","status":"passed","time":{"start":1742903673410,"stop":1742903708571,"duration":35161}},{"uid":"65e37e77f6ada32c","reportUrl":"https://circlek-global.github.io/gmbat-tests-eu-mobile-automation/1520//#testresult/65e37e77f6ada32c","status":"broken","statusDetails":"Element [AppiumBy.id: account.tab-bar] wasn't clickable after [15] seconds!\nException: org.openqa.selenium.TimeoutException: Expected condition failed: Element [AppiumBy.id: account.tab-bar] wasn't clickable after [15] seconds! (tried for 15 second(s) with 250 milliseconds interval)\nFor documentation on this error, please visit: https://www.selenium.dev/documentation/webdriver/troubleshooting/errors#no-such-element-exception\nBuild info: version: '4.19.0', revision: '5f9cec8963'\nSystem info: os.name: 'Linux', os.arch: 'amd64', os.version: '6.8.0-1021-azure', java.version: '17.0.14'\nDriver info: driver.version: unknown","time":{"start":1742885176641,"stop":1742885217558,"duration":40917}},{"uid":"d3b43e58c48450e6","reportUrl":"https://circlek-global.github.io/gmbat-tests-eu-mobile-automation/1514//#testresult/d3b43e58c48450e6","status":"broken","statusDetails":"Element [AppiumBy.id: account.tab-bar] wasn't clickable after [15] seconds!\nException: org.openqa.selenium.TimeoutException: Expected condition failed: Element [AppiumBy.id: account.tab-bar] wasn't clickable after [15] seconds! (tried for 15 second(s) with 250 milliseconds interval)\nFor documentation on this error, please visit: https://www.selenium.dev/documentation/webdriver/troubleshooting/errors#no-such-element-exception\nBuild info: version: '4.19.0', revision: '5f9cec8963'\nSystem info: os.name: 'Linux', os.arch: 'amd64', os.version: '6.8.0-1021-azure', java.version: '17.0.14'\nDriver info: driver.version: unknown","time":{"start":1742847594014,"stop":1742847633418,"duration":39404}},{"uid":"79c68bac030e736","reportUrl":"https://circlek-global.github.io/gmbat-tests-eu-mobile-automation/1507//#testresult/79c68bac030e736","status":"passed","time":{"start":1742799176877,"stop":1742799210170,"duration":33293}},{"uid":"a535901ff53251c2","reportUrl":"https://circlek-global.github.io/gmbat-tests-eu-mobile-automation/1501//#testresult/a535901ff53251c2","status":"broken","statusDetails":"Element [AppiumBy.id: account.tab-bar] wasn't clickable after [15] seconds!\nException: org.openqa.selenium.TimeoutException: Expected condition failed: Element [AppiumBy.id: account.tab-bar] wasn't clickable after [15] seconds! (tried for 15 second(s) with 250 milliseconds interval)\nFor documentation on this error, please visit: https://www.selenium.dev/documentation/webdriver/troubleshooting/errors#no-such-element-exception\nBuild info: version: '4.19.0', revision: '5f9cec8963'\nSystem info: os.name: 'Linux', os.arch: 'amd64', os.version: '6.8.0-1021-azure', java.version: '17.0.14'\nDriver info: driver.version: unknown","time":{"start":1742588611918,"stop":1742588651609,"duration":39691}},{"uid":"4463e89205a8a105","reportUrl":"https://circlek-global.github.io/gmbat-tests-eu-mobile-automation/1493//#testresult/4463e89205a8a105","status":"passed","time":{"start":1742539946377,"stop":1742539977860,"duration":31483}},{"uid":"320a60716aec311","reportUrl":"https://circlek-global.github.io/gmbat-tests-eu-mobile-automation/1487//#testresult/320a60716aec311","status":"broken","statusDetails":"Element [AppiumBy.id: account.tab-bar] wasn't clickable after [15] seconds!\nException: org.openqa.selenium.TimeoutException: Expected condition failed: Element [AppiumBy.id: account.tab-bar] wasn't clickable after [15] seconds! (tried for 15 second(s) with 250 milliseconds interval)\nFor documentation on this error, please visit: https://www.selenium.dev/documentation/webdriver/troubleshooting/errors#no-such-element-exception\nBuild info: version: '4.19.0', revision: '5f9cec8963'\nSystem info: os.name: 'Linux', os.arch: 'amd64', os.version: '6.8.0-1021-azure', java.version: '17.0.14'\nDriver info: driver.version: unknown","time":{"start":1742502125738,"stop":1742502165038,"duration":39300}},{"uid":"c50b89af0156786e","reportUrl":"https://circlek-global.github.io/gmbat-tests-eu-mobile-automation/1479//#testresult/c50b89af0156786e","status":"passed","time":{"start":1742453465425,"stop":1742453498894,"duration":33469}},{"uid":"34f76f9476dab65f","reportUrl":"https://circlek-global.github.io/gmbat-tests-eu-mobile-automation/1473//#testresult/34f76f9476dab65f","status":"broken","statusDetails":"Element [AppiumBy.id: account.tab-bar] wasn't clickable after [15] seconds!\nException: org.openqa.selenium.TimeoutException: Expected condition failed: Element [AppiumBy.id: account.tab-bar] wasn't clickable after [15] seconds! (tried for 15 second(s) with 250 milliseconds interval)\nFor documentation on this error, please visit: https://www.selenium.dev/documentation/webdriver/troubleshooting/errors#no-such-element-exception\nBuild info: version: '4.19.0', revision: '5f9cec8963'\nSystem info: os.name: 'Linux', os.arch: 'amd64', os.version: '6.8.0-1021-azure', java.version: '17.0.14'\nDriver info: driver.version: unknown","time":{"start":1742415736869,"stop":1742415778117,"duration":41248}},{"uid":"17ea0e32bae16a1e","reportUrl":"https://circlek-global.github.io/gmbat-tests-eu-mobile-automation/1464//#testresult/17ea0e32bae16a1e","status":"passed","time":{"start":1742367148824,"stop":1742367183206,"duration":34382}},{"uid":"e1a9cd028a7cf0ca","reportUrl":"https://circlek-global.github.io/gmbat-tests-eu-mobile-automation/1458//#testresult/e1a9cd028a7cf0ca","status":"broken","statusDetails":"Element [AppiumBy.id: account.tab-bar] wasn't clickable after [15] seconds!\nException: org.openqa.selenium.TimeoutException: Expected condition failed: Element [AppiumBy.id: account.tab-bar] wasn't clickable after [15] seconds! (tried for 15 second(s) with 250 milliseconds interval)\nFor documentation on this error, please visit: https://www.selenium.dev/documentation/webdriver/troubleshooting/errors#no-such-element-exception\nBuild info: version: '4.19.0', revision: '5f9cec8963'\nSystem info: os.name: 'Linux', os.arch: 'amd64', os.version: '6.8.0-1021-azure', java.version: '17.0.14'\nDriver info: driver.version: unknown","time":{"start":1742329200876,"stop":1742329240627,"duration":39751}},{"uid":"149b02beb46ec1ba","reportUrl":"https://circlek-global.github.io/gmbat-tests-eu-mobile-automation/1452//#testresult/149b02beb46ec1ba","status":"passed","time":{"start":1742280675422,"stop":1742280709998,"duration":34576}},{"uid":"d395e6cbb85376eb","reportUrl":"https://circlek-global.github.io/gmbat-tests-eu-mobile-automation/1446//#testresult/d395e6cbb85376eb","status":"broken","statusDetails":"Element [AppiumBy.id: account.tab-bar] wasn't clickable after [15] seconds!\nException: org.openqa.selenium.TimeoutException: Expected condition failed: Element [AppiumBy.id: account.tab-bar] wasn't clickable after [15] seconds! (tried for 15 second(s) with 250 milliseconds interval)\nFor documentation on this error, please visit: https://www.selenium.dev/documentation/webdriver/troubleshooting/errors#no-such-element-exception\nBuild info: version: '4.19.0', revision: '5f9cec8963'\nSystem info: os.name: 'Linux', os.arch: 'amd64', os.version: '6.8.0-1021-azure', java.version: '17.0.14'\nDriver info: driver.version: unknown","time":{"start":1742242674903,"stop":1742242722696,"duration":47793}},{"uid":"c9185209b0751199","reportUrl":"https://circlek-global.github.io/gmbat-tests-eu-mobile-automation/1438//#testresult/c9185209b0751199","status":"broken","statusDetails":"Element [AppiumBy.id: account.tab-bar] wasn't clickable after [15] seconds!\nException: org.openqa.selenium.TimeoutException: Expected condition failed: Element [AppiumBy.id: account.tab-bar] wasn't clickable after [15] seconds! (tried for 15 second(s) with 250 milliseconds interval)\nFor documentation on this error, please visit: https://www.selenium.dev/documentation/webdriver/troubleshooting/errors#no-such-element-exception\nBuild info: version: '4.19.0', revision: '5f9cec8963'\nSystem info: os.name: 'Linux', os.arch: 'amd64', os.version: '6.8.0-1021-azure', java.version: '17.0.14'\nDriver info: driver.version: unknown","time":{"start":1742204344714,"stop":1742204383905,"duration":39191}},{"uid":"a6717ce681d0e2","reportUrl":"https://circlek-global.github.io/gmbat-tests-eu-mobile-automation/1436//#testresult/a6717ce681d0e2","status":"passed","time":{"start":1742194360174,"stop":1742194395744,"duration":35570}},{"uid":"5a41e4a674b4d35a","reportUrl":"https://circlek-global.github.io/gmbat-tests-eu-mobile-automation/1433//#testresult/5a41e4a674b4d35a","status":"passed","time":{"start":1742186644013,"stop":1742186680524,"duration":36511}},{"uid":"3e0dd096751668ee","reportUrl":"https://circlek-global.github.io/gmbat-tests-eu-mobile-automation/1432//#testresult/3e0dd096751668ee","status":"passed","time":{"start":1742181988549,"stop":1742182021279,"duration":32730}},{"uid":"853dba639d0ec5a","reportUrl":"https://circlek-global.github.io/gmbat-tests-eu-mobile-automation/1428//#testresult/853dba639d0ec5a","status":"broken","statusDetails":"Element [AppiumBy.id: account.tab-bar] wasn't clickable after [15] seconds!\nException: org.openqa.selenium.TimeoutException: Expected condition failed: Element [AppiumBy.id: account.tab-bar] wasn't clickable after [15] seconds! (tried for 15 second(s) with 250 milliseconds interval)\nFor documentation on this error, please visit: https://www.selenium.dev/documentation/webdriver/troubleshooting/errors#no-such-element-exception\nBuild info: version: '4.19.0', revision: '5f9cec8963'\nSystem info: os.name: 'Linux', os.arch: 'amd64', os.version: '6.8.0-1021-azure', java.version: '17.0.14'\nDriver info: driver.version: unknown","time":{"start":1741983379244,"stop":1741983419074,"duration":39830}}]},"tags":["TransactionsList","Transactions"]},"source":"cb2d67866263e56e.json","parameterValues":["GalaxyS21"]}