{"uid":"fba6dbb595b3ef85","name":"Account tab does have links to social media for login user","fullName":"testcases.TransactionDetailsTest.verifySocialLinksForLoginUser","historyId":"87ea0450c0a36704e8c734fa3826c10","time":{"start":1743058430998,"stop":1743058466407,"duration":35409},"description":"Account tab does have links to social media for login user","descriptionHtml":"<p>Account tab does have links to social media for login user</p>\n","status":"passed","flaky":false,"newFailed":false,"newBroken":false,"newPassed":false,"retriesCount":0,"retriesStatusChange":false,"beforeStages":[{"name":"Base Before Test","time":{"start":1743058086577,"stop":1743058086577,"duration":0},"description":"Base Before Test","status":"passed","steps":[],"attachments":[],"parameters":[],"shouldDisplayMessage":false,"stepsCount":0,"attachmentsCount":0,"hasContent":false,"attachmentStep":false},{"name":"springTestContextBeforeTestClass","time":{"start":1743058086579,"stop":1743058086580,"duration":1},"description":"","status":"passed","steps":[],"attachments":[],"parameters":[],"shouldDisplayMessage":false,"stepsCount":0,"attachmentsCount":0,"hasContent":false,"attachmentStep":false},{"name":"springTestContextPrepareTestInstance","time":{"start":1743058086580,"stop":1743058086587,"duration":7},"description":"","status":"passed","steps":[],"attachments":[],"parameters":[],"shouldDisplayMessage":false,"stepsCount":0,"attachmentsCount":0,"hasContent":false,"attachmentStep":false},{"name":"Base Before Class","time":{"start":1743058086587,"stop":1743058086587,"duration":0},"description":"Base Before Class","status":"passed","steps":[],"attachments":[],"parameters":[],"shouldDisplayMessage":false,"stepsCount":0,"attachmentsCount":0,"hasContent":false,"attachmentStep":false},{"name":"springTestContextBeforeTestMethod","time":{"start":1743058419575,"stop":1743058419576,"duration":1},"description":"","status":"passed","steps":[],"attachments":[],"parameters":[],"shouldDisplayMessage":false,"stepsCount":0,"attachmentsCount":0,"hasContent":false,"attachmentStep":false},{"name":"Base Before Test Method","time":{"start":1743058419576,"stop":1743058430176,"duration":10600},"description":"Base Before Test Method","status":"passed","steps":[],"attachments":[],"parameters":[],"shouldDisplayMessage":false,"stepsCount":0,"attachmentsCount":0,"hasContent":false,"attachmentStep":false},{"name":"initTestConfig","time":{"start":1743058430177,"stop":1743058430178,"duration":1},"description":"","status":"passed","steps":[],"attachments":[],"parameters":[],"shouldDisplayMessage":false,"stepsCount":0,"attachmentsCount":0,"hasContent":false,"attachmentStep":false}],"testStage":{"description":"Account tab does have links to social media for login user","status":"passed","steps":[{"name":"I accept the new terms and conditions","time":{"start":1743058430998,"stop":1743058451662,"duration":20664},"status":"passed","steps":[],"attachments":[],"parameters":[],"shouldDisplayMessage":false,"stepsCount":0,"attachmentsCount":0,"hasContent":false,"attachmentStep":false},{"name":"I click on \"ACCOUNT\" button","time":{"start":1743058451663,"stop":1743058453680,"duration":2017},"status":"passed","steps":[],"attachments":[],"parameters":[],"shouldDisplayMessage":false,"stepsCount":0,"attachmentsCount":0,"hasContent":false,"attachmentStep":false},{"name":"I get the text \"Instagram\" from the Account Screen","time":{"start":1743058453680,"stop":1743058461697,"duration":8017},"status":"passed","steps":[],"attachments":[],"parameters":[],"shouldDisplayMessage":false,"stepsCount":0,"attachmentsCount":0,"hasContent":false,"attachmentStep":false},{"name":"I check that the application text: \"INSTAGRAM\" is equals to expected value: \"INSTAGRAM\"","time":{"start":1743058461697,"stop":1743058461697,"duration":0},"status":"passed","steps":[],"attachments":[],"parameters":[{"name":"Actual:","value":"INSTAGRAM"},{"name":"Expected:","value":"INSTAGRAM"}],"shouldDisplayMessage":false,"stepsCount":0,"attachmentsCount":0,"hasContent":true,"attachmentStep":false},{"name":"I get the text \"Facebook\" from the Account Screen","time":{"start":1743058461698,"stop":1743058464106,"duration":2408},"status":"passed","steps":[],"attachments":[],"parameters":[],"shouldDisplayMessage":false,"stepsCount":0,"attachmentsCount":0,"hasContent":false,"attachmentStep":false},{"name":"I check that the application text: \"FACEBOOK\" is equals to expected value: \"FACEBOOK\"","time":{"start":1743058464107,"stop":1743058464107,"duration":0},"status":"passed","steps":[],"attachments":[],"parameters":[{"name":"Actual:","value":"FACEBOOK"},{"name":"Expected:","value":"FACEBOOK"}],"shouldDisplayMessage":false,"stepsCount":0,"attachmentsCount":0,"hasContent":true,"attachmentStep":false},{"name":"I get the text \"Youtube\" from the Account Screen","time":{"start":1743058464107,"stop":1743058466407,"duration":2300},"status":"passed","steps":[],"attachments":[],"parameters":[],"shouldDisplayMessage":false,"stepsCount":0,"attachmentsCount":0,"hasContent":false,"attachmentStep":false},{"name":"I check that the application text: \"YOUTUBE\" is equals to expected value: \"YOUTUBE\"","time":{"start":1743058466407,"stop":1743058466407,"duration":0},"status":"passed","steps":[],"attachments":[],"parameters":[{"name":"Actual:","value":"YOUTUBE"},{"name":"Expected:","value":"YOUTUBE"}],"shouldDisplayMessage":false,"stepsCount":0,"attachmentsCount":0,"hasContent":true,"attachmentStep":false}],"attachments":[],"parameters":[],"shouldDisplayMessage":false,"stepsCount":8,"attachmentsCount":0,"hasContent":true,"attachmentStep":false},"afterStages":[{"name":"Base After Test Method","time":{"start":1743058468520,"stop":1743058468520,"duration":0},"description":"Base After Test Method","status":"passed","steps":[],"attachments":[],"parameters":[],"shouldDisplayMessage":false,"stepsCount":0,"attachmentsCount":0,"hasContent":false,"attachmentStep":false},{"name":"springTestContextAfterTestMethod","time":{"start":1743058468520,"stop":1743058468521,"duration":1},"description":"","status":"passed","steps":[],"attachments":[],"parameters":[],"shouldDisplayMessage":false,"stepsCount":0,"attachmentsCount":0,"hasContent":false,"attachmentStep":false},{"name":"Base After Class","time":{"start":1743058728421,"stop":1743058728421,"duration":0},"description":"Base After Class","status":"passed","steps":[],"attachments":[],"parameters":[],"shouldDisplayMessage":false,"stepsCount":0,"attachmentsCount":0,"hasContent":false,"attachmentStep":false},{"name":"springTestContextAfterTestClass","time":{"start":1743058728421,"stop":1743058728421,"duration":0},"description":"","status":"passed","steps":[],"attachments":[],"parameters":[],"shouldDisplayMessage":false,"stepsCount":0,"attachmentsCount":0,"hasContent":false,"attachmentStep":false},{"name":"Base After Test","time":{"start":1743058728422,"stop":1743058728422,"duration":0},"description":"Base After Test","status":"passed","steps":[],"attachments":[],"parameters":[],"shouldDisplayMessage":false,"stepsCount":0,"attachmentsCount":0,"hasContent":false,"attachmentStep":false}],"labels":[{"name":"package","value":"testcases.TransactionDetailsTest"},{"name":"testClass","value":"testcases.TransactionDetailsTest"},{"name":"testMethod","value":"verifySocialLinksForLoginUser"},{"name":"parentSuite","value":"GMAP INGO Mobile Test Automation - [ANDROID PARALLEL XML SUITE]"},{"name":"suite","value":"GMAP INGO Tests | Transaction details"},{"name":"subSuite","value":"testcases.TransactionDetailsTest"},{"name":"host","value":"fv-az1294-292"},{"name":"thread","value":"1958@fv-az1294-292.TestNG-tests-4(25)"},{"name":"framework","value":"testng"},{"name":"language","value":"java"},{"name":"feature","value":"[INGO][GMAP] Feature parity E2E Testing "},{"name":"owner","value":"Abhijit - [abhijit.paithane@circlekeurope.com]"},{"name":"story","value":"[INGO][GMAP] Account Screen social links"},{"name":"tag","value":"social links"},{"name":"epic","value":"[INGO][GMAP] Transaction details"},{"name":"severity","value":"normal"},{"name":"resultFormat","value":"allure2"}],"parameters":[{"name":"deviceConfig","value":"GalaxyS21"}],"links":[{"name":"N/A","url":"https://circlek.atlassian.net/browse/N/A","type":"issue"},{"name":"NGRPRG-32845","url":"https://circlek.atlassian.net/browse/NGRPRG-32845","type":"tms"}],"hidden":false,"retry":false,"extra":{"severity":"normal","owner":"Abhijit - [abhijit.paithane@circlekeurope.com]","retries":[],"categories":[],"history":{"statistic":{"failed":0,"broken":30,"skipped":0,"passed":85,"unknown":0,"total":115},"items":[{"uid":"f0bf401f0b886a00","reportUrl":"https://circlek-global.github.io/gmbat-tests-eu-mobile-automation/1540//#testresult/f0bf401f0b886a00","status":"passed","time":{"start":1742972021189,"stop":1742972058778,"duration":37589}},{"uid":"66c5c23e2315020e","reportUrl":"https://circlek-global.github.io/gmbat-tests-eu-mobile-automation/1526//#testresult/66c5c23e2315020e","status":"passed","time":{"start":1742903809494,"stop":1742903847704,"duration":38210}},{"uid":"6f407bc0287570e7","reportUrl":"https://circlek-global.github.io/gmbat-tests-eu-mobile-automation/1520//#testresult/6f407bc0287570e7","status":"broken","statusDetails":"Element [AppiumBy.id: account.tab-bar] wasn't clickable after [15] seconds!\nException: org.openqa.selenium.TimeoutException: Expected condition failed: Element [AppiumBy.id: account.tab-bar] wasn't clickable after [15] seconds! (tried for 15 second(s) with 250 milliseconds interval)\nFor documentation on this error, please visit: https://www.selenium.dev/documentation/webdriver/troubleshooting/errors#no-such-element-exception\nBuild info: version: '4.19.0', revision: '5f9cec8963'\nSystem info: os.name: 'Linux', os.arch: 'amd64', os.version: '6.8.0-1021-azure', java.version: '17.0.14'\nDriver info: driver.version: unknown","time":{"start":1742885343884,"stop":1742885385274,"duration":41390}},{"uid":"4a4a9aaa0db65b62","reportUrl":"https://circlek-global.github.io/gmbat-tests-eu-mobile-automation/1507//#testresult/4a4a9aaa0db65b62","status":"passed","time":{"start":1742799321900,"stop":1742799358221,"duration":36321}},{"uid":"49472a68d5f5ce28","reportUrl":"https://circlek-global.github.io/gmbat-tests-eu-mobile-automation/1493//#testresult/49472a68d5f5ce28","status":"passed","time":{"start":1742540088835,"stop":1742540125063,"duration":36228}},{"uid":"96e4230fbbe7a3c8","reportUrl":"https://circlek-global.github.io/gmbat-tests-eu-mobile-automation/1479//#testresult/96e4230fbbe7a3c8","status":"passed","time":{"start":1742453605649,"stop":1742453642020,"duration":36371}},{"uid":"7d3c87eeacbfdf2d","reportUrl":"https://circlek-global.github.io/gmbat-tests-eu-mobile-automation/1464//#testresult/7d3c87eeacbfdf2d","status":"passed","time":{"start":1742367281701,"stop":1742367317800,"duration":36099}},{"uid":"c28d4e3aaf5c3772","reportUrl":"https://circlek-global.github.io/gmbat-tests-eu-mobile-automation/1452//#testresult/c28d4e3aaf5c3772","status":"passed","time":{"start":1742280821714,"stop":1742280858785,"duration":37071}},{"uid":"b6a17aab111fd22f","reportUrl":"https://circlek-global.github.io/gmbat-tests-eu-mobile-automation/1438//#testresult/b6a17aab111fd22f","status":"broken","statusDetails":"Element [AppiumBy.id: account.tab-bar] wasn't clickable after [15] seconds!\nException: org.openqa.selenium.TimeoutException: Expected condition failed: Element [AppiumBy.id: account.tab-bar] wasn't clickable after [15] seconds! (tried for 15 second(s) with 250 milliseconds interval)\nFor documentation on this error, please visit: https://www.selenium.dev/documentation/webdriver/troubleshooting/errors#no-such-element-exception\nBuild info: version: '4.19.0', revision: '5f9cec8963'\nSystem info: os.name: 'Linux', os.arch: 'amd64', os.version: '6.8.0-1021-azure', java.version: '17.0.14'\nDriver info: driver.version: unknown","time":{"start":1742204503654,"stop":1742204543007,"duration":39353}},{"uid":"a3dcf60cbfa7c00","reportUrl":"https://circlek-global.github.io/gmbat-tests-eu-mobile-automation/1436//#testresult/a3dcf60cbfa7c00","status":"passed","time":{"start":1742194507140,"stop":1742194544106,"duration":36966}},{"uid":"1c02f996caeb5111","reportUrl":"https://circlek-global.github.io/gmbat-tests-eu-mobile-automation/1433//#testresult/1c02f996caeb5111","status":"passed","time":{"start":1742186780110,"stop":1742186817411,"duration":37301}},{"uid":"47fc94ba39f3a7f0","reportUrl":"https://circlek-global.github.io/gmbat-tests-eu-mobile-automation/1432//#testresult/47fc94ba39f3a7f0","status":"passed","time":{"start":1742182138091,"stop":1742182174796,"duration":36705}},{"uid":"54608859eebd706f","reportUrl":"https://circlek-global.github.io/gmbat-tests-eu-mobile-automation/1420//#testresult/54608859eebd706f","status":"passed","time":{"start":1741935229540,"stop":1741935267576,"duration":38036}},{"uid":"981a03c28992a5d9","reportUrl":"https://circlek-global.github.io/gmbat-tests-eu-mobile-automation/1405//#testresult/981a03c28992a5d9","status":"passed","time":{"start":1741848784975,"stop":1741848821859,"duration":36884}},{"uid":"8cdca76731f81a86","reportUrl":"https://circlek-global.github.io/gmbat-tests-eu-mobile-automation/1402//#testresult/8cdca76731f81a86","status":"passed","time":{"start":1741838834638,"stop":1741838873158,"duration":38520}},{"uid":"6cabd7c6df9e77c8","reportUrl":"https://circlek-global.github.io/gmbat-tests-eu-mobile-automation/1395//#testresult/6cabd7c6df9e77c8","status":"passed","time":{"start":1741797084463,"stop":1741797122442,"duration":37979}},{"uid":"373259ea30d2d0e7","reportUrl":"https://circlek-global.github.io/gmbat-tests-eu-mobile-automation/1386//#testresult/373259ea30d2d0e7","status":"passed","time":{"start":1741769553176,"stop":1741769589609,"duration":36433}},{"uid":"ea02569690e6fe28","reportUrl":"https://circlek-global.github.io/gmbat-tests-eu-mobile-automation/1384//#testresult/ea02569690e6fe28","status":"broken","statusDetails":"Element [AppiumBy.id: account.tab-bar] wasn't clickable after [15] seconds!\nException: org.openqa.selenium.TimeoutException: Expected condition failed: Element [AppiumBy.id: account.tab-bar] wasn't clickable after [15] seconds! (tried for 15 second(s) with 250 milliseconds interval)\nFor documentation on this error, please visit: https://www.selenium.dev/documentation/webdriver/troubleshooting/errors#no-such-element-exception\nBuild info: version: '4.19.0', revision: '5f9cec8963'\nSystem info: os.name: 'Linux', os.arch: 'amd64', os.version: '6.8.0-1021-azure', java.version: '17.0.14'\nDriver info: driver.version: unknown","time":{"start":1741764224077,"stop":1741764262023,"duration":37946}},{"uid":"a1528ab4f93e2bac","reportUrl":"https://circlek-global.github.io/gmbat-tests-eu-mobile-automation/1383//#testresult/a1528ab4f93e2bac","status":"passed","time":{"start":1741762394201,"stop":1741762429398,"duration":35197}},{"uid":"eee919908973c52b","reportUrl":"https://circlek-global.github.io/gmbat-tests-eu-mobile-automation/1368//#testresult/eee919908973c52b","status":"passed","time":{"start":1741676012696,"stop":1741676051215,"duration":38519}}]},"tags":["social links"]},"source":"fba6dbb595b3ef85.json","parameterValues":["GalaxyS21"]}