{"uid":"2d736d5474bf829a","name":"Change Home Store from the home page - Using Current Location","fullName":"testcases.OtherFeaturesTests.userTriesToChangeStoreUsingCurrentLocation","historyId":"d1a4f068d39b4626d5621e7fff16c458","time":{"start":1743113724885,"stop":1743113790784,"duration":65899},"description":"User tries to change home store using current location","descriptionHtml":"<p>User tries to change home store using current location</p>\n","status":"broken","statusMessage":"Element [AppiumBy.androidUIAutomator: new UiSelector().description(\"Bottom Sheet\")] wasn't visible after [15] seconds!\nException: org.openqa.selenium.TimeoutException: Expected condition failed: Element [AppiumBy.androidUIAutomator: new UiSelector().description(\"Bottom Sheet\")] wasn't visible after [15] seconds! (tried for 15 second(s) with 250 milliseconds interval)\nFor documentation on this error, please visit: https://www.selenium.dev/documentation/webdriver/troubleshooting/errors#no-such-element-exception\nBuild info: version: '4.19.0', revision: '5f9cec8963'\nSystem info: os.name: 'Linux', os.arch: 'amd64', os.version: '6.8.0-1021-azure', java.version: '17.0.14'\nDriver info: driver.version: unknown","statusTrace":"org.openqa.selenium.NoSuchElementException: Element [AppiumBy.androidUIAutomator: new UiSelector().description(\"Bottom Sheet\")] wasn't visible after [15] seconds!\nException: org.openqa.selenium.TimeoutException: Expected condition failed: Element [AppiumBy.androidUIAutomator: new UiSelector().description(\"Bottom Sheet\")] wasn't visible after [15] seconds! (tried for 15 second(s) with 250 milliseconds interval)\nFor documentation on this error, please visit: https://www.selenium.dev/documentation/webdriver/troubleshooting/errors#no-such-element-exception\nBuild info: version: '4.19.0', revision: '5f9cec8963'\nSystem info: os.name: 'Linux', os.arch: 'amd64', os.version: '6.8.0-1021-azure', java.version: '17.0.14'\nDriver info: driver.version: unknown\n\tat com.gmap.core.common.handlers.WaitHandler.waitUntil(WaitHandler.java:163)\n\tat com.gmap.core.common.handlers.WaitHandler.waitForElementToBeVisible(WaitHandler.java:196)\n\tat com.gmap.core.pages_common.panes.WantToChangeStorePane.checkThatTheWantToChangeStorePaneIsDisplayed(WantToChangeStorePane.java:47)\n\tat com.gmap.core.pages_common.CommonPage.mockLocationAndSetStore(CommonPage.java:424)\n\tat testcases.OtherFeaturesTests.userTriesToChangeStoreUsingCurrentLocation(OtherFeaturesTests.java:284)\n\tat java.base/jdk.internal.reflect.NativeMethodAccessorImpl.invoke0(Native Method)\n\tat java.base/jdk.internal.reflect.NativeMethodAccessorImpl.invoke(NativeMethodAccessorImpl.java:77)\n\tat java.base/jdk.internal.reflect.DelegatingMethodAccessorImpl.invoke(DelegatingMethodAccessorImpl.java:43)\n\tat java.base/java.lang.reflect.Method.invoke(Method.java:569)\n\tat org.testng.internal.invokers.MethodInvocationHelper.invokeMethod(MethodInvocationHelper.java:141)\n\tat org.testng.internal.invokers.MethodInvocationHelper$1.runTestMethod(MethodInvocationHelper.java:260)\n\tat org.springframework.test.context.testng.AbstractTestNGSpringContextTests.run(AbstractTestNGSpringContextTests.java:154)\n\tat org.testng.internal.invokers.MethodInvocationHelper.invokeHookable(MethodInvocationHelper.java:274)\n\tat org.testng.internal.invokers.TestInvoker.invokeMethod(TestInvoker.java:679)\n\tat org.testng.internal.invokers.TestInvoker.invokeTestMethod(TestInvoker.java:230)\n\tat org.testng.internal.invokers.MethodRunner.runInSequence(MethodRunner.java:63)\n\tat org.testng.internal.invokers.TestInvoker$MethodInvocationAgent.invoke(TestInvoker.java:995)\n\tat org.testng.internal.invokers.TestInvoker.invokeTestMethods(TestInvoker.java:203)\n\tat org.testng.internal.invokers.TestMethodWorker.invokeTestMethods(TestMethodWorker.java:154)\n\tat org.testng.internal.invokers.TestMethodWorker.run(TestMethodWorker.java:134)\n\tat java.base/java.util.ArrayList.forEach(ArrayList.java:1511)\n\tat org.testng.TestRunner.privateRun(TestRunner.java:741)\n\tat org.testng.TestRunner.run(TestRunner.java:616)\n\tat org.testng.SuiteRunner.runTest(SuiteRunner.java:421)\n\tat org.testng.SuiteRunner$SuiteWorker.run(SuiteRunner.java:463)\n\tat org.testng.internal.thread.ThreadUtil.lambda$execute$0(ThreadUtil.java:64)\n\tat java.base/java.util.concurrent.FutureTask.run(FutureTask.java:264)\n\tat java.base/java.util.concurrent.ThreadPoolExecutor.runWorker(ThreadPoolExecutor.java:1136)\n\tat java.base/java.util.concurrent.ThreadPoolExecutor$Worker.run(ThreadPoolExecutor.java:635)\n\tat java.base/java.lang.Thread.run(Thread.java:840)\n","flaky":false,"newFailed":false,"newBroken":true,"newPassed":false,"retriesCount":0,"retriesStatusChange":false,"beforeStages":[{"name":"Base Before Test","time":{"start":1743113446795,"stop":1743113446795,"duration":0},"description":"Base Before Test","status":"passed","steps":[],"attachments":[],"parameters":[],"shouldDisplayMessage":false,"stepsCount":0,"attachmentsCount":0,"hasContent":false,"attachmentStep":false},{"name":"springTestContextBeforeTestClass","time":{"start":1743113446797,"stop":1743113446797,"duration":0},"description":"","status":"passed","steps":[],"attachments":[],"parameters":[],"shouldDisplayMessage":false,"stepsCount":0,"attachmentsCount":0,"hasContent":false,"attachmentStep":false},{"name":"springTestContextPrepareTestInstance","time":{"start":1743113446797,"stop":1743113446800,"duration":3},"description":"","status":"passed","steps":[],"attachments":[],"parameters":[],"shouldDisplayMessage":false,"stepsCount":0,"attachmentsCount":0,"hasContent":false,"attachmentStep":false},{"name":"Base Before Class","time":{"start":1743113446801,"stop":1743113446801,"duration":0},"description":"Base Before Class","status":"passed","steps":[],"attachments":[],"parameters":[],"shouldDisplayMessage":false,"stepsCount":0,"attachmentsCount":0,"hasContent":false,"attachmentStep":false},{"name":"springTestContextBeforeTestMethod","time":{"start":1743113708891,"stop":1743113708892,"duration":1},"description":"","status":"passed","steps":[],"attachments":[],"parameters":[],"shouldDisplayMessage":false,"stepsCount":0,"attachmentsCount":0,"hasContent":false,"attachmentStep":false},{"name":"Base Before Test Method","time":{"start":1743113708892,"stop":1743113724284,"duration":15392},"description":"Base Before Test Method","status":"passed","steps":[],"attachments":[],"parameters":[],"shouldDisplayMessage":false,"stepsCount":0,"attachmentsCount":0,"hasContent":false,"attachmentStep":false},{"name":"initTestConfig","time":{"start":1743113724285,"stop":1743113724289,"duration":4},"description":"","status":"passed","steps":[],"attachments":[],"parameters":[],"shouldDisplayMessage":false,"stepsCount":0,"attachmentsCount":0,"hasContent":false,"attachmentStep":false}],"testStage":{"description":"User tries to change home store using current location","status":"broken","statusMessage":"Element [AppiumBy.androidUIAutomator: new UiSelector().description(\"Bottom Sheet\")] wasn't visible after [15] seconds!\nException: org.openqa.selenium.TimeoutException: Expected condition failed: Element [AppiumBy.androidUIAutomator: new UiSelector().description(\"Bottom Sheet\")] wasn't visible after [15] seconds! (tried for 15 second(s) with 250 milliseconds interval)\nFor documentation on this error, please visit: https://www.selenium.dev/documentation/webdriver/troubleshooting/errors#no-such-element-exception\nBuild info: version: '4.19.0', revision: '5f9cec8963'\nSystem info: os.name: 'Linux', os.arch: 'amd64', os.version: '6.8.0-1021-azure', java.version: '17.0.14'\nDriver info: driver.version: unknown","statusTrace":"org.openqa.selenium.NoSuchElementException: Element [AppiumBy.androidUIAutomator: new UiSelector().description(\"Bottom Sheet\")] wasn't visible after [15] seconds!\nException: org.openqa.selenium.TimeoutException: Expected condition failed: Element [AppiumBy.androidUIAutomator: new UiSelector().description(\"Bottom Sheet\")] wasn't visible after [15] seconds! (tried for 15 second(s) with 250 milliseconds interval)\nFor documentation on this error, please visit: https://www.selenium.dev/documentation/webdriver/troubleshooting/errors#no-such-element-exception\nBuild info: version: '4.19.0', revision: '5f9cec8963'\nSystem info: os.name: 'Linux', os.arch: 'amd64', os.version: '6.8.0-1021-azure', java.version: '17.0.14'\nDriver info: driver.version: unknown\n\tat com.gmap.core.common.handlers.WaitHandler.waitUntil(WaitHandler.java:163)\n\tat com.gmap.core.common.handlers.WaitHandler.waitForElementToBeVisible(WaitHandler.java:196)\n\tat com.gmap.core.pages_common.panes.WantToChangeStorePane.checkThatTheWantToChangeStorePaneIsDisplayed(WantToChangeStorePane.java:47)\n\tat com.gmap.core.pages_common.CommonPage.mockLocationAndSetStore(CommonPage.java:424)\n\tat testcases.OtherFeaturesTests.userTriesToChangeStoreUsingCurrentLocation(OtherFeaturesTests.java:284)\n\tat java.base/jdk.internal.reflect.NativeMethodAccessorImpl.invoke0(Native Method)\n\tat java.base/jdk.internal.reflect.NativeMethodAccessorImpl.invoke(NativeMethodAccessorImpl.java:77)\n\tat java.base/jdk.internal.reflect.DelegatingMethodAccessorImpl.invoke(DelegatingMethodAccessorImpl.java:43)\n\tat java.base/java.lang.reflect.Method.invoke(Method.java:569)\n\tat org.testng.internal.invokers.MethodInvocationHelper.invokeMethod(MethodInvocationHelper.java:141)\n\tat org.testng.internal.invokers.MethodInvocationHelper$1.runTestMethod(MethodInvocationHelper.java:260)\n\tat org.springframework.test.context.testng.AbstractTestNGSpringContextTests.run(AbstractTestNGSpringContextTests.java:154)\n\tat org.testng.internal.invokers.MethodInvocationHelper.invokeHookable(MethodInvocationHelper.java:274)\n\tat org.testng.internal.invokers.TestInvoker.invokeMethod(TestInvoker.java:679)\n\tat org.testng.internal.invokers.TestInvoker.invokeTestMethod(TestInvoker.java:230)\n\tat org.testng.internal.invokers.MethodRunner.runInSequence(MethodRunner.java:63)\n\tat org.testng.internal.invokers.TestInvoker$MethodInvocationAgent.invoke(TestInvoker.java:995)\n\tat org.testng.internal.invokers.TestInvoker.invokeTestMethods(TestInvoker.java:203)\n\tat org.testng.internal.invokers.TestMethodWorker.invokeTestMethods(TestMethodWorker.java:154)\n\tat org.testng.internal.invokers.TestMethodWorker.run(TestMethodWorker.java:134)\n\tat java.base/java.util.ArrayList.forEach(ArrayList.java:1511)\n\tat org.testng.TestRunner.privateRun(TestRunner.java:741)\n\tat org.testng.TestRunner.run(TestRunner.java:616)\n\tat org.testng.SuiteRunner.runTest(SuiteRunner.java:421)\n\tat org.testng.SuiteRunner$SuiteWorker.run(SuiteRunner.java:463)\n\tat org.testng.internal.thread.ThreadUtil.lambda$execute$0(ThreadUtil.java:64)\n\tat java.base/java.util.concurrent.FutureTask.run(FutureTask.java:264)\n\tat java.base/java.util.concurrent.ThreadPoolExecutor.runWorker(ThreadPoolExecutor.java:1136)\n\tat java.base/java.util.concurrent.ThreadPoolExecutor$Worker.run(ThreadPoolExecutor.java:635)\n\tat java.base/java.lang.Thread.run(Thread.java:840)\n","steps":[{"name":"I check that the \"Home Screen\" is displayed","time":{"start":1743113724886,"stop":1743113730760,"duration":5874},"status":"passed","steps":[],"attachments":[],"parameters":[],"shouldDisplayMessage":false,"stepsCount":0,"attachmentsCount":0,"hasContent":false,"attachmentStep":false},{"name":"I mock the location of the device to \"CORNWALL_800786\"","time":{"start":1743113730761,"stop":1743113771107,"duration":40346},"status":"passed","steps":[{"name":"I click on \"ACCOUNT\" button","time":{"start":1743113730780,"stop":1743113732588,"duration":1808},"status":"passed","steps":[],"attachments":[],"parameters":[],"shouldDisplayMessage":false,"stepsCount":0,"attachmentsCount":0,"hasContent":false,"attachmentStep":false},{"name":"I check that the \"Account Screen\" is displayed","time":{"start":1743113732588,"stop":1743113733758,"duration":1170},"status":"passed","steps":[],"attachments":[],"parameters":[],"shouldDisplayMessage":false,"stepsCount":0,"attachmentsCount":0,"hasContent":false,"attachmentStep":false},{"name":"I click on \"BUILD NUMBER\" tab","time":{"start":1743113733759,"stop":1743113742271,"duration":8512},"status":"passed","steps":[],"attachments":[],"parameters":[],"shouldDisplayMessage":false,"stepsCount":0,"attachmentsCount":0,"hasContent":false,"attachmentStep":false},{"name":"I click on \"SET LOCATION\" button","time":{"start":1743113742272,"stop":1743113744553,"duration":2281},"status":"passed","steps":[],"attachments":[],"parameters":[],"shouldDisplayMessage":false,"stepsCount":0,"attachmentsCount":0,"hasContent":false,"attachmentStep":false},{"name":"I enter the location data of the \"CORNWALL_800786\" station","time":{"start":1743113744554,"stop":1743113756163,"duration":11609},"status":"passed","steps":[{"name":"I check \"Set Location\" page is visible","time":{"start":1743113744554,"stop":1743113745485,"duration":931},"status":"passed","steps":[],"attachments":[],"parameters":[],"shouldDisplayMessage":false,"stepsCount":0,"attachmentsCount":0,"hasContent":false,"attachmentStep":false},{"name":"I enter the site ID \"CORNWALL_800786\" in the input","time":{"start":1743113745485,"stop":1743113754618,"duration":9133},"status":"passed","steps":[],"attachments":[],"parameters":[{"name":"Device location:","value":"CORNWALL_800786"}],"shouldDisplayMessage":false,"stepsCount":0,"attachmentsCount":0,"hasContent":true,"attachmentStep":false},{"name":"I click on \"SET LOCATION\" button","time":{"start":1743113754618,"stop":1743113756163,"duration":1545},"status":"passed","steps":[],"attachments":[],"parameters":[],"shouldDisplayMessage":false,"stepsCount":0,"attachmentsCount":0,"hasContent":false,"attachmentStep":false}],"attachments":[],"parameters":[{"name":"Device location:","value":"CORNWALL_800786"},{"name":"useStationId","value":"true"}],"shouldDisplayMessage":false,"stepsCount":3,"attachmentsCount":0,"hasContent":true,"attachmentStep":false},{"name":"I click on \"Car Wash\" advertisement","time":{"start":1743113756164,"stop":1743113760895,"duration":4731},"status":"passed","steps":[{"name":"I check if \"Car Wash\" advertisement is displayed","time":{"start":1743113758033,"stop":1743113760895,"duration":2862},"status":"passed","steps":[],"attachments":[],"parameters":[{"name":"time","value":"2"}],"shouldDisplayMessage":false,"stepsCount":0,"attachmentsCount":0,"hasContent":true,"attachmentStep":false}],"attachments":[],"parameters":[],"shouldDisplayMessage":false,"stepsCount":1,"attachmentsCount":0,"hasContent":true,"attachmentStep":false},{"name":"I close and open application","time":{"start":1743113760895,"stop":1743113761782,"duration":887},"status":"passed","steps":[],"attachments":[],"parameters":[],"shouldDisplayMessage":false,"stepsCount":0,"attachmentsCount":0,"hasContent":false,"attachmentStep":false},{"name":"I make sure that the location is set correctly","time":{"start":1743113761782,"stop":1743113770576,"duration":8794},"status":"passed","steps":[],"attachments":[],"parameters":[],"shouldDisplayMessage":false,"stepsCount":0,"attachmentsCount":0,"hasContent":false,"attachmentStep":false},{"name":"I check that the \"Home Screen\" is displayed","time":{"start":1743113770576,"stop":1743113771107,"duration":531},"status":"passed","steps":[],"attachments":[],"parameters":[],"shouldDisplayMessage":false,"stepsCount":0,"attachmentsCount":0,"hasContent":false,"attachmentStep":false}],"attachments":[],"parameters":[{"name":"Device location:","value":"CORNWALL_800786"},{"name":"useStationId","value":"true"}],"shouldDisplayMessage":false,"stepsCount":13,"attachmentsCount":0,"hasContent":true,"attachmentStep":false},{"name":"I check that the \"Home Screen\" is displayed","time":{"start":1743113771107,"stop":1743113771614,"duration":507},"status":"passed","steps":[],"attachments":[],"parameters":[],"shouldDisplayMessage":false,"stepsCount":0,"attachmentsCount":0,"hasContent":false,"attachmentStep":false},{"name":"I click on \"CHANGE STORE\" button","time":{"start":1743113771615,"stop":1743113773241,"duration":1626},"status":"passed","steps":[],"attachments":[],"parameters":[],"shouldDisplayMessage":false,"stepsCount":0,"attachmentsCount":0,"hasContent":false,"attachmentStep":false},{"name":"I check that the \"Want to change store?\" pane is displayed","time":{"start":1743113773241,"stop":1743113788841,"duration":15600},"status":"broken","statusMessage":"Element [AppiumBy.androidUIAutomator: new UiSelector().description(\"Bottom Sheet\")] wasn't visible after [15] seconds!\nException: org.openqa.selenium.TimeoutException: Expected condition failed: Element [AppiumBy.androidUIAutomator: new UiSelector().description(\"Bottom Sheet\")] wasn't visible after [15] seconds! (tried for 15 second(s) with 250 milliseconds interval)\nFor documentation on this error, please visit: https://www.selenium.dev/documentation/webdriver/troubleshooting/errors#no-such-element-exception\nBuild info: version: '4.19.0', revision: '5f9cec8963'\nSystem info: os.name: 'Linux', os.arch: 'amd64', os.version: '6.8.0-1021-azure', java.version: '17.0.14'\nDriver info: driver.version: unknown","statusTrace":"org.openqa.selenium.NoSuchElementException: Element [AppiumBy.androidUIAutomator: new UiSelector().description(\"Bottom Sheet\")] wasn't visible after [15] seconds!\nException: org.openqa.selenium.TimeoutException: Expected condition failed: Element [AppiumBy.androidUIAutomator: new UiSelector().description(\"Bottom Sheet\")] wasn't visible after [15] seconds! (tried for 15 second(s) with 250 milliseconds interval)\nFor documentation on this error, please visit: https://www.selenium.dev/documentation/webdriver/troubleshooting/errors#no-such-element-exception\nBuild info: version: '4.19.0', revision: '5f9cec8963'\nSystem info: os.name: 'Linux', os.arch: 'amd64', os.version: '6.8.0-1021-azure', java.version: '17.0.14'\nDriver info: driver.version: unknown\n\tat com.gmap.core.common.handlers.WaitHandler.waitUntil(WaitHandler.java:163)\n\tat com.gmap.core.common.handlers.WaitHandler.waitForElementToBeVisible(WaitHandler.java:196)\n\tat com.gmap.core.pages_common.panes.WantToChangeStorePane.checkThatTheWantToChangeStorePaneIsDisplayed(WantToChangeStorePane.java:47)\n\tat com.gmap.core.pages_common.CommonPage.mockLocationAndSetStore(CommonPage.java:424)\n\tat testcases.OtherFeaturesTests.userTriesToChangeStoreUsingCurrentLocation(OtherFeaturesTests.java:284)\n\tat java.base/jdk.internal.reflect.NativeMethodAccessorImpl.invoke0(Native Method)\n\tat java.base/jdk.internal.reflect.NativeMethodAccessorImpl.invoke(NativeMethodAccessorImpl.java:77)\n\tat java.base/jdk.internal.reflect.DelegatingMethodAccessorImpl.invoke(DelegatingMethodAccessorImpl.java:43)\n\tat java.base/java.lang.reflect.Method.invoke(Method.java:569)\n\tat org.testng.internal.invokers.MethodInvocationHelper.invokeMethod(MethodInvocationHelper.java:141)\n\tat org.testng.internal.invokers.MethodInvocationHelper$1.runTestMethod(MethodInvocationHelper.java:260)\n\tat org.springframework.test.context.testng.AbstractTestNGSpringContextTests.run(AbstractTestNGSpringContextTests.java:154)\n\tat org.testng.internal.invokers.MethodInvocationHelper.invokeHookable(MethodInvocationHelper.java:274)\n\tat org.testng.internal.invokers.TestInvoker.invokeMethod(TestInvoker.java:679)\n\tat org.testng.internal.invokers.TestInvoker.invokeTestMethod(TestInvoker.java:230)\n\tat org.testng.internal.invokers.MethodRunner.runInSequence(MethodRunner.java:63)\n\tat org.testng.internal.invokers.TestInvoker$MethodInvocationAgent.invoke(TestInvoker.java:995)\n\tat org.testng.internal.invokers.TestInvoker.invokeTestMethods(TestInvoker.java:203)\n\tat org.testng.internal.invokers.TestMethodWorker.invokeTestMethods(TestMethodWorker.java:154)\n\tat org.testng.internal.invokers.TestMethodWorker.run(TestMethodWorker.java:134)\n\tat java.base/java.util.ArrayList.forEach(ArrayList.java:1511)\n\tat org.testng.TestRunner.privateRun(TestRunner.java:741)\n\tat org.testng.TestRunner.run(TestRunner.java:616)\n\tat org.testng.SuiteRunner.runTest(SuiteRunner.java:421)\n\tat org.testng.SuiteRunner$SuiteWorker.run(SuiteRunner.java:463)\n\tat org.testng.internal.thread.ThreadUtil.lambda$execute$0(ThreadUtil.java:64)\n\tat java.base/java.util.concurrent.FutureTask.run(FutureTask.java:264)\n\tat java.base/java.util.concurrent.ThreadPoolExecutor.runWorker(ThreadPoolExecutor.java:1136)\n\tat java.base/java.util.concurrent.ThreadPoolExecutor$Worker.run(ThreadPoolExecutor.java:635)\n\tat java.base/java.lang.Thread.run(Thread.java:840)\n","steps":[],"attachments":[],"parameters":[],"shouldDisplayMessage":true,"stepsCount":0,"attachmentsCount":0,"hasContent":true,"attachmentStep":false}],"attachments":[{"uid":"48c698dd5533ef39","name":"Screenshot | [27-03-2025]","source":"48c698dd5533ef39.jpg","type":"image/jpg","size":116783}],"parameters":[],"shouldDisplayMessage":false,"stepsCount":18,"attachmentsCount":1,"hasContent":true,"attachmentStep":false},"afterStages":[{"name":"Base After Test Method","time":{"start":1743113792562,"stop":1743113792563,"duration":1},"description":"Base After Test Method","status":"passed","steps":[],"attachments":[],"parameters":[],"shouldDisplayMessage":false,"stepsCount":0,"attachmentsCount":0,"hasContent":false,"attachmentStep":false},{"name":"springTestContextAfterTestMethod","time":{"start":1743113792563,"stop":1743113792564,"duration":1},"description":"","status":"passed","steps":[],"attachments":[],"parameters":[],"shouldDisplayMessage":false,"stepsCount":0,"attachmentsCount":0,"hasContent":false,"attachmentStep":false},{"name":"Base After Class","time":{"start":1743113792564,"stop":1743113792564,"duration":0},"description":"Base After Class","status":"passed","steps":[],"attachments":[],"parameters":[],"shouldDisplayMessage":false,"stepsCount":0,"attachmentsCount":0,"hasContent":false,"attachmentStep":false},{"name":"Base After Test","time":{"start":1743113792565,"stop":1743113792565,"duration":0},"description":"Base After Test","status":"passed","steps":[],"attachments":[],"parameters":[],"shouldDisplayMessage":false,"stepsCount":0,"attachmentsCount":0,"hasContent":false,"attachmentStep":false},{"name":"springTestContextAfterTestClass","time":{"start":1743113792565,"stop":1743113792565,"duration":0},"description":"","status":"passed","steps":[],"attachments":[],"parameters":[],"shouldDisplayMessage":false,"stepsCount":0,"attachmentsCount":0,"hasContent":false,"attachmentStep":false}],"labels":[{"name":"package","value":"testcases.OtherFeaturesTests"},{"name":"testClass","value":"testcases.OtherFeaturesTests"},{"name":"testMethod","value":"userTriesToChangeStoreUsingCurrentLocation"},{"name":"parentSuite","value":"GMAP NA Mobile Test Automation - [ANDROID SMOKE XML SUITE]"},{"name":"suite","value":"GMAP NA Tests | Other Features"},{"name":"subSuite","value":"testcases.OtherFeaturesTests"},{"name":"host","value":"fv-az1949-274"},{"name":"thread","value":"1931@fv-az1949-274.TestNG-tests-2(23)"},{"name":"framework","value":"testng"},{"name":"language","value":"java"},{"name":"tag","value":"StoreLocator"},{"name":"feature","value":"[GMAP][NA] Store Locator"},{"name":"owner","value":"Toshika Gupta - [toshika.gupta@circlekeurope.com]"},{"name":"story","value":"[GMAP][NA] Store Locator"},{"name":"epic","value":"[GMAP][NA] OTHER FEATURES"},{"name":"severity","value":"normal"},{"name":"resultFormat","value":"allure2"}],"parameters":[{"name":"deviceConfig","value":"GalaxyS21"}],"links":[{"name":"NGRPRG-34583","url":"https://circlek.atlassian.net/browse/NGRPRG-34583","type":"tms"},{"name":"N/A","url":"https://circlek.atlassian.net/browse/N/A","type":"issue"},{"name":"Device logs.txt","url":"https://api.eu-central-1.saucelabs.com/v1/rdc/jobs/a929f24add1246138db54814eb3ef3f6/deviceLogs"}],"hidden":false,"retry":false,"extra":{"severity":"normal","owner":"Toshika Gupta - [toshika.gupta@circlekeurope.com]","retries":[],"categories":[{"name":"Test defects","matchedStatuses":[],"flaky":false}],"history":{"statistic":{"failed":5,"broken":27,"skipped":0,"passed":93,"unknown":0,"total":125},"items":[{"uid":"cd8d5baafc262acc","reportUrl":"https://circlek-global.github.io/gmbat-tests-eu-mobile-automation/1554//#testresult/cd8d5baafc262acc","status":"passed","time":{"start":1743051772417,"stop":1743051835574,"duration":63157}},{"uid":"67773e0c7bdcf9b5","reportUrl":"https://circlek-global.github.io/gmbat-tests-eu-mobile-automation/1552//#testresult/67773e0c7bdcf9b5","status":"broken","statusDetails":"Element [AppiumBy.androidUIAutomator: new UiSelector().description(\"Bottom Sheet\")] wasn't visible after [15] seconds!\nException: org.openqa.selenium.TimeoutException: Expected condition failed: Element [AppiumBy.androidUIAutomator: new UiSelector().description(\"Bottom Sheet\")] wasn't visible after [15] seconds! (tried for 15 second(s) with 250 milliseconds interval)\nFor documentation on this error, please visit: https://www.selenium.dev/documentation/webdriver/troubleshooting/errors#no-such-element-exception\nBuild info: version: '4.19.0', revision: '5f9cec8963'\nSystem info: os.name: 'Linux', os.arch: 'amd64', os.version: '6.8.0-1021-azure', java.version: '17.0.14'\nDriver info: driver.version: unknown","time":{"start":1743027379031,"stop":1743027442805,"duration":63774}},{"uid":"c3e2760dc65854b3","reportUrl":"https://circlek-global.github.io/gmbat-tests-eu-mobile-automation/1545//#testresult/c3e2760dc65854b3","status":"passed","time":{"start":1742987286409,"stop":1742987341625,"duration":55216}},{"uid":"155d46bb4ef8c0ab","reportUrl":"https://circlek-global.github.io/gmbat-tests-eu-mobile-automation/1538//#testresult/155d46bb4ef8c0ab","status":"passed","time":{"start":1742965207603,"stop":1742965269389,"duration":61786}},{"uid":"aaf3eab412e03a84","reportUrl":"https://circlek-global.github.io/gmbat-tests-eu-mobile-automation/1536//#testresult/aaf3eab412e03a84","status":"broken","statusDetails":"Element [AppiumBy.androidUIAutomator: new UiSelector().description(\"Bottom Sheet\")] wasn't visible after [15] seconds!\nException: org.openqa.selenium.TimeoutException: Expected condition failed: Element [AppiumBy.androidUIAutomator: new UiSelector().description(\"Bottom Sheet\")] wasn't visible after [15] seconds! (tried for 15 second(s) with 250 milliseconds interval)\nFor documentation on this error, please visit: https://www.selenium.dev/documentation/webdriver/troubleshooting/errors#no-such-element-exception\nBuild info: version: '4.19.0', revision: '5f9cec8963'\nSystem info: os.name: 'Linux', os.arch: 'amd64', os.version: '6.8.0-1021-azure', java.version: '17.0.14'\nDriver info: driver.version: unknown","time":{"start":1742941033386,"stop":1742941109549,"duration":76163}},{"uid":"85cfac8d44ea4bc9","reportUrl":"https://circlek-global.github.io/gmbat-tests-eu-mobile-automation/1531//#testresult/85cfac8d44ea4bc9","status":"passed","time":{"start":1742917351006,"stop":1742917418717,"duration":67711}},{"uid":"ed9d90d67c5bf307","reportUrl":"https://circlek-global.github.io/gmbat-tests-eu-mobile-automation/1518//#testresult/ed9d90d67c5bf307","status":"broken","statusDetails":"Element [AppiumBy.id: homepage-screen] wasn't visible after [20] seconds!\nException: org.openqa.selenium.TimeoutException: Expected condition failed: Element [AppiumBy.id: homepage-screen] wasn't visible after [20] seconds! (tried for 20 second(s) with 250 milliseconds interval)\nFor documentation on this error, please visit: https://www.selenium.dev/documentation/webdriver/troubleshooting/errors#no-such-element-exception\nBuild info: version: '4.19.0', revision: '5f9cec8963'\nSystem info: os.name: 'Linux', os.arch: 'amd64', os.version: '6.8.0-1021-azure', java.version: '17.0.14'\nDriver info: driver.version: unknown","time":{"start":1742878358175,"stop":1742878381023,"duration":22848}},{"uid":"3386f502f960fa9c","reportUrl":"https://circlek-global.github.io/gmbat-tests-eu-mobile-automation/1516//#testresult/3386f502f960fa9c","status":"broken","statusDetails":"Element [AppiumBy.androidUIAutomator: new UiSelector().description(\"Bottom Sheet\")] wasn't visible after [15] seconds!\nException: org.openqa.selenium.TimeoutException: Expected condition failed: Element [AppiumBy.androidUIAutomator: new UiSelector().description(\"Bottom Sheet\")] wasn't visible after [15] seconds! (tried for 15 second(s) with 250 milliseconds interval)\nFor documentation on this error, please visit: https://www.selenium.dev/documentation/webdriver/troubleshooting/errors#no-such-element-exception\nBuild info: version: '4.19.0', revision: '5f9cec8963'\nSystem info: os.name: 'Linux', os.arch: 'amd64', os.version: '6.8.0-1021-azure', java.version: '17.0.14'\nDriver info: driver.version: unknown","time":{"start":1742854623167,"stop":1742854697642,"duration":74475}},{"uid":"ac2fe4149f6bccbf","reportUrl":"https://circlek-global.github.io/gmbat-tests-eu-mobile-automation/1505//#testresult/ac2fe4149f6bccbf","status":"passed","time":{"start":1742792467652,"stop":1742792522380,"duration":54728}},{"uid":"b233401ac3dade2c","reportUrl":"https://circlek-global.github.io/gmbat-tests-eu-mobile-automation/1503//#testresult/b233401ac3dade2c","status":"broken","statusDetails":"Element [AppiumBy.androidUIAutomator: new UiSelector().description(\"Bottom Sheet\")] wasn't visible after [15] seconds!\nException: org.openqa.selenium.TimeoutException: Expected condition failed: Element [AppiumBy.androidUIAutomator: new UiSelector().description(\"Bottom Sheet\")] wasn't visible after [15] seconds! (tried for 15 second(s) with 250 milliseconds interval)\nFor documentation on this error, please visit: https://www.selenium.dev/documentation/webdriver/troubleshooting/errors#no-such-element-exception\nBuild info: version: '4.19.0', revision: '5f9cec8963'\nSystem info: os.name: 'Linux', os.arch: 'amd64', os.version: '6.8.0-1021-azure', java.version: '17.0.14'\nDriver info: driver.version: unknown","time":{"start":1742595356236,"stop":1742595422474,"duration":66238}},{"uid":"20bde4552f6822f3","reportUrl":"https://circlek-global.github.io/gmbat-tests-eu-mobile-automation/1491//#testresult/20bde4552f6822f3","status":"passed","time":{"start":1742533273904,"stop":1742533337560,"duration":63656}},{"uid":"ffcf28489a2f952b","reportUrl":"https://circlek-global.github.io/gmbat-tests-eu-mobile-automation/1489//#testresult/ffcf28489a2f952b","status":"broken","statusDetails":"Element [AppiumBy.androidUIAutomator: new UiSelector().description(\"Bottom Sheet\")] wasn't visible after [15] seconds!\nException: org.openqa.selenium.TimeoutException: Expected condition failed: Element [AppiumBy.androidUIAutomator: new UiSelector().description(\"Bottom Sheet\")] wasn't visible after [15] seconds! (tried for 15 second(s) with 250 milliseconds interval)\nFor documentation on this error, please visit: https://www.selenium.dev/documentation/webdriver/troubleshooting/errors#no-such-element-exception\nBuild info: version: '4.19.0', revision: '5f9cec8963'\nSystem info: os.name: 'Linux', os.arch: 'amd64', os.version: '6.8.0-1021-azure', java.version: '17.0.14'\nDriver info: driver.version: unknown","time":{"start":1742508921913,"stop":1742508988196,"duration":66283}},{"uid":"4db252723cbb2e0b","reportUrl":"https://circlek-global.github.io/gmbat-tests-eu-mobile-automation/1481//#testresult/4db252723cbb2e0b","status":"passed","time":{"start":1742465016678,"stop":1742465073850,"duration":57172}},{"uid":"9eb8aa19faf6f834","reportUrl":"https://circlek-global.github.io/gmbat-tests-eu-mobile-automation/1477//#testresult/9eb8aa19faf6f834","status":"passed","time":{"start":1742446829396,"stop":1742446886195,"duration":56799}},{"uid":"247682a16d500583","reportUrl":"https://circlek-global.github.io/gmbat-tests-eu-mobile-automation/1475//#testresult/247682a16d500583","status":"broken","statusDetails":"Element [AppiumBy.androidUIAutomator: new UiSelector().description(\"Bottom Sheet\")] wasn't visible after [15] seconds!\nException: org.openqa.selenium.TimeoutException: Expected condition failed: Element [AppiumBy.androidUIAutomator: new UiSelector().description(\"Bottom Sheet\")] wasn't visible after [15] seconds! (tried for 15 second(s) with 250 milliseconds interval)\nFor documentation on this error, please visit: https://www.selenium.dev/documentation/webdriver/troubleshooting/errors#no-such-element-exception\nBuild info: version: '4.19.0', revision: '5f9cec8963'\nSystem info: os.name: 'Linux', os.arch: 'amd64', os.version: '6.8.0-1021-azure', java.version: '17.0.14'\nDriver info: driver.version: unknown","time":{"start":1742422600442,"stop":1742422666524,"duration":66082}},{"uid":"3582209f39b4b26e","reportUrl":"https://circlek-global.github.io/gmbat-tests-eu-mobile-automation/1466//#testresult/3582209f39b4b26e","status":"passed","time":{"start":1742374734244,"stop":1742374789433,"duration":55189}},{"uid":"3b308b09826733d7","reportUrl":"https://circlek-global.github.io/gmbat-tests-eu-mobile-automation/1462//#testresult/3b308b09826733d7","status":"passed","time":{"start":1742360428517,"stop":1742360481590,"duration":53073}},{"uid":"a5cd6d6d81ebbbc4","reportUrl":"https://circlek-global.github.io/gmbat-tests-eu-mobile-automation/1460//#testresult/a5cd6d6d81ebbbc4","status":"broken","statusDetails":"Element [AppiumBy.androidUIAutomator: new UiSelector().description(\"Bottom Sheet\")] wasn't visible after [15] seconds!\nException: org.openqa.selenium.TimeoutException: Expected condition failed: Element [AppiumBy.androidUIAutomator: new UiSelector().description(\"Bottom Sheet\")] wasn't visible after [15] seconds! (tried for 15 second(s) with 250 milliseconds interval)\nFor documentation on this error, please visit: https://www.selenium.dev/documentation/webdriver/troubleshooting/errors#no-such-element-exception\nBuild info: version: '4.19.0', revision: '5f9cec8963'\nSystem info: os.name: 'Linux', os.arch: 'amd64', os.version: '6.8.0-1021-azure', java.version: '17.0.14'\nDriver info: driver.version: unknown","time":{"start":1742336166864,"stop":1742336228170,"duration":61306}},{"uid":"442a8725da4737cb","reportUrl":"https://circlek-global.github.io/gmbat-tests-eu-mobile-automation/1450//#testresult/442a8725da4737cb","status":"passed","time":{"start":1742273957004,"stop":1742274012450,"duration":55446}},{"uid":"ed8e1688902dc87a","reportUrl":"https://circlek-global.github.io/gmbat-tests-eu-mobile-automation/1448//#testresult/ed8e1688902dc87a","status":"broken","statusDetails":"Element [AppiumBy.androidUIAutomator: new UiSelector().description(\"Bottom Sheet\")] wasn't visible after [15] seconds!\nException: org.openqa.selenium.TimeoutException: Expected condition failed: Element [AppiumBy.androidUIAutomator: new UiSelector().description(\"Bottom Sheet\")] wasn't visible after [15] seconds! (tried for 15 second(s) with 250 milliseconds interval)\nFor documentation on this error, please visit: https://www.selenium.dev/documentation/webdriver/troubleshooting/errors#no-such-element-exception\nBuild info: version: '4.19.0', revision: '5f9cec8963'\nSystem info: os.name: 'Linux', os.arch: 'amd64', os.version: '6.8.0-1021-azure', java.version: '17.0.14'\nDriver info: driver.version: unknown","time":{"start":1742249778947,"stop":1742249841215,"duration":62268}}]},"tags":["StoreLocator"]},"source":"2d736d5474bf829a.json","parameterValues":["GalaxyS21"]}