{"uid":"40f2341a923a0c4d","name":"User tries to change name on profile screen with invalid inputs","fullName":"testcases.AccountTests.userTriesToChangeNameOnProfileScreenWithInvalidInputs","historyId":"5c60b1cfae007c572fe253824e0a04f3","time":{"start":1743113094984,"stop":1743113119353,"duration":24369},"description":"User tries to change name on profile screen with invalid inputs","descriptionHtml":"<p>User tries to change name on profile screen with invalid inputs</p>\n","status":"passed","flaky":false,"newFailed":false,"newBroken":false,"newPassed":false,"retriesCount":0,"retriesStatusChange":false,"beforeStages":[{"name":"Base Before Test","time":{"start":1743112928829,"stop":1743112928829,"duration":0},"description":"Base Before Test","status":"passed","steps":[],"attachments":[],"parameters":[],"shouldDisplayMessage":false,"stepsCount":0,"attachmentsCount":0,"hasContent":false,"attachmentStep":false},{"name":"springTestContextBeforeTestClass","time":{"start":1743112928974,"stop":1743112929285,"duration":311},"description":"","status":"passed","steps":[],"attachments":[],"parameters":[],"shouldDisplayMessage":false,"stepsCount":0,"attachmentsCount":0,"hasContent":false,"attachmentStep":false},{"name":"springTestContextPrepareTestInstance","time":{"start":1743112929288,"stop":1743112929308,"duration":20},"description":"","status":"passed","steps":[],"attachments":[],"parameters":[],"shouldDisplayMessage":false,"stepsCount":0,"attachmentsCount":0,"hasContent":false,"attachmentStep":false},{"name":"Base Before Class","time":{"start":1743112929312,"stop":1743112930536,"duration":1224},"description":"Base Before Class","status":"passed","steps":[],"attachments":[],"parameters":[],"shouldDisplayMessage":false,"stepsCount":0,"attachmentsCount":0,"hasContent":false,"attachmentStep":false},{"name":"springTestContextBeforeTestMethod","time":{"start":1743113078915,"stop":1743113078915,"duration":0},"description":"","status":"passed","steps":[],"attachments":[],"parameters":[],"shouldDisplayMessage":false,"stepsCount":0,"attachmentsCount":0,"hasContent":false,"attachmentStep":false},{"name":"Base Before Test Method","time":{"start":1743113078916,"stop":1743113094308,"duration":15392},"description":"Base Before Test Method","status":"passed","steps":[],"attachments":[],"parameters":[],"shouldDisplayMessage":false,"stepsCount":0,"attachmentsCount":0,"hasContent":false,"attachmentStep":false},{"name":"initTestConfig","time":{"start":1743113094311,"stop":1743113094324,"duration":13},"description":"","status":"passed","steps":[],"attachments":[],"parameters":[],"shouldDisplayMessage":false,"stepsCount":0,"attachmentsCount":0,"hasContent":false,"attachmentStep":false}],"testStage":{"description":"User tries to change name on profile screen with invalid inputs","status":"passed","steps":[{"name":"I click on \"ACCOUNT\" button","time":{"start":1743113094985,"stop":1743113096498,"duration":1513},"status":"passed","steps":[],"attachments":[],"parameters":[],"shouldDisplayMessage":false,"stepsCount":0,"attachmentsCount":0,"hasContent":false,"attachmentStep":false},{"name":"I check that the \"Account Screen\" is displayed","time":{"start":1743113096499,"stop":1743113097455,"duration":956},"status":"passed","steps":[],"attachments":[],"parameters":[],"shouldDisplayMessage":false,"stepsCount":0,"attachmentsCount":0,"hasContent":false,"attachmentStep":false},{"name":"I click on \"PROFILE\" tab","time":{"start":1743113097456,"stop":1743113099097,"duration":1641},"status":"passed","steps":[],"attachments":[],"parameters":[],"shouldDisplayMessage":false,"stepsCount":0,"attachmentsCount":0,"hasContent":false,"attachmentStep":false},{"name":"I check that the \"Profile Screen\" is displayed","time":{"start":1743113099097,"stop":1743113101254,"duration":2157},"status":"passed","steps":[],"attachments":[],"parameters":[],"shouldDisplayMessage":false,"stepsCount":0,"attachmentsCount":0,"hasContent":false,"attachmentStep":false},{"name":"I click on \"FIRST NAME\" input","time":{"start":1743113101254,"stop":1743113102792,"duration":1538},"status":"passed","steps":[],"attachments":[],"parameters":[],"shouldDisplayMessage":false,"stepsCount":0,"attachmentsCount":0,"hasContent":false,"attachmentStep":false},{"name":"I enter the first name \"@\" in the input","time":{"start":1743113102793,"stop":1743113107094,"duration":4301},"status":"passed","steps":[],"attachments":[],"parameters":[{"name":"First Name:","value":"@"}],"shouldDisplayMessage":false,"stepsCount":0,"attachmentsCount":0,"hasContent":true,"attachmentStep":false},{"name":"I click on \"LAST NAME\" input","time":{"start":1743113107095,"stop":1743113108655,"duration":1560},"status":"passed","steps":[],"attachments":[],"parameters":[],"shouldDisplayMessage":false,"stepsCount":0,"attachmentsCount":0,"hasContent":false,"attachmentStep":false},{"name":"I enter the last name \"#\" in the input","time":{"start":1743113108655,"stop":1743113112947,"duration":4292},"status":"passed","steps":[],"attachments":[],"parameters":[{"name":"Last Name:","value":"#"}],"shouldDisplayMessage":false,"stepsCount":0,"attachmentsCount":0,"hasContent":true,"attachmentStep":false},{"name":"I click on \"FIRST NAME\" input","time":{"start":1743113112948,"stop":1743113114489,"duration":1541},"status":"passed","steps":[],"attachments":[],"parameters":[],"shouldDisplayMessage":false,"stepsCount":0,"attachmentsCount":0,"hasContent":false,"attachmentStep":false},{"name":"I verify that the first name error message appears","time":{"start":1743113114490,"stop":1743113115817,"duration":1327},"status":"passed","steps":[],"attachments":[],"parameters":[],"shouldDisplayMessage":false,"stepsCount":0,"attachmentsCount":0,"hasContent":false,"attachmentStep":false},{"name":"I check that the application text: \"Invalid name\" is equals to expected value: \"Invalid name\"","time":{"start":1743113115817,"stop":1743113115817,"duration":0},"status":"passed","steps":[],"attachments":[],"parameters":[{"name":"Actual:","value":"Invalid name"},{"name":"Expected:","value":"Invalid name"}],"shouldDisplayMessage":false,"stepsCount":0,"attachmentsCount":0,"hasContent":true,"attachmentStep":false},{"name":"I verify that the last name error message appears","time":{"start":1743113115818,"stop":1743113116804,"duration":986},"status":"passed","steps":[],"attachments":[],"parameters":[],"shouldDisplayMessage":false,"stepsCount":0,"attachmentsCount":0,"hasContent":false,"attachmentStep":false},{"name":"I check that the application text: \"Invalid name\" is equals to expected value: \"Invalid name\"","time":{"start":1743113116804,"stop":1743113116804,"duration":0},"status":"passed","steps":[],"attachments":[],"parameters":[{"name":"Actual:","value":"Invalid name"},{"name":"Expected:","value":"Invalid name"}],"shouldDisplayMessage":false,"stepsCount":0,"attachmentsCount":0,"hasContent":true,"attachmentStep":false},{"name":"I check that the \"SAVE\" button is disabled","time":{"start":1743113116805,"stop":1743113119352,"duration":2547},"status":"passed","steps":[],"attachments":[],"parameters":[],"shouldDisplayMessage":false,"stepsCount":0,"attachmentsCount":0,"hasContent":false,"attachmentStep":false}],"attachments":[],"parameters":[],"shouldDisplayMessage":false,"stepsCount":14,"attachmentsCount":0,"hasContent":true,"attachmentStep":false},"afterStages":[{"name":"Base After Test Method","time":{"start":1743113121231,"stop":1743113121231,"duration":0},"description":"Base After Test Method","status":"passed","steps":[],"attachments":[],"parameters":[],"shouldDisplayMessage":false,"stepsCount":0,"attachmentsCount":0,"hasContent":false,"attachmentStep":false},{"name":"springTestContextAfterTestMethod","time":{"start":1743113121235,"stop":1743113121238,"duration":3},"description":"","status":"passed","steps":[],"attachments":[],"parameters":[],"shouldDisplayMessage":false,"stepsCount":0,"attachmentsCount":0,"hasContent":false,"attachmentStep":false},{"name":"Base After Class","time":{"start":1743114031835,"stop":1743114031835,"duration":0},"description":"Base After Class","status":"passed","steps":[],"attachments":[],"parameters":[],"shouldDisplayMessage":false,"stepsCount":0,"attachmentsCount":0,"hasContent":false,"attachmentStep":false},{"name":"springTestContextAfterTestClass","time":{"start":1743114031835,"stop":1743114031836,"duration":1},"description":"","status":"passed","steps":[],"attachments":[],"parameters":[],"shouldDisplayMessage":false,"stepsCount":0,"attachmentsCount":0,"hasContent":false,"attachmentStep":false},{"name":"Base After Test","time":{"start":1743114031836,"stop":1743114031836,"duration":0},"description":"Base After Test","status":"passed","steps":[],"attachments":[],"parameters":[],"shouldDisplayMessage":false,"stepsCount":0,"attachmentsCount":0,"hasContent":false,"attachmentStep":false}],"labels":[{"name":"package","value":"testcases.AccountTests"},{"name":"testClass","value":"testcases.AccountTests"},{"name":"testMethod","value":"userTriesToChangeNameOnProfileScreenWithInvalidInputs"},{"name":"parentSuite","value":"GMAP NA Mobile Test Automation - [ANDROID SMOKE XML SUITE]"},{"name":"suite","value":"GMAP NA Tests | Account"},{"name":"subSuite","value":"testcases.AccountTests"},{"name":"host","value":"fv-az1949-274"},{"name":"thread","value":"1931@fv-az1949-274.TestNG-tests-1(22)"},{"name":"framework","value":"testng"},{"name":"language","value":"java"},{"name":"feature","value":"[GMAP][NA] Modify Account Info"},{"name":"tag","value":"Account"},{"name":"owner","value":"Nick Iacurto - [n.iacurto@t-b.ca]"},{"name":"story","value":"[GMAP][NA] Modify Account Info - Invalid Inputs"},{"name":"tag","value":"Profile"},{"name":"epic","value":"[GMAP][NA] ACCOUNT"},{"name":"severity","value":"normal"},{"name":"resultFormat","value":"allure2"}],"parameters":[{"name":"deviceConfig","value":"GalaxyS20FE"}],"links":[{"name":"N/A","url":"https://circlek.atlassian.net/browse/N/A","type":"issue"},{"name":"NGRPRG-28187","url":"https://circlek.atlassian.net/browse/NGRPRG-28187","type":"tms"}],"hidden":false,"retry":false,"extra":{"severity":"normal","owner":"Nick Iacurto - [n.iacurto@t-b.ca]","retries":[],"categories":[],"history":{"statistic":{"failed":4,"broken":8,"skipped":0,"passed":134,"unknown":0,"total":146},"items":[{"uid":"55e647de60609a54","reportUrl":"https://circlek-global.github.io/gmbat-tests-eu-mobile-automation/1554//#testresult/55e647de60609a54","status":"passed","time":{"start":1743050499271,"stop":1743050531762,"duration":32491}},{"uid":"8e35d1243cca0fa3","reportUrl":"https://circlek-global.github.io/gmbat-tests-eu-mobile-automation/1552//#testresult/8e35d1243cca0fa3","status":"passed","time":{"start":1743026708378,"stop":1743026734146,"duration":25768}},{"uid":"d3a9cb01eded1bdb","reportUrl":"https://circlek-global.github.io/gmbat-tests-eu-mobile-automation/1545//#testresult/d3a9cb01eded1bdb","status":"passed","time":{"start":1742986084112,"stop":1742986116622,"duration":32510}},{"uid":"62ffeff4c2687305","reportUrl":"https://circlek-global.github.io/gmbat-tests-eu-mobile-automation/1538//#testresult/62ffeff4c2687305","status":"broken","statusDetails":"Can't locate an element by this strategy: By.chained({AppiumBy.accessibilityId: first-name.value-field})","time":{"start":1742964075269,"stop":1742964088618,"duration":13349}},{"uid":"77e94f69ae16b2e4","reportUrl":"https://circlek-global.github.io/gmbat-tests-eu-mobile-automation/1536//#testresult/77e94f69ae16b2e4","status":"passed","time":{"start":1742940304004,"stop":1742940330107,"duration":26103}},{"uid":"6a664d60ace37370","reportUrl":"https://circlek-global.github.io/gmbat-tests-eu-mobile-automation/1531//#testresult/6a664d60ace37370","status":"passed","time":{"start":1742916155113,"stop":1742916184928,"duration":29815}},{"uid":"a86dc084fef20463","reportUrl":"https://circlek-global.github.io/gmbat-tests-eu-mobile-automation/1518//#testresult/a86dc084fef20463","status":"broken","statusDetails":"Element [AppiumBy.id: account.tab-bar] wasn't clickable after [15] seconds!\nException: org.openqa.selenium.TimeoutException: Expected condition failed: Element [AppiumBy.id: account.tab-bar] wasn't clickable after [15] seconds! (tried for 15 second(s) with 250 milliseconds interval)\nFor documentation on this error, please visit: https://www.selenium.dev/documentation/webdriver/troubleshooting/errors#no-such-element-exception\nBuild info: version: '4.19.0', revision: '5f9cec8963'\nSystem info: os.name: 'Linux', os.arch: 'amd64', os.version: '6.8.0-1021-azure', java.version: '17.0.14'\nDriver info: driver.version: unknown","time":{"start":1742877693114,"stop":1742877712133,"duration":19019}},{"uid":"4860bb1d2298be54","reportUrl":"https://circlek-global.github.io/gmbat-tests-eu-mobile-automation/1516//#testresult/4860bb1d2298be54","status":"passed","time":{"start":1742853905241,"stop":1742853937688,"duration":32447}},{"uid":"8e2cf5cc4984e5bf","reportUrl":"https://circlek-global.github.io/gmbat-tests-eu-mobile-automation/1505//#testresult/8e2cf5cc4984e5bf","status":"passed","time":{"start":1742791332253,"stop":1742791367339,"duration":35086}},{"uid":"53e29794fee9c5ca","reportUrl":"https://circlek-global.github.io/gmbat-tests-eu-mobile-automation/1503//#testresult/53e29794fee9c5ca","status":"broken","statusDetails":"Element [AppiumBy.id: account.tab-bar] wasn't clickable after [15] seconds!\nException: org.openqa.selenium.TimeoutException: Expected condition failed: Element [AppiumBy.id: account.tab-bar] wasn't clickable after [15] seconds! (tried for 15 second(s) with 250 milliseconds interval)\nFor documentation on this error, please visit: https://www.selenium.dev/documentation/webdriver/troubleshooting/errors#no-such-element-exception\nBuild info: version: '4.19.0', revision: '5f9cec8963'\nSystem info: os.name: 'Linux', os.arch: 'amd64', os.version: '6.8.0-1021-azure', java.version: '17.0.14'\nDriver info: driver.version: unknown","time":{"start":1742594678676,"stop":1742594698180,"duration":19504}},{"uid":"f17df3a521262193","reportUrl":"https://circlek-global.github.io/gmbat-tests-eu-mobile-automation/1491//#testresult/f17df3a521262193","status":"passed","time":{"start":1742532090622,"stop":1742532118203,"duration":27581}},{"uid":"7ca2ee652fc77a6c","reportUrl":"https://circlek-global.github.io/gmbat-tests-eu-mobile-automation/1489//#testresult/7ca2ee652fc77a6c","status":"broken","statusDetails":"Element [AppiumBy.id: account.tab-bar] wasn't clickable after [15] seconds!\nException: org.openqa.selenium.TimeoutException: Expected condition failed: Element [AppiumBy.id: account.tab-bar] wasn't clickable after [15] seconds! (tried for 15 second(s) with 250 milliseconds interval)\nFor documentation on this error, please visit: https://www.selenium.dev/documentation/webdriver/troubleshooting/errors#no-such-element-exception\nBuild info: version: '4.19.0', revision: '5f9cec8963'\nSystem info: os.name: 'Linux', os.arch: 'amd64', os.version: '6.8.0-1021-azure', java.version: '17.0.14'\nDriver info: driver.version: unknown","time":{"start":1742508300115,"stop":1742508319616,"duration":19501}},{"uid":"1a0b0732a6230d32","reportUrl":"https://circlek-global.github.io/gmbat-tests-eu-mobile-automation/1481//#testresult/1a0b0732a6230d32","status":"passed","time":{"start":1742463843493,"stop":1742463869486,"duration":25993}},{"uid":"f739dcb413293f01","reportUrl":"https://circlek-global.github.io/gmbat-tests-eu-mobile-automation/1477//#testresult/f739dcb413293f01","status":"passed","time":{"start":1742445678779,"stop":1742445704858,"duration":26079}},{"uid":"732683461b52408a","reportUrl":"https://circlek-global.github.io/gmbat-tests-eu-mobile-automation/1475//#testresult/732683461b52408a","status":"passed","time":{"start":1742421907451,"stop":1742421932512,"duration":25061}},{"uid":"7142922376b56541","reportUrl":"https://circlek-global.github.io/gmbat-tests-eu-mobile-automation/1466//#testresult/7142922376b56541","status":"passed","time":{"start":1742373541149,"stop":1742373565680,"duration":24531}},{"uid":"c58d5c5a9b2cf390","reportUrl":"https://circlek-global.github.io/gmbat-tests-eu-mobile-automation/1462//#testresult/c58d5c5a9b2cf390","status":"passed","time":{"start":1742359314977,"stop":1742359339351,"duration":24374}},{"uid":"65a5dde8a16c2313","reportUrl":"https://circlek-global.github.io/gmbat-tests-eu-mobile-automation/1460//#testresult/65a5dde8a16c2313","status":"passed","time":{"start":1742335500549,"stop":1742335525206,"duration":24657}},{"uid":"c241db0870947eae","reportUrl":"https://circlek-global.github.io/gmbat-tests-eu-mobile-automation/1450//#testresult/c241db0870947eae","status":"passed","time":{"start":1742272896879,"stop":1742272921568,"duration":24689}},{"uid":"d74ea3ae74fcb739","reportUrl":"https://circlek-global.github.io/gmbat-tests-eu-mobile-automation/1448//#testresult/d74ea3ae74fcb739","status":"passed","time":{"start":1742249090251,"stop":1742249114289,"duration":24038}}]},"tags":["Account","Profile"]},"source":"40f2341a923a0c4d.json","parameterValues":["GalaxyS20FE"]}