{"uid":"4b4757e66a1912dae1a509f688f20b0f","children":[{"name":"Test defects","children":[{"name":"Cannot invoke \"com.gmap.core.pages_common.CommonPage.setTheLocationOfTheDeviceTo(com.gmap.core.common.enums.DeviceLocation)\" because \"this.commonPage\" is null","children":[{"name":"User tries to sign up by clicking on Easy Pay - Alternate Sign up flow","uid":"af341a5fd19af3b9","parentUid":"32420aecdb257e0a5b0477a9580dfe95","status":"broken","time":{"start":1743116980627,"stop":1743117018377,"duration":37750},"flaky":false,"newFailed":false,"newPassed":false,"newBroken":true,"retriesCount":0,"retriesStatusChange":false,"parameters":["iPhone15"],"tags":["Easy Pay"]}],"uid":"32420aecdb257e0a5b0477a9580dfe95"},{"name":"Element [AppiumBy.accessibilityId: account.tab-bar] wasn't clickable after [15] seconds!\nException: org.openqa.selenium.TimeoutException: Expected condition failed: Element [AppiumBy.accessibilityId: account.tab-bar] wasn't clickable after [15] seconds! (tried for 15 second(s) with 250 milliseconds interval)\nFor documentation on this error, please visit: https://www.selenium.dev/documentation/webdriver/troubleshooting/errors#no-such-element-exception\nBuild info: version: '4.19.0', revision: '5f9cec8963'\nSystem info: os.name: 'Linux', os.arch: 'amd64', os.version: '6.8.0-1021-azure', java.version: '17.0.14'\nDriver info: driver.version: unknown","children":[{"name":"User tries to change name on profile screen with invalid inputs","uid":"533f7bb7a64feaa","parentUid":"f54f8e1dd0e722b159e1158e8850f468","status":"broken","time":{"start":1743117087383,"stop":1743117105621,"duration":18238},"flaky":false,"newFailed":false,"newPassed":false,"newBroken":true,"retriesCount":0,"retriesStatusChange":false,"parameters":["iPhone13"],"tags":["Account","Profile"]},{"name":"User tries to change E-Mail on profile screen with invalid inputs","uid":"e8424295bdbfcea6","parentUid":"f54f8e1dd0e722b159e1158e8850f468","status":"broken","time":{"start":1743117129176,"stop":1743117146800,"duration":17624},"flaky":false,"newFailed":false,"newPassed":false,"newBroken":true,"retriesCount":0,"retriesStatusChange":false,"parameters":["iPhone13"],"tags":["Account","Profile"]},{"name":"User tries to delete account and cancels deletion","uid":"c96d4f858a23cb4a","parentUid":"f54f8e1dd0e722b159e1158e8850f468","status":"broken","time":{"start":1743117170926,"stop":1743117188348,"duration":17422},"flaky":false,"newFailed":false,"newPassed":false,"newBroken":true,"retriesCount":0,"retriesStatusChange":false,"parameters":["iPhone13"],"tags":["Account","Profile"]},{"name":"User tries to change password on profile screen with invalid inputs","uid":"3199b10abc1a0d9","parentUid":"f54f8e1dd0e722b159e1158e8850f468","status":"broken","time":{"start":1743117212202,"stop":1743117229877,"duration":17675},"flaky":false,"newFailed":false,"newPassed":false,"newBroken":true,"retriesCount":0,"retriesStatusChange":false,"parameters":["iPhone13"],"tags":["Account","Profile"]}],"uid":"f54f8e1dd0e722b159e1158e8850f468"},{"name":"Element [AppiumBy.accessibilityId: password-sign-in-button] wasn't clickable after [15] seconds!\nException: org.openqa.selenium.TimeoutException: Expected condition failed: Element [AppiumBy.accessibilityId: password-sign-in-button] wasn't clickable after [15] seconds! (tried for 15 second(s) with 250 milliseconds interval)\nFor documentation on this error, please visit: https://www.selenium.dev/documentation/webdriver/troubleshooting/errors#no-such-element-exception\nBuild info: version: '4.19.0', revision: '5f9cec8963'\nSystem info: os.name: 'Linux', os.arch: 'amd64', os.version: '6.8.0-1021-azure', java.version: '17.0.14'\nDriver info: driver.version: unknown","children":[{"name":"User tries to change name on profile screen with valid inputs","uid":"58555ebf290233d2","parentUid":"ba7a999c4f356479acc3b9f1e0f52dab","status":"broken","time":{"start":1743117248510,"stop":1743117298383,"duration":49873},"flaky":false,"newFailed":false,"newPassed":false,"newBroken":false,"retriesCount":0,"retriesStatusChange":false,"parameters":["{LAST_NAME=Monday, EMAIL=wayne.monday@gmaptest.com, FIRST_NAME=Wayne, PASSWORD=#Test1234, PHONE_NUMBER=2092606000, BUSINESS_UNIT=US, PHONE_COUNTRY=United States (US), PHONE_COUNTRY_PREFIX=+1, OTP=000000}","iPhone13"],"tags":["Account","Profile"]},{"name":"User tries to change email on profile screen with valid inputs","uid":"8037e380b8e2a4b0","parentUid":"ba7a999c4f356479acc3b9f1e0f52dab","status":"broken","time":{"start":1743117356929,"stop":1743117416819,"duration":59890},"flaky":false,"newFailed":false,"newPassed":false,"newBroken":false,"retriesCount":0,"retriesStatusChange":false,"parameters":["{LAST_NAME=Monday, EMAIL=wayne.monday@gmaptest.com, FIRST_NAME=Wayne, PASSWORD=#Test1234, PHONE_NUMBER=2092606000, BUSINESS_UNIT=US, PHONE_COUNTRY=United States (US), PHONE_COUNTRY_PREFIX=+1, OTP=000000}","iPhone13"],"tags":["Account","Profile"]}],"uid":"ba7a999c4f356479acc3b9f1e0f52dab"},{"name":"Element [AppiumBy.accessibilityId: Rewards.tab] wasn't visible after [15] seconds!\nException: org.openqa.selenium.TimeoutException: Expected condition failed: Element [AppiumBy.accessibilityId: Rewards.tab] wasn't visible after [15] seconds! (tried for 15 second(s) with 250 milliseconds interval)\nFor documentation on this error, please visit: https://www.selenium.dev/documentation/webdriver/troubleshooting/errors#no-such-element-exception\nBuild info: version: '4.19.0', revision: '5f9cec8963'\nSystem info: os.name: 'Linux', os.arch: 'amd64', os.version: '6.8.0-1021-azure', java.version: '17.0.14'\nDriver info: driver.version: unknown","children":[{"name":"Onboarding Rewards for New IC Member","uid":"86b18cf7c00c18c1","parentUid":"54cbee2ec622ae02bbe9d0d72d01a224","status":"broken","time":{"start":1743117589234,"stop":1743117786562,"duration":197328},"flaky":false,"newFailed":false,"newPassed":false,"newBroken":true,"retriesCount":0,"retriesStatusChange":false,"parameters":["iPhone14Pro"],"tags":["OnboardingRewards"]}],"uid":"54cbee2ec622ae02bbe9d0d72d01a224"},{"name":"Maximum number of attempts to connect to email server has been exceeded!","children":[{"name":"Existing user tries to sign-in via email address on 'Onboarding' screen using OTP code","uid":"218dd22089777eea","parentUid":"4e974cb98ed339cedfd026075d829ff3","status":"broken","time":{"start":1743118032103,"stop":1743118214946,"duration":182843},"flaky":false,"newFailed":false,"newPassed":false,"newBroken":false,"retriesCount":0,"retriesStatusChange":false,"parameters":["{LAST_NAME=Nowak, EMAIL=tb.gmap.tester@gmail.com, FIRST_NAME=Kamil, PASSWORD=#Test123, PHONE_NUMBER=6105579266, BUSINESS_UNIT=US, PHONE_COUNTRY=United States (US), PHONE_COUNTRY_PREFIX=+1}","iPhone15Pro"],"tags":["SignIn","OTP"]}],"uid":"4e974cb98ed339cedfd026075d829ff3"},{"name":"Error communicating with the remote browser. It may have died.\nBuild info: version: '4.19.0', revision: '5f9cec8963'\nSystem info: os.name: 'Linux', os.arch: 'amd64', os.version: '6.8.0-1021-azure', java.version: '17.0.14'\nDriver info: io.appium.java_client.ios.IOSDriver\nCommand: [a516e75c-cf8b-47f9-85a0-e08989cd6464, executeScript [args, script]]\nCapabilities {appium:additionalWebviewBundleIds: [Q3733TNP97.Q3733TNP97*], appium:appiumData: {appiumVersion: latest, automationName: XCUITest}, appium:autoAcceptAlerts: true, appium:automationName: XCUITest, appium:bundleId: com.circlek.gmap.na.staging, appium:commandTimeouts: {default: 60000}, appium:databaseEnabled: false, appium:deviceContextId: 2125f8f8-8b62-4650-b575-e9c..., appium:deviceName: 00008130-000E10883803401C, appium:flutterSystemPort: 6302, appium:javascriptEnabled: true, appium:jobUuid: a37375a4484848079ddb62f6bc8..., appium:language: en, appium:locale: en_GB, appium:locationContextEnabled: false, appium:networkConnectionEnabled: false, appium:newCommandTimeout: 90, appium:noReset: true, appium:orientation: PORTRAIT, appium:platformVersion: 17.7, appium:processArguments: {args: [-AppleLanguages, (en-GB), -AppleLocale, en_GB, -NSLanguages, (en)], env: {}}, appium:takesScreenshot: true, appium:testobject_device: iPhone_15_Pro_17_real, appium:testobject_device_name: iPhone 15 Pro, appium:testobject_device_session_id: 7ee38c5d-6880-4193-b542-9d5..., appium:testobject_test_report_api_url: https://api.eu-central-1.sa..., appium:testobject_test_report_url: https://app.eu-central-1.sa..., appium:testobject_user_id: TomaszPopiolek, appium:udid: 00008130-000E10883803401C, appium:usedCachedDevice: false, appium:webDriverAgentUrl: http://127.0.0.1:5702, appium:webStorageEnabled: false, platformName: IOS, sauce:options: {accessKey: 5d20ff7c-06ab-436b-8fe9-20d..., appLaunchStateTimeoutSec: 50, appiumVersion: latest, build: GMAP NA | Thursday: 27-03-2025, cacheId: 3e606dbb-5ba1-4132-af69-621..., name: Existing user tries to sign..., realDevice: true, username: Kamil}}\nSession ID: a516e75c-cf8b-47f9-85a0-e08989cd6464","children":[{"name":"Existing user tries to sign-in via email address on 'Onboarding' screen using OTP code","uid":"adcf866f2c172820","parentUid":"d493f0385cc0b97b7be7c32901a783eb","status":"broken","time":{"start":1743118215999,"stop":1743118216101,"duration":102},"flaky":false,"newFailed":false,"newPassed":false,"newBroken":false,"retriesCount":0,"retriesStatusChange":false,"parameters":["iPhone15Pro"],"tags":["SignIn","OTP"]}],"uid":"d493f0385cc0b97b7be7c32901a783eb"},{"name":"Element [AppiumBy.accessibilityId: account-screen] wasn't visible after [15] seconds!\nException: org.openqa.selenium.TimeoutException: Expected condition failed: Element [AppiumBy.accessibilityId: account-screen] wasn't visible after [15] seconds! (tried for 15 second(s) with 250 milliseconds interval)\nFor documentation on this error, please visit: https://www.selenium.dev/documentation/webdriver/troubleshooting/errors#no-such-element-exception\nBuild info: version: '4.19.0', revision: '5f9cec8963'\nSystem info: os.name: 'Linux', os.arch: 'amd64', os.version: '6.8.0-1021-azure', java.version: '17.0.14'\nDriver info: driver.version: unknown","children":[{"name":"New user tries to sign-up via email address","uid":"4d9882735690ea95","parentUid":"90ecdbc4eff4aa80aeee3759642c0c1d","status":"broken","time":{"start":1743118234671,"stop":1743118342135,"duration":107464},"flaky":false,"newFailed":false,"newPassed":false,"newBroken":false,"retriesCount":0,"retriesStatusChange":false,"parameters":["{LAST_NAME=Fait-Au-Hasard, EMAIL=jean.fait-au-hasard@oomcbos.mail, FIRST_NAME=Jean, PASSWORD=#Test123, PHONE_NUMBER=8623010000, PHONE_COUNTRY=United States (US), PHONE_COUNTRY_PREFIX=+1, OTP=000000}","iPhone13"],"tags":["SignUp","Onboarding"]}],"uid":"90ecdbc4eff4aa80aeee3759642c0c1d"},{"name":"Element [AppiumBy.accessibilityId: account.tab-bar] wasn't clickable after [15] seconds!\nException: org.openqa.selenium.TimeoutException: Expected condition failed: Element [AppiumBy.accessibilityId: account.tab-bar] wasn't clickable after [15] seconds! (tried for 15 second(s) with 250 milliseconds interval)\nBuild info: version: '4.19.0', revision: '5f9cec8963'\nSystem info: os.name: 'Linux', os.arch: 'amd64', os.version: '6.8.0-1021-azure', java.version: '17.0.14'\nDriver info: driver.version: unknown\nFor documentation on this error, please visit: https://www.selenium.dev/documentation/webdriver/troubleshooting/errors#no-such-element-exception\nBuild info: version: '4.19.0', revision: '5f9cec8963'\nSystem info: os.name: 'Linux', os.arch: 'amd64', os.version: '6.8.0-1021-azure', java.version: '17.0.14'\nDriver info: driver.version: unknown","children":[{"name":"New user tries to sign-up via phone number","uid":"806b68ad43bb6e9f","parentUid":"4259fe2d7f8c63fc00f7b84021186175","status":"broken","time":{"start":1743118368550,"stop":1743118475399,"duration":106849},"flaky":false,"newFailed":false,"newPassed":false,"newBroken":false,"retriesCount":0,"retriesStatusChange":false,"parameters":["{LAST_NAME=Fait-Au-Hasard, EMAIL=jean.fait-au-hasard@fcvjjzr.org, FIRST_NAME=Jean, PASSWORD=#Test123, PHONE_NUMBER=9348380000, PHONE_COUNTRY=United States (US), PHONE_COUNTRY_PREFIX=+1, OTP=000000}","iPhone13"],"tags":["SignUp","Onboarding"]}],"uid":"4259fe2d7f8c63fc00f7b84021186175"}],"uid":"bdbf199525818fae7a8651db9eafe741"}],"name":"categories"}