{"uid":"54975aa3bdae90e0","name":"Guest user is able to see dashboard components","fullName":"testcases.DashboardTest.guestUserIsAbleToSeeDashboardComponents","historyId":"e019fb54b1e39097fdf77a728b5103ec","time":{"start":1743169907890,"stop":1743169915507,"duration":7617},"description":"Guest user is able to see dashboard components","descriptionHtml":"<p>Guest user is able to see dashboard components</p>\n","status":"passed","flaky":false,"newFailed":false,"newBroken":false,"newPassed":true,"retriesCount":0,"retriesStatusChange":false,"beforeStages":[{"name":"Base Before Test","time":{"start":1743169724666,"stop":1743169724667,"duration":1},"description":"Base Before Test","status":"passed","steps":[],"attachments":[],"parameters":[],"shouldDisplayMessage":false,"stepsCount":0,"attachmentsCount":0,"hasContent":false,"attachmentStep":false},{"name":"springTestContextBeforeTestClass","time":{"start":1743169724674,"stop":1743169724674,"duration":0},"description":"","status":"passed","steps":[],"attachments":[],"parameters":[],"shouldDisplayMessage":false,"stepsCount":0,"attachmentsCount":0,"hasContent":false,"attachmentStep":false},{"name":"springTestContextPrepareTestInstance","time":{"start":1743169724675,"stop":1743169724679,"duration":4},"description":"","status":"passed","steps":[],"attachments":[],"parameters":[],"shouldDisplayMessage":false,"stepsCount":0,"attachmentsCount":0,"hasContent":false,"attachmentStep":false},{"name":"Base Before Class","time":{"start":1743169724679,"stop":1743169731551,"duration":6872},"description":"Base Before Class","status":"passed","steps":[],"attachments":[],"parameters":[],"shouldDisplayMessage":false,"stepsCount":0,"attachmentsCount":0,"hasContent":false,"attachmentStep":false},{"name":"springTestContextBeforeTestMethod","time":{"start":1743169891395,"stop":1743169891395,"duration":0},"description":"","status":"passed","steps":[],"attachments":[],"parameters":[],"shouldDisplayMessage":false,"stepsCount":0,"attachmentsCount":0,"hasContent":false,"attachmentStep":false},{"name":"Base Before Test Method","time":{"start":1743169891396,"stop":1743169907024,"duration":15628},"description":"Base Before Test Method","status":"passed","steps":[],"attachments":[],"parameters":[],"shouldDisplayMessage":false,"stepsCount":0,"attachmentsCount":0,"hasContent":false,"attachmentStep":false},{"name":"initTestConfig","time":{"start":1743169907025,"stop":1743169907034,"duration":9},"description":"","status":"passed","steps":[],"attachments":[],"parameters":[],"shouldDisplayMessage":false,"stepsCount":0,"attachmentsCount":0,"hasContent":false,"attachmentStep":false}],"testStage":{"description":"Guest user is able to see dashboard components","status":"passed","steps":[{"name":"I check that the \"Station Widget\" is displayed","time":{"start":1743169907891,"stop":1743169912886,"duration":4995},"status":"passed","steps":[],"attachments":[],"parameters":[],"shouldDisplayMessage":false,"stepsCount":0,"attachmentsCount":0,"hasContent":false,"attachmentStep":false},{"name":" User scroll to \"MARKETING CAROUSEL\" from header on Home Page ","time":{"start":1743169912886,"stop":1743169913917,"duration":1031},"status":"passed","steps":[],"attachments":[],"parameters":[],"shouldDisplayMessage":false,"stepsCount":0,"attachmentsCount":0,"hasContent":false,"attachmentStep":false},{"name":"I check that the \"MARKETING CAROUSEL\" is displayed","time":{"start":1743169913917,"stop":1743169914749,"duration":832},"status":"passed","steps":[],"attachments":[],"parameters":[],"shouldDisplayMessage":false,"stepsCount":0,"attachmentsCount":0,"hasContent":false,"attachmentStep":false},{"name":"I check that the \"MARKETING CAROUSEL IMAGE\" is displayed","time":{"start":1743169914749,"stop":1743169915506,"duration":757},"status":"passed","steps":[],"attachments":[],"parameters":[],"shouldDisplayMessage":false,"stepsCount":0,"attachmentsCount":0,"hasContent":false,"attachmentStep":false}],"attachments":[],"parameters":[],"shouldDisplayMessage":false,"stepsCount":4,"attachmentsCount":0,"hasContent":true,"attachmentStep":false},"afterStages":[{"name":"Base After Test Method","time":{"start":1743169918082,"stop":1743169918082,"duration":0},"description":"Base After Test Method","status":"passed","steps":[],"attachments":[],"parameters":[],"shouldDisplayMessage":false,"stepsCount":0,"attachmentsCount":0,"hasContent":false,"attachmentStep":false},{"name":"springTestContextAfterTestMethod","time":{"start":1743169918083,"stop":1743169918084,"duration":1},"description":"","status":"passed","steps":[],"attachments":[],"parameters":[],"shouldDisplayMessage":false,"stepsCount":0,"attachmentsCount":0,"hasContent":false,"attachmentStep":false},{"name":"Base After Class","time":{"start":1743171526720,"stop":1743171526720,"duration":0},"description":"Base After Class","status":"passed","steps":[],"attachments":[],"parameters":[],"shouldDisplayMessage":false,"stepsCount":0,"attachmentsCount":0,"hasContent":false,"attachmentStep":false},{"name":"springTestContextAfterTestClass","time":{"start":1743171526720,"stop":1743171526720,"duration":0},"description":"","status":"passed","steps":[],"attachments":[],"parameters":[],"shouldDisplayMessage":false,"stepsCount":0,"attachmentsCount":0,"hasContent":false,"attachmentStep":false},{"name":"Base After Test","time":{"start":1743171526721,"stop":1743171526721,"duration":0},"description":"Base After Test","status":"passed","steps":[],"attachments":[],"parameters":[],"shouldDisplayMessage":false,"stepsCount":0,"attachmentsCount":0,"hasContent":false,"attachmentStep":false}],"labels":[{"name":"package","value":"testcases.DashboardTest"},{"name":"testClass","value":"testcases.DashboardTest"},{"name":"testMethod","value":"guestUserIsAbleToSeeDashboardComponents"},{"name":"parentSuite","value":"GMAP INGO Mobile Test Automation - [ANDROID PARALLEL XML SUITE]"},{"name":"suite","value":"GMAP INGO Tests | Dashboard"},{"name":"subSuite","value":"testcases.DashboardTest"},{"name":"host","value":"fv-az1059-222"},{"name":"thread","value":"1934@fv-az1059-222.TestNG-tests-1(22)"},{"name":"framework","value":"testng"},{"name":"language","value":"java"},{"name":"story","value":"[INGO][GMAP] Dashboard for Guest User"},{"name":"feature","value":"[GMAP] Dashboard"},{"name":"tag","value":"Dashboard"},{"name":"owner","value":"Sravanth - [sravanth.nallamalli@circlekeurope.com]"},{"name":"epic","value":"[INGO][GMAP] Dashboard - HomePage"},{"name":"severity","value":"normal"},{"name":"resultFormat","value":"allure2"}],"parameters":[{"name":"deviceConfig","value":"GalaxyS22Ultra"}],"links":[{"name":"NGRPRG-26394","url":"https://circlek.atlassian.net/browse/NGRPRG-26394","type":"tms"},{"name":"N/A","url":"https://circlek.atlassian.net/browse/N/A","type":"issue"}],"hidden":false,"retry":false,"extra":{"severity":"normal","owner":"Sravanth - [sravanth.nallamalli@circlekeurope.com]","retries":[],"categories":[],"history":{"statistic":{"failed":0,"broken":56,"skipped":0,"passed":86,"unknown":0,"total":142},"items":[{"uid":"c1a0c27ee06a2195","reportUrl":"https://circlek-global.github.io/gmbat-tests-eu-mobile-automation/1569//#testresult/c1a0c27ee06a2195","status":"broken","statusDetails":"Element [By.xpath: (//android.widget.ImageView[@content-desc=\"featured-carousel-card.image\"])] wasn't visible after [15] seconds!\nException: org.openqa.selenium.TimeoutException: Expected condition failed: Element [By.xpath: (//android.widget.ImageView[@content-desc=\"featured-carousel-card.image\"])] wasn't visible after [15] seconds! (tried for 15 second(s) with 250 milliseconds interval)\nFor documentation on this error, please visit: https://www.selenium.dev/documentation/webdriver/troubleshooting/errors#no-such-element-exception\nBuild info: version: '4.19.0', revision: '5f9cec8963'\nSystem info: os.name: 'Linux', os.arch: 'amd64', os.version: '6.8.0-1021-azure', java.version: '17.0.14'\nDriver info: driver.version: unknown","time":{"start":1743144330306,"stop":1743144354015,"duration":23709}},{"uid":"f03daeced7e8cb02","reportUrl":"https://circlek-global.github.io/gmbat-tests-eu-mobile-automation/1556//#testresult/f03daeced7e8cb02","status":"broken","statusDetails":"Element [By.xpath: (//android.widget.ImageView[@content-desc=\"featured-carousel-card.image\"])] wasn't visible after [15] seconds!\nException: org.openqa.selenium.TimeoutException: Expected condition failed: Element [By.xpath: (//android.widget.ImageView[@content-desc=\"featured-carousel-card.image\"])] wasn't visible after [15] seconds! (tried for 15 second(s) with 250 milliseconds interval)\nFor documentation on this error, please visit: https://www.selenium.dev/documentation/webdriver/troubleshooting/errors#no-such-element-exception\nBuild info: version: '4.19.0', revision: '5f9cec8963'\nSystem info: os.name: 'Linux', os.arch: 'amd64', os.version: '6.8.0-1021-azure', java.version: '17.0.14'\nDriver info: driver.version: unknown","time":{"start":1743057912185,"stop":1743057933354,"duration":21169}},{"uid":"c878d86016b3c29b","reportUrl":"https://circlek-global.github.io/gmbat-tests-eu-mobile-automation/1540//#testresult/c878d86016b3c29b","status":"broken","statusDetails":"Element [By.xpath: (//android.widget.ImageView[@content-desc=\"featured-carousel-card.image\"])] wasn't visible after [15] seconds!\nException: org.openqa.selenium.TimeoutException: Expected condition failed: Element [By.xpath: (//android.widget.ImageView[@content-desc=\"featured-carousel-card.image\"])] wasn't visible after [15] seconds! (tried for 15 second(s) with 250 milliseconds interval)\nFor documentation on this error, please visit: https://www.selenium.dev/documentation/webdriver/troubleshooting/errors#no-such-element-exception\nBuild info: version: '4.19.0', revision: '5f9cec8963'\nSystem info: os.name: 'Linux', os.arch: 'amd64', os.version: '6.8.0-1021-azure', java.version: '17.0.14'\nDriver info: driver.version: unknown","time":{"start":1742971502934,"stop":1742971525750,"duration":22816}},{"uid":"a277b343e477ea5e","reportUrl":"https://circlek-global.github.io/gmbat-tests-eu-mobile-automation/1526//#testresult/a277b343e477ea5e","status":"broken","statusDetails":"Element [By.xpath: (//android.widget.ImageView[@content-desc=\"featured-carousel-card.image\"])] wasn't visible after [15] seconds!\nException: org.openqa.selenium.TimeoutException: Expected condition failed: Element [By.xpath: (//android.widget.ImageView[@content-desc=\"featured-carousel-card.image\"])] wasn't visible after [15] seconds! (tried for 15 second(s) with 250 milliseconds interval)\nFor documentation on this error, please visit: https://www.selenium.dev/documentation/webdriver/troubleshooting/errors#no-such-element-exception\nBuild info: version: '4.19.0', revision: '5f9cec8963'\nSystem info: os.name: 'Linux', os.arch: 'amd64', os.version: '6.8.0-1021-azure', java.version: '17.0.14'\nDriver info: driver.version: unknown","time":{"start":1742903246604,"stop":1742903268925,"duration":22321}},{"uid":"b9113423ed093a88","reportUrl":"https://circlek-global.github.io/gmbat-tests-eu-mobile-automation/1520//#testresult/b9113423ed093a88","status":"broken","statusDetails":"Element [By.xpath: //android.view.ViewGroup[@content-desc='station-home-card.button']] wasn't visible after [15] seconds!\nException: org.openqa.selenium.TimeoutException: Expected condition failed: Element [By.xpath: //android.view.ViewGroup[@content-desc='station-home-card.button']] wasn't visible after [15] seconds! (tried for 15 second(s) with 250 milliseconds interval)\nFor documentation on this error, please visit: https://www.selenium.dev/documentation/webdriver/troubleshooting/errors#no-such-element-exception\nBuild info: version: '4.19.0', revision: '5f9cec8963'\nSystem info: os.name: 'Linux', os.arch: 'amd64', os.version: '6.8.0-1021-azure', java.version: '17.0.14'\nDriver info: driver.version: unknown","time":{"start":1742885090582,"stop":1742885109671,"duration":19089}},{"uid":"e1e16523b3d76f2b","reportUrl":"https://circlek-global.github.io/gmbat-tests-eu-mobile-automation/1507//#testresult/e1e16523b3d76f2b","status":"broken","statusDetails":"Element [By.xpath: (//android.widget.ImageView[@content-desc=\"featured-carousel-card.image\"])] wasn't visible after [15] seconds!\nException: org.openqa.selenium.TimeoutException: Expected condition failed: Element [By.xpath: (//android.widget.ImageView[@content-desc=\"featured-carousel-card.image\"])] wasn't visible after [15] seconds! (tried for 15 second(s) with 250 milliseconds interval)\nFor documentation on this error, please visit: https://www.selenium.dev/documentation/webdriver/troubleshooting/errors#no-such-element-exception\nBuild info: version: '4.19.0', revision: '5f9cec8963'\nSystem info: os.name: 'Linux', os.arch: 'amd64', os.version: '6.8.0-1021-azure', java.version: '17.0.14'\nDriver info: driver.version: unknown","time":{"start":1742798741807,"stop":1742798762502,"duration":20695}},{"uid":"e472cddf489956dc","reportUrl":"https://circlek-global.github.io/gmbat-tests-eu-mobile-automation/1493//#testresult/e472cddf489956dc","status":"broken","statusDetails":"Element [By.xpath: (//android.widget.ImageView[@content-desc=\"featured-carousel-card.image\"])] wasn't visible after [15] seconds!\nException: org.openqa.selenium.TimeoutException: Expected condition failed: Element [By.xpath: (//android.widget.ImageView[@content-desc=\"featured-carousel-card.image\"])] wasn't visible after [15] seconds! (tried for 15 second(s) with 250 milliseconds interval)\nFor documentation on this error, please visit: https://www.selenium.dev/documentation/webdriver/troubleshooting/errors#no-such-element-exception\nBuild info: version: '4.19.0', revision: '5f9cec8963'\nSystem info: os.name: 'Linux', os.arch: 'amd64', os.version: '6.8.0-1021-azure', java.version: '17.0.14'\nDriver info: driver.version: unknown","time":{"start":1742539544261,"stop":1742539564892,"duration":20631}},{"uid":"98b5e83943e64c21","reportUrl":"https://circlek-global.github.io/gmbat-tests-eu-mobile-automation/1479//#testresult/98b5e83943e64c21","status":"broken","statusDetails":"Element [By.xpath: (//android.widget.ImageView[@content-desc=\"featured-carousel-card.image\"])] wasn't visible after [15] seconds!\nException: org.openqa.selenium.TimeoutException: Expected condition failed: Element [By.xpath: (//android.widget.ImageView[@content-desc=\"featured-carousel-card.image\"])] wasn't visible after [15] seconds! (tried for 15 second(s) with 250 milliseconds interval)\nFor documentation on this error, please visit: https://www.selenium.dev/documentation/webdriver/troubleshooting/errors#no-such-element-exception\nBuild info: version: '4.19.0', revision: '5f9cec8963'\nSystem info: os.name: 'Linux', os.arch: 'amd64', os.version: '6.8.0-1021-azure', java.version: '17.0.14'\nDriver info: driver.version: unknown","time":{"start":1742453108674,"stop":1742453129313,"duration":20639}},{"uid":"9846b14635a4903a","reportUrl":"https://circlek-global.github.io/gmbat-tests-eu-mobile-automation/1464//#testresult/9846b14635a4903a","status":"broken","statusDetails":"Element [By.xpath: (//android.widget.ImageView[@content-desc=\"featured-carousel-card.image\"])] wasn't visible after [15] seconds!\nException: org.openqa.selenium.TimeoutException: Expected condition failed: Element [By.xpath: (//android.widget.ImageView[@content-desc=\"featured-carousel-card.image\"])] wasn't visible after [15] seconds! (tried for 15 second(s) with 250 milliseconds interval)\nFor documentation on this error, please visit: https://www.selenium.dev/documentation/webdriver/troubleshooting/errors#no-such-element-exception\nBuild info: version: '4.19.0', revision: '5f9cec8963'\nSystem info: os.name: 'Linux', os.arch: 'amd64', os.version: '6.8.0-1021-azure', java.version: '17.0.14'\nDriver info: driver.version: unknown","time":{"start":1742366915460,"stop":1742366935845,"duration":20385}},{"uid":"3104ee4345e38f04","reportUrl":"https://circlek-global.github.io/gmbat-tests-eu-mobile-automation/1452//#testresult/3104ee4345e38f04","status":"broken","statusDetails":"Element [By.xpath: (//android.widget.ImageView[@content-desc=\"featured-carousel-card.image\"])] wasn't visible after [15] seconds!\nException: org.openqa.selenium.TimeoutException: Expected condition failed: Element [By.xpath: (//android.widget.ImageView[@content-desc=\"featured-carousel-card.image\"])] wasn't visible after [15] seconds! (tried for 15 second(s) with 250 milliseconds interval)\nFor documentation on this error, please visit: https://www.selenium.dev/documentation/webdriver/troubleshooting/errors#no-such-element-exception\nBuild info: version: '4.19.0', revision: '5f9cec8963'\nSystem info: os.name: 'Linux', os.arch: 'amd64', os.version: '6.8.0-1021-azure', java.version: '17.0.14'\nDriver info: driver.version: unknown","time":{"start":1742280444237,"stop":1742280467186,"duration":22949}},{"uid":"56511987ab76f88b","reportUrl":"https://circlek-global.github.io/gmbat-tests-eu-mobile-automation/1438//#testresult/56511987ab76f88b","status":"broken","statusDetails":"Element [By.xpath: (//android.widget.ImageView[@content-desc=\"featured-carousel-card.image\"])] wasn't visible after [15] seconds!\nException: org.openqa.selenium.TimeoutException: Expected condition failed: Element [By.xpath: (//android.widget.ImageView[@content-desc=\"featured-carousel-card.image\"])] wasn't visible after [15] seconds! (tried for 15 second(s) with 250 milliseconds interval)\nFor documentation on this error, please visit: https://www.selenium.dev/documentation/webdriver/troubleshooting/errors#no-such-element-exception\nBuild info: version: '4.19.0', revision: '5f9cec8963'\nSystem info: os.name: 'Linux', os.arch: 'amd64', os.version: '6.8.0-1021-azure', java.version: '17.0.14'\nDriver info: driver.version: unknown","time":{"start":1742204218991,"stop":1742204240473,"duration":21482}},{"uid":"d0464a070741fd76","reportUrl":"https://circlek-global.github.io/gmbat-tests-eu-mobile-automation/1436//#testresult/d0464a070741fd76","status":"broken","statusDetails":"Element [By.xpath: (//android.widget.ImageView[@content-desc=\"featured-carousel-card.image\"])] wasn't visible after [15] seconds!\nException: org.openqa.selenium.TimeoutException: Expected condition failed: Element [By.xpath: (//android.widget.ImageView[@content-desc=\"featured-carousel-card.image\"])] wasn't visible after [15] seconds! (tried for 15 second(s) with 250 milliseconds interval)\nFor documentation on this error, please visit: https://www.selenium.dev/documentation/webdriver/troubleshooting/errors#no-such-element-exception\nBuild info: version: '4.19.0', revision: '5f9cec8963'\nSystem info: os.name: 'Linux', os.arch: 'amd64', os.version: '6.8.0-1021-azure', java.version: '17.0.14'\nDriver info: driver.version: unknown","time":{"start":1742194099118,"stop":1742194120504,"duration":21386}},{"uid":"97507d7036e0607c","reportUrl":"https://circlek-global.github.io/gmbat-tests-eu-mobile-automation/1433//#testresult/97507d7036e0607c","status":"broken","statusDetails":"Element [By.xpath: (//android.widget.ImageView[@content-desc=\"featured-carousel-card.image\"])] wasn't visible after [15] seconds!\nException: org.openqa.selenium.TimeoutException: Expected condition failed: Element [By.xpath: (//android.widget.ImageView[@content-desc=\"featured-carousel-card.image\"])] wasn't visible after [15] seconds! (tried for 15 second(s) with 250 milliseconds interval)\nFor documentation on this error, please visit: https://www.selenium.dev/documentation/webdriver/troubleshooting/errors#no-such-element-exception\nBuild info: version: '4.19.0', revision: '5f9cec8963'\nSystem info: os.name: 'Linux', os.arch: 'amd64', os.version: '6.8.0-1021-azure', java.version: '17.0.14'\nDriver info: driver.version: unknown","time":{"start":1742186425280,"stop":1742186450331,"duration":25051}},{"uid":"be073d500edd82d9","reportUrl":"https://circlek-global.github.io/gmbat-tests-eu-mobile-automation/1432//#testresult/be073d500edd82d9","status":"broken","statusDetails":"Element [By.xpath: //android.view.ViewGroup[@content-desc='station-home-card.button']] wasn't visible after [15] seconds!\nException: org.openqa.selenium.TimeoutException: Expected condition failed: Element [By.xpath: //android.view.ViewGroup[@content-desc='station-home-card.button']] wasn't visible after [15] seconds! (tried for 15 second(s) with 250 milliseconds interval)\nFor documentation on this error, please visit: https://www.selenium.dev/documentation/webdriver/troubleshooting/errors#no-such-element-exception\nBuild info: version: '4.19.0', revision: '5f9cec8963'\nSystem info: os.name: 'Linux', os.arch: 'amd64', os.version: '6.8.0-1021-azure', java.version: '17.0.14'\nDriver info: driver.version: unknown","time":{"start":1742181773210,"stop":1742181790390,"duration":17180}},{"uid":"a3beb3b956bdd98e","reportUrl":"https://circlek-global.github.io/gmbat-tests-eu-mobile-automation/1420//#testresult/a3beb3b956bdd98e","status":"broken","statusDetails":"Element [By.xpath: (//android.widget.ImageView[@content-desc=\"featured-carousel-card.image\"])] wasn't visible after [15] seconds!\nException: org.openqa.selenium.TimeoutException: Expected condition failed: Element [By.xpath: (//android.widget.ImageView[@content-desc=\"featured-carousel-card.image\"])] wasn't visible after [15] seconds! (tried for 15 second(s) with 250 milliseconds interval)\nFor documentation on this error, please visit: https://www.selenium.dev/documentation/webdriver/troubleshooting/errors#no-such-element-exception\nBuild info: version: '4.19.0', revision: '5f9cec8963'\nSystem info: os.name: 'Linux', os.arch: 'amd64', os.version: '6.8.0-1021-azure', java.version: '17.0.14'\nDriver info: driver.version: unknown","time":{"start":1741934844138,"stop":1741934865692,"duration":21554}},{"uid":"9ff488fb90a0a0d4","reportUrl":"https://circlek-global.github.io/gmbat-tests-eu-mobile-automation/1405//#testresult/9ff488fb90a0a0d4","status":"broken","statusDetails":"Element [By.xpath: (//android.widget.ImageView[@content-desc=\"featured-carousel-card.image\"])] wasn't visible after [15] seconds!\nException: org.openqa.selenium.TimeoutException: Expected condition failed: Element [By.xpath: (//android.widget.ImageView[@content-desc=\"featured-carousel-card.image\"])] wasn't visible after [15] seconds! (tried for 15 second(s) with 250 milliseconds interval)\nFor documentation on this error, please visit: https://www.selenium.dev/documentation/webdriver/troubleshooting/errors#no-such-element-exception\nBuild info: version: '4.19.0', revision: '5f9cec8963'\nSystem info: os.name: 'Linux', os.arch: 'amd64', os.version: '6.8.0-1021-azure', java.version: '17.0.14'\nDriver info: driver.version: unknown","time":{"start":1741848439075,"stop":1741848460475,"duration":21400}},{"uid":"8028b9080ad2d4de","reportUrl":"https://circlek-global.github.io/gmbat-tests-eu-mobile-automation/1402//#testresult/8028b9080ad2d4de","status":"broken","statusDetails":"Element [By.xpath: (//android.widget.ImageView[@content-desc=\"featured-carousel-card.image\"])] wasn't visible after [15] seconds!\nException: org.openqa.selenium.TimeoutException: Expected condition failed: Element [By.xpath: (//android.widget.ImageView[@content-desc=\"featured-carousel-card.image\"])] wasn't visible after [15] seconds! (tried for 15 second(s) with 250 milliseconds interval)\nFor documentation on this error, please visit: https://www.selenium.dev/documentation/webdriver/troubleshooting/errors#no-such-element-exception\nBuild info: version: '4.19.0', revision: '5f9cec8963'\nSystem info: os.name: 'Linux', os.arch: 'amd64', os.version: '6.8.0-1021-azure', java.version: '17.0.14'\nDriver info: driver.version: unknown","time":{"start":1741838401500,"stop":1741838425428,"duration":23928}},{"uid":"c3109412cd4d638","reportUrl":"https://circlek-global.github.io/gmbat-tests-eu-mobile-automation/1395//#testresult/c3109412cd4d638","status":"broken","statusDetails":"Element [By.xpath: (//android.widget.ImageView[@content-desc=\"featured-carousel-card.image\"])] wasn't visible after [15] seconds!\nException: org.openqa.selenium.TimeoutException: Expected condition failed: Element [By.xpath: (//android.widget.ImageView[@content-desc=\"featured-carousel-card.image\"])] wasn't visible after [15] seconds! (tried for 15 second(s) with 250 milliseconds interval)\nFor documentation on this error, please visit: https://www.selenium.dev/documentation/webdriver/troubleshooting/errors#no-such-element-exception\nBuild info: version: '4.19.0', revision: '5f9cec8963'\nSystem info: os.name: 'Linux', os.arch: 'amd64', os.version: '6.8.0-1021-azure', java.version: '17.0.14'\nDriver info: driver.version: unknown","time":{"start":1741796719474,"stop":1741796740918,"duration":21444}},{"uid":"f9495b8c88f77ca4","reportUrl":"https://circlek-global.github.io/gmbat-tests-eu-mobile-automation/1386//#testresult/f9495b8c88f77ca4","status":"broken","statusDetails":"Element [By.xpath: //android.view.ViewGroup[@content-desc='station-home-card.button']] wasn't visible after [15] seconds!\nException: org.openqa.selenium.TimeoutException: Expected condition failed: Element [By.xpath: //android.view.ViewGroup[@content-desc='station-home-card.button']] wasn't visible after [15] seconds! (tried for 15 second(s) with 250 milliseconds interval)\nFor documentation on this error, please visit: https://www.selenium.dev/documentation/webdriver/troubleshooting/errors#no-such-element-exception\nBuild info: version: '4.19.0', revision: '5f9cec8963'\nSystem info: os.name: 'Linux', os.arch: 'amd64', os.version: '6.8.0-1021-azure', java.version: '17.0.14'\nDriver info: driver.version: unknown","time":{"start":1741770214689,"stop":1741770232513,"duration":17824}},{"uid":"5ecaaf969e81a1eb","reportUrl":"https://circlek-global.github.io/gmbat-tests-eu-mobile-automation/1384//#testresult/5ecaaf969e81a1eb","status":"broken","statusDetails":"Element [By.xpath: //android.view.ViewGroup[@content-desc='station-home-card.button']] wasn't visible after [15] seconds!\nException: org.openqa.selenium.TimeoutException: Expected condition failed: Element [By.xpath: //android.view.ViewGroup[@content-desc='station-home-card.button']] wasn't visible after [15] seconds! (tried for 15 second(s) with 250 milliseconds interval)\nFor documentation on this error, please visit: https://www.selenium.dev/documentation/webdriver/troubleshooting/errors#no-such-element-exception\nBuild info: version: '4.19.0', revision: '5f9cec8963'\nSystem info: os.name: 'Linux', os.arch: 'amd64', os.version: '6.8.0-1021-azure', java.version: '17.0.14'\nDriver info: driver.version: unknown","time":{"start":1741763978742,"stop":1741763997409,"duration":18667}}]},"tags":["Dashboard"]},"source":"54975aa3bdae90e0.json","parameterValues":["GalaxyS22Ultra"]}