{"uid":"5c4a2f099cfa5030","name":"Deleting account and sign in again using same email","fullName":"testcases.OnboardingTests.deleteExistingUserAndSignInUsingSameEmail","historyId":"e27562a7276a9e81333d7f34481c2053","time":{"start":1743171502354,"stop":1743171504777,"duration":2423},"description":"Sign in, delete your account try to sign in again","descriptionHtml":"<p>Sign in, delete your account try to sign in again</p>\n","status":"broken","statusMessage":"Test 'Sign in, delete your account and try to sign in again using same email' failed due to configuration error!\nError details\n1 expectation failed.\nExpected status code <202> but was <429>.\n\nOn fail message: {\n    \"message\": \"Rate limit is exceeded. Try again later.\"\n}\n----------------------------------------\n\n[java.base/jdk.internal.reflect.NativeConstructorAccessorImpl.newInstance0(Native Method), java.base/jdk.internal.reflect.NativeConstructorAccessorImpl.newInstance(NativeConstructorAccessorImpl.java:77), java.base/jdk.internal.reflect.DelegatingConstructorAccessorImpl.newInstance(DelegatingConstructorAccessorImpl.java:45), java.base/java.lang.reflect.Constructor.newInstanceWithCaller(Constructor.java:500), java.base/java.lang.reflect.Constructor.newInstance(Constructor.java:481), org.codehaus.groovy.reflection.CachedConstructor.invoke(CachedConstructor.java:73), org.codehaus.groovy.runtime.callsite.ConstructorSite$ConstructorSiteNoUnwrapNoCoerce.callConstructor(ConstructorSite.java:108), org.codehaus.groovy.runtime.callsite.CallSiteArray.defaultCallConstructor(CallSiteArray.java:57), org.codehaus.groovy.runtime.callsite.AbstractCallSite.callConstructor(AbstractCallSite.java:263), org.codehaus.groovy.runtime.callsite.AbstractCallSite.callConstructor(AbstractCallSite.java:277), io.restassured.internal.ResponseSpecificationImpl$HamcrestAssertionClosure.validate(ResponseSpecificationImpl.groovy:512), io.restassured.internal.ResponseSpecificationImpl$HamcrestAssertionClosure$validate$1.call(Unknown Source), io.restassured.internal.ResponseSpecificationImpl.validateResponseIfRequired(ResponseSpecificationImpl.groovy:696), io.restassured.internal.ResponseSpecificationImpl.this$2$validateResponseIfRequired(ResponseSpecificationImpl.groovy), jdk.internal.reflect.GeneratedMethodAccessor211.invoke(Unknown Source), java.base/jdk.internal.reflect.DelegatingMethodAccessorImpl.invoke(DelegatingMethodAccessorImpl.java:43), java.base/java.lang.reflect.Method.invoke(Method.java:569), org.codehaus.groovy.runtime.callsite.PlainObjectMetaMethodSite.doInvoke(PlainObjectMetaMethodSite.java:43), org.codehaus.groovy.runtime.callsite.PogoMetaMethodSite$PogoCachedMethodSiteNoUnwrapNoCoerce.invoke(PogoMetaMethodSite.java:198), org.codehaus.groovy.runtime.callsite.PogoMetaMethodSite.callCurrent(PogoMetaMethodSite.java:62), org.codehaus.groovy.runtime.callsite.AbstractCallSite.callCurrent(AbstractCallSite.java:185), io.restassured.internal.ResponseSpecificationImpl.statusCode(ResponseSpecificationImpl.groovy:135), io.restassured.specification.ResponseSpecification$statusCode$1.callCurrent(Unknown Source), io.restassured.internal.ResponseSpecificationImpl.statusCode(ResponseSpecificationImpl.groovy:143), io.restassured.internal.ValidatableResponseOptionsImpl.statusCode(ValidatableResponseOptionsImpl.java:89), com.gmap.core.API.BaseUtils.validateServerResponse(BaseUtils.java:102), com.gmap.core.BaseCommonTestsSetup.createUserProfile(BaseCommonTestsSetup.java:130), settings.HooksActions.createUserProfile(HooksActions.java:154), settings.HooksActions.lambda$testMethodActions$1(HooksActions.java:109), com.gmap.core.interfaces.ConditionalExecutor.conditionalAction(ConditionalExecutor.java:21), settings.HooksActions.lambda$testMethodActions$4(HooksActions.java:107), java.base/java.util.Spliterators$ArraySpliterator.forEachRemaining(Spliterators.java:992), java.base/java.util.stream.ReferencePipeline$Head.forEach(ReferencePipeline.java:762), settings.HooksActions.testMethodActions(HooksActions.java:105), settings.Hooks.baseBeforeMethod(Hooks.java:91), jdk.internal.reflect.GeneratedMethodAccessor237.invoke(Unknown Source), java.base/jdk.internal.reflect.DelegatingMethodAccessorImpl.invoke(DelegatingMethodAccessorImpl.java:43), java.base/java.lang.reflect.Method.invoke(Method.java:569), org.testng.internal.invokers.MethodInvocationHelper.invokeMethod(MethodInvocationHelper.java:141), org.testng.internal.invokers.MethodInvocationHelper.invokeMethodConsideringTimeout(MethodInvocationHelper.java:71), org.testng.internal.invokers.ConfigInvoker.invokeConfigurationMethod(ConfigInvoker.java:400), org.testng.internal.invokers.ConfigInvoker.invokeConfigurations(ConfigInvoker.java:333), org.testng.internal.invokers.TestInvoker.runConfigMethods(TestInvoker.java:836), org.testng.internal.invokers.TestInvoker.invokeMethod(TestInvoker.java:601), org.testng.internal.invokers.TestInvoker.invokeTestMethod(TestInvoker.java:230), org.testng.internal.invokers.MethodRunner.runInSequence(MethodRunner.java:63), org.testng.internal.invokers.TestInvoker$MethodInvocationAgent.invoke(TestInvoker.java:995), org.testng.internal.invokers.TestInvoker.invokeTestMethods(TestInvoker.java:203), org.testng.internal.invokers.TestMethodWorker.invokeTestMethods(TestMethodWorker.java:154), org.testng.internal.invokers.TestMethodWorker.run(TestMethodWorker.java:134), java.base/java.util.ArrayList.forEach(ArrayList.java:1511), org.testng.TestRunner.privateRun(TestRunner.java:741), org.testng.TestRunner.run(TestRunner.java:616), org.testng.SuiteRunner.runTest(SuiteRunner.java:421), org.testng.SuiteRunner$SuiteWorker.run(SuiteRunner.java:463), org.testng.internal.thread.ThreadUtil.lambda$execute$0(ThreadUtil.java:64), java.base/java.util.concurrent.FutureTask.run(FutureTask.java:264), java.base/java.util.concurrent.ThreadPoolExecutor.runWorker(ThreadPoolExecutor.java:1136), java.base/java.util.concurrent.ThreadPoolExecutor$Worker.run(ThreadPoolExecutor.java:635), java.base/java.lang.Thread.run(Thread.java:840)]","statusTrace":"java.lang.IllegalStateException: Test 'Sign in, delete your account and try to sign in again using same email' failed due to configuration error!\nError details\n1 expectation failed.\nExpected status code <202> but was <429>.\n\nOn fail message: {\n    \"message\": \"Rate limit is exceeded. Try again later.\"\n}\n----------------------------------------\n\n[java.base/jdk.internal.reflect.NativeConstructorAccessorImpl.newInstance0(Native Method), java.base/jdk.internal.reflect.NativeConstructorAccessorImpl.newInstance(NativeConstructorAccessorImpl.java:77), java.base/jdk.internal.reflect.DelegatingConstructorAccessorImpl.newInstance(DelegatingConstructorAccessorImpl.java:45), java.base/java.lang.reflect.Constructor.newInstanceWithCaller(Constructor.java:500), java.base/java.lang.reflect.Constructor.newInstance(Constructor.java:481), org.codehaus.groovy.reflection.CachedConstructor.invoke(CachedConstructor.java:73), org.codehaus.groovy.runtime.callsite.ConstructorSite$ConstructorSiteNoUnwrapNoCoerce.callConstructor(ConstructorSite.java:108), org.codehaus.groovy.runtime.callsite.CallSiteArray.defaultCallConstructor(CallSiteArray.java:57), org.codehaus.groovy.runtime.callsite.AbstractCallSite.callConstructor(AbstractCallSite.java:263), org.codehaus.groovy.runtime.callsite.AbstractCallSite.callConstructor(AbstractCallSite.java:277), io.restassured.internal.ResponseSpecificationImpl$HamcrestAssertionClosure.validate(ResponseSpecificationImpl.groovy:512), io.restassured.internal.ResponseSpecificationImpl$HamcrestAssertionClosure$validate$1.call(Unknown Source), io.restassured.internal.ResponseSpecificationImpl.validateResponseIfRequired(ResponseSpecificationImpl.groovy:696), io.restassured.internal.ResponseSpecificationImpl.this$2$validateResponseIfRequired(ResponseSpecificationImpl.groovy), jdk.internal.reflect.GeneratedMethodAccessor211.invoke(Unknown Source), java.base/jdk.internal.reflect.DelegatingMethodAccessorImpl.invoke(DelegatingMethodAccessorImpl.java:43), java.base/java.lang.reflect.Method.invoke(Method.java:569), org.codehaus.groovy.runtime.callsite.PlainObjectMetaMethodSite.doInvoke(PlainObjectMetaMethodSite.java:43), org.codehaus.groovy.runtime.callsite.PogoMetaMethodSite$PogoCachedMethodSiteNoUnwrapNoCoerce.invoke(PogoMetaMethodSite.java:198), org.codehaus.groovy.runtime.callsite.PogoMetaMethodSite.callCurrent(PogoMetaMethodSite.java:62), org.codehaus.groovy.runtime.callsite.AbstractCallSite.callCurrent(AbstractCallSite.java:185), io.restassured.internal.ResponseSpecificationImpl.statusCode(ResponseSpecificationImpl.groovy:135), io.restassured.specification.ResponseSpecification$statusCode$1.callCurrent(Unknown Source), io.restassured.internal.ResponseSpecificationImpl.statusCode(ResponseSpecificationImpl.groovy:143), io.restassured.internal.ValidatableResponseOptionsImpl.statusCode(ValidatableResponseOptionsImpl.java:89), com.gmap.core.API.BaseUtils.validateServerResponse(BaseUtils.java:102), com.gmap.core.BaseCommonTestsSetup.createUserProfile(BaseCommonTestsSetup.java:130), settings.HooksActions.createUserProfile(HooksActions.java:154), settings.HooksActions.lambda$testMethodActions$1(HooksActions.java:109), com.gmap.core.interfaces.ConditionalExecutor.conditionalAction(ConditionalExecutor.java:21), settings.HooksActions.lambda$testMethodActions$4(HooksActions.java:107), java.base/java.util.Spliterators$ArraySpliterator.forEachRemaining(Spliterators.java:992), java.base/java.util.stream.ReferencePipeline$Head.forEach(ReferencePipeline.java:762), settings.HooksActions.testMethodActions(HooksActions.java:105), settings.Hooks.baseBeforeMethod(Hooks.java:91), jdk.internal.reflect.GeneratedMethodAccessor237.invoke(Unknown Source), java.base/jdk.internal.reflect.DelegatingMethodAccessorImpl.invoke(DelegatingMethodAccessorImpl.java:43), java.base/java.lang.reflect.Method.invoke(Method.java:569), org.testng.internal.invokers.MethodInvocationHelper.invokeMethod(MethodInvocationHelper.java:141), org.testng.internal.invokers.MethodInvocationHelper.invokeMethodConsideringTimeout(MethodInvocationHelper.java:71), org.testng.internal.invokers.ConfigInvoker.invokeConfigurationMethod(ConfigInvoker.java:400), org.testng.internal.invokers.ConfigInvoker.invokeConfigurations(ConfigInvoker.java:333), org.testng.internal.invokers.TestInvoker.runConfigMethods(TestInvoker.java:836), org.testng.internal.invokers.TestInvoker.invokeMethod(TestInvoker.java:601), org.testng.internal.invokers.TestInvoker.invokeTestMethod(TestInvoker.java:230), org.testng.internal.invokers.MethodRunner.runInSequence(MethodRunner.java:63), org.testng.internal.invokers.TestInvoker$MethodInvocationAgent.invoke(TestInvoker.java:995), org.testng.internal.invokers.TestInvoker.invokeTestMethods(TestInvoker.java:203), org.testng.internal.invokers.TestMethodWorker.invokeTestMethods(TestMethodWorker.java:154), org.testng.internal.invokers.TestMethodWorker.run(TestMethodWorker.java:134), java.base/java.util.ArrayList.forEach(ArrayList.java:1511), org.testng.TestRunner.privateRun(TestRunner.java:741), org.testng.TestRunner.run(TestRunner.java:616), org.testng.SuiteRunner.runTest(SuiteRunner.java:421), org.testng.SuiteRunner$SuiteWorker.run(SuiteRunner.java:463), org.testng.internal.thread.ThreadUtil.lambda$execute$0(ThreadUtil.java:64), java.base/java.util.concurrent.FutureTask.run(FutureTask.java:264), java.base/java.util.concurrent.ThreadPoolExecutor.runWorker(ThreadPoolExecutor.java:1136), java.base/java.util.concurrent.ThreadPoolExecutor$Worker.run(ThreadPoolExecutor.java:635), java.base/java.lang.Thread.run(Thread.java:840)]\n\tat com.gmap.core.HooksConfiguration.checkHookConfiguration(HooksConfiguration.java:104)\n\tat settings.Hooks.run(Hooks.java:51)\n\tat org.testng.internal.invokers.MethodInvocationHelper.invokeHookable(MethodInvocationHelper.java:274)\n\tat org.testng.internal.invokers.TestInvoker.invokeMethod(TestInvoker.java:679)\n\tat org.testng.internal.invokers.TestInvoker.invokeTestMethod(TestInvoker.java:230)\n\tat org.testng.internal.invokers.MethodRunner.runInSequence(MethodRunner.java:63)\n\tat org.testng.internal.invokers.TestInvoker$MethodInvocationAgent.invoke(TestInvoker.java:995)\n\tat org.testng.internal.invokers.TestInvoker.invokeTestMethods(TestInvoker.java:203)\n\tat org.testng.internal.invokers.TestMethodWorker.invokeTestMethods(TestMethodWorker.java:154)\n\tat org.testng.internal.invokers.TestMethodWorker.run(TestMethodWorker.java:134)\n\tat java.base/java.util.ArrayList.forEach(ArrayList.java:1511)\n\tat org.testng.TestRunner.privateRun(TestRunner.java:741)\n\tat org.testng.TestRunner.run(TestRunner.java:616)\n\tat org.testng.SuiteRunner.runTest(SuiteRunner.java:421)\n\tat org.testng.SuiteRunner$SuiteWorker.run(SuiteRunner.java:463)\n\tat org.testng.internal.thread.ThreadUtil.lambda$execute$0(ThreadUtil.java:64)\n\tat java.base/java.util.concurrent.FutureTask.run(FutureTask.java:264)\n\tat java.base/java.util.concurrent.ThreadPoolExecutor.runWorker(ThreadPoolExecutor.java:1136)\n\tat java.base/java.util.concurrent.ThreadPoolExecutor$Worker.run(ThreadPoolExecutor.java:635)\n\tat java.base/java.lang.Thread.run(Thread.java:840)\n","flaky":false,"newFailed":false,"newBroken":true,"newPassed":false,"retriesCount":0,"retriesStatusChange":false,"beforeStages":[{"name":"Base Before Test","time":{"start":1743170797713,"stop":1743170797713,"duration":0},"description":"Base Before Test","status":"passed","steps":[],"attachments":[],"parameters":[],"shouldDisplayMessage":false,"stepsCount":0,"attachmentsCount":0,"hasContent":false,"attachmentStep":false},{"name":"springTestContextBeforeTestClass","time":{"start":1743170797715,"stop":1743170797715,"duration":0},"description":"","status":"passed","steps":[],"attachments":[],"parameters":[],"shouldDisplayMessage":false,"stepsCount":0,"attachmentsCount":0,"hasContent":false,"attachmentStep":false},{"name":"springTestContextPrepareTestInstance","time":{"start":1743170797715,"stop":1743170797716,"duration":1},"description":"","status":"passed","steps":[],"attachments":[],"parameters":[],"shouldDisplayMessage":false,"stepsCount":0,"attachmentsCount":0,"hasContent":false,"attachmentStep":false},{"name":"Base Before Class","time":{"start":1743170797717,"stop":1743170797717,"duration":0},"description":"Base Before Class","status":"passed","steps":[],"attachments":[],"parameters":[],"shouldDisplayMessage":false,"stepsCount":0,"attachmentsCount":0,"hasContent":false,"attachmentStep":false},{"name":"springTestContextBeforeTestMethod","time":{"start":1743171434912,"stop":1743171434912,"duration":0},"description":"","status":"passed","steps":[],"attachments":[],"parameters":[],"shouldDisplayMessage":false,"stepsCount":0,"attachmentsCount":0,"hasContent":false,"attachmentStep":false},{"name":"Base Before Test Method","time":{"start":1743171434912,"stop":1743171501557,"duration":66645},"description":"Base Before Test Method","status":"passed","steps":[],"attachments":[{"uid":"ef169924e8fdfa51","name":"REQUEST | POST https://api.uat.circlek.com/eu/ngrp-gmap-authn/v1/auth","source":"ef169924e8fdfa51.html","type":"text/html","size":621},{"uid":"827475cc8e429f77","name":"RESPONSE | POST https://api.uat.circlek.com/eu/ngrp-gmap-authn/v1/auth [404]","source":"827475cc8e429f77.html","type":"text/html","size":747},{"uid":"32501f6e553c758f","name":"REQUEST | POST https://api.uat.circlek.com/eu/customer/identity/v2/registration/finalize","source":"32501f6e553c758f.html","type":"text/html","size":3813},{"uid":"9302b689431e0e38","name":"RESPONSE | POST https://api.uat.circlek.com/eu/customer/identity/v2/registration/finalize [400]","source":"9302b689431e0e38.html","type":"text/html","size":1401},{"uid":"805776f59e03e3ac","name":"REQUEST | POST https://api.uat.circlek.com/eu/ngrp-gmap-authn/v1/auth","source":"805776f59e03e3ac.html","type":"text/html","size":621},{"uid":"5307b4b0426990c","name":"RESPONSE | POST https://api.uat.circlek.com/eu/ngrp-gmap-authn/v1/auth [404]","source":"5307b4b0426990c.html","type":"text/html","size":747},{"uid":"5b31e528748e4fc1","name":"REQUEST | POST https://api.uat.circlek.com/eu/customer/identity/v2/registration","source":"5b31e528748e4fc1.html","type":"text/html","size":1141},{"uid":"eddae58d27860ba3","name":"RESPONSE | POST https://api.uat.circlek.com/eu/customer/identity/v2/registration [429]","source":"eddae58d27860ba3.html","type":"text/html","size":629}],"parameters":[],"shouldDisplayMessage":false,"stepsCount":0,"attachmentsCount":8,"hasContent":true,"attachmentStep":false},{"name":"initTestConfig","time":{"start":1743171501558,"stop":1743171501562,"duration":4},"description":"","status":"passed","steps":[],"attachments":[],"parameters":[],"shouldDisplayMessage":false,"stepsCount":0,"attachmentsCount":0,"hasContent":false,"attachmentStep":false}],"testStage":{"description":"Sign in, delete your account try to sign in again","status":"broken","statusMessage":"Test 'Sign in, delete your account and try to sign in again using same email' failed due to configuration error!\nError details\n1 expectation failed.\nExpected status code <202> but was <429>.\n\nOn fail message: {\n    \"message\": \"Rate limit is exceeded. Try again later.\"\n}\n----------------------------------------\n\n[java.base/jdk.internal.reflect.NativeConstructorAccessorImpl.newInstance0(Native Method), java.base/jdk.internal.reflect.NativeConstructorAccessorImpl.newInstance(NativeConstructorAccessorImpl.java:77), java.base/jdk.internal.reflect.DelegatingConstructorAccessorImpl.newInstance(DelegatingConstructorAccessorImpl.java:45), java.base/java.lang.reflect.Constructor.newInstanceWithCaller(Constructor.java:500), java.base/java.lang.reflect.Constructor.newInstance(Constructor.java:481), org.codehaus.groovy.reflection.CachedConstructor.invoke(CachedConstructor.java:73), org.codehaus.groovy.runtime.callsite.ConstructorSite$ConstructorSiteNoUnwrapNoCoerce.callConstructor(ConstructorSite.java:108), org.codehaus.groovy.runtime.callsite.CallSiteArray.defaultCallConstructor(CallSiteArray.java:57), org.codehaus.groovy.runtime.callsite.AbstractCallSite.callConstructor(AbstractCallSite.java:263), org.codehaus.groovy.runtime.callsite.AbstractCallSite.callConstructor(AbstractCallSite.java:277), io.restassured.internal.ResponseSpecificationImpl$HamcrestAssertionClosure.validate(ResponseSpecificationImpl.groovy:512), io.restassured.internal.ResponseSpecificationImpl$HamcrestAssertionClosure$validate$1.call(Unknown Source), io.restassured.internal.ResponseSpecificationImpl.validateResponseIfRequired(ResponseSpecificationImpl.groovy:696), io.restassured.internal.ResponseSpecificationImpl.this$2$validateResponseIfRequired(ResponseSpecificationImpl.groovy), jdk.internal.reflect.GeneratedMethodAccessor211.invoke(Unknown Source), java.base/jdk.internal.reflect.DelegatingMethodAccessorImpl.invoke(DelegatingMethodAccessorImpl.java:43), java.base/java.lang.reflect.Method.invoke(Method.java:569), org.codehaus.groovy.runtime.callsite.PlainObjectMetaMethodSite.doInvoke(PlainObjectMetaMethodSite.java:43), org.codehaus.groovy.runtime.callsite.PogoMetaMethodSite$PogoCachedMethodSiteNoUnwrapNoCoerce.invoke(PogoMetaMethodSite.java:198), org.codehaus.groovy.runtime.callsite.PogoMetaMethodSite.callCurrent(PogoMetaMethodSite.java:62), org.codehaus.groovy.runtime.callsite.AbstractCallSite.callCurrent(AbstractCallSite.java:185), io.restassured.internal.ResponseSpecificationImpl.statusCode(ResponseSpecificationImpl.groovy:135), io.restassured.specification.ResponseSpecification$statusCode$1.callCurrent(Unknown Source), io.restassured.internal.ResponseSpecificationImpl.statusCode(ResponseSpecificationImpl.groovy:143), io.restassured.internal.ValidatableResponseOptionsImpl.statusCode(ValidatableResponseOptionsImpl.java:89), com.gmap.core.API.BaseUtils.validateServerResponse(BaseUtils.java:102), com.gmap.core.BaseCommonTestsSetup.createUserProfile(BaseCommonTestsSetup.java:130), settings.HooksActions.createUserProfile(HooksActions.java:154), settings.HooksActions.lambda$testMethodActions$1(HooksActions.java:109), com.gmap.core.interfaces.ConditionalExecutor.conditionalAction(ConditionalExecutor.java:21), settings.HooksActions.lambda$testMethodActions$4(HooksActions.java:107), java.base/java.util.Spliterators$ArraySpliterator.forEachRemaining(Spliterators.java:992), java.base/java.util.stream.ReferencePipeline$Head.forEach(ReferencePipeline.java:762), settings.HooksActions.testMethodActions(HooksActions.java:105), settings.Hooks.baseBeforeMethod(Hooks.java:91), jdk.internal.reflect.GeneratedMethodAccessor237.invoke(Unknown Source), java.base/jdk.internal.reflect.DelegatingMethodAccessorImpl.invoke(DelegatingMethodAccessorImpl.java:43), java.base/java.lang.reflect.Method.invoke(Method.java:569), org.testng.internal.invokers.MethodInvocationHelper.invokeMethod(MethodInvocationHelper.java:141), org.testng.internal.invokers.MethodInvocationHelper.invokeMethodConsideringTimeout(MethodInvocationHelper.java:71), org.testng.internal.invokers.ConfigInvoker.invokeConfigurationMethod(ConfigInvoker.java:400), org.testng.internal.invokers.ConfigInvoker.invokeConfigurations(ConfigInvoker.java:333), org.testng.internal.invokers.TestInvoker.runConfigMethods(TestInvoker.java:836), org.testng.internal.invokers.TestInvoker.invokeMethod(TestInvoker.java:601), org.testng.internal.invokers.TestInvoker.invokeTestMethod(TestInvoker.java:230), org.testng.internal.invokers.MethodRunner.runInSequence(MethodRunner.java:63), org.testng.internal.invokers.TestInvoker$MethodInvocationAgent.invoke(TestInvoker.java:995), org.testng.internal.invokers.TestInvoker.invokeTestMethods(TestInvoker.java:203), org.testng.internal.invokers.TestMethodWorker.invokeTestMethods(TestMethodWorker.java:154), org.testng.internal.invokers.TestMethodWorker.run(TestMethodWorker.java:134), java.base/java.util.ArrayList.forEach(ArrayList.java:1511), org.testng.TestRunner.privateRun(TestRunner.java:741), org.testng.TestRunner.run(TestRunner.java:616), org.testng.SuiteRunner.runTest(SuiteRunner.java:421), org.testng.SuiteRunner$SuiteWorker.run(SuiteRunner.java:463), org.testng.internal.thread.ThreadUtil.lambda$execute$0(ThreadUtil.java:64), java.base/java.util.concurrent.FutureTask.run(FutureTask.java:264), java.base/java.util.concurrent.ThreadPoolExecutor.runWorker(ThreadPoolExecutor.java:1136), java.base/java.util.concurrent.ThreadPoolExecutor$Worker.run(ThreadPoolExecutor.java:635), java.base/java.lang.Thread.run(Thread.java:840)]","statusTrace":"java.lang.IllegalStateException: Test 'Sign in, delete your account and try to sign in again using same email' failed due to configuration error!\nError details\n1 expectation failed.\nExpected status code <202> but was <429>.\n\nOn fail message: {\n    \"message\": \"Rate limit is exceeded. Try again later.\"\n}\n----------------------------------------\n\n[java.base/jdk.internal.reflect.NativeConstructorAccessorImpl.newInstance0(Native Method), java.base/jdk.internal.reflect.NativeConstructorAccessorImpl.newInstance(NativeConstructorAccessorImpl.java:77), java.base/jdk.internal.reflect.DelegatingConstructorAccessorImpl.newInstance(DelegatingConstructorAccessorImpl.java:45), java.base/java.lang.reflect.Constructor.newInstanceWithCaller(Constructor.java:500), java.base/java.lang.reflect.Constructor.newInstance(Constructor.java:481), org.codehaus.groovy.reflection.CachedConstructor.invoke(CachedConstructor.java:73), org.codehaus.groovy.runtime.callsite.ConstructorSite$ConstructorSiteNoUnwrapNoCoerce.callConstructor(ConstructorSite.java:108), org.codehaus.groovy.runtime.callsite.CallSiteArray.defaultCallConstructor(CallSiteArray.java:57), org.codehaus.groovy.runtime.callsite.AbstractCallSite.callConstructor(AbstractCallSite.java:263), org.codehaus.groovy.runtime.callsite.AbstractCallSite.callConstructor(AbstractCallSite.java:277), io.restassured.internal.ResponseSpecificationImpl$HamcrestAssertionClosure.validate(ResponseSpecificationImpl.groovy:512), io.restassured.internal.ResponseSpecificationImpl$HamcrestAssertionClosure$validate$1.call(Unknown Source), io.restassured.internal.ResponseSpecificationImpl.validateResponseIfRequired(ResponseSpecificationImpl.groovy:696), io.restassured.internal.ResponseSpecificationImpl.this$2$validateResponseIfRequired(ResponseSpecificationImpl.groovy), jdk.internal.reflect.GeneratedMethodAccessor211.invoke(Unknown Source), java.base/jdk.internal.reflect.DelegatingMethodAccessorImpl.invoke(DelegatingMethodAccessorImpl.java:43), java.base/java.lang.reflect.Method.invoke(Method.java:569), org.codehaus.groovy.runtime.callsite.PlainObjectMetaMethodSite.doInvoke(PlainObjectMetaMethodSite.java:43), org.codehaus.groovy.runtime.callsite.PogoMetaMethodSite$PogoCachedMethodSiteNoUnwrapNoCoerce.invoke(PogoMetaMethodSite.java:198), org.codehaus.groovy.runtime.callsite.PogoMetaMethodSite.callCurrent(PogoMetaMethodSite.java:62), org.codehaus.groovy.runtime.callsite.AbstractCallSite.callCurrent(AbstractCallSite.java:185), io.restassured.internal.ResponseSpecificationImpl.statusCode(ResponseSpecificationImpl.groovy:135), io.restassured.specification.ResponseSpecification$statusCode$1.callCurrent(Unknown Source), io.restassured.internal.ResponseSpecificationImpl.statusCode(ResponseSpecificationImpl.groovy:143), io.restassured.internal.ValidatableResponseOptionsImpl.statusCode(ValidatableResponseOptionsImpl.java:89), com.gmap.core.API.BaseUtils.validateServerResponse(BaseUtils.java:102), com.gmap.core.BaseCommonTestsSetup.createUserProfile(BaseCommonTestsSetup.java:130), settings.HooksActions.createUserProfile(HooksActions.java:154), settings.HooksActions.lambda$testMethodActions$1(HooksActions.java:109), com.gmap.core.interfaces.ConditionalExecutor.conditionalAction(ConditionalExecutor.java:21), settings.HooksActions.lambda$testMethodActions$4(HooksActions.java:107), java.base/java.util.Spliterators$ArraySpliterator.forEachRemaining(Spliterators.java:992), java.base/java.util.stream.ReferencePipeline$Head.forEach(ReferencePipeline.java:762), settings.HooksActions.testMethodActions(HooksActions.java:105), settings.Hooks.baseBeforeMethod(Hooks.java:91), jdk.internal.reflect.GeneratedMethodAccessor237.invoke(Unknown Source), java.base/jdk.internal.reflect.DelegatingMethodAccessorImpl.invoke(DelegatingMethodAccessorImpl.java:43), java.base/java.lang.reflect.Method.invoke(Method.java:569), org.testng.internal.invokers.MethodInvocationHelper.invokeMethod(MethodInvocationHelper.java:141), org.testng.internal.invokers.MethodInvocationHelper.invokeMethodConsideringTimeout(MethodInvocationHelper.java:71), org.testng.internal.invokers.ConfigInvoker.invokeConfigurationMethod(ConfigInvoker.java:400), org.testng.internal.invokers.ConfigInvoker.invokeConfigurations(ConfigInvoker.java:333), org.testng.internal.invokers.TestInvoker.runConfigMethods(TestInvoker.java:836), org.testng.internal.invokers.TestInvoker.invokeMethod(TestInvoker.java:601), org.testng.internal.invokers.TestInvoker.invokeTestMethod(TestInvoker.java:230), org.testng.internal.invokers.MethodRunner.runInSequence(MethodRunner.java:63), org.testng.internal.invokers.TestInvoker$MethodInvocationAgent.invoke(TestInvoker.java:995), org.testng.internal.invokers.TestInvoker.invokeTestMethods(TestInvoker.java:203), org.testng.internal.invokers.TestMethodWorker.invokeTestMethods(TestMethodWorker.java:154), org.testng.internal.invokers.TestMethodWorker.run(TestMethodWorker.java:134), java.base/java.util.ArrayList.forEach(ArrayList.java:1511), org.testng.TestRunner.privateRun(TestRunner.java:741), org.testng.TestRunner.run(TestRunner.java:616), org.testng.SuiteRunner.runTest(SuiteRunner.java:421), org.testng.SuiteRunner$SuiteWorker.run(SuiteRunner.java:463), org.testng.internal.thread.ThreadUtil.lambda$execute$0(ThreadUtil.java:64), java.base/java.util.concurrent.FutureTask.run(FutureTask.java:264), java.base/java.util.concurrent.ThreadPoolExecutor.runWorker(ThreadPoolExecutor.java:1136), java.base/java.util.concurrent.ThreadPoolExecutor$Worker.run(ThreadPoolExecutor.java:635), java.base/java.lang.Thread.run(Thread.java:840)]\n\tat com.gmap.core.HooksConfiguration.checkHookConfiguration(HooksConfiguration.java:104)\n\tat settings.Hooks.run(Hooks.java:51)\n\tat org.testng.internal.invokers.MethodInvocationHelper.invokeHookable(MethodInvocationHelper.java:274)\n\tat org.testng.internal.invokers.TestInvoker.invokeMethod(TestInvoker.java:679)\n\tat org.testng.internal.invokers.TestInvoker.invokeTestMethod(TestInvoker.java:230)\n\tat org.testng.internal.invokers.MethodRunner.runInSequence(MethodRunner.java:63)\n\tat org.testng.internal.invokers.TestInvoker$MethodInvocationAgent.invoke(TestInvoker.java:995)\n\tat org.testng.internal.invokers.TestInvoker.invokeTestMethods(TestInvoker.java:203)\n\tat org.testng.internal.invokers.TestMethodWorker.invokeTestMethods(TestMethodWorker.java:154)\n\tat org.testng.internal.invokers.TestMethodWorker.run(TestMethodWorker.java:134)\n\tat java.base/java.util.ArrayList.forEach(ArrayList.java:1511)\n\tat org.testng.TestRunner.privateRun(TestRunner.java:741)\n\tat org.testng.TestRunner.run(TestRunner.java:616)\n\tat org.testng.SuiteRunner.runTest(SuiteRunner.java:421)\n\tat org.testng.SuiteRunner$SuiteWorker.run(SuiteRunner.java:463)\n\tat org.testng.internal.thread.ThreadUtil.lambda$execute$0(ThreadUtil.java:64)\n\tat java.base/java.util.concurrent.FutureTask.run(FutureTask.java:264)\n\tat java.base/java.util.concurrent.ThreadPoolExecutor.runWorker(ThreadPoolExecutor.java:1136)\n\tat java.base/java.util.concurrent.ThreadPoolExecutor$Worker.run(ThreadPoolExecutor.java:635)\n\tat java.base/java.lang.Thread.run(Thread.java:840)\n","steps":[],"attachments":[{"uid":"1ac1b44fe0f157b3","name":"Screenshot | [28-03-2025]","source":"1ac1b44fe0f157b3.jpg","type":"image/jpg","size":108336}],"parameters":[],"shouldDisplayMessage":true,"stepsCount":0,"attachmentsCount":1,"hasContent":true,"attachmentStep":false},"afterStages":[{"name":"Base After Test Method","time":{"start":1743171507118,"stop":1743171507118,"duration":0},"description":"Base After Test Method","status":"passed","steps":[],"attachments":[],"parameters":[],"shouldDisplayMessage":false,"stepsCount":0,"attachmentsCount":0,"hasContent":false,"attachmentStep":false},{"name":"springTestContextAfterTestMethod","time":{"start":1743171507119,"stop":1743171507119,"duration":0},"description":"","status":"passed","steps":[],"attachments":[],"parameters":[],"shouldDisplayMessage":false,"stepsCount":0,"attachmentsCount":0,"hasContent":false,"attachmentStep":false},{"name":"Base After Class","time":{"start":1743172113556,"stop":1743172113556,"duration":0},"description":"Base After Class","status":"passed","steps":[],"attachments":[],"parameters":[],"shouldDisplayMessage":false,"stepsCount":0,"attachmentsCount":0,"hasContent":false,"attachmentStep":false},{"name":"springTestContextAfterTestClass","time":{"start":1743172113556,"stop":1743172113556,"duration":0},"description":"","status":"passed","steps":[],"attachments":[],"parameters":[],"shouldDisplayMessage":false,"stepsCount":0,"attachmentsCount":0,"hasContent":false,"attachmentStep":false},{"name":"Base After Test","time":{"start":1743172113557,"stop":1743172113557,"duration":0},"description":"Base After Test","status":"passed","steps":[],"attachments":[],"parameters":[],"shouldDisplayMessage":false,"stepsCount":0,"attachmentsCount":0,"hasContent":false,"attachmentStep":false}],"labels":[{"name":"package","value":"testcases.OnboardingTests"},{"name":"testClass","value":"testcases.OnboardingTests"},{"name":"testMethod","value":"deleteExistingUserAndSignInUsingSameEmail"},{"name":"parentSuite","value":"GMAP INGO Mobile Test Automation - [ANDROID PARALLEL XML SUITE]"},{"name":"suite","value":"GMAP INGO Tests | Onboarding"},{"name":"subSuite","value":"testcases.OnboardingTests"},{"name":"host","value":"fv-az1059-222"},{"name":"thread","value":"1934@fv-az1059-222.TestNG-tests-3(24)"},{"name":"framework","value":"testng"},{"name":"language","value":"java"},{"name":"tag","value":"Onboarding"},{"name":"owner","value":"Santhosh - [santhosh.shivashankarappa@circlekeurope.com]"},{"name":"tag","value":"Sign In"},{"name":"story","value":"[TEST][INGO][Sign in] Sign in, delete your account try to sign in again"},{"name":"feature","value":"[INGO] Onboarding Test"},{"name":"epic","value":"[INGO][GMAP] ONBOARDING"},{"name":"severity","value":"critical"},{"name":"resultFormat","value":"allure2"}],"parameters":[{"name":"deviceConfig","value":"GalaxyS21"}],"links":[{"name":"N/A","url":"https://circlek.atlassian.net/browse/N/A","type":"issue"},{"name":"NGRPRG-30228","url":"https://circlek.atlassian.net/browse/NGRPRG-30228","type":"tms"},{"name":"Device logs.txt","url":"https://api.eu-central-1.saucelabs.com/v1/rdc/jobs/ada8028dfed64e18a7bec14224a0d1bc/deviceLogs"}],"hidden":false,"retry":false,"extra":{"severity":"critical","owner":"Santhosh - [santhosh.shivashankarappa@circlekeurope.com]","retries":[],"categories":[{"name":"Test defects","matchedStatuses":[],"flaky":false}],"history":{"statistic":{"failed":23,"broken":7,"skipped":4,"passed":8,"unknown":0,"total":42},"items":[{"uid":"f33c9d386534ad84","reportUrl":"https://circlek-global.github.io/gmbat-tests-eu-mobile-automation/1569//#testresult/f33c9d386534ad84","status":"failed","statusDetails":"[Actual text doesn't match expected text!] \nexpected: \"Create Account\"\n but was: \"\"","time":{"start":1743146138751,"stop":1743146310548,"duration":171797}},{"uid":"a19e087da00b5cd3","reportUrl":"https://circlek-global.github.io/gmbat-tests-eu-mobile-automation/1556//#testresult/a19e087da00b5cd3","status":"failed","statusDetails":"[Actual text doesn't match expected text!] \nexpected: \"Create Account\"\n but was: \"Welcome back\"","time":{"start":1743059769802,"stop":1743059956004,"duration":186202}},{"uid":"4b2463bc95576475","reportUrl":"https://circlek-global.github.io/gmbat-tests-eu-mobile-automation/1540//#testresult/4b2463bc95576475","status":"failed","statusDetails":"[Actual text doesn't match expected text!] \nexpected: \"Create Account\"\n but was: \"Welcome back\"","time":{"start":1742973325544,"stop":1742973494699,"duration":169155}},{"uid":"1fc4a10aff38fafb","reportUrl":"https://circlek-global.github.io/gmbat-tests-eu-mobile-automation/1526//#testresult/1fc4a10aff38fafb","status":"passed","time":{"start":1742904859812,"stop":1742905032542,"duration":172730}},{"uid":"d826f926cc4938ff","reportUrl":"https://circlek-global.github.io/gmbat-tests-eu-mobile-automation/1520//#testresult/d826f926cc4938ff","status":"broken","statusDetails":"Element [AppiumBy.accessibilityId: welcome-screen] wasn't visible after [60] seconds!\nException: org.openqa.selenium.TimeoutException: Expected condition failed: Element [AppiumBy.accessibilityId: welcome-screen] wasn't visible after [60] seconds! (tried for 60 second(s) with 250 milliseconds interval)\nFor documentation on this error, please visit: https://www.selenium.dev/documentation/webdriver/troubleshooting/errors#no-such-element-exception\nBuild info: version: '4.19.0', revision: '5f9cec8963'\nSystem info: os.name: 'Linux', os.arch: 'amd64', os.version: '6.8.0-1021-azure', java.version: '17.0.14'\nDriver info: driver.version: unknown","time":{"start":1742885529820,"stop":1742885593174,"duration":63354}},{"uid":"7819a0564c1bc842","reportUrl":"https://circlek-global.github.io/gmbat-tests-eu-mobile-automation/1507//#testresult/7819a0564c1bc842","status":"failed","statusDetails":"[Actual text doesn't match expected text!] \nexpected: \"Create Account\"\n but was: \"Welcome back\"","time":{"start":1742800474900,"stop":1742800643096,"duration":168196}},{"uid":"837a78745922a8f0","reportUrl":"https://circlek-global.github.io/gmbat-tests-eu-mobile-automation/1493//#testresult/837a78745922a8f0","status":"failed","statusDetails":"[Actual text doesn't match expected text!] \nexpected: \"Create Account\"\n but was: \"Welcome back\"","time":{"start":1742541339868,"stop":1742541511686,"duration":171818}},{"uid":"8e04f3b5fc7dfe","reportUrl":"https://circlek-global.github.io/gmbat-tests-eu-mobile-automation/1479//#testresult/8e04f3b5fc7dfe","status":"failed","statusDetails":"[Actual text doesn't match expected text!] \nexpected: \"Create Account\"\n but was: \"Welcome back\"","time":{"start":1742454811172,"stop":1742454972249,"duration":161077}},{"uid":"120a67427a2e8b21","reportUrl":"https://circlek-global.github.io/gmbat-tests-eu-mobile-automation/1464//#testresult/120a67427a2e8b21","status":"failed","statusDetails":"[Actual text doesn't match expected text!] \nexpected: \"Create Account\"\n but was: \"Welcome back\"","time":{"start":1742368479479,"stop":1742368649787,"duration":170308}},{"uid":"1bb6f5532ce9ba34","reportUrl":"https://circlek-global.github.io/gmbat-tests-eu-mobile-automation/1452//#testresult/1bb6f5532ce9ba34","status":"failed","statusDetails":"[Actual text doesn't match expected text!] \nexpected: \"Create Account\"\n but was: \"Welcome back\"","time":{"start":1742282074459,"stop":1742282249178,"duration":174719}},{"uid":"feb3ed49e5763bf0","reportUrl":"https://circlek-global.github.io/gmbat-tests-eu-mobile-automation/1438//#testresult/feb3ed49e5763bf0","status":"failed","statusDetails":"[Actual text doesn't match expected text!] \nexpected: \"Create Account\"\n but was: \"Welcome back\"","time":{"start":1742205658662,"stop":1742205824682,"duration":166020}},{"uid":"c71aeaec7cd3deba","reportUrl":"https://circlek-global.github.io/gmbat-tests-eu-mobile-automation/1436//#testresult/c71aeaec7cd3deba","status":"failed","statusDetails":"[Actual text doesn't match expected text!] \nexpected: \"Create Account\"\n but was: \"Welcome back\"","time":{"start":1742195488996,"stop":1742195674647,"duration":185651}},{"uid":"a9e2bedefea4927","reportUrl":"https://circlek-global.github.io/gmbat-tests-eu-mobile-automation/1433//#testresult/a9e2bedefea4927","status":"broken","statusDetails":"Error communicating with the remote browser. It may have died.\nBuild info: version: '4.19.0', revision: '5f9cec8963'\nSystem info: os.name: 'Linux', os.arch: 'amd64', os.version: '6.8.0-1021-azure', java.version: '17.0.14'\nDriver info: io.appium.java_client.android.AndroidDriver\nCommand: [f9b77720-2be5-485a-b7cc-aaa1eb634650, executeScript [args, script]]\nCapabilities {appium:adbHost: 172.20.0.39, appium:adbPort: 17102, appium:appActivity: com.circlek.gmap.SplashScre..., appium:appPackage: com.circlek.gmap.ingo.uat, appium:appWaitActivity: com.circlek.gmap.MainActivity, appium:appWaitDuration: 80000, appium:appiumData: {appiumVersion: latest, automationName: UiAutomator2}, appium:autoGrantPermissions: true, appium:automationName: UiAutomator2, appium:chromedriverChromeMappingFile: /root/.testobject_devices/w..., appium:chromedriverExecutableDir: /root/.testobject_devices/w..., appium:chromedriverPorts: [[3260, 3270]], appium:databaseEnabled: false, appium:desired: {adbHost: 172.20.0.39, adbPort: 17102, appActivity: com.circlek.gmap.SplashScre..., appPackage: com.circlek.gmap.ingo.uat, appWaitActivity: com.circlek.gmap.MainActivity, appWaitDuration: 80000, autoGrantPermissions: true, automationName: UiAutomator2, chromedriverChromeMappingFile: /root/.testobject_devices/w..., chromedriverExecutableDir: /root/.testobject_devices/w..., chromedriverPorts: [[3260, 3270]], deviceName: Samsung_Galaxy_S21_5G_real, flutterSystemPort: 22602, newCommandTimeout: 90, noReset: false, platformName: Android, remoteAdbHost: 172.20.0.39, remoteAppsCacheLimit: 0, sauce:chromeOptions: {androidDevToolsPort: 22302}, sauce:options: {accessKey: 5d20ff7c-06ab-436b-8fe9-20d..., appiumVersion: latest, build: GMAP INGO | Monday: 17-03-2025, cacheId: df4b0bc9-4702-4f16-b965-1cf..., name: Sign in, delete your accoun..., username: Kamil}, suppressKillServer: true, systemPort: 21102, uiautomator2ServerInstallTimeout: 60000}, appium:deviceApiLevel: 30, appium:deviceContextId: ee952c10-f412-4784-bfd4-7a8..., appium:deviceManufacturer: samsung, appium:deviceModel: SM-G991B, appium:deviceName: R3CR40165SY, appium:deviceScreenDensity: 480, appium:deviceScreenSize: 1080x2400, appium:deviceUDID: R3CR40165SY, appium:flutterSystemPort: 22602, appium:javascriptEnabled: true, appium:jobUuid: 07d5e14eea274aa8becbeb955ea..., appium:locationContextEnabled: false, appium:networkConnectionEnabled: true, appium:newCommandTimeout: 90, appium:noReset: false, appium:pixelRatio: 3, appium:platformVersion: 11, appium:remoteAdbHost: 172.20.0.39, appium:remoteAppsCacheLimit: 0, appium:statBarHeight: 79, appium:suppressKillServer: true, appium:systemPort: 21102, appium:takesScreenshot: true, appium:testobject_device: Samsung_Galaxy_S21_5G_real, appium:testobject_device_name: Samsung Galaxy S21 5G, appium:testobject_device_session_id: 67b18a40-113f-471a-a40c-bc9..., appium:testobject_test_report_api_url: https://api.eu-central-1.sa..., appium:testobject_test_report_url: https://app.eu-central-1.sa..., appium:testobject_user_id: TomaszPopiolek, appium:uiautomator2ServerInstallTimeout: 60000, appium:usedCachedDevice: false, appium:viewportRect: {height: 2321, left: 0, top: 79, width: 1080}, appium:warnings: {}, appium:webStorageEnabled: false, platformName: ANDROID, sauce:chromeOptions: {androidDevToolsPort: 22302}, sauce:options: {accessKey: 5d20ff7c-06ab-436b-8fe9-20d..., appiumVersion: latest, build: GMAP INGO | Monday: 17-03-2025, cacheId: df4b0bc9-4702-4f16-b965-1cf..., name: Sign in, delete your accoun..., username: Kamil}}\nSession ID: f9b77720-2be5-485a-b7cc-aaa1eb634650","time":{"start":1742187745002,"stop":1742187745165,"duration":163}},{"uid":"2b9a720fdfd91a47","reportUrl":"https://circlek-global.github.io/gmbat-tests-eu-mobile-automation/1432//#testresult/2b9a720fdfd91a47","status":"broken","statusDetails":"Error communicating with the remote browser. It may have died.\nBuild info: version: '4.19.0', revision: '5f9cec8963'\nSystem info: os.name: 'Linux', os.arch: 'amd64', os.version: '6.8.0-1021-azure', java.version: '17.0.14'\nDriver info: io.appium.java_client.android.AndroidDriver\nCommand: [72610e37-deed-420b-948e-fb7167865502, executeScript [args, script]]\nCapabilities {appium:adbHost: 172.20.0.123, appium:adbPort: 17126, appium:appActivity: com.circlek.gmap.SplashScre..., appium:appPackage: com.circlek.gmap.ingo.uat, appium:appWaitActivity: com.circlek.gmap.MainActivity, appium:appWaitDuration: 80000, appium:appiumData: {appiumVersion: latest, automationName: UiAutomator2}, appium:autoGrantPermissions: true, appium:automationName: UiAutomator2, appium:chromedriverChromeMappingFile: /root/.testobject_devices/w..., appium:chromedriverExecutableDir: /root/.testobject_devices/w..., appium:chromedriverPorts: [[3360, 3370]], appium:databaseEnabled: false, appium:desired: {adbHost: 172.20.0.123, adbPort: 17126, appActivity: com.circlek.gmap.SplashScre..., appPackage: com.circlek.gmap.ingo.uat, appWaitActivity: com.circlek.gmap.MainActivity, appWaitDuration: 80000, autoGrantPermissions: true, automationName: UiAutomator2, chromedriverChromeMappingFile: /root/.testobject_devices/w..., chromedriverExecutableDir: /root/.testobject_devices/w..., chromedriverPorts: [[3360, 3370]], deviceName: Samsung_Galaxy_S21_5G_12_real, flutterSystemPort: 22626, newCommandTimeout: 90, noReset: false, platformName: Android, remoteAdbHost: 172.20.0.123, remoteAppsCacheLimit: 0, sauce:chromeOptions: {androidDevToolsPort: 22326}, sauce:options: {accessKey: 5d20ff7c-06ab-436b-8fe9-20d..., appiumVersion: latest, build: GMAP INGO | Monday: 17-03-2025, cacheId: bd9d0743-6987-4a21-98d9-871..., name: Sign in, delete your accoun..., username: Kamil}, suppressKillServer: true, systemPort: 21126, uiautomator2ServerInstallTimeout: 60000}, appium:deviceApiLevel: 31, appium:deviceContextId: 21ed64ae-a6a7-4ab1-9d23-ed0..., appium:deviceManufacturer: samsung, appium:deviceModel: SM-G991B, appium:deviceName: R5CRC4D06YR, appium:deviceScreenDensity: 480, appium:deviceScreenSize: 1080x2400, appium:deviceUDID: R5CRC4D06YR, appium:flutterSystemPort: 22626, appium:javascriptEnabled: true, appium:jobUuid: 36fe2f11cdfe445eb549f3ade07..., appium:locationContextEnabled: false, appium:networkConnectionEnabled: true, appium:newCommandTimeout: 90, appium:noReset: false, appium:pixelRatio: 3, appium:platformVersion: 12, appium:remoteAdbHost: 172.20.0.123, appium:remoteAppsCacheLimit: 0, appium:statBarHeight: 80, appium:suppressKillServer: true, appium:systemPort: 21126, appium:takesScreenshot: true, appium:testobject_device: Samsung_Galaxy_S21_5G_12_real, appium:testobject_device_name: Samsung Galaxy S21 5G, appium:testobject_device_session_id: 8c185e14-86c6-4cbf-bbf8-6df..., appium:testobject_test_report_api_url: https://api.eu-central-1.sa..., appium:testobject_test_report_url: https://app.eu-central-1.sa..., appium:testobject_user_id: TomaszPopiolek, appium:uiautomator2ServerInstallTimeout: 60000, appium:usedCachedDevice: false, appium:viewportRect: {height: 2320, left: 0, top: 80, width: 1080}, appium:warnings: {}, appium:webStorageEnabled: false, platformName: ANDROID, sauce:chromeOptions: {androidDevToolsPort: 22326}, sauce:options: {accessKey: 5d20ff7c-06ab-436b-8fe9-20d..., appiumVersion: latest, build: GMAP INGO | Monday: 17-03-2025, cacheId: bd9d0743-6987-4a21-98d9-871..., name: Sign in, delete your accoun..., username: Kamil}}\nSession ID: 72610e37-deed-420b-948e-fb7167865502","time":{"start":1742182987123,"stop":1742182987223,"duration":100}},{"uid":"d29c611b76b4039d","reportUrl":"https://circlek-global.github.io/gmbat-tests-eu-mobile-automation/1420//#testresult/d29c611b76b4039d","status":"failed","statusDetails":"[Actual text doesn't match expected text!] \nexpected: \"Create Account\"\n but was: \"Welcome back\"","time":{"start":1741936589465,"stop":1741936785090,"duration":195625}},{"uid":"4f000962d23a89c7","reportUrl":"https://circlek-global.github.io/gmbat-tests-eu-mobile-automation/1405//#testresult/4f000962d23a89c7","status":"skipped","statusDetails":"1 expectation failed.\nExpected status code <204> but was <404>.\n","time":{"start":1741849406408,"stop":1741849406409,"duration":1}},{"uid":"e2cf8561cf1c7fc9","reportUrl":"https://circlek-global.github.io/gmbat-tests-eu-mobile-automation/1402//#testresult/e2cf8561cf1c7fc9","status":"failed","statusDetails":"[Actual text doesn't match expected text!] \nexpected: \"Create Account\"\n but was: \"Welcome back\"","time":{"start":1741840199833,"stop":1741840379905,"duration":180072}},{"uid":"b9d46dcfa454d3c2","reportUrl":"https://circlek-global.github.io/gmbat-tests-eu-mobile-automation/1395//#testresult/b9d46dcfa454d3c2","status":"failed","statusDetails":"[Actual text doesn't match expected text!] \nexpected: \"Create Account\"\n but was: \"\"","time":{"start":1741798390615,"stop":1741798558526,"duration":167911}},{"uid":"c80f6cb9ed1c1d6e","reportUrl":"https://circlek-global.github.io/gmbat-tests-eu-mobile-automation/1386//#testresult/c80f6cb9ed1c1d6e","status":"broken","statusDetails":"Error communicating with the remote browser. It may have died.\nBuild info: version: '4.19.0', revision: '5f9cec8963'\nSystem info: os.name: 'Linux', os.arch: 'amd64', os.version: '6.8.0-1021-azure', java.version: '17.0.14'\nDriver info: io.appium.java_client.android.AndroidDriver\nCommand: [939c14af-db46-4cfc-ac14-a3b385a7151e, executeScript [args, script]]\nCapabilities {appium:adbHost: 172.20.0.63, appium:adbPort: 17113, appium:appActivity: com.circlek.gmap.SplashScre..., appium:appPackage: com.circlek.gmap.ingo.uat, appium:appWaitActivity: com.circlek.gmap.MainActivity, appium:appWaitDuration: 80000, appium:appiumData: {appiumVersion: latest, automationName: UiAutomator2}, appium:autoGrantPermissions: true, appium:automationName: UiAutomator2, appium:chromedriverChromeMappingFile: /root/.testobject_devices/w..., appium:chromedriverExecutableDir: /root/.testobject_devices/w..., appium:chromedriverPorts: [[3200, 3210]], appium:databaseEnabled: false, appium:desired: {adbHost: 172.20.0.63, adbPort: 17113, appActivity: com.circlek.gmap.SplashScre..., appPackage: com.circlek.gmap.ingo.uat, appWaitActivity: com.circlek.gmap.MainActivity, appWaitDuration: 80000, autoGrantPermissions: true, automationName: UiAutomator2, chromedriverChromeMappingFile: /root/.testobject_devices/w..., chromedriverExecutableDir: /root/.testobject_devices/w..., chromedriverPorts: [[3200, 3210]], deviceName: Samsung_Galaxy_S21_5G_12_real, flutterSystemPort: 22613, newCommandTimeout: 90, noReset: false, platformName: Android, remoteAdbHost: 172.20.0.63, remoteAppsCacheLimit: 0, sauce:chromeOptions: {androidDevToolsPort: 22313}, sauce:options: {accessKey: 5d20ff7c-06ab-436b-8fe9-20d..., appiumVersion: latest, build: GMAP INGO | Wednesday: 12-0..., cacheId: b53eb3e1-46df-406d-8e49-104..., name: Sign in, delete your accoun..., username: Kamil}, suppressKillServer: true, systemPort: 21113, uiautomator2ServerInstallTimeout: 60000}, appium:deviceApiLevel: 31, appium:deviceContextId: e4fb3621-1264-4933-bee9-afe..., appium:deviceManufacturer: samsung, appium:deviceModel: SM-G991B, appium:deviceName: RFCR10EWEYZ, appium:deviceScreenDensity: 480, appium:deviceScreenSize: 1080x2400, appium:deviceUDID: RFCR10EWEYZ, appium:flutterSystemPort: 22613, appium:javascriptEnabled: true, appium:jobUuid: 57c2b18f4f374bd7966c1a8126a..., appium:locationContextEnabled: false, appium:networkConnectionEnabled: true, appium:newCommandTimeout: 90, appium:noReset: false, appium:pixelRatio: 3, appium:platformVersion: 12, appium:remoteAdbHost: 172.20.0.63, appium:remoteAppsCacheLimit: 0, appium:statBarHeight: 79, appium:suppressKillServer: true, appium:systemPort: 21113, appium:takesScreenshot: true, appium:testobject_device: Samsung_Galaxy_S21_5G_12_real, appium:testobject_device_name: Samsung Galaxy S21 5G, appium:testobject_device_session_id: 998d4427-8158-4928-a7d2-bba..., appium:testobject_test_report_api_url: https://api.eu-central-1.sa..., appium:testobject_test_report_url: https://app.eu-central-1.sa..., appium:testobject_user_id: TomaszPopiolek, appium:uiautomator2ServerInstallTimeout: 60000, appium:usedCachedDevice: false, appium:viewportRect: {height: 2321, left: 0, top: 79, width: 1080}, appium:warnings: {}, appium:webStorageEnabled: false, platformName: ANDROID, sauce:chromeOptions: {androidDevToolsPort: 22313}, sauce:options: {accessKey: 5d20ff7c-06ab-436b-8fe9-20d..., appiumVersion: latest, build: GMAP INGO | Wednesday: 12-0..., cacheId: b53eb3e1-46df-406d-8e49-104..., name: Sign in, delete your accoun..., username: Kamil}}\nSession ID: 939c14af-db46-4cfc-ac14-a3b385a7151e","time":{"start":1741770438054,"stop":1741770438152,"duration":98}},{"uid":"547a2636499d6836","reportUrl":"https://circlek-global.github.io/gmbat-tests-eu-mobile-automation/1384//#testresult/547a2636499d6836","status":"broken","statusDetails":"Error communicating with the remote browser. It may have died.\nBuild info: version: '4.19.0', revision: '5f9cec8963'\nSystem info: os.name: 'Linux', os.arch: 'amd64', os.version: '6.8.0-1021-azure', java.version: '17.0.14'\nDriver info: io.appium.java_client.android.AndroidDriver\nCommand: [94900b13-7dec-47b5-8e5d-9aeb70ca0ff1, executeScript [script, args]]\nCapabilities {appium:adbHost: 172.20.0.23, appium:adbPort: 17101, appium:appActivity: com.circlek.gmap.SplashScre..., appium:appPackage: com.circlek.gmap.ingo.uat, appium:appWaitActivity: com.circlek.gmap.MainActivity, appium:appWaitDuration: 80000, appium:appiumData: {appiumVersion: latest, automationName: UiAutomator2}, appium:autoGrantPermissions: true, appium:automationName: UiAutomator2, appium:chromedriverChromeMappingFile: /root/.testobject_devices/w..., appium:chromedriverExecutableDir: /root/.testobject_devices/w..., appium:chromedriverPorts: [[3230, 3240]], appium:databaseEnabled: false, appium:desired: {adbHost: 172.20.0.23, adbPort: 17101, appActivity: com.circlek.gmap.SplashScre..., appPackage: com.circlek.gmap.ingo.uat, appWaitActivity: com.circlek.gmap.MainActivity, appWaitDuration: 80000, autoGrantPermissions: true, automationName: UiAutomator2, chromedriverChromeMappingFile: /root/.testobject_devices/w..., chromedriverExecutableDir: /root/.testobject_devices/w..., chromedriverPorts: [[3230, 3240]], deviceName: Samsung_Galaxy_S21_5G_real, flutterSystemPort: 22601, newCommandTimeout: 90, noReset: false, platformName: Android, remoteAdbHost: 172.20.0.23, remoteAppsCacheLimit: 0, sauce:chromeOptions: {androidDevToolsPort: 22301}, sauce:options: {accessKey: 5d20ff7c-06ab-436b-8fe9-20d..., appiumVersion: latest, build: GMAP INGO | Wednesday: 12-0..., cacheId: a5fc834f-7dc0-4ae5-9b0b-f6f..., name: Sign in, delete your accoun..., username: Kamil}, suppressKillServer: true, systemPort: 21101, uiautomator2ServerInstallTimeout: 60000}, appium:deviceApiLevel: 30, appium:deviceContextId: f28c8b4b-1fa3-4b13-bb4a-e2c..., appium:deviceManufacturer: samsung, appium:deviceModel: SM-G991B, appium:deviceName: R3CR403EM2D, appium:deviceScreenDensity: 480, appium:deviceScreenSize: 1080x2400, appium:deviceUDID: R3CR403EM2D, appium:flutterSystemPort: 22601, appium:javascriptEnabled: true, appium:jobUuid: 06569c8f6922455ea53e5b20858..., appium:locationContextEnabled: false, appium:networkConnectionEnabled: true, appium:newCommandTimeout: 90, appium:noReset: false, appium:pixelRatio: 3, appium:platformVersion: 11, appium:remoteAdbHost: 172.20.0.23, appium:remoteAppsCacheLimit: 0, appium:statBarHeight: 79, appium:suppressKillServer: true, appium:systemPort: 21101, appium:takesScreenshot: true, appium:testobject_device: Samsung_Galaxy_S21_5G_real, appium:testobject_device_name: Samsung Galaxy S21 5G, appium:testobject_device_session_id: d572b414-9d9c-4001-9062-50f..., appium:testobject_test_report_api_url: https://api.eu-central-1.sa..., appium:testobject_test_report_url: https://app.eu-central-1.sa..., appium:testobject_user_id: TomaszPopiolek, appium:uiautomator2ServerInstallTimeout: 60000, appium:usedCachedDevice: false, appium:viewportRect: {height: 2321, left: 0, top: 79, width: 1080}, appium:warnings: {}, appium:webStorageEnabled: false, platformName: ANDROID, sauce:chromeOptions: {androidDevToolsPort: 22301}, sauce:options: {accessKey: 5d20ff7c-06ab-436b-8fe9-20d..., appiumVersion: latest, build: GMAP INGO | Wednesday: 12-0..., cacheId: a5fc834f-7dc0-4ae5-9b0b-f6f..., name: Sign in, delete your accoun..., username: Kamil}}\nSession ID: 94900b13-7dec-47b5-8e5d-9aeb70ca0ff1","time":{"start":1741764368900,"stop":1741764368997,"duration":97}}]},"tags":["Sign In","Onboarding"]},"source":"5c4a2f099cfa5030.json","parameterValues":["GalaxyS21"]}