{"uid":"f32afa4a8e86fcaf","name":"Test to ensure that the user sees a massage to inform him/her when reaching Premium Tier","fullName":"testcases.OnboardingRewardsTest.userVerifyCelebrationMessageWhenReachingNewInnerCircleTier","historyId":"e98c6906b41b5b3ea63e68082b963bdf","time":{"start":1743051462531,"stop":1743051650754,"duration":188223},"description":"We need to encourage customers to grow with us and move from Level 1 to Level 2","descriptionHtml":"<p>We need to encourage customers to grow with us and move from Level 1 to Level 2</p>\n","status":"broken","statusMessage":"Element [AppiumBy.accessibilityId: generic-bottom-sheet-title] wasn't visible after [15] seconds!\nException: org.openqa.selenium.TimeoutException: Expected condition failed: Element [AppiumBy.accessibilityId: generic-bottom-sheet-title] wasn't visible after [15] seconds! (tried for 15 second(s) with 250 milliseconds interval)\nFor documentation on this error, please visit: https://www.selenium.dev/documentation/webdriver/troubleshooting/errors#no-such-element-exception\nBuild info: version: '4.19.0', revision: '5f9cec8963'\nSystem info: os.name: 'Linux', os.arch: 'amd64', os.version: '6.8.0-1021-azure', java.version: '17.0.14'\nDriver info: driver.version: unknown","statusTrace":"org.openqa.selenium.NoSuchElementException: Element [AppiumBy.accessibilityId: generic-bottom-sheet-title] wasn't visible after [15] seconds!\nException: org.openqa.selenium.TimeoutException: Expected condition failed: Element [AppiumBy.accessibilityId: generic-bottom-sheet-title] wasn't visible after [15] seconds! (tried for 15 second(s) with 250 milliseconds interval)\nFor documentation on this error, please visit: https://www.selenium.dev/documentation/webdriver/troubleshooting/errors#no-such-element-exception\nBuild info: version: '4.19.0', revision: '5f9cec8963'\nSystem info: os.name: 'Linux', os.arch: 'amd64', os.version: '6.8.0-1021-azure', java.version: '17.0.14'\nDriver info: driver.version: unknown\n\tat com.gmap.core.common.handlers.WaitHandler.waitUntil(WaitHandler.java:163)\n\tat com.gmap.core.common.handlers.WaitHandler.waitForElementToBeVisible(WaitHandler.java:196)\n\tat pages.panes.ConfirmChangeStorePane.checkThatTheConfirmChangeStorePaneIsDisplayed(ConfirmChangeStorePane.java:28)\n\tat steps.CommonSteps.searchAndSetStation(CommonSteps.java:65)\n\tat testcases.OnboardingRewardsTest.userVerifyCelebrationMessageWhenReachingNewInnerCircleTier(OnboardingRewardsTest.java:268)\n\tat java.base/jdk.internal.reflect.NativeMethodAccessorImpl.invoke0(Native Method)\n\tat java.base/jdk.internal.reflect.NativeMethodAccessorImpl.invoke(NativeMethodAccessorImpl.java:77)\n\tat java.base/jdk.internal.reflect.DelegatingMethodAccessorImpl.invoke(DelegatingMethodAccessorImpl.java:43)\n\tat java.base/java.lang.reflect.Method.invoke(Method.java:569)\n\tat org.testng.internal.invokers.MethodInvocationHelper.invokeMethod(MethodInvocationHelper.java:141)\n\tat org.testng.internal.invokers.MethodInvocationHelper$1.runTestMethod(MethodInvocationHelper.java:260)\n\tat org.springframework.test.context.testng.AbstractTestNGSpringContextTests.run(AbstractTestNGSpringContextTests.java:154)\n\tat org.testng.internal.invokers.MethodInvocationHelper.invokeHookable(MethodInvocationHelper.java:274)\n\tat org.testng.internal.invokers.TestInvoker.invokeMethod(TestInvoker.java:679)\n\tat org.testng.internal.invokers.TestInvoker.invokeTestMethod(TestInvoker.java:230)\n\tat org.testng.internal.invokers.MethodRunner.runInSequence(MethodRunner.java:63)\n\tat org.testng.internal.invokers.TestInvoker$MethodInvocationAgent.invoke(TestInvoker.java:995)\n\tat org.testng.internal.invokers.TestInvoker.invokeTestMethods(TestInvoker.java:203)\n\tat org.testng.internal.invokers.TestMethodWorker.invokeTestMethods(TestMethodWorker.java:154)\n\tat org.testng.internal.invokers.TestMethodWorker.run(TestMethodWorker.java:134)\n\tat java.base/java.util.ArrayList.forEach(ArrayList.java:1511)\n\tat org.testng.TestRunner.privateRun(TestRunner.java:741)\n\tat org.testng.TestRunner.run(TestRunner.java:616)\n\tat org.testng.SuiteRunner.runTest(SuiteRunner.java:421)\n\tat org.testng.SuiteRunner$SuiteWorker.run(SuiteRunner.java:463)\n\tat org.testng.internal.thread.ThreadUtil.lambda$execute$0(ThreadUtil.java:64)\n\tat java.base/java.util.concurrent.FutureTask.run(FutureTask.java:264)\n\tat java.base/java.util.concurrent.ThreadPoolExecutor.runWorker(ThreadPoolExecutor.java:1136)\n\tat java.base/java.util.concurrent.ThreadPoolExecutor$Worker.run(ThreadPoolExecutor.java:635)\n\tat java.base/java.lang.Thread.run(Thread.java:840)\n","flaky":false,"newFailed":false,"newBroken":true,"newPassed":false,"retriesCount":0,"retriesStatusChange":false,"beforeStages":[{"name":"Base Before Test","time":{"start":1743050712860,"stop":1743050712861,"duration":1},"description":"Base Before Test","status":"passed","steps":[],"attachments":[],"parameters":[],"shouldDisplayMessage":false,"stepsCount":0,"attachmentsCount":0,"hasContent":false,"attachmentStep":false},{"name":"springTestContextBeforeTestClass","time":{"start":1743050712863,"stop":1743050712863,"duration":0},"description":"","status":"passed","steps":[],"attachments":[],"parameters":[],"shouldDisplayMessage":false,"stepsCount":0,"attachmentsCount":0,"hasContent":false,"attachmentStep":false},{"name":"springTestContextPrepareTestInstance","time":{"start":1743050712863,"stop":1743050712864,"duration":1},"description":"","status":"passed","steps":[],"attachments":[],"parameters":[],"shouldDisplayMessage":false,"stepsCount":0,"attachmentsCount":0,"hasContent":false,"attachmentStep":false},{"name":"Base Before Class","time":{"start":1743050712865,"stop":1743050712865,"duration":0},"description":"Base Before Class","status":"passed","steps":[],"attachments":[],"parameters":[],"shouldDisplayMessage":false,"stepsCount":0,"attachmentsCount":0,"hasContent":false,"attachmentStep":false},{"name":"springTestContextBeforeTestMethod","time":{"start":1743051421039,"stop":1743051421039,"duration":0},"description":"","status":"passed","steps":[],"attachments":[],"parameters":[],"shouldDisplayMessage":false,"stepsCount":0,"attachmentsCount":0,"hasContent":false,"attachmentStep":false},{"name":"Base Before Test Method","time":{"start":1743051421041,"stop":1743051461249,"duration":40208},"description":"Base Before Test Method","status":"passed","steps":[],"attachments":[{"uid":"25f6b6a081f2a4bb","name":"REQUEST | POST https://api.uat.circlek.com/us/ngrp-gmap-authn/v1/auth","source":"25f6b6a081f2a4bb.html","type":"text/html","size":621},{"uid":"89d1e765200c8dd5","name":"RESPONSE | POST https://api.uat.circlek.com/us/ngrp-gmap-authn/v1/auth [400]","source":"89d1e765200c8dd5.html","type":"text/html","size":643},{"uid":"31e95f2ec62309e5","name":"REQUEST | POST https://api.uat.circlek.com/us/ngrp-gmap-authn/v1/auth","source":"31e95f2ec62309e5.html","type":"text/html","size":621},{"uid":"7d88bd844efdb8b2","name":"RESPONSE | POST https://api.uat.circlek.com/us/ngrp-gmap-authn/v1/auth [404]","source":"7d88bd844efdb8b2.html","type":"text/html","size":661}],"parameters":[],"shouldDisplayMessage":false,"stepsCount":0,"attachmentsCount":4,"hasContent":true,"attachmentStep":false},{"name":"initTestConfig","time":{"start":1743051461249,"stop":1743051461709,"duration":460},"description":"","status":"passed","steps":[],"attachments":[],"parameters":[],"shouldDisplayMessage":false,"stepsCount":0,"attachmentsCount":0,"hasContent":false,"attachmentStep":false}],"testStage":{"description":"We need to encourage customers to grow with us and move from Level 1 to Level 2","status":"broken","statusMessage":"Element [AppiumBy.accessibilityId: generic-bottom-sheet-title] wasn't visible after [15] seconds!\nException: org.openqa.selenium.TimeoutException: Expected condition failed: Element [AppiumBy.accessibilityId: generic-bottom-sheet-title] wasn't visible after [15] seconds! (tried for 15 second(s) with 250 milliseconds interval)\nFor documentation on this error, please visit: https://www.selenium.dev/documentation/webdriver/troubleshooting/errors#no-such-element-exception\nBuild info: version: '4.19.0', revision: '5f9cec8963'\nSystem info: os.name: 'Linux', os.arch: 'amd64', os.version: '6.8.0-1021-azure', java.version: '17.0.14'\nDriver info: driver.version: unknown","statusTrace":"org.openqa.selenium.NoSuchElementException: Element [AppiumBy.accessibilityId: generic-bottom-sheet-title] wasn't visible after [15] seconds!\nException: org.openqa.selenium.TimeoutException: Expected condition failed: Element [AppiumBy.accessibilityId: generic-bottom-sheet-title] wasn't visible after [15] seconds! (tried for 15 second(s) with 250 milliseconds interval)\nFor documentation on this error, please visit: https://www.selenium.dev/documentation/webdriver/troubleshooting/errors#no-such-element-exception\nBuild info: version: '4.19.0', revision: '5f9cec8963'\nSystem info: os.name: 'Linux', os.arch: 'amd64', os.version: '6.8.0-1021-azure', java.version: '17.0.14'\nDriver info: driver.version: unknown\n\tat com.gmap.core.common.handlers.WaitHandler.waitUntil(WaitHandler.java:163)\n\tat com.gmap.core.common.handlers.WaitHandler.waitForElementToBeVisible(WaitHandler.java:196)\n\tat pages.panes.ConfirmChangeStorePane.checkThatTheConfirmChangeStorePaneIsDisplayed(ConfirmChangeStorePane.java:28)\n\tat steps.CommonSteps.searchAndSetStation(CommonSteps.java:65)\n\tat testcases.OnboardingRewardsTest.userVerifyCelebrationMessageWhenReachingNewInnerCircleTier(OnboardingRewardsTest.java:268)\n\tat java.base/jdk.internal.reflect.NativeMethodAccessorImpl.invoke0(Native Method)\n\tat java.base/jdk.internal.reflect.NativeMethodAccessorImpl.invoke(NativeMethodAccessorImpl.java:77)\n\tat java.base/jdk.internal.reflect.DelegatingMethodAccessorImpl.invoke(DelegatingMethodAccessorImpl.java:43)\n\tat java.base/java.lang.reflect.Method.invoke(Method.java:569)\n\tat org.testng.internal.invokers.MethodInvocationHelper.invokeMethod(MethodInvocationHelper.java:141)\n\tat org.testng.internal.invokers.MethodInvocationHelper$1.runTestMethod(MethodInvocationHelper.java:260)\n\tat org.springframework.test.context.testng.AbstractTestNGSpringContextTests.run(AbstractTestNGSpringContextTests.java:154)\n\tat org.testng.internal.invokers.MethodInvocationHelper.invokeHookable(MethodInvocationHelper.java:274)\n\tat org.testng.internal.invokers.TestInvoker.invokeMethod(TestInvoker.java:679)\n\tat org.testng.internal.invokers.TestInvoker.invokeTestMethod(TestInvoker.java:230)\n\tat org.testng.internal.invokers.MethodRunner.runInSequence(MethodRunner.java:63)\n\tat org.testng.internal.invokers.TestInvoker$MethodInvocationAgent.invoke(TestInvoker.java:995)\n\tat org.testng.internal.invokers.TestInvoker.invokeTestMethods(TestInvoker.java:203)\n\tat org.testng.internal.invokers.TestMethodWorker.invokeTestMethods(TestMethodWorker.java:154)\n\tat org.testng.internal.invokers.TestMethodWorker.run(TestMethodWorker.java:134)\n\tat java.base/java.util.ArrayList.forEach(ArrayList.java:1511)\n\tat org.testng.TestRunner.privateRun(TestRunner.java:741)\n\tat org.testng.TestRunner.run(TestRunner.java:616)\n\tat org.testng.SuiteRunner.runTest(SuiteRunner.java:421)\n\tat org.testng.SuiteRunner$SuiteWorker.run(SuiteRunner.java:463)\n\tat org.testng.internal.thread.ThreadUtil.lambda$execute$0(ThreadUtil.java:64)\n\tat java.base/java.util.concurrent.FutureTask.run(FutureTask.java:264)\n\tat java.base/java.util.concurrent.ThreadPoolExecutor.runWorker(ThreadPoolExecutor.java:1136)\n\tat java.base/java.util.concurrent.ThreadPoolExecutor$Worker.run(ThreadPoolExecutor.java:635)\n\tat java.base/java.lang.Thread.run(Thread.java:840)\n","steps":[{"name":"I check that the \"Welcome Screen\" is displayed","time":{"start":1743051462532,"stop":1743051463222,"duration":690},"status":"passed","steps":[],"attachments":[],"parameters":[],"shouldDisplayMessage":false,"stepsCount":0,"attachmentsCount":0,"hasContent":false,"attachmentStep":false},{"name":"I click on \"GET STARTED\" button","time":{"start":1743051463222,"stop":1743051466109,"duration":2887},"status":"passed","steps":[],"attachments":[],"parameters":[],"shouldDisplayMessage":false,"stepsCount":0,"attachmentsCount":0,"hasContent":false,"attachmentStep":false},{"name":"I check that the \"Choose Data Preferences Screen\" is displayed","time":{"start":1743051466110,"stop":1743051467069,"duration":959},"status":"passed","steps":[],"attachments":[],"parameters":[],"shouldDisplayMessage":false,"stepsCount":0,"attachmentsCount":0,"hasContent":false,"attachmentStep":false},{"name":"I click on \"ALLOW ALL TRACKING\" button","time":{"start":1743051467069,"stop":1743051469166,"duration":2097},"status":"passed","steps":[],"attachments":[],"parameters":[],"shouldDisplayMessage":false,"stepsCount":0,"attachmentsCount":0,"hasContent":false,"attachmentStep":false},{"name":"I check that the \"First SignIn Screen\" is displayed","time":{"start":1743051469166,"stop":1743051470207,"duration":1041},"status":"passed","steps":[],"attachments":[],"parameters":[],"shouldDisplayMessage":false,"stepsCount":0,"attachmentsCount":0,"hasContent":false,"attachmentStep":false},{"name":"I click on \"PHONE NUMBER\" input","time":{"start":1743051470207,"stop":1743051473387,"duration":3180},"status":"passed","steps":[],"attachments":[],"parameters":[],"shouldDisplayMessage":false,"stepsCount":0,"attachmentsCount":0,"hasContent":false,"attachmentStep":false},{"name":"I enter the phone number \"5183120000\" in the input","time":{"start":1743051473387,"stop":1743051478983,"duration":5596},"status":"passed","steps":[],"attachments":[],"parameters":[{"name":"Phone number:","value":"5183120000"}],"shouldDisplayMessage":false,"stepsCount":0,"attachmentsCount":0,"hasContent":true,"attachmentStep":false},{"name":"I click on \"LET'S GO\" button","time":{"start":1743051478983,"stop":1743051485742,"duration":6759},"status":"passed","steps":[],"attachments":[],"parameters":[{"name":"wait","value":"true"}],"shouldDisplayMessage":false,"stepsCount":0,"attachmentsCount":0,"hasContent":true,"attachmentStep":false},{"name":"I check that the \"Password Screen\" is displayed","time":{"start":1743051485742,"stop":1743051486443,"duration":701},"status":"passed","steps":[],"attachments":[],"parameters":[],"shouldDisplayMessage":false,"stepsCount":0,"attachmentsCount":0,"hasContent":false,"attachmentStep":false},{"name":"I click on \"PASSWORD\" input","time":{"start":1743051486443,"stop":1743051489433,"duration":2990},"status":"passed","steps":[],"attachments":[],"parameters":[],"shouldDisplayMessage":false,"stepsCount":0,"attachmentsCount":0,"hasContent":false,"attachmentStep":false},{"name":"I enter the password \"#Test123\" in the input","time":{"start":1743051489434,"stop":1743051493297,"duration":3863},"status":"passed","steps":[],"attachments":[],"parameters":[{"name":"Password:","value":"#Test123"}],"shouldDisplayMessage":false,"stepsCount":0,"attachmentsCount":0,"hasContent":true,"attachmentStep":false},{"name":"I click on \"SIGN IN\" button","time":{"start":1743051493297,"stop":1743051501371,"duration":8074},"status":"passed","steps":[],"attachments":[],"parameters":[],"shouldDisplayMessage":false,"stepsCount":0,"attachmentsCount":0,"hasContent":false,"attachmentStep":false},{"name":"I get the text from the middle text area on the \"Notification Permission Screen\"","time":{"start":1743051501374,"stop":1743051503218,"duration":1844},"status":"passed","steps":[],"attachments":[],"parameters":[],"shouldDisplayMessage":false,"stepsCount":0,"attachmentsCount":0,"hasContent":false,"attachmentStep":false},{"name":"I check that the application text: \"Stay updated on in-store promotions, deals, savings and special offers!\" is equals to expected value: \"Stay updated on in-store promotions, deals, savings and special offers!\"","time":{"start":1743051503218,"stop":1743051503218,"duration":0},"status":"passed","steps":[],"attachments":[],"parameters":[{"name":"Actual:","value":"Stay updated on in-store promotions, deals, savings and special offers!"},{"name":"Expected:","value":"Stay updated on in-store promotions, deals, savings and special offers!"}],"shouldDisplayMessage":false,"stepsCount":0,"attachmentsCount":0,"hasContent":true,"attachmentStep":false},{"name":"I check that the \"Notification Permission Screen\" is displayed","time":{"start":1743051503218,"stop":1743051504188,"duration":970},"status":"passed","steps":[],"attachments":[],"parameters":[],"shouldDisplayMessage":false,"stepsCount":0,"attachmentsCount":0,"hasContent":false,"attachmentStep":false},{"name":"I click on \"CONTINUE\" button","time":{"start":1743051504188,"stop":1743051506258,"duration":2070},"status":"passed","steps":[],"attachments":[],"parameters":[],"shouldDisplayMessage":false,"stepsCount":0,"attachmentsCount":0,"hasContent":false,"attachmentStep":false},{"name":"I check that the \"Location Permission Flow Screen\" is displayed","time":{"start":1743051506258,"stop":1743051507294,"duration":1036},"status":"passed","steps":[],"attachments":[],"parameters":[],"shouldDisplayMessage":false,"stepsCount":0,"attachmentsCount":0,"hasContent":false,"attachmentStep":false},{"name":"I get the text from the middle text area on the \"Location Permission Flow Screen\"","time":{"start":1743051507294,"stop":1743051508601,"duration":1307},"status":"passed","steps":[],"attachments":[],"parameters":[],"shouldDisplayMessage":false,"stepsCount":0,"attachmentsCount":0,"hasContent":false,"attachmentStep":false},{"name":"I check that the application text: \"Turn on your location so we can locate your closest Circle K store.\" is equals to expected value: \"Turn on your location so we can locate your closest Circle K store.\"","time":{"start":1743051508601,"stop":1743051508601,"duration":0},"status":"passed","steps":[],"attachments":[],"parameters":[{"name":"Actual:","value":"Turn on your location so we can locate your closest Circle K store."},{"name":"Expected:","value":"Turn on your location so we can locate your closest Circle K store."}],"shouldDisplayMessage":false,"stepsCount":0,"attachmentsCount":0,"hasContent":true,"attachmentStep":false},{"name":"I click on \"CONTINUE\" button","time":{"start":1743051508601,"stop":1743051510792,"duration":2191},"status":"passed","steps":[],"attachments":[],"parameters":[],"shouldDisplayMessage":false,"stepsCount":0,"attachmentsCount":0,"hasContent":false,"attachmentStep":false},{"name":"I accept the new terms and conditions","time":{"start":1743051510792,"stop":1743051532182,"duration":21390},"status":"passed","steps":[],"attachments":[],"parameters":[],"shouldDisplayMessage":false,"stepsCount":0,"attachmentsCount":0,"hasContent":false,"attachmentStep":false},{"name":"I skip enrolling for easy pay card","time":{"start":1743051532182,"stop":1743051548441,"duration":16259},"status":"passed","steps":[],"attachments":[],"parameters":[{"name":"time","value":"[15]"}],"shouldDisplayMessage":false,"stepsCount":0,"attachmentsCount":0,"hasContent":true,"attachmentStep":false},{"name":"I check that the \"Home Screen\" is displayed","time":{"start":1743051548441,"stop":1743051549121,"duration":680},"status":"passed","steps":[],"attachments":[],"parameters":[],"shouldDisplayMessage":false,"stepsCount":0,"attachmentsCount":0,"hasContent":false,"attachmentStep":false},{"name":"I check that the location services are enabled on real device","time":{"start":1743051549121,"stop":1743051575728,"duration":26607},"status":"passed","steps":[{"name":"I check that the \"Enable location\" warning is displayed","time":{"start":1743051549122,"stop":1743051560677,"duration":11555},"status":"passed","steps":[],"attachments":[],"parameters":[],"shouldDisplayMessage":false,"stepsCount":0,"attachmentsCount":0,"hasContent":false,"attachmentStep":false},{"name":"I check that the \"We can't find you\" text is displayed","time":{"start":1743051560677,"stop":1743051562012,"duration":1335},"status":"passed","steps":[],"attachments":[],"parameters":[],"shouldDisplayMessage":false,"stepsCount":0,"attachmentsCount":0,"hasContent":false,"attachmentStep":false},{"name":"I get \"Location\" button in Android menu","time":{"start":1743051562529,"stop":1743051562529,"duration":0},"status":"passed","steps":[],"attachments":[],"parameters":[],"shouldDisplayMessage":false,"stepsCount":0,"attachmentsCount":0,"hasContent":false,"attachmentStep":false},{"name":"I click on \"Location\" button in Android menu","time":{"start":1743051571575,"stop":1743051573992,"duration":2417},"status":"passed","steps":[],"attachments":[],"parameters":[],"shouldDisplayMessage":false,"stepsCount":0,"attachmentsCount":0,"hasContent":false,"attachmentStep":false},{"name":"I check if \"Location\" switch button is checked","time":{"start":1743051573993,"stop":1743051575433,"duration":1440},"status":"passed","steps":[],"attachments":[],"parameters":[],"shouldDisplayMessage":false,"stepsCount":0,"attachmentsCount":0,"hasContent":false,"attachmentStep":false}],"attachments":[],"parameters":[],"shouldDisplayMessage":false,"stepsCount":5,"attachmentsCount":0,"hasContent":true,"attachmentStep":false},{"name":"I check that the \"Home Screen\" is displayed","time":{"start":1743051575728,"stop":1743051576763,"duration":1035},"status":"passed","steps":[],"attachments":[],"parameters":[],"shouldDisplayMessage":false,"stepsCount":0,"attachmentsCount":0,"hasContent":false,"attachmentStep":false},{"name":"I click on \"CHANGE STORE\" button","time":{"start":1743051576763,"stop":1743051578981,"duration":2218},"status":"passed","steps":[],"attachments":[],"parameters":[],"shouldDisplayMessage":false,"stepsCount":0,"attachmentsCount":0,"hasContent":false,"attachmentStep":false},{"name":"I check that the \"Want to change store?\" pane is displayed","time":{"start":1743051578981,"stop":1743051580232,"duration":1251},"status":"passed","steps":[],"attachments":[],"parameters":[],"shouldDisplayMessage":false,"stepsCount":0,"attachmentsCount":0,"hasContent":false,"attachmentStep":false},{"name":"I click on \"SELECT STORE MANUALLY\" button","time":{"start":1743051580232,"stop":1743051582968,"duration":2736},"status":"passed","steps":[],"attachments":[],"parameters":[],"shouldDisplayMessage":false,"stepsCount":0,"attachmentsCount":0,"hasContent":false,"attachmentStep":false},{"name":"I check that the \"Stores Screen\" is displayed","time":{"start":1743051582968,"stop":1743051586409,"duration":3441},"status":"passed","steps":[],"attachments":[],"parameters":[],"shouldDisplayMessage":false,"stepsCount":0,"attachmentsCount":0,"hasContent":false,"attachmentStep":false},{"name":"I click on \"VIEW LIST/MAP\" button","time":{"start":1743051586409,"stop":1743051589269,"duration":2860},"status":"passed","steps":[],"attachments":[],"parameters":[],"shouldDisplayMessage":false,"stepsCount":0,"attachmentsCount":0,"hasContent":false,"attachmentStep":false},{"name":"I click on \"SEARCH BAR\" input","time":{"start":1743051589269,"stop":1743051594334,"duration":5065},"status":"passed","steps":[],"attachments":[],"parameters":[],"shouldDisplayMessage":false,"stepsCount":0,"attachmentsCount":0,"hasContent":false,"attachmentStep":false},{"name":"I enter the \"Illinois, USA\" in the \"SEARCH BAR\" input","time":{"start":1743051594334,"stop":1743051606457,"duration":12123},"status":"passed","steps":[],"attachments":[],"parameters":[{"name":"Term to search:","value":"Illinois, USA"}],"shouldDisplayMessage":false,"stepsCount":0,"attachmentsCount":0,"hasContent":true,"attachmentStep":false},{"name":"I check that the \"Search Results Screen\" is displayed","time":{"start":1743051606457,"stop":1743051607650,"duration":1193},"status":"passed","steps":[],"attachments":[],"parameters":[],"shouldDisplayMessage":false,"stepsCount":0,"attachmentsCount":0,"hasContent":false,"attachmentStep":false},{"name":"I click the first text from the \"Search result\" list","time":{"start":1743051607651,"stop":1743051609315,"duration":1664},"status":"passed","steps":[],"attachments":[],"parameters":[],"shouldDisplayMessage":false,"stepsCount":0,"attachmentsCount":0,"hasContent":false,"attachmentStep":false},{"name":"I check that the \"Station List Screen\" is displayed","time":{"start":1743051609315,"stop":1743051610693,"duration":1378},"status":"passed","steps":[],"attachments":[],"parameters":[],"shouldDisplayMessage":false,"stepsCount":0,"attachmentsCount":0,"hasContent":false,"attachmentStep":false},{"name":"I click on \"4701446\" station \"SET AS HOME STORE\" button","time":{"start":1743051610693,"stop":1743051632923,"duration":22230},"status":"passed","steps":[],"attachments":[],"parameters":[{"name":"Store:","value":"4701446"}],"shouldDisplayMessage":false,"stepsCount":0,"attachmentsCount":0,"hasContent":true,"attachmentStep":false},{"name":"I check that the \"Are you sure you want to select this store?\" pane is displayed","time":{"start":1743051632923,"stop":1743051647955,"duration":15032},"status":"broken","statusMessage":"Element [AppiumBy.accessibilityId: generic-bottom-sheet-title] wasn't visible after [15] seconds!\nException: org.openqa.selenium.TimeoutException: Expected condition failed: Element [AppiumBy.accessibilityId: generic-bottom-sheet-title] wasn't visible after [15] seconds! (tried for 15 second(s) with 250 milliseconds interval)\nFor documentation on this error, please visit: https://www.selenium.dev/documentation/webdriver/troubleshooting/errors#no-such-element-exception\nBuild info: version: '4.19.0', revision: '5f9cec8963'\nSystem info: os.name: 'Linux', os.arch: 'amd64', os.version: '6.8.0-1021-azure', java.version: '17.0.14'\nDriver info: driver.version: unknown","statusTrace":"org.openqa.selenium.NoSuchElementException: Element [AppiumBy.accessibilityId: generic-bottom-sheet-title] wasn't visible after [15] seconds!\nException: org.openqa.selenium.TimeoutException: Expected condition failed: Element [AppiumBy.accessibilityId: generic-bottom-sheet-title] wasn't visible after [15] seconds! (tried for 15 second(s) with 250 milliseconds interval)\nFor documentation on this error, please visit: https://www.selenium.dev/documentation/webdriver/troubleshooting/errors#no-such-element-exception\nBuild info: version: '4.19.0', revision: '5f9cec8963'\nSystem info: os.name: 'Linux', os.arch: 'amd64', os.version: '6.8.0-1021-azure', java.version: '17.0.14'\nDriver info: driver.version: unknown\n\tat com.gmap.core.common.handlers.WaitHandler.waitUntil(WaitHandler.java:163)\n\tat com.gmap.core.common.handlers.WaitHandler.waitForElementToBeVisible(WaitHandler.java:196)\n\tat pages.panes.ConfirmChangeStorePane.checkThatTheConfirmChangeStorePaneIsDisplayed(ConfirmChangeStorePane.java:28)\n\tat steps.CommonSteps.searchAndSetStation(CommonSteps.java:65)\n\tat testcases.OnboardingRewardsTest.userVerifyCelebrationMessageWhenReachingNewInnerCircleTier(OnboardingRewardsTest.java:268)\n\tat java.base/jdk.internal.reflect.NativeMethodAccessorImpl.invoke0(Native Method)\n\tat java.base/jdk.internal.reflect.NativeMethodAccessorImpl.invoke(NativeMethodAccessorImpl.java:77)\n\tat java.base/jdk.internal.reflect.DelegatingMethodAccessorImpl.invoke(DelegatingMethodAccessorImpl.java:43)\n\tat java.base/java.lang.reflect.Method.invoke(Method.java:569)\n\tat org.testng.internal.invokers.MethodInvocationHelper.invokeMethod(MethodInvocationHelper.java:141)\n\tat org.testng.internal.invokers.MethodInvocationHelper$1.runTestMethod(MethodInvocationHelper.java:260)\n\tat org.springframework.test.context.testng.AbstractTestNGSpringContextTests.run(AbstractTestNGSpringContextTests.java:154)\n\tat org.testng.internal.invokers.MethodInvocationHelper.invokeHookable(MethodInvocationHelper.java:274)\n\tat org.testng.internal.invokers.TestInvoker.invokeMethod(TestInvoker.java:679)\n\tat org.testng.internal.invokers.TestInvoker.invokeTestMethod(TestInvoker.java:230)\n\tat org.testng.internal.invokers.MethodRunner.runInSequence(MethodRunner.java:63)\n\tat org.testng.internal.invokers.TestInvoker$MethodInvocationAgent.invoke(TestInvoker.java:995)\n\tat org.testng.internal.invokers.TestInvoker.invokeTestMethods(TestInvoker.java:203)\n\tat org.testng.internal.invokers.TestMethodWorker.invokeTestMethods(TestMethodWorker.java:154)\n\tat org.testng.internal.invokers.TestMethodWorker.run(TestMethodWorker.java:134)\n\tat java.base/java.util.ArrayList.forEach(ArrayList.java:1511)\n\tat org.testng.TestRunner.privateRun(TestRunner.java:741)\n\tat org.testng.TestRunner.run(TestRunner.java:616)\n\tat org.testng.SuiteRunner.runTest(SuiteRunner.java:421)\n\tat org.testng.SuiteRunner$SuiteWorker.run(SuiteRunner.java:463)\n\tat org.testng.internal.thread.ThreadUtil.lambda$execute$0(ThreadUtil.java:64)\n\tat java.base/java.util.concurrent.FutureTask.run(FutureTask.java:264)\n\tat java.base/java.util.concurrent.ThreadPoolExecutor.runWorker(ThreadPoolExecutor.java:1136)\n\tat java.base/java.util.concurrent.ThreadPoolExecutor$Worker.run(ThreadPoolExecutor.java:635)\n\tat java.base/java.lang.Thread.run(Thread.java:840)\n","steps":[],"attachments":[],"parameters":[],"shouldDisplayMessage":true,"stepsCount":0,"attachmentsCount":0,"hasContent":true,"attachmentStep":false}],"attachments":[{"uid":"f80ab8141088562","name":"Screenshot | [27-03-2025]","source":"f80ab8141088562.jpg","type":"image/jpg","size":205679}],"parameters":[],"shouldDisplayMessage":false,"stepsCount":42,"attachmentsCount":1,"hasContent":true,"attachmentStep":false},"afterStages":[{"name":"Base After Test Method","time":{"start":1743051653496,"stop":1743051656587,"duration":3091},"description":"Base After Test Method","status":"passed","steps":[],"attachments":[],"parameters":[],"shouldDisplayMessage":false,"stepsCount":0,"attachmentsCount":0,"hasContent":false,"attachmentStep":false},{"name":"springTestContextAfterTestMethod","time":{"start":1743051656588,"stop":1743051656588,"duration":0},"description":"","status":"passed","steps":[],"attachments":[],"parameters":[],"shouldDisplayMessage":false,"stepsCount":0,"attachmentsCount":0,"hasContent":false,"attachmentStep":false},{"name":"Base After Class","time":{"start":1743052241904,"stop":1743052241905,"duration":1},"description":"Base After Class","status":"passed","steps":[],"attachments":[],"parameters":[],"shouldDisplayMessage":false,"stepsCount":0,"attachmentsCount":0,"hasContent":false,"attachmentStep":false},{"name":"springTestContextAfterTestClass","time":{"start":1743052241905,"stop":1743052241905,"duration":0},"description":"","status":"passed","steps":[],"attachments":[],"parameters":[],"shouldDisplayMessage":false,"stepsCount":0,"attachmentsCount":0,"hasContent":false,"attachmentStep":false},{"name":"Base After Test","time":{"start":1743052241905,"stop":1743052241905,"duration":0},"description":"Base After Test","status":"passed","steps":[],"attachments":[],"parameters":[],"shouldDisplayMessage":false,"stepsCount":0,"attachmentsCount":0,"hasContent":false,"attachmentStep":false}],"labels":[{"name":"package","value":"testcases.OnboardingRewardsTest"},{"name":"testClass","value":"testcases.OnboardingRewardsTest"},{"name":"testMethod","value":"userVerifyCelebrationMessageWhenReachingNewInnerCircleTier"},{"name":"parentSuite","value":"GMAP NA Mobile Test Automation - [ANDROID PARALLEL XML SUITE]"},{"name":"suite","value":"GMAP NA Tests | Onboarding Rewards"},{"name":"subSuite","value":"testcases.OnboardingRewardsTest"},{"name":"host","value":"fv-az806-841"},{"name":"thread","value":"1970@fv-az806-841.TestNG-tests-4(25)"},{"name":"framework","value":"testng"},{"name":"language","value":"java"},{"name":"tag","value":"CelebrationMessage"},{"name":"owner","value":"Amit Choudhary - [amit.choudhary@circlekeurope.com]"},{"name":"story","value":"[GMAP][NA] As an IC user, I'm informed when I open the app after I upgraded from a tier to the next one"},{"name":"feature","value":"[GMAP][NA] New Tier Celebration and information"},{"name":"epic","value":"[GMAP][NA] ONBOARDING REWARDS"},{"name":"severity","value":"normal"},{"name":"resultFormat","value":"allure2"}],"parameters":[{"name":"deviceConfig","value":"GalaxyS21"}],"links":[{"name":"N/A","url":"https://circlek.atlassian.net/browse/N/A","type":"issue"},{"name":"NGRPRG-32473","url":"https://circlek.atlassian.net/browse/NGRPRG-32473","type":"tms"},{"name":"Device logs.txt","url":"https://api.eu-central-1.saucelabs.com/v1/rdc/jobs/c395bb1b7d304b5dbc15e531f6eab1f2/deviceLogs"}],"hidden":false,"retry":false,"extra":{"severity":"normal","owner":"Amit Choudhary - [amit.choudhary@circlekeurope.com]","retries":[],"categories":[{"name":"Test defects","matchedStatuses":[],"flaky":false}],"history":{"statistic":{"failed":0,"broken":6,"skipped":1,"passed":33,"unknown":0,"total":40},"items":[{"uid":"c6b60d541c0de2ad","reportUrl":"https://circlek-global.github.io/gmbat-tests-eu-mobile-automation/1545//#testresult/c6b60d541c0de2ad","status":"passed","time":{"start":1742987044965,"stop":1742987303389,"duration":258424}},{"uid":"265516ac9259a56b","reportUrl":"https://circlek-global.github.io/gmbat-tests-eu-mobile-automation/1538//#testresult/265516ac9259a56b","status":"passed","time":{"start":1742964983989,"stop":1742965236487,"duration":252498}},{"uid":"aca5d1b8f9677f6f","reportUrl":"https://circlek-global.github.io/gmbat-tests-eu-mobile-automation/1531//#testresult/aca5d1b8f9677f6f","status":"passed","time":{"start":1742917101433,"stop":1742917357102,"duration":255669}},{"uid":"c6ef61e4ab159473","reportUrl":"https://circlek-global.github.io/gmbat-tests-eu-mobile-automation/1518//#testresult/c6ef61e4ab159473","status":"broken","statusDetails":"Element [AppiumBy.accessibilityId: welcome-screen] wasn't visible after [60] seconds!\nException: org.openqa.selenium.TimeoutException: Expected condition failed: Element [AppiumBy.accessibilityId: welcome-screen] wasn't visible after [60] seconds! (tried for 60 second(s) with 250 milliseconds interval)\nFor documentation on this error, please visit: https://www.selenium.dev/documentation/webdriver/troubleshooting/errors#no-such-element-exception\nBuild info: version: '4.19.0', revision: '5f9cec8963'\nSystem info: os.name: 'Linux', os.arch: 'amd64', os.version: '6.8.0-1021-azure', java.version: '17.0.14'\nDriver info: driver.version: unknown","time":{"start":1742878102486,"stop":1742878167752,"duration":65266}},{"uid":"7f106f1ce98f8b93","reportUrl":"https://circlek-global.github.io/gmbat-tests-eu-mobile-automation/1505//#testresult/7f106f1ce98f8b93","status":"passed","time":{"start":1742792235777,"stop":1742792511569,"duration":275792}},{"uid":"5224c3f276a0a138","reportUrl":"https://circlek-global.github.io/gmbat-tests-eu-mobile-automation/1491//#testresult/5224c3f276a0a138","status":"passed","time":{"start":1742532990129,"stop":1742533241323,"duration":251194}},{"uid":"271e7ee1344913d2","reportUrl":"https://circlek-global.github.io/gmbat-tests-eu-mobile-automation/1481//#testresult/271e7ee1344913d2","status":"broken","statusDetails":"Element [AppiumBy.accessibilityId: generic-bottom-sheet-title] wasn't visible after [15] seconds!\nException: org.openqa.selenium.TimeoutException: Expected condition failed: Element [AppiumBy.accessibilityId: generic-bottom-sheet-title] wasn't visible after [15] seconds! (tried for 15 second(s) with 250 milliseconds interval)\nFor documentation on this error, please visit: https://www.selenium.dev/documentation/webdriver/troubleshooting/errors#no-such-element-exception\nBuild info: version: '4.19.0', revision: '5f9cec8963'\nSystem info: os.name: 'Linux', os.arch: 'amd64', os.version: '6.8.0-1021-azure', java.version: '17.0.14'\nDriver info: driver.version: unknown","time":{"start":1742464787298,"stop":1742464963489,"duration":176191}},{"uid":"e1d2f5b1eaddae2b","reportUrl":"https://circlek-global.github.io/gmbat-tests-eu-mobile-automation/1477//#testresult/e1d2f5b1eaddae2b","status":"passed","time":{"start":1742446621657,"stop":1742446871174,"duration":249517}},{"uid":"5229970afd748ebc","reportUrl":"https://circlek-global.github.io/gmbat-tests-eu-mobile-automation/1466//#testresult/5229970afd748ebc","status":"passed","time":{"start":1742374656949,"stop":1742374925429,"duration":268480}},{"uid":"2053ad2a8a580128","reportUrl":"https://circlek-global.github.io/gmbat-tests-eu-mobile-automation/1462//#testresult/2053ad2a8a580128","status":"passed","time":{"start":1742360185805,"stop":1742360445771,"duration":259966}},{"uid":"486d9d79f1562bc8","reportUrl":"https://circlek-global.github.io/gmbat-tests-eu-mobile-automation/1450//#testresult/486d9d79f1562bc8","status":"passed","time":{"start":1742273753912,"stop":1742274004691,"duration":250779}},{"uid":"35005db3aec3344","reportUrl":"https://circlek-global.github.io/gmbat-tests-eu-mobile-automation/1434//#testresult/35005db3aec3344","status":"passed","time":{"start":1742187448281,"stop":1742187717198,"duration":268917}},{"uid":"fd394f6abe80bd78","reportUrl":"https://circlek-global.github.io/gmbat-tests-eu-mobile-automation/1418//#testresult/fd394f6abe80bd78","status":"passed","time":{"start":1741928161839,"stop":1741928434084,"duration":272245}},{"uid":"84a3ab3b657fd50f","reportUrl":"https://circlek-global.github.io/gmbat-tests-eu-mobile-automation/1407//#testresult/84a3ab3b657fd50f","status":"passed","time":{"start":1741856851379,"stop":1741857127357,"duration":275978}},{"uid":"c38a868c1514cdb5","reportUrl":"https://circlek-global.github.io/gmbat-tests-eu-mobile-automation/1403//#testresult/c38a868c1514cdb5","status":"passed","time":{"start":1741841764143,"stop":1741842006313,"duration":242170}},{"uid":"8cb40b9ddde541f9","reportUrl":"https://circlek-global.github.io/gmbat-tests-eu-mobile-automation/1381//#testresult/8cb40b9ddde541f9","status":"broken","statusDetails":"Element [AppiumBy.accessibilityId: CONFIRM] wasn't clickable after [15] seconds!\nException: org.openqa.selenium.TimeoutException: Expected condition failed: Element [AppiumBy.accessibilityId: CONFIRM] wasn't clickable after [15] seconds! (tried for 15 second(s) with 250 milliseconds interval)\nFor documentation on this error, please visit: https://www.selenium.dev/documentation/webdriver/troubleshooting/errors#no-such-element-exception\nBuild info: version: '4.19.0', revision: '5f9cec8963'\nSystem info: os.name: 'Linux', os.arch: 'amd64', os.version: '6.8.0-1021-azure', java.version: '17.0.14'\nDriver info: driver.version: unknown","time":{"start":1741755357888,"stop":1741755515042,"duration":157154}},{"uid":"8745fc341caab59f","reportUrl":"https://circlek-global.github.io/gmbat-tests-eu-mobile-automation/1366//#testresult/8745fc341caab59f","status":"passed","time":{"start":1741668933136,"stop":1741669196079,"duration":262943}},{"uid":"fd527867d18d7380","reportUrl":"https://circlek-global.github.io/gmbat-tests-eu-mobile-automation/1352//#testresult/fd527867d18d7380","status":"passed","time":{"start":1741582423010,"stop":1741582672291,"duration":249281}},{"uid":"764e78e14d3fb461","reportUrl":"https://circlek-global.github.io/gmbat-tests-eu-mobile-automation/1333//#testresult/764e78e14d3fb461","status":"passed","time":{"start":1741323391864,"stop":1741323692665,"duration":300801}},{"uid":"aa973ec28f53a011","reportUrl":"https://circlek-global.github.io/gmbat-tests-eu-mobile-automation/1315//#testresult/aa973ec28f53a011","status":"passed","time":{"start":1741237035933,"stop":1741237319066,"duration":283133}}]},"tags":["CelebrationMessage"]},"source":"f32afa4a8e86fcaf.json","parameterValues":["GalaxyS21"]}