{"uid":"3afd497b58bce47d","name":"User tries to cancel CWS up-sell consumption","fullName":"testcases.CarWashSubscriptionTests.userTriesToCancelCWSUpSellConsumption","historyId":"35659b667997760fd4848635c1ff3c7c","time":{"start":1743077091855,"stop":1743077216347,"duration":124492},"description":"User tries to cancel CWS up-sell consumption","descriptionHtml":"<p>User tries to cancel CWS up-sell consumption</p>\n","status":"broken","statusMessage":"Element [AppiumBy.accessibilityId: continue-to-payment.button] wasn't invisible after [15] seconds!\nException: org.openqa.selenium.TimeoutException: Expected condition failed: Element [AppiumBy.accessibilityId: continue-to-payment.button] wasn't invisible after [15] seconds! (tried for 15 second(s) with 250 milliseconds interval)\nBuild info: version: '4.19.0', revision: '5f9cec8963'\nSystem info: os.name: 'Linux', os.arch: 'amd64', os.version: '6.8.0-1021-azure', java.version: '17.0.14'\nDriver info: driver.version: unknown\nFor documentation on this error, please visit: https://www.selenium.dev/documentation/webdriver/troubleshooting/errors#no-such-element-exception\nBuild info: version: '4.19.0', revision: '5f9cec8963'\nSystem info: os.name: 'Linux', os.arch: 'amd64', os.version: '6.8.0-1021-azure', java.version: '17.0.14'\nDriver info: driver.version: unknown","statusTrace":"org.openqa.selenium.NoSuchElementException: Element [AppiumBy.accessibilityId: continue-to-payment.button] wasn't invisible after [15] seconds!\nException: org.openqa.selenium.TimeoutException: Expected condition failed: Element [AppiumBy.accessibilityId: continue-to-payment.button] wasn't invisible after [15] seconds! (tried for 15 second(s) with 250 milliseconds interval)\nBuild info: version: '4.19.0', revision: '5f9cec8963'\nSystem info: os.name: 'Linux', os.arch: 'amd64', os.version: '6.8.0-1021-azure', java.version: '17.0.14'\nDriver info: driver.version: unknown\nFor documentation on this error, please visit: https://www.selenium.dev/documentation/webdriver/troubleshooting/errors#no-such-element-exception\nBuild info: version: '4.19.0', revision: '5f9cec8963'\nSystem info: os.name: 'Linux', os.arch: 'amd64', os.version: '6.8.0-1021-azure', java.version: '17.0.14'\nDriver info: driver.version: unknown\n\tat com.gmap.core.common.handlers.WaitHandler.waitUntil(WaitHandler.java:163)\n\tat com.gmap.core.common.handlers.WaitHandler.waitForElementToBeInvisible(WaitHandler.java:241)\n\tat com.gmap.core.pages_common.carwashflow.ConfirmYourWashPage.checkThatTheContinueToPaymentButtonIsNotDisplayed(ConfirmYourWashPage.java:251)\n\tat testcases.CarWashSubscriptionTests.cancelCWSConsumption(CarWashSubscriptionTests.java:1624)\n\tat testcases.CarWashSubscriptionTests.userTriesToCancelCWSUpSellConsumption(CarWashSubscriptionTests.java:638)\n\tat java.base/jdk.internal.reflect.NativeMethodAccessorImpl.invoke0(Native Method)\n\tat java.base/jdk.internal.reflect.NativeMethodAccessorImpl.invoke(NativeMethodAccessorImpl.java:77)\n\tat java.base/jdk.internal.reflect.DelegatingMethodAccessorImpl.invoke(DelegatingMethodAccessorImpl.java:43)\n\tat java.base/java.lang.reflect.Method.invoke(Method.java:569)\n\tat org.testng.internal.invokers.MethodInvocationHelper.invokeMethod(MethodInvocationHelper.java:141)\n\tat org.testng.internal.invokers.MethodInvocationHelper$1.runTestMethod(MethodInvocationHelper.java:260)\n\tat settings.hooks.Hooks.run(Hooks.java:59)\n\tat org.testng.internal.invokers.MethodInvocationHelper.invokeHookable(MethodInvocationHelper.java:274)\n\tat org.testng.internal.invokers.TestInvoker.invokeMethod(TestInvoker.java:679)\n\tat org.testng.internal.invokers.TestInvoker.invokeTestMethod(TestInvoker.java:230)\n\tat org.testng.internal.invokers.MethodRunner.runInSequence(MethodRunner.java:63)\n\tat org.testng.internal.invokers.TestInvoker$MethodInvocationAgent.invoke(TestInvoker.java:995)\n\tat org.testng.internal.invokers.TestInvoker.invokeTestMethods(TestInvoker.java:203)\n\tat org.testng.internal.invokers.TestMethodWorker.invokeTestMethods(TestMethodWorker.java:154)\n\tat org.testng.internal.invokers.TestMethodWorker.run(TestMethodWorker.java:134)\n\tat java.base/java.util.ArrayList.forEach(ArrayList.java:1511)\n\tat org.testng.TestRunner.privateRun(TestRunner.java:741)\n\tat org.testng.TestRunner.run(TestRunner.java:616)\n\tat org.testng.SuiteRunner.runTest(SuiteRunner.java:421)\n\tat org.testng.SuiteRunner$SuiteWorker.run(SuiteRunner.java:463)\n\tat org.testng.internal.thread.ThreadUtil.lambda$execute$0(ThreadUtil.java:64)\n\tat java.base/java.util.concurrent.FutureTask.run(FutureTask.java:264)\n\tat java.base/java.util.concurrent.ThreadPoolExecutor.runWorker(ThreadPoolExecutor.java:1136)\n\tat java.base/java.util.concurrent.ThreadPoolExecutor$Worker.run(ThreadPoolExecutor.java:635)\n\tat java.base/java.lang.Thread.run(Thread.java:840)\n","flaky":false,"newFailed":false,"newBroken":false,"newPassed":false,"retriesCount":0,"retriesStatusChange":false,"beforeStages":[{"name":"Base Before Test","time":{"start":1743075331865,"stop":1743075331865,"duration":0},"description":"Base Before Test","status":"passed","steps":[],"attachments":[],"parameters":[],"shouldDisplayMessage":false,"stepsCount":0,"attachmentsCount":0,"hasContent":false,"attachmentStep":false},{"name":"springTestContextBeforeTestClass","time":{"start":1743075331988,"stop":1743075332004,"duration":16},"description":"","status":"passed","steps":[],"attachments":[],"parameters":[],"shouldDisplayMessage":false,"stepsCount":0,"attachmentsCount":0,"hasContent":false,"attachmentStep":false},{"name":"springTestContextPrepareTestInstance","time":{"start":1743075332008,"stop":1743075333319,"duration":1311},"description":"","status":"passed","steps":[],"attachments":[],"parameters":[],"shouldDisplayMessage":false,"stepsCount":0,"attachmentsCount":0,"hasContent":false,"attachmentStep":false},{"name":"Base Before Class","time":{"start":1743075333330,"stop":1743075336998,"duration":3668},"description":"Base Before Class","status":"passed","steps":[],"attachments":[],"parameters":[],"shouldDisplayMessage":false,"stepsCount":0,"attachmentsCount":0,"hasContent":false,"attachmentStep":false},{"name":"springTestContextBeforeTestMethod","time":{"start":1743077079632,"stop":1743077079632,"duration":0},"description":"","status":"passed","steps":[],"attachments":[],"parameters":[],"shouldDisplayMessage":false,"stepsCount":0,"attachmentsCount":0,"hasContent":false,"attachmentStep":false},{"name":"Base Before Test Method","time":{"start":1743077079632,"stop":1743077091248,"duration":11616},"description":"Base Before Test Method","status":"passed","steps":[],"attachments":[],"parameters":[],"shouldDisplayMessage":false,"stepsCount":0,"attachmentsCount":0,"hasContent":false,"attachmentStep":false},{"name":"initTestConfig","time":{"start":1743077091248,"stop":1743077091255,"duration":7},"description":"","status":"passed","steps":[],"attachments":[],"parameters":[],"shouldDisplayMessage":false,"stepsCount":0,"attachmentsCount":0,"hasContent":false,"attachmentStep":false}],"testStage":{"description":"User tries to cancel CWS up-sell consumption","status":"broken","statusMessage":"Element [AppiumBy.accessibilityId: continue-to-payment.button] wasn't invisible after [15] seconds!\nException: org.openqa.selenium.TimeoutException: Expected condition failed: Element [AppiumBy.accessibilityId: continue-to-payment.button] wasn't invisible after [15] seconds! (tried for 15 second(s) with 250 milliseconds interval)\nBuild info: version: '4.19.0', revision: '5f9cec8963'\nSystem info: os.name: 'Linux', os.arch: 'amd64', os.version: '6.8.0-1021-azure', java.version: '17.0.14'\nDriver info: driver.version: unknown\nFor documentation on this error, please visit: https://www.selenium.dev/documentation/webdriver/troubleshooting/errors#no-such-element-exception\nBuild info: version: '4.19.0', revision: '5f9cec8963'\nSystem info: os.name: 'Linux', os.arch: 'amd64', os.version: '6.8.0-1021-azure', java.version: '17.0.14'\nDriver info: driver.version: unknown","statusTrace":"org.openqa.selenium.NoSuchElementException: Element [AppiumBy.accessibilityId: continue-to-payment.button] wasn't invisible after [15] seconds!\nException: org.openqa.selenium.TimeoutException: Expected condition failed: Element [AppiumBy.accessibilityId: continue-to-payment.button] wasn't invisible after [15] seconds! (tried for 15 second(s) with 250 milliseconds interval)\nBuild info: version: '4.19.0', revision: '5f9cec8963'\nSystem info: os.name: 'Linux', os.arch: 'amd64', os.version: '6.8.0-1021-azure', java.version: '17.0.14'\nDriver info: driver.version: unknown\nFor documentation on this error, please visit: https://www.selenium.dev/documentation/webdriver/troubleshooting/errors#no-such-element-exception\nBuild info: version: '4.19.0', revision: '5f9cec8963'\nSystem info: os.name: 'Linux', os.arch: 'amd64', os.version: '6.8.0-1021-azure', java.version: '17.0.14'\nDriver info: driver.version: unknown\n\tat com.gmap.core.common.handlers.WaitHandler.waitUntil(WaitHandler.java:163)\n\tat com.gmap.core.common.handlers.WaitHandler.waitForElementToBeInvisible(WaitHandler.java:241)\n\tat com.gmap.core.pages_common.carwashflow.ConfirmYourWashPage.checkThatTheContinueToPaymentButtonIsNotDisplayed(ConfirmYourWashPage.java:251)\n\tat testcases.CarWashSubscriptionTests.cancelCWSConsumption(CarWashSubscriptionTests.java:1624)\n\tat testcases.CarWashSubscriptionTests.userTriesToCancelCWSUpSellConsumption(CarWashSubscriptionTests.java:638)\n\tat java.base/jdk.internal.reflect.NativeMethodAccessorImpl.invoke0(Native Method)\n\tat java.base/jdk.internal.reflect.NativeMethodAccessorImpl.invoke(NativeMethodAccessorImpl.java:77)\n\tat java.base/jdk.internal.reflect.DelegatingMethodAccessorImpl.invoke(DelegatingMethodAccessorImpl.java:43)\n\tat java.base/java.lang.reflect.Method.invoke(Method.java:569)\n\tat org.testng.internal.invokers.MethodInvocationHelper.invokeMethod(MethodInvocationHelper.java:141)\n\tat org.testng.internal.invokers.MethodInvocationHelper$1.runTestMethod(MethodInvocationHelper.java:260)\n\tat settings.hooks.Hooks.run(Hooks.java:59)\n\tat org.testng.internal.invokers.MethodInvocationHelper.invokeHookable(MethodInvocationHelper.java:274)\n\tat org.testng.internal.invokers.TestInvoker.invokeMethod(TestInvoker.java:679)\n\tat org.testng.internal.invokers.TestInvoker.invokeTestMethod(TestInvoker.java:230)\n\tat org.testng.internal.invokers.MethodRunner.runInSequence(MethodRunner.java:63)\n\tat org.testng.internal.invokers.TestInvoker$MethodInvocationAgent.invoke(TestInvoker.java:995)\n\tat org.testng.internal.invokers.TestInvoker.invokeTestMethods(TestInvoker.java:203)\n\tat org.testng.internal.invokers.TestMethodWorker.invokeTestMethods(TestMethodWorker.java:154)\n\tat org.testng.internal.invokers.TestMethodWorker.run(TestMethodWorker.java:134)\n\tat java.base/java.util.ArrayList.forEach(ArrayList.java:1511)\n\tat org.testng.TestRunner.privateRun(TestRunner.java:741)\n\tat org.testng.TestRunner.run(TestRunner.java:616)\n\tat org.testng.SuiteRunner.runTest(SuiteRunner.java:421)\n\tat org.testng.SuiteRunner$SuiteWorker.run(SuiteRunner.java:463)\n\tat org.testng.internal.thread.ThreadUtil.lambda$execute$0(ThreadUtil.java:64)\n\tat java.base/java.util.concurrent.FutureTask.run(FutureTask.java:264)\n\tat java.base/java.util.concurrent.ThreadPoolExecutor.runWorker(ThreadPoolExecutor.java:1136)\n\tat java.base/java.util.concurrent.ThreadPoolExecutor$Worker.run(ThreadPoolExecutor.java:635)\n\tat java.base/java.lang.Thread.run(Thread.java:840)\n","steps":[{"name":"I check that the Saucelabs session is preserved","time":{"start":1743077091855,"stop":1743077097821,"duration":5966},"status":"passed","steps":[],"attachments":[],"parameters":[{"name":"userProfile","value":"{PHONE_NUMBER=782782000, EMAIL=kamil.nowak@gmaptest.com, PASSWORD=#Test123, PHONE_COUNTRY_PREFIX=+48, FIRST_NAME=Kamil, BUSINESS_UNIT=DK, OTP=000000, LAST_NAME=Nowak, PHONE_COUNTRY=Poland}"}],"shouldDisplayMessage":false,"stepsCount":0,"attachmentsCount":0,"hasContent":true,"attachmentStep":false},{"name":"I skip linking my card","time":{"start":1743077097821,"stop":1743077106780,"duration":8959},"status":"passed","steps":[],"attachments":[],"parameters":[{"name":"time","value":"[]"}],"shouldDisplayMessage":false,"stepsCount":0,"attachmentsCount":0,"hasContent":true,"attachmentStep":false},{"name":"I mock the location of the device to \"DENMARK_10888\"","time":{"start":1743077106780,"stop":1743077150246,"duration":43466},"status":"passed","steps":[{"name":"I click on \"ACCOUNT\" button","time":{"start":1743077106782,"stop":1743077108534,"duration":1752},"status":"passed","steps":[],"attachments":[],"parameters":[],"shouldDisplayMessage":false,"stepsCount":0,"attachmentsCount":0,"hasContent":false,"attachmentStep":false},{"name":"I check that the \"Account Screen\" is displayed","time":{"start":1743077108535,"stop":1743077109696,"duration":1161},"status":"passed","steps":[],"attachments":[],"parameters":[],"shouldDisplayMessage":false,"stepsCount":0,"attachmentsCount":0,"hasContent":false,"attachmentStep":false},{"name":"I check that the \"Profile\" tab is displayed","time":{"start":1743077109696,"stop":1743077110307,"duration":611},"status":"passed","steps":[],"attachments":[],"parameters":[],"shouldDisplayMessage":false,"stepsCount":0,"attachmentsCount":0,"hasContent":false,"attachmentStep":false},{"name":"I click on \"BUILD NUMBER\" tab","time":{"start":1743077110308,"stop":1743077120919,"duration":10611},"status":"passed","steps":[],"attachments":[],"parameters":[],"shouldDisplayMessage":false,"stepsCount":0,"attachmentsCount":0,"hasContent":false,"attachmentStep":false},{"name":"I click on \"SET LOCATION\" button","time":{"start":1743077120919,"stop":1743077123056,"duration":2137},"status":"passed","steps":[],"attachments":[],"parameters":[],"shouldDisplayMessage":false,"stepsCount":0,"attachmentsCount":0,"hasContent":false,"attachmentStep":false},{"name":"I enter the location data of the \"DENMARK_10888\" station","time":{"start":1743077123056,"stop":1743077136132,"duration":13076},"status":"passed","steps":[{"name":"I check \"Set Location\" page is visible","time":{"start":1743077123056,"stop":1743077124139,"duration":1083},"status":"passed","steps":[],"attachments":[],"parameters":[],"shouldDisplayMessage":false,"stepsCount":0,"attachmentsCount":0,"hasContent":false,"attachmentStep":false},{"name":"I enter the site ID \"DENMARK_10888\" in the input","time":{"start":1743077124139,"stop":1743077134541,"duration":10402},"status":"passed","steps":[],"attachments":[],"parameters":[{"name":"Device location:","value":"DENMARK_10888"}],"shouldDisplayMessage":false,"stepsCount":0,"attachmentsCount":0,"hasContent":true,"attachmentStep":false},{"name":"I click on \"SET LOCATION\" button","time":{"start":1743077134541,"stop":1743077136132,"duration":1591},"status":"passed","steps":[],"attachments":[],"parameters":[],"shouldDisplayMessage":false,"stepsCount":0,"attachmentsCount":0,"hasContent":false,"attachmentStep":false}],"attachments":[],"parameters":[{"name":"Device location:","value":"DENMARK_10888"},{"name":"useStationId","value":"true"}],"shouldDisplayMessage":false,"stepsCount":3,"attachmentsCount":0,"hasContent":true,"attachmentStep":false},{"name":"I click on \"Car Wash\" advertisement","time":{"start":1743077136132,"stop":1743077141382,"duration":5250},"status":"passed","steps":[{"name":"I check if \"Car Wash\" advertisement is displayed","time":{"start":1743077137973,"stop":1743077141382,"duration":3409},"status":"passed","steps":[],"attachments":[],"parameters":[{"name":"time","value":"2"}],"shouldDisplayMessage":false,"stepsCount":0,"attachmentsCount":0,"hasContent":true,"attachmentStep":false}],"attachments":[],"parameters":[],"shouldDisplayMessage":false,"stepsCount":1,"attachmentsCount":0,"hasContent":true,"attachmentStep":false},{"name":"I close and open application","time":{"start":1743077141382,"stop":1743077142264,"duration":882},"status":"passed","steps":[],"attachments":[],"parameters":[],"shouldDisplayMessage":false,"stepsCount":0,"attachmentsCount":0,"hasContent":false,"attachmentStep":false},{"name":"I make sure that the location is set correctly","time":{"start":1743077142265,"stop":1743077146787,"duration":4522},"status":"passed","steps":[],"attachments":[],"parameters":[],"shouldDisplayMessage":false,"stepsCount":0,"attachmentsCount":0,"hasContent":false,"attachmentStep":false},{"name":"I check that the \"Home Screen\" is displayed","time":{"start":1743077146787,"stop":1743077150246,"duration":3459},"status":"passed","steps":[],"attachments":[],"parameters":[],"shouldDisplayMessage":false,"stepsCount":0,"attachmentsCount":0,"hasContent":false,"attachmentStep":false}],"attachments":[],"parameters":[{"name":"Device location:","value":"DENMARK_10888"},{"name":"useStationId","value":"true"}],"shouldDisplayMessage":false,"stepsCount":14,"attachmentsCount":0,"hasContent":true,"attachmentStep":false},{"name":"I check that the \"CAR WASH\" tab is displayed","time":{"start":1743077150246,"stop":1743077150758,"duration":512},"status":"passed","steps":[],"attachments":[],"parameters":[],"shouldDisplayMessage":false,"stepsCount":0,"attachmentsCount":0,"hasContent":false,"attachmentStep":false},{"name":"I click on \"CAR WASH\" tab","time":{"start":1743077150758,"stop":1743077156308,"duration":5550},"status":"passed","steps":[],"attachments":[],"parameters":[],"shouldDisplayMessage":false,"stepsCount":0,"attachmentsCount":0,"hasContent":false,"attachmentStep":false},{"name":"I make sure that the \"CAR WASH\" tab is in the default state","time":{"start":1743077156308,"stop":1743077177123,"duration":20815},"status":"passed","steps":[],"attachments":[],"parameters":[{"name":"Tab bar:","value":"CAR WASH"}],"shouldDisplayMessage":false,"stepsCount":0,"attachmentsCount":0,"hasContent":true,"attachmentStep":false},{"name":"I click on Car Wash \"BEGIN CAR WASH\" button","time":{"start":1743077177123,"stop":1743077178618,"duration":1495},"status":"passed","steps":[],"attachments":[],"parameters":[],"shouldDisplayMessage":false,"stepsCount":0,"attachmentsCount":0,"hasContent":false,"attachmentStep":false},{"name":"I check that the \"Upgrade This Wash Screen\" is displayed","time":{"start":1743077178618,"stop":1743077179977,"duration":1359},"status":"passed","steps":[],"attachments":[],"parameters":[],"shouldDisplayMessage":false,"stepsCount":0,"attachmentsCount":0,"hasContent":false,"attachmentStep":false},{"name":"I click on \"DELUXE SÆSON\" Car Wash Subscription plan radio button","time":{"start":1743077179977,"stop":1743077180782,"duration":805},"status":"passed","steps":[],"attachments":[],"parameters":[{"name":"Car Wash Subscription plan:","value":"DELUXE SÆSON"}],"shouldDisplayMessage":false,"stepsCount":0,"attachmentsCount":0,"hasContent":true,"attachmentStep":false},{"name":"I click on \"CONTINUE\" button","time":{"start":1743077180782,"stop":1743077184899,"duration":4117},"status":"passed","steps":[],"attachments":[],"parameters":[],"shouldDisplayMessage":false,"stepsCount":0,"attachmentsCount":0,"hasContent":false,"attachmentStep":false},{"name":"I check that the \"Confirm Your Wash Screen\" is displayed","time":{"start":1743077184899,"stop":1743077186034,"duration":1135},"status":"passed","steps":[],"attachments":[],"parameters":[],"shouldDisplayMessage":false,"stepsCount":0,"attachmentsCount":0,"hasContent":false,"attachmentStep":false},{"name":"I get the text from the \"CURRENT PLAN\" text","time":{"start":1743077186034,"stop":1743077187194,"duration":1160},"status":"passed","steps":[],"attachments":[],"parameters":[],"shouldDisplayMessage":false,"stepsCount":0,"attachmentsCount":0,"hasContent":false,"attachmentStep":false},{"name":"I check that the application text: \"DELUXE SÆSON\" is equals to expected value: \"DELUXE SÆSON\"","time":{"start":1743077187194,"stop":1743077187194,"duration":0},"status":"passed","steps":[],"attachments":[],"parameters":[{"name":"Actual:","value":"DELUXE SÆSON"},{"name":"Expected:","value":"DELUXE SÆSON"}],"shouldDisplayMessage":false,"stepsCount":0,"attachmentsCount":0,"hasContent":true,"attachmentStep":false},{"name":"I accept Updated Terms and Conditions","time":{"start":1743077187194,"stop":1743077192431,"duration":5237},"status":"passed","steps":[],"attachments":[],"parameters":[],"shouldDisplayMessage":false,"stepsCount":0,"attachmentsCount":0,"hasContent":false,"attachmentStep":false},{"name":"I click on \"STAY IN THE CAR\" plan radio button","time":{"start":1743077192431,"stop":1743077193868,"duration":1437},"status":"passed","steps":[],"attachments":[],"parameters":[],"shouldDisplayMessage":false,"stepsCount":0,"attachmentsCount":0,"hasContent":false,"attachmentStep":false},{"name":"I click on \"CONTINUE TO PAYMENT\" button","time":{"start":1743077193868,"stop":1743077199092,"duration":5224},"status":"passed","steps":[{"name":"I swipe on the device screen to the \"DOWN\"","time":{"start":1743077193868,"stop":1743077195242,"duration":1374},"status":"passed","steps":[],"attachments":[],"parameters":[{"name":"Swipe direction:","value":"DOWN"},{"name":"heightAdjustment","value":"[]"}],"shouldDisplayMessage":false,"stepsCount":0,"attachmentsCount":0,"hasContent":true,"attachmentStep":false}],"attachments":[],"parameters":[],"shouldDisplayMessage":false,"stepsCount":1,"attachmentsCount":0,"hasContent":true,"attachmentStep":false},{"name":"I check that the \"CONTINUE TO PAYMENT\" button is not displayed","time":{"start":1743077199092,"stop":1743077214558,"duration":15466},"status":"broken","statusMessage":"Element [AppiumBy.accessibilityId: continue-to-payment.button] wasn't invisible after [15] seconds!\nException: org.openqa.selenium.TimeoutException: Expected condition failed: Element [AppiumBy.accessibilityId: continue-to-payment.button] wasn't invisible after [15] seconds! (tried for 15 second(s) with 250 milliseconds interval)\nBuild info: version: '4.19.0', revision: '5f9cec8963'\nSystem info: os.name: 'Linux', os.arch: 'amd64', os.version: '6.8.0-1021-azure', java.version: '17.0.14'\nDriver info: driver.version: unknown\nFor documentation on this error, please visit: https://www.selenium.dev/documentation/webdriver/troubleshooting/errors#no-such-element-exception\nBuild info: version: '4.19.0', revision: '5f9cec8963'\nSystem info: os.name: 'Linux', os.arch: 'amd64', os.version: '6.8.0-1021-azure', java.version: '17.0.14'\nDriver info: driver.version: unknown","statusTrace":"org.openqa.selenium.NoSuchElementException: Element [AppiumBy.accessibilityId: continue-to-payment.button] wasn't invisible after [15] seconds!\nException: org.openqa.selenium.TimeoutException: Expected condition failed: Element [AppiumBy.accessibilityId: continue-to-payment.button] wasn't invisible after [15] seconds! (tried for 15 second(s) with 250 milliseconds interval)\nBuild info: version: '4.19.0', revision: '5f9cec8963'\nSystem info: os.name: 'Linux', os.arch: 'amd64', os.version: '6.8.0-1021-azure', java.version: '17.0.14'\nDriver info: driver.version: unknown\nFor documentation on this error, please visit: https://www.selenium.dev/documentation/webdriver/troubleshooting/errors#no-such-element-exception\nBuild info: version: '4.19.0', revision: '5f9cec8963'\nSystem info: os.name: 'Linux', os.arch: 'amd64', os.version: '6.8.0-1021-azure', java.version: '17.0.14'\nDriver info: driver.version: unknown\n\tat com.gmap.core.common.handlers.WaitHandler.waitUntil(WaitHandler.java:163)\n\tat com.gmap.core.common.handlers.WaitHandler.waitForElementToBeInvisible(WaitHandler.java:241)\n\tat com.gmap.core.pages_common.carwashflow.ConfirmYourWashPage.checkThatTheContinueToPaymentButtonIsNotDisplayed(ConfirmYourWashPage.java:251)\n\tat testcases.CarWashSubscriptionTests.cancelCWSConsumption(CarWashSubscriptionTests.java:1624)\n\tat testcases.CarWashSubscriptionTests.userTriesToCancelCWSUpSellConsumption(CarWashSubscriptionTests.java:638)\n\tat java.base/jdk.internal.reflect.NativeMethodAccessorImpl.invoke0(Native Method)\n\tat java.base/jdk.internal.reflect.NativeMethodAccessorImpl.invoke(NativeMethodAccessorImpl.java:77)\n\tat java.base/jdk.internal.reflect.DelegatingMethodAccessorImpl.invoke(DelegatingMethodAccessorImpl.java:43)\n\tat java.base/java.lang.reflect.Method.invoke(Method.java:569)\n\tat org.testng.internal.invokers.MethodInvocationHelper.invokeMethod(MethodInvocationHelper.java:141)\n\tat org.testng.internal.invokers.MethodInvocationHelper$1.runTestMethod(MethodInvocationHelper.java:260)\n\tat settings.hooks.Hooks.run(Hooks.java:59)\n\tat org.testng.internal.invokers.MethodInvocationHelper.invokeHookable(MethodInvocationHelper.java:274)\n\tat org.testng.internal.invokers.TestInvoker.invokeMethod(TestInvoker.java:679)\n\tat org.testng.internal.invokers.TestInvoker.invokeTestMethod(TestInvoker.java:230)\n\tat org.testng.internal.invokers.MethodRunner.runInSequence(MethodRunner.java:63)\n\tat org.testng.internal.invokers.TestInvoker$MethodInvocationAgent.invoke(TestInvoker.java:995)\n\tat org.testng.internal.invokers.TestInvoker.invokeTestMethods(TestInvoker.java:203)\n\tat org.testng.internal.invokers.TestMethodWorker.invokeTestMethods(TestMethodWorker.java:154)\n\tat org.testng.internal.invokers.TestMethodWorker.run(TestMethodWorker.java:134)\n\tat java.base/java.util.ArrayList.forEach(ArrayList.java:1511)\n\tat org.testng.TestRunner.privateRun(TestRunner.java:741)\n\tat org.testng.TestRunner.run(TestRunner.java:616)\n\tat org.testng.SuiteRunner.runTest(SuiteRunner.java:421)\n\tat org.testng.SuiteRunner$SuiteWorker.run(SuiteRunner.java:463)\n\tat org.testng.internal.thread.ThreadUtil.lambda$execute$0(ThreadUtil.java:64)\n\tat java.base/java.util.concurrent.FutureTask.run(FutureTask.java:264)\n\tat java.base/java.util.concurrent.ThreadPoolExecutor.runWorker(ThreadPoolExecutor.java:1136)\n\tat java.base/java.util.concurrent.ThreadPoolExecutor$Worker.run(ThreadPoolExecutor.java:635)\n\tat java.base/java.lang.Thread.run(Thread.java:840)\n","steps":[],"attachments":[],"parameters":[],"shouldDisplayMessage":true,"stepsCount":0,"attachmentsCount":0,"hasContent":true,"attachmentStep":false}],"attachments":[{"uid":"21fe44381d9c8ad6","name":"Screenshot | [27-03-2025]","source":"21fe44381d9c8ad6.jpg","type":"image/jpg","size":151116}],"parameters":[],"shouldDisplayMessage":false,"stepsCount":32,"attachmentsCount":1,"hasContent":true,"attachmentStep":false},"afterStages":[{"name":"springTestContextAfterTestMethod","time":{"start":1743077218073,"stop":1743077218073,"duration":0},"description":"","status":"passed","steps":[],"attachments":[],"parameters":[],"shouldDisplayMessage":false,"stepsCount":0,"attachmentsCount":0,"hasContent":false,"attachmentStep":false},{"name":"Base After Test Method","time":{"start":1743077218073,"stop":1743077218073,"duration":0},"description":"Base After Test Method","status":"passed","steps":[],"attachments":[],"parameters":[],"shouldDisplayMessage":false,"stepsCount":0,"attachmentsCount":0,"hasContent":false,"attachmentStep":false},{"name":"Base After Class","time":{"start":1743080958240,"stop":1743080958240,"duration":0},"description":"Base After Class","status":"passed","steps":[],"attachments":[],"parameters":[],"shouldDisplayMessage":false,"stepsCount":0,"attachmentsCount":0,"hasContent":false,"attachmentStep":false},{"name":"springTestContextAfterTestClass","time":{"start":1743080958240,"stop":1743080958240,"duration":0},"description":"","status":"passed","steps":[],"attachments":[],"parameters":[],"shouldDisplayMessage":false,"stepsCount":0,"attachmentsCount":0,"hasContent":false,"attachmentStep":false},{"name":"Base After Test","time":{"start":1743080958241,"stop":1743080958241,"duration":0},"description":"Base After Test","status":"passed","steps":[],"attachments":[],"parameters":[],"shouldDisplayMessage":false,"stepsCount":0,"attachmentsCount":0,"hasContent":false,"attachmentStep":false}],"labels":[{"name":"package","value":"testcases.CarWashSubscriptionTests"},{"name":"testClass","value":"testcases.CarWashSubscriptionTests"},{"name":"testMethod","value":"userTriesToCancelCWSUpSellConsumption"},{"name":"parentSuite","value":"GMAP EU Mobile Test Automation - [ANDROID PARALLEL XML SUITE]"},{"name":"suite","value":"GMAP Tests | Car Wash Subscription"},{"name":"subSuite","value":"testcases.CarWashSubscriptionTests"},{"name":"host","value":"fv-az1076-283"},{"name":"thread","value":"1920@fv-az1076-283.TestNG-tests-7(28)"},{"name":"framework","value":"testng"},{"name":"language","value":"java"},{"name":"story","value":"[GMAP] CWS cancel up-sell consumption"},{"name":"owner","value":"Nick Iacurto - [n.iacurto@t-b.ca]"},{"name":"feature","value":"[GMAP] CWS consumption"},{"name":"tag","value":"CarWashSubscription"},{"name":"epic","value":"[GMAP] CAR WASH SUBSCRIPTION"},{"name":"severity","value":"normal"},{"name":"resultFormat","value":"allure2"}],"parameters":[{"name":"deviceConfig","value":"GalaxyS20FE"}],"links":[{"name":"NGRPRG-15223","url":"https://circlek.atlassian.net/browse/NGRPRG-15223","type":"tms"},{"name":"N/A","url":"https://circlek.atlassian.net/browse/N/A","type":"issue"},{"name":"Device logs.txt","url":"https://api.eu-central-1.saucelabs.com/v1/rdc/jobs/a59e9f52c7ad4d089d48562b9087654f/deviceLogs"}],"hidden":false,"retry":false,"extra":{"severity":"normal","owner":"Nick Iacurto - [n.iacurto@t-b.ca]","retries":[],"categories":[{"name":"Test defects","matchedStatuses":[],"flaky":false}],"history":{"statistic":{"failed":0,"broken":10,"skipped":2,"passed":2,"unknown":0,"total":14},"items":[{"uid":"7dda15fa73fbb25e","reportUrl":"https://circlek-global.github.io/gmbat-tests-eu-mobile-automation/1548//#testresult/7dda15fa73fbb25e","status":"broken","statusDetails":"Test '[CWS] User tries to cancel CWS up-sell consumption' failed due to configuration error!\nError details\nCould not start a new session. Response code 500. Message: \n\nStatus Code: 500 - Error while starting appium session: An unknown server-side error occurred while processing the command. Original error: Cannot start the 'com.circlek.gmap.eu.staging' application. Consider checking the driver's troubleshooting documentation. Original error: 'com.circlek.gmap.MainActivity' or 'com.circlek.gmap.eu.staging.com.circlek.gmap.MainActivity' never started. Consider checking the driver's troubleshooting documentation.\n\nBuild info: version: 'unknown', revision: 'unknown', time: 'unknown'\nSystem info: host: 'Sauce Labs RDC', ip: 'N/A', os.name: 'Linux', os.arch: 'amd64', os.version: '6.6.72+', java.version: '17.0.14'\nDriver info: driver.version: unknown \nHost info: host: 'fv-az2055-539', ip: '10.1.0.224'\nBuild info: version: '4.19.0', revision: '5f9cec8963'\nSystem info: os.name: 'Linux', os.arch: 'amd64', os.version: '6.8.0-1021-azure', java.version: '17.0.14'\nDriver info: io.appium.java_client.android.AndroidDriver\nCommand: [null, newSession {capabilities=[Capabilities {appium:app: storage:6a620a13-da71-4613-..., appium:appWaitActivity: com.circlek.gmap.MainActivity, appium:appWaitDuration: 80000, appium:autoGrantPermissions: true, appium:automationName: UiAutomator2, appium:deviceName: Samsung Galaxy S20 FE, appium:newCommandTimeout: 90, appium:noReset: true, appium:settings: {disableIdLocatorAutocompletion: true, snapshotMaxDepth: 250}, platformName: ANDROID, sauce:options: {accessKey: 5d20ff7c-06ab-436b-8fe9-20d..., appiumVersion: latest, build: GMAP EU | Wednesday: 26-03-..., cacheId: cc895b91-934b-4838-867b-0b7..., name: [CWS] User tries to cancel ..., username: Kamil}}]}]\nCapabilities {appium:app: storage:6a620a13-da71-4613-..., appium:appWaitActivity: com.circlek.gmap.MainActivity, appium:appWaitDuration: 80000, appium:autoGrantPermissions: true, appium:automationName: UiAutomator2, appium:deviceName: Samsung Galaxy S20 FE, appium:newCommandTimeout: 90, appium:noReset: true, appium:settings: {disableIdLocatorAutocompletion: true, snapshotMaxDepth: 250}, platformName: ANDROID, sauce:options: {accessKey: 5d20ff7c-06ab-436b-8fe9-20d..., appiumVersion: latest, build: GMAP EU | Wednesday: 26-03-..., cacheId: cc895b91-934b-4838-867b-0b7..., name: [CWS] User tries to cancel ..., username: Kamil}}\n[org.openqa.selenium.remote.ProtocolHandshake.createSession(ProtocolHandshake.java:114), org.openqa.selenium.remote.ProtocolHandshake.createSession(ProtocolHandshake.java:75), org.openqa.selenium.remote.ProtocolHandshake.createSession(ProtocolHandshake.java:61), io.appium.java_client.remote.AppiumCommandExecutor.createSession(AppiumCommandExecutor.java:176), io.appium.java_client.remote.AppiumCommandExecutor.execute(AppiumCommandExecutor.java:237), org.openqa.selenium.remote.RemoteWebDriver.execute(RemoteWebDriver.java:518), io.appium.java_client.AppiumDriver.startSession(AppiumDriver.java:270), org.openqa.selenium.remote.RemoteWebDriver.<init>(RemoteWebDriver.java:161), io.appium.java_client.AppiumDriver.<init>(AppiumDriver.java:91), io.appium.java_client.AppiumDriver.<init>(AppiumDriver.java:103), io.appium.java_client.android.AndroidDriver.<init>(AndroidDriver.java:109), com.gmap.core.settings.drivers.AppiumDriverManager.getAppiumDriver(AppiumDriverManager.java:34), com.gmap.core.settings.drivers.DriverManager.startDriver(DriverManager.java:28), com.gmap.core.settings.TestSettings.setupTestConfig(TestSettings.java:59), settings.hooks.Hooks.baseBeforeMethod(Hooks.java:107), jdk.internal.reflect.GeneratedMethodAccessor88.invoke(Unknown Source), java.base/jdk.internal.reflect.DelegatingMethodAccessorImpl.invoke(DelegatingMethodAccessorImpl.java:43), java.base/java.lang.reflect.Method.invoke(Method.java:569), org.testng.internal.invokers.MethodInvocationHelper.invokeMethod(MethodInvocationHelper.java:141), org.testng.internal.invokers.MethodInvocationHelper.invokeMethodConsideringTimeout(MethodInvocationHelper.java:71), org.testng.internal.invokers.ConfigInvoker.invokeConfigurationMethod(ConfigInvoker.java:400), org.testng.internal.invokers.ConfigInvoker.invokeConfigurations(ConfigInvoker.java:333), org.testng.internal.invokers.TestInvoker.runConfigMethods(TestInvoker.java:836), org.testng.internal.invokers.TestInvoker.invokeMethod(TestInvoker.java:601), org.testng.internal.invokers.TestInvoker.invokeTestMethod(TestInvoker.java:230), org.testng.internal.invokers.MethodRunner.runInSequence(MethodRunner.java:63), org.testng.internal.invokers.TestInvoker$MethodInvocationAgent.invoke(TestInvoker.java:995), org.testng.internal.invokers.TestInvoker.invokeTestMethods(TestInvoker.java:203), org.testng.internal.invokers.TestMethodWorker.invokeTestMethods(TestMethodWorker.java:154), org.testng.internal.invokers.TestMethodWorker.run(TestMethodWorker.java:134), java.base/java.util.ArrayList.forEach(ArrayList.java:1511), org.testng.TestRunner.privateRun(TestRunner.java:741), org.testng.TestRunner.run(TestRunner.java:616), org.testng.SuiteRunner.runTest(SuiteRunner.java:421), org.testng.SuiteRunner$SuiteWorker.run(SuiteRunner.java:463), org.testng.internal.thread.ThreadUtil.lambda$execute$0(ThreadUtil.java:64), java.base/java.util.concurrent.FutureTask.run(FutureTask.java:264), java.base/java.util.concurrent.ThreadPoolExecutor.runWorker(ThreadPoolExecutor.java:1136), java.base/java.util.concurrent.ThreadPoolExecutor$Worker.run(ThreadPoolExecutor.java:635), java.base/java.lang.Thread.run(Thread.java:840)]","time":{"start":1743013487382,"stop":1743013487382,"duration":0}},{"uid":"6ef7222e7489c971","reportUrl":"https://circlek-global.github.io/gmbat-tests-eu-mobile-automation/1544//#testresult/6ef7222e7489c971","status":"broken","statusDetails":"Element [AppiumBy.accessibilityId: top-text-area] wasn't having the expected text after [30] seconds!\nException: org.openqa.selenium.TimeoutException: Expected condition failed: Element [AppiumBy.accessibilityId: top-text-area] wasn't having the expected text after [30] seconds! (tried for 30 second(s) with 250 milliseconds interval)\nBuild info: version: '4.19.0', revision: '5f9cec8963'\nSystem info: os.name: 'Linux', os.arch: 'amd64', os.version: '6.8.0-1021-azure', java.version: '17.0.14'\nDriver info: driver.version: unknown\nFor documentation on this error, please visit: https://www.selenium.dev/documentation/webdriver/troubleshooting/errors#no-such-element-exception\nBuild info: version: '4.19.0', revision: '5f9cec8963'\nSystem info: os.name: 'Linux', os.arch: 'amd64', os.version: '6.8.0-1021-azure', java.version: '17.0.14'\nDriver info: driver.version: unknown","time":{"start":1742980332088,"stop":1742980426785,"duration":94697}},{"uid":"3f199f4513d3a08b","reportUrl":"https://circlek-global.github.io/gmbat-tests-eu-mobile-automation/1532//#testresult/3f199f4513d3a08b","status":"skipped","statusDetails":"The provided search context cannot be null","time":{"start":1742926753874,"stop":1742926753874,"duration":0}},{"uid":"35022057d550f449","reportUrl":"https://circlek-global.github.io/gmbat-tests-eu-mobile-automation/1527//#testresult/35022057d550f449","status":"passed","time":{"start":1742910937823,"stop":1742911103745,"duration":165922}},{"uid":"530a1ba490276e1f","reportUrl":"https://circlek-global.github.io/gmbat-tests-eu-mobile-automation/1512//#testresult/530a1ba490276e1f","status":"broken","statusDetails":"Element [AppiumBy.id: account.tab-bar] wasn't clickable after [15] seconds!\nException: org.openqa.selenium.TimeoutException: Expected condition failed: Element [AppiumBy.id: account.tab-bar] wasn't clickable after [15] seconds! (tried for 15 second(s) with 250 milliseconds interval)\nFor documentation on this error, please visit: https://www.selenium.dev/documentation/webdriver/troubleshooting/errors#no-such-element-exception\nBuild info: version: '4.19.0', revision: '5f9cec8963'\nSystem info: os.name: 'Linux', os.arch: 'amd64', os.version: '6.8.0-1021-azure', java.version: '17.0.14'\nDriver info: driver.version: unknown","time":{"start":1742836844854,"stop":1742836878812,"duration":33958}},{"uid":"63001778d9378c91","reportUrl":"https://circlek-global.github.io/gmbat-tests-eu-mobile-automation/1499//#testresult/63001778d9378c91","status":"passed","time":{"start":1742578373557,"stop":1742578508771,"duration":135214}},{"uid":"680ffff531708b05","reportUrl":"https://circlek-global.github.io/gmbat-tests-eu-mobile-automation/1495//#testresult/680ffff531708b05","status":"broken","statusDetails":"Element [By.xpath: //android.widget.TextView[@text=\"Do you want to upgrade this wash?\"]] wasn't visible after [15] seconds!\nException: org.openqa.selenium.TimeoutException: Expected condition failed: Element [By.xpath: //android.widget.TextView[@text=\"Do you want to upgrade this wash?\"]] wasn't visible after [15] seconds! (tried for 15 second(s) with 250 milliseconds interval)\nFor documentation on this error, please visit: https://www.selenium.dev/documentation/webdriver/troubleshooting/errors#no-such-element-exception\nBuild info: version: '4.19.0', revision: '5f9cec8963'\nSystem info: os.name: 'Linux', os.arch: 'amd64', os.version: '6.8.0-1021-azure', java.version: '17.0.14'\nDriver info: driver.version: unknown","time":{"start":1742558228096,"stop":1742558329509,"duration":101413}},{"uid":"3241d5e06cb1cea4","reportUrl":"https://circlek-global.github.io/gmbat-tests-eu-mobile-automation/1485//#testresult/3241d5e06cb1cea4","status":"broken","statusDetails":"Element [AppiumBy.id: account.tab-bar] wasn't clickable after [15] seconds!\nException: org.openqa.selenium.TimeoutException: Expected condition failed: Element [AppiumBy.id: account.tab-bar] wasn't clickable after [15] seconds! (tried for 15 second(s) with 250 milliseconds interval)\nFor documentation on this error, please visit: https://www.selenium.dev/documentation/webdriver/troubleshooting/errors#no-such-element-exception\nBuild info: version: '4.19.0', revision: '5f9cec8963'\nSystem info: os.name: 'Linux', os.arch: 'amd64', os.version: '6.8.0-1021-azure', java.version: '17.0.14'\nDriver info: driver.version: unknown","time":{"start":1742490970168,"stop":1742490999574,"duration":29406}},{"uid":"d67c31e210ea203c","reportUrl":"https://circlek-global.github.io/gmbat-tests-eu-mobile-automation/1483//#testresult/d67c31e210ea203c","status":"broken","statusDetails":"Element [By.xpath: //android.widget.TextView[@text=\"Do you want to upgrade this wash?\"]] wasn't visible after [15] seconds!\nException: org.openqa.selenium.TimeoutException: Expected condition failed: Element [By.xpath: //android.widget.TextView[@text=\"Do you want to upgrade this wash?\"]] wasn't visible after [15] seconds! (tried for 15 second(s) with 250 milliseconds interval)\nFor documentation on this error, please visit: https://www.selenium.dev/documentation/webdriver/troubleshooting/errors#no-such-element-exception\nBuild info: version: '4.19.0', revision: '5f9cec8963'\nSystem info: os.name: 'Linux', os.arch: 'amd64', os.version: '6.8.0-1021-azure', java.version: '17.0.14'\nDriver info: driver.version: unknown","time":{"start":1742471907680,"stop":1742472005339,"duration":97659}},{"uid":"586b7f4801fbdba5","reportUrl":"https://circlek-global.github.io/gmbat-tests-eu-mobile-automation/1471//#testresult/586b7f4801fbdba5","status":"broken","statusDetails":"Element [AppiumBy.accessibilityId: car-not-detected.button] wasn't clickable after [15] seconds!\nException: org.openqa.selenium.TimeoutException: Expected condition failed: Element [AppiumBy.accessibilityId: car-not-detected.button] wasn't clickable after [15] seconds! (tried for 15 second(s) with 250 milliseconds interval)\nFor documentation on this error, please visit: https://www.selenium.dev/documentation/webdriver/troubleshooting/errors#no-such-element-exception\nBuild info: version: '4.19.0', revision: '5f9cec8963'\nSystem info: os.name: 'Linux', os.arch: 'amd64', os.version: '6.8.0-1021-azure', java.version: '17.0.14'\nDriver info: driver.version: unknown","time":{"start":1742405188977,"stop":1742405289068,"duration":100091}},{"uid":"3110ae704f185cf3","reportUrl":"https://circlek-global.github.io/gmbat-tests-eu-mobile-automation/1456//#testresult/3110ae704f185cf3","status":"skipped","statusDetails":"The provided search context cannot be null","time":{"start":1742322176517,"stop":1742322176517,"duration":0}},{"uid":"71e25f8c686c4713","reportUrl":"https://circlek-global.github.io/gmbat-tests-eu-mobile-automation/1444//#testresult/71e25f8c686c4713","status":"broken","statusDetails":"Element [AppiumBy.accessibilityId: cancel.button] wasn't clickable after [15] seconds!\nException: org.openqa.selenium.TimeoutException: Expected condition failed: Element [AppiumBy.accessibilityId: cancel.button] wasn't clickable after [15] seconds! (tried for 15 second(s) with 250 milliseconds interval)\nFor documentation on this error, please visit: https://www.selenium.dev/documentation/webdriver/troubleshooting/errors#no-such-element-exception\nBuild info: version: '4.19.0', revision: '5f9cec8963'\nSystem info: os.name: 'Linux', os.arch: 'amd64', os.version: '6.8.0-1021-azure', java.version: '17.0.14'\nDriver info: driver.version: unknown","time":{"start":1742232781908,"stop":1742232934604,"duration":152696}},{"uid":"424881a81edff81a","reportUrl":"https://circlek-global.github.io/gmbat-tests-eu-mobile-automation/1439//#testresult/424881a81edff81a","status":"broken","statusDetails":"Element [By.xpath: //android.widget.TextView[@text=\"Do you want to upgrade this wash?\"]] wasn't visible after [15] seconds!\nException: org.openqa.selenium.TimeoutException: Expected condition failed: Element [By.xpath: //android.widget.TextView[@text=\"Do you want to upgrade this wash?\"]] wasn't visible after [15] seconds! (tried for 15 second(s) with 250 milliseconds interval)\nFor documentation on this error, please visit: https://www.selenium.dev/documentation/webdriver/troubleshooting/errors#no-such-element-exception\nBuild info: version: '4.19.0', revision: '5f9cec8963'\nSystem info: os.name: 'Linux', os.arch: 'amd64', os.version: '6.8.0-1021-azure', java.version: '17.0.14'\nDriver info: driver.version: unknown","time":{"start":1742209560945,"stop":1742209667686,"duration":106741}}]},"tags":["CarWashSubscription"]},"source":"3afd497b58bce47d.json","parameterValues":["GalaxyS20FE"]}