{"uid":"47537d25ade97625","name":"EXTRA Tier 2 CWS purchase flow - user located at store with CWS - SE","fullName":"testcases.ExtraTier2SETests.CWSPurchaseFlowUserLocatedAtStoreWithCWSTier2SE","historyId":"165923eee7dce6adabb56ecebc08f613","time":{"start":1743075636485,"stop":1743075822540,"duration":186055},"description":"EXTRA Tier 2 CWS purchase flow - user located at store with CWS - SE","descriptionHtml":"<p>EXTRA Tier 2 CWS purchase flow - user located at store with CWS - SE</p>\n","status":"broken","statusMessage":"Element [By.xpath: //android.widget.TextView[contains(@text, 'You are sooo close now!') and contains(@text, '25 öre/l') and contains(@text, '20 öre/kWh')]] wasn't visible after [15] seconds!\nException: org.openqa.selenium.TimeoutException: Expected condition failed: Element [By.xpath: //android.widget.TextView[contains(@text, 'You are sooo close now!') and contains(@text, '25 öre/l') and contains(@text, '20 öre/kWh')]] wasn't visible after [15] seconds! (tried for 15 second(s) with 250 milliseconds interval)\nFor documentation on this error, please visit: https://www.selenium.dev/documentation/webdriver/troubleshooting/errors#no-such-element-exception\nBuild info: version: '4.19.0', revision: '5f9cec8963'\nSystem info: os.name: 'Linux', os.arch: 'amd64', os.version: '6.8.0-1021-azure', java.version: '17.0.14'\nDriver info: driver.version: unknown","statusTrace":"org.openqa.selenium.NoSuchElementException: Element [By.xpath: //android.widget.TextView[contains(@text, 'You are sooo close now!') and contains(@text, '25 öre/l') and contains(@text, '20 öre/kWh')]] wasn't visible after [15] seconds!\nException: org.openqa.selenium.TimeoutException: Expected condition failed: Element [By.xpath: //android.widget.TextView[contains(@text, 'You are sooo close now!') and contains(@text, '25 öre/l') and contains(@text, '20 öre/kWh')]] wasn't visible after [15] seconds! (tried for 15 second(s) with 250 milliseconds interval)\nFor documentation on this error, please visit: https://www.selenium.dev/documentation/webdriver/troubleshooting/errors#no-such-element-exception\nBuild info: version: '4.19.0', revision: '5f9cec8963'\nSystem info: os.name: 'Linux', os.arch: 'amd64', os.version: '6.8.0-1021-azure', java.version: '17.0.14'\nDriver info: driver.version: unknown\n\tat com.gmap.core.common.handlers.WaitHandler.waitUntil(WaitHandler.java:163)\n\tat com.gmap.core.common.handlers.WaitHandler.waitForElementToBeVisible(WaitHandler.java:196)\n\tat com.gmap.core.pages_common.HomePage.checkThatCheerUpMessageTierIsDisplayed(HomePage.java:1079)\n\tat testcases.ExtraTier2SETests.CWSPurchaseFlowUserLocatedAtStoreWithCWSTier2SE(ExtraTier2SETests.java:159)\n\tat java.base/jdk.internal.reflect.NativeMethodAccessorImpl.invoke0(Native Method)\n\tat java.base/jdk.internal.reflect.NativeMethodAccessorImpl.invoke(NativeMethodAccessorImpl.java:77)\n\tat java.base/jdk.internal.reflect.DelegatingMethodAccessorImpl.invoke(DelegatingMethodAccessorImpl.java:43)\n\tat java.base/java.lang.reflect.Method.invoke(Method.java:569)\n\tat org.testng.internal.invokers.MethodInvocationHelper.invokeMethod(MethodInvocationHelper.java:141)\n\tat org.testng.internal.invokers.MethodInvocationHelper$1.runTestMethod(MethodInvocationHelper.java:260)\n\tat settings.hooks.Hooks.run(Hooks.java:59)\n\tat org.testng.internal.invokers.MethodInvocationHelper.invokeHookable(MethodInvocationHelper.java:274)\n\tat org.testng.internal.invokers.TestInvoker.invokeMethod(TestInvoker.java:679)\n\tat org.testng.internal.invokers.TestInvoker.retryFailed(TestInvoker.java:269)\n\tat org.testng.internal.invokers.MethodRunner.runInSequence(MethodRunner.java:76)\n\tat org.testng.internal.invokers.TestInvoker$MethodInvocationAgent.invoke(TestInvoker.java:995)\n\tat org.testng.internal.invokers.TestInvoker.invokeTestMethods(TestInvoker.java:203)\n\tat org.testng.internal.invokers.TestMethodWorker.invokeTestMethods(TestMethodWorker.java:154)\n\tat org.testng.internal.invokers.TestMethodWorker.run(TestMethodWorker.java:134)\n\tat java.base/java.util.ArrayList.forEach(ArrayList.java:1511)\n\tat org.testng.TestRunner.privateRun(TestRunner.java:741)\n\tat org.testng.TestRunner.run(TestRunner.java:616)\n\tat org.testng.SuiteRunner.runTest(SuiteRunner.java:421)\n\tat org.testng.SuiteRunner$SuiteWorker.run(SuiteRunner.java:463)\n\tat org.testng.internal.thread.ThreadUtil.lambda$execute$0(ThreadUtil.java:64)\n\tat java.base/java.util.concurrent.FutureTask.run(FutureTask.java:264)\n\tat java.base/java.util.concurrent.ThreadPoolExecutor.runWorker(ThreadPoolExecutor.java:1136)\n\tat java.base/java.util.concurrent.ThreadPoolExecutor$Worker.run(ThreadPoolExecutor.java:635)\n\tat java.base/java.lang.Thread.run(Thread.java:840)\n","flaky":false,"newFailed":false,"newBroken":true,"newPassed":false,"retriesCount":1,"retriesStatusChange":true,"beforeStages":[{"name":"Base Before Test","time":{"start":1743075331862,"stop":1743075331862,"duration":0},"description":"Base Before Test","status":"passed","steps":[],"attachments":[],"parameters":[],"shouldDisplayMessage":false,"stepsCount":0,"attachmentsCount":0,"hasContent":false,"attachmentStep":false},{"name":"springTestContextBeforeTestClass","time":{"start":1743075331987,"stop":1743075333124,"duration":1137},"description":"","status":"passed","steps":[],"attachments":[],"parameters":[],"shouldDisplayMessage":false,"stepsCount":0,"attachmentsCount":0,"hasContent":false,"attachmentStep":false},{"name":"springTestContextPrepareTestInstance","time":{"start":1743075333124,"stop":1743075333322,"duration":198},"description":"","status":"passed","steps":[],"attachments":[],"parameters":[],"shouldDisplayMessage":false,"stepsCount":0,"attachmentsCount":0,"hasContent":false,"attachmentStep":false},{"name":"Base Before Class","time":{"start":1743075333326,"stop":1743075333328,"duration":2},"description":"Base Before Class","status":"passed","steps":[],"attachments":[],"parameters":[],"shouldDisplayMessage":false,"stepsCount":0,"attachmentsCount":0,"hasContent":false,"attachmentStep":false},{"name":"springTestContextBeforeTestMethod","time":{"start":1743075584770,"stop":1743075584770,"duration":0},"description":"","status":"passed","steps":[],"attachments":[],"parameters":[],"shouldDisplayMessage":false,"stepsCount":0,"attachmentsCount":0,"hasContent":false,"attachmentStep":false},{"name":"Base Before Test Method","time":{"start":1743075584771,"stop":1743075635821,"duration":51050},"description":"Base Before Test Method","status":"passed","steps":[],"attachments":[{"uid":"eb9a5c4874dfe0de","name":"REQUEST | POST https://api.uat.circlek.com/eu/ngrp-gmap-authn/v1/auth","source":"eb9a5c4874dfe0de.html","type":"text/html","size":621},{"uid":"32e68ab7690282a4","name":"RESPONSE | POST https://api.uat.circlek.com/eu/ngrp-gmap-authn/v1/auth [404]","source":"32e68ab7690282a4.html","type":"text/html","size":745}],"parameters":[],"shouldDisplayMessage":false,"stepsCount":0,"attachmentsCount":2,"hasContent":true,"attachmentStep":false},{"name":"initTestConfig","time":{"start":1743075635822,"stop":1743075635830,"duration":8},"description":"","status":"passed","steps":[],"attachments":[],"parameters":[],"shouldDisplayMessage":false,"stepsCount":0,"attachmentsCount":0,"hasContent":false,"attachmentStep":false}],"testStage":{"description":"EXTRA Tier 2 CWS purchase flow - user located at store with CWS - SE","status":"broken","statusMessage":"Element [By.xpath: //android.widget.TextView[contains(@text, 'You are sooo close now!') and contains(@text, '25 öre/l') and contains(@text, '20 öre/kWh')]] wasn't visible after [15] seconds!\nException: org.openqa.selenium.TimeoutException: Expected condition failed: Element [By.xpath: //android.widget.TextView[contains(@text, 'You are sooo close now!') and contains(@text, '25 öre/l') and contains(@text, '20 öre/kWh')]] wasn't visible after [15] seconds! (tried for 15 second(s) with 250 milliseconds interval)\nFor documentation on this error, please visit: https://www.selenium.dev/documentation/webdriver/troubleshooting/errors#no-such-element-exception\nBuild info: version: '4.19.0', revision: '5f9cec8963'\nSystem info: os.name: 'Linux', os.arch: 'amd64', os.version: '6.8.0-1021-azure', java.version: '17.0.14'\nDriver info: driver.version: unknown","statusTrace":"org.openqa.selenium.NoSuchElementException: Element [By.xpath: //android.widget.TextView[contains(@text, 'You are sooo close now!') and contains(@text, '25 öre/l') and contains(@text, '20 öre/kWh')]] wasn't visible after [15] seconds!\nException: org.openqa.selenium.TimeoutException: Expected condition failed: Element [By.xpath: //android.widget.TextView[contains(@text, 'You are sooo close now!') and contains(@text, '25 öre/l') and contains(@text, '20 öre/kWh')]] wasn't visible after [15] seconds! (tried for 15 second(s) with 250 milliseconds interval)\nFor documentation on this error, please visit: https://www.selenium.dev/documentation/webdriver/troubleshooting/errors#no-such-element-exception\nBuild info: version: '4.19.0', revision: '5f9cec8963'\nSystem info: os.name: 'Linux', os.arch: 'amd64', os.version: '6.8.0-1021-azure', java.version: '17.0.14'\nDriver info: driver.version: unknown\n\tat com.gmap.core.common.handlers.WaitHandler.waitUntil(WaitHandler.java:163)\n\tat com.gmap.core.common.handlers.WaitHandler.waitForElementToBeVisible(WaitHandler.java:196)\n\tat com.gmap.core.pages_common.HomePage.checkThatCheerUpMessageTierIsDisplayed(HomePage.java:1079)\n\tat testcases.ExtraTier2SETests.CWSPurchaseFlowUserLocatedAtStoreWithCWSTier2SE(ExtraTier2SETests.java:159)\n\tat java.base/jdk.internal.reflect.NativeMethodAccessorImpl.invoke0(Native Method)\n\tat java.base/jdk.internal.reflect.NativeMethodAccessorImpl.invoke(NativeMethodAccessorImpl.java:77)\n\tat java.base/jdk.internal.reflect.DelegatingMethodAccessorImpl.invoke(DelegatingMethodAccessorImpl.java:43)\n\tat java.base/java.lang.reflect.Method.invoke(Method.java:569)\n\tat org.testng.internal.invokers.MethodInvocationHelper.invokeMethod(MethodInvocationHelper.java:141)\n\tat org.testng.internal.invokers.MethodInvocationHelper$1.runTestMethod(MethodInvocationHelper.java:260)\n\tat settings.hooks.Hooks.run(Hooks.java:59)\n\tat org.testng.internal.invokers.MethodInvocationHelper.invokeHookable(MethodInvocationHelper.java:274)\n\tat org.testng.internal.invokers.TestInvoker.invokeMethod(TestInvoker.java:679)\n\tat org.testng.internal.invokers.TestInvoker.retryFailed(TestInvoker.java:269)\n\tat org.testng.internal.invokers.MethodRunner.runInSequence(MethodRunner.java:76)\n\tat org.testng.internal.invokers.TestInvoker$MethodInvocationAgent.invoke(TestInvoker.java:995)\n\tat org.testng.internal.invokers.TestInvoker.invokeTestMethods(TestInvoker.java:203)\n\tat org.testng.internal.invokers.TestMethodWorker.invokeTestMethods(TestMethodWorker.java:154)\n\tat org.testng.internal.invokers.TestMethodWorker.run(TestMethodWorker.java:134)\n\tat java.base/java.util.ArrayList.forEach(ArrayList.java:1511)\n\tat org.testng.TestRunner.privateRun(TestRunner.java:741)\n\tat org.testng.TestRunner.run(TestRunner.java:616)\n\tat org.testng.SuiteRunner.runTest(SuiteRunner.java:421)\n\tat org.testng.SuiteRunner$SuiteWorker.run(SuiteRunner.java:463)\n\tat org.testng.internal.thread.ThreadUtil.lambda$execute$0(ThreadUtil.java:64)\n\tat java.base/java.util.concurrent.FutureTask.run(FutureTask.java:264)\n\tat java.base/java.util.concurrent.ThreadPoolExecutor.runWorker(ThreadPoolExecutor.java:1136)\n\tat java.base/java.util.concurrent.ThreadPoolExecutor$Worker.run(ThreadPoolExecutor.java:635)\n\tat java.base/java.lang.Thread.run(Thread.java:840)\n","steps":[{"name":"I check that the \"Welcome Screen\" is displayed","time":{"start":1743075659597,"stop":1743075660196,"duration":599},"status":"passed","steps":[],"attachments":[],"parameters":[],"shouldDisplayMessage":false,"stepsCount":0,"attachmentsCount":0,"hasContent":false,"attachmentStep":false},{"name":"I click on \"GET STARTED\" button","time":{"start":1743075660196,"stop":1743075662822,"duration":2626},"status":"passed","steps":[],"attachments":[],"parameters":[],"shouldDisplayMessage":false,"stepsCount":0,"attachmentsCount":0,"hasContent":false,"attachmentStep":false},{"name":"I check that the \"Choose Data Preferences Screen\" is displayed","time":{"start":1743075662822,"stop":1743075663712,"duration":890},"status":"passed","steps":[],"attachments":[],"parameters":[],"shouldDisplayMessage":false,"stepsCount":0,"attachmentsCount":0,"hasContent":false,"attachmentStep":false},{"name":"I click on \"ALLOW ALL TRACKING\" button","time":{"start":1743075663712,"stop":1743075665226,"duration":1514},"status":"passed","steps":[],"attachments":[],"parameters":[],"shouldDisplayMessage":false,"stepsCount":0,"attachmentsCount":0,"hasContent":false,"attachmentStep":false},{"name":"I check that the \"First SignIn Screen\" is displayed","time":{"start":1743075665226,"stop":1743075666180,"duration":954},"status":"passed","steps":[],"attachments":[],"parameters":[],"shouldDisplayMessage":false,"stepsCount":0,"attachmentsCount":0,"hasContent":false,"attachmentStep":false},{"name":"I click on \"PHONE NUMBER PREFIX\" button","time":{"start":1743075666181,"stop":1743075667609,"duration":1428},"status":"passed","steps":[],"attachments":[],"parameters":[],"shouldDisplayMessage":false,"stepsCount":0,"attachmentsCount":0,"hasContent":false,"attachmentStep":false},{"name":"I check that the \"All Country List Pane\" is displayed","time":{"start":1743075667609,"stop":1743075670302,"duration":2693},"status":"passed","steps":[],"attachments":[],"parameters":[],"shouldDisplayMessage":false,"stepsCount":0,"attachmentsCount":0,"hasContent":false,"attachmentStep":false},{"name":"I enter the country name \"Poland\" in the search box","time":{"start":1743075670302,"stop":1743075671864,"duration":1562},"status":"passed","steps":[],"attachments":[],"parameters":[{"name":"Country Name:","value":"Poland"}],"shouldDisplayMessage":false,"stepsCount":0,"attachmentsCount":0,"hasContent":true,"attachmentStep":false},{"name":"I click on \"DISPLAYED COUNTRY\" button","time":{"start":1743075671864,"stop":1743075675240,"duration":3376},"status":"passed","steps":[],"attachments":[],"parameters":[],"shouldDisplayMessage":false,"stepsCount":0,"attachmentsCount":0,"hasContent":false,"attachmentStep":false},{"name":"I click on \"PHONE NUMBER\" input","time":{"start":1743075675240,"stop":1743075677622,"duration":2382},"status":"passed","steps":[],"attachments":[],"parameters":[],"shouldDisplayMessage":false,"stepsCount":0,"attachmentsCount":0,"hasContent":false,"attachmentStep":false},{"name":"I enter the phone number \"799731000\" in the input","time":{"start":1743075677622,"stop":1743075682200,"duration":4578},"status":"passed","steps":[],"attachments":[],"parameters":[{"name":"Phone number:","value":"799731000"}],"shouldDisplayMessage":false,"stepsCount":0,"attachmentsCount":0,"hasContent":true,"attachmentStep":false},{"name":"I click on \"LET'S GO\" button","time":{"start":1743075682201,"stop":1743075688131,"duration":5930},"status":"passed","steps":[],"attachments":[],"parameters":[{"name":"wait","value":"true"}],"shouldDisplayMessage":false,"stepsCount":0,"attachmentsCount":0,"hasContent":true,"attachmentStep":false},{"name":"I check that the \"Password Screen\" is displayed","time":{"start":1743075688131,"stop":1743075688612,"duration":481},"status":"passed","steps":[],"attachments":[],"parameters":[],"shouldDisplayMessage":false,"stepsCount":0,"attachmentsCount":0,"hasContent":false,"attachmentStep":false},{"name":"I click on \"PASSWORD\" input","time":{"start":1743075688613,"stop":1743075691036,"duration":2423},"status":"passed","steps":[],"attachments":[],"parameters":[],"shouldDisplayMessage":false,"stepsCount":0,"attachmentsCount":0,"hasContent":false,"attachmentStep":false},{"name":"I enter the password \"#Test123\" in the input","time":{"start":1743075691036,"stop":1743075695291,"duration":4255},"status":"passed","steps":[],"attachments":[],"parameters":[{"name":"Password:","value":"#Test123"}],"shouldDisplayMessage":false,"stepsCount":0,"attachmentsCount":0,"hasContent":true,"attachmentStep":false},{"name":"I click on \"SIGN IN\" button","time":{"start":1743075695291,"stop":1743075702378,"duration":7087},"status":"passed","steps":[],"attachments":[],"parameters":[],"shouldDisplayMessage":false,"stepsCount":0,"attachmentsCount":0,"hasContent":false,"attachmentStep":false},{"name":"I check that the \"Notification Permission Screen\" is displayed","time":{"start":1743075702382,"stop":1743075702891,"duration":509},"status":"passed","steps":[],"attachments":[],"parameters":[],"shouldDisplayMessage":false,"stepsCount":0,"attachmentsCount":0,"hasContent":false,"attachmentStep":false},{"name":"I click on \"CONTINUE\" button","time":{"start":1743075702892,"stop":1743075704384,"duration":1492},"status":"passed","steps":[],"attachments":[],"parameters":[],"shouldDisplayMessage":false,"stepsCount":0,"attachmentsCount":0,"hasContent":false,"attachmentStep":false},{"name":"I check that the \"Location Permission Flow Screen\" is displayed","time":{"start":1743075704385,"stop":1743075705330,"duration":945},"status":"passed","steps":[],"attachments":[],"parameters":[],"shouldDisplayMessage":false,"stepsCount":0,"attachmentsCount":0,"hasContent":false,"attachmentStep":false},{"name":"I click on \"CONTINUE\" button","time":{"start":1743075705330,"stop":1743075706787,"duration":1457},"status":"passed","steps":[],"attachments":[],"parameters":[],"shouldDisplayMessage":false,"stepsCount":0,"attachmentsCount":0,"hasContent":false,"attachmentStep":false},{"name":"I close \"Tell Us What You Think Pane\"","time":{"start":1743075706787,"stop":1743075713405,"duration":6618},"status":"passed","steps":[],"attachments":[],"parameters":[{"name":"time","value":"[]"}],"shouldDisplayMessage":false,"stepsCount":0,"attachmentsCount":0,"hasContent":true,"attachmentStep":false},{"name":"I skip linking my card","time":{"start":1743075713406,"stop":1743075716530,"duration":3124},"status":"passed","steps":[],"attachments":[],"parameters":[{"name":"time","value":"[15]"}],"shouldDisplayMessage":false,"stepsCount":0,"attachmentsCount":0,"hasContent":true,"attachmentStep":false},{"name":"I handle\"Stay Informed About Offers Pane\" marketing consent","time":{"start":1743075716530,"stop":1743075722693,"duration":6163},"status":"passed","steps":[{"name":"I accept \"Stay Informed About Offers Pane\" marketing consent","time":{"start":1743075716530,"stop":1743075722693,"duration":6163},"status":"passed","steps":[],"attachments":[],"parameters":[],"shouldDisplayMessage":false,"stepsCount":0,"attachmentsCount":0,"hasContent":false,"attachmentStep":false}],"attachments":[],"parameters":[],"shouldDisplayMessage":false,"stepsCount":1,"attachmentsCount":0,"hasContent":true,"attachmentStep":false},{"name":"I click on \"MAYBE LATER\" button","time":{"start":1743075722693,"stop":1743075728349,"duration":5656},"status":"passed","steps":[],"attachments":[],"parameters":[],"shouldDisplayMessage":false,"stepsCount":0,"attachmentsCount":0,"hasContent":false,"attachmentStep":false},{"name":"I check that the \"Home Screen\" is displayed","time":{"start":1743075728350,"stop":1743075728876,"duration":526},"status":"passed","steps":[],"attachments":[],"parameters":[],"shouldDisplayMessage":false,"stepsCount":0,"attachmentsCount":0,"hasContent":false,"attachmentStep":false},{"name":"I check that the location services are enabled on real device","time":{"start":1743075728876,"stop":1743075751235,"duration":22359},"status":"passed","steps":[{"name":"I check that the \"Enable location\" warning is displayed","time":{"start":1743075728878,"stop":1743075741017,"duration":12139},"status":"passed","steps":[],"attachments":[],"parameters":[],"shouldDisplayMessage":false,"stepsCount":0,"attachmentsCount":0,"hasContent":false,"attachmentStep":false},{"name":"I check that the \"We can't find you\" text is displayed","time":{"start":1743075741017,"stop":1743075751235,"duration":10218},"status":"passed","steps":[],"attachments":[],"parameters":[],"shouldDisplayMessage":false,"stepsCount":0,"attachmentsCount":0,"hasContent":false,"attachmentStep":false}],"attachments":[],"parameters":[],"shouldDisplayMessage":false,"stepsCount":2,"attachmentsCount":0,"hasContent":true,"attachmentStep":false},{"name":"I mock the location of the device to \"SWEDEN_20888\"","time":{"start":1743075751235,"stop":1743075794548,"duration":43313},"status":"passed","steps":[{"name":"I click on \"ACCOUNT\" button","time":{"start":1743075751237,"stop":1743075752925,"duration":1688},"status":"passed","steps":[],"attachments":[],"parameters":[],"shouldDisplayMessage":false,"stepsCount":0,"attachmentsCount":0,"hasContent":false,"attachmentStep":false},{"name":"I check that the \"Account Screen\" is displayed","time":{"start":1743075752925,"stop":1743075754130,"duration":1205},"status":"passed","steps":[],"attachments":[],"parameters":[],"shouldDisplayMessage":false,"stepsCount":0,"attachmentsCount":0,"hasContent":false,"attachmentStep":false},{"name":"I check that the \"Profile\" tab is displayed","time":{"start":1743075754130,"stop":1743075754883,"duration":753},"status":"passed","steps":[],"attachments":[],"parameters":[],"shouldDisplayMessage":false,"stepsCount":0,"attachmentsCount":0,"hasContent":false,"attachmentStep":false},{"name":"I click on \"BUILD NUMBER\" tab","time":{"start":1743075754883,"stop":1743075763707,"duration":8824},"status":"passed","steps":[],"attachments":[],"parameters":[],"shouldDisplayMessage":false,"stepsCount":0,"attachmentsCount":0,"hasContent":false,"attachmentStep":false},{"name":"I click on \"SET LOCATION\" button","time":{"start":1743075763707,"stop":1743075765832,"duration":2125},"status":"passed","steps":[],"attachments":[],"parameters":[],"shouldDisplayMessage":false,"stepsCount":0,"attachmentsCount":0,"hasContent":false,"attachmentStep":false},{"name":"I enter the location data of the \"SWEDEN_20888\" station","time":{"start":1743075765832,"stop":1743075781780,"duration":15948},"status":"passed","steps":[{"name":"I check \"Set Location\" page is visible","time":{"start":1743075765832,"stop":1743075766826,"duration":994},"status":"passed","steps":[],"attachments":[],"parameters":[],"shouldDisplayMessage":false,"stepsCount":0,"attachmentsCount":0,"hasContent":false,"attachmentStep":false},{"name":"I enter the site ID \"SWEDEN_20888\" in the input","time":{"start":1743075766826,"stop":1743075779425,"duration":12599},"status":"passed","steps":[],"attachments":[],"parameters":[{"name":"Device location:","value":"SWEDEN_20888"}],"shouldDisplayMessage":false,"stepsCount":0,"attachmentsCount":0,"hasContent":true,"attachmentStep":false},{"name":"I click on \"SET LOCATION\" button","time":{"start":1743075779425,"stop":1743075781780,"duration":2355},"status":"passed","steps":[],"attachments":[],"parameters":[],"shouldDisplayMessage":false,"stepsCount":0,"attachmentsCount":0,"hasContent":false,"attachmentStep":false}],"attachments":[],"parameters":[{"name":"Device location:","value":"SWEDEN_20888"},{"name":"useStationId","value":"true"}],"shouldDisplayMessage":false,"stepsCount":3,"attachmentsCount":0,"hasContent":true,"attachmentStep":false},{"name":"I click on \"Car Wash\" advertisement","time":{"start":1743075781780,"stop":1743075786670,"duration":4890},"status":"passed","steps":[{"name":"I check if \"Car Wash\" advertisement is displayed","time":{"start":1743075784115,"stop":1743075786670,"duration":2555},"status":"passed","steps":[],"attachments":[],"parameters":[{"name":"time","value":"2"}],"shouldDisplayMessage":false,"stepsCount":0,"attachmentsCount":0,"hasContent":true,"attachmentStep":false}],"attachments":[],"parameters":[],"shouldDisplayMessage":false,"stepsCount":1,"attachmentsCount":0,"hasContent":true,"attachmentStep":false},{"name":"I close and open application","time":{"start":1743075786670,"stop":1743075787515,"duration":845},"status":"passed","steps":[],"attachments":[],"parameters":[],"shouldDisplayMessage":false,"stepsCount":0,"attachmentsCount":0,"hasContent":false,"attachmentStep":false},{"name":"I make sure that the location is set correctly","time":{"start":1743075787515,"stop":1743075793986,"duration":6471},"status":"passed","steps":[],"attachments":[],"parameters":[],"shouldDisplayMessage":false,"stepsCount":0,"attachmentsCount":0,"hasContent":false,"attachmentStep":false},{"name":"I check that the \"Home Screen\" is displayed","time":{"start":1743075793986,"stop":1743075794548,"duration":562},"status":"passed","steps":[],"attachments":[],"parameters":[],"shouldDisplayMessage":false,"stepsCount":0,"attachmentsCount":0,"hasContent":false,"attachmentStep":false}],"attachments":[],"parameters":[{"name":"Device location:","value":"SWEDEN_20888"},{"name":"useStationId","value":"true"}],"shouldDisplayMessage":false,"stepsCount":14,"attachmentsCount":0,"hasContent":true,"attachmentStep":false},{"name":"I click on \"BUY FUEL\" tab","time":{"start":1743075794548,"stop":1743075796611,"duration":2063},"status":"passed","steps":[],"attachments":[],"parameters":[],"shouldDisplayMessage":false,"stepsCount":0,"attachmentsCount":0,"hasContent":false,"attachmentStep":false},{"name":"I check that \"Pay for Fuel/Plate\" text is displayed","time":{"start":1743075796611,"stop":1743075797280,"duration":669},"status":"passed","steps":[],"attachments":[],"parameters":[],"shouldDisplayMessage":false,"stepsCount":0,"attachmentsCount":0,"hasContent":false,"attachmentStep":false},{"name":"I swipe on the home screen to the \"DOWN\" to see \"VISITS_TAB\" section","time":{"start":1743075797280,"stop":1743075803859,"duration":6579},"status":"passed","steps":[],"attachments":[],"parameters":[{"name":"swipeDirection","value":"DOWN"},{"name":"element","value":"VISITS_TAB"}],"shouldDisplayMessage":false,"stepsCount":0,"attachmentsCount":0,"hasContent":true,"attachmentStep":false},{"name":"I check that the \"Cheer up message\" on \"TIER2\" is displayed in \"SWEDEN\"","time":{"start":1743075803859,"stop":1743075820474,"duration":16615},"status":"broken","statusMessage":"Element [By.xpath: //android.widget.TextView[contains(@text, 'You are sooo close now!') and contains(@text, '25 öre/l') and contains(@text, '20 öre/kWh')]] wasn't visible after [15] seconds!\nException: org.openqa.selenium.TimeoutException: Expected condition failed: Element [By.xpath: //android.widget.TextView[contains(@text, 'You are sooo close now!') and contains(@text, '25 öre/l') and contains(@text, '20 öre/kWh')]] wasn't visible after [15] seconds! (tried for 15 second(s) with 250 milliseconds interval)\nFor documentation on this error, please visit: https://www.selenium.dev/documentation/webdriver/troubleshooting/errors#no-such-element-exception\nBuild info: version: '4.19.0', revision: '5f9cec8963'\nSystem info: os.name: 'Linux', os.arch: 'amd64', os.version: '6.8.0-1021-azure', java.version: '17.0.14'\nDriver info: driver.version: unknown","statusTrace":"org.openqa.selenium.NoSuchElementException: Element [By.xpath: //android.widget.TextView[contains(@text, 'You are sooo close now!') and contains(@text, '25 öre/l') and contains(@text, '20 öre/kWh')]] wasn't visible after [15] seconds!\nException: org.openqa.selenium.TimeoutException: Expected condition failed: Element [By.xpath: //android.widget.TextView[contains(@text, 'You are sooo close now!') and contains(@text, '25 öre/l') and contains(@text, '20 öre/kWh')]] wasn't visible after [15] seconds! (tried for 15 second(s) with 250 milliseconds interval)\nFor documentation on this error, please visit: https://www.selenium.dev/documentation/webdriver/troubleshooting/errors#no-such-element-exception\nBuild info: version: '4.19.0', revision: '5f9cec8963'\nSystem info: os.name: 'Linux', os.arch: 'amd64', os.version: '6.8.0-1021-azure', java.version: '17.0.14'\nDriver info: driver.version: unknown\n\tat com.gmap.core.common.handlers.WaitHandler.waitUntil(WaitHandler.java:163)\n\tat com.gmap.core.common.handlers.WaitHandler.waitForElementToBeVisible(WaitHandler.java:196)\n\tat com.gmap.core.pages_common.HomePage.checkThatCheerUpMessageTierIsDisplayed(HomePage.java:1079)\n\tat testcases.ExtraTier2SETests.CWSPurchaseFlowUserLocatedAtStoreWithCWSTier2SE(ExtraTier2SETests.java:159)\n\tat java.base/jdk.internal.reflect.NativeMethodAccessorImpl.invoke0(Native Method)\n\tat java.base/jdk.internal.reflect.NativeMethodAccessorImpl.invoke(NativeMethodAccessorImpl.java:77)\n\tat java.base/jdk.internal.reflect.DelegatingMethodAccessorImpl.invoke(DelegatingMethodAccessorImpl.java:43)\n\tat java.base/java.lang.reflect.Method.invoke(Method.java:569)\n\tat org.testng.internal.invokers.MethodInvocationHelper.invokeMethod(MethodInvocationHelper.java:141)\n\tat org.testng.internal.invokers.MethodInvocationHelper$1.runTestMethod(MethodInvocationHelper.java:260)\n\tat settings.hooks.Hooks.run(Hooks.java:59)\n\tat org.testng.internal.invokers.MethodInvocationHelper.invokeHookable(MethodInvocationHelper.java:274)\n\tat org.testng.internal.invokers.TestInvoker.invokeMethod(TestInvoker.java:679)\n\tat org.testng.internal.invokers.TestInvoker.retryFailed(TestInvoker.java:269)\n\tat org.testng.internal.invokers.MethodRunner.runInSequence(MethodRunner.java:76)\n\tat org.testng.internal.invokers.TestInvoker$MethodInvocationAgent.invoke(TestInvoker.java:995)\n\tat org.testng.internal.invokers.TestInvoker.invokeTestMethods(TestInvoker.java:203)\n\tat org.testng.internal.invokers.TestMethodWorker.invokeTestMethods(TestMethodWorker.java:154)\n\tat org.testng.internal.invokers.TestMethodWorker.run(TestMethodWorker.java:134)\n\tat java.base/java.util.ArrayList.forEach(ArrayList.java:1511)\n\tat org.testng.TestRunner.privateRun(TestRunner.java:741)\n\tat org.testng.TestRunner.run(TestRunner.java:616)\n\tat org.testng.SuiteRunner.runTest(SuiteRunner.java:421)\n\tat org.testng.SuiteRunner$SuiteWorker.run(SuiteRunner.java:463)\n\tat org.testng.internal.thread.ThreadUtil.lambda$execute$0(ThreadUtil.java:64)\n\tat java.base/java.util.concurrent.FutureTask.run(FutureTask.java:264)\n\tat java.base/java.util.concurrent.ThreadPoolExecutor.runWorker(ThreadPoolExecutor.java:1136)\n\tat java.base/java.util.concurrent.ThreadPoolExecutor$Worker.run(ThreadPoolExecutor.java:635)\n\tat java.base/java.lang.Thread.run(Thread.java:840)\n","steps":[],"attachments":[],"parameters":[{"name":"extraTiers","value":"TIER2"},{"name":"businessUnits","value":"SWEDEN"}],"shouldDisplayMessage":true,"stepsCount":0,"attachmentsCount":0,"hasContent":true,"attachmentStep":false}],"attachments":[{"uid":"dcd745df70747fd9","name":"Screenshot | [27-03-2025]","source":"dcd745df70747fd9.jpg","type":"image/jpg","size":154931}],"parameters":[],"shouldDisplayMessage":false,"stepsCount":48,"attachmentsCount":1,"hasContent":true,"attachmentStep":false},"afterStages":[{"name":"Base After Test Method","time":{"start":1743075824465,"stop":1743075826041,"duration":1576},"description":"Base After Test Method","status":"passed","steps":[],"attachments":[],"parameters":[],"shouldDisplayMessage":false,"stepsCount":0,"attachmentsCount":0,"hasContent":false,"attachmentStep":false},{"name":"springTestContextAfterTestMethod","time":{"start":1743075826042,"stop":1743075826042,"duration":0},"description":"","status":"passed","steps":[],"attachments":[],"parameters":[],"shouldDisplayMessage":false,"stepsCount":0,"attachmentsCount":0,"hasContent":false,"attachmentStep":false},{"name":"Base After Class","time":{"start":1743080634728,"stop":1743080634728,"duration":0},"description":"Base After Class","status":"passed","steps":[],"attachments":[],"parameters":[],"shouldDisplayMessage":false,"stepsCount":0,"attachmentsCount":0,"hasContent":false,"attachmentStep":false},{"name":"springTestContextAfterTestClass","time":{"start":1743080634728,"stop":1743080634728,"duration":0},"description":"","status":"passed","steps":[],"attachments":[],"parameters":[],"shouldDisplayMessage":false,"stepsCount":0,"attachmentsCount":0,"hasContent":false,"attachmentStep":false},{"name":"Base After Test","time":{"start":1743080634729,"stop":1743080634729,"duration":0},"description":"Base After Test","status":"passed","steps":[],"attachments":[],"parameters":[],"shouldDisplayMessage":false,"stepsCount":0,"attachmentsCount":0,"hasContent":false,"attachmentStep":false}],"labels":[{"name":"package","value":"testcases.ExtraTier2SETests"},{"name":"testClass","value":"testcases.ExtraTier2SETests"},{"name":"testMethod","value":"CWSPurchaseFlowUserLocatedAtStoreWithCWSTier2SE"},{"name":"parentSuite","value":"GMAP EU Mobile Test Automation - [ANDROID PARALLEL XML SUITE]"},{"name":"suite","value":"GMAP Tests | Extra Tier 2 SE"},{"name":"subSuite","value":"testcases.ExtraTier2SETests"},{"name":"host","value":"fv-az1076-283"},{"name":"thread","value":"1920@fv-az1076-283.TestNG-tests-6(27)"},{"name":"framework","value":"testng"},{"name":"language","value":"java"},{"name":"owner","value":"Dominik Jakubaszek - [dominik.jakubaszek@circlekeurope.com]"},{"name":"feature","value":"[GMAP] CWS enrollment"},{"name":"tag","value":"CarWash"},{"name":"story","value":"[GMAP] Purchasing CWS subscription"},{"name":"epic","value":"[GMAP] Extra"},{"name":"severity","value":"normal"},{"name":"resultFormat","value":"allure2"}],"parameters":[{"name":"deviceConfig","value":"SamsungGalaxyS24"}],"links":[{"name":"NGRPRG-28363","url":"https://circlek.atlassian.net/browse/NGRPRG-28363","type":"tms"},{"name":"N/A","url":"https://circlek.atlassian.net/browse/N/A","type":"issue"},{"name":"Device logs.txt","url":"https://api.eu-central-1.saucelabs.com/v1/rdc/jobs/69ad731737974b3e83c02d1c7df3d041/deviceLogs"}],"hidden":false,"retry":false,"extra":{"severity":"normal","owner":"Dominik Jakubaszek - [dominik.jakubaszek@circlekeurope.com]","retries":[{"uid":"5e7e102b0cc126d","status":"skipped","statusDetails":"Element [By.xpath: //android.widget.TextView[contains(@text, 'You are sooo close now!') and contains(@text, '25 öre/l') and contains(@text, '20 öre/kWh')]] wasn't visible after [15] seconds!\nException: org.openqa.selenium.TimeoutException: Expected condition failed: Element [By.xpath: //android.widget.TextView[contains(@text, 'You are sooo close now!') and contains(@text, '25 öre/l') and contains(@text, '20 öre/kWh')]] wasn't visible after [15] seconds! (tried for 15 second(s) with 250 milliseconds interval)\nFor documentation on this error, please visit: https://www.selenium.dev/documentation/webdriver/troubleshooting/errors#no-such-element-exception\nBuild info: version: '4.19.0', revision: '5f9cec8963'\nSystem info: os.name: 'Linux', os.arch: 'amd64', os.version: '6.8.0-1021-azure', java.version: '17.0.14'\nDriver info: driver.version: unknown","time":{"start":1743075399902,"stop":1743075581270,"duration":181368}}],"categories":[{"name":"Test defects","matchedStatuses":[],"flaky":false}],"history":{"statistic":{"failed":1,"broken":19,"skipped":5,"passed":99,"unknown":0,"total":124},"items":[{"uid":"e233c3544705c878","reportUrl":"https://circlek-global.github.io/gmbat-tests-eu-mobile-automation/1544//#testresult/e233c3544705c878","status":"passed","time":{"start":1742978412861,"stop":1742978716119,"duration":303258}},{"uid":"a0a234964729c1c5","reportUrl":"https://circlek-global.github.io/gmbat-tests-eu-mobile-automation/1527//#testresult/a0a234964729c1c5","status":"passed","time":{"start":1742909246460,"stop":1742909581758,"duration":335298}},{"uid":"6e9122e14b6a401d","reportUrl":"https://circlek-global.github.io/gmbat-tests-eu-mobile-automation/1495//#testresult/6e9122e14b6a401d","status":"broken","statusDetails":"Element [AppiumBy.accessibilityId: continue-to-payment.button] wasn't invisible after [60] seconds!\nException: org.openqa.selenium.TimeoutException: Expected condition failed: Element [AppiumBy.accessibilityId: continue-to-payment.button] wasn't invisible after [60] seconds! (tried for 60 second(s) with 250 milliseconds interval)\nBuild info: version: '4.19.0', revision: '5f9cec8963'\nSystem info: os.name: 'Linux', os.arch: 'amd64', os.version: '6.8.0-1021-azure', java.version: '17.0.14'\nDriver info: driver.version: unknown\nFor documentation on this error, please visit: https://www.selenium.dev/documentation/webdriver/troubleshooting/errors#no-such-element-exception\nBuild info: version: '4.19.0', revision: '5f9cec8963'\nSystem info: os.name: 'Linux', os.arch: 'amd64', os.version: '6.8.0-1021-azure', java.version: '17.0.14'\nDriver info: driver.version: unknown","time":{"start":1742557339129,"stop":1742557602467,"duration":263338}},{"uid":"f3ac6d72f334dcef","reportUrl":"https://circlek-global.github.io/gmbat-tests-eu-mobile-automation/1483//#testresult/f3ac6d72f334dcef","status":"broken","statusDetails":"Element [AppiumBy.accessibilityId: continue-to-payment.button] wasn't invisible after [60] seconds!\nException: org.openqa.selenium.TimeoutException: Expected condition failed: Element [AppiumBy.accessibilityId: continue-to-payment.button] wasn't invisible after [60] seconds! (tried for 60 second(s) with 250 milliseconds interval)\nBuild info: version: '4.19.0', revision: '5f9cec8963'\nSystem info: os.name: 'Linux', os.arch: 'amd64', os.version: '6.8.0-1021-azure', java.version: '17.0.14'\nDriver info: driver.version: unknown\nFor documentation on this error, please visit: https://www.selenium.dev/documentation/webdriver/troubleshooting/errors#no-such-element-exception\nBuild info: version: '4.19.0', revision: '5f9cec8963'\nSystem info: os.name: 'Linux', os.arch: 'amd64', os.version: '6.8.0-1021-azure', java.version: '17.0.14'\nDriver info: driver.version: unknown","time":{"start":1742470983790,"stop":1742471250689,"duration":266899}},{"uid":"ce6d08aaad0cf46d","reportUrl":"https://circlek-global.github.io/gmbat-tests-eu-mobile-automation/1439//#testresult/ce6d08aaad0cf46d","status":"broken","statusDetails":"Element [AppiumBy.accessibilityId: continue-to-payment.button] wasn't invisible after [60] seconds!\nException: org.openqa.selenium.TimeoutException: Expected condition failed: Element [AppiumBy.accessibilityId: continue-to-payment.button] wasn't invisible after [60] seconds! (tried for 60 second(s) with 250 milliseconds interval)\nBuild info: version: '4.19.0', revision: '5f9cec8963'\nSystem info: os.name: 'Linux', os.arch: 'amd64', os.version: '6.8.0-1021-azure', java.version: '17.0.14'\nDriver info: driver.version: unknown\nFor documentation on this error, please visit: https://www.selenium.dev/documentation/webdriver/troubleshooting/errors#no-such-element-exception\nBuild info: version: '4.19.0', revision: '5f9cec8963'\nSystem info: os.name: 'Linux', os.arch: 'amd64', os.version: '6.8.0-1021-azure', java.version: '17.0.14'\nDriver info: driver.version: unknown","time":{"start":1742208601482,"stop":1742208892360,"duration":290878}},{"uid":"c6842a2dc1f449e5","reportUrl":"https://circlek-global.github.io/gmbat-tests-eu-mobile-automation/1422//#testresult/c6842a2dc1f449e5","status":"passed","time":{"start":1741948370364,"stop":1741948679388,"duration":309024}},{"uid":"29ddc423b12ecb95","reportUrl":"https://circlek-global.github.io/gmbat-tests-eu-mobile-automation/1408//#testresult/29ddc423b12ecb95","status":"passed","time":{"start":1741859368988,"stop":1741859704536,"duration":335548}},{"uid":"a4bad6d53ce58db0","reportUrl":"https://circlek-global.github.io/gmbat-tests-eu-mobile-automation/1387//#testresult/a4bad6d53ce58db0","status":"broken","statusDetails":"Test '[EXTRA Tier 2] CWS purchase flow - user located at store with CWS - SE' failed due to configuration error: 1 expectation failed.\nExpected status code <202> but was <429>.\n","time":{"start":1741772744390,"stop":1741772746846,"duration":2456}},{"uid":"350f5a08326b614e","reportUrl":"https://circlek-global.github.io/gmbat-tests-eu-mobile-automation/1373//#testresult/350f5a08326b614e","status":"passed","time":{"start":1741700184824,"stop":1741700544966,"duration":360142}},{"uid":"3d3a0ffff3e43a79","reportUrl":"https://circlek-global.github.io/gmbat-tests-eu-mobile-automation/1372//#testresult/3d3a0ffff3e43a79","status":"passed","time":{"start":1741693020536,"stop":1741693348547,"duration":328011}},{"uid":"2147638999720775","reportUrl":"https://circlek-global.github.io/gmbat-tests-eu-mobile-automation/1356//#testresult/2147638999720775","status":"broken","statusDetails":"Test '[EXTRA Tier 2] CWS purchase flow - user located at store with CWS - SE' failed due to configuration error: 1 expectation failed.\nExpected status code <202> but was <429>.\n","time":{"start":1741606842754,"stop":1741606845181,"duration":2427}},{"uid":"5cc653a73248ac1b","reportUrl":"https://circlek-global.github.io/gmbat-tests-eu-mobile-automation/1342//#testresult/5cc653a73248ac1b","status":"passed","time":{"start":1741346498442,"stop":1741346795791,"duration":297349}},{"uid":"f618606d0f0948d9","reportUrl":"https://circlek-global.github.io/gmbat-tests-eu-mobile-automation/1321//#testresult/f618606d0f0948d9","status":"passed","time":{"start":1741254890849,"stop":1741255197695,"duration":306846}},{"uid":"e25c68fb7fb11d04","reportUrl":"https://circlek-global.github.io/gmbat-tests-eu-mobile-automation/1305//#testresult/e25c68fb7fb11d04","status":"passed","time":{"start":1741181386743,"stop":1741181730229,"duration":343486}},{"uid":"ec9b6064beb82105","reportUrl":"https://circlek-global.github.io/gmbat-tests-eu-mobile-automation/1304//#testresult/ec9b6064beb82105","status":"broken","statusDetails":"Test '[EXTRA Tier 2] CWS purchase flow - user located at store with CWS - SE' failed due to configuration error: Fetching card token for card 2222410740360010 failed after 30 seconds","time":{"start":1741179963281,"stop":1741179965547,"duration":2266}},{"uid":"755461602144e73c","reportUrl":"https://circlek-global.github.io/gmbat-tests-eu-mobile-automation/1298//#testresult/755461602144e73c","status":"passed","time":{"start":1741162887031,"stop":1741163175041,"duration":288010}},{"uid":"2f1ba185a0c797ca","reportUrl":"https://circlek-global.github.io/gmbat-tests-eu-mobile-automation/1285//#testresult/2f1ba185a0c797ca","status":"passed","time":{"start":1741088972475,"stop":1741089295819,"duration":323344}},{"uid":"7b5c0e47e09ce103","reportUrl":"https://circlek-global.github.io/gmbat-tests-eu-mobile-automation/1283//#testresult/7b5c0e47e09ce103","status":"passed","time":{"start":1741081025538,"stop":1741081323966,"duration":298428}},{"uid":"30d5d38247f75029","reportUrl":"https://circlek-global.github.io/gmbat-tests-eu-mobile-automation/1266//#testresult/30d5d38247f75029","status":"broken","statusDetails":"Element [AppiumBy.accessibilityId: continue-to-payment.button] wasn't invisible after [60] seconds!\nException: org.openqa.selenium.TimeoutException: Expected condition failed: Element [AppiumBy.accessibilityId: continue-to-payment.button] wasn't invisible after [60] seconds! (tried for 60 second(s) with 250 milliseconds interval)\nBuild info: version: '4.19.0', revision: '5f9cec8963'\nSystem info: os.name: 'Linux', os.arch: 'amd64', os.version: '6.8.0-1021-azure', java.version: '17.0.14'\nDriver info: driver.version: unknown\nFor documentation on this error, please visit: https://www.selenium.dev/documentation/webdriver/troubleshooting/errors#no-such-element-exception\nBuild info: version: '4.19.0', revision: '5f9cec8963'\nSystem info: os.name: 'Linux', os.arch: 'amd64', os.version: '6.8.0-1021-azure', java.version: '17.0.14'\nDriver info: driver.version: unknown","time":{"start":1741002273077,"stop":1741002563260,"duration":290183}},{"uid":"d03183c0b32a4774","reportUrl":"https://circlek-global.github.io/gmbat-tests-eu-mobile-automation/1256//#testresult/d03183c0b32a4774","status":"passed","time":{"start":1740736810230,"stop":1740737148101,"duration":337871}}]},"tags":["CarWash"]},"source":"47537d25ade97625.json","parameterValues":["SamsungGalaxyS24"]}