{"uid":"54e431851e258f13","name":"EXTRA Tier 2. Single wash purchase flow - SE","fullName":"testcases.ExtraTier2SETests.singleWashPurchaseFlowTier2SE","historyId":"354e0c0b99ecceb96da8fe6b8b79b70a","time":{"start":1743077655864,"stop":1743077843173,"duration":187309},"description":"EXTRA Tier 2. Single wash purchase flow - SE","descriptionHtml":"<p>EXTRA Tier 2. Single wash purchase flow - SE</p>\n","status":"broken","statusMessage":"Element [By.xpath: //android.widget.TextView[contains(@text, 'You are sooo close now!') and contains(@text, '25 öre/l') and contains(@text, '20 öre/kWh')]] wasn't visible after [15] seconds!\nException: org.openqa.selenium.TimeoutException: Expected condition failed: Element [By.xpath: //android.widget.TextView[contains(@text, 'You are sooo close now!') and contains(@text, '25 öre/l') and contains(@text, '20 öre/kWh')]] wasn't visible after [15] seconds! (tried for 15 second(s) with 250 milliseconds interval)\nFor documentation on this error, please visit: https://www.selenium.dev/documentation/webdriver/troubleshooting/errors#no-such-element-exception\nBuild info: version: '4.19.0', revision: '5f9cec8963'\nSystem info: os.name: 'Linux', os.arch: 'amd64', os.version: '6.8.0-1021-azure', java.version: '17.0.14'\nDriver info: driver.version: unknown","statusTrace":"org.openqa.selenium.NoSuchElementException: Element [By.xpath: //android.widget.TextView[contains(@text, 'You are sooo close now!') and contains(@text, '25 öre/l') and contains(@text, '20 öre/kWh')]] wasn't visible after [15] seconds!\nException: org.openqa.selenium.TimeoutException: Expected condition failed: Element [By.xpath: //android.widget.TextView[contains(@text, 'You are sooo close now!') and contains(@text, '25 öre/l') and contains(@text, '20 öre/kWh')]] wasn't visible after [15] seconds! (tried for 15 second(s) with 250 milliseconds interval)\nFor documentation on this error, please visit: https://www.selenium.dev/documentation/webdriver/troubleshooting/errors#no-such-element-exception\nBuild info: version: '4.19.0', revision: '5f9cec8963'\nSystem info: os.name: 'Linux', os.arch: 'amd64', os.version: '6.8.0-1021-azure', java.version: '17.0.14'\nDriver info: driver.version: unknown\n\tat com.gmap.core.common.handlers.WaitHandler.waitUntil(WaitHandler.java:163)\n\tat com.gmap.core.common.handlers.WaitHandler.waitForElementToBeVisible(WaitHandler.java:196)\n\tat com.gmap.core.pages_common.HomePage.checkThatCheerUpMessageTierIsDisplayed(HomePage.java:1079)\n\tat testcases.ExtraTier2SETests.singleWashPurchaseFlowTier2SE(ExtraTier2SETests.java:368)\n\tat java.base/jdk.internal.reflect.NativeMethodAccessorImpl.invoke0(Native Method)\n\tat java.base/jdk.internal.reflect.NativeMethodAccessorImpl.invoke(NativeMethodAccessorImpl.java:77)\n\tat java.base/jdk.internal.reflect.DelegatingMethodAccessorImpl.invoke(DelegatingMethodAccessorImpl.java:43)\n\tat java.base/java.lang.reflect.Method.invoke(Method.java:569)\n\tat org.testng.internal.invokers.MethodInvocationHelper.invokeMethod(MethodInvocationHelper.java:141)\n\tat org.testng.internal.invokers.MethodInvocationHelper$1.runTestMethod(MethodInvocationHelper.java:260)\n\tat settings.hooks.Hooks.run(Hooks.java:59)\n\tat org.testng.internal.invokers.MethodInvocationHelper.invokeHookable(MethodInvocationHelper.java:274)\n\tat org.testng.internal.invokers.TestInvoker.invokeMethod(TestInvoker.java:679)\n\tat org.testng.internal.invokers.TestInvoker.retryFailed(TestInvoker.java:269)\n\tat org.testng.internal.invokers.MethodRunner.runInSequence(MethodRunner.java:76)\n\tat org.testng.internal.invokers.TestInvoker$MethodInvocationAgent.invoke(TestInvoker.java:995)\n\tat org.testng.internal.invokers.TestInvoker.invokeTestMethods(TestInvoker.java:203)\n\tat org.testng.internal.invokers.TestMethodWorker.invokeTestMethods(TestMethodWorker.java:154)\n\tat org.testng.internal.invokers.TestMethodWorker.run(TestMethodWorker.java:134)\n\tat java.base/java.util.ArrayList.forEach(ArrayList.java:1511)\n\tat org.testng.TestRunner.privateRun(TestRunner.java:741)\n\tat org.testng.TestRunner.run(TestRunner.java:616)\n\tat org.testng.SuiteRunner.runTest(SuiteRunner.java:421)\n\tat org.testng.SuiteRunner$SuiteWorker.run(SuiteRunner.java:463)\n\tat org.testng.internal.thread.ThreadUtil.lambda$execute$0(ThreadUtil.java:64)\n\tat java.base/java.util.concurrent.FutureTask.run(FutureTask.java:264)\n\tat java.base/java.util.concurrent.ThreadPoolExecutor.runWorker(ThreadPoolExecutor.java:1136)\n\tat java.base/java.util.concurrent.ThreadPoolExecutor$Worker.run(ThreadPoolExecutor.java:635)\n\tat java.base/java.lang.Thread.run(Thread.java:840)\n","flaky":true,"newFailed":false,"newBroken":false,"newPassed":false,"retriesCount":1,"retriesStatusChange":true,"beforeStages":[{"name":"Base Before Test","time":{"start":1743075331862,"stop":1743075331862,"duration":0},"description":"Base Before Test","status":"passed","steps":[],"attachments":[],"parameters":[],"shouldDisplayMessage":false,"stepsCount":0,"attachmentsCount":0,"hasContent":false,"attachmentStep":false},{"name":"springTestContextBeforeTestClass","time":{"start":1743075331987,"stop":1743075333124,"duration":1137},"description":"","status":"passed","steps":[],"attachments":[],"parameters":[],"shouldDisplayMessage":false,"stepsCount":0,"attachmentsCount":0,"hasContent":false,"attachmentStep":false},{"name":"springTestContextPrepareTestInstance","time":{"start":1743075333124,"stop":1743075333322,"duration":198},"description":"","status":"passed","steps":[],"attachments":[],"parameters":[],"shouldDisplayMessage":false,"stepsCount":0,"attachmentsCount":0,"hasContent":false,"attachmentStep":false},{"name":"Base Before Class","time":{"start":1743075333326,"stop":1743075333328,"duration":2},"description":"Base Before Class","status":"passed","steps":[],"attachments":[],"parameters":[],"shouldDisplayMessage":false,"stepsCount":0,"attachmentsCount":0,"hasContent":false,"attachmentStep":false},{"name":"springTestContextBeforeTestMethod","time":{"start":1743077606081,"stop":1743077606081,"duration":0},"description":"","status":"passed","steps":[],"attachments":[],"parameters":[],"shouldDisplayMessage":false,"stepsCount":0,"attachmentsCount":0,"hasContent":false,"attachmentStep":false},{"name":"Base Before Test Method","time":{"start":1743077606082,"stop":1743077655169,"duration":49087},"description":"Base Before Test Method","status":"passed","steps":[],"attachments":[{"uid":"fb09e7faa707597b","name":"REQUEST | POST https://api.uat.circlek.com/eu/ngrp-gmap-authn/v1/auth","source":"fb09e7faa707597b.html","type":"text/html","size":621},{"uid":"14488c375d44e1d","name":"RESPONSE | POST https://api.uat.circlek.com/eu/ngrp-gmap-authn/v1/auth [404]","source":"14488c375d44e1d.html","type":"text/html","size":747}],"parameters":[],"shouldDisplayMessage":false,"stepsCount":0,"attachmentsCount":2,"hasContent":true,"attachmentStep":false},{"name":"initTestConfig","time":{"start":1743077655170,"stop":1743077655179,"duration":9},"description":"","status":"passed","steps":[],"attachments":[],"parameters":[],"shouldDisplayMessage":false,"stepsCount":0,"attachmentsCount":0,"hasContent":false,"attachmentStep":false}],"testStage":{"description":"EXTRA Tier 2. Single wash purchase flow - SE","status":"broken","statusMessage":"Element [By.xpath: //android.widget.TextView[contains(@text, 'You are sooo close now!') and contains(@text, '25 öre/l') and contains(@text, '20 öre/kWh')]] wasn't visible after [15] seconds!\nException: org.openqa.selenium.TimeoutException: Expected condition failed: Element [By.xpath: //android.widget.TextView[contains(@text, 'You are sooo close now!') and contains(@text, '25 öre/l') and contains(@text, '20 öre/kWh')]] wasn't visible after [15] seconds! (tried for 15 second(s) with 250 milliseconds interval)\nFor documentation on this error, please visit: https://www.selenium.dev/documentation/webdriver/troubleshooting/errors#no-such-element-exception\nBuild info: version: '4.19.0', revision: '5f9cec8963'\nSystem info: os.name: 'Linux', os.arch: 'amd64', os.version: '6.8.0-1021-azure', java.version: '17.0.14'\nDriver info: driver.version: unknown","statusTrace":"org.openqa.selenium.NoSuchElementException: Element [By.xpath: //android.widget.TextView[contains(@text, 'You are sooo close now!') and contains(@text, '25 öre/l') and contains(@text, '20 öre/kWh')]] wasn't visible after [15] seconds!\nException: org.openqa.selenium.TimeoutException: Expected condition failed: Element [By.xpath: //android.widget.TextView[contains(@text, 'You are sooo close now!') and contains(@text, '25 öre/l') and contains(@text, '20 öre/kWh')]] wasn't visible after [15] seconds! (tried for 15 second(s) with 250 milliseconds interval)\nFor documentation on this error, please visit: https://www.selenium.dev/documentation/webdriver/troubleshooting/errors#no-such-element-exception\nBuild info: version: '4.19.0', revision: '5f9cec8963'\nSystem info: os.name: 'Linux', os.arch: 'amd64', os.version: '6.8.0-1021-azure', java.version: '17.0.14'\nDriver info: driver.version: unknown\n\tat com.gmap.core.common.handlers.WaitHandler.waitUntil(WaitHandler.java:163)\n\tat com.gmap.core.common.handlers.WaitHandler.waitForElementToBeVisible(WaitHandler.java:196)\n\tat com.gmap.core.pages_common.HomePage.checkThatCheerUpMessageTierIsDisplayed(HomePage.java:1079)\n\tat testcases.ExtraTier2SETests.singleWashPurchaseFlowTier2SE(ExtraTier2SETests.java:368)\n\tat java.base/jdk.internal.reflect.NativeMethodAccessorImpl.invoke0(Native Method)\n\tat java.base/jdk.internal.reflect.NativeMethodAccessorImpl.invoke(NativeMethodAccessorImpl.java:77)\n\tat java.base/jdk.internal.reflect.DelegatingMethodAccessorImpl.invoke(DelegatingMethodAccessorImpl.java:43)\n\tat java.base/java.lang.reflect.Method.invoke(Method.java:569)\n\tat org.testng.internal.invokers.MethodInvocationHelper.invokeMethod(MethodInvocationHelper.java:141)\n\tat org.testng.internal.invokers.MethodInvocationHelper$1.runTestMethod(MethodInvocationHelper.java:260)\n\tat settings.hooks.Hooks.run(Hooks.java:59)\n\tat org.testng.internal.invokers.MethodInvocationHelper.invokeHookable(MethodInvocationHelper.java:274)\n\tat org.testng.internal.invokers.TestInvoker.invokeMethod(TestInvoker.java:679)\n\tat org.testng.internal.invokers.TestInvoker.retryFailed(TestInvoker.java:269)\n\tat org.testng.internal.invokers.MethodRunner.runInSequence(MethodRunner.java:76)\n\tat org.testng.internal.invokers.TestInvoker$MethodInvocationAgent.invoke(TestInvoker.java:995)\n\tat org.testng.internal.invokers.TestInvoker.invokeTestMethods(TestInvoker.java:203)\n\tat org.testng.internal.invokers.TestMethodWorker.invokeTestMethods(TestMethodWorker.java:154)\n\tat org.testng.internal.invokers.TestMethodWorker.run(TestMethodWorker.java:134)\n\tat java.base/java.util.ArrayList.forEach(ArrayList.java:1511)\n\tat org.testng.TestRunner.privateRun(TestRunner.java:741)\n\tat org.testng.TestRunner.run(TestRunner.java:616)\n\tat org.testng.SuiteRunner.runTest(SuiteRunner.java:421)\n\tat org.testng.SuiteRunner$SuiteWorker.run(SuiteRunner.java:463)\n\tat org.testng.internal.thread.ThreadUtil.lambda$execute$0(ThreadUtil.java:64)\n\tat java.base/java.util.concurrent.FutureTask.run(FutureTask.java:264)\n\tat java.base/java.util.concurrent.ThreadPoolExecutor.runWorker(ThreadPoolExecutor.java:1136)\n\tat java.base/java.util.concurrent.ThreadPoolExecutor$Worker.run(ThreadPoolExecutor.java:635)\n\tat java.base/java.lang.Thread.run(Thread.java:840)\n","steps":[{"name":"I check that the \"Welcome Screen\" is displayed","time":{"start":1743077680556,"stop":1743077681232,"duration":676},"status":"passed","steps":[],"attachments":[],"parameters":[],"shouldDisplayMessage":false,"stepsCount":0,"attachmentsCount":0,"hasContent":false,"attachmentStep":false},{"name":"I click on \"GET STARTED\" button","time":{"start":1743077681232,"stop":1743077683483,"duration":2251},"status":"passed","steps":[],"attachments":[],"parameters":[],"shouldDisplayMessage":false,"stepsCount":0,"attachmentsCount":0,"hasContent":false,"attachmentStep":false},{"name":"I check that the \"Choose Data Preferences Screen\" is displayed","time":{"start":1743077683483,"stop":1743077684354,"duration":871},"status":"passed","steps":[],"attachments":[],"parameters":[],"shouldDisplayMessage":false,"stepsCount":0,"attachmentsCount":0,"hasContent":false,"attachmentStep":false},{"name":"I click on \"ALLOW ALL TRACKING\" button","time":{"start":1743077684354,"stop":1743077685962,"duration":1608},"status":"passed","steps":[],"attachments":[],"parameters":[],"shouldDisplayMessage":false,"stepsCount":0,"attachmentsCount":0,"hasContent":false,"attachmentStep":false},{"name":"I check that the \"First SignIn Screen\" is displayed","time":{"start":1743077685962,"stop":1743077687004,"duration":1042},"status":"passed","steps":[],"attachments":[],"parameters":[],"shouldDisplayMessage":false,"stepsCount":0,"attachmentsCount":0,"hasContent":false,"attachmentStep":false},{"name":"I click on \"PHONE NUMBER PREFIX\" button","time":{"start":1743077687004,"stop":1743077688620,"duration":1616},"status":"passed","steps":[],"attachments":[],"parameters":[],"shouldDisplayMessage":false,"stepsCount":0,"attachmentsCount":0,"hasContent":false,"attachmentStep":false},{"name":"I check that the \"All Country List Pane\" is displayed","time":{"start":1743077688620,"stop":1743077692083,"duration":3463},"status":"passed","steps":[],"attachments":[],"parameters":[],"shouldDisplayMessage":false,"stepsCount":0,"attachmentsCount":0,"hasContent":false,"attachmentStep":false},{"name":"I enter the country name \"Poland\" in the search box","time":{"start":1743077692083,"stop":1743077693784,"duration":1701},"status":"passed","steps":[],"attachments":[],"parameters":[{"name":"Country Name:","value":"Poland"}],"shouldDisplayMessage":false,"stepsCount":0,"attachmentsCount":0,"hasContent":true,"attachmentStep":false},{"name":"I click on \"DISPLAYED COUNTRY\" button","time":{"start":1743077693784,"stop":1743077697504,"duration":3720},"status":"passed","steps":[],"attachments":[],"parameters":[],"shouldDisplayMessage":false,"stepsCount":0,"attachmentsCount":0,"hasContent":false,"attachmentStep":false},{"name":"I click on \"PHONE NUMBER\" input","time":{"start":1743077697504,"stop":1743077699101,"duration":1597},"status":"passed","steps":[],"attachments":[],"parameters":[],"shouldDisplayMessage":false,"stepsCount":0,"attachmentsCount":0,"hasContent":false,"attachmentStep":false},{"name":"I enter the phone number \"537207000\" in the input","time":{"start":1743077699102,"stop":1743077703810,"duration":4708},"status":"passed","steps":[],"attachments":[],"parameters":[{"name":"Phone number:","value":"537207000"}],"shouldDisplayMessage":false,"stepsCount":0,"attachmentsCount":0,"hasContent":true,"attachmentStep":false},{"name":"I click on \"LET'S GO\" button","time":{"start":1743077703810,"stop":1743077710771,"duration":6961},"status":"passed","steps":[],"attachments":[],"parameters":[{"name":"wait","value":"true"}],"shouldDisplayMessage":false,"stepsCount":0,"attachmentsCount":0,"hasContent":true,"attachmentStep":false},{"name":"I check that the \"Password Screen\" is displayed","time":{"start":1743077710771,"stop":1743077711295,"duration":524},"status":"passed","steps":[],"attachments":[],"parameters":[],"shouldDisplayMessage":false,"stepsCount":0,"attachmentsCount":0,"hasContent":false,"attachmentStep":false},{"name":"I click on \"PASSWORD\" input","time":{"start":1743077711295,"stop":1743077713826,"duration":2531},"status":"passed","steps":[],"attachments":[],"parameters":[],"shouldDisplayMessage":false,"stepsCount":0,"attachmentsCount":0,"hasContent":false,"attachmentStep":false},{"name":"I enter the password \"#Test123\" in the input","time":{"start":1743077713826,"stop":1743077718216,"duration":4390},"status":"passed","steps":[],"attachments":[],"parameters":[{"name":"Password:","value":"#Test123"}],"shouldDisplayMessage":false,"stepsCount":0,"attachmentsCount":0,"hasContent":true,"attachmentStep":false},{"name":"I click on \"SIGN IN\" button","time":{"start":1743077718216,"stop":1743077724403,"duration":6187},"status":"passed","steps":[],"attachments":[],"parameters":[],"shouldDisplayMessage":false,"stepsCount":0,"attachmentsCount":0,"hasContent":false,"attachmentStep":false},{"name":"I check that the \"Notification Permission Screen\" is displayed","time":{"start":1743077724405,"stop":1743077725986,"duration":1581},"status":"passed","steps":[],"attachments":[],"parameters":[],"shouldDisplayMessage":false,"stepsCount":0,"attachmentsCount":0,"hasContent":false,"attachmentStep":false},{"name":"I click on \"CONTINUE\" button","time":{"start":1743077725986,"stop":1743077727489,"duration":1503},"status":"passed","steps":[],"attachments":[],"parameters":[],"shouldDisplayMessage":false,"stepsCount":0,"attachmentsCount":0,"hasContent":false,"attachmentStep":false},{"name":"I check that the \"Location Permission Flow Screen\" is displayed","time":{"start":1743077727489,"stop":1743077728474,"duration":985},"status":"passed","steps":[],"attachments":[],"parameters":[],"shouldDisplayMessage":false,"stepsCount":0,"attachmentsCount":0,"hasContent":false,"attachmentStep":false},{"name":"I click on \"CONTINUE\" button","time":{"start":1743077728474,"stop":1743077730078,"duration":1604},"status":"passed","steps":[],"attachments":[],"parameters":[],"shouldDisplayMessage":false,"stepsCount":0,"attachmentsCount":0,"hasContent":false,"attachmentStep":false},{"name":"I close \"Tell Us What You Think Pane\"","time":{"start":1743077730078,"stop":1743077736287,"duration":6209},"status":"passed","steps":[],"attachments":[],"parameters":[{"name":"time","value":"[]"}],"shouldDisplayMessage":false,"stepsCount":0,"attachmentsCount":0,"hasContent":true,"attachmentStep":false},{"name":"I skip linking my card","time":{"start":1743077736287,"stop":1743077740177,"duration":3890},"status":"passed","steps":[],"attachments":[],"parameters":[{"name":"time","value":"[15]"}],"shouldDisplayMessage":false,"stepsCount":0,"attachmentsCount":0,"hasContent":true,"attachmentStep":false},{"name":"I handle\"Stay Informed About Offers Pane\" marketing consent","time":{"start":1743077740177,"stop":1743077745795,"duration":5618},"status":"passed","steps":[{"name":"I accept \"Stay Informed About Offers Pane\" marketing consent","time":{"start":1743077740177,"stop":1743077745795,"duration":5618},"status":"passed","steps":[],"attachments":[],"parameters":[],"shouldDisplayMessage":false,"stepsCount":0,"attachmentsCount":0,"hasContent":false,"attachmentStep":false}],"attachments":[],"parameters":[],"shouldDisplayMessage":false,"stepsCount":1,"attachmentsCount":0,"hasContent":true,"attachmentStep":false},{"name":"I click on \"MAYBE LATER\" button","time":{"start":1743077745795,"stop":1743077751773,"duration":5978},"status":"passed","steps":[],"attachments":[],"parameters":[],"shouldDisplayMessage":false,"stepsCount":0,"attachmentsCount":0,"hasContent":false,"attachmentStep":false},{"name":"I check that the \"Home Screen\" is displayed","time":{"start":1743077751773,"stop":1743077752325,"duration":552},"status":"passed","steps":[],"attachments":[],"parameters":[],"shouldDisplayMessage":false,"stepsCount":0,"attachmentsCount":0,"hasContent":false,"attachmentStep":false},{"name":"I check that the location services are enabled on real device","time":{"start":1743077752325,"stop":1743077773470,"duration":21145},"status":"passed","steps":[{"name":"I check that the \"Enable location\" warning is displayed","time":{"start":1743077752327,"stop":1743077762723,"duration":10396},"status":"passed","steps":[],"attachments":[],"parameters":[],"shouldDisplayMessage":false,"stepsCount":0,"attachmentsCount":0,"hasContent":false,"attachmentStep":false},{"name":"I check that the \"We can't find you\" text is displayed","time":{"start":1743077762723,"stop":1743077773470,"duration":10747},"status":"passed","steps":[],"attachments":[],"parameters":[],"shouldDisplayMessage":false,"stepsCount":0,"attachmentsCount":0,"hasContent":false,"attachmentStep":false}],"attachments":[],"parameters":[],"shouldDisplayMessage":false,"stepsCount":2,"attachmentsCount":0,"hasContent":true,"attachmentStep":false},{"name":"I mock the location of the device to \"SWEDEN_20888\"","time":{"start":1743077773470,"stop":1743077817053,"duration":43583},"status":"passed","steps":[{"name":"I click on \"ACCOUNT\" button","time":{"start":1743077773471,"stop":1743077775348,"duration":1877},"status":"passed","steps":[],"attachments":[],"parameters":[],"shouldDisplayMessage":false,"stepsCount":0,"attachmentsCount":0,"hasContent":false,"attachmentStep":false},{"name":"I check that the \"Account Screen\" is displayed","time":{"start":1743077775349,"stop":1743077776469,"duration":1120},"status":"passed","steps":[],"attachments":[],"parameters":[],"shouldDisplayMessage":false,"stepsCount":0,"attachmentsCount":0,"hasContent":false,"attachmentStep":false},{"name":"I check that the \"Profile\" tab is displayed","time":{"start":1743077776469,"stop":1743077777012,"duration":543},"status":"passed","steps":[],"attachments":[],"parameters":[],"shouldDisplayMessage":false,"stepsCount":0,"attachmentsCount":0,"hasContent":false,"attachmentStep":false},{"name":"I click on \"BUILD NUMBER\" tab","time":{"start":1743077777012,"stop":1743077786301,"duration":9289},"status":"passed","steps":[],"attachments":[],"parameters":[],"shouldDisplayMessage":false,"stepsCount":0,"attachmentsCount":0,"hasContent":false,"attachmentStep":false},{"name":"I click on \"SET LOCATION\" button","time":{"start":1743077786301,"stop":1743077788583,"duration":2282},"status":"passed","steps":[],"attachments":[],"parameters":[],"shouldDisplayMessage":false,"stepsCount":0,"attachmentsCount":0,"hasContent":false,"attachmentStep":false},{"name":"I enter the location data of the \"SWEDEN_20888\" station","time":{"start":1743077788583,"stop":1743077804689,"duration":16106},"status":"passed","steps":[{"name":"I check \"Set Location\" page is visible","time":{"start":1743077788583,"stop":1743077789634,"duration":1051},"status":"passed","steps":[],"attachments":[],"parameters":[],"shouldDisplayMessage":false,"stepsCount":0,"attachmentsCount":0,"hasContent":false,"attachmentStep":false},{"name":"I enter the site ID \"SWEDEN_20888\" in the input","time":{"start":1743077789634,"stop":1743077802909,"duration":13275},"status":"passed","steps":[],"attachments":[],"parameters":[{"name":"Device location:","value":"SWEDEN_20888"}],"shouldDisplayMessage":false,"stepsCount":0,"attachmentsCount":0,"hasContent":true,"attachmentStep":false},{"name":"I click on \"SET LOCATION\" button","time":{"start":1743077802909,"stop":1743077804689,"duration":1780},"status":"passed","steps":[],"attachments":[],"parameters":[],"shouldDisplayMessage":false,"stepsCount":0,"attachmentsCount":0,"hasContent":false,"attachmentStep":false}],"attachments":[],"parameters":[{"name":"Device location:","value":"SWEDEN_20888"},{"name":"useStationId","value":"true"}],"shouldDisplayMessage":false,"stepsCount":3,"attachmentsCount":0,"hasContent":true,"attachmentStep":false},{"name":"I click on \"Car Wash\" advertisement","time":{"start":1743077804689,"stop":1743077809302,"duration":4613},"status":"passed","steps":[{"name":"I check if \"Car Wash\" advertisement is displayed","time":{"start":1743077807184,"stop":1743077809302,"duration":2118},"status":"passed","steps":[],"attachments":[],"parameters":[{"name":"time","value":"2"}],"shouldDisplayMessage":false,"stepsCount":0,"attachmentsCount":0,"hasContent":true,"attachmentStep":false}],"attachments":[],"parameters":[],"shouldDisplayMessage":false,"stepsCount":1,"attachmentsCount":0,"hasContent":true,"attachmentStep":false},{"name":"I close and open application","time":{"start":1743077809303,"stop":1743077810104,"duration":801},"status":"passed","steps":[],"attachments":[],"parameters":[],"shouldDisplayMessage":false,"stepsCount":0,"attachmentsCount":0,"hasContent":false,"attachmentStep":false},{"name":"I make sure that the location is set correctly","time":{"start":1743077810104,"stop":1743077816488,"duration":6384},"status":"passed","steps":[],"attachments":[],"parameters":[],"shouldDisplayMessage":false,"stepsCount":0,"attachmentsCount":0,"hasContent":false,"attachmentStep":false},{"name":"I check that the \"Home Screen\" is displayed","time":{"start":1743077816488,"stop":1743077817053,"duration":565},"status":"passed","steps":[],"attachments":[],"parameters":[],"shouldDisplayMessage":false,"stepsCount":0,"attachmentsCount":0,"hasContent":false,"attachmentStep":false}],"attachments":[],"parameters":[{"name":"Device location:","value":"SWEDEN_20888"},{"name":"useStationId","value":"true"}],"shouldDisplayMessage":false,"stepsCount":14,"attachmentsCount":0,"hasContent":true,"attachmentStep":false},{"name":"I click on \"BUY FUEL\" tab","time":{"start":1743077817053,"stop":1743077819085,"duration":2032},"status":"passed","steps":[],"attachments":[],"parameters":[],"shouldDisplayMessage":false,"stepsCount":0,"attachmentsCount":0,"hasContent":false,"attachmentStep":false},{"name":"I swipe on the home screen to the \"DOWN\" to see \"VISITS_TAB\" section","time":{"start":1743077819085,"stop":1743077825931,"duration":6846},"status":"passed","steps":[],"attachments":[],"parameters":[{"name":"swipeDirection","value":"DOWN"},{"name":"element","value":"VISITS_TAB"}],"shouldDisplayMessage":false,"stepsCount":0,"attachmentsCount":0,"hasContent":true,"attachmentStep":false},{"name":"I check that the \"Cheer up message\" on \"TIER2\" is displayed in \"SWEDEN\"","time":{"start":1743077825931,"stop":1743077841229,"duration":15298},"status":"broken","statusMessage":"Element [By.xpath: //android.widget.TextView[contains(@text, 'You are sooo close now!') and contains(@text, '25 öre/l') and contains(@text, '20 öre/kWh')]] wasn't visible after [15] seconds!\nException: org.openqa.selenium.TimeoutException: Expected condition failed: Element [By.xpath: //android.widget.TextView[contains(@text, 'You are sooo close now!') and contains(@text, '25 öre/l') and contains(@text, '20 öre/kWh')]] wasn't visible after [15] seconds! (tried for 15 second(s) with 250 milliseconds interval)\nFor documentation on this error, please visit: https://www.selenium.dev/documentation/webdriver/troubleshooting/errors#no-such-element-exception\nBuild info: version: '4.19.0', revision: '5f9cec8963'\nSystem info: os.name: 'Linux', os.arch: 'amd64', os.version: '6.8.0-1021-azure', java.version: '17.0.14'\nDriver info: driver.version: unknown","statusTrace":"org.openqa.selenium.NoSuchElementException: Element [By.xpath: //android.widget.TextView[contains(@text, 'You are sooo close now!') and contains(@text, '25 öre/l') and contains(@text, '20 öre/kWh')]] wasn't visible after [15] seconds!\nException: org.openqa.selenium.TimeoutException: Expected condition failed: Element [By.xpath: //android.widget.TextView[contains(@text, 'You are sooo close now!') and contains(@text, '25 öre/l') and contains(@text, '20 öre/kWh')]] wasn't visible after [15] seconds! (tried for 15 second(s) with 250 milliseconds interval)\nFor documentation on this error, please visit: https://www.selenium.dev/documentation/webdriver/troubleshooting/errors#no-such-element-exception\nBuild info: version: '4.19.0', revision: '5f9cec8963'\nSystem info: os.name: 'Linux', os.arch: 'amd64', os.version: '6.8.0-1021-azure', java.version: '17.0.14'\nDriver info: driver.version: unknown\n\tat com.gmap.core.common.handlers.WaitHandler.waitUntil(WaitHandler.java:163)\n\tat com.gmap.core.common.handlers.WaitHandler.waitForElementToBeVisible(WaitHandler.java:196)\n\tat com.gmap.core.pages_common.HomePage.checkThatCheerUpMessageTierIsDisplayed(HomePage.java:1079)\n\tat testcases.ExtraTier2SETests.singleWashPurchaseFlowTier2SE(ExtraTier2SETests.java:368)\n\tat java.base/jdk.internal.reflect.NativeMethodAccessorImpl.invoke0(Native Method)\n\tat java.base/jdk.internal.reflect.NativeMethodAccessorImpl.invoke(NativeMethodAccessorImpl.java:77)\n\tat java.base/jdk.internal.reflect.DelegatingMethodAccessorImpl.invoke(DelegatingMethodAccessorImpl.java:43)\n\tat java.base/java.lang.reflect.Method.invoke(Method.java:569)\n\tat org.testng.internal.invokers.MethodInvocationHelper.invokeMethod(MethodInvocationHelper.java:141)\n\tat org.testng.internal.invokers.MethodInvocationHelper$1.runTestMethod(MethodInvocationHelper.java:260)\n\tat settings.hooks.Hooks.run(Hooks.java:59)\n\tat org.testng.internal.invokers.MethodInvocationHelper.invokeHookable(MethodInvocationHelper.java:274)\n\tat org.testng.internal.invokers.TestInvoker.invokeMethod(TestInvoker.java:679)\n\tat org.testng.internal.invokers.TestInvoker.retryFailed(TestInvoker.java:269)\n\tat org.testng.internal.invokers.MethodRunner.runInSequence(MethodRunner.java:76)\n\tat org.testng.internal.invokers.TestInvoker$MethodInvocationAgent.invoke(TestInvoker.java:995)\n\tat org.testng.internal.invokers.TestInvoker.invokeTestMethods(TestInvoker.java:203)\n\tat org.testng.internal.invokers.TestMethodWorker.invokeTestMethods(TestMethodWorker.java:154)\n\tat org.testng.internal.invokers.TestMethodWorker.run(TestMethodWorker.java:134)\n\tat java.base/java.util.ArrayList.forEach(ArrayList.java:1511)\n\tat org.testng.TestRunner.privateRun(TestRunner.java:741)\n\tat org.testng.TestRunner.run(TestRunner.java:616)\n\tat org.testng.SuiteRunner.runTest(SuiteRunner.java:421)\n\tat org.testng.SuiteRunner$SuiteWorker.run(SuiteRunner.java:463)\n\tat org.testng.internal.thread.ThreadUtil.lambda$execute$0(ThreadUtil.java:64)\n\tat java.base/java.util.concurrent.FutureTask.run(FutureTask.java:264)\n\tat java.base/java.util.concurrent.ThreadPoolExecutor.runWorker(ThreadPoolExecutor.java:1136)\n\tat java.base/java.util.concurrent.ThreadPoolExecutor$Worker.run(ThreadPoolExecutor.java:635)\n\tat java.base/java.lang.Thread.run(Thread.java:840)\n","steps":[],"attachments":[],"parameters":[{"name":"extraTiers","value":"TIER2"},{"name":"businessUnits","value":"SWEDEN"}],"shouldDisplayMessage":true,"stepsCount":0,"attachmentsCount":0,"hasContent":true,"attachmentStep":false}],"attachments":[{"uid":"700d5ac21be53425","name":"Screenshot | [27-03-2025]","source":"700d5ac21be53425.jpg","type":"image/jpg","size":155977}],"parameters":[],"shouldDisplayMessage":false,"stepsCount":47,"attachmentsCount":1,"hasContent":true,"attachmentStep":false},"afterStages":[{"name":"Base After Test Method","time":{"start":1743077844962,"stop":1743077846662,"duration":1700},"description":"Base After Test Method","status":"passed","steps":[],"attachments":[],"parameters":[],"shouldDisplayMessage":false,"stepsCount":0,"attachmentsCount":0,"hasContent":false,"attachmentStep":false},{"name":"springTestContextAfterTestMethod","time":{"start":1743077846663,"stop":1743077846663,"duration":0},"description":"","status":"passed","steps":[],"attachments":[],"parameters":[],"shouldDisplayMessage":false,"stepsCount":0,"attachmentsCount":0,"hasContent":false,"attachmentStep":false},{"name":"Base After Class","time":{"start":1743080634728,"stop":1743080634728,"duration":0},"description":"Base After Class","status":"passed","steps":[],"attachments":[],"parameters":[],"shouldDisplayMessage":false,"stepsCount":0,"attachmentsCount":0,"hasContent":false,"attachmentStep":false},{"name":"springTestContextAfterTestClass","time":{"start":1743080634728,"stop":1743080634728,"duration":0},"description":"","status":"passed","steps":[],"attachments":[],"parameters":[],"shouldDisplayMessage":false,"stepsCount":0,"attachmentsCount":0,"hasContent":false,"attachmentStep":false},{"name":"Base After Test","time":{"start":1743080634729,"stop":1743080634729,"duration":0},"description":"Base After Test","status":"passed","steps":[],"attachments":[],"parameters":[],"shouldDisplayMessage":false,"stepsCount":0,"attachmentsCount":0,"hasContent":false,"attachmentStep":false}],"labels":[{"name":"package","value":"testcases.ExtraTier2SETests"},{"name":"testClass","value":"testcases.ExtraTier2SETests"},{"name":"testMethod","value":"singleWashPurchaseFlowTier2SE"},{"name":"parentSuite","value":"GMAP EU Mobile Test Automation - [ANDROID PARALLEL XML SUITE]"},{"name":"suite","value":"GMAP Tests | Extra Tier 2 SE"},{"name":"subSuite","value":"testcases.ExtraTier2SETests"},{"name":"host","value":"fv-az1076-283"},{"name":"thread","value":"1920@fv-az1076-283.TestNG-tests-6(27)"},{"name":"framework","value":"testng"},{"name":"language","value":"java"},{"name":"tag","value":"SingleWash"},{"name":"owner","value":"Dominik Jakubaszek - [dominik.jakubaszek@circlekeurope.com]"},{"name":"story","value":"[GMAP] Single wash consumption"},{"name":"tag","value":"CarWash"},{"name":"tag","value":"EXTRA"},{"name":"feature","value":"[GMAP] CW consumption"},{"name":"epic","value":"[GMAP] Extra"},{"name":"severity","value":"normal"},{"name":"resultFormat","value":"allure2"}],"parameters":[{"name":"deviceConfig","value":"SamsungGalaxyS24"}],"links":[{"name":"NGRPRG-28360","url":"https://circlek.atlassian.net/browse/NGRPRG-28360","type":"tms"},{"name":"N/A","url":"https://circlek.atlassian.net/browse/N/A","type":"issue"},{"name":"Device logs.txt","url":"https://api.eu-central-1.saucelabs.com/v1/rdc/jobs/b3c2e5be08bd43f895d894ee149ac3f1/deviceLogs"}],"hidden":false,"retry":false,"extra":{"severity":"normal","owner":"Dominik Jakubaszek - [dominik.jakubaszek@circlekeurope.com]","retries":[{"uid":"e621862604da0e0b","status":"skipped","statusDetails":"Element [By.xpath: //android.widget.TextView[contains(@text, 'You are sooo close now!') and contains(@text, '25 öre/l') and contains(@text, '20 öre/kWh')]] wasn't visible after [15] seconds!\nException: org.openqa.selenium.TimeoutException: Expected condition failed: Element [By.xpath: //android.widget.TextView[contains(@text, 'You are sooo close now!') and contains(@text, '25 öre/l') and contains(@text, '20 öre/kWh')]] wasn't visible after [15] seconds! (tried for 15 second(s) with 250 milliseconds interval)\nFor documentation on this error, please visit: https://www.selenium.dev/documentation/webdriver/troubleshooting/errors#no-such-element-exception\nBuild info: version: '4.19.0', revision: '5f9cec8963'\nSystem info: os.name: 'Linux', os.arch: 'amd64', os.version: '6.8.0-1021-azure', java.version: '17.0.14'\nDriver info: driver.version: unknown","time":{"start":1743077424569,"stop":1743077602111,"duration":177542}}],"categories":[{"name":"Test defects","matchedStatuses":[],"flaky":false}],"history":{"statistic":{"failed":1,"broken":60,"skipped":22,"passed":128,"unknown":0,"total":211},"items":[{"uid":"d1f7ccce06f37d8f","reportUrl":"https://circlek-global.github.io/gmbat-tests-eu-mobile-automation/1548//#testresult/d1f7ccce06f37d8f","status":"broken","statusDetails":"Test '[EXTRA Tier 2] Single wash purchase flow - SE' failed due to configuration error!\nError details\nCould not start a new session. Response code 500. Message: \n\nStatus Code: 500 - Error while starting appium session: An unknown server-side error occurred while processing the command. Original error: Cannot start the 'com.circlek.gmap.eu.staging' application. Consider checking the driver's troubleshooting documentation. Original error: 'com.circlek.gmap.MainActivity' or 'com.circlek.gmap.eu.staging.com.circlek.gmap.MainActivity' never started. Consider checking the driver's troubleshooting documentation.\n\nBuild info: version: 'unknown', revision: 'unknown', time: 'unknown'\nSystem info: host: 'Sauce Labs RDC', ip: 'N/A', os.name: 'Linux', os.arch: 'amd64', os.version: '6.6.72+', java.version: '17.0.14'\nDriver info: driver.version: unknown \nHost info: host: 'fv-az2055-539', ip: '10.1.0.224'\nBuild info: version: '4.19.0', revision: '5f9cec8963'\nSystem info: os.name: 'Linux', os.arch: 'amd64', os.version: '6.8.0-1021-azure', java.version: '17.0.14'\nDriver info: io.appium.java_client.android.AndroidDriver\nCommand: [null, newSession {capabilities=[Capabilities {appium:app: storage:6a620a13-da71-4613-..., appium:appWaitActivity: com.circlek.gmap.MainActivity, appium:appWaitDuration: 80000, appium:autoGrantPermissions: true, appium:automationName: UiAutomator2, appium:deviceName: Samsung Galaxy S24, appium:newCommandTimeout: 90, appium:noReset: false, appium:settings: {disableIdLocatorAutocompletion: true, snapshotMaxDepth: 250}, platformName: ANDROID, sauce:options: {accessKey: 5d20ff7c-06ab-436b-8fe9-20d..., appiumVersion: latest, build: GMAP EU | Wednesday: 26-03-..., cacheId: b7e8a5aa-e47e-4f84-bc7e-7b5..., name: [EXTRA Tier 2] Single wash ..., username: Kamil}}]}]\nCapabilities {appium:app: storage:6a620a13-da71-4613-..., appium:appWaitActivity: com.circlek.gmap.MainActivity, appium:appWaitDuration: 80000, appium:autoGrantPermissions: true, appium:automationName: UiAutomator2, appium:deviceName: Samsung Galaxy S24, appium:newCommandTimeout: 90, appium:noReset: false, appium:settings: {disableIdLocatorAutocompletion: true, snapshotMaxDepth: 250}, platformName: ANDROID, sauce:options: {accessKey: 5d20ff7c-06ab-436b-8fe9-20d..., appiumVersion: latest, build: GMAP EU | Wednesday: 26-03-..., cacheId: b7e8a5aa-e47e-4f84-bc7e-7b5..., name: [EXTRA Tier 2] Single wash ..., username: Kamil}}\n[org.openqa.selenium.remote.ProtocolHandshake.createSession(ProtocolHandshake.java:114), org.openqa.selenium.remote.ProtocolHandshake.createSession(ProtocolHandshake.java:75), org.openqa.selenium.remote.ProtocolHandshake.createSession(ProtocolHandshake.java:61), io.appium.java_client.remote.AppiumCommandExecutor.createSession(AppiumCommandExecutor.java:176), io.appium.java_client.remote.AppiumCommandExecutor.execute(AppiumCommandExecutor.java:237), org.openqa.selenium.remote.RemoteWebDriver.execute(RemoteWebDriver.java:518), io.appium.java_client.AppiumDriver.startSession(AppiumDriver.java:270), org.openqa.selenium.remote.RemoteWebDriver.<init>(RemoteWebDriver.java:161), io.appium.java_client.AppiumDriver.<init>(AppiumDriver.java:91), io.appium.java_client.AppiumDriver.<init>(AppiumDriver.java:103), io.appium.java_client.android.AndroidDriver.<init>(AndroidDriver.java:109), com.gmap.core.settings.drivers.AppiumDriverManager.getAppiumDriver(AppiumDriverManager.java:34), com.gmap.core.settings.drivers.DriverManager.startDriver(DriverManager.java:28), com.gmap.core.settings.TestSettings.setupTestConfig(TestSettings.java:59), settings.hooks.Hooks.baseBeforeMethod(Hooks.java:107), java.base/jdk.internal.reflect.NativeMethodAccessorImpl.invoke0(Native Method), java.base/jdk.internal.reflect.NativeMethodAccessorImpl.invoke(NativeMethodAccessorImpl.java:77), java.base/jdk.internal.reflect.DelegatingMethodAccessorImpl.invoke(DelegatingMethodAccessorImpl.java:43), java.base/java.lang.reflect.Method.invoke(Method.java:569), org.testng.internal.invokers.MethodInvocationHelper.invokeMethod(MethodInvocationHelper.java:141), org.testng.internal.invokers.MethodInvocationHelper.invokeMethodConsideringTimeout(MethodInvocationHelper.java:71), org.testng.internal.invokers.ConfigInvoker.invokeConfigurationMethod(ConfigInvoker.java:400), org.testng.internal.invokers.ConfigInvoker.invokeConfigurations(ConfigInvoker.java:333), org.testng.internal.invokers.TestInvoker.runConfigMethods(TestInvoker.java:836), org.testng.internal.invokers.TestInvoker.invokeMethod(TestInvoker.java:601), org.testng.internal.invokers.TestInvoker.retryFailed(TestInvoker.java:269), org.testng.internal.invokers.MethodRunner.runInSequence(MethodRunner.java:76), org.testng.internal.invokers.TestInvoker$MethodInvocationAgent.invoke(TestInvoker.java:995), org.testng.internal.invokers.TestInvoker.invokeTestMethods(TestInvoker.java:203), org.testng.internal.invokers.TestMethodWorker.invokeTestMethods(TestMethodWorker.java:154), org.testng.internal.invokers.TestMethodWorker.run(TestMethodWorker.java:134), java.base/java.util.ArrayList.forEach(ArrayList.java:1511), org.testng.TestRunner.privateRun(TestRunner.java:741), org.testng.TestRunner.run(TestRunner.java:616), org.testng.SuiteRunner.runTest(SuiteRunner.java:421), org.testng.SuiteRunner$SuiteWorker.run(SuiteRunner.java:463), org.testng.internal.thread.ThreadUtil.lambda$execute$0(ThreadUtil.java:64), java.base/java.util.concurrent.FutureTask.run(FutureTask.java:264), java.base/java.util.concurrent.ThreadPoolExecutor.runWorker(ThreadPoolExecutor.java:1136), java.base/java.util.concurrent.ThreadPoolExecutor$Worker.run(ThreadPoolExecutor.java:635), java.base/java.lang.Thread.run(Thread.java:840)]","time":{"start":1743009485025,"stop":1743009485026,"duration":1}},{"uid":"f11d74b34b51e190","reportUrl":"https://circlek-global.github.io/gmbat-tests-eu-mobile-automation/1544//#testresult/f11d74b34b51e190","status":"passed","time":{"start":1742979994650,"stop":1742980331378,"duration":336728}},{"uid":"ae9e2709ffa6857f","reportUrl":"https://circlek-global.github.io/gmbat-tests-eu-mobile-automation/1532//#testresult/ae9e2709ffa6857f","status":"skipped","statusDetails":"The provided search context cannot be null","time":{"start":1742922728760,"stop":1742922728761,"duration":1}},{"uid":"418b81be2e6039d3","reportUrl":"https://circlek-global.github.io/gmbat-tests-eu-mobile-automation/1527//#testresult/418b81be2e6039d3","status":"passed","time":{"start":1742911974265,"stop":1742912330857,"duration":356592}},{"uid":"63fae02917c3d3e","reportUrl":"https://circlek-global.github.io/gmbat-tests-eu-mobile-automation/1512//#testresult/63fae02917c3d3e","status":"failed","statusDetails":"[Actual text doesn't match expected text!] \nexpected: \"Mar 24, 2025\"\n but was: \"Mar 23, 2025\"","time":{"start":1742836356181,"stop":1742836699828,"duration":343647}},{"uid":"35a92fd4aea97a66","reportUrl":"https://circlek-global.github.io/gmbat-tests-eu-mobile-automation/1499//#testresult/35a92fd4aea97a66","status":"passed","time":{"start":1742576805122,"stop":1742577186314,"duration":381192}},{"uid":"f226a803a67f67ba","reportUrl":"https://circlek-global.github.io/gmbat-tests-eu-mobile-automation/1495//#testresult/f226a803a67f67ba","status":"passed","time":{"start":1742559977985,"stop":1742560341871,"duration":363886}},{"uid":"7eb22e67af1eb7e8","reportUrl":"https://circlek-global.github.io/gmbat-tests-eu-mobile-automation/1485//#testresult/7eb22e67af1eb7e8","status":"broken","statusDetails":"Authentication failed after 30 seconds of requesting for +48453259000","time":{"start":1742490569990,"stop":1742490602680,"duration":32690}},{"uid":"120d2330984a7d84","reportUrl":"https://circlek-global.github.io/gmbat-tests-eu-mobile-automation/1483//#testresult/120d2330984a7d84","status":"passed","time":{"start":1742473751992,"stop":1742474077982,"duration":325990}},{"uid":"e2b756b7da101501","reportUrl":"https://circlek-global.github.io/gmbat-tests-eu-mobile-automation/1471//#testresult/e2b756b7da101501","status":"broken","statusDetails":"Test '[EXTRA Tier 2] Single wash purchase flow - SE' failed due to configuration error: Authentication failed after 20 seconds of requesting for +48538396000\n[com.gmap.core.common.utils.GMAPUtils.getUserAuthData(GMAPUtils.java:189), com.gmap.core.common.utils.GMAPUtils.getUserBearerToken(GMAPUtils.java:142), com.gmap.core.common.utils.GMAPUtils.getUserBearerTokenByPhoneNumberAndPassword(GMAPUtils.java:113), com.gmap.core.common.utils.GMAPUtils.getBearerTokenFromUserProfileUsingPasswordFactor(GMAPUtils.java:100), settings.hooks.HooksActions.handleCreateUserProfile(HooksActions.java:581), settings.hooks.HooksActions.lambda$createUserProfileHandler$21(HooksActions.java:319), com.gmap.core.interfaces.ConditionalExecutor.conditionalAction(ConditionalExecutor.java:21), settings.hooks.HooksActions.createUserProfileHandler(HooksActions.java:318), settings.hooks.HooksActions.lambda$testMethodActions$0(HooksActions.java:278), settings.hooks.HooksActions.lambda$testMethodActions$18(HooksActions.java:307), java.base/java.util.stream.ForEachOps$ForEachOp$OfRef.accept(ForEachOps.java:183), java.base/java.util.stream.ReferencePipeline$2$1.accept(ReferencePipeline.java:179), java.base/java.util.Spliterators$ArraySpliterator.forEachRemaining(Spliterators.java:992), java.base/java.util.stream.AbstractPipeline.copyInto(AbstractPipeline.java:509), java.base/java.util.stream.AbstractPipeline.wrapAndCopyInto(AbstractPipeline.java:499), java.base/java.util.stream.ForEachOps$ForEachOp.evaluateSequential(ForEachOps.java:150), java.base/java.util.stream.ForEachOps$ForEachOp$OfRef.evaluateSequential(ForEachOps.java:173), java.base/java.util.stream.AbstractPipeline.evaluate(AbstractPipeline.java:234), java.base/java.util.stream.ReferencePipeline.forEach(ReferencePipeline.java:596), settings.hooks.HooksActions.testMethodActions(HooksActions.java:307), settings.hooks.Hooks.baseBeforeMethod(Hooks.java:95), java.base/jdk.internal.reflect.NativeMethodAccessorImpl.invoke0(Native Method), java.base/jdk.internal.reflect.NativeMethodAccessorImpl.invoke(NativeMethodAccessorImpl.java:77), java.base/jdk.internal.reflect.DelegatingMethodAccessorImpl.invoke(DelegatingMethodAccessorImpl.java:43), java.base/java.lang.reflect.Method.invoke(Method.java:569), org.testng.internal.invokers.MethodInvocationHelper.invokeMethod(MethodInvocationHelper.java:141), org.testng.internal.invokers.MethodInvocationHelper.invokeMethodConsideringTimeout(MethodInvocationHelper.java:71), org.testng.internal.invokers.ConfigInvoker.invokeConfigurationMethod(ConfigInvoker.java:400), org.testng.internal.invokers.ConfigInvoker.invokeConfigurations(ConfigInvoker.java:333), org.testng.internal.invokers.TestInvoker.runConfigMethods(TestInvoker.java:836), org.testng.internal.invokers.TestInvoker.invokeMethod(TestInvoker.java:601), org.testng.internal.invokers.TestInvoker.retryFailed(TestInvoker.java:269), org.testng.internal.invokers.MethodRunner.runInSequence(MethodRunner.java:76), org.testng.internal.invokers.TestInvoker$MethodInvocationAgent.invoke(TestInvoker.java:995), org.testng.internal.invokers.TestInvoker.invokeTestMethods(TestInvoker.java:203), org.testng.internal.invokers.TestMethodWorker.invokeTestMethods(TestMethodWorker.java:154), org.testng.internal.invokers.TestMethodWorker.run(TestMethodWorker.java:134), java.base/java.util.ArrayList.forEach(ArrayList.java:1511), org.testng.TestRunner.privateRun(TestRunner.java:741), org.testng.TestRunner.run(TestRunner.java:616), org.testng.SuiteRunner.runTest(SuiteRunner.java:421), org.testng.SuiteRunner$SuiteWorker.run(SuiteRunner.java:463), org.testng.internal.thread.ThreadUtil.lambda$execute$0(ThreadUtil.java:64), java.base/java.util.concurrent.FutureTask.run(FutureTask.java:264), java.base/java.util.concurrent.ThreadPoolExecutor.runWorker(ThreadPoolExecutor.java:1136), java.base/java.util.concurrent.ThreadPoolExecutor$Worker.run(ThreadPoolExecutor.java:635), java.base/java.lang.Thread.run(Thread.java:840)]","time":{"start":1742404069025,"stop":1742404071028,"duration":2003}},{"uid":"cd33a9b0ec0f5c51","reportUrl":"https://circlek-global.github.io/gmbat-tests-eu-mobile-automation/1456//#testresult/cd33a9b0ec0f5c51","status":"skipped","statusDetails":"The provided search context cannot be null","time":{"start":1742317942388,"stop":1742317942389,"duration":1}},{"uid":"53221e71f1ad014c","reportUrl":"https://circlek-global.github.io/gmbat-tests-eu-mobile-automation/1444//#testresult/53221e71f1ad014c","status":"broken","statusDetails":"Element [AppiumBy.id: activity-history-screen] wasn't visible after [30] seconds!\nException: org.openqa.selenium.TimeoutException: Expected condition failed: Element [AppiumBy.id: activity-history-screen] wasn't visible after [30] seconds! (tried for 30 second(s) with 250 milliseconds interval)\nFor documentation on this error, please visit: https://www.selenium.dev/documentation/webdriver/troubleshooting/errors#no-such-element-exception\nBuild info: version: '4.19.0', revision: '5f9cec8963'\nSystem info: os.name: 'Linux', os.arch: 'amd64', os.version: '6.8.0-1021-azure', java.version: '17.0.14'\nDriver info: driver.version: unknown","time":{"start":1742231581643,"stop":1742231965849,"duration":384206}},{"uid":"5de9cbbb2533f489","reportUrl":"https://circlek-global.github.io/gmbat-tests-eu-mobile-automation/1439//#testresult/5de9cbbb2533f489","status":"passed","time":{"start":1742211002320,"stop":1742211364836,"duration":362516}},{"uid":"fb0a9ac899fb8c10","reportUrl":"https://circlek-global.github.io/gmbat-tests-eu-mobile-automation/1426//#testresult/fb0a9ac899fb8c10","status":"skipped","statusDetails":"The provided search context cannot be null","time":{"start":1741972317296,"stop":1741972317296,"duration":0}},{"uid":"6aeca6c15f38bfd7","reportUrl":"https://circlek-global.github.io/gmbat-tests-eu-mobile-automation/1422//#testresult/6aeca6c15f38bfd7","status":"passed","time":{"start":1741949955506,"stop":1741950269919,"duration":314413}},{"uid":"f24c97d45ba4688e","reportUrl":"https://circlek-global.github.io/gmbat-tests-eu-mobile-automation/1412//#testresult/f24c97d45ba4688e","status":"passed","time":{"start":1741885544988,"stop":1741885903439,"duration":358451}},{"uid":"8b251247121ed9f1","reportUrl":"https://circlek-global.github.io/gmbat-tests-eu-mobile-automation/1408//#testresult/8b251247121ed9f1","status":"passed","time":{"start":1741861042382,"stop":1741861396629,"duration":354247}},{"uid":"c8e963a0161f5957","reportUrl":"https://circlek-global.github.io/gmbat-tests-eu-mobile-automation/1396//#testresult/c8e963a0161f5957","status":"broken","statusDetails":"Element [AppiumBy.id: activity-history-screen] wasn't visible after [30] seconds!\nException: org.openqa.selenium.TimeoutException: Expected condition failed: Element [AppiumBy.id: activity-history-screen] wasn't visible after [30] seconds! (tried for 30 second(s) with 250 milliseconds interval)\nFor documentation on this error, please visit: https://www.selenium.dev/documentation/webdriver/troubleshooting/errors#no-such-element-exception\nBuild info: version: '4.19.0', revision: '5f9cec8963'\nSystem info: os.name: 'Linux', os.arch: 'amd64', os.version: '6.8.0-1021-azure', java.version: '17.0.14'\nDriver info: driver.version: unknown","time":{"start":1741799601647,"stop":1741799960670,"duration":359023}},{"uid":"789657734141460b","reportUrl":"https://circlek-global.github.io/gmbat-tests-eu-mobile-automation/1387//#testresult/789657734141460b","status":"broken","statusDetails":"Error communicating with the remote browser. It may have died.\nBuild info: version: '4.19.0', revision: '5f9cec8963'\nSystem info: os.name: 'Linux', os.arch: 'amd64', os.version: '6.8.0-1021-azure', java.version: '17.0.14'\nDriver info: io.appium.java_client.android.AndroidDriver\nCommand: [9fad43f7-5d8f-460e-aa2a-7cf84c252805, switchToContext [name]]\nCapabilities {appium:adbHost: 172.20.0.96, appium:adbPort: 17121, appium:appActivity: com.circlek.gmap.SplashScre..., appium:appPackage: com.circlek.gmap.eu.uat, appium:appWaitActivity: com.circlek.gmap.MainActivity, appium:appWaitDuration: 80000, appium:appiumData: {appiumVersion: latest, automationName: UiAutomator2}, appium:autoGrantPermissions: true, appium:automationName: UiAutomator2, appium:chromedriverChromeMappingFile: /root/.testobject_devices/w..., appium:chromedriverExecutableDir: /root/.testobject_devices/w..., appium:chromedriverPorts: [[3250, 3260]], appium:databaseEnabled: false, appium:desired: {adbHost: 172.20.0.96, adbPort: 17121, appActivity: com.circlek.gmap.SplashScre..., appPackage: com.circlek.gmap.eu.uat, appWaitActivity: com.circlek.gmap.MainActivity, appWaitDuration: 80000, autoGrantPermissions: true, automationName: UiAutomator2, chromedriverChromeMappingFile: /root/.testobject_devices/w..., chromedriverExecutableDir: /root/.testobject_devices/w..., chromedriverPorts: [[3250, 3260]], deviceName: Samsung_Galaxy_S24_ck1, flutterSystemPort: 22621, newCommandTimeout: 90, noReset: false, platformName: Android, remoteAdbHost: 172.20.0.96, remoteAppsCacheLimit: 0, sauce:chromeOptions: {androidDevToolsPort: 22321}, sauce:options: {accessKey: 5d20ff7c-06ab-436b-8fe9-20d..., appiumVersion: latest, build: GMAP EU | Wednesday: 12-03-..., cacheId: c0493d0a-bb4f-4d77-8d1f-48b..., name: [EXTRA Tier 2] Single wash ..., username: Kamil}, suppressKillServer: true, systemPort: 21121, uiautomator2ServerInstallTimeout: 60000}, appium:deviceApiLevel: 34, appium:deviceContextId: e62be6c8-4900-44ae-a08e-439..., appium:deviceManufacturer: samsung, appium:deviceModel: SM-S921B, appium:deviceName: RFCX3119EWW, appium:deviceScreenDensity: 480, appium:deviceScreenSize: 1080x2340, appium:deviceUDID: RFCX3119EWW, appium:flutterSystemPort: 22621, appium:javascriptEnabled: true, appium:jobUuid: 366aba67281249f9875edd93d2b..., appium:locationContextEnabled: false, appium:networkConnectionEnabled: true, appium:newCommandTimeout: 90, appium:noReset: false, appium:pixelRatio: 3, appium:platformVersion: 14, appium:remoteAdbHost: 172.20.0.96, appium:remoteAppsCacheLimit: 0, appium:statBarHeight: 84, appium:suppressKillServer: true, appium:systemPort: 21121, appium:takesScreenshot: true, appium:testobject_device: Samsung_Galaxy_S24_ck1, appium:testobject_device_name: Samsung Galaxy S24, appium:testobject_device_session_id: e6892057-0160-4852-82ac-7cb..., appium:testobject_test_report_api_url: https://api.eu-central-1.sa..., appium:testobject_test_report_url: https://app.eu-central-1.sa..., appium:testobject_user_id: TomaszPopiolek, appium:uiautomator2ServerInstallTimeout: 60000, appium:usedCachedDevice: false, appium:viewportRect: {height: 2256, left: 0, top: 84, width: 1080}, appium:warnings: {}, appium:webStorageEnabled: false, platformName: ANDROID, sauce:chromeOptions: {androidDevToolsPort: 22321}, sauce:options: {accessKey: 5d20ff7c-06ab-436b-8fe9-20d..., appiumVersion: latest, build: GMAP EU | Wednesday: 12-03-..., cacheId: c0493d0a-bb4f-4d77-8d1f-48b..., name: [EXTRA Tier 2] Single wash ..., username: Kamil}}\nSession ID: 9fad43f7-5d8f-460e-aa2a-7cf84c252805","time":{"start":1741774181226,"stop":1741774181351,"duration":125}},{"uid":"4aac803d3fbc8c35","reportUrl":"https://circlek-global.github.io/gmbat-tests-eu-mobile-automation/1375//#testresult/4aac803d3fbc8c35","status":"passed","time":{"start":1741712789352,"stop":1741713179083,"duration":389731}}]},"tags":["CarWash","EXTRA","SingleWash"]},"source":"54e431851e258f13.json","parameterValues":["SamsungGalaxyS24"]}