{"uid":"67b820338af7f90b","name":"User tries to add invalid Credit Card to wallet - DESC","fullName":"testcases.AccountTests.userTriesToAddInvalidCreditCardToWallet","historyId":"d6223d930734cbb4b44648baf686bd42","time":{"start":1743079168931,"stop":1743079218971,"duration":50040},"description":"User tries to add invalid Credit Card to wallet","descriptionHtml":"<p>User tries to add invalid Credit Card to wallet</p>\n","status":"passed","flaky":false,"newFailed":false,"newBroken":false,"newPassed":true,"retriesCount":0,"retriesStatusChange":false,"beforeStages":[{"name":"Base Before Test","time":{"start":1743078592412,"stop":1743078592412,"duration":0},"description":"Base Before Test","status":"passed","steps":[],"attachments":[],"parameters":[],"shouldDisplayMessage":false,"stepsCount":0,"attachmentsCount":0,"hasContent":false,"attachmentStep":false},{"name":"springTestContextBeforeTestClass","time":{"start":1743078592413,"stop":1743078592413,"duration":0},"description":"","status":"passed","steps":[],"attachments":[],"parameters":[],"shouldDisplayMessage":false,"stepsCount":0,"attachmentsCount":0,"hasContent":false,"attachmentStep":false},{"name":"springTestContextPrepareTestInstance","time":{"start":1743078592413,"stop":1743078592422,"duration":9},"description":"","status":"passed","steps":[],"attachments":[],"parameters":[],"shouldDisplayMessage":false,"stepsCount":0,"attachmentsCount":0,"hasContent":false,"attachmentStep":false},{"name":"Base Before Class","time":{"start":1743078592422,"stop":1743078594026,"duration":1604},"description":"Base Before Class","status":"passed","steps":[],"attachments":[],"parameters":[],"shouldDisplayMessage":false,"stepsCount":0,"attachmentsCount":0,"hasContent":false,"attachmentStep":false},{"name":"springTestContextBeforeTestMethod","time":{"start":1743079152411,"stop":1743079152411,"duration":0},"description":"","status":"passed","steps":[],"attachments":[],"parameters":[],"shouldDisplayMessage":false,"stepsCount":0,"attachmentsCount":0,"hasContent":false,"attachmentStep":false},{"name":"Base Before Test Method","time":{"start":1743079152411,"stop":1743079168150,"duration":15739},"description":"Base Before Test Method","status":"passed","steps":[],"attachments":[],"parameters":[],"shouldDisplayMessage":false,"stepsCount":0,"attachmentsCount":0,"hasContent":false,"attachmentStep":false},{"name":"initTestConfig","time":{"start":1743079168151,"stop":1743079168155,"duration":4},"description":"","status":"passed","steps":[],"attachments":[],"parameters":[],"shouldDisplayMessage":false,"stepsCount":0,"attachmentsCount":0,"hasContent":false,"attachmentStep":false}],"testStage":{"description":"User tries to add invalid Credit Card to wallet","status":"passed","steps":[{"name":"I check that the Saucelabs session is preserved","time":{"start":1743079168931,"stop":1743079174509,"duration":5578},"status":"passed","steps":[],"attachments":[],"parameters":[{"name":"userProfile","value":"{PHONE_NUMBER=780780000, EMAIL=jan.kowalski@gmaptest.com, PASSWORD=#Test123, PHONE_COUNTRY_PREFIX=+48, FIRST_NAME=Jan, BUSINESS_UNIT=SE, OTP=000000, LAST_NAME=Kowalski, PHONE_COUNTRY=Poland}"}],"shouldDisplayMessage":false,"stepsCount":0,"attachmentsCount":0,"hasContent":true,"attachmentStep":false},{"name":"I skip linking my card","time":{"start":1743079174509,"stop":1743079182197,"duration":7688},"status":"passed","steps":[],"attachments":[],"parameters":[{"name":"time","value":"[]"}],"shouldDisplayMessage":false,"stepsCount":0,"attachmentsCount":0,"hasContent":true,"attachmentStep":false},{"name":"I click on \"ACCOUNT\" button","time":{"start":1743079182197,"stop":1743079184239,"duration":2042},"status":"passed","steps":[],"attachments":[],"parameters":[],"shouldDisplayMessage":false,"stepsCount":0,"attachmentsCount":0,"hasContent":false,"attachmentStep":false},{"name":"I check that the \"Account Screen\" is displayed","time":{"start":1743079184239,"stop":1743079185514,"duration":1275},"status":"passed","steps":[],"attachments":[],"parameters":[],"shouldDisplayMessage":false,"stepsCount":0,"attachmentsCount":0,"hasContent":false,"attachmentStep":false},{"name":"I click on \"WALLET\" tab","time":{"start":1743079185514,"stop":1743079187788,"duration":2274},"status":"passed","steps":[],"attachments":[],"parameters":[],"shouldDisplayMessage":false,"stepsCount":0,"attachmentsCount":0,"hasContent":false,"attachmentStep":false},{"name":"I check that the \"Wallet Screen\" is displayed","time":{"start":1743079187788,"stop":1743079189070,"duration":1282},"status":"passed","steps":[],"attachments":[],"parameters":[],"shouldDisplayMessage":false,"stepsCount":0,"attachmentsCount":0,"hasContent":false,"attachmentStep":false},{"name":"I click on \"ADD PAYMENT\" button","time":{"start":1743079189070,"stop":1743079192300,"duration":3230},"status":"passed","steps":[],"attachments":[],"parameters":[],"shouldDisplayMessage":false,"stepsCount":0,"attachmentsCount":0,"hasContent":false,"attachmentStep":false},{"name":"I accept Terms & Conditions","time":{"start":1743079192300,"stop":1743079198029,"duration":5729},"status":"passed","steps":[],"attachments":[],"parameters":[],"shouldDisplayMessage":false,"stepsCount":0,"attachmentsCount":0,"hasContent":false,"attachmentStep":false},{"name":"I check that the \"Add Payment Method Pane\" is displayed","time":{"start":1743079198029,"stop":1743079198574,"duration":545},"status":"passed","steps":[],"attachments":[],"parameters":[],"shouldDisplayMessage":false,"stepsCount":0,"attachmentsCount":0,"hasContent":false,"attachmentStep":false},{"name":"I click on \"PAYMENT CARD\" button","time":{"start":1743079198574,"stop":1743079201696,"duration":3122},"status":"passed","steps":[],"attachments":[],"parameters":[],"shouldDisplayMessage":false,"stepsCount":0,"attachmentsCount":0,"hasContent":false,"attachmentStep":false},{"name":"I add credit card information","time":{"start":1743079201696,"stop":1743079217532,"duration":15836},"status":"passed","steps":[],"attachments":[],"parameters":[{"name":"Card Number:","value":"497794949494"},{"name":"Card Expiry Date:","value":"03/30"},{"name":"Card CVC:","value":"737"},{"name":"Save card details:","value":"false"}],"shouldDisplayMessage":false,"stepsCount":0,"attachmentsCount":0,"hasContent":true,"attachmentStep":false},{"name":"I get the error text for \"Invalid Card Number\"","time":{"start":1743079217532,"stop":1743079218970,"duration":1438},"status":"passed","steps":[],"attachments":[],"parameters":[],"shouldDisplayMessage":false,"stepsCount":0,"attachmentsCount":0,"hasContent":false,"attachmentStep":false},{"name":"I check that the application text: \"Invalid card number\" is equals to expected value: \"Invalid card number\"","time":{"start":1743079218970,"stop":1743079218970,"duration":0},"status":"passed","steps":[],"attachments":[],"parameters":[{"name":"Actual:","value":"Invalid card number"},{"name":"Expected:","value":"Invalid card number"}],"shouldDisplayMessage":false,"stepsCount":0,"attachmentsCount":0,"hasContent":true,"attachmentStep":false}],"attachments":[],"parameters":[],"shouldDisplayMessage":false,"stepsCount":13,"attachmentsCount":0,"hasContent":true,"attachmentStep":false},"afterStages":[{"name":"springTestContextAfterTestMethod","time":{"start":1743079220790,"stop":1743079220790,"duration":0},"description":"","status":"passed","steps":[],"attachments":[],"parameters":[],"shouldDisplayMessage":false,"stepsCount":0,"attachmentsCount":0,"hasContent":false,"attachmentStep":false},{"name":"Base After Test Method","time":{"start":1743079220790,"stop":1743079220790,"duration":0},"description":"Base After Test Method","status":"passed","steps":[],"attachments":[],"parameters":[],"shouldDisplayMessage":false,"stepsCount":0,"attachmentsCount":0,"hasContent":false,"attachmentStep":false},{"name":"Base After Class","time":{"start":1743080783519,"stop":1743080783519,"duration":0},"description":"Base After Class","status":"passed","steps":[],"attachments":[],"parameters":[],"shouldDisplayMessage":false,"stepsCount":0,"attachmentsCount":0,"hasContent":false,"attachmentStep":false},{"name":"springTestContextAfterTestClass","time":{"start":1743080783519,"stop":1743080783519,"duration":0},"description":"","status":"passed","steps":[],"attachments":[],"parameters":[],"shouldDisplayMessage":false,"stepsCount":0,"attachmentsCount":0,"hasContent":false,"attachmentStep":false},{"name":"Base After Test","time":{"start":1743080783520,"stop":1743080783520,"duration":0},"description":"Base After Test","status":"passed","steps":[],"attachments":[],"parameters":[],"shouldDisplayMessage":false,"stepsCount":0,"attachmentsCount":0,"hasContent":false,"attachmentStep":false}],"labels":[{"name":"package","value":"testcases.AccountTests"},{"name":"testClass","value":"testcases.AccountTests"},{"name":"testMethod","value":"userTriesToAddInvalidCreditCardToWallet"},{"name":"parentSuite","value":"GMAP EU Mobile Test Automation - [ANDROID PARALLEL XML SUITE]"},{"name":"suite","value":"GMAP Tests | Account"},{"name":"subSuite","value":"testcases.AccountTests"},{"name":"host","value":"fv-az1076-283"},{"name":"thread","value":"1920@fv-az1076-283.TestNG-tests-3(24)"},{"name":"framework","value":"testng"},{"name":"language","value":"java"},{"name":"feature","value":"[GMAP] My Account"},{"name":"tag","value":"Wallet"},{"name":"tag","value":"Account"},{"name":"story","value":"[GMAP] Wallet"},{"name":"owner","value":"Kesavan - [Shanmugakesavan.Sundaramurthi@circlekeurope.com]"},{"name":"epic","value":"[GMAP] ACCOUNT"},{"name":"severity","value":"normal"},{"name":"resultFormat","value":"allure2"}],"parameters":[{"name":"arg0","value":"{EXPIRY_DATE=03/30, NUMBER=497794949494, CVC=737}"},{"name":"deviceConfig","value":"GalaxyS22"}],"links":[{"name":"NGRPRG-9179","url":"https://circlek.atlassian.net/browse/NGRPRG-9179","type":"tms"},{"name":"N/A","url":"https://circlek.atlassian.net/browse/N/A","type":"issue"}],"hidden":false,"retry":false,"extra":{"severity":"normal","owner":"Kesavan - [Shanmugakesavan.Sundaramurthi@circlekeurope.com]","retries":[],"categories":[],"history":{"statistic":{"failed":0,"broken":5,"skipped":0,"passed":17,"unknown":0,"total":22},"items":[{"uid":"bfb69da05b94364b","reportUrl":"https://circlek-global.github.io/gmbat-tests-eu-mobile-automation/1548//#testresult/bfb69da05b94364b","status":"broken","statusDetails":"Test '[Account] User tries to add invalid Credit Card to wallet - NAME' failed due to configuration error!\nError details\nCould not start a new session. Response code 500. Message: \n\nStatus Code: 500 - Error while starting appium session: An unknown server-side error occurred while processing the command. Original error: Cannot start the 'com.circlek.gmap.eu.staging' application. Consider checking the driver's troubleshooting documentation. Original error: 'com.circlek.gmap.MainActivity' or 'com.circlek.gmap.eu.staging.com.circlek.gmap.MainActivity' never started. Consider checking the driver's troubleshooting documentation.\n\nBuild info: version: 'unknown', revision: 'unknown', time: 'unknown'\nSystem info: host: 'Sauce Labs RDC', ip: 'N/A', os.name: 'Linux', os.arch: 'amd64', os.version: '6.6.72+', java.version: '17.0.14'\nDriver info: driver.version: unknown \nHost info: host: 'fv-az2055-539', ip: '10.1.0.224'\nBuild info: version: '4.19.0', revision: '5f9cec8963'\nSystem info: os.name: 'Linux', os.arch: 'amd64', os.version: '6.8.0-1021-azure', java.version: '17.0.14'\nDriver info: io.appium.java_client.android.AndroidDriver\nCommand: [null, newSession {capabilities=[Capabilities {appium:app: storage:6a620a13-da71-4613-..., appium:appWaitActivity: com.circlek.gmap.MainActivity, appium:appWaitDuration: 80000, appium:autoGrantPermissions: true, appium:automationName: UiAutomator2, appium:deviceName: Samsung Galaxy S22 5G, appium:newCommandTimeout: 90, appium:noReset: true, appium:settings: {disableIdLocatorAutocompletion: true, snapshotMaxDepth: 250}, platformName: ANDROID, sauce:options: {accessKey: 5d20ff7c-06ab-436b-8fe9-20d..., appiumVersion: latest, build: GMAP EU | Wednesday: 26-03-..., cacheId: 7c0f4464-7384-449b-b7d3-269..., name: [Account] User tries to add..., username: Kamil}}]}]\nCapabilities {appium:app: storage:6a620a13-da71-4613-..., appium:appWaitActivity: com.circlek.gmap.MainActivity, appium:appWaitDuration: 80000, appium:autoGrantPermissions: true, appium:automationName: UiAutomator2, appium:deviceName: Samsung Galaxy S22 5G, appium:newCommandTimeout: 90, appium:noReset: true, appium:settings: {disableIdLocatorAutocompletion: true, snapshotMaxDepth: 250}, platformName: ANDROID, sauce:options: {accessKey: 5d20ff7c-06ab-436b-8fe9-20d..., appiumVersion: latest, build: GMAP EU | Wednesday: 26-03-..., cacheId: 7c0f4464-7384-449b-b7d3-269..., name: [Account] User tries to add..., username: Kamil}}\n[org.openqa.selenium.remote.ProtocolHandshake.createSession(ProtocolHandshake.java:114), org.openqa.selenium.remote.ProtocolHandshake.createSession(ProtocolHandshake.java:75), org.openqa.selenium.remote.ProtocolHandshake.createSession(ProtocolHandshake.java:61), io.appium.java_client.remote.AppiumCommandExecutor.createSession(AppiumCommandExecutor.java:176), io.appium.java_client.remote.AppiumCommandExecutor.execute(AppiumCommandExecutor.java:237), org.openqa.selenium.remote.RemoteWebDriver.execute(RemoteWebDriver.java:518), io.appium.java_client.AppiumDriver.startSession(AppiumDriver.java:270), org.openqa.selenium.remote.RemoteWebDriver.<init>(RemoteWebDriver.java:161), io.appium.java_client.AppiumDriver.<init>(AppiumDriver.java:91), io.appium.java_client.AppiumDriver.<init>(AppiumDriver.java:103), io.appium.java_client.android.AndroidDriver.<init>(AndroidDriver.java:109), com.gmap.core.settings.drivers.AppiumDriverManager.getAppiumDriver(AppiumDriverManager.java:34), com.gmap.core.settings.drivers.DriverManager.startDriver(DriverManager.java:28), com.gmap.core.settings.TestSettings.setupTestConfig(TestSettings.java:59), settings.hooks.Hooks.baseBeforeMethod(Hooks.java:107), jdk.internal.reflect.GeneratedMethodAccessor88.invoke(Unknown Source), java.base/jdk.internal.reflect.DelegatingMethodAccessorImpl.invoke(DelegatingMethodAccessorImpl.java:43), java.base/java.lang.reflect.Method.invoke(Method.java:569), org.testng.internal.invokers.MethodInvocationHelper.invokeMethod(MethodInvocationHelper.java:141), org.testng.internal.invokers.MethodInvocationHelper.invokeMethodConsideringTimeout(MethodInvocationHelper.java:71), org.testng.internal.invokers.ConfigInvoker.invokeConfigurationMethod(ConfigInvoker.java:400), org.testng.internal.invokers.ConfigInvoker.invokeConfigurations(ConfigInvoker.java:333), org.testng.internal.invokers.TestInvoker.runConfigMethods(TestInvoker.java:836), org.testng.internal.invokers.TestInvoker.invokeMethod(TestInvoker.java:601), org.testng.internal.invokers.TestInvoker.invokeTestMethod(TestInvoker.java:230), org.testng.internal.invokers.MethodRunner.runInSequence(MethodRunner.java:63), org.testng.internal.invokers.TestInvoker$MethodInvocationAgent.invoke(TestInvoker.java:995), org.testng.internal.invokers.TestInvoker.invokeTestMethods(TestInvoker.java:203), org.testng.internal.invokers.TestMethodWorker.invokeTestMethods(TestMethodWorker.java:154), org.testng.internal.invokers.TestMethodWorker.run(TestMethodWorker.java:134), java.base/java.util.ArrayList.forEach(ArrayList.java:1511), org.testng.TestRunner.privateRun(TestRunner.java:741), org.testng.TestRunner.run(TestRunner.java:616), org.testng.SuiteRunner.runTest(SuiteRunner.java:421), org.testng.SuiteRunner$SuiteWorker.run(SuiteRunner.java:463), org.testng.internal.thread.ThreadUtil.lambda$execute$0(ThreadUtil.java:64), java.base/java.util.concurrent.FutureTask.run(FutureTask.java:264), java.base/java.util.concurrent.ThreadPoolExecutor.runWorker(ThreadPoolExecutor.java:1136), java.base/java.util.concurrent.ThreadPoolExecutor$Worker.run(ThreadPoolExecutor.java:635), java.base/java.lang.Thread.run(Thread.java:840)]","time":{"start":1743015356965,"stop":1743015356965,"duration":0}},{"uid":"6c7bc27f1cc87f38","reportUrl":"https://circlek-global.github.io/gmbat-tests-eu-mobile-automation/1512//#testresult/6c7bc27f1cc87f38","status":"broken","statusDetails":"Element [By.xpath: //android.widget.TextView[@text=\"Every card you add links automatically to earn loyalty benefits.\"]] wasn't visible after [15] seconds!\nException: org.openqa.selenium.TimeoutException: Expected condition failed: Element [By.xpath: //android.widget.TextView[@text=\"Every card you add links automatically to earn loyalty benefits.\"]] wasn't visible after [15] seconds! (tried for 15 second(s) with 250 milliseconds interval)\nFor documentation on this error, please visit: https://www.selenium.dev/documentation/webdriver/troubleshooting/errors#no-such-element-exception\nBuild info: version: '4.19.0', revision: '5f9cec8963'\nSystem info: os.name: 'Linux', os.arch: 'amd64', os.version: '6.8.0-1021-azure', java.version: '17.0.14'\nDriver info: driver.version: unknown","time":{"start":1742839002965,"stop":1742839052655,"duration":49690}},{"uid":"9f33ae22d3a1d0af","reportUrl":"https://circlek-global.github.io/gmbat-tests-eu-mobile-automation/1495//#testresult/9f33ae22d3a1d0af","status":"passed","time":{"start":1742561334804,"stop":1742561385429,"duration":50625}},{"uid":"d3c437d9bd82f7f8","reportUrl":"https://circlek-global.github.io/gmbat-tests-eu-mobile-automation/1471//#testresult/d3c437d9bd82f7f8","status":"broken","statusDetails":"Element [AppiumBy.id: account.tab-bar] wasn't clickable after [15] seconds!\nException: org.openqa.selenium.TimeoutException: Expected condition failed: Element [AppiumBy.id: account.tab-bar] wasn't clickable after [15] seconds! (tried for 15 second(s) with 250 milliseconds interval)\nFor documentation on this error, please visit: https://www.selenium.dev/documentation/webdriver/troubleshooting/errors#no-such-element-exception\nBuild info: version: '4.19.0', revision: '5f9cec8963'\nSystem info: os.name: 'Linux', os.arch: 'amd64', os.version: '6.8.0-1021-azure', java.version: '17.0.14'\nDriver info: driver.version: unknown","time":{"start":1742404963934,"stop":1742404995738,"duration":31804}},{"uid":"7fd16d71ace7d17a","reportUrl":"https://circlek-global.github.io/gmbat-tests-eu-mobile-automation/1444//#testresult/7fd16d71ace7d17a","status":"passed","time":{"start":1742233797589,"stop":1742233852863,"duration":55274}},{"uid":"ec37bf3130b91d68","reportUrl":"https://circlek-global.github.io/gmbat-tests-eu-mobile-automation/1260//#testresult/ec37bf3130b91d68","status":"passed","time":{"start":1740764442382,"stop":1740764497292,"duration":54910}},{"uid":"dfdf3a29f21a81f2","reportUrl":"https://circlek-global.github.io/gmbat-tests-eu-mobile-automation/1248//#testresult/dfdf3a29f21a81f2","status":"passed","time":{"start":1740677131119,"stop":1740677187312,"duration":56193}},{"uid":"87bba26610712b1d","reportUrl":"https://circlek-global.github.io/gmbat-tests-eu-mobile-automation/1179//#testresult/87bba26610712b1d","status":"passed","time":{"start":1739968792103,"stop":1739968847917,"duration":55814}},{"uid":"538a0f1911c39add","reportUrl":"https://circlek-global.github.io/gmbat-tests-eu-mobile-automation/1144//#testresult/538a0f1911c39add","status":"passed","time":{"start":1739554738887,"stop":1739554789773,"duration":50886}},{"uid":"2269b520accfdcb6","reportUrl":"https://circlek-global.github.io/gmbat-tests-eu-mobile-automation/1142//#testresult/2269b520accfdcb6","status":"broken","statusDetails":"Element [AppiumBy.accessibilityId: add-payment.button] wasn't visible after [30] seconds!\nException: org.openqa.selenium.TimeoutException: Expected condition failed: Element [AppiumBy.accessibilityId: add-payment.button] wasn't visible after [30] seconds! (tried for 30 second(s) with 250 milliseconds interval)\nFor documentation on this error, please visit: https://www.selenium.dev/documentation/webdriver/troubleshooting/errors#no-such-element-exception\nBuild info: version: '4.19.0', revision: '5f9cec8963'\nSystem info: os.name: 'Linux', os.arch: 'amd64', os.version: '6.8.0-1021-azure', java.version: '17.0.14'\nDriver info: driver.version: unknown","time":{"start":1739541983763,"stop":1739542045083,"duration":61320}},{"uid":"a52015d4a947c82a","reportUrl":"https://circlek-global.github.io/gmbat-tests-eu-mobile-automation/1114//#testresult/a52015d4a947c82a","status":"passed","time":{"start":1739295828028,"stop":1739295875566,"duration":47538}},{"uid":"7d2633399b278e7d","reportUrl":"https://circlek-global.github.io/gmbat-tests-eu-mobile-automation/1103//#testresult/7d2633399b278e7d","status":"passed","time":{"start":1739191589591,"stop":1739191642322,"duration":52731}},{"uid":"fd080c554a7f1c35","reportUrl":"https://circlek-global.github.io/gmbat-tests-eu-mobile-automation/1097//#testresult/fd080c554a7f1c35","status":"passed","time":{"start":1738949928298,"stop":1738949975457,"duration":47159}},{"uid":"f295322c9ef79327","reportUrl":"https://circlek-global.github.io/gmbat-tests-eu-mobile-automation/442//#testresult/f295322c9ef79327","status":"passed","time":{"start":1731678547328,"stop":1731678596130,"duration":48802}},{"uid":"17e1065b3f85bcbb","reportUrl":"https://circlek-global.github.io/gmbat-tests-eu-mobile-automation/323//#testresult/17e1065b3f85bcbb","status":"passed","time":{"start":1729774172305,"stop":1729774222663,"duration":50358}},{"uid":"d135c462c6777eb2","reportUrl":"https://circlek-global.github.io/gmbat-tests-eu-mobile-automation/307//#testresult/d135c462c6777eb2","status":"passed","time":{"start":1729573025625,"stop":1729573072101,"duration":46476}},{"uid":"ed5fe9f3b1d856a5","reportUrl":"https://circlek-global.github.io/gmbat-tests-eu-mobile-automation/287//#testresult/ed5fe9f3b1d856a5","status":"broken","statusDetails":"Element [AppiumBy.accessibilityId: Add payment] wasn't clickable after [15] seconds!\nFor documentation on this error, please visit: https://www.selenium.dev/documentation/webdriver/troubleshooting/errors#no-such-element-exception\nBuild info: version: '4.19.0', revision: '5f9cec8963'\nSystem info: os.name: 'Linux', os.arch: 'amd64', os.version: '6.5.0-1025-azure', java.version: '17.0.12'\nDriver info: driver.version: unknown","time":{"start":1729224903700,"stop":1729224937828,"duration":34128}},{"uid":"ef6b6947c62d6148","reportUrl":"https://circlek-global.github.io/gmbat-tests-eu-mobile-automation/253//#testresult/ef6b6947c62d6148","status":"passed","time":{"start":1728536994696,"stop":1728537040973,"duration":46277}},{"uid":"a3096bc999d291ec","reportUrl":"https://circlek-global.github.io/gmbat-tests-eu-mobile-automation/246//#testresult/a3096bc999d291ec","status":"passed","time":{"start":1728450620560,"stop":1728450670719,"duration":50159}},{"uid":"ae833056668692a0","reportUrl":"https://circlek-global.github.io/gmbat-tests-eu-mobile-automation/230//#testresult/ae833056668692a0","status":"passed","time":{"start":1728277915066,"stop":1728277978183,"duration":63117}}]},"tags":["Account","Wallet"]},"source":"67b820338af7f90b.json","parameterValues":["{EXPIRY_DATE=03/30, NUMBER=497794949494, CVC=737}","GalaxyS22"]}