{"uid":"54c1ac8b7d7cf37d","name":"User tries to add car to \"Pay by Plate\"","fullName":"testcases.SubscriptionsPurchasingTests.userTriesToAddCarToPBP","historyId":"4f9ca521a3a23cc0608ead751093a59f","time":{"start":1743172382236,"stop":1743172384233,"duration":1997},"description":"User tries to add car to \"Pay By Plate\"","descriptionHtml":"<p>User tries to add car to &quot;Pay By Plate&quot;</p>\n","status":"broken","statusMessage":"Test '[CWS Purchasing] User tries to add car to \"Pay by Plate\"' failed due to configuration error!\nError details\n1 expectation failed.\nExpected status code <202> but was <429>.\n\nOn fail message: {\n    \"message\": \"Rate limit is exceeded. Try again later.\"\n}\n----------------------------------------\n\n[java.base/jdk.internal.reflect.GeneratedConstructorAccessor195.newInstance(Unknown Source), java.base/jdk.internal.reflect.DelegatingConstructorAccessorImpl.newInstance(DelegatingConstructorAccessorImpl.java:45), java.base/java.lang.reflect.Constructor.newInstanceWithCaller(Constructor.java:500), java.base/java.lang.reflect.Constructor.newInstance(Constructor.java:481), org.codehaus.groovy.reflection.CachedConstructor.invoke(CachedConstructor.java:73), org.codehaus.groovy.runtime.callsite.ConstructorSite$ConstructorSiteNoUnwrapNoCoerce.callConstructor(ConstructorSite.java:108), org.codehaus.groovy.runtime.callsite.AbstractCallSite.callConstructor(AbstractCallSite.java:277), io.restassured.internal.ResponseSpecificationImpl$HamcrestAssertionClosure.validate(ResponseSpecificationImpl.groovy:512), io.restassured.internal.ResponseSpecificationImpl$HamcrestAssertionClosure$validate$1.call(Unknown Source), io.restassured.internal.ResponseSpecificationImpl.validateResponseIfRequired(ResponseSpecificationImpl.groovy:696), io.restassured.internal.ResponseSpecificationImpl.this$2$validateResponseIfRequired(ResponseSpecificationImpl.groovy), jdk.internal.reflect.GeneratedMethodAccessor178.invoke(Unknown Source), java.base/jdk.internal.reflect.DelegatingMethodAccessorImpl.invoke(DelegatingMethodAccessorImpl.java:43), java.base/java.lang.reflect.Method.invoke(Method.java:569), org.codehaus.groovy.runtime.callsite.PlainObjectMetaMethodSite.doInvoke(PlainObjectMetaMethodSite.java:43), org.codehaus.groovy.runtime.callsite.PogoMetaMethodSite$PogoCachedMethodSiteNoUnwrapNoCoerce.invoke(PogoMetaMethodSite.java:198), org.codehaus.groovy.runtime.callsite.PogoMetaMethodSite.callCurrent(PogoMetaMethodSite.java:62), org.codehaus.groovy.runtime.callsite.AbstractCallSite.callCurrent(AbstractCallSite.java:185), io.restassured.internal.ResponseSpecificationImpl.statusCode(ResponseSpecificationImpl.groovy:135), io.restassured.specification.ResponseSpecification$statusCode$1.callCurrent(Unknown Source), io.restassured.internal.ResponseSpecificationImpl.statusCode(ResponseSpecificationImpl.groovy:143), io.restassured.internal.ValidatableResponseOptionsImpl.statusCode(ValidatableResponseOptionsImpl.java:89), com.gmap.core.API.BaseUtils.validateServerResponse(BaseUtils.java:102), com.gmap.core.BaseCommonTestsSetup.createUserProfile(BaseCommonTestsSetup.java:130), settings.hooks.HooksActions.handleCreateUserProfile(HooksActions.java:575), settings.hooks.HooksActions.lambda$createUserProfileHandler$21(HooksActions.java:318), com.gmap.core.interfaces.ConditionalExecutor.conditionalAction(ConditionalExecutor.java:21), settings.hooks.HooksActions.createUserProfileHandler(HooksActions.java:317), settings.hooks.HooksActions.lambda$testMethodActions$0(HooksActions.java:277), settings.hooks.HooksActions.lambda$testMethodActions$18(HooksActions.java:306), java.base/java.util.stream.ForEachOps$ForEachOp$OfRef.accept(ForEachOps.java:183), java.base/java.util.stream.ReferencePipeline$2$1.accept(ReferencePipeline.java:179), java.base/java.util.Spliterators$ArraySpliterator.forEachRemaining(Spliterators.java:992), java.base/java.util.stream.AbstractPipeline.copyInto(AbstractPipeline.java:509), java.base/java.util.stream.AbstractPipeline.wrapAndCopyInto(AbstractPipeline.java:499), java.base/java.util.stream.ForEachOps$ForEachOp.evaluateSequential(ForEachOps.java:150), java.base/java.util.stream.ForEachOps$ForEachOp$OfRef.evaluateSequential(ForEachOps.java:173), java.base/java.util.stream.AbstractPipeline.evaluate(AbstractPipeline.java:234), java.base/java.util.stream.ReferencePipeline.forEach(ReferencePipeline.java:596), settings.hooks.HooksActions.testMethodActions(HooksActions.java:306), settings.hooks.Hooks.baseBeforeMethod(Hooks.java:110), jdk.internal.reflect.GeneratedMethodAccessor305.invoke(Unknown Source), java.base/jdk.internal.reflect.DelegatingMethodAccessorImpl.invoke(DelegatingMethodAccessorImpl.java:43), java.base/java.lang.reflect.Method.invoke(Method.java:569), org.testng.internal.invokers.MethodInvocationHelper.invokeMethod(MethodInvocationHelper.java:141), org.testng.internal.invokers.MethodInvocationHelper.invokeMethodConsideringTimeout(MethodInvocationHelper.java:71), org.testng.internal.invokers.ConfigInvoker.invokeConfigurationMethod(ConfigInvoker.java:400), org.testng.internal.invokers.ConfigInvoker.invokeConfigurations(ConfigInvoker.java:333), org.testng.internal.invokers.TestInvoker.runConfigMethods(TestInvoker.java:836), org.testng.internal.invokers.TestInvoker.invokeMethod(TestInvoker.java:601), org.testng.internal.invokers.TestInvoker.retryFailed(TestInvoker.java:269), org.testng.internal.invokers.MethodRunner.runInSequence(MethodRunner.java:76), org.testng.internal.invokers.TestInvoker$MethodInvocationAgent.invoke(TestInvoker.java:995), org.testng.internal.invokers.TestInvoker.invokeTestMethods(TestInvoker.java:203), org.testng.internal.invokers.TestMethodWorker.invokeTestMethods(TestMethodWorker.java:154), org.testng.internal.invokers.TestMethodWorker.run(TestMethodWorker.java:134), java.base/java.util.ArrayList.forEach(ArrayList.java:1511), org.testng.TestRunner.privateRun(TestRunner.java:741), org.testng.TestRunner.run(TestRunner.java:616), org.testng.SuiteRunner.runTest(SuiteRunner.java:421), org.testng.SuiteRunner$SuiteWorker.run(SuiteRunner.java:463), org.testng.internal.thread.ThreadUtil.lambda$execute$0(ThreadUtil.java:64), java.base/java.util.concurrent.FutureTask.run(FutureTask.java:264), java.base/java.util.concurrent.ThreadPoolExecutor.runWorker(ThreadPoolExecutor.java:1136), java.base/java.util.concurrent.ThreadPoolExecutor$Worker.run(ThreadPoolExecutor.java:635), java.base/java.lang.Thread.run(Thread.java:840)]","statusTrace":"java.lang.IllegalStateException: Test '[CWS Purchasing] User tries to add car to \"Pay by Plate\"' failed due to configuration error!\nError details\n1 expectation failed.\nExpected status code <202> but was <429>.\n\nOn fail message: {\n    \"message\": \"Rate limit is exceeded. Try again later.\"\n}\n----------------------------------------\n\n[java.base/jdk.internal.reflect.GeneratedConstructorAccessor195.newInstance(Unknown Source), java.base/jdk.internal.reflect.DelegatingConstructorAccessorImpl.newInstance(DelegatingConstructorAccessorImpl.java:45), java.base/java.lang.reflect.Constructor.newInstanceWithCaller(Constructor.java:500), java.base/java.lang.reflect.Constructor.newInstance(Constructor.java:481), org.codehaus.groovy.reflection.CachedConstructor.invoke(CachedConstructor.java:73), org.codehaus.groovy.runtime.callsite.ConstructorSite$ConstructorSiteNoUnwrapNoCoerce.callConstructor(ConstructorSite.java:108), org.codehaus.groovy.runtime.callsite.AbstractCallSite.callConstructor(AbstractCallSite.java:277), io.restassured.internal.ResponseSpecificationImpl$HamcrestAssertionClosure.validate(ResponseSpecificationImpl.groovy:512), io.restassured.internal.ResponseSpecificationImpl$HamcrestAssertionClosure$validate$1.call(Unknown Source), io.restassured.internal.ResponseSpecificationImpl.validateResponseIfRequired(ResponseSpecificationImpl.groovy:696), io.restassured.internal.ResponseSpecificationImpl.this$2$validateResponseIfRequired(ResponseSpecificationImpl.groovy), jdk.internal.reflect.GeneratedMethodAccessor178.invoke(Unknown Source), java.base/jdk.internal.reflect.DelegatingMethodAccessorImpl.invoke(DelegatingMethodAccessorImpl.java:43), java.base/java.lang.reflect.Method.invoke(Method.java:569), org.codehaus.groovy.runtime.callsite.PlainObjectMetaMethodSite.doInvoke(PlainObjectMetaMethodSite.java:43), org.codehaus.groovy.runtime.callsite.PogoMetaMethodSite$PogoCachedMethodSiteNoUnwrapNoCoerce.invoke(PogoMetaMethodSite.java:198), org.codehaus.groovy.runtime.callsite.PogoMetaMethodSite.callCurrent(PogoMetaMethodSite.java:62), org.codehaus.groovy.runtime.callsite.AbstractCallSite.callCurrent(AbstractCallSite.java:185), io.restassured.internal.ResponseSpecificationImpl.statusCode(ResponseSpecificationImpl.groovy:135), io.restassured.specification.ResponseSpecification$statusCode$1.callCurrent(Unknown Source), io.restassured.internal.ResponseSpecificationImpl.statusCode(ResponseSpecificationImpl.groovy:143), io.restassured.internal.ValidatableResponseOptionsImpl.statusCode(ValidatableResponseOptionsImpl.java:89), com.gmap.core.API.BaseUtils.validateServerResponse(BaseUtils.java:102), com.gmap.core.BaseCommonTestsSetup.createUserProfile(BaseCommonTestsSetup.java:130), settings.hooks.HooksActions.handleCreateUserProfile(HooksActions.java:575), settings.hooks.HooksActions.lambda$createUserProfileHandler$21(HooksActions.java:318), com.gmap.core.interfaces.ConditionalExecutor.conditionalAction(ConditionalExecutor.java:21), settings.hooks.HooksActions.createUserProfileHandler(HooksActions.java:317), settings.hooks.HooksActions.lambda$testMethodActions$0(HooksActions.java:277), settings.hooks.HooksActions.lambda$testMethodActions$18(HooksActions.java:306), java.base/java.util.stream.ForEachOps$ForEachOp$OfRef.accept(ForEachOps.java:183), java.base/java.util.stream.ReferencePipeline$2$1.accept(ReferencePipeline.java:179), java.base/java.util.Spliterators$ArraySpliterator.forEachRemaining(Spliterators.java:992), java.base/java.util.stream.AbstractPipeline.copyInto(AbstractPipeline.java:509), java.base/java.util.stream.AbstractPipeline.wrapAndCopyInto(AbstractPipeline.java:499), java.base/java.util.stream.ForEachOps$ForEachOp.evaluateSequential(ForEachOps.java:150), java.base/java.util.stream.ForEachOps$ForEachOp$OfRef.evaluateSequential(ForEachOps.java:173), java.base/java.util.stream.AbstractPipeline.evaluate(AbstractPipeline.java:234), java.base/java.util.stream.ReferencePipeline.forEach(ReferencePipeline.java:596), settings.hooks.HooksActions.testMethodActions(HooksActions.java:306), settings.hooks.Hooks.baseBeforeMethod(Hooks.java:110), jdk.internal.reflect.GeneratedMethodAccessor305.invoke(Unknown Source), java.base/jdk.internal.reflect.DelegatingMethodAccessorImpl.invoke(DelegatingMethodAccessorImpl.java:43), java.base/java.lang.reflect.Method.invoke(Method.java:569), org.testng.internal.invokers.MethodInvocationHelper.invokeMethod(MethodInvocationHelper.java:141), org.testng.internal.invokers.MethodInvocationHelper.invokeMethodConsideringTimeout(MethodInvocationHelper.java:71), org.testng.internal.invokers.ConfigInvoker.invokeConfigurationMethod(ConfigInvoker.java:400), org.testng.internal.invokers.ConfigInvoker.invokeConfigurations(ConfigInvoker.java:333), org.testng.internal.invokers.TestInvoker.runConfigMethods(TestInvoker.java:836), org.testng.internal.invokers.TestInvoker.invokeMethod(TestInvoker.java:601), org.testng.internal.invokers.TestInvoker.retryFailed(TestInvoker.java:269), org.testng.internal.invokers.MethodRunner.runInSequence(MethodRunner.java:76), org.testng.internal.invokers.TestInvoker$MethodInvocationAgent.invoke(TestInvoker.java:995), org.testng.internal.invokers.TestInvoker.invokeTestMethods(TestInvoker.java:203), org.testng.internal.invokers.TestMethodWorker.invokeTestMethods(TestMethodWorker.java:154), org.testng.internal.invokers.TestMethodWorker.run(TestMethodWorker.java:134), java.base/java.util.ArrayList.forEach(ArrayList.java:1511), org.testng.TestRunner.privateRun(TestRunner.java:741), org.testng.TestRunner.run(TestRunner.java:616), org.testng.SuiteRunner.runTest(SuiteRunner.java:421), org.testng.SuiteRunner$SuiteWorker.run(SuiteRunner.java:463), org.testng.internal.thread.ThreadUtil.lambda$execute$0(ThreadUtil.java:64), java.base/java.util.concurrent.FutureTask.run(FutureTask.java:264), java.base/java.util.concurrent.ThreadPoolExecutor.runWorker(ThreadPoolExecutor.java:1136), java.base/java.util.concurrent.ThreadPoolExecutor$Worker.run(ThreadPoolExecutor.java:635), java.base/java.lang.Thread.run(Thread.java:840)]\n\tat com.gmap.core.HooksConfiguration.checkHookConfiguration(HooksConfiguration.java:104)\n\tat settings.hooks.Hooks.run(Hooks.java:58)\n\tat org.testng.internal.invokers.MethodInvocationHelper.invokeHookable(MethodInvocationHelper.java:274)\n\tat org.testng.internal.invokers.TestInvoker.invokeMethod(TestInvoker.java:679)\n\tat org.testng.internal.invokers.TestInvoker.retryFailed(TestInvoker.java:269)\n\tat org.testng.internal.invokers.MethodRunner.runInSequence(MethodRunner.java:76)\n\tat org.testng.internal.invokers.TestInvoker$MethodInvocationAgent.invoke(TestInvoker.java:995)\n\tat org.testng.internal.invokers.TestInvoker.invokeTestMethods(TestInvoker.java:203)\n\tat org.testng.internal.invokers.TestMethodWorker.invokeTestMethods(TestMethodWorker.java:154)\n\tat org.testng.internal.invokers.TestMethodWorker.run(TestMethodWorker.java:134)\n\tat java.base/java.util.ArrayList.forEach(ArrayList.java:1511)\n\tat org.testng.TestRunner.privateRun(TestRunner.java:741)\n\tat org.testng.TestRunner.run(TestRunner.java:616)\n\tat org.testng.SuiteRunner.runTest(SuiteRunner.java:421)\n\tat org.testng.SuiteRunner$SuiteWorker.run(SuiteRunner.java:463)\n\tat org.testng.internal.thread.ThreadUtil.lambda$execute$0(ThreadUtil.java:64)\n\tat java.base/java.util.concurrent.FutureTask.run(FutureTask.java:264)\n\tat java.base/java.util.concurrent.ThreadPoolExecutor.runWorker(ThreadPoolExecutor.java:1136)\n\tat java.base/java.util.concurrent.ThreadPoolExecutor$Worker.run(ThreadPoolExecutor.java:635)\n\tat java.base/java.lang.Thread.run(Thread.java:840)\n","flaky":false,"newFailed":false,"newBroken":false,"newPassed":false,"retriesCount":1,"retriesStatusChange":true,"beforeStages":[{"name":"Base Before Test","time":{"start":1743171743794,"stop":1743171743794,"duration":0},"description":"Base Before Test","status":"passed","steps":[],"attachments":[],"parameters":[],"shouldDisplayMessage":false,"stepsCount":0,"attachmentsCount":0,"hasContent":false,"attachmentStep":false},{"name":"springTestContextBeforeTestClass","time":{"start":1743171743797,"stop":1743171743798,"duration":1},"description":"","status":"passed","steps":[],"attachments":[],"parameters":[],"shouldDisplayMessage":false,"stepsCount":0,"attachmentsCount":0,"hasContent":false,"attachmentStep":false},{"name":"springTestContextPrepareTestInstance","time":{"start":1743171743798,"stop":1743171743802,"duration":4},"description":"","status":"passed","steps":[],"attachments":[],"parameters":[],"shouldDisplayMessage":false,"stepsCount":0,"attachmentsCount":0,"hasContent":false,"attachmentStep":false},{"name":"Base Before Class","time":{"start":1743171743802,"stop":1743171743804,"duration":2},"description":"Base Before Class","status":"passed","steps":[],"attachments":[],"parameters":[],"shouldDisplayMessage":false,"stepsCount":0,"attachmentsCount":0,"hasContent":false,"attachmentStep":false},{"name":"springTestContextBeforeTestMethod","time":{"start":1743172302616,"stop":1743172302616,"duration":0},"description":"","status":"passed","steps":[],"attachments":[],"parameters":[],"shouldDisplayMessage":false,"stepsCount":0,"attachmentsCount":0,"hasContent":false,"attachmentStep":false},{"name":"Base Before Test Method","time":{"start":1743172302617,"stop":1743172381386,"duration":78769},"description":"Base Before Test Method","status":"passed","steps":[],"attachments":[{"uid":"fd4873f5e7e9ef4","name":"REQUEST | POST https://api.uat.circlek.com/eu/ngrp-gmap-authn/v1/auth","source":"fd4873f5e7e9ef4.html","type":"text/html","size":621},{"uid":"4f5d138163d38515","name":"RESPONSE | POST https://api.uat.circlek.com/eu/ngrp-gmap-authn/v1/auth [404]","source":"4f5d138163d38515.html","type":"text/html","size":747},{"uid":"7641d7a072b1c86","name":"REQUEST | POST https://api.uat.circlek.com/eu/customer/identity/v2/registration/finalize","source":"7641d7a072b1c86.html","type":"text/html","size":3051},{"uid":"fa9a51cd18c58ff6","name":"RESPONSE | POST https://api.uat.circlek.com/eu/customer/identity/v2/registration/finalize [400]","source":"fa9a51cd18c58ff6.html","type":"text/html","size":1237},{"uid":"ff35e22c7afc3d93","name":"REQUEST | POST https://api.uat.circlek.com/eu/ngrp-gmap-authn/v1/auth","source":"ff35e22c7afc3d93.html","type":"text/html","size":621},{"uid":"35250ecda7e3b249","name":"RESPONSE | POST https://api.uat.circlek.com/eu/ngrp-gmap-authn/v1/auth [404]","source":"35250ecda7e3b249.html","type":"text/html","size":746},{"uid":"f85031ad48096488","name":"REQUEST | POST https://api.uat.circlek.com/eu/customer/identity/v2/registration/finalize","source":"f85031ad48096488.html","type":"text/html","size":3051},{"uid":"730e61962fd44ab1","name":"RESPONSE | POST https://api.uat.circlek.com/eu/customer/identity/v2/registration/finalize [400]","source":"730e61962fd44ab1.html","type":"text/html","size":1237},{"uid":"e6690f3dc844ab0b","name":"REQUEST | POST https://api.uat.circlek.com/eu/ngrp-gmap-authn/v1/auth","source":"e6690f3dc844ab0b.html","type":"text/html","size":621},{"uid":"de1c6253ab99012b","name":"RESPONSE | POST https://api.uat.circlek.com/eu/ngrp-gmap-authn/v1/auth [404]","source":"de1c6253ab99012b.html","type":"text/html","size":746},{"uid":"127697882e21e458","name":"REQUEST | POST https://api.uat.circlek.com/eu/customer/identity/v2/registration","source":"127697882e21e458.html","type":"text/html","size":1141},{"uid":"c83208e047b54fc8","name":"RESPONSE | POST https://api.uat.circlek.com/eu/customer/identity/v2/registration [429]","source":"c83208e047b54fc8.html","type":"text/html","size":629}],"parameters":[],"shouldDisplayMessage":false,"stepsCount":0,"attachmentsCount":12,"hasContent":true,"attachmentStep":false},{"name":"initTestConfig","time":{"start":1743172381387,"stop":1743172381390,"duration":3},"description":"","status":"passed","steps":[],"attachments":[],"parameters":[],"shouldDisplayMessage":false,"stepsCount":0,"attachmentsCount":0,"hasContent":false,"attachmentStep":false}],"testStage":{"description":"User tries to add car to \"Pay By Plate\"","status":"broken","statusMessage":"Test '[CWS Purchasing] User tries to add car to \"Pay by Plate\"' failed due to configuration error!\nError details\n1 expectation failed.\nExpected status code <202> but was <429>.\n\nOn fail message: {\n    \"message\": \"Rate limit is exceeded. Try again later.\"\n}\n----------------------------------------\n\n[java.base/jdk.internal.reflect.GeneratedConstructorAccessor195.newInstance(Unknown Source), java.base/jdk.internal.reflect.DelegatingConstructorAccessorImpl.newInstance(DelegatingConstructorAccessorImpl.java:45), java.base/java.lang.reflect.Constructor.newInstanceWithCaller(Constructor.java:500), java.base/java.lang.reflect.Constructor.newInstance(Constructor.java:481), org.codehaus.groovy.reflection.CachedConstructor.invoke(CachedConstructor.java:73), org.codehaus.groovy.runtime.callsite.ConstructorSite$ConstructorSiteNoUnwrapNoCoerce.callConstructor(ConstructorSite.java:108), org.codehaus.groovy.runtime.callsite.AbstractCallSite.callConstructor(AbstractCallSite.java:277), io.restassured.internal.ResponseSpecificationImpl$HamcrestAssertionClosure.validate(ResponseSpecificationImpl.groovy:512), io.restassured.internal.ResponseSpecificationImpl$HamcrestAssertionClosure$validate$1.call(Unknown Source), io.restassured.internal.ResponseSpecificationImpl.validateResponseIfRequired(ResponseSpecificationImpl.groovy:696), io.restassured.internal.ResponseSpecificationImpl.this$2$validateResponseIfRequired(ResponseSpecificationImpl.groovy), jdk.internal.reflect.GeneratedMethodAccessor178.invoke(Unknown Source), java.base/jdk.internal.reflect.DelegatingMethodAccessorImpl.invoke(DelegatingMethodAccessorImpl.java:43), java.base/java.lang.reflect.Method.invoke(Method.java:569), org.codehaus.groovy.runtime.callsite.PlainObjectMetaMethodSite.doInvoke(PlainObjectMetaMethodSite.java:43), org.codehaus.groovy.runtime.callsite.PogoMetaMethodSite$PogoCachedMethodSiteNoUnwrapNoCoerce.invoke(PogoMetaMethodSite.java:198), org.codehaus.groovy.runtime.callsite.PogoMetaMethodSite.callCurrent(PogoMetaMethodSite.java:62), org.codehaus.groovy.runtime.callsite.AbstractCallSite.callCurrent(AbstractCallSite.java:185), io.restassured.internal.ResponseSpecificationImpl.statusCode(ResponseSpecificationImpl.groovy:135), io.restassured.specification.ResponseSpecification$statusCode$1.callCurrent(Unknown Source), io.restassured.internal.ResponseSpecificationImpl.statusCode(ResponseSpecificationImpl.groovy:143), io.restassured.internal.ValidatableResponseOptionsImpl.statusCode(ValidatableResponseOptionsImpl.java:89), com.gmap.core.API.BaseUtils.validateServerResponse(BaseUtils.java:102), com.gmap.core.BaseCommonTestsSetup.createUserProfile(BaseCommonTestsSetup.java:130), settings.hooks.HooksActions.handleCreateUserProfile(HooksActions.java:575), settings.hooks.HooksActions.lambda$createUserProfileHandler$21(HooksActions.java:318), com.gmap.core.interfaces.ConditionalExecutor.conditionalAction(ConditionalExecutor.java:21), settings.hooks.HooksActions.createUserProfileHandler(HooksActions.java:317), settings.hooks.HooksActions.lambda$testMethodActions$0(HooksActions.java:277), settings.hooks.HooksActions.lambda$testMethodActions$18(HooksActions.java:306), java.base/java.util.stream.ForEachOps$ForEachOp$OfRef.accept(ForEachOps.java:183), java.base/java.util.stream.ReferencePipeline$2$1.accept(ReferencePipeline.java:179), java.base/java.util.Spliterators$ArraySpliterator.forEachRemaining(Spliterators.java:992), java.base/java.util.stream.AbstractPipeline.copyInto(AbstractPipeline.java:509), java.base/java.util.stream.AbstractPipeline.wrapAndCopyInto(AbstractPipeline.java:499), java.base/java.util.stream.ForEachOps$ForEachOp.evaluateSequential(ForEachOps.java:150), java.base/java.util.stream.ForEachOps$ForEachOp$OfRef.evaluateSequential(ForEachOps.java:173), java.base/java.util.stream.AbstractPipeline.evaluate(AbstractPipeline.java:234), java.base/java.util.stream.ReferencePipeline.forEach(ReferencePipeline.java:596), settings.hooks.HooksActions.testMethodActions(HooksActions.java:306), settings.hooks.Hooks.baseBeforeMethod(Hooks.java:110), jdk.internal.reflect.GeneratedMethodAccessor305.invoke(Unknown Source), java.base/jdk.internal.reflect.DelegatingMethodAccessorImpl.invoke(DelegatingMethodAccessorImpl.java:43), java.base/java.lang.reflect.Method.invoke(Method.java:569), org.testng.internal.invokers.MethodInvocationHelper.invokeMethod(MethodInvocationHelper.java:141), org.testng.internal.invokers.MethodInvocationHelper.invokeMethodConsideringTimeout(MethodInvocationHelper.java:71), org.testng.internal.invokers.ConfigInvoker.invokeConfigurationMethod(ConfigInvoker.java:400), org.testng.internal.invokers.ConfigInvoker.invokeConfigurations(ConfigInvoker.java:333), org.testng.internal.invokers.TestInvoker.runConfigMethods(TestInvoker.java:836), org.testng.internal.invokers.TestInvoker.invokeMethod(TestInvoker.java:601), org.testng.internal.invokers.TestInvoker.retryFailed(TestInvoker.java:269), org.testng.internal.invokers.MethodRunner.runInSequence(MethodRunner.java:76), org.testng.internal.invokers.TestInvoker$MethodInvocationAgent.invoke(TestInvoker.java:995), org.testng.internal.invokers.TestInvoker.invokeTestMethods(TestInvoker.java:203), org.testng.internal.invokers.TestMethodWorker.invokeTestMethods(TestMethodWorker.java:154), org.testng.internal.invokers.TestMethodWorker.run(TestMethodWorker.java:134), java.base/java.util.ArrayList.forEach(ArrayList.java:1511), org.testng.TestRunner.privateRun(TestRunner.java:741), org.testng.TestRunner.run(TestRunner.java:616), org.testng.SuiteRunner.runTest(SuiteRunner.java:421), org.testng.SuiteRunner$SuiteWorker.run(SuiteRunner.java:463), org.testng.internal.thread.ThreadUtil.lambda$execute$0(ThreadUtil.java:64), java.base/java.util.concurrent.FutureTask.run(FutureTask.java:264), java.base/java.util.concurrent.ThreadPoolExecutor.runWorker(ThreadPoolExecutor.java:1136), java.base/java.util.concurrent.ThreadPoolExecutor$Worker.run(ThreadPoolExecutor.java:635), java.base/java.lang.Thread.run(Thread.java:840)]","statusTrace":"java.lang.IllegalStateException: Test '[CWS Purchasing] User tries to add car to \"Pay by Plate\"' failed due to configuration error!\nError details\n1 expectation failed.\nExpected status code <202> but was <429>.\n\nOn fail message: {\n    \"message\": \"Rate limit is exceeded. Try again later.\"\n}\n----------------------------------------\n\n[java.base/jdk.internal.reflect.GeneratedConstructorAccessor195.newInstance(Unknown Source), java.base/jdk.internal.reflect.DelegatingConstructorAccessorImpl.newInstance(DelegatingConstructorAccessorImpl.java:45), java.base/java.lang.reflect.Constructor.newInstanceWithCaller(Constructor.java:500), java.base/java.lang.reflect.Constructor.newInstance(Constructor.java:481), org.codehaus.groovy.reflection.CachedConstructor.invoke(CachedConstructor.java:73), org.codehaus.groovy.runtime.callsite.ConstructorSite$ConstructorSiteNoUnwrapNoCoerce.callConstructor(ConstructorSite.java:108), org.codehaus.groovy.runtime.callsite.AbstractCallSite.callConstructor(AbstractCallSite.java:277), io.restassured.internal.ResponseSpecificationImpl$HamcrestAssertionClosure.validate(ResponseSpecificationImpl.groovy:512), io.restassured.internal.ResponseSpecificationImpl$HamcrestAssertionClosure$validate$1.call(Unknown Source), io.restassured.internal.ResponseSpecificationImpl.validateResponseIfRequired(ResponseSpecificationImpl.groovy:696), io.restassured.internal.ResponseSpecificationImpl.this$2$validateResponseIfRequired(ResponseSpecificationImpl.groovy), jdk.internal.reflect.GeneratedMethodAccessor178.invoke(Unknown Source), java.base/jdk.internal.reflect.DelegatingMethodAccessorImpl.invoke(DelegatingMethodAccessorImpl.java:43), java.base/java.lang.reflect.Method.invoke(Method.java:569), org.codehaus.groovy.runtime.callsite.PlainObjectMetaMethodSite.doInvoke(PlainObjectMetaMethodSite.java:43), org.codehaus.groovy.runtime.callsite.PogoMetaMethodSite$PogoCachedMethodSiteNoUnwrapNoCoerce.invoke(PogoMetaMethodSite.java:198), org.codehaus.groovy.runtime.callsite.PogoMetaMethodSite.callCurrent(PogoMetaMethodSite.java:62), org.codehaus.groovy.runtime.callsite.AbstractCallSite.callCurrent(AbstractCallSite.java:185), io.restassured.internal.ResponseSpecificationImpl.statusCode(ResponseSpecificationImpl.groovy:135), io.restassured.specification.ResponseSpecification$statusCode$1.callCurrent(Unknown Source), io.restassured.internal.ResponseSpecificationImpl.statusCode(ResponseSpecificationImpl.groovy:143), io.restassured.internal.ValidatableResponseOptionsImpl.statusCode(ValidatableResponseOptionsImpl.java:89), com.gmap.core.API.BaseUtils.validateServerResponse(BaseUtils.java:102), com.gmap.core.BaseCommonTestsSetup.createUserProfile(BaseCommonTestsSetup.java:130), settings.hooks.HooksActions.handleCreateUserProfile(HooksActions.java:575), settings.hooks.HooksActions.lambda$createUserProfileHandler$21(HooksActions.java:318), com.gmap.core.interfaces.ConditionalExecutor.conditionalAction(ConditionalExecutor.java:21), settings.hooks.HooksActions.createUserProfileHandler(HooksActions.java:317), settings.hooks.HooksActions.lambda$testMethodActions$0(HooksActions.java:277), settings.hooks.HooksActions.lambda$testMethodActions$18(HooksActions.java:306), java.base/java.util.stream.ForEachOps$ForEachOp$OfRef.accept(ForEachOps.java:183), java.base/java.util.stream.ReferencePipeline$2$1.accept(ReferencePipeline.java:179), java.base/java.util.Spliterators$ArraySpliterator.forEachRemaining(Spliterators.java:992), java.base/java.util.stream.AbstractPipeline.copyInto(AbstractPipeline.java:509), java.base/java.util.stream.AbstractPipeline.wrapAndCopyInto(AbstractPipeline.java:499), java.base/java.util.stream.ForEachOps$ForEachOp.evaluateSequential(ForEachOps.java:150), java.base/java.util.stream.ForEachOps$ForEachOp$OfRef.evaluateSequential(ForEachOps.java:173), java.base/java.util.stream.AbstractPipeline.evaluate(AbstractPipeline.java:234), java.base/java.util.stream.ReferencePipeline.forEach(ReferencePipeline.java:596), settings.hooks.HooksActions.testMethodActions(HooksActions.java:306), settings.hooks.Hooks.baseBeforeMethod(Hooks.java:110), jdk.internal.reflect.GeneratedMethodAccessor305.invoke(Unknown Source), java.base/jdk.internal.reflect.DelegatingMethodAccessorImpl.invoke(DelegatingMethodAccessorImpl.java:43), java.base/java.lang.reflect.Method.invoke(Method.java:569), org.testng.internal.invokers.MethodInvocationHelper.invokeMethod(MethodInvocationHelper.java:141), org.testng.internal.invokers.MethodInvocationHelper.invokeMethodConsideringTimeout(MethodInvocationHelper.java:71), org.testng.internal.invokers.ConfigInvoker.invokeConfigurationMethod(ConfigInvoker.java:400), org.testng.internal.invokers.ConfigInvoker.invokeConfigurations(ConfigInvoker.java:333), org.testng.internal.invokers.TestInvoker.runConfigMethods(TestInvoker.java:836), org.testng.internal.invokers.TestInvoker.invokeMethod(TestInvoker.java:601), org.testng.internal.invokers.TestInvoker.retryFailed(TestInvoker.java:269), org.testng.internal.invokers.MethodRunner.runInSequence(MethodRunner.java:76), org.testng.internal.invokers.TestInvoker$MethodInvocationAgent.invoke(TestInvoker.java:995), org.testng.internal.invokers.TestInvoker.invokeTestMethods(TestInvoker.java:203), org.testng.internal.invokers.TestMethodWorker.invokeTestMethods(TestMethodWorker.java:154), org.testng.internal.invokers.TestMethodWorker.run(TestMethodWorker.java:134), java.base/java.util.ArrayList.forEach(ArrayList.java:1511), org.testng.TestRunner.privateRun(TestRunner.java:741), org.testng.TestRunner.run(TestRunner.java:616), org.testng.SuiteRunner.runTest(SuiteRunner.java:421), org.testng.SuiteRunner$SuiteWorker.run(SuiteRunner.java:463), org.testng.internal.thread.ThreadUtil.lambda$execute$0(ThreadUtil.java:64), java.base/java.util.concurrent.FutureTask.run(FutureTask.java:264), java.base/java.util.concurrent.ThreadPoolExecutor.runWorker(ThreadPoolExecutor.java:1136), java.base/java.util.concurrent.ThreadPoolExecutor$Worker.run(ThreadPoolExecutor.java:635), java.base/java.lang.Thread.run(Thread.java:840)]\n\tat com.gmap.core.HooksConfiguration.checkHookConfiguration(HooksConfiguration.java:104)\n\tat settings.hooks.Hooks.run(Hooks.java:58)\n\tat org.testng.internal.invokers.MethodInvocationHelper.invokeHookable(MethodInvocationHelper.java:274)\n\tat org.testng.internal.invokers.TestInvoker.invokeMethod(TestInvoker.java:679)\n\tat org.testng.internal.invokers.TestInvoker.retryFailed(TestInvoker.java:269)\n\tat org.testng.internal.invokers.MethodRunner.runInSequence(MethodRunner.java:76)\n\tat org.testng.internal.invokers.TestInvoker$MethodInvocationAgent.invoke(TestInvoker.java:995)\n\tat org.testng.internal.invokers.TestInvoker.invokeTestMethods(TestInvoker.java:203)\n\tat org.testng.internal.invokers.TestMethodWorker.invokeTestMethods(TestMethodWorker.java:154)\n\tat org.testng.internal.invokers.TestMethodWorker.run(TestMethodWorker.java:134)\n\tat java.base/java.util.ArrayList.forEach(ArrayList.java:1511)\n\tat org.testng.TestRunner.privateRun(TestRunner.java:741)\n\tat org.testng.TestRunner.run(TestRunner.java:616)\n\tat org.testng.SuiteRunner.runTest(SuiteRunner.java:421)\n\tat org.testng.SuiteRunner$SuiteWorker.run(SuiteRunner.java:463)\n\tat org.testng.internal.thread.ThreadUtil.lambda$execute$0(ThreadUtil.java:64)\n\tat java.base/java.util.concurrent.FutureTask.run(FutureTask.java:264)\n\tat java.base/java.util.concurrent.ThreadPoolExecutor.runWorker(ThreadPoolExecutor.java:1136)\n\tat java.base/java.util.concurrent.ThreadPoolExecutor$Worker.run(ThreadPoolExecutor.java:635)\n\tat java.base/java.lang.Thread.run(Thread.java:840)\n","steps":[],"attachments":[{"uid":"1eb01aeff426c1f9","name":"Screenshot | [28-03-2025]","source":"1eb01aeff426c1f9.jpg","type":"image/jpg","size":1063715}],"parameters":[],"shouldDisplayMessage":true,"stepsCount":0,"attachmentsCount":1,"hasContent":true,"attachmentStep":false},"afterStages":[{"name":"Base After Test Method","time":{"start":1743172386513,"stop":1743172388489,"duration":1976},"description":"Base After Test Method","status":"passed","steps":[],"attachments":[{"uid":"5e1da0439ddaad85","name":"REQUEST | DELETE https://api.uat.circlek.com/eu/ngrp-gmap-profile/v1/me","source":"5e1da0439ddaad85.html","type":"text/html","size":584},{"uid":"caf0f49cef40b14f","name":"RESPONSE | DELETE https://api.uat.circlek.com/eu/ngrp-gmap-profile/v1/me [400]","source":"caf0f49cef40b14f.html","type":"text/html","size":29057}],"parameters":[],"shouldDisplayMessage":false,"stepsCount":0,"attachmentsCount":2,"hasContent":true,"attachmentStep":false},{"name":"springTestContextAfterTestMethod","time":{"start":1743172388489,"stop":1743172388490,"duration":1},"description":"","status":"passed","steps":[],"attachments":[],"parameters":[],"shouldDisplayMessage":false,"stepsCount":0,"attachmentsCount":0,"hasContent":false,"attachmentStep":false},{"name":"Base After Class","time":{"start":1743172388490,"stop":1743172388490,"duration":0},"description":"Base After Class","status":"passed","steps":[],"attachments":[],"parameters":[],"shouldDisplayMessage":false,"stepsCount":0,"attachmentsCount":0,"hasContent":false,"attachmentStep":false},{"name":"springTestContextAfterTestClass","time":{"start":1743172388490,"stop":1743172388490,"duration":0},"description":"","status":"passed","steps":[],"attachments":[],"parameters":[],"shouldDisplayMessage":false,"stepsCount":0,"attachmentsCount":0,"hasContent":false,"attachmentStep":false},{"name":"Base After Test","time":{"start":1743172388491,"stop":1743172388491,"duration":0},"description":"Base After Test","status":"passed","steps":[],"attachments":[],"parameters":[],"shouldDisplayMessage":false,"stepsCount":0,"attachmentsCount":0,"hasContent":false,"attachmentStep":false}],"labels":[{"name":"package","value":"testcases.SubscriptionsPurchasingTests"},{"name":"testClass","value":"testcases.SubscriptionsPurchasingTests"},{"name":"testMethod","value":"userTriesToAddCarToPBP"},{"name":"parentSuite","value":"GMAP EU Mobile Test Automation - [IOS PARALLEL XML SUITE]"},{"name":"suite","value":"GMAP Tests | Subscriptions Purchasing"},{"name":"subSuite","value":"testcases.SubscriptionsPurchasingTests"},{"name":"host","value":"fv-az1366-600"},{"name":"thread","value":"2029@fv-az1366-600.TestNG-tests-4(25)"},{"name":"framework","value":"testng"},{"name":"language","value":"java"},{"name":"feature","value":"[GMAP] PBP enrollment"},{"name":"story","value":"[GMAP] Adding license plate"},{"name":"owner","value":"Kamil Nowocin - [kamil.nowocin@circlekeurope.com]"},{"name":"tag","value":"PayByPlate"},{"name":"epic","value":"[GMAP] SUBSCRIPTIONS"},{"name":"severity","value":"normal"},{"name":"resultFormat","value":"allure2"}],"parameters":[{"name":"deviceConfig","value":"iPhone14"}],"links":[{"name":"NGRPRG-8913","url":"https://circlek.atlassian.net/browse/NGRPRG-8913","type":"tms"},{"name":"N/A","url":"https://circlek.atlassian.net/browse/N/A","type":"issue"}],"hidden":false,"retry":false,"extra":{"severity":"normal","owner":"Kamil Nowocin - [kamil.nowocin@circlekeurope.com]","retries":[{"uid":"dd404bc076968b6f","status":"skipped","statusDetails":"Test '[CWS Purchasing] User tries to add car to \"Pay by Plate\"' failed due to configuration error!\nError details\n1 expectation failed.\nExpected status code <202> but was <429>.\n\nOn fail message: {\n    \"message\": \"Rate limit is exceeded. Try again later.\"\n}\n----------------------------------------\n\n[java.base/jdk.internal.reflect.GeneratedConstructorAccessor195.newInstance(Unknown Source), java.base/jdk.internal.reflect.DelegatingConstructorAccessorImpl.newInstance(DelegatingConstructorAccessorImpl.java:45), java.base/java.lang.reflect.Constructor.newInstanceWithCaller(Constructor.java:500), java.base/java.lang.reflect.Constructor.newInstance(Constructor.java:481), org.codehaus.groovy.reflection.CachedConstructor.invoke(CachedConstructor.java:73), org.codehaus.groovy.runtime.callsite.ConstructorSite$ConstructorSiteNoUnwrapNoCoerce.callConstructor(ConstructorSite.java:108), org.codehaus.groovy.runtime.callsite.AbstractCallSite.callConstructor(AbstractCallSite.java:277), io.restassured.internal.ResponseSpecificationImpl$HamcrestAssertionClosure.validate(ResponseSpecificationImpl.groovy:512), io.restassured.internal.ResponseSpecificationImpl$HamcrestAssertionClosure$validate$1.call(Unknown Source), io.restassured.internal.ResponseSpecificationImpl.validateResponseIfRequired(ResponseSpecificationImpl.groovy:696), io.restassured.internal.ResponseSpecificationImpl.this$2$validateResponseIfRequired(ResponseSpecificationImpl.groovy), jdk.internal.reflect.GeneratedMethodAccessor178.invoke(Unknown Source), java.base/jdk.internal.reflect.DelegatingMethodAccessorImpl.invoke(DelegatingMethodAccessorImpl.java:43), java.base/java.lang.reflect.Method.invoke(Method.java:569), org.codehaus.groovy.runtime.callsite.PlainObjectMetaMethodSite.doInvoke(PlainObjectMetaMethodSite.java:43), org.codehaus.groovy.runtime.callsite.PogoMetaMethodSite$PogoCachedMethodSiteNoUnwrapNoCoerce.invoke(PogoMetaMethodSite.java:198), org.codehaus.groovy.runtime.callsite.PogoMetaMethodSite.callCurrent(PogoMetaMethodSite.java:62), org.codehaus.groovy.runtime.callsite.AbstractCallSite.callCurrent(AbstractCallSite.java:185), io.restassured.internal.ResponseSpecificationImpl.statusCode(ResponseSpecificationImpl.groovy:135), io.restassured.specification.ResponseSpecification$statusCode$1.callCurrent(Unknown Source), io.restassured.internal.ResponseSpecificationImpl.statusCode(ResponseSpecificationImpl.groovy:143), io.restassured.internal.ValidatableResponseOptionsImpl.statusCode(ValidatableResponseOptionsImpl.java:89), com.gmap.core.API.BaseUtils.validateServerResponse(BaseUtils.java:102), com.gmap.core.BaseCommonTestsSetup.createUserProfile(BaseCommonTestsSetup.java:130), settings.hooks.HooksActions.handleCreateUserProfile(HooksActions.java:575), settings.hooks.HooksActions.lambda$createUserProfileHandler$21(HooksActions.java:318), com.gmap.core.interfaces.ConditionalExecutor.conditionalAction(ConditionalExecutor.java:21), settings.hooks.HooksActions.createUserProfileHandler(HooksActions.java:317), settings.hooks.HooksActions.lambda$testMethodActions$0(HooksActions.java:277), settings.hooks.HooksActions.lambda$testMethodActions$18(HooksActions.java:306), java.base/java.util.stream.ForEachOps$ForEachOp$OfRef.accept(ForEachOps.java:183), java.base/java.util.stream.ReferencePipeline$2$1.accept(ReferencePipeline.java:179), java.base/java.util.Spliterators$ArraySpliterator.forEachRemaining(Spliterators.java:992), java.base/java.util.stream.AbstractPipeline.copyInto(AbstractPipeline.java:509), java.base/java.util.stream.AbstractPipeline.wrapAndCopyInto(AbstractPipeline.java:499), java.base/java.util.stream.ForEachOps$ForEachOp.evaluateSequential(ForEachOps.java:150), java.base/java.util.stream.ForEachOps$ForEachOp$OfRef.evaluateSequential(ForEachOps.java:173), java.base/java.util.stream.AbstractPipeline.evaluate(AbstractPipeline.java:234), java.base/java.util.stream.ReferencePipeline.forEach(ReferencePipeline.java:596), settings.hooks.HooksActions.testMethodActions(HooksActions.java:306), settings.hooks.Hooks.baseBeforeMethod(Hooks.java:110), jdk.internal.reflect.GeneratedMethodAccessor305.invoke(Unknown Source), java.base/jdk.internal.reflect.DelegatingMethodAccessorImpl.invoke(DelegatingMethodAccessorImpl.java:43), java.base/java.lang.reflect.Method.invoke(Method.java:569), org.testng.internal.invokers.MethodInvocationHelper.invokeMethod(MethodInvocationHelper.java:141), org.testng.internal.invokers.MethodInvocationHelper.invokeMethodConsideringTimeout(MethodInvocationHelper.java:71), org.testng.internal.invokers.ConfigInvoker.invokeConfigurationMethod(ConfigInvoker.java:400), org.testng.internal.invokers.ConfigInvoker.invokeConfigurations(ConfigInvoker.java:333), org.testng.internal.invokers.TestInvoker.runConfigMethods(TestInvoker.java:836), org.testng.internal.invokers.TestInvoker.invokeMethod(TestInvoker.java:601), org.testng.internal.invokers.TestInvoker.invokeTestMethod(TestInvoker.java:230), org.testng.internal.invokers.MethodRunner.runInSequence(MethodRunner.java:63), org.testng.internal.invokers.TestInvoker$MethodInvocationAgent.invoke(TestInvoker.java:995), org.testng.internal.invokers.TestInvoker.invokeTestMethods(TestInvoker.java:203), org.testng.internal.invokers.TestMethodWorker.invokeTestMethods(TestMethodWorker.java:154), org.testng.internal.invokers.TestMethodWorker.run(TestMethodWorker.java:134), java.base/java.util.ArrayList.forEach(ArrayList.java:1511), org.testng.TestRunner.privateRun(TestRunner.java:741), org.testng.TestRunner.run(TestRunner.java:616), org.testng.SuiteRunner.runTest(SuiteRunner.java:421), org.testng.SuiteRunner$SuiteWorker.run(SuiteRunner.java:463), org.testng.internal.thread.ThreadUtil.lambda$execute$0(ThreadUtil.java:64), java.base/java.util.concurrent.FutureTask.run(FutureTask.java:264), java.base/java.util.concurrent.ThreadPoolExecutor.runWorker(ThreadPoolExecutor.java:1136), java.base/java.util.concurrent.ThreadPoolExecutor$Worker.run(ThreadPoolExecutor.java:635), java.base/java.lang.Thread.run(Thread.java:840)]","time":{"start":1743172297894,"stop":1743172297895,"duration":1}}],"categories":[{"name":"Test defects","matchedStatuses":[],"flaky":false}],"history":{"statistic":{"failed":0,"broken":12,"skipped":3,"passed":64,"unknown":0,"total":79},"items":[{"uid":"b7d569bf5c4c9059","reportUrl":"https://circlek-global.github.io/gmbat-tests-eu-mobile-automation/1562//#testresult/b7d569bf5c4c9059","status":"broken","statusDetails":"Element [AppiumBy.accessibilityId: pay-for-fuel.tab] wasn't clickable after [15] seconds!\nException: org.openqa.selenium.TimeoutException: Expected condition failed: Element [AppiumBy.accessibilityId: pay-for-fuel.tab] wasn't clickable after [15] seconds! (tried for 15 second(s) with 250 milliseconds interval)\nBuild info: version: '4.19.0', revision: '5f9cec8963'\nSystem info: os.name: 'Linux', os.arch: 'amd64', os.version: '6.8.0-1021-azure', java.version: '17.0.14'\nDriver info: driver.version: unknown\nFor documentation on this error, please visit: https://www.selenium.dev/documentation/webdriver/troubleshooting/errors#no-such-element-exception\nBuild info: version: '4.19.0', revision: '5f9cec8963'\nSystem info: os.name: 'Linux', os.arch: 'amd64', os.version: '6.8.0-1021-azure', java.version: '17.0.14'\nDriver info: driver.version: unknown","time":{"start":1743103893596,"stop":1743104194016,"duration":300420}},{"uid":"13b2deb4b90b4842","reportUrl":"https://circlek-global.github.io/gmbat-tests-eu-mobile-automation/1559//#testresult/13b2deb4b90b4842","status":"passed","time":{"start":1743089174113,"stop":1743089494483,"duration":320370}},{"uid":"c74a648124e27878","reportUrl":"https://circlek-global.github.io/gmbat-tests-eu-mobile-automation/1549//#testresult/c74a648124e27878","status":"broken","statusDetails":"Element [AppiumBy.accessibilityId: pay-for-fuel.tab] wasn't clickable after [15] seconds!\nException: org.openqa.selenium.TimeoutException: Expected condition failed: Element [AppiumBy.accessibilityId: pay-for-fuel.tab] wasn't clickable after [15] seconds! (tried for 15 second(s) with 250 milliseconds interval)\nBuild info: version: '4.19.0', revision: '5f9cec8963'\nSystem info: os.name: 'Linux', os.arch: 'amd64', os.version: '6.8.0-1021-azure', java.version: '17.0.14'\nDriver info: driver.version: unknown\nFor documentation on this error, please visit: https://www.selenium.dev/documentation/webdriver/troubleshooting/errors#no-such-element-exception\nBuild info: version: '4.19.0', revision: '5f9cec8963'\nSystem info: os.name: 'Linux', os.arch: 'amd64', os.version: '6.8.0-1021-azure', java.version: '17.0.14'\nDriver info: driver.version: unknown","time":{"start":1743017359897,"stop":1743017662993,"duration":303096}},{"uid":"b6e2dca511315d07","reportUrl":"https://circlek-global.github.io/gmbat-tests-eu-mobile-automation/1533//#testresult/b6e2dca511315d07","status":"broken","statusDetails":"Element [AppiumBy.accessibilityId: password.label] wasn't visible after [15] seconds!\nException: org.openqa.selenium.TimeoutException: Expected condition failed: Element [AppiumBy.accessibilityId: password.label] wasn't visible after [15] seconds! (tried for 15 second(s) with 250 milliseconds interval)\nBuild info: version: '4.19.0', revision: '5f9cec8963'\nSystem info: os.name: 'Linux', os.arch: 'amd64', os.version: '6.8.0-1021-azure', java.version: '17.0.14'\nDriver info: driver.version: unknown\nFor documentation on this error, please visit: https://www.selenium.dev/documentation/webdriver/troubleshooting/errors#no-such-element-exception\nBuild info: version: '4.19.0', revision: '5f9cec8963'\nSystem info: os.name: 'Linux', os.arch: 'amd64', os.version: '6.8.0-1021-azure', java.version: '17.0.14'\nDriver info: driver.version: unknown","time":{"start":1742928662953,"stop":1742928730156,"duration":67203}},{"uid":"67410257ee682ee0","reportUrl":"https://circlek-global.github.io/gmbat-tests-eu-mobile-automation/1524//#testresult/67410257ee682ee0","status":"passed","time":{"start":1742900036030,"stop":1742900391841,"duration":355811}},{"uid":"629e70eac576cb30","reportUrl":"https://circlek-global.github.io/gmbat-tests-eu-mobile-automation/1513//#testresult/629e70eac576cb30","status":"passed","time":{"start":1742843117760,"stop":1742843466254,"duration":348494}},{"uid":"2b3568b8a231f4ba","reportUrl":"https://circlek-global.github.io/gmbat-tests-eu-mobile-automation/1500//#testresult/2b3568b8a231f4ba","status":"passed","time":{"start":1742585388788,"stop":1742585675729,"duration":286941}},{"uid":"bb1569b56a5b120f","reportUrl":"https://circlek-global.github.io/gmbat-tests-eu-mobile-automation/1498//#testresult/bb1569b56a5b120f","status":"passed","time":{"start":1742572235992,"stop":1742572531039,"duration":295047}},{"uid":"6bf8794fdb7d207","reportUrl":"https://circlek-global.github.io/gmbat-tests-eu-mobile-automation/1486//#testresult/6bf8794fdb7d207","status":"broken","statusDetails":"Element [AppiumBy.accessibilityId: user-greetings.text] wasn't visible after [40] seconds!\nException: org.openqa.selenium.TimeoutException: Expected condition failed: Element [AppiumBy.accessibilityId: user-greetings.text] wasn't visible after [40] seconds! (tried for 40 second(s) with 250 milliseconds interval)\nFor documentation on this error, please visit: https://www.selenium.dev/documentation/webdriver/troubleshooting/errors#no-such-element-exception\nBuild info: version: '4.19.0', revision: '5f9cec8963'\nSystem info: os.name: 'Linux', os.arch: 'amd64', os.version: '6.8.0-1021-azure', java.version: '17.0.14'\nDriver info: driver.version: unknown","time":{"start":1742497483150,"stop":1742497637806,"duration":154656}},{"uid":"eed038d1a9acb04e","reportUrl":"https://circlek-global.github.io/gmbat-tests-eu-mobile-automation/1472//#testresult/eed038d1a9acb04e","status":"skipped","statusDetails":"Authentication failed after 20 seconds of requesting for +48736259000","time":{"start":1742409814910,"stop":1742409814910,"duration":0}},{"uid":"325cbf174d0789ce","reportUrl":"https://circlek-global.github.io/gmbat-tests-eu-mobile-automation/1470//#testresult/325cbf174d0789ce","status":"passed","time":{"start":1742397084047,"stop":1742397349378,"duration":265331}},{"uid":"37d1fe8e28fb54d9","reportUrl":"https://circlek-global.github.io/gmbat-tests-eu-mobile-automation/1457//#testresult/37d1fe8e28fb54d9","status":"passed","time":{"start":1742325330689,"stop":1742325605945,"duration":275256}},{"uid":"6967d9918248393d","reportUrl":"https://circlek-global.github.io/gmbat-tests-eu-mobile-automation/1455//#testresult/6967d9918248393d","status":"passed","time":{"start":1742310998700,"stop":1742311258883,"duration":260183}},{"uid":"e9187d1713919914","reportUrl":"https://circlek-global.github.io/gmbat-tests-eu-mobile-automation/1445//#testresult/e9187d1713919914","status":"passed","time":{"start":1742239304177,"stop":1742239706980,"duration":402803}},{"uid":"a11910bc7a2c6d89","reportUrl":"https://circlek-global.github.io/gmbat-tests-eu-mobile-automation/1442//#testresult/a11910bc7a2c6d89","status":"passed","time":{"start":1742221873657,"stop":1742222131314,"duration":257657}},{"uid":"40d2e04142ccf763","reportUrl":"https://circlek-global.github.io/gmbat-tests-eu-mobile-automation/1427//#testresult/40d2e04142ccf763","status":"passed","time":{"start":1741980325203,"stop":1741980621631,"duration":296428}},{"uid":"9c39a0e6a1318031","reportUrl":"https://circlek-global.github.io/gmbat-tests-eu-mobile-automation/1425//#testresult/9c39a0e6a1318031","status":"passed","time":{"start":1741965747114,"stop":1741966016080,"duration":268966}},{"uid":"f22bb145a9317ed9","reportUrl":"https://circlek-global.github.io/gmbat-tests-eu-mobile-automation/1413//#testresult/f22bb145a9317ed9","status":"passed","time":{"start":1741893362659,"stop":1741893664033,"duration":301374}},{"uid":"7313a9092449f489","reportUrl":"https://circlek-global.github.io/gmbat-tests-eu-mobile-automation/1411//#testresult/7313a9092449f489","status":"passed","time":{"start":1741878435327,"stop":1741878718309,"duration":282982}},{"uid":"5d29a0821514cad9","reportUrl":"https://circlek-global.github.io/gmbat-tests-eu-mobile-automation/1397//#testresult/5d29a0821514cad9","status":"passed","time":{"start":1741807429520,"stop":1741807722700,"duration":293180}}]},"tags":["PayByPlate"]},"source":"54c1ac8b7d7cf37d.json","parameterValues":["iPhone14"]}