{"uid":"d7e5854060aa77dd","name":"User tries to delete Credit Card from wallet","fullName":"testcases.AccountTests.userTriesToDeleteCreditCardFromWallet","historyId":"1b8edffe7d45981e38448fd6aece1f25","time":{"start":1743172636354,"stop":1743172703645,"duration":67291},"description":"User tries to delete Credit Card from wallet","descriptionHtml":"<p>User tries to delete Credit Card from wallet</p>\n","status":"passed","flaky":false,"newFailed":false,"newBroken":false,"newPassed":false,"retriesCount":0,"retriesStatusChange":false,"beforeStages":[{"name":"Base Before Test","time":{"start":1743171440441,"stop":1743171440441,"duration":0},"description":"Base Before Test","status":"passed","steps":[],"attachments":[],"parameters":[],"shouldDisplayMessage":false,"stepsCount":0,"attachmentsCount":0,"hasContent":false,"attachmentStep":false},{"name":"springTestContextBeforeTestClass","time":{"start":1743171440442,"stop":1743171440443,"duration":1},"description":"","status":"passed","steps":[],"attachments":[],"parameters":[],"shouldDisplayMessage":false,"stepsCount":0,"attachmentsCount":0,"hasContent":false,"attachmentStep":false},{"name":"springTestContextPrepareTestInstance","time":{"start":1743171440443,"stop":1743171440448,"duration":5},"description":"","status":"passed","steps":[],"attachments":[],"parameters":[],"shouldDisplayMessage":false,"stepsCount":0,"attachmentsCount":0,"hasContent":false,"attachmentStep":false},{"name":"Base Before Class","time":{"start":1743171440448,"stop":1743171442005,"duration":1557},"description":"Base Before Class","status":"passed","steps":[],"attachments":[],"parameters":[],"shouldDisplayMessage":false,"stepsCount":0,"attachmentsCount":0,"hasContent":false,"attachmentStep":false},{"name":"springTestContextBeforeTestMethod","time":{"start":1743172606391,"stop":1743172606392,"duration":1},"description":"","status":"passed","steps":[],"attachments":[],"parameters":[],"shouldDisplayMessage":false,"stepsCount":0,"attachmentsCount":0,"hasContent":false,"attachmentStep":false},{"name":"Base Before Test Method","time":{"start":1743172606392,"stop":1743172625599,"duration":19207},"description":"Base Before Test Method","status":"passed","steps":[],"attachments":[],"parameters":[],"shouldDisplayMessage":false,"stepsCount":0,"attachmentsCount":0,"hasContent":false,"attachmentStep":false},{"name":"initTestConfig","time":{"start":1743172625600,"stop":1743172625604,"duration":4},"description":"","status":"passed","steps":[],"attachments":[],"parameters":[],"shouldDisplayMessage":false,"stepsCount":0,"attachmentsCount":0,"hasContent":false,"attachmentStep":false}],"testStage":{"description":"User tries to delete Credit Card from wallet","status":"passed","steps":[{"name":"I check that the Saucelabs session is preserved","time":{"start":1743172636354,"stop":1743172642561,"duration":6207},"status":"passed","steps":[],"attachments":[],"parameters":[{"name":"userProfile","value":"{PHONE_COUNTRY_PREFIX=+48, OTP=000000, PHONE_NUMBER=780780000, PASSWORD=#Test123, PHONE_COUNTRY=Poland, EMAIL=jan.kowalski@gmaptest.com, FIRST_NAME=Jan, LAST_NAME=Kowalski, BUSINESS_UNIT=SE}"}],"shouldDisplayMessage":false,"stepsCount":0,"attachmentsCount":0,"hasContent":true,"attachmentStep":false},{"name":"I skip linking my card","time":{"start":1743172642561,"stop":1743172653012,"duration":10451},"status":"passed","steps":[],"attachments":[],"parameters":[{"name":"time","value":"[]"}],"shouldDisplayMessage":false,"stepsCount":0,"attachmentsCount":0,"hasContent":true,"attachmentStep":false},{"name":"I click on \"ACCOUNT\" button","time":{"start":1743172653012,"stop":1743172667542,"duration":14530},"status":"passed","steps":[],"attachments":[],"parameters":[],"shouldDisplayMessage":false,"stepsCount":0,"attachmentsCount":0,"hasContent":false,"attachmentStep":false},{"name":"I check that the \"Account Screen\" is displayed","time":{"start":1743172667542,"stop":1743172668524,"duration":982},"status":"passed","steps":[],"attachments":[],"parameters":[],"shouldDisplayMessage":false,"stepsCount":0,"attachmentsCount":0,"hasContent":false,"attachmentStep":false},{"name":"I click on \"WALLET\" tab","time":{"start":1743172668524,"stop":1743172676815,"duration":8291},"status":"passed","steps":[],"attachments":[],"parameters":[],"shouldDisplayMessage":false,"stepsCount":0,"attachmentsCount":0,"hasContent":false,"attachmentStep":false},{"name":"I check that the \"Wallet Screen\" is displayed","time":{"start":1743172676815,"stop":1743172677591,"duration":776},"status":"passed","steps":[],"attachments":[],"parameters":[],"shouldDisplayMessage":false,"stepsCount":0,"attachmentsCount":0,"hasContent":false,"attachmentStep":false},{"name":"I wait for the \"CREDIT CARD\" list to have more or equal than 1 elements","time":{"start":1743172677591,"stop":1743172678881,"duration":1290},"status":"passed","steps":[],"attachments":[],"parameters":[{"name":"Elements:","value":"1"}],"shouldDisplayMessage":false,"stepsCount":0,"attachmentsCount":0,"hasContent":true,"attachmentStep":false},{"name":"I check the number of \"CREDIT CARDS\" added","time":{"start":1743172678881,"stop":1743172682452,"duration":3571},"status":"passed","steps":[],"attachments":[],"parameters":[],"shouldDisplayMessage":false,"stepsCount":0,"attachmentsCount":0,"hasContent":false,"attachmentStep":false},{"name":"I check that the actual value: \"3\" is greater or equal than value \"1\"","time":{"start":1743172682452,"stop":1743172682452,"duration":0},"status":"passed","steps":[],"attachments":[],"parameters":[{"name":"Actual:","value":"3"},{"name":"Other:","value":"1"}],"shouldDisplayMessage":false,"stepsCount":0,"attachmentsCount":0,"hasContent":true,"attachmentStep":false},{"name":"I click on 1st/nd/rd/th \"CREDIT CARD THREE DOTS\" button","time":{"start":1743172682452,"stop":1743172686691,"duration":4239},"status":"passed","steps":[],"attachments":[],"parameters":[{"name":"Credit Card:","value":"1"}],"shouldDisplayMessage":false,"stepsCount":0,"attachmentsCount":0,"hasContent":true,"attachmentStep":false},{"name":"I click on \"REMOVE\" button","time":{"start":1743172686691,"stop":1743172689571,"duration":2880},"status":"passed","steps":[],"attachments":[],"parameters":[],"shouldDisplayMessage":false,"stepsCount":0,"attachmentsCount":0,"hasContent":false,"attachmentStep":false},{"name":"I check that the \"Remove Payment Card Pane\" is displayed","time":{"start":1743172689571,"stop":1743172690539,"duration":968},"status":"passed","steps":[],"attachments":[],"parameters":[],"shouldDisplayMessage":false,"stepsCount":0,"attachmentsCount":0,"hasContent":false,"attachmentStep":false},{"name":"I click on \"YES, DELETE MY CARD\" button","time":{"start":1743172690539,"stop":1743172693387,"duration":2848},"status":"passed","steps":[],"attachments":[],"parameters":[],"shouldDisplayMessage":false,"stepsCount":0,"attachmentsCount":0,"hasContent":false,"attachmentStep":false},{"name":"I check that the \"Card successfully removed\" toast message is displayed","time":{"start":1743172693387,"stop":1743172699519,"duration":6132},"status":"passed","steps":[],"attachments":[],"parameters":[],"shouldDisplayMessage":false,"stepsCount":0,"attachmentsCount":0,"hasContent":false,"attachmentStep":false},{"name":"I wait for the \"CREDIT CARD\" list to have more or equal than 2 elements","time":{"start":1743172699519,"stop":1743172700738,"duration":1219},"status":"passed","steps":[],"attachments":[],"parameters":[{"name":"Elements:","value":"2"}],"shouldDisplayMessage":false,"stepsCount":0,"attachmentsCount":0,"hasContent":true,"attachmentStep":false},{"name":"I check the number of \"CREDIT CARDS\" added","time":{"start":1743172700738,"stop":1743172703644,"duration":2906},"status":"passed","steps":[],"attachments":[],"parameters":[],"shouldDisplayMessage":false,"stepsCount":0,"attachmentsCount":0,"hasContent":false,"attachmentStep":false},{"name":"I check that the actual value: \"2\" is less than value \"3\"","time":{"start":1743172703644,"stop":1743172703645,"duration":1},"status":"passed","steps":[],"attachments":[],"parameters":[{"name":"Actual:","value":"2"},{"name":"Other:","value":"3"}],"shouldDisplayMessage":false,"stepsCount":0,"attachmentsCount":0,"hasContent":true,"attachmentStep":false}],"attachments":[],"parameters":[],"shouldDisplayMessage":false,"stepsCount":17,"attachmentsCount":0,"hasContent":true,"attachmentStep":false},"afterStages":[{"name":"Base After Test Method","time":{"start":1743172705903,"stop":1743172705903,"duration":0},"description":"Base After Test Method","status":"passed","steps":[],"attachments":[],"parameters":[],"shouldDisplayMessage":false,"stepsCount":0,"attachmentsCount":0,"hasContent":false,"attachmentStep":false},{"name":"springTestContextAfterTestMethod","time":{"start":1743172705904,"stop":1743172705904,"duration":0},"description":"","status":"passed","steps":[],"attachments":[],"parameters":[],"shouldDisplayMessage":false,"stepsCount":0,"attachmentsCount":0,"hasContent":false,"attachmentStep":false},{"name":"Base After Test","time":{"start":1743174198922,"stop":1743174198922,"duration":0},"description":"Base After Test","status":"passed","steps":[],"attachments":[],"parameters":[],"shouldDisplayMessage":false,"stepsCount":0,"attachmentsCount":0,"hasContent":false,"attachmentStep":false},{"name":"Base After Class","time":{"start":1743174198922,"stop":1743174198922,"duration":0},"description":"Base After Class","status":"passed","steps":[],"attachments":[],"parameters":[],"shouldDisplayMessage":false,"stepsCount":0,"attachmentsCount":0,"hasContent":false,"attachmentStep":false},{"name":"springTestContextAfterTestClass","time":{"start":1743174198922,"stop":1743174198922,"duration":0},"description":"","status":"passed","steps":[],"attachments":[],"parameters":[],"shouldDisplayMessage":false,"stepsCount":0,"attachmentsCount":0,"hasContent":false,"attachmentStep":false}],"labels":[{"name":"package","value":"testcases.AccountTests"},{"name":"testClass","value":"testcases.AccountTests"},{"name":"testMethod","value":"userTriesToDeleteCreditCardFromWallet"},{"name":"parentSuite","value":"GMAP EU Mobile Test Automation - [IOS PARALLEL XML SUITE]"},{"name":"suite","value":"GMAP Tests | Account"},{"name":"subSuite","value":"testcases.AccountTests"},{"name":"host","value":"fv-az1366-600"},{"name":"thread","value":"2029@fv-az1366-600.TestNG-tests-3(24)"},{"name":"framework","value":"testng"},{"name":"language","value":"java"},{"name":"feature","value":"[GMAP] My Account"},{"name":"tag","value":"Wallet"},{"name":"tag","value":"Account"},{"name":"owner","value":"Kamil Nowocin - [kamil.nowocin@circlekeurope.com]"},{"name":"story","value":"[GMAP] Wallet"},{"name":"epic","value":"[GMAP] ACCOUNT"},{"name":"severity","value":"normal"},{"name":"resultFormat","value":"allure2"}],"parameters":[{"name":"deviceConfig","value":"iPhone15ProMax"}],"links":[{"name":"N/A","url":"https://circlek.atlassian.net/browse/N/A","type":"issue"},{"name":"NGRPRG-9761","url":"https://circlek.atlassian.net/browse/NGRPRG-9761","type":"tms"}],"hidden":false,"retry":false,"extra":{"severity":"normal","owner":"Kamil Nowocin - [kamil.nowocin@circlekeurope.com]","retries":[],"categories":[],"history":{"statistic":{"failed":0,"broken":17,"skipped":2,"passed":110,"unknown":0,"total":129},"items":[{"uid":"225c3b7f840beb82","reportUrl":"https://circlek-global.github.io/gmbat-tests-eu-mobile-automation/1562//#testresult/225c3b7f840beb82","status":"passed","time":{"start":1743102677228,"stop":1743102749859,"duration":72631}},{"uid":"5be2837449635d72","reportUrl":"https://circlek-global.github.io/gmbat-tests-eu-mobile-automation/1559//#testresult/5be2837449635d72","status":"passed","time":{"start":1743087540284,"stop":1743087606911,"duration":66627}},{"uid":"e80238e8a3234ebd","reportUrl":"https://circlek-global.github.io/gmbat-tests-eu-mobile-automation/1549//#testresult/e80238e8a3234ebd","status":"passed","time":{"start":1743016298531,"stop":1743016376834,"duration":78303}},{"uid":"fefa8e1986a5c5a0","reportUrl":"https://circlek-global.github.io/gmbat-tests-eu-mobile-automation/1533//#testresult/fefa8e1986a5c5a0","status":"passed","time":{"start":1742928700716,"stop":1742928775995,"duration":75279}},{"uid":"54fc0a397f999382","reportUrl":"https://circlek-global.github.io/gmbat-tests-eu-mobile-automation/1524//#testresult/54fc0a397f999382","status":"broken","statusDetails":"Element [AppiumBy.iOSNsPredicate: label == 'Card successfully removed'] wasn't visible after [30] seconds!\nException: org.openqa.selenium.TimeoutException: Expected condition failed: Element [AppiumBy.iOSNsPredicate: label == 'Card successfully removed'] wasn't visible after [30] seconds! (tried for 30 second(s) with 250 milliseconds interval)\nFor documentation on this error, please visit: https://www.selenium.dev/documentation/webdriver/troubleshooting/errors#no-such-element-exception\nBuild info: version: '4.19.0', revision: '5f9cec8963'\nSystem info: os.name: 'Linux', os.arch: 'amd64', os.version: '6.8.0-1021-azure', java.version: '17.0.14'\nDriver info: driver.version: unknown","time":{"start":1742899922964,"stop":1742900006004,"duration":83040}},{"uid":"4e8cf6a8b39ad519","reportUrl":"https://circlek-global.github.io/gmbat-tests-eu-mobile-automation/1513//#testresult/4e8cf6a8b39ad519","status":"passed","time":{"start":1742841364154,"stop":1742841441475,"duration":77321}},{"uid":"72131f7a26f63bf5","reportUrl":"https://circlek-global.github.io/gmbat-tests-eu-mobile-automation/1500//#testresult/72131f7a26f63bf5","status":"passed","time":{"start":1742584214045,"stop":1742584292254,"duration":78209}},{"uid":"603a463d2623e87a","reportUrl":"https://circlek-global.github.io/gmbat-tests-eu-mobile-automation/1498//#testresult/603a463d2623e87a","status":"passed","time":{"start":1742570871221,"stop":1742570938163,"duration":66942}},{"uid":"95d25b92d55e0ca5","reportUrl":"https://circlek-global.github.io/gmbat-tests-eu-mobile-automation/1486//#testresult/95d25b92d55e0ca5","status":"broken","statusDetails":"Element [AppiumBy.accessibilityId: account.tab-bar] wasn't clickable after [15] seconds!\nException: org.openqa.selenium.TimeoutException: Expected condition failed: Element [AppiumBy.accessibilityId: account.tab-bar] wasn't clickable after [15] seconds! (tried for 15 second(s) with 250 milliseconds interval)\nFor documentation on this error, please visit: https://www.selenium.dev/documentation/webdriver/troubleshooting/errors#no-such-element-exception\nBuild info: version: '4.19.0', revision: '5f9cec8963'\nSystem info: os.name: 'Linux', os.arch: 'amd64', os.version: '6.8.0-1021-azure', java.version: '17.0.14'\nDriver info: driver.version: unknown","time":{"start":1742496709241,"stop":1742496740611,"duration":31370}},{"uid":"59a95d7bca52c9fb","reportUrl":"https://circlek-global.github.io/gmbat-tests-eu-mobile-automation/1472//#testresult/59a95d7bca52c9fb","status":"broken","statusDetails":"Element [AppiumBy.iOSNsPredicate: label == 'Card successfully removed'] wasn't visible after [30] seconds!\nException: org.openqa.selenium.TimeoutException: Expected condition failed: Element [AppiumBy.iOSNsPredicate: label == 'Card successfully removed'] wasn't visible after [30] seconds! (tried for 30 second(s) with 250 milliseconds interval)\nBuild info: version: '4.19.0', revision: '5f9cec8963'\nSystem info: os.name: 'Linux', os.arch: 'amd64', os.version: '6.8.0-1021-azure', java.version: '17.0.14'\nDriver info: driver.version: unknown\nFor documentation on this error, please visit: https://www.selenium.dev/documentation/webdriver/troubleshooting/errors#no-such-element-exception\nBuild info: version: '4.19.0', revision: '5f9cec8963'\nSystem info: os.name: 'Linux', os.arch: 'amd64', os.version: '6.8.0-1021-azure', java.version: '17.0.14'\nDriver info: driver.version: unknown","time":{"start":1742410076559,"stop":1742410169555,"duration":92996}},{"uid":"ecb244ccbddb2c25","reportUrl":"https://circlek-global.github.io/gmbat-tests-eu-mobile-automation/1470//#testresult/ecb244ccbddb2c25","status":"broken","statusDetails":"Element [AppiumBy.iOSNsPredicate: label == 'Card successfully removed'] wasn't visible after [30] seconds!\nException: org.openqa.selenium.TimeoutException: Expected condition failed: Element [AppiumBy.iOSNsPredicate: label == 'Card successfully removed'] wasn't visible after [30] seconds! (tried for 30 second(s) with 250 milliseconds interval)\nBuild info: version: '4.19.0', revision: '5f9cec8963'\nSystem info: os.name: 'Linux', os.arch: 'amd64', os.version: '6.8.0-1021-azure', java.version: '17.0.14'\nDriver info: driver.version: unknown\nFor documentation on this error, please visit: https://www.selenium.dev/documentation/webdriver/troubleshooting/errors#no-such-element-exception\nBuild info: version: '4.19.0', revision: '5f9cec8963'\nSystem info: os.name: 'Linux', os.arch: 'amd64', os.version: '6.8.0-1021-azure', java.version: '17.0.14'\nDriver info: driver.version: unknown","time":{"start":1742396321470,"stop":1742396410055,"duration":88585}},{"uid":"312b1c9c0ca5603e","reportUrl":"https://circlek-global.github.io/gmbat-tests-eu-mobile-automation/1457//#testresult/312b1c9c0ca5603e","status":"passed","time":{"start":1742324447716,"stop":1742324511342,"duration":63626}},{"uid":"755b19ac8386f3d3","reportUrl":"https://circlek-global.github.io/gmbat-tests-eu-mobile-automation/1455//#testresult/755b19ac8386f3d3","status":"passed","time":{"start":1742309691379,"stop":1742309742771,"duration":51392}},{"uid":"c5b4a1efdd849830","reportUrl":"https://circlek-global.github.io/gmbat-tests-eu-mobile-automation/1445//#testresult/c5b4a1efdd849830","status":"passed","time":{"start":1742238991580,"stop":1742239059408,"duration":67828}},{"uid":"86e5539da5a168f9","reportUrl":"https://circlek-global.github.io/gmbat-tests-eu-mobile-automation/1442//#testresult/86e5539da5a168f9","status":"passed","time":{"start":1742220522694,"stop":1742220585535,"duration":62841}},{"uid":"9cf8996cd93535d4","reportUrl":"https://circlek-global.github.io/gmbat-tests-eu-mobile-automation/1427//#testresult/9cf8996cd93535d4","status":"passed","time":{"start":1741979589352,"stop":1741979652515,"duration":63163}},{"uid":"e23ee67e84bd4260","reportUrl":"https://circlek-global.github.io/gmbat-tests-eu-mobile-automation/1425//#testresult/e23ee67e84bd4260","status":"passed","time":{"start":1741964291050,"stop":1741964360325,"duration":69275}},{"uid":"e72db8a6619cdbb","reportUrl":"https://circlek-global.github.io/gmbat-tests-eu-mobile-automation/1413//#testresult/e72db8a6619cdbb","status":"broken","statusDetails":"Element [AppiumBy.accessibilityId: remove.button] wasn't clickable after [15] seconds!\nException: org.openqa.selenium.TimeoutException: Expected condition failed: Element [AppiumBy.accessibilityId: remove.button] wasn't clickable after [15] seconds! (tried for 15 second(s) with 250 milliseconds interval)\nFor documentation on this error, please visit: https://www.selenium.dev/documentation/webdriver/troubleshooting/errors#no-such-element-exception\nBuild info: version: '4.19.0', revision: '5f9cec8963'\nSystem info: os.name: 'Linux', os.arch: 'amd64', os.version: '6.8.0-1021-azure', java.version: '17.0.14'\nDriver info: driver.version: unknown","time":{"start":1741892618206,"stop":1741892683364,"duration":65158}},{"uid":"c9b2d429e47183b2","reportUrl":"https://circlek-global.github.io/gmbat-tests-eu-mobile-automation/1411//#testresult/c9b2d429e47183b2","status":"broken","statusDetails":"Element [AppiumBy.accessibilityId: remove.button] wasn't clickable after [15] seconds!\nException: org.openqa.selenium.TimeoutException: Expected condition failed: Element [AppiumBy.accessibilityId: remove.button] wasn't clickable after [15] seconds! (tried for 15 second(s) with 250 milliseconds interval)\nFor documentation on this error, please visit: https://www.selenium.dev/documentation/webdriver/troubleshooting/errors#no-such-element-exception\nBuild info: version: '4.19.0', revision: '5f9cec8963'\nSystem info: os.name: 'Linux', os.arch: 'amd64', os.version: '6.8.0-1021-azure', java.version: '17.0.14'\nDriver info: driver.version: unknown","time":{"start":1741877706511,"stop":1741877778410,"duration":71899}},{"uid":"5c4965477f3ebe67","reportUrl":"https://circlek-global.github.io/gmbat-tests-eu-mobile-automation/1397//#testresult/5c4965477f3ebe67","status":"broken","statusDetails":"Element [AppiumBy.accessibilityId: remove.button] wasn't clickable after [15] seconds!\nException: org.openqa.selenium.TimeoutException: Expected condition failed: Element [AppiumBy.accessibilityId: remove.button] wasn't clickable after [15] seconds! (tried for 15 second(s) with 250 milliseconds interval)\nFor documentation on this error, please visit: https://www.selenium.dev/documentation/webdriver/troubleshooting/errors#no-such-element-exception\nBuild info: version: '4.19.0', revision: '5f9cec8963'\nSystem info: os.name: 'Linux', os.arch: 'amd64', os.version: '6.8.0-1021-azure', java.version: '17.0.14'\nDriver info: driver.version: unknown","time":{"start":1741806776593,"stop":1741806833195,"duration":56602}}]},"tags":["Account","Wallet"]},"source":"d7e5854060aa77dd.json","parameterValues":["iPhone15ProMax"]}