{"uid":"f916b38675ce0d04","name":"User tries to use down-sell CWS consumption","fullName":"testcases.CarWashSubscriptionTests.userTriesToUseDownSellCWSConsumption","historyId":"e80ba8ea7df7de13199c05e2f26f13c5","time":{"start":1743170984333,"stop":1743171126896,"duration":142563},"description":"User tries to use down-sell CWS consumption","descriptionHtml":"<p>User tries to use down-sell CWS consumption</p>\n","status":"broken","statusMessage":"Element [AppiumBy.accessibilityId: top-text-area] wasn't having the expected text after [30] seconds!\nException: org.openqa.selenium.TimeoutException: Expected condition failed: Element [AppiumBy.accessibilityId: top-text-area] wasn't having the expected text after [30] seconds! (tried for 30 second(s) with 250 milliseconds interval)\nBuild info: version: '4.19.0', revision: '5f9cec8963'\nSystem info: os.name: 'Linux', os.arch: 'amd64', os.version: '6.8.0-1021-azure', java.version: '17.0.14'\nDriver info: driver.version: unknown\nFor documentation on this error, please visit: https://www.selenium.dev/documentation/webdriver/troubleshooting/errors#no-such-element-exception\nBuild info: version: '4.19.0', revision: '5f9cec8963'\nSystem info: os.name: 'Linux', os.arch: 'amd64', os.version: '6.8.0-1021-azure', java.version: '17.0.14'\nDriver info: driver.version: unknown","statusTrace":"org.openqa.selenium.NoSuchElementException: Element [AppiumBy.accessibilityId: top-text-area] wasn't having the expected text after [30] seconds!\nException: org.openqa.selenium.TimeoutException: Expected condition failed: Element [AppiumBy.accessibilityId: top-text-area] wasn't having the expected text after [30] seconds! (tried for 30 second(s) with 250 milliseconds interval)\nBuild info: version: '4.19.0', revision: '5f9cec8963'\nSystem info: os.name: 'Linux', os.arch: 'amd64', os.version: '6.8.0-1021-azure', java.version: '17.0.14'\nDriver info: driver.version: unknown\nFor documentation on this error, please visit: https://www.selenium.dev/documentation/webdriver/troubleshooting/errors#no-such-element-exception\nBuild info: version: '4.19.0', revision: '5f9cec8963'\nSystem info: os.name: 'Linux', os.arch: 'amd64', os.version: '6.8.0-1021-azure', java.version: '17.0.14'\nDriver info: driver.version: unknown\n\tat com.gmap.core.common.handlers.WaitHandler.waitUntil(WaitHandler.java:163)\n\tat com.gmap.core.common.handlers.WaitHandler.waitForElementToHaveText(WaitHandler.java:328)\n\tat com.gmap.core.pages_common.HomePage.clickOnCarWashTab(HomePage.java:685)\n\tat testcases.CarWashSubscriptionTests.userTriesToUseUpSellDownSellCWSConsumption(CarWashSubscriptionTests.java:1410)\n\tat testcases.CarWashSubscriptionTests.userTriesToUseDownSellCWSConsumption(CarWashSubscriptionTests.java:553)\n\tat java.base/jdk.internal.reflect.NativeMethodAccessorImpl.invoke0(Native Method)\n\tat java.base/jdk.internal.reflect.NativeMethodAccessorImpl.invoke(NativeMethodAccessorImpl.java:77)\n\tat java.base/jdk.internal.reflect.DelegatingMethodAccessorImpl.invoke(DelegatingMethodAccessorImpl.java:43)\n\tat java.base/java.lang.reflect.Method.invoke(Method.java:569)\n\tat org.testng.internal.invokers.MethodInvocationHelper.invokeMethod(MethodInvocationHelper.java:141)\n\tat org.testng.internal.invokers.MethodInvocationHelper$1.runTestMethod(MethodInvocationHelper.java:260)\n\tat settings.hooks.Hooks.run(Hooks.java:59)\n\tat org.testng.internal.invokers.MethodInvocationHelper.invokeHookable(MethodInvocationHelper.java:274)\n\tat org.testng.internal.invokers.TestInvoker.invokeMethod(TestInvoker.java:679)\n\tat org.testng.internal.invokers.TestInvoker.invokeTestMethod(TestInvoker.java:230)\n\tat org.testng.internal.invokers.MethodRunner.runInSequence(MethodRunner.java:63)\n\tat org.testng.internal.invokers.TestInvoker$MethodInvocationAgent.invoke(TestInvoker.java:995)\n\tat org.testng.internal.invokers.TestInvoker.invokeTestMethods(TestInvoker.java:203)\n\tat org.testng.internal.invokers.TestMethodWorker.invokeTestMethods(TestMethodWorker.java:154)\n\tat org.testng.internal.invokers.TestMethodWorker.run(TestMethodWorker.java:134)\n\tat java.base/java.util.ArrayList.forEach(ArrayList.java:1511)\n\tat org.testng.TestRunner.privateRun(TestRunner.java:741)\n\tat org.testng.TestRunner.run(TestRunner.java:616)\n\tat org.testng.SuiteRunner.runTest(SuiteRunner.java:421)\n\tat org.testng.SuiteRunner$SuiteWorker.run(SuiteRunner.java:463)\n\tat org.testng.internal.thread.ThreadUtil.lambda$execute$0(ThreadUtil.java:64)\n\tat java.base/java.util.concurrent.FutureTask.run(FutureTask.java:264)\n\tat java.base/java.util.concurrent.ThreadPoolExecutor.runWorker(ThreadPoolExecutor.java:1136)\n\tat java.base/java.util.concurrent.ThreadPoolExecutor$Worker.run(ThreadPoolExecutor.java:635)\n\tat java.base/java.lang.Thread.run(Thread.java:840)\n","flaky":false,"newFailed":false,"newBroken":false,"newPassed":false,"retriesCount":0,"retriesStatusChange":false,"beforeStages":[{"name":"Base Before Test","time":{"start":1743169176849,"stop":1743169176849,"duration":0},"description":"Base Before Test","status":"passed","steps":[],"attachments":[],"parameters":[],"shouldDisplayMessage":false,"stepsCount":0,"attachmentsCount":0,"hasContent":false,"attachmentStep":false},{"name":"springTestContextBeforeTestClass","time":{"start":1743169176970,"stop":1743169176985,"duration":15},"description":"","status":"passed","steps":[],"attachments":[],"parameters":[],"shouldDisplayMessage":false,"stepsCount":0,"attachmentsCount":0,"hasContent":false,"attachmentStep":false},{"name":"springTestContextPrepareTestInstance","time":{"start":1743169176986,"stop":1743169178441,"duration":1455},"description":"","status":"passed","steps":[],"attachments":[],"parameters":[],"shouldDisplayMessage":false,"stepsCount":0,"attachmentsCount":0,"hasContent":false,"attachmentStep":false},{"name":"Base Before Class","time":{"start":1743169178447,"stop":1743169181170,"duration":2723},"description":"Base Before Class","status":"passed","steps":[],"attachments":[],"parameters":[],"shouldDisplayMessage":false,"stepsCount":0,"attachmentsCount":0,"hasContent":false,"attachmentStep":false},{"name":"springTestContextBeforeTestMethod","time":{"start":1743170972823,"stop":1743170972823,"duration":0},"description":"","status":"passed","steps":[],"attachments":[],"parameters":[],"shouldDisplayMessage":false,"stepsCount":0,"attachmentsCount":0,"hasContent":false,"attachmentStep":false},{"name":"Base Before Test Method","time":{"start":1743170972824,"stop":1743170983392,"duration":10568},"description":"Base Before Test Method","status":"passed","steps":[],"attachments":[],"parameters":[],"shouldDisplayMessage":false,"stepsCount":0,"attachmentsCount":0,"hasContent":false,"attachmentStep":false},{"name":"initTestConfig","time":{"start":1743170983393,"stop":1743170983403,"duration":10},"description":"","status":"passed","steps":[],"attachments":[],"parameters":[],"shouldDisplayMessage":false,"stepsCount":0,"attachmentsCount":0,"hasContent":false,"attachmentStep":false}],"testStage":{"description":"User tries to use down-sell CWS consumption","status":"broken","statusMessage":"Element [AppiumBy.accessibilityId: top-text-area] wasn't having the expected text after [30] seconds!\nException: org.openqa.selenium.TimeoutException: Expected condition failed: Element [AppiumBy.accessibilityId: top-text-area] wasn't having the expected text after [30] seconds! (tried for 30 second(s) with 250 milliseconds interval)\nBuild info: version: '4.19.0', revision: '5f9cec8963'\nSystem info: os.name: 'Linux', os.arch: 'amd64', os.version: '6.8.0-1021-azure', java.version: '17.0.14'\nDriver info: driver.version: unknown\nFor documentation on this error, please visit: https://www.selenium.dev/documentation/webdriver/troubleshooting/errors#no-such-element-exception\nBuild info: version: '4.19.0', revision: '5f9cec8963'\nSystem info: os.name: 'Linux', os.arch: 'amd64', os.version: '6.8.0-1021-azure', java.version: '17.0.14'\nDriver info: driver.version: unknown","statusTrace":"org.openqa.selenium.NoSuchElementException: Element [AppiumBy.accessibilityId: top-text-area] wasn't having the expected text after [30] seconds!\nException: org.openqa.selenium.TimeoutException: Expected condition failed: Element [AppiumBy.accessibilityId: top-text-area] wasn't having the expected text after [30] seconds! (tried for 30 second(s) with 250 milliseconds interval)\nBuild info: version: '4.19.0', revision: '5f9cec8963'\nSystem info: os.name: 'Linux', os.arch: 'amd64', os.version: '6.8.0-1021-azure', java.version: '17.0.14'\nDriver info: driver.version: unknown\nFor documentation on this error, please visit: https://www.selenium.dev/documentation/webdriver/troubleshooting/errors#no-such-element-exception\nBuild info: version: '4.19.0', revision: '5f9cec8963'\nSystem info: os.name: 'Linux', os.arch: 'amd64', os.version: '6.8.0-1021-azure', java.version: '17.0.14'\nDriver info: driver.version: unknown\n\tat com.gmap.core.common.handlers.WaitHandler.waitUntil(WaitHandler.java:163)\n\tat com.gmap.core.common.handlers.WaitHandler.waitForElementToHaveText(WaitHandler.java:328)\n\tat com.gmap.core.pages_common.HomePage.clickOnCarWashTab(HomePage.java:685)\n\tat testcases.CarWashSubscriptionTests.userTriesToUseUpSellDownSellCWSConsumption(CarWashSubscriptionTests.java:1410)\n\tat testcases.CarWashSubscriptionTests.userTriesToUseDownSellCWSConsumption(CarWashSubscriptionTests.java:553)\n\tat java.base/jdk.internal.reflect.NativeMethodAccessorImpl.invoke0(Native Method)\n\tat java.base/jdk.internal.reflect.NativeMethodAccessorImpl.invoke(NativeMethodAccessorImpl.java:77)\n\tat java.base/jdk.internal.reflect.DelegatingMethodAccessorImpl.invoke(DelegatingMethodAccessorImpl.java:43)\n\tat java.base/java.lang.reflect.Method.invoke(Method.java:569)\n\tat org.testng.internal.invokers.MethodInvocationHelper.invokeMethod(MethodInvocationHelper.java:141)\n\tat org.testng.internal.invokers.MethodInvocationHelper$1.runTestMethod(MethodInvocationHelper.java:260)\n\tat settings.hooks.Hooks.run(Hooks.java:59)\n\tat org.testng.internal.invokers.MethodInvocationHelper.invokeHookable(MethodInvocationHelper.java:274)\n\tat org.testng.internal.invokers.TestInvoker.invokeMethod(TestInvoker.java:679)\n\tat org.testng.internal.invokers.TestInvoker.invokeTestMethod(TestInvoker.java:230)\n\tat org.testng.internal.invokers.MethodRunner.runInSequence(MethodRunner.java:63)\n\tat org.testng.internal.invokers.TestInvoker$MethodInvocationAgent.invoke(TestInvoker.java:995)\n\tat org.testng.internal.invokers.TestInvoker.invokeTestMethods(TestInvoker.java:203)\n\tat org.testng.internal.invokers.TestMethodWorker.invokeTestMethods(TestMethodWorker.java:154)\n\tat org.testng.internal.invokers.TestMethodWorker.run(TestMethodWorker.java:134)\n\tat java.base/java.util.ArrayList.forEach(ArrayList.java:1511)\n\tat org.testng.TestRunner.privateRun(TestRunner.java:741)\n\tat org.testng.TestRunner.run(TestRunner.java:616)\n\tat org.testng.SuiteRunner.runTest(SuiteRunner.java:421)\n\tat org.testng.SuiteRunner$SuiteWorker.run(SuiteRunner.java:463)\n\tat org.testng.internal.thread.ThreadUtil.lambda$execute$0(ThreadUtil.java:64)\n\tat java.base/java.util.concurrent.FutureTask.run(FutureTask.java:264)\n\tat java.base/java.util.concurrent.ThreadPoolExecutor.runWorker(ThreadPoolExecutor.java:1136)\n\tat java.base/java.util.concurrent.ThreadPoolExecutor$Worker.run(ThreadPoolExecutor.java:635)\n\tat java.base/java.lang.Thread.run(Thread.java:840)\n","steps":[{"name":"I check that the Saucelabs session is preserved","time":{"start":1743170984333,"stop":1743170990543,"duration":6210},"status":"passed","steps":[],"attachments":[],"parameters":[{"name":"userProfile","value":"{PHONE_COUNTRY_PREFIX=+48, OTP=000000, PHONE_NUMBER=782782000, PASSWORD=#Test123, PHONE_COUNTRY=Poland, EMAIL=kamil.nowak@gmaptest.com, FIRST_NAME=Kamil, LAST_NAME=Nowak, BUSINESS_UNIT=DK}"}],"shouldDisplayMessage":false,"stepsCount":0,"attachmentsCount":0,"hasContent":true,"attachmentStep":false},{"name":"I skip linking my card","time":{"start":1743170990543,"stop":1743170999759,"duration":9216},"status":"passed","steps":[],"attachments":[],"parameters":[{"name":"time","value":"[]"}],"shouldDisplayMessage":false,"stepsCount":0,"attachmentsCount":0,"hasContent":true,"attachmentStep":false},{"name":"I close \"Tell Us What You Think Pane\"","time":{"start":1743170999759,"stop":1743171006712,"duration":6953},"status":"passed","steps":[],"attachments":[],"parameters":[{"name":"time","value":"[]"}],"shouldDisplayMessage":false,"stepsCount":0,"attachmentsCount":0,"hasContent":true,"attachmentStep":false},{"name":"I mock the location of the device to \"DENMARK_10888\"","time":{"start":1743171006712,"stop":1743171068454,"duration":61742},"status":"passed","steps":[{"name":"I click on \"ACCOUNT\" button","time":{"start":1743171006714,"stop":1743171020352,"duration":13638},"status":"passed","steps":[],"attachments":[],"parameters":[],"shouldDisplayMessage":false,"stepsCount":0,"attachmentsCount":0,"hasContent":false,"attachmentStep":false},{"name":"I check that the \"Account Screen\" is displayed","time":{"start":1743171020352,"stop":1743171021330,"duration":978},"status":"passed","steps":[],"attachments":[],"parameters":[],"shouldDisplayMessage":false,"stepsCount":0,"attachmentsCount":0,"hasContent":false,"attachmentStep":false},{"name":"I check that the \"Profile\" tab is displayed","time":{"start":1743171021330,"stop":1743171022682,"duration":1352},"status":"passed","steps":[],"attachments":[],"parameters":[],"shouldDisplayMessage":false,"stepsCount":0,"attachmentsCount":0,"hasContent":false,"attachmentStep":false},{"name":"I click on \"BUILD NUMBER\" tab","time":{"start":1743171022682,"stop":1743171040522,"duration":17840},"status":"passed","steps":[],"attachments":[],"parameters":[],"shouldDisplayMessage":false,"stepsCount":0,"attachmentsCount":0,"hasContent":false,"attachmentStep":false},{"name":"I click on \"SET LOCATION\" button","time":{"start":1743171040522,"stop":1743171043431,"duration":2909},"status":"passed","steps":[],"attachments":[],"parameters":[],"shouldDisplayMessage":false,"stepsCount":0,"attachmentsCount":0,"hasContent":false,"attachmentStep":false},{"name":"I enter the location data of the \"DENMARK_10888\" station","time":{"start":1743171043431,"stop":1743171052739,"duration":9308},"status":"passed","steps":[{"name":"I check \"Set Location\" page is visible","time":{"start":1743171043431,"stop":1743171044446,"duration":1015},"status":"passed","steps":[],"attachments":[],"parameters":[],"shouldDisplayMessage":false,"stepsCount":0,"attachmentsCount":0,"hasContent":false,"attachmentStep":false},{"name":"I enter the site ID \"DENMARK_10888\" in the input","time":{"start":1743171044447,"stop":1743171049917,"duration":5470},"status":"passed","steps":[],"attachments":[],"parameters":[{"name":"Device location:","value":"DENMARK_10888"}],"shouldDisplayMessage":false,"stepsCount":0,"attachmentsCount":0,"hasContent":true,"attachmentStep":false},{"name":"I click on \"SET LOCATION\" button","time":{"start":1743171049918,"stop":1743171052739,"duration":2821},"status":"passed","steps":[],"attachments":[],"parameters":[],"shouldDisplayMessage":false,"stepsCount":0,"attachmentsCount":0,"hasContent":false,"attachmentStep":false}],"attachments":[],"parameters":[{"name":"Device location:","value":"DENMARK_10888"},{"name":"useStationId","value":"true"}],"shouldDisplayMessage":false,"stepsCount":3,"attachmentsCount":0,"hasContent":true,"attachmentStep":false},{"name":"I click on \"Car Wash\" advertisement","time":{"start":1743171052740,"stop":1743171059051,"duration":6311},"status":"passed","steps":[{"name":"I check if \"Car Wash\" advertisement is displayed","time":{"start":1743171056147,"stop":1743171059051,"duration":2904},"status":"passed","steps":[],"attachments":[],"parameters":[{"name":"time","value":"2"}],"shouldDisplayMessage":false,"stepsCount":0,"attachmentsCount":0,"hasContent":true,"attachmentStep":false}],"attachments":[],"parameters":[],"shouldDisplayMessage":false,"stepsCount":1,"attachmentsCount":0,"hasContent":true,"attachmentStep":false},{"name":"I close and open application","time":{"start":1743171059051,"stop":1743171061711,"duration":2660},"status":"passed","steps":[],"attachments":[],"parameters":[],"shouldDisplayMessage":false,"stepsCount":0,"attachmentsCount":0,"hasContent":false,"attachmentStep":false},{"name":"I make sure that the location is set correctly","time":{"start":1743171061712,"stop":1743171067427,"duration":5715},"status":"passed","steps":[],"attachments":[],"parameters":[],"shouldDisplayMessage":false,"stepsCount":0,"attachmentsCount":0,"hasContent":false,"attachmentStep":false},{"name":"I check that the \"Home Screen\" is displayed","time":{"start":1743171067428,"stop":1743171068454,"duration":1026},"status":"passed","steps":[],"attachments":[],"parameters":[],"shouldDisplayMessage":false,"stepsCount":0,"attachmentsCount":0,"hasContent":false,"attachmentStep":false}],"attachments":[],"parameters":[{"name":"Device location:","value":"DENMARK_10888"},{"name":"useStationId","value":"true"}],"shouldDisplayMessage":false,"stepsCount":14,"attachmentsCount":0,"hasContent":true,"attachmentStep":false},{"name":"I check that the \"CAR WASH\" tab is displayed","time":{"start":1743171068454,"stop":1743171069385,"duration":931},"status":"passed","steps":[],"attachments":[],"parameters":[],"shouldDisplayMessage":false,"stepsCount":0,"attachmentsCount":0,"hasContent":false,"attachmentStep":false},{"name":"I click on \"CAR WASH\" tab","time":{"start":1743171069385,"stop":1743171124995,"duration":55610},"status":"broken","statusMessage":"Element [AppiumBy.accessibilityId: top-text-area] wasn't having the expected text after [30] seconds!\nException: org.openqa.selenium.TimeoutException: Expected condition failed: Element [AppiumBy.accessibilityId: top-text-area] wasn't having the expected text after [30] seconds! (tried for 30 second(s) with 250 milliseconds interval)\nBuild info: version: '4.19.0', revision: '5f9cec8963'\nSystem info: os.name: 'Linux', os.arch: 'amd64', os.version: '6.8.0-1021-azure', java.version: '17.0.14'\nDriver info: driver.version: unknown\nFor documentation on this error, please visit: https://www.selenium.dev/documentation/webdriver/troubleshooting/errors#no-such-element-exception\nBuild info: version: '4.19.0', revision: '5f9cec8963'\nSystem info: os.name: 'Linux', os.arch: 'amd64', os.version: '6.8.0-1021-azure', java.version: '17.0.14'\nDriver info: driver.version: unknown","statusTrace":"org.openqa.selenium.NoSuchElementException: Element [AppiumBy.accessibilityId: top-text-area] wasn't having the expected text after [30] seconds!\nException: org.openqa.selenium.TimeoutException: Expected condition failed: Element [AppiumBy.accessibilityId: top-text-area] wasn't having the expected text after [30] seconds! (tried for 30 second(s) with 250 milliseconds interval)\nBuild info: version: '4.19.0', revision: '5f9cec8963'\nSystem info: os.name: 'Linux', os.arch: 'amd64', os.version: '6.8.0-1021-azure', java.version: '17.0.14'\nDriver info: driver.version: unknown\nFor documentation on this error, please visit: https://www.selenium.dev/documentation/webdriver/troubleshooting/errors#no-such-element-exception\nBuild info: version: '4.19.0', revision: '5f9cec8963'\nSystem info: os.name: 'Linux', os.arch: 'amd64', os.version: '6.8.0-1021-azure', java.version: '17.0.14'\nDriver info: driver.version: unknown\n\tat com.gmap.core.common.handlers.WaitHandler.waitUntil(WaitHandler.java:163)\n\tat com.gmap.core.common.handlers.WaitHandler.waitForElementToHaveText(WaitHandler.java:328)\n\tat com.gmap.core.pages_common.HomePage.clickOnCarWashTab(HomePage.java:685)\n\tat testcases.CarWashSubscriptionTests.userTriesToUseUpSellDownSellCWSConsumption(CarWashSubscriptionTests.java:1410)\n\tat testcases.CarWashSubscriptionTests.userTriesToUseDownSellCWSConsumption(CarWashSubscriptionTests.java:553)\n\tat java.base/jdk.internal.reflect.NativeMethodAccessorImpl.invoke0(Native Method)\n\tat java.base/jdk.internal.reflect.NativeMethodAccessorImpl.invoke(NativeMethodAccessorImpl.java:77)\n\tat java.base/jdk.internal.reflect.DelegatingMethodAccessorImpl.invoke(DelegatingMethodAccessorImpl.java:43)\n\tat java.base/java.lang.reflect.Method.invoke(Method.java:569)\n\tat org.testng.internal.invokers.MethodInvocationHelper.invokeMethod(MethodInvocationHelper.java:141)\n\tat org.testng.internal.invokers.MethodInvocationHelper$1.runTestMethod(MethodInvocationHelper.java:260)\n\tat settings.hooks.Hooks.run(Hooks.java:59)\n\tat org.testng.internal.invokers.MethodInvocationHelper.invokeHookable(MethodInvocationHelper.java:274)\n\tat org.testng.internal.invokers.TestInvoker.invokeMethod(TestInvoker.java:679)\n\tat org.testng.internal.invokers.TestInvoker.invokeTestMethod(TestInvoker.java:230)\n\tat org.testng.internal.invokers.MethodRunner.runInSequence(MethodRunner.java:63)\n\tat org.testng.internal.invokers.TestInvoker$MethodInvocationAgent.invoke(TestInvoker.java:995)\n\tat org.testng.internal.invokers.TestInvoker.invokeTestMethods(TestInvoker.java:203)\n\tat org.testng.internal.invokers.TestMethodWorker.invokeTestMethods(TestMethodWorker.java:154)\n\tat org.testng.internal.invokers.TestMethodWorker.run(TestMethodWorker.java:134)\n\tat java.base/java.util.ArrayList.forEach(ArrayList.java:1511)\n\tat org.testng.TestRunner.privateRun(TestRunner.java:741)\n\tat org.testng.TestRunner.run(TestRunner.java:616)\n\tat org.testng.SuiteRunner.runTest(SuiteRunner.java:421)\n\tat org.testng.SuiteRunner$SuiteWorker.run(SuiteRunner.java:463)\n\tat org.testng.internal.thread.ThreadUtil.lambda$execute$0(ThreadUtil.java:64)\n\tat java.base/java.util.concurrent.FutureTask.run(FutureTask.java:264)\n\tat java.base/java.util.concurrent.ThreadPoolExecutor.runWorker(ThreadPoolExecutor.java:1136)\n\tat java.base/java.util.concurrent.ThreadPoolExecutor$Worker.run(ThreadPoolExecutor.java:635)\n\tat java.base/java.lang.Thread.run(Thread.java:840)\n","steps":[],"attachments":[],"parameters":[],"shouldDisplayMessage":true,"stepsCount":0,"attachmentsCount":0,"hasContent":true,"attachmentStep":false}],"attachments":[{"uid":"26b8cca34da499d8","name":"Screenshot | [28-03-2025]","source":"26b8cca34da499d8.jpg","type":"image/jpg","size":1335043}],"parameters":[],"shouldDisplayMessage":false,"stepsCount":20,"attachmentsCount":1,"hasContent":true,"attachmentStep":false},"afterStages":[{"name":"Base After Test Method","time":{"start":1743171129159,"stop":1743171129159,"duration":0},"description":"Base After Test Method","status":"passed","steps":[],"attachments":[],"parameters":[],"shouldDisplayMessage":false,"stepsCount":0,"attachmentsCount":0,"hasContent":false,"attachmentStep":false},{"name":"springTestContextAfterTestMethod","time":{"start":1743171129159,"stop":1743171129160,"duration":1},"description":"","status":"passed","steps":[],"attachments":[],"parameters":[],"shouldDisplayMessage":false,"stepsCount":0,"attachmentsCount":0,"hasContent":false,"attachmentStep":false},{"name":"Base After Class","time":{"start":1743172476883,"stop":1743172476883,"duration":0},"description":"Base After Class","status":"passed","steps":[],"attachments":[],"parameters":[],"shouldDisplayMessage":false,"stepsCount":0,"attachmentsCount":0,"hasContent":false,"attachmentStep":false},{"name":"springTestContextAfterTestClass","time":{"start":1743172476883,"stop":1743172476883,"duration":0},"description":"","status":"passed","steps":[],"attachments":[],"parameters":[],"shouldDisplayMessage":false,"stepsCount":0,"attachmentsCount":0,"hasContent":false,"attachmentStep":false},{"name":"Base After Test","time":{"start":1743172476883,"stop":1743172476883,"duration":0},"description":"Base After Test","status":"passed","steps":[],"attachments":[],"parameters":[],"shouldDisplayMessage":false,"stepsCount":0,"attachmentsCount":0,"hasContent":false,"attachmentStep":false}],"labels":[{"name":"package","value":"testcases.CarWashSubscriptionTests"},{"name":"testClass","value":"testcases.CarWashSubscriptionTests"},{"name":"testMethod","value":"userTriesToUseDownSellCWSConsumption"},{"name":"parentSuite","value":"GMAP EU Mobile Test Automation - [IOS PARALLEL XML SUITE]"},{"name":"suite","value":"GMAP Tests | Car Wash Subscription"},{"name":"subSuite","value":"testcases.CarWashSubscriptionTests"},{"name":"host","value":"fv-az1366-600"},{"name":"thread","value":"2029@fv-az1366-600.TestNG-tests-7(28)"},{"name":"framework","value":"testng"},{"name":"language","value":"java"},{"name":"owner","value":"Kamil Nowocin - [kamil.nowocin@circlekeurope.com]"},{"name":"feature","value":"[GMAP] CWS consumption"},{"name":"tag","value":"CarWashSubscription"},{"name":"story","value":"[GMAP] CWS down-sell consumption"},{"name":"epic","value":"[GMAP] CAR WASH SUBSCRIPTION"},{"name":"severity","value":"normal"},{"name":"resultFormat","value":"allure2"}],"parameters":[{"name":"deviceConfig","value":"iPhone13"}],"links":[{"name":"NGRPRG-10697","url":"https://circlek.atlassian.net/browse/NGRPRG-10697","type":"tms"},{"name":"N/A","url":"https://circlek.atlassian.net/browse/N/A","type":"issue"}],"hidden":false,"retry":false,"extra":{"severity":"normal","owner":"Kamil Nowocin - [kamil.nowocin@circlekeurope.com]","retries":[],"categories":[{"name":"Test defects","matchedStatuses":[],"flaky":false}],"history":{"statistic":{"failed":6,"broken":36,"skipped":2,"passed":88,"unknown":0,"total":132},"items":[{"uid":"73fddf34e095cd5c","reportUrl":"https://circlek-global.github.io/gmbat-tests-eu-mobile-automation/1562//#testresult/73fddf34e095cd5c","status":"broken","statusDetails":"Element [AppiumBy.accessibilityId: cws-confirm-your-wash-continue-button] wasn't clickable after [15] seconds!\nException: org.openqa.selenium.TimeoutException: Expected condition failed: Element [AppiumBy.accessibilityId: cws-confirm-your-wash-continue-button] wasn't clickable after [15] seconds! (tried for 15 second(s) with 250 milliseconds interval)\nFor documentation on this error, please visit: https://www.selenium.dev/documentation/webdriver/troubleshooting/errors#no-such-element-exception\nBuild info: version: '4.19.0', revision: '5f9cec8963'\nSystem info: os.name: 'Linux', os.arch: 'amd64', os.version: '6.8.0-1021-azure', java.version: '17.0.14'\nDriver info: driver.version: unknown","time":{"start":1743101242076,"stop":1743101447543,"duration":205467}},{"uid":"d361640f7707e454","reportUrl":"https://circlek-global.github.io/gmbat-tests-eu-mobile-automation/1559//#testresult/d361640f7707e454","status":"passed","time":{"start":1743084867366,"stop":1743085217789,"duration":350423}},{"uid":"941a40ec48ce2845","reportUrl":"https://circlek-global.github.io/gmbat-tests-eu-mobile-automation/1549//#testresult/941a40ec48ce2845","status":"broken","statusDetails":"Element [By.xpath: //XCUIElementTypeStaticText[@name=\"CURRENT PLAN\"]/following-sibling::XCUIElementTypeStaticText] wasn't visible after [15] seconds!\nException: org.openqa.selenium.TimeoutException: Expected condition failed: Element [By.xpath: //XCUIElementTypeStaticText[@name=\"CURRENT PLAN\"]/following-sibling::XCUIElementTypeStaticText] wasn't visible after [15] seconds! (tried for 15 second(s) with 250 milliseconds interval)\nFor documentation on this error, please visit: https://www.selenium.dev/documentation/webdriver/troubleshooting/errors#no-such-element-exception\nBuild info: version: '4.19.0', revision: '5f9cec8963'\nSystem info: os.name: 'Linux', os.arch: 'amd64', os.version: '6.8.0-1021-azure', java.version: '17.0.14'\nDriver info: driver.version: unknown","time":{"start":1743014885692,"stop":1743015071864,"duration":186172}},{"uid":"f5bac7ab63f88429","reportUrl":"https://circlek-global.github.io/gmbat-tests-eu-mobile-automation/1533//#testresult/f5bac7ab63f88429","status":"broken","statusDetails":"Element [AppiumBy.accessibilityId: top-text-area] wasn't having the expected text after [30] seconds!\nException: org.openqa.selenium.TimeoutException: Expected condition failed: Element [AppiumBy.accessibilityId: top-text-area] wasn't having the expected text after [30] seconds! (tried for 30 second(s) with 250 milliseconds interval)\nBuild info: version: '4.19.0', revision: '5f9cec8963'\nSystem info: os.name: 'Linux', os.arch: 'amd64', os.version: '6.8.0-1021-azure', java.version: '17.0.14'\nDriver info: driver.version: unknown\nFor documentation on this error, please visit: https://www.selenium.dev/documentation/webdriver/troubleshooting/errors#no-such-element-exception\nBuild info: version: '4.19.0', revision: '5f9cec8963'\nSystem info: os.name: 'Linux', os.arch: 'amd64', os.version: '6.8.0-1021-azure', java.version: '17.0.14'\nDriver info: driver.version: unknown","time":{"start":1742928110097,"stop":1742928274609,"duration":164512}},{"uid":"98660be164ae7169","reportUrl":"https://circlek-global.github.io/gmbat-tests-eu-mobile-automation/1524//#testresult/98660be164ae7169","status":"broken","statusDetails":"Element [By.xpath: //XCUIElementTypeStaticText[@name=\"CURRENT PLAN\"]/following-sibling::XCUIElementTypeStaticText] wasn't visible after [15] seconds!\nException: org.openqa.selenium.TimeoutException: Expected condition failed: Element [By.xpath: //XCUIElementTypeStaticText[@name=\"CURRENT PLAN\"]/following-sibling::XCUIElementTypeStaticText] wasn't visible after [15] seconds! (tried for 15 second(s) with 250 milliseconds interval)\nFor documentation on this error, please visit: https://www.selenium.dev/documentation/webdriver/troubleshooting/errors#no-such-element-exception\nBuild info: version: '4.19.0', revision: '5f9cec8963'\nSystem info: os.name: 'Linux', os.arch: 'amd64', os.version: '6.8.0-1021-azure', java.version: '17.0.14'\nDriver info: driver.version: unknown","time":{"start":1742897826065,"stop":1742898012598,"duration":186533}},{"uid":"1382c991b9f1d8ca","reportUrl":"https://circlek-global.github.io/gmbat-tests-eu-mobile-automation/1513//#testresult/1382c991b9f1d8ca","status":"broken","statusDetails":"Element [By.xpath: //XCUIElementTypeStaticText[@label=\"Choose Program\"]] wasn't visible after [15] seconds!\nException: org.openqa.selenium.TimeoutException: Expected condition failed: Element [By.xpath: //XCUIElementTypeStaticText[@label=\"Choose Program\"]] wasn't visible after [15] seconds! (tried for 15 second(s) with 250 milliseconds interval)\nFor documentation on this error, please visit: https://www.selenium.dev/documentation/webdriver/troubleshooting/errors#no-such-element-exception\nBuild info: version: '4.19.0', revision: '5f9cec8963'\nSystem info: os.name: 'Linux', os.arch: 'amd64', os.version: '6.8.0-1021-azure', java.version: '17.0.14'\nDriver info: driver.version: unknown","time":{"start":1742841848885,"stop":1742841983445,"duration":134560}},{"uid":"ec2efadc851d8ab6","reportUrl":"https://circlek-global.github.io/gmbat-tests-eu-mobile-automation/1500//#testresult/ec2efadc851d8ab6","status":"broken","statusDetails":"Element [AppiumBy.accessibilityId: user-greetings.text] wasn't visible after [40] seconds!\nException: org.openqa.selenium.TimeoutException: Expected condition failed: Element [AppiumBy.accessibilityId: user-greetings.text] wasn't visible after [40] seconds! (tried for 40 second(s) with 250 milliseconds interval)\nBuild info: version: '4.19.0', revision: '5f9cec8963'\nSystem info: os.name: 'Linux', os.arch: 'amd64', os.version: '6.8.0-1021-azure', java.version: '17.0.14'\nDriver info: driver.version: unknown\nFor documentation on this error, please visit: https://www.selenium.dev/documentation/webdriver/troubleshooting/errors#no-such-element-exception\nBuild info: version: '4.19.0', revision: '5f9cec8963'\nSystem info: os.name: 'Linux', os.arch: 'amd64', os.version: '6.8.0-1021-azure', java.version: '17.0.14'\nDriver info: driver.version: unknown","time":{"start":1742582757844,"stop":1742583020448,"duration":262604}},{"uid":"6e86b997af362092","reportUrl":"https://circlek-global.github.io/gmbat-tests-eu-mobile-automation/1498//#testresult/6e86b997af362092","status":"broken","statusDetails":"Element [By.xpath: //XCUIElementTypeStaticText[@label=\"Do you want to upgrade this wash?\"]] wasn't visible after [15] seconds!\nException: org.openqa.selenium.TimeoutException: Expected condition failed: Element [By.xpath: //XCUIElementTypeStaticText[@label=\"Do you want to upgrade this wash?\"]] wasn't visible after [15] seconds! (tried for 15 second(s) with 250 milliseconds interval)\nFor documentation on this error, please visit: https://www.selenium.dev/documentation/webdriver/troubleshooting/errors#no-such-element-exception\nBuild info: version: '4.19.0', revision: '5f9cec8963'\nSystem info: os.name: 'Linux', os.arch: 'amd64', os.version: '6.8.0-1021-azure', java.version: '17.0.14'\nDriver info: driver.version: unknown","time":{"start":1742567403001,"stop":1742567547312,"duration":144311}},{"uid":"aeac7241512f5bb5","reportUrl":"https://circlek-global.github.io/gmbat-tests-eu-mobile-automation/1486//#testresult/aeac7241512f5bb5","status":"broken","statusDetails":"Element [AppiumBy.accessibilityId: account.tab-bar] wasn't clickable after [15] seconds!\nException: org.openqa.selenium.TimeoutException: Expected condition failed: Element [AppiumBy.accessibilityId: account.tab-bar] wasn't clickable after [15] seconds! (tried for 15 second(s) with 250 milliseconds interval)\nFor documentation on this error, please visit: https://www.selenium.dev/documentation/webdriver/troubleshooting/errors#no-such-element-exception\nBuild info: version: '4.19.0', revision: '5f9cec8963'\nSystem info: os.name: 'Linux', os.arch: 'amd64', os.version: '6.8.0-1021-azure', java.version: '17.0.14'\nDriver info: driver.version: unknown","time":{"start":1742495329910,"stop":1742495367602,"duration":37692}},{"uid":"aa560f6fdb0b404e","reportUrl":"https://circlek-global.github.io/gmbat-tests-eu-mobile-automation/1472//#testresult/aa560f6fdb0b404e","status":"broken","statusDetails":"Element [AppiumBy.accessibilityId: car-not-detected.button] wasn't clickable after [15] seconds!\nException: org.openqa.selenium.TimeoutException: Expected condition failed: Element [AppiumBy.accessibilityId: car-not-detected.button] wasn't clickable after [15] seconds! (tried for 15 second(s) with 250 milliseconds interval)\nFor documentation on this error, please visit: https://www.selenium.dev/documentation/webdriver/troubleshooting/errors#no-such-element-exception\nBuild info: version: '4.19.0', revision: '5f9cec8963'\nSystem info: os.name: 'Linux', os.arch: 'amd64', os.version: '6.8.0-1021-azure', java.version: '17.0.14'\nDriver info: driver.version: unknown","time":{"start":1742409743364,"stop":1742409888858,"duration":145494}},{"uid":"28a5eb0822f04f8f","reportUrl":"https://circlek-global.github.io/gmbat-tests-eu-mobile-automation/1470//#testresult/28a5eb0822f04f8f","status":"broken","statusDetails":"Element [By.xpath: //XCUIElementTypeStaticText[@label=\"Do you want to upgrade this wash?\"]] wasn't visible after [15] seconds!\nException: org.openqa.selenium.TimeoutException: Expected condition failed: Element [By.xpath: //XCUIElementTypeStaticText[@label=\"Do you want to upgrade this wash?\"]] wasn't visible after [15] seconds! (tried for 15 second(s) with 250 milliseconds interval)\nFor documentation on this error, please visit: https://www.selenium.dev/documentation/webdriver/troubleshooting/errors#no-such-element-exception\nBuild info: version: '4.19.0', revision: '5f9cec8963'\nSystem info: os.name: 'Linux', os.arch: 'amd64', os.version: '6.8.0-1021-azure', java.version: '17.0.14'\nDriver info: driver.version: unknown","time":{"start":1742392870019,"stop":1742393009857,"duration":139838}},{"uid":"3c483320cbc19d59","reportUrl":"https://circlek-global.github.io/gmbat-tests-eu-mobile-automation/1457//#testresult/3c483320cbc19d59","status":"broken","statusDetails":"Element [AppiumBy.accessibilityId: car-not-detected.button] wasn't clickable after [15] seconds!\nException: org.openqa.selenium.TimeoutException: Expected condition failed: Element [AppiumBy.accessibilityId: car-not-detected.button] wasn't clickable after [15] seconds! (tried for 15 second(s) with 250 milliseconds interval)\nFor documentation on this error, please visit: https://www.selenium.dev/documentation/webdriver/troubleshooting/errors#no-such-element-exception\nBuild info: version: '4.19.0', revision: '5f9cec8963'\nSystem info: os.name: 'Linux', os.arch: 'amd64', os.version: '6.8.0-1021-azure', java.version: '17.0.14'\nDriver info: driver.version: unknown","time":{"start":1742323207342,"stop":1742323335237,"duration":127895}},{"uid":"3f5fe972cf224e7f","reportUrl":"https://circlek-global.github.io/gmbat-tests-eu-mobile-automation/1455//#testresult/3f5fe972cf224e7f","status":"broken","statusDetails":"Element [By.xpath: //XCUIElementTypeStaticText[@label=\"Do you want to upgrade this wash?\"]] wasn't visible after [15] seconds!\nException: org.openqa.selenium.TimeoutException: Expected condition failed: Element [By.xpath: //XCUIElementTypeStaticText[@label=\"Do you want to upgrade this wash?\"]] wasn't visible after [15] seconds! (tried for 15 second(s) with 250 milliseconds interval)\nFor documentation on this error, please visit: https://www.selenium.dev/documentation/webdriver/troubleshooting/errors#no-such-element-exception\nBuild info: version: '4.19.0', revision: '5f9cec8963'\nSystem info: os.name: 'Linux', os.arch: 'amd64', os.version: '6.8.0-1021-azure', java.version: '17.0.14'\nDriver info: driver.version: unknown","time":{"start":1742306549709,"stop":1742306690103,"duration":140394}},{"uid":"6162df22349bcdaa","reportUrl":"https://circlek-global.github.io/gmbat-tests-eu-mobile-automation/1445//#testresult/6162df22349bcdaa","status":"broken","statusDetails":"Element [AppiumBy.accessibilityId: car-not-detected.button] wasn't clickable after [15] seconds!\nException: org.openqa.selenium.TimeoutException: Expected condition failed: Element [AppiumBy.accessibilityId: car-not-detected.button] wasn't clickable after [15] seconds! (tried for 15 second(s) with 250 milliseconds interval)\nFor documentation on this error, please visit: https://www.selenium.dev/documentation/webdriver/troubleshooting/errors#no-such-element-exception\nBuild info: version: '4.19.0', revision: '5f9cec8963'\nSystem info: os.name: 'Linux', os.arch: 'amd64', os.version: '6.8.0-1021-azure', java.version: '17.0.14'\nDriver info: driver.version: unknown","time":{"start":1742236877966,"stop":1742237011152,"duration":133186}},{"uid":"c26dd2be77d792e4","reportUrl":"https://circlek-global.github.io/gmbat-tests-eu-mobile-automation/1442//#testresult/c26dd2be77d792e4","status":"broken","statusDetails":"Element [By.xpath: //XCUIElementTypeStaticText[@label=\"Do you want to upgrade this wash?\"]] wasn't visible after [15] seconds!\nException: org.openqa.selenium.TimeoutException: Expected condition failed: Element [By.xpath: //XCUIElementTypeStaticText[@label=\"Do you want to upgrade this wash?\"]] wasn't visible after [15] seconds! (tried for 15 second(s) with 250 milliseconds interval)\nFor documentation on this error, please visit: https://www.selenium.dev/documentation/webdriver/troubleshooting/errors#no-such-element-exception\nBuild info: version: '4.19.0', revision: '5f9cec8963'\nSystem info: os.name: 'Linux', os.arch: 'amd64', os.version: '6.8.0-1021-azure', java.version: '17.0.14'\nDriver info: driver.version: unknown","time":{"start":1742217535666,"stop":1742217658235,"duration":122569}},{"uid":"1dbc9d2f86fc4fed","reportUrl":"https://circlek-global.github.io/gmbat-tests-eu-mobile-automation/1427//#testresult/1dbc9d2f86fc4fed","status":"broken","statusDetails":"Element [AppiumBy.accessibilityId: user-greetings.text] wasn't visible after [40] seconds!\nException: org.openqa.selenium.TimeoutException: Expected condition failed: Element [AppiumBy.accessibilityId: user-greetings.text] wasn't visible after [40] seconds! (tried for 40 second(s) with 250 milliseconds interval)\nBuild info: version: '4.19.0', revision: '5f9cec8963'\nSystem info: os.name: 'Linux', os.arch: 'amd64', os.version: '6.8.0-1021-azure', java.version: '17.0.14'\nDriver info: driver.version: unknown\nFor documentation on this error, please visit: https://www.selenium.dev/documentation/webdriver/troubleshooting/errors#no-such-element-exception\nBuild info: version: '4.19.0', revision: '5f9cec8963'\nSystem info: os.name: 'Linux', os.arch: 'amd64', os.version: '6.8.0-1021-azure', java.version: '17.0.14'\nDriver info: driver.version: unknown","time":{"start":1741977888552,"stop":1741978148704,"duration":260152}},{"uid":"eabe60fcab25e71b","reportUrl":"https://circlek-global.github.io/gmbat-tests-eu-mobile-automation/1425//#testresult/eabe60fcab25e71b","status":"passed","time":{"start":1741961228521,"stop":1741961535342,"duration":306821}},{"uid":"33874ab0a7f26fc","reportUrl":"https://circlek-global.github.io/gmbat-tests-eu-mobile-automation/1413//#testresult/33874ab0a7f26fc","status":"broken","statusDetails":"Can't locate an element by this strategy: By.chained({AppiumBy.className: XCUIElementTypeScrollView})","time":{"start":1741891254750,"stop":1741891483186,"duration":228436}},{"uid":"bae2c4ff0de367c","reportUrl":"https://circlek-global.github.io/gmbat-tests-eu-mobile-automation/1411//#testresult/bae2c4ff0de367c","status":"broken","statusDetails":"Element [AppiumBy.accessibilityId: Do you want to upgrade this wash?] wasn't visible after [15] seconds!\nException: org.openqa.selenium.TimeoutException: Expected condition failed: Element [AppiumBy.accessibilityId: Do you want to upgrade this wash?] wasn't visible after [15] seconds! (tried for 15 second(s) with 250 milliseconds interval)\nFor documentation on this error, please visit: https://www.selenium.dev/documentation/webdriver/troubleshooting/errors#no-such-element-exception\nBuild info: version: '4.19.0', revision: '5f9cec8963'\nSystem info: os.name: 'Linux', os.arch: 'amd64', os.version: '6.8.0-1021-azure', java.version: '17.0.14'\nDriver info: driver.version: unknown","time":{"start":1741874720379,"stop":1741874862402,"duration":142023}},{"uid":"918c07c9786b50fe","reportUrl":"https://circlek-global.github.io/gmbat-tests-eu-mobile-automation/1397//#testresult/918c07c9786b50fe","status":"broken","statusDetails":"Element [AppiumBy.accessibilityId: user-greetings.text] wasn't visible after [40] seconds!\nException: org.openqa.selenium.TimeoutException: Expected condition failed: Element [AppiumBy.accessibilityId: user-greetings.text] wasn't visible after [40] seconds! (tried for 40 second(s) with 250 milliseconds interval)\nBuild info: version: '4.19.0', revision: '5f9cec8963'\nSystem info: os.name: 'Linux', os.arch: 'amd64', os.version: '6.8.0-1021-azure', java.version: '17.0.14'\nDriver info: driver.version: unknown\nFor documentation on this error, please visit: https://www.selenium.dev/documentation/webdriver/troubleshooting/errors#no-such-element-exception\nBuild info: version: '4.19.0', revision: '5f9cec8963'\nSystem info: os.name: 'Linux', os.arch: 'amd64', os.version: '6.8.0-1021-azure', java.version: '17.0.14'\nDriver info: driver.version: unknown","time":{"start":1741804692435,"stop":1741804951899,"duration":259464}}]},"tags":["CarWashSubscription"]},"source":"f916b38675ce0d04.json","parameterValues":["iPhone13"]}