{"uid":"526950c7606714a0","name":"Redeeming a coupon - happy Path","fullName":"testcases.OnboardingRewardsTest.userRedeemingACoupon","historyId":"6b2f592f0b2e6c2f2ea9c84c3d150c5","time":{"start":1743142263666,"stop":1743142536561,"duration":272895},"description":"As a user, I click on the CTA use to see the coupon barcode and click confirm","descriptionHtml":"<p>As a user, I click on the CTA use to see the coupon barcode and click confirm</p>\n","status":"broken","statusMessage":"Element [AppiumBy.accessibilityId: deal-bucket-deal-blt30c5134cce6f92c4] wasn't visible after [15] seconds!\nException: org.openqa.selenium.TimeoutException: Expected condition failed: Element [AppiumBy.accessibilityId: deal-bucket-deal-blt30c5134cce6f92c4] wasn't visible after [15] seconds! (tried for 15 second(s) with 250 milliseconds interval)\nFor documentation on this error, please visit: https://www.selenium.dev/documentation/webdriver/troubleshooting/errors#no-such-element-exception\nBuild info: version: '4.19.0', revision: '5f9cec8963'\nSystem info: os.name: 'Linux', os.arch: 'amd64', os.version: '6.8.0-1021-azure', java.version: '17.0.14'\nDriver info: driver.version: unknown","statusTrace":"org.openqa.selenium.NoSuchElementException: Element [AppiumBy.accessibilityId: deal-bucket-deal-blt30c5134cce6f92c4] wasn't visible after [15] seconds!\nException: org.openqa.selenium.TimeoutException: Expected condition failed: Element [AppiumBy.accessibilityId: deal-bucket-deal-blt30c5134cce6f92c4] wasn't visible after [15] seconds! (tried for 15 second(s) with 250 milliseconds interval)\nFor documentation on this error, please visit: https://www.selenium.dev/documentation/webdriver/troubleshooting/errors#no-such-element-exception\nBuild info: version: '4.19.0', revision: '5f9cec8963'\nSystem info: os.name: 'Linux', os.arch: 'amd64', os.version: '6.8.0-1021-azure', java.version: '17.0.14'\nDriver info: driver.version: unknown\n\tat com.gmap.core.common.handlers.WaitHandler.waitUntil(WaitHandler.java:163)\n\tat com.gmap.core.common.handlers.WaitHandler.waitForElementToBeVisible(WaitHandler.java:196)\n\tat pages.DealsPage.clickOnSecondDealCoupon(DealsPage.java:203)\n\tat testcases.OnboardingRewardsTest.userRedeemingACoupon(OnboardingRewardsTest.java:391)\n\tat java.base/jdk.internal.reflect.NativeMethodAccessorImpl.invoke0(Native Method)\n\tat java.base/jdk.internal.reflect.NativeMethodAccessorImpl.invoke(NativeMethodAccessorImpl.java:77)\n\tat java.base/jdk.internal.reflect.DelegatingMethodAccessorImpl.invoke(DelegatingMethodAccessorImpl.java:43)\n\tat java.base/java.lang.reflect.Method.invoke(Method.java:569)\n\tat org.testng.internal.invokers.MethodInvocationHelper.invokeMethod(MethodInvocationHelper.java:141)\n\tat org.testng.internal.invokers.MethodInvocationHelper$1.runTestMethod(MethodInvocationHelper.java:260)\n\tat org.springframework.test.context.testng.AbstractTestNGSpringContextTests.run(AbstractTestNGSpringContextTests.java:154)\n\tat org.testng.internal.invokers.MethodInvocationHelper.invokeHookable(MethodInvocationHelper.java:274)\n\tat org.testng.internal.invokers.TestInvoker.invokeMethod(TestInvoker.java:679)\n\tat org.testng.internal.invokers.TestInvoker.invokeTestMethod(TestInvoker.java:230)\n\tat org.testng.internal.invokers.MethodRunner.runInSequence(MethodRunner.java:63)\n\tat org.testng.internal.invokers.TestInvoker$MethodInvocationAgent.invoke(TestInvoker.java:995)\n\tat org.testng.internal.invokers.TestInvoker.invokeTestMethods(TestInvoker.java:203)\n\tat org.testng.internal.invokers.TestMethodWorker.invokeTestMethods(TestMethodWorker.java:154)\n\tat org.testng.internal.invokers.TestMethodWorker.run(TestMethodWorker.java:134)\n\tat java.base/java.util.ArrayList.forEach(ArrayList.java:1511)\n\tat org.testng.TestRunner.privateRun(TestRunner.java:741)\n\tat org.testng.TestRunner.run(TestRunner.java:616)\n\tat org.testng.SuiteRunner.runTest(SuiteRunner.java:421)\n\tat org.testng.SuiteRunner$SuiteWorker.run(SuiteRunner.java:463)\n\tat org.testng.internal.thread.ThreadUtil.lambda$execute$0(ThreadUtil.java:64)\n\tat java.base/java.util.concurrent.FutureTask.run(FutureTask.java:264)\n\tat java.base/java.util.concurrent.ThreadPoolExecutor.runWorker(ThreadPoolExecutor.java:1136)\n\tat java.base/java.util.concurrent.ThreadPoolExecutor$Worker.run(ThreadPoolExecutor.java:635)\n\tat java.base/java.lang.Thread.run(Thread.java:840)\n","flaky":false,"newFailed":false,"newBroken":false,"newPassed":false,"retriesCount":0,"retriesStatusChange":false,"beforeStages":[{"name":"Base Before Test","time":{"start":1743140574046,"stop":1743140574046,"duration":0},"description":"Base Before Test","status":"passed","steps":[],"attachments":[],"parameters":[],"shouldDisplayMessage":false,"stepsCount":0,"attachmentsCount":0,"hasContent":false,"attachmentStep":false},{"name":"springTestContextBeforeTestClass","time":{"start":1743140574050,"stop":1743140574050,"duration":0},"description":"","status":"passed","steps":[],"attachments":[],"parameters":[],"shouldDisplayMessage":false,"stepsCount":0,"attachmentsCount":0,"hasContent":false,"attachmentStep":false},{"name":"springTestContextPrepareTestInstance","time":{"start":1743140574050,"stop":1743140574054,"duration":4},"description":"","status":"passed","steps":[],"attachments":[],"parameters":[],"shouldDisplayMessage":false,"stepsCount":0,"attachmentsCount":0,"hasContent":false,"attachmentStep":false},{"name":"Base Before Class","time":{"start":1743140574054,"stop":1743140574054,"duration":0},"description":"Base Before Class","status":"passed","steps":[],"attachments":[],"parameters":[],"shouldDisplayMessage":false,"stepsCount":0,"attachmentsCount":0,"hasContent":false,"attachmentStep":false},{"name":"springTestContextBeforeTestMethod","time":{"start":1743142233151,"stop":1743142233152,"duration":1},"description":"","status":"passed","steps":[],"attachments":[],"parameters":[],"shouldDisplayMessage":false,"stepsCount":0,"attachmentsCount":0,"hasContent":false,"attachmentStep":false},{"name":"Base Before Test Method","time":{"start":1743142233152,"stop":1743142262386,"duration":29234},"description":"Base Before Test Method","status":"passed","steps":[],"attachments":[{"uid":"174301587be9aeda","name":"REQUEST | POST https://api.uat.circlek.com/us/ngrp-gmap-authn/v1/auth","source":"174301587be9aeda.html","type":"text/html","size":621},{"uid":"b4ca10f73587eed5","name":"RESPONSE | POST https://api.uat.circlek.com/us/ngrp-gmap-authn/v1/auth [404]","source":"b4ca10f73587eed5.html","type":"text/html","size":661}],"parameters":[],"shouldDisplayMessage":false,"stepsCount":0,"attachmentsCount":2,"hasContent":true,"attachmentStep":false},{"name":"initTestConfig","time":{"start":1743142262387,"stop":1743142262983,"duration":596},"description":"","status":"passed","steps":[],"attachments":[],"parameters":[],"shouldDisplayMessage":false,"stepsCount":0,"attachmentsCount":0,"hasContent":false,"attachmentStep":false}],"testStage":{"description":"As a user, I click on the CTA use to see the coupon barcode and click confirm","status":"broken","statusMessage":"Element [AppiumBy.accessibilityId: deal-bucket-deal-blt30c5134cce6f92c4] wasn't visible after [15] seconds!\nException: org.openqa.selenium.TimeoutException: Expected condition failed: Element [AppiumBy.accessibilityId: deal-bucket-deal-blt30c5134cce6f92c4] wasn't visible after [15] seconds! (tried for 15 second(s) with 250 milliseconds interval)\nFor documentation on this error, please visit: https://www.selenium.dev/documentation/webdriver/troubleshooting/errors#no-such-element-exception\nBuild info: version: '4.19.0', revision: '5f9cec8963'\nSystem info: os.name: 'Linux', os.arch: 'amd64', os.version: '6.8.0-1021-azure', java.version: '17.0.14'\nDriver info: driver.version: unknown","statusTrace":"org.openqa.selenium.NoSuchElementException: Element [AppiumBy.accessibilityId: deal-bucket-deal-blt30c5134cce6f92c4] wasn't visible after [15] seconds!\nException: org.openqa.selenium.TimeoutException: Expected condition failed: Element [AppiumBy.accessibilityId: deal-bucket-deal-blt30c5134cce6f92c4] wasn't visible after [15] seconds! (tried for 15 second(s) with 250 milliseconds interval)\nFor documentation on this error, please visit: https://www.selenium.dev/documentation/webdriver/troubleshooting/errors#no-such-element-exception\nBuild info: version: '4.19.0', revision: '5f9cec8963'\nSystem info: os.name: 'Linux', os.arch: 'amd64', os.version: '6.8.0-1021-azure', java.version: '17.0.14'\nDriver info: driver.version: unknown\n\tat com.gmap.core.common.handlers.WaitHandler.waitUntil(WaitHandler.java:163)\n\tat com.gmap.core.common.handlers.WaitHandler.waitForElementToBeVisible(WaitHandler.java:196)\n\tat pages.DealsPage.clickOnSecondDealCoupon(DealsPage.java:203)\n\tat testcases.OnboardingRewardsTest.userRedeemingACoupon(OnboardingRewardsTest.java:391)\n\tat java.base/jdk.internal.reflect.NativeMethodAccessorImpl.invoke0(Native Method)\n\tat java.base/jdk.internal.reflect.NativeMethodAccessorImpl.invoke(NativeMethodAccessorImpl.java:77)\n\tat java.base/jdk.internal.reflect.DelegatingMethodAccessorImpl.invoke(DelegatingMethodAccessorImpl.java:43)\n\tat java.base/java.lang.reflect.Method.invoke(Method.java:569)\n\tat org.testng.internal.invokers.MethodInvocationHelper.invokeMethod(MethodInvocationHelper.java:141)\n\tat org.testng.internal.invokers.MethodInvocationHelper$1.runTestMethod(MethodInvocationHelper.java:260)\n\tat org.springframework.test.context.testng.AbstractTestNGSpringContextTests.run(AbstractTestNGSpringContextTests.java:154)\n\tat org.testng.internal.invokers.MethodInvocationHelper.invokeHookable(MethodInvocationHelper.java:274)\n\tat org.testng.internal.invokers.TestInvoker.invokeMethod(TestInvoker.java:679)\n\tat org.testng.internal.invokers.TestInvoker.invokeTestMethod(TestInvoker.java:230)\n\tat org.testng.internal.invokers.MethodRunner.runInSequence(MethodRunner.java:63)\n\tat org.testng.internal.invokers.TestInvoker$MethodInvocationAgent.invoke(TestInvoker.java:995)\n\tat org.testng.internal.invokers.TestInvoker.invokeTestMethods(TestInvoker.java:203)\n\tat org.testng.internal.invokers.TestMethodWorker.invokeTestMethods(TestMethodWorker.java:154)\n\tat org.testng.internal.invokers.TestMethodWorker.run(TestMethodWorker.java:134)\n\tat java.base/java.util.ArrayList.forEach(ArrayList.java:1511)\n\tat org.testng.TestRunner.privateRun(TestRunner.java:741)\n\tat org.testng.TestRunner.run(TestRunner.java:616)\n\tat org.testng.SuiteRunner.runTest(SuiteRunner.java:421)\n\tat org.testng.SuiteRunner$SuiteWorker.run(SuiteRunner.java:463)\n\tat org.testng.internal.thread.ThreadUtil.lambda$execute$0(ThreadUtil.java:64)\n\tat java.base/java.util.concurrent.FutureTask.run(FutureTask.java:264)\n\tat java.base/java.util.concurrent.ThreadPoolExecutor.runWorker(ThreadPoolExecutor.java:1136)\n\tat java.base/java.util.concurrent.ThreadPoolExecutor$Worker.run(ThreadPoolExecutor.java:635)\n\tat java.base/java.lang.Thread.run(Thread.java:840)\n","steps":[{"name":"I check that the \"Welcome Screen\" is displayed","time":{"start":1743142263667,"stop":1743142264400,"duration":733},"status":"passed","steps":[],"attachments":[],"parameters":[],"shouldDisplayMessage":false,"stepsCount":0,"attachmentsCount":0,"hasContent":false,"attachmentStep":false},{"name":"I click on \"GET STARTED\" button","time":{"start":1743142264400,"stop":1743142268043,"duration":3643},"status":"passed","steps":[],"attachments":[],"parameters":[],"shouldDisplayMessage":false,"stepsCount":0,"attachmentsCount":0,"hasContent":false,"attachmentStep":false},{"name":"I check that the \"Choose Data Preferences Screen\" is displayed","time":{"start":1743142268043,"stop":1743142268722,"duration":679},"status":"passed","steps":[],"attachments":[],"parameters":[],"shouldDisplayMessage":false,"stepsCount":0,"attachmentsCount":0,"hasContent":false,"attachmentStep":false},{"name":"I click on \"ALLOW ALL TRACKING\" button","time":{"start":1743142268722,"stop":1743142271112,"duration":2390},"status":"passed","steps":[],"attachments":[],"parameters":[],"shouldDisplayMessage":false,"stepsCount":0,"attachmentsCount":0,"hasContent":false,"attachmentStep":false},{"name":"I check that the \"First SignIn Screen\" is displayed","time":{"start":1743142271112,"stop":1743142273794,"duration":2682},"status":"passed","steps":[],"attachments":[],"parameters":[],"shouldDisplayMessage":false,"stepsCount":0,"attachmentsCount":0,"hasContent":false,"attachmentStep":false},{"name":"I click on \"PHONE NUMBER\" input","time":{"start":1743142273794,"stop":1743142276911,"duration":3117},"status":"passed","steps":[],"attachments":[],"parameters":[],"shouldDisplayMessage":false,"stepsCount":0,"attachmentsCount":0,"hasContent":false,"attachmentStep":false},{"name":"I enter the phone number \"9146200000\" in the input","time":{"start":1743142276911,"stop":1743142284438,"duration":7527},"status":"passed","steps":[],"attachments":[],"parameters":[{"name":"Phone number:","value":"9146200000"}],"shouldDisplayMessage":false,"stepsCount":0,"attachmentsCount":0,"hasContent":true,"attachmentStep":false},{"name":"I click on \"LET'S GO\" button","time":{"start":1743142284438,"stop":1743142289525,"duration":5087},"status":"passed","steps":[],"attachments":[],"parameters":[{"name":"wait","value":"true"}],"shouldDisplayMessage":false,"stepsCount":0,"attachmentsCount":0,"hasContent":true,"attachmentStep":false},{"name":"I check that the \"Password Screen\" is displayed","time":{"start":1743142289525,"stop":1743142290232,"duration":707},"status":"passed","steps":[],"attachments":[],"parameters":[],"shouldDisplayMessage":false,"stepsCount":0,"attachmentsCount":0,"hasContent":false,"attachmentStep":false},{"name":"I click on \"PASSWORD\" input","time":{"start":1743142290232,"stop":1743142293072,"duration":2840},"status":"passed","steps":[],"attachments":[],"parameters":[],"shouldDisplayMessage":false,"stepsCount":0,"attachmentsCount":0,"hasContent":false,"attachmentStep":false},{"name":"I enter the password \"#Test123\" in the input","time":{"start":1743142293072,"stop":1743142295019,"duration":1947},"status":"passed","steps":[],"attachments":[],"parameters":[{"name":"Password:","value":"#Test123"}],"shouldDisplayMessage":false,"stepsCount":0,"attachmentsCount":0,"hasContent":true,"attachmentStep":false},{"name":"I click on \"SIGN IN\" button","time":{"start":1743142295019,"stop":1743142303490,"duration":8471},"status":"passed","steps":[],"attachments":[],"parameters":[],"shouldDisplayMessage":false,"stepsCount":0,"attachmentsCount":0,"hasContent":false,"attachmentStep":false},{"name":"I get the text from the middle text area on the \"Notification Permission Screen\"","time":{"start":1743142303492,"stop":1743142304839,"duration":1347},"status":"passed","steps":[],"attachments":[],"parameters":[],"shouldDisplayMessage":false,"stepsCount":0,"attachmentsCount":0,"hasContent":false,"attachmentStep":false},{"name":"I check that the application text: \"Stay updated on in-store promotions, deals, savings and special offers!\" is equals to expected value: \"Stay updated on in-store promotions, deals, savings and special offers!\"","time":{"start":1743142304839,"stop":1743142304839,"duration":0},"status":"passed","steps":[],"attachments":[],"parameters":[{"name":"Actual:","value":"Stay updated on in-store promotions, deals, savings and special offers!"},{"name":"Expected:","value":"Stay updated on in-store promotions, deals, savings and special offers!"}],"shouldDisplayMessage":false,"stepsCount":0,"attachmentsCount":0,"hasContent":true,"attachmentStep":false},{"name":"I check that the \"Notification Permission Screen\" is displayed","time":{"start":1743142304839,"stop":1743142305479,"duration":640},"status":"passed","steps":[],"attachments":[],"parameters":[],"shouldDisplayMessage":false,"stepsCount":0,"attachmentsCount":0,"hasContent":false,"attachmentStep":false},{"name":"I click on \"CONTINUE\" button","time":{"start":1743142305479,"stop":1743142312033,"duration":6554},"status":"passed","steps":[{"name":"I check that the \"Location Permission Flow Screen\" is displayed","time":{"start":1743142307788,"stop":1743142312033,"duration":4245},"status":"passed","steps":[],"attachments":[],"parameters":[{"name":"time","value":"3"}],"shouldDisplayMessage":false,"stepsCount":0,"attachmentsCount":0,"hasContent":true,"attachmentStep":false}],"attachments":[],"parameters":[],"shouldDisplayMessage":false,"stepsCount":1,"attachmentsCount":0,"hasContent":true,"attachmentStep":false},{"name":"I check that the \"Location Permission Flow Screen\" is displayed","time":{"start":1743142312033,"stop":1743142312664,"duration":631},"status":"passed","steps":[],"attachments":[],"parameters":[],"shouldDisplayMessage":false,"stepsCount":0,"attachmentsCount":0,"hasContent":false,"attachmentStep":false},{"name":"I get the text from the middle text area on the \"Location Permission Flow Screen\"","time":{"start":1743142312664,"stop":1743142313983,"duration":1319},"status":"passed","steps":[],"attachments":[],"parameters":[],"shouldDisplayMessage":false,"stepsCount":0,"attachmentsCount":0,"hasContent":false,"attachmentStep":false},{"name":"I check that the application text: \"Turn on your location so we can locate your closest Circle K store.\" is equals to expected value: \"Turn on your location so we can locate your closest Circle K store.\"","time":{"start":1743142313983,"stop":1743142313983,"duration":0},"status":"passed","steps":[],"attachments":[],"parameters":[{"name":"Actual:","value":"Turn on your location so we can locate your closest Circle K store."},{"name":"Expected:","value":"Turn on your location so we can locate your closest Circle K store."}],"shouldDisplayMessage":false,"stepsCount":0,"attachmentsCount":0,"hasContent":true,"attachmentStep":false},{"name":"I click on \"CONTINUE\" button","time":{"start":1743142313983,"stop":1743142318750,"duration":4767},"status":"passed","steps":[],"attachments":[],"parameters":[],"shouldDisplayMessage":false,"stepsCount":0,"attachmentsCount":0,"hasContent":false,"attachmentStep":false},{"name":"I accept the new terms and conditions","time":{"start":1743142318750,"stop":1743142341098,"duration":22348},"status":"passed","steps":[],"attachments":[],"parameters":[],"shouldDisplayMessage":false,"stepsCount":0,"attachmentsCount":0,"hasContent":false,"attachmentStep":false},{"name":"I skip enrolling for easy pay card","time":{"start":1743142341098,"stop":1743142356640,"duration":15542},"status":"passed","steps":[],"attachments":[],"parameters":[{"name":"time","value":"[15]"}],"shouldDisplayMessage":false,"stepsCount":0,"attachmentsCount":0,"hasContent":true,"attachmentStep":false},{"name":"I check that the \"Home Screen\" is displayed","time":{"start":1743142356640,"stop":1743142357402,"duration":762},"status":"passed","steps":[],"attachments":[],"parameters":[],"shouldDisplayMessage":false,"stepsCount":0,"attachmentsCount":0,"hasContent":false,"attachmentStep":false},{"name":"I check that the \"Home Screen\" is displayed","time":{"start":1743142357402,"stop":1743142358155,"duration":753},"status":"passed","steps":[],"attachments":[],"parameters":[],"shouldDisplayMessage":false,"stepsCount":0,"attachmentsCount":0,"hasContent":false,"attachmentStep":false},{"name":"I click on \"CHANGE STORE\" button","time":{"start":1743142358155,"stop":1743142360929,"duration":2774},"status":"passed","steps":[],"attachments":[],"parameters":[],"shouldDisplayMessage":false,"stepsCount":0,"attachmentsCount":0,"hasContent":false,"attachmentStep":false},{"name":"I check that the \"Want to change store?\" pane is displayed","time":{"start":1743142360929,"stop":1743142361957,"duration":1028},"status":"passed","steps":[],"attachments":[],"parameters":[],"shouldDisplayMessage":false,"stepsCount":0,"attachmentsCount":0,"hasContent":false,"attachmentStep":false},{"name":"I click on \"SELECT STORE MANUALLY\" button","time":{"start":1743142361957,"stop":1743142364821,"duration":2864},"status":"passed","steps":[],"attachments":[],"parameters":[],"shouldDisplayMessage":false,"stepsCount":0,"attachmentsCount":0,"hasContent":false,"attachmentStep":false},{"name":"I check that the \"Stores Screen\" is displayed","time":{"start":1743142364821,"stop":1743142365836,"duration":1015},"status":"passed","steps":[],"attachments":[],"parameters":[],"shouldDisplayMessage":false,"stepsCount":0,"attachmentsCount":0,"hasContent":false,"attachmentStep":false},{"name":"I click on \"VIEW LIST/MAP\" button","time":{"start":1743142365836,"stop":1743142368646,"duration":2810},"status":"passed","steps":[],"attachments":[],"parameters":[],"shouldDisplayMessage":false,"stepsCount":0,"attachmentsCount":0,"hasContent":false,"attachmentStep":false},{"name":"I click on \"SEARCH BAR\" input","time":{"start":1743142368646,"stop":1743142371961,"duration":3315},"status":"passed","steps":[],"attachments":[],"parameters":[],"shouldDisplayMessage":false,"stepsCount":0,"attachmentsCount":0,"hasContent":false,"attachmentStep":false},{"name":"I enter the \"Illinois, USA\" in the \"SEARCH BAR\" input","time":{"start":1743142371961,"stop":1743142377362,"duration":5401},"status":"passed","steps":[],"attachments":[],"parameters":[{"name":"Term to search:","value":"Illinois, USA"}],"shouldDisplayMessage":false,"stepsCount":0,"attachmentsCount":0,"hasContent":true,"attachmentStep":false},{"name":"I check that the \"Search Results Screen\" is displayed","time":{"start":1743142377362,"stop":1743142378294,"duration":932},"status":"passed","steps":[],"attachments":[],"parameters":[],"shouldDisplayMessage":false,"stepsCount":0,"attachmentsCount":0,"hasContent":false,"attachmentStep":false},{"name":"I click the first text from the \"Search result\" list","time":{"start":1743142378294,"stop":1743142381065,"duration":2771},"status":"passed","steps":[],"attachments":[],"parameters":[],"shouldDisplayMessage":false,"stepsCount":0,"attachmentsCount":0,"hasContent":false,"attachmentStep":false},{"name":"I check that the \"Station List Screen\" is displayed","time":{"start":1743142381065,"stop":1743142384338,"duration":3273},"status":"passed","steps":[],"attachments":[],"parameters":[],"shouldDisplayMessage":false,"stepsCount":0,"attachmentsCount":0,"hasContent":false,"attachmentStep":false},{"name":"I click on \"4701446\" station \"SET AS HOME STORE\" button","time":{"start":1743142384338,"stop":1743142395797,"duration":11459},"status":"passed","steps":[],"attachments":[],"parameters":[{"name":"Store:","value":"4701446"}],"shouldDisplayMessage":false,"stepsCount":0,"attachmentsCount":0,"hasContent":true,"attachmentStep":false},{"name":"I check that the \"Are you sure you want to select this store?\" pane is displayed","time":{"start":1743142395797,"stop":1743142397517,"duration":1720},"status":"passed","steps":[],"attachments":[],"parameters":[],"shouldDisplayMessage":false,"stepsCount":0,"attachmentsCount":0,"hasContent":false,"attachmentStep":false},{"name":"I click on \"CONFIRM\" button","time":{"start":1743142397517,"stop":1743142403435,"duration":5918},"status":"passed","steps":[],"attachments":[],"parameters":[],"shouldDisplayMessage":false,"stepsCount":0,"attachmentsCount":0,"hasContent":false,"attachmentStep":false},{"name":"I verify that \"INNER CIRCLE\" button is displayed","time":{"start":1743142403436,"stop":1743142407062,"duration":3626},"status":"passed","steps":[],"attachments":[],"parameters":[],"shouldDisplayMessage":false,"stepsCount":0,"attachmentsCount":0,"hasContent":false,"attachmentStep":false},{"name":"I click on \"HOME\" button","time":{"start":1743142407062,"stop":1743142412931,"duration":5869},"status":"passed","steps":[],"attachments":[],"parameters":[],"shouldDisplayMessage":false,"stepsCount":0,"attachmentsCount":0,"hasContent":false,"attachmentStep":false},{"name":"I check that the \"MEMBER\" text is displayed","time":{"start":1743142412931,"stop":1743142414064,"duration":1133},"status":"passed","steps":[],"attachments":[],"parameters":[],"shouldDisplayMessage":false,"stepsCount":0,"attachmentsCount":0,"hasContent":false,"attachmentStep":false},{"name":"I click on \"ACCOUNT\" button","time":{"start":1743142414064,"stop":1743142417995,"duration":3931},"status":"passed","steps":[],"attachments":[],"parameters":[],"shouldDisplayMessage":false,"stepsCount":0,"attachmentsCount":0,"hasContent":false,"attachmentStep":false},{"name":"I check that the \"Account Screen\" is displayed","time":{"start":1743142417995,"stop":1743142418817,"duration":822},"status":"passed","steps":[],"attachments":[],"parameters":[],"shouldDisplayMessage":false,"stepsCount":0,"attachmentsCount":0,"hasContent":false,"attachmentStep":false},{"name":"I click on \"BUILD NUMBER\" tab","time":{"start":1743142418817,"stop":1743142428704,"duration":9887},"status":"passed","steps":[],"attachments":[],"parameters":[],"shouldDisplayMessage":false,"stepsCount":0,"attachmentsCount":0,"hasContent":false,"attachmentStep":false},{"name":"I click on \"MOCKS\" button","time":{"start":1743142428704,"stop":1743142437990,"duration":9286},"status":"passed","steps":[],"attachments":[],"parameters":[],"shouldDisplayMessage":false,"stepsCount":0,"attachmentsCount":0,"hasContent":false,"attachmentStep":false},{"name":"I check that the \"DEV TOOLS MOCKS SCREEN\" is displayed","time":{"start":1743142437990,"stop":1743142439045,"duration":1055},"status":"passed","steps":[],"attachments":[],"parameters":[],"shouldDisplayMessage":false,"stepsCount":0,"attachmentsCount":0,"hasContent":false,"attachmentStep":false},{"name":"I click on \"INNER CIRCLE\" menu item","time":{"start":1743142439046,"stop":1743142448322,"duration":9276},"status":"passed","steps":[],"attachments":[],"parameters":[],"shouldDisplayMessage":false,"stepsCount":0,"attachmentsCount":0,"hasContent":false,"attachmentStep":false},{"name":"I toggle the \"Default\" switch","time":{"start":1743142448322,"stop":1743142458364,"duration":10042},"status":"passed","steps":[],"attachments":[],"parameters":[],"shouldDisplayMessage":false,"stepsCount":0,"attachmentsCount":0,"hasContent":false,"attachmentStep":false},{"name":"I click on \"SAVE FOR THIS SESSION\" button","time":{"start":1743142458364,"stop":1743142461455,"duration":3091},"status":"passed","steps":[],"attachments":[],"parameters":[],"shouldDisplayMessage":false,"stepsCount":0,"attachmentsCount":0,"hasContent":false,"attachmentStep":false},{"name":"I click on \"Close\" button","time":{"start":1743142461455,"stop":1743142464614,"duration":3159},"status":"passed","steps":[],"attachments":[],"parameters":[],"shouldDisplayMessage":false,"stepsCount":0,"attachmentsCount":0,"hasContent":false,"attachmentStep":false},{"name":"I click on \"HOME\" button","time":{"start":1743142464614,"stop":1743142467425,"duration":2811},"status":"passed","steps":[],"attachments":[],"parameters":[],"shouldDisplayMessage":false,"stepsCount":0,"attachmentsCount":0,"hasContent":false,"attachmentStep":false},{"name":"I check that the \"Home Screen\" is displayed","time":{"start":1743142467425,"stop":1743142468587,"duration":1162},"status":"passed","steps":[],"attachments":[],"parameters":[],"shouldDisplayMessage":false,"stepsCount":0,"attachmentsCount":0,"hasContent":false,"attachmentStep":false},{"name":"I refresh the \"Home Page\"","time":{"start":1743142468587,"stop":1743142480642,"duration":12055},"status":"passed","steps":[],"attachments":[],"parameters":[],"shouldDisplayMessage":false,"stepsCount":0,"attachmentsCount":0,"hasContent":false,"attachmentStep":false},{"name":"I check that the \"DEALS COUPONS\" is displayed","time":{"start":1743142480642,"stop":1743142504404,"duration":23762},"status":"passed","steps":[],"attachments":[],"parameters":[],"shouldDisplayMessage":false,"stepsCount":0,"attachmentsCount":0,"hasContent":false,"attachmentStep":false},{"name":"I click on \"DEALS COUPONS\" CTA","time":{"start":1743142504404,"stop":1743142508838,"duration":4434},"status":"passed","steps":[],"attachments":[],"parameters":[],"shouldDisplayMessage":false,"stepsCount":0,"attachmentsCount":0,"hasContent":false,"attachmentStep":false},{"name":"I check that the \"No deals found\" text is displayed","time":{"start":1743142508838,"stop":1743142518968,"duration":10130},"status":"passed","steps":[],"attachments":[],"parameters":[],"shouldDisplayMessage":false,"stepsCount":0,"attachmentsCount":0,"hasContent":false,"attachmentStep":false},{"name":"I click on the \"Second Deal Coupon\" button","time":{"start":1743142518968,"stop":1743142534924,"duration":15956},"status":"broken","statusMessage":"Element [AppiumBy.accessibilityId: deal-bucket-deal-blt30c5134cce6f92c4] wasn't visible after [15] seconds!\nException: org.openqa.selenium.TimeoutException: Expected condition failed: Element [AppiumBy.accessibilityId: deal-bucket-deal-blt30c5134cce6f92c4] wasn't visible after [15] seconds! (tried for 15 second(s) with 250 milliseconds interval)\nFor documentation on this error, please visit: https://www.selenium.dev/documentation/webdriver/troubleshooting/errors#no-such-element-exception\nBuild info: version: '4.19.0', revision: '5f9cec8963'\nSystem info: os.name: 'Linux', os.arch: 'amd64', os.version: '6.8.0-1021-azure', java.version: '17.0.14'\nDriver info: driver.version: unknown","statusTrace":"org.openqa.selenium.NoSuchElementException: Element [AppiumBy.accessibilityId: deal-bucket-deal-blt30c5134cce6f92c4] wasn't visible after [15] seconds!\nException: org.openqa.selenium.TimeoutException: Expected condition failed: Element [AppiumBy.accessibilityId: deal-bucket-deal-blt30c5134cce6f92c4] wasn't visible after [15] seconds! (tried for 15 second(s) with 250 milliseconds interval)\nFor documentation on this error, please visit: https://www.selenium.dev/documentation/webdriver/troubleshooting/errors#no-such-element-exception\nBuild info: version: '4.19.0', revision: '5f9cec8963'\nSystem info: os.name: 'Linux', os.arch: 'amd64', os.version: '6.8.0-1021-azure', java.version: '17.0.14'\nDriver info: driver.version: unknown\n\tat com.gmap.core.common.handlers.WaitHandler.waitUntil(WaitHandler.java:163)\n\tat com.gmap.core.common.handlers.WaitHandler.waitForElementToBeVisible(WaitHandler.java:196)\n\tat pages.DealsPage.clickOnSecondDealCoupon(DealsPage.java:203)\n\tat testcases.OnboardingRewardsTest.userRedeemingACoupon(OnboardingRewardsTest.java:391)\n\tat java.base/jdk.internal.reflect.NativeMethodAccessorImpl.invoke0(Native Method)\n\tat java.base/jdk.internal.reflect.NativeMethodAccessorImpl.invoke(NativeMethodAccessorImpl.java:77)\n\tat java.base/jdk.internal.reflect.DelegatingMethodAccessorImpl.invoke(DelegatingMethodAccessorImpl.java:43)\n\tat java.base/java.lang.reflect.Method.invoke(Method.java:569)\n\tat org.testng.internal.invokers.MethodInvocationHelper.invokeMethod(MethodInvocationHelper.java:141)\n\tat org.testng.internal.invokers.MethodInvocationHelper$1.runTestMethod(MethodInvocationHelper.java:260)\n\tat org.springframework.test.context.testng.AbstractTestNGSpringContextTests.run(AbstractTestNGSpringContextTests.java:154)\n\tat org.testng.internal.invokers.MethodInvocationHelper.invokeHookable(MethodInvocationHelper.java:274)\n\tat org.testng.internal.invokers.TestInvoker.invokeMethod(TestInvoker.java:679)\n\tat org.testng.internal.invokers.TestInvoker.invokeTestMethod(TestInvoker.java:230)\n\tat org.testng.internal.invokers.MethodRunner.runInSequence(MethodRunner.java:63)\n\tat org.testng.internal.invokers.TestInvoker$MethodInvocationAgent.invoke(TestInvoker.java:995)\n\tat org.testng.internal.invokers.TestInvoker.invokeTestMethods(TestInvoker.java:203)\n\tat org.testng.internal.invokers.TestMethodWorker.invokeTestMethods(TestMethodWorker.java:154)\n\tat org.testng.internal.invokers.TestMethodWorker.run(TestMethodWorker.java:134)\n\tat java.base/java.util.ArrayList.forEach(ArrayList.java:1511)\n\tat org.testng.TestRunner.privateRun(TestRunner.java:741)\n\tat org.testng.TestRunner.run(TestRunner.java:616)\n\tat org.testng.SuiteRunner.runTest(SuiteRunner.java:421)\n\tat org.testng.SuiteRunner$SuiteWorker.run(SuiteRunner.java:463)\n\tat org.testng.internal.thread.ThreadUtil.lambda$execute$0(ThreadUtil.java:64)\n\tat java.base/java.util.concurrent.FutureTask.run(FutureTask.java:264)\n\tat java.base/java.util.concurrent.ThreadPoolExecutor.runWorker(ThreadPoolExecutor.java:1136)\n\tat java.base/java.util.concurrent.ThreadPoolExecutor$Worker.run(ThreadPoolExecutor.java:635)\n\tat java.base/java.lang.Thread.run(Thread.java:840)\n","steps":[],"attachments":[],"parameters":[],"shouldDisplayMessage":true,"stepsCount":0,"attachmentsCount":0,"hasContent":true,"attachmentStep":false}],"attachments":[{"uid":"7dad3ed2d9b4524c","name":"Screenshot | [28-03-2025]","source":"7dad3ed2d9b4524c.jpg","type":"image/jpg","size":501068}],"parameters":[],"shouldDisplayMessage":false,"stepsCount":57,"attachmentsCount":1,"hasContent":true,"attachmentStep":false},"afterStages":[{"name":"Base After Test Method","time":{"start":1743142538772,"stop":1743142541392,"duration":2620},"description":"Base After Test Method","status":"passed","steps":[],"attachments":[],"parameters":[],"shouldDisplayMessage":false,"stepsCount":0,"attachmentsCount":0,"hasContent":false,"attachmentStep":false},{"name":"springTestContextAfterTestMethod","time":{"start":1743142541392,"stop":1743142541393,"duration":1},"description":"","status":"passed","steps":[],"attachments":[],"parameters":[],"shouldDisplayMessage":false,"stepsCount":0,"attachmentsCount":0,"hasContent":false,"attachmentStep":false},{"name":"Base After Class","time":{"start":1743142541393,"stop":1743142541393,"duration":0},"description":"Base After Class","status":"passed","steps":[],"attachments":[],"parameters":[],"shouldDisplayMessage":false,"stepsCount":0,"attachmentsCount":0,"hasContent":false,"attachmentStep":false},{"name":"springTestContextAfterTestClass","time":{"start":1743142541393,"stop":1743142541393,"duration":0},"description":"","status":"passed","steps":[],"attachments":[],"parameters":[],"shouldDisplayMessage":false,"stepsCount":0,"attachmentsCount":0,"hasContent":false,"attachmentStep":false},{"name":"Base After Test","time":{"start":1743142541394,"stop":1743142541394,"duration":0},"description":"Base After Test","status":"passed","steps":[],"attachments":[],"parameters":[],"shouldDisplayMessage":false,"stepsCount":0,"attachmentsCount":0,"hasContent":false,"attachmentStep":false}],"labels":[{"name":"package","value":"testcases.OnboardingRewardsTest"},{"name":"testClass","value":"testcases.OnboardingRewardsTest"},{"name":"testMethod","value":"userRedeemingACoupon"},{"name":"parentSuite","value":"GMAP NA Mobile Test Automation - [IOS PARALLEL XML SUITE]"},{"name":"suite","value":"GMAP NA Tests | Onboarding Rewards"},{"name":"subSuite","value":"testcases.OnboardingRewardsTest"},{"name":"host","value":"fv-az812-204"},{"name":"thread","value":"1946@fv-az812-204.TestNG-tests-4(25)"},{"name":"framework","value":"testng"},{"name":"language","value":"java"},{"name":"feature","value":"[GMAP - ContentStack][NA] Coupon Parity with FullCircle"},{"name":"story","value":"[GMAP][NA] As a user, I click on the CTA use to see the coupon barcode and click confirm"},{"name":"tag","value":"CouponRedeem"},{"name":"owner","value":"Toshika Gupta - [toshika.gupta@circlekeurope.com]"},{"name":"epic","value":"[GMAP][NA] ONBOARDING REWARDS"},{"name":"severity","value":"normal"},{"name":"resultFormat","value":"allure2"}],"parameters":[{"name":"deviceConfig","value":"iPhone14Pro"}],"links":[{"name":"N/A","url":"https://circlek.atlassian.net/browse/N/A","type":"issue"},{"name":"NGRPRG-26723","url":"https://circlek.atlassian.net/browse/NGRPRG-26723","type":"tms"}],"hidden":false,"retry":false,"extra":{"severity":"normal","owner":"Toshika Gupta - [toshika.gupta@circlekeurope.com]","retries":[],"categories":[{"name":"Test defects","matchedStatuses":[],"flaky":false}],"history":{"statistic":{"failed":0,"broken":22,"skipped":2,"passed":14,"unknown":0,"total":38},"items":[{"uid":"17dba27ccf1c2a50","reportUrl":"https://circlek-global.github.io/gmbat-tests-eu-mobile-automation/1555//#testresult/17dba27ccf1c2a50","status":"broken","statusDetails":"Element [AppiumBy.accessibilityId: deal-bucket-deal-blt30c5134cce6f92c4] wasn't visible after [15] seconds!\nException: org.openqa.selenium.TimeoutException: Expected condition failed: Element [AppiumBy.accessibilityId: deal-bucket-deal-blt30c5134cce6f92c4] wasn't visible after [15] seconds! (tried for 15 second(s) with 250 milliseconds interval)\nFor documentation on this error, please visit: https://www.selenium.dev/documentation/webdriver/troubleshooting/errors#no-such-element-exception\nBuild info: version: '4.19.0', revision: '5f9cec8963'\nSystem info: os.name: 'Linux', os.arch: 'amd64', os.version: '6.8.0-1021-azure', java.version: '17.0.14'\nDriver info: driver.version: unknown","time":{"start":1743055790314,"stop":1743056076422,"duration":286108}},{"uid":"e4d0c75f7b30af66","reportUrl":"https://circlek-global.github.io/gmbat-tests-eu-mobile-automation/1539//#testresult/e4d0c75f7b30af66","status":"broken","statusDetails":"Element [AppiumBy.accessibilityId: deal-bucket-deal-blt30c5134cce6f92c4] wasn't visible after [15] seconds!\nException: org.openqa.selenium.TimeoutException: Expected condition failed: Element [AppiumBy.accessibilityId: deal-bucket-deal-blt30c5134cce6f92c4] wasn't visible after [15] seconds! (tried for 15 second(s) with 250 milliseconds interval)\nFor documentation on this error, please visit: https://www.selenium.dev/documentation/webdriver/troubleshooting/errors#no-such-element-exception\nBuild info: version: '4.19.0', revision: '5f9cec8963'\nSystem info: os.name: 'Linux', os.arch: 'amd64', os.version: '6.8.0-1021-azure', java.version: '17.0.14'\nDriver info: driver.version: unknown","time":{"start":1742969567147,"stop":1742969868326,"duration":301179}},{"uid":"2283a61748fa8466","reportUrl":"https://circlek-global.github.io/gmbat-tests-eu-mobile-automation/1519//#testresult/2283a61748fa8466","status":"broken","statusDetails":"Element [AppiumBy.accessibilityId: choose-data-preferences-screen] wasn't visible after [15] seconds!\nException: org.openqa.selenium.TimeoutException: Expected condition failed: Element [AppiumBy.accessibilityId: choose-data-preferences-screen] wasn't visible after [15] seconds! (tried for 15 second(s) with 250 milliseconds interval)\nFor documentation on this error, please visit: https://www.selenium.dev/documentation/webdriver/troubleshooting/errors#no-such-element-exception\nBuild info: version: '4.19.0', revision: '5f9cec8963'\nSystem info: os.name: 'Linux', os.arch: 'amd64', os.version: '6.8.0-1021-azure', java.version: '17.0.14'\nDriver info: driver.version: unknown","time":{"start":1742881515125,"stop":1742881552562,"duration":37437}},{"uid":"c1ffaf40153d8c64","reportUrl":"https://circlek-global.github.io/gmbat-tests-eu-mobile-automation/1506//#testresult/c1ffaf40153d8c64","status":"broken","statusDetails":"Element [AppiumBy.accessibilityId: deal-bucket-deal-blt30c5134cce6f92c4] wasn't visible after [15] seconds!\nException: org.openqa.selenium.TimeoutException: Expected condition failed: Element [AppiumBy.accessibilityId: deal-bucket-deal-blt30c5134cce6f92c4] wasn't visible after [15] seconds! (tried for 15 second(s) with 250 milliseconds interval)\nFor documentation on this error, please visit: https://www.selenium.dev/documentation/webdriver/troubleshooting/errors#no-such-element-exception\nBuild info: version: '4.19.0', revision: '5f9cec8963'\nSystem info: os.name: 'Linux', os.arch: 'amd64', os.version: '6.8.0-1021-azure', java.version: '17.0.14'\nDriver info: driver.version: unknown","time":{"start":1742796786297,"stop":1742797093437,"duration":307140}},{"uid":"34c1997d389b23f8","reportUrl":"https://circlek-global.github.io/gmbat-tests-eu-mobile-automation/1492//#testresult/34c1997d389b23f8","status":"broken","statusDetails":"Element [AppiumBy.accessibilityId: deal-bucket-deal-blt30c5134cce6f92c4] wasn't visible after [15] seconds!\nException: org.openqa.selenium.TimeoutException: Expected condition failed: Element [AppiumBy.accessibilityId: deal-bucket-deal-blt30c5134cce6f92c4] wasn't visible after [15] seconds! (tried for 15 second(s) with 250 milliseconds interval)\nFor documentation on this error, please visit: https://www.selenium.dev/documentation/webdriver/troubleshooting/errors#no-such-element-exception\nBuild info: version: '4.19.0', revision: '5f9cec8963'\nSystem info: os.name: 'Linux', os.arch: 'amd64', os.version: '6.8.0-1021-azure', java.version: '17.0.14'\nDriver info: driver.version: unknown","time":{"start":1742537522545,"stop":1742537817367,"duration":294822}},{"uid":"fe460de565f30f4f","reportUrl":"https://circlek-global.github.io/gmbat-tests-eu-mobile-automation/1482//#testresult/fe460de565f30f4f","status":"broken","statusDetails":"Element [AppiumBy.accessibilityId: deal-bucket-deal-blt30c5134cce6f92c4] wasn't visible after [15] seconds!\nException: org.openqa.selenium.TimeoutException: Expected condition failed: Element [AppiumBy.accessibilityId: deal-bucket-deal-blt30c5134cce6f92c4] wasn't visible after [15] seconds! (tried for 15 second(s) with 250 milliseconds interval)\nFor documentation on this error, please visit: https://www.selenium.dev/documentation/webdriver/troubleshooting/errors#no-such-element-exception\nBuild info: version: '4.19.0', revision: '5f9cec8963'\nSystem info: os.name: 'Linux', os.arch: 'amd64', os.version: '6.8.0-1021-azure', java.version: '17.0.14'\nDriver info: driver.version: unknown","time":{"start":1742468800669,"stop":1742469077367,"duration":276698}},{"uid":"6e4d5fa7f304ee83","reportUrl":"https://circlek-global.github.io/gmbat-tests-eu-mobile-automation/1478//#testresult/6e4d5fa7f304ee83","status":"broken","statusDetails":"Element [AppiumBy.accessibilityId: deal-bucket-deal-blt30c5134cce6f92c4] wasn't visible after [15] seconds!\nException: org.openqa.selenium.TimeoutException: Expected condition failed: Element [AppiumBy.accessibilityId: deal-bucket-deal-blt30c5134cce6f92c4] wasn't visible after [15] seconds! (tried for 15 second(s) with 250 milliseconds interval)\nFor documentation on this error, please visit: https://www.selenium.dev/documentation/webdriver/troubleshooting/errors#no-such-element-exception\nBuild info: version: '4.19.0', revision: '5f9cec8963'\nSystem info: os.name: 'Linux', os.arch: 'amd64', os.version: '6.8.0-1021-azure', java.version: '17.0.14'\nDriver info: driver.version: unknown","time":{"start":1742451070568,"stop":1742451367092,"duration":296524}},{"uid":"d07d2af6f20847e","reportUrl":"https://circlek-global.github.io/gmbat-tests-eu-mobile-automation/1467//#testresult/d07d2af6f20847e","status":"broken","statusDetails":"Element [AppiumBy.accessibilityId: deal-bucket-deal-blt30c5134cce6f92c4] wasn't visible after [15] seconds!\nException: org.openqa.selenium.TimeoutException: Expected condition failed: Element [AppiumBy.accessibilityId: deal-bucket-deal-blt30c5134cce6f92c4] wasn't visible after [15] seconds! (tried for 15 second(s) with 250 milliseconds interval)\nFor documentation on this error, please visit: https://www.selenium.dev/documentation/webdriver/troubleshooting/errors#no-such-element-exception\nBuild info: version: '4.19.0', revision: '5f9cec8963'\nSystem info: os.name: 'Linux', os.arch: 'amd64', os.version: '6.8.0-1021-azure', java.version: '17.0.14'\nDriver info: driver.version: unknown","time":{"start":1742379904599,"stop":1742380196290,"duration":291691}},{"uid":"718d33d474a44438","reportUrl":"https://circlek-global.github.io/gmbat-tests-eu-mobile-automation/1463//#testresult/718d33d474a44438","status":"broken","statusDetails":"Element [AppiumBy.accessibilityId: deal-bucket-deal-blt30c5134cce6f92c4] wasn't visible after [15] seconds!\nException: org.openqa.selenium.TimeoutException: Expected condition failed: Element [AppiumBy.accessibilityId: deal-bucket-deal-blt30c5134cce6f92c4] wasn't visible after [15] seconds! (tried for 15 second(s) with 250 milliseconds interval)\nFor documentation on this error, please visit: https://www.selenium.dev/documentation/webdriver/troubleshooting/errors#no-such-element-exception\nBuild info: version: '4.19.0', revision: '5f9cec8963'\nSystem info: os.name: 'Linux', os.arch: 'amd64', os.version: '6.8.0-1021-azure', java.version: '17.0.14'\nDriver info: driver.version: unknown","time":{"start":1742364466691,"stop":1742364741160,"duration":274469}},{"uid":"37eb6324cedf4585","reportUrl":"https://circlek-global.github.io/gmbat-tests-eu-mobile-automation/1451//#testresult/37eb6324cedf4585","status":"broken","statusDetails":"Element [AppiumBy.accessibilityId: deal-bucket-deal-blt30c5134cce6f92c4] wasn't visible after [15] seconds!\nException: org.openqa.selenium.TimeoutException: Expected condition failed: Element [AppiumBy.accessibilityId: deal-bucket-deal-blt30c5134cce6f92c4] wasn't visible after [15] seconds! (tried for 15 second(s) with 250 milliseconds interval)\nFor documentation on this error, please visit: https://www.selenium.dev/documentation/webdriver/troubleshooting/errors#no-such-element-exception\nBuild info: version: '4.19.0', revision: '5f9cec8963'\nSystem info: os.name: 'Linux', os.arch: 'amd64', os.version: '6.8.0-1021-azure', java.version: '17.0.14'\nDriver info: driver.version: unknown","time":{"start":1742278113275,"stop":1742278376522,"duration":263247}},{"uid":"73bb275b1b6d5a44","reportUrl":"https://circlek-global.github.io/gmbat-tests-eu-mobile-automation/1435//#testresult/73bb275b1b6d5a44","status":"broken","statusDetails":"Element [AppiumBy.accessibilityId: deal-bucket-deal-blt30c5134cce6f92c4] wasn't visible after [15] seconds!\nException: org.openqa.selenium.TimeoutException: Expected condition failed: Element [AppiumBy.accessibilityId: deal-bucket-deal-blt30c5134cce6f92c4] wasn't visible after [15] seconds! (tried for 15 second(s) with 250 milliseconds interval)\nFor documentation on this error, please visit: https://www.selenium.dev/documentation/webdriver/troubleshooting/errors#no-such-element-exception\nBuild info: version: '4.19.0', revision: '5f9cec8963'\nSystem info: os.name: 'Linux', os.arch: 'amd64', os.version: '6.8.0-1021-azure', java.version: '17.0.14'\nDriver info: driver.version: unknown","time":{"start":1742191904080,"stop":1742192170513,"duration":266433}},{"uid":"15a0de4d5bbed695","reportUrl":"https://circlek-global.github.io/gmbat-tests-eu-mobile-automation/1419//#testresult/15a0de4d5bbed695","status":"passed","time":{"start":1741932756003,"stop":1741933035882,"duration":279879}},{"uid":"b895165b9d0253a","reportUrl":"https://circlek-global.github.io/gmbat-tests-eu-mobile-automation/1404//#testresult/b895165b9d0253a","status":"passed","time":{"start":1741846412158,"stop":1741846708097,"duration":295939}},{"uid":"5e599ee1886183e4","reportUrl":"https://circlek-global.github.io/gmbat-tests-eu-mobile-automation/1382//#testresult/5e599ee1886183e4","status":"broken","statusDetails":"Element [By.xpath: //XCUIElementTypeStaticText[@name=\"Are you sure you want to select this store?\"]] wasn't visible after [15] seconds!\nException: org.openqa.selenium.TimeoutException: Expected condition failed: Element [By.xpath: //XCUIElementTypeStaticText[@name=\"Are you sure you want to select this store?\"]] wasn't visible after [15] seconds! (tried for 15 second(s) with 250 milliseconds interval)\nFor documentation on this error, please visit: https://www.selenium.dev/documentation/webdriver/troubleshooting/errors#no-such-element-exception\nBuild info: version: '4.19.0', revision: '5f9cec8963'\nSystem info: os.name: 'Linux', os.arch: 'amd64', os.version: '6.8.0-1021-azure', java.version: '17.0.14'\nDriver info: driver.version: unknown","time":{"start":1741759335165,"stop":1741759511853,"duration":176688}},{"uid":"b831258a45d1c5b0","reportUrl":"https://circlek-global.github.io/gmbat-tests-eu-mobile-automation/1367//#testresult/b831258a45d1c5b0","status":"passed","time":{"start":1741673295538,"stop":1741673582286,"duration":286748}},{"uid":"3c8278c828d22628","reportUrl":"https://circlek-global.github.io/gmbat-tests-eu-mobile-automation/1353//#testresult/3c8278c828d22628","status":"passed","time":{"start":1741586965643,"stop":1741587268118,"duration":302475}},{"uid":"a5b2838e69387cd6","reportUrl":"https://circlek-global.github.io/gmbat-tests-eu-mobile-automation/1334//#testresult/a5b2838e69387cd6","status":"broken","statusDetails":"Element [AppiumBy.accessibilityId: deal-details-screen] wasn't visible after [15] seconds!\nException: org.openqa.selenium.TimeoutException: Expected condition failed: Element [AppiumBy.accessibilityId: deal-details-screen] wasn't visible after [15] seconds! (tried for 15 second(s) with 250 milliseconds interval)\nFor documentation on this error, please visit: https://www.selenium.dev/documentation/webdriver/troubleshooting/errors#no-such-element-exception\nBuild info: version: '4.19.0', revision: '5f9cec8963'\nSystem info: os.name: 'Linux', os.arch: 'amd64', os.version: '6.8.0-1021-azure', java.version: '17.0.14'\nDriver info: driver.version: unknown","time":{"start":1741327662639,"stop":1741327948841,"duration":286202}},{"uid":"1023f8e185e3e7e6","reportUrl":"https://circlek-global.github.io/gmbat-tests-eu-mobile-automation/1316//#testresult/1023f8e185e3e7e6","status":"broken","statusDetails":"Element [AppiumBy.accessibilityId: deal-details-screen] wasn't visible after [15] seconds!\nException: org.openqa.selenium.TimeoutException: Expected condition failed: Element [AppiumBy.accessibilityId: deal-details-screen] wasn't visible after [15] seconds! (tried for 15 second(s) with 250 milliseconds interval)\nFor documentation on this error, please visit: https://www.selenium.dev/documentation/webdriver/troubleshooting/errors#no-such-element-exception\nBuild info: version: '4.19.0', revision: '5f9cec8963'\nSystem info: os.name: 'Linux', os.arch: 'amd64', os.version: '6.8.0-1021-azure', java.version: '17.0.14'\nDriver info: driver.version: unknown","time":{"start":1741241323800,"stop":1741241604681,"duration":280881}},{"uid":"e153329b0ace8d90","reportUrl":"https://circlek-global.github.io/gmbat-tests-eu-mobile-automation/1295//#testresult/e153329b0ace8d90","status":"passed","time":{"start":1741154895682,"stop":1741155176302,"duration":280620}},{"uid":"32940d810b1c83b3","reportUrl":"https://circlek-global.github.io/gmbat-tests-eu-mobile-automation/1277//#testresult/32940d810b1c83b3","status":"passed","time":{"start":1741068584545,"stop":1741068857428,"duration":272883}}]},"tags":["CouponRedeem"]},"source":"526950c7606714a0.json","parameterValues":["iPhone14Pro"]}