{"uid":"bb417450f872e074","name":"User attempts to add an valid code","fullName":"testcases.PartnershipCodesTests.userAttemptsToAddAnValidCode","historyId":"23098bfe8167dea4461009042d869454","time":{"start":1743142079889,"stop":1743142104753,"duration":24864},"description":"User attempts to add an valid code","descriptionHtml":"<p>User attempts to add an valid code</p>\n","status":"broken","statusMessage":"Index 0 out of bounds for length 0","statusTrace":"java.lang.IndexOutOfBoundsException: Index 0 out of bounds for length 0\n\tat java.base/jdk.internal.util.Preconditions.outOfBounds(Preconditions.java:64)\n\tat java.base/jdk.internal.util.Preconditions.outOfBoundsCheckIndex(Preconditions.java:70)\n\tat java.base/jdk.internal.util.Preconditions.checkIndex(Preconditions.java:266)\n\tat java.base/java.util.Objects.checkIndex(Objects.java:361)\n\tat java.base/java.util.ArrayList.get(ArrayList.java:427)\n\tat java.base/jdk.internal.reflect.GeneratedMethodAccessor311.invoke(Unknown Source)\n\tat java.base/jdk.internal.reflect.DelegatingMethodAccessorImpl.invoke(DelegatingMethodAccessorImpl.java:43)\n\tat java.base/java.lang.reflect.Method.invoke(Method.java:569)\n\tat io.appium.java_client.pagefactory.ElementListInterceptor.getObject(ElementListInterceptor.java:40)\n\tat io.appium.java_client.pagefactory.interceptors.InterceptorOfAListOfElements.call(InterceptorOfAListOfElements.java:47)\n\tat io.appium.java_client.proxy.Interceptor.intercept(Interceptor.java:78)\n\tat net.bytebuddy.renamed.java.util.ArrayList$ByteBuddy$D7xTlA99.get(Unknown Source)\n\tat com.gmap.core.pages_common.stores.SearchResultsPage.clickOnTheFirstSearchResultsFromList(SearchResultsPage.java:126)\n\tat steps.CommonSteps.searchAndSetStation(CommonSteps.java:62)\n\tat testcases.PartnershipCodesTests.userAttemptsToAddAnValidCode(PartnershipCodesTests.java:167)\n\tat java.base/jdk.internal.reflect.NativeMethodAccessorImpl.invoke0(Native Method)\n\tat java.base/jdk.internal.reflect.NativeMethodAccessorImpl.invoke(NativeMethodAccessorImpl.java:77)\n\tat java.base/jdk.internal.reflect.DelegatingMethodAccessorImpl.invoke(DelegatingMethodAccessorImpl.java:43)\n\tat java.base/java.lang.reflect.Method.invoke(Method.java:569)\n\tat org.testng.internal.invokers.MethodInvocationHelper.invokeMethod(MethodInvocationHelper.java:141)\n\tat org.testng.internal.invokers.MethodInvocationHelper$1.runTestMethod(MethodInvocationHelper.java:260)\n\tat org.springframework.test.context.testng.AbstractTestNGSpringContextTests.run(AbstractTestNGSpringContextTests.java:154)\n\tat org.testng.internal.invokers.MethodInvocationHelper.invokeHookable(MethodInvocationHelper.java:274)\n\tat org.testng.internal.invokers.TestInvoker.invokeMethod(TestInvoker.java:679)\n\tat org.testng.internal.invokers.TestInvoker.invokeTestMethod(TestInvoker.java:230)\n\tat org.testng.internal.invokers.MethodRunner.runInSequence(MethodRunner.java:63)\n\tat org.testng.internal.invokers.TestInvoker$MethodInvocationAgent.invoke(TestInvoker.java:995)\n\tat org.testng.internal.invokers.TestInvoker.invokeTestMethods(TestInvoker.java:203)\n\tat org.testng.internal.invokers.TestMethodWorker.invokeTestMethods(TestMethodWorker.java:154)\n\tat org.testng.internal.invokers.TestMethodWorker.run(TestMethodWorker.java:134)\n\tat java.base/java.util.ArrayList.forEach(ArrayList.java:1511)\n\tat org.testng.TestRunner.privateRun(TestRunner.java:741)\n\tat org.testng.TestRunner.run(TestRunner.java:616)\n\tat org.testng.SuiteRunner.runTest(SuiteRunner.java:421)\n\tat org.testng.SuiteRunner$SuiteWorker.run(SuiteRunner.java:463)\n\tat org.testng.internal.thread.ThreadUtil.lambda$execute$0(ThreadUtil.java:64)\n\tat java.base/java.util.concurrent.FutureTask.run(FutureTask.java:264)\n\tat java.base/java.util.concurrent.ThreadPoolExecutor.runWorker(ThreadPoolExecutor.java:1136)\n\tat java.base/java.util.concurrent.ThreadPoolExecutor$Worker.run(ThreadPoolExecutor.java:635)\n\tat java.base/java.lang.Thread.run(Thread.java:840)\n","flaky":false,"newFailed":false,"newBroken":true,"newPassed":false,"retriesCount":0,"retriesStatusChange":false,"beforeStages":[{"name":"Base Before Test","time":{"start":1743141860129,"stop":1743141860129,"duration":0},"description":"Base Before Test","status":"passed","steps":[],"attachments":[],"parameters":[],"shouldDisplayMessage":false,"stepsCount":0,"attachmentsCount":0,"hasContent":false,"attachmentStep":false},{"name":"springTestContextBeforeTestClass","time":{"start":1743141860131,"stop":1743141860131,"duration":0},"description":"","status":"passed","steps":[],"attachments":[],"parameters":[],"shouldDisplayMessage":false,"stepsCount":0,"attachmentsCount":0,"hasContent":false,"attachmentStep":false},{"name":"springTestContextPrepareTestInstance","time":{"start":1743141860132,"stop":1743141860135,"duration":3},"description":"","status":"passed","steps":[],"attachments":[],"parameters":[],"shouldDisplayMessage":false,"stepsCount":0,"attachmentsCount":0,"hasContent":false,"attachmentStep":false},{"name":"Base Before Class","time":{"start":1743141860135,"stop":1743141860937,"duration":802},"description":"Base Before Class","status":"passed","steps":[],"attachments":[],"parameters":[],"shouldDisplayMessage":false,"stepsCount":0,"attachmentsCount":0,"hasContent":false,"attachmentStep":false},{"name":"springTestContextBeforeTestMethod","time":{"start":1743142068820,"stop":1743142068820,"duration":0},"description":"","status":"passed","steps":[],"attachments":[],"parameters":[],"shouldDisplayMessage":false,"stepsCount":0,"attachmentsCount":0,"hasContent":false,"attachmentStep":false},{"name":"Base Before Test Method","time":{"start":1743142068821,"stop":1743142079221,"duration":10400},"description":"Base Before Test Method","status":"passed","steps":[],"attachments":[],"parameters":[],"shouldDisplayMessage":false,"stepsCount":0,"attachmentsCount":0,"hasContent":false,"attachmentStep":false},{"name":"initTestConfig","time":{"start":1743142079222,"stop":1743142079224,"duration":2},"description":"","status":"passed","steps":[],"attachments":[],"parameters":[],"shouldDisplayMessage":false,"stepsCount":0,"attachmentsCount":0,"hasContent":false,"attachmentStep":false}],"testStage":{"description":"User attempts to add an valid code","status":"broken","statusMessage":"Index 0 out of bounds for length 0","statusTrace":"java.lang.IndexOutOfBoundsException: Index 0 out of bounds for length 0\n\tat java.base/jdk.internal.util.Preconditions.outOfBounds(Preconditions.java:64)\n\tat java.base/jdk.internal.util.Preconditions.outOfBoundsCheckIndex(Preconditions.java:70)\n\tat java.base/jdk.internal.util.Preconditions.checkIndex(Preconditions.java:266)\n\tat java.base/java.util.Objects.checkIndex(Objects.java:361)\n\tat java.base/java.util.ArrayList.get(ArrayList.java:427)\n\tat java.base/jdk.internal.reflect.GeneratedMethodAccessor311.invoke(Unknown Source)\n\tat java.base/jdk.internal.reflect.DelegatingMethodAccessorImpl.invoke(DelegatingMethodAccessorImpl.java:43)\n\tat java.base/java.lang.reflect.Method.invoke(Method.java:569)\n\tat io.appium.java_client.pagefactory.ElementListInterceptor.getObject(ElementListInterceptor.java:40)\n\tat io.appium.java_client.pagefactory.interceptors.InterceptorOfAListOfElements.call(InterceptorOfAListOfElements.java:47)\n\tat io.appium.java_client.proxy.Interceptor.intercept(Interceptor.java:78)\n\tat net.bytebuddy.renamed.java.util.ArrayList$ByteBuddy$D7xTlA99.get(Unknown Source)\n\tat com.gmap.core.pages_common.stores.SearchResultsPage.clickOnTheFirstSearchResultsFromList(SearchResultsPage.java:126)\n\tat steps.CommonSteps.searchAndSetStation(CommonSteps.java:62)\n\tat testcases.PartnershipCodesTests.userAttemptsToAddAnValidCode(PartnershipCodesTests.java:167)\n\tat java.base/jdk.internal.reflect.NativeMethodAccessorImpl.invoke0(Native Method)\n\tat java.base/jdk.internal.reflect.NativeMethodAccessorImpl.invoke(NativeMethodAccessorImpl.java:77)\n\tat java.base/jdk.internal.reflect.DelegatingMethodAccessorImpl.invoke(DelegatingMethodAccessorImpl.java:43)\n\tat java.base/java.lang.reflect.Method.invoke(Method.java:569)\n\tat org.testng.internal.invokers.MethodInvocationHelper.invokeMethod(MethodInvocationHelper.java:141)\n\tat org.testng.internal.invokers.MethodInvocationHelper$1.runTestMethod(MethodInvocationHelper.java:260)\n\tat org.springframework.test.context.testng.AbstractTestNGSpringContextTests.run(AbstractTestNGSpringContextTests.java:154)\n\tat org.testng.internal.invokers.MethodInvocationHelper.invokeHookable(MethodInvocationHelper.java:274)\n\tat org.testng.internal.invokers.TestInvoker.invokeMethod(TestInvoker.java:679)\n\tat org.testng.internal.invokers.TestInvoker.invokeTestMethod(TestInvoker.java:230)\n\tat org.testng.internal.invokers.MethodRunner.runInSequence(MethodRunner.java:63)\n\tat org.testng.internal.invokers.TestInvoker$MethodInvocationAgent.invoke(TestInvoker.java:995)\n\tat org.testng.internal.invokers.TestInvoker.invokeTestMethods(TestInvoker.java:203)\n\tat org.testng.internal.invokers.TestMethodWorker.invokeTestMethods(TestMethodWorker.java:154)\n\tat org.testng.internal.invokers.TestMethodWorker.run(TestMethodWorker.java:134)\n\tat java.base/java.util.ArrayList.forEach(ArrayList.java:1511)\n\tat org.testng.TestRunner.privateRun(TestRunner.java:741)\n\tat org.testng.TestRunner.run(TestRunner.java:616)\n\tat org.testng.SuiteRunner.runTest(SuiteRunner.java:421)\n\tat org.testng.SuiteRunner$SuiteWorker.run(SuiteRunner.java:463)\n\tat org.testng.internal.thread.ThreadUtil.lambda$execute$0(ThreadUtil.java:64)\n\tat java.base/java.util.concurrent.FutureTask.run(FutureTask.java:264)\n\tat java.base/java.util.concurrent.ThreadPoolExecutor.runWorker(ThreadPoolExecutor.java:1136)\n\tat java.base/java.util.concurrent.ThreadPoolExecutor$Worker.run(ThreadPoolExecutor.java:635)\n\tat java.base/java.lang.Thread.run(Thread.java:840)\n","steps":[{"name":"I check that the \"Home Screen\" is displayed","time":{"start":1743142079889,"stop":1743142080717,"duration":828},"status":"passed","steps":[],"attachments":[],"parameters":[],"shouldDisplayMessage":false,"stepsCount":0,"attachmentsCount":0,"hasContent":false,"attachmentStep":false},{"name":"I click on \"CHANGE STORE\" button","time":{"start":1743142080717,"stop":1743142083304,"duration":2587},"status":"passed","steps":[],"attachments":[],"parameters":[],"shouldDisplayMessage":false,"stepsCount":0,"attachmentsCount":0,"hasContent":false,"attachmentStep":false},{"name":"I check that the \"Want to change store?\" pane is displayed","time":{"start":1743142083304,"stop":1743142084534,"duration":1230},"status":"passed","steps":[],"attachments":[],"parameters":[],"shouldDisplayMessage":false,"stepsCount":0,"attachmentsCount":0,"hasContent":false,"attachmentStep":false},{"name":"I click on \"SELECT STORE MANUALLY\" button","time":{"start":1743142084534,"stop":1743142087341,"duration":2807},"status":"passed","steps":[],"attachments":[],"parameters":[],"shouldDisplayMessage":false,"stepsCount":0,"attachmentsCount":0,"hasContent":false,"attachmentStep":false},{"name":"I check that the \"Stores Screen\" is displayed","time":{"start":1743142087341,"stop":1743142088160,"duration":819},"status":"passed","steps":[],"attachments":[],"parameters":[],"shouldDisplayMessage":false,"stepsCount":0,"attachmentsCount":0,"hasContent":false,"attachmentStep":false},{"name":"I click on \"VIEW LIST/MAP\" button","time":{"start":1743142088160,"stop":1743142090985,"duration":2825},"status":"passed","steps":[],"attachments":[],"parameters":[],"shouldDisplayMessage":false,"stepsCount":0,"attachmentsCount":0,"hasContent":false,"attachmentStep":false},{"name":"I click on \"SEARCH BAR\" input","time":{"start":1743142090985,"stop":1743142094487,"duration":3502},"status":"passed","steps":[],"attachments":[],"parameters":[],"shouldDisplayMessage":false,"stepsCount":0,"attachmentsCount":0,"hasContent":false,"attachmentStep":false},{"name":"I enter the \"Illinois, USA\" in the \"SEARCH BAR\" input","time":{"start":1743142094487,"stop":1743142100238,"duration":5751},"status":"passed","steps":[],"attachments":[],"parameters":[{"name":"Term to search:","value":"Illinois, USA"}],"shouldDisplayMessage":false,"stepsCount":0,"attachmentsCount":0,"hasContent":true,"attachmentStep":false},{"name":"I check that the \"Search Results Screen\" is displayed","time":{"start":1743142100238,"stop":1743142101155,"duration":917},"status":"passed","steps":[],"attachments":[],"parameters":[],"shouldDisplayMessage":false,"stepsCount":0,"attachmentsCount":0,"hasContent":false,"attachmentStep":false},{"name":"I click the first text from the \"Search result\" list","time":{"start":1743142101156,"stop":1743142103247,"duration":2091},"status":"broken","statusMessage":"Index 0 out of bounds for length 0","statusTrace":"java.lang.IndexOutOfBoundsException: Index 0 out of bounds for length 0\n\tat java.base/jdk.internal.util.Preconditions.outOfBounds(Preconditions.java:64)\n\tat java.base/jdk.internal.util.Preconditions.outOfBoundsCheckIndex(Preconditions.java:70)\n\tat java.base/jdk.internal.util.Preconditions.checkIndex(Preconditions.java:266)\n\tat java.base/java.util.Objects.checkIndex(Objects.java:361)\n\tat java.base/java.util.ArrayList.get(ArrayList.java:427)\n\tat java.base/jdk.internal.reflect.GeneratedMethodAccessor311.invoke(Unknown Source)\n\tat java.base/jdk.internal.reflect.DelegatingMethodAccessorImpl.invoke(DelegatingMethodAccessorImpl.java:43)\n\tat java.base/java.lang.reflect.Method.invoke(Method.java:569)\n\tat io.appium.java_client.pagefactory.ElementListInterceptor.getObject(ElementListInterceptor.java:40)\n\tat io.appium.java_client.pagefactory.interceptors.InterceptorOfAListOfElements.call(InterceptorOfAListOfElements.java:47)\n\tat io.appium.java_client.proxy.Interceptor.intercept(Interceptor.java:78)\n\tat net.bytebuddy.renamed.java.util.ArrayList$ByteBuddy$D7xTlA99.get(Unknown Source)\n\tat com.gmap.core.pages_common.stores.SearchResultsPage.clickOnTheFirstSearchResultsFromList(SearchResultsPage.java:126)\n\tat steps.CommonSteps.searchAndSetStation(CommonSteps.java:62)\n\tat testcases.PartnershipCodesTests.userAttemptsToAddAnValidCode(PartnershipCodesTests.java:167)\n\tat java.base/jdk.internal.reflect.NativeMethodAccessorImpl.invoke0(Native Method)\n\tat java.base/jdk.internal.reflect.NativeMethodAccessorImpl.invoke(NativeMethodAccessorImpl.java:77)\n\tat java.base/jdk.internal.reflect.DelegatingMethodAccessorImpl.invoke(DelegatingMethodAccessorImpl.java:43)\n\tat java.base/java.lang.reflect.Method.invoke(Method.java:569)\n\tat org.testng.internal.invokers.MethodInvocationHelper.invokeMethod(MethodInvocationHelper.java:141)\n\tat org.testng.internal.invokers.MethodInvocationHelper$1.runTestMethod(MethodInvocationHelper.java:260)\n\tat org.springframework.test.context.testng.AbstractTestNGSpringContextTests.run(AbstractTestNGSpringContextTests.java:154)\n\tat org.testng.internal.invokers.MethodInvocationHelper.invokeHookable(MethodInvocationHelper.java:274)\n\tat org.testng.internal.invokers.TestInvoker.invokeMethod(TestInvoker.java:679)\n\tat org.testng.internal.invokers.TestInvoker.invokeTestMethod(TestInvoker.java:230)\n\tat org.testng.internal.invokers.MethodRunner.runInSequence(MethodRunner.java:63)\n\tat org.testng.internal.invokers.TestInvoker$MethodInvocationAgent.invoke(TestInvoker.java:995)\n\tat org.testng.internal.invokers.TestInvoker.invokeTestMethods(TestInvoker.java:203)\n\tat org.testng.internal.invokers.TestMethodWorker.invokeTestMethods(TestMethodWorker.java:154)\n\tat org.testng.internal.invokers.TestMethodWorker.run(TestMethodWorker.java:134)\n\tat java.base/java.util.ArrayList.forEach(ArrayList.java:1511)\n\tat org.testng.TestRunner.privateRun(TestRunner.java:741)\n\tat org.testng.TestRunner.run(TestRunner.java:616)\n\tat org.testng.SuiteRunner.runTest(SuiteRunner.java:421)\n\tat org.testng.SuiteRunner$SuiteWorker.run(SuiteRunner.java:463)\n\tat org.testng.internal.thread.ThreadUtil.lambda$execute$0(ThreadUtil.java:64)\n\tat java.base/java.util.concurrent.FutureTask.run(FutureTask.java:264)\n\tat java.base/java.util.concurrent.ThreadPoolExecutor.runWorker(ThreadPoolExecutor.java:1136)\n\tat java.base/java.util.concurrent.ThreadPoolExecutor$Worker.run(ThreadPoolExecutor.java:635)\n\tat java.base/java.lang.Thread.run(Thread.java:840)\n","steps":[],"attachments":[],"parameters":[],"shouldDisplayMessage":true,"stepsCount":0,"attachmentsCount":0,"hasContent":true,"attachmentStep":false}],"attachments":[{"uid":"73919c3ba590fea0","name":"Screenshot | [28-03-2025]","source":"73919c3ba590fea0.jpg","type":"image/jpg","size":240035}],"parameters":[],"shouldDisplayMessage":false,"stepsCount":10,"attachmentsCount":1,"hasContent":true,"attachmentStep":false},"afterStages":[{"name":"Base After Test Method","time":{"start":1743142107001,"stop":1743142107001,"duration":0},"description":"Base After Test Method","status":"passed","steps":[],"attachments":[],"parameters":[],"shouldDisplayMessage":false,"stepsCount":0,"attachmentsCount":0,"hasContent":false,"attachmentStep":false},{"name":"springTestContextAfterTestMethod","time":{"start":1743142107002,"stop":1743142107002,"duration":0},"description":"","status":"passed","steps":[],"attachments":[],"parameters":[],"shouldDisplayMessage":false,"stepsCount":0,"attachmentsCount":0,"hasContent":false,"attachmentStep":false},{"name":"Base After Class","time":{"start":1743142780178,"stop":1743142780178,"duration":0},"description":"Base After Class","status":"passed","steps":[],"attachments":[],"parameters":[],"shouldDisplayMessage":false,"stepsCount":0,"attachmentsCount":0,"hasContent":false,"attachmentStep":false},{"name":"springTestContextAfterTestClass","time":{"start":1743142780178,"stop":1743142780178,"duration":0},"description":"","status":"passed","steps":[],"attachments":[],"parameters":[],"shouldDisplayMessage":false,"stepsCount":0,"attachmentsCount":0,"hasContent":false,"attachmentStep":false},{"name":"Base After Test","time":{"start":1743142780178,"stop":1743142780178,"duration":0},"description":"Base After Test","status":"passed","steps":[],"attachments":[],"parameters":[],"shouldDisplayMessage":false,"stepsCount":0,"attachmentsCount":0,"hasContent":false,"attachmentStep":false}],"labels":[{"name":"package","value":"testcases.PartnershipCodesTests"},{"name":"testClass","value":"testcases.PartnershipCodesTests"},{"name":"testMethod","value":"userAttemptsToAddAnValidCode"},{"name":"parentSuite","value":"GMAP NA Mobile Test Automation - [IOS PARALLEL XML SUITE]"},{"name":"suite","value":"GMAP NA Tests | Partnership Codes"},{"name":"subSuite","value":"testcases.PartnershipCodesTests"},{"name":"host","value":"fv-az812-204"},{"name":"thread","value":"1946@fv-az812-204.TestNG-tests-3(24)"},{"name":"framework","value":"testng"},{"name":"language","value":"java"},{"name":"story","value":"[GMAP][NA] Adding a code - Valid code"},{"name":"tag","value":"PartnershipCodes"},{"name":"owner","value":"Nick Iacurto - [n.iacurto@t-b.ca]"},{"name":"feature","value":"[GMAP][NA] Partnership Codes"},{"name":"epic","value":"[GMAP][NA] PARTNERSHIP CODES"},{"name":"severity","value":"normal"},{"name":"resultFormat","value":"allure2"}],"parameters":[{"name":"deviceConfig","value":"iPhone13ProMax"}],"links":[{"name":"NGRPRG-27443","url":"https://circlek.atlassian.net/browse/NGRPRG-27443","type":"tms"},{"name":"N/A","url":"https://circlek.atlassian.net/browse/N/A","type":"issue"}],"hidden":false,"retry":false,"extra":{"severity":"normal","owner":"Nick Iacurto - [n.iacurto@t-b.ca]","retries":[],"categories":[{"name":"Test defects","matchedStatuses":[],"flaky":false}],"history":{"statistic":{"failed":0,"broken":51,"skipped":0,"passed":42,"unknown":0,"total":93},"items":[{"uid":"364154a750e110b1","reportUrl":"https://circlek-global.github.io/gmbat-tests-eu-mobile-automation/1555//#testresult/364154a750e110b1","status":"passed","time":{"start":1743055916906,"stop":1743056052647,"duration":135741}},{"uid":"3957fa06afefffef","reportUrl":"https://circlek-global.github.io/gmbat-tests-eu-mobile-automation/1539//#testresult/3957fa06afefffef","status":"passed","time":{"start":1742969299959,"stop":1742969474495,"duration":174536}},{"uid":"189bd5b26c46cf92","reportUrl":"https://circlek-global.github.io/gmbat-tests-eu-mobile-automation/1519//#testresult/189bd5b26c46cf92","status":"broken","statusDetails":"Element [AppiumBy.accessibilityId: homepage-screen] wasn't visible after [20] seconds!\nException: org.openqa.selenium.TimeoutException: Expected condition failed: Element [AppiumBy.accessibilityId: homepage-screen] wasn't visible after [20] seconds! (tried for 20 second(s) with 250 milliseconds interval)\nFor documentation on this error, please visit: https://www.selenium.dev/documentation/webdriver/troubleshooting/errors#no-such-element-exception\nBuild info: version: '4.19.0', revision: '5f9cec8963'\nSystem info: os.name: 'Linux', os.arch: 'amd64', os.version: '6.8.0-1021-azure', java.version: '17.0.14'\nDriver info: driver.version: unknown","time":{"start":1742881680980,"stop":1742881705316,"duration":24336}},{"uid":"66f7bac5e1e78eb6","reportUrl":"https://circlek-global.github.io/gmbat-tests-eu-mobile-automation/1506//#testresult/66f7bac5e1e78eb6","status":"passed","time":{"start":1742796287111,"stop":1742796434726,"duration":147615}},{"uid":"224000e4ef25b7d9","reportUrl":"https://circlek-global.github.io/gmbat-tests-eu-mobile-automation/1492//#testresult/224000e4ef25b7d9","status":"passed","time":{"start":1742537429770,"stop":1742537572143,"duration":142373}},{"uid":"30faf135f0fd33fb","reportUrl":"https://circlek-global.github.io/gmbat-tests-eu-mobile-automation/1482//#testresult/30faf135f0fd33fb","status":"passed","time":{"start":1742468781203,"stop":1742468910906,"duration":129703}},{"uid":"48062bf336bc3b2d","reportUrl":"https://circlek-global.github.io/gmbat-tests-eu-mobile-automation/1478//#testresult/48062bf336bc3b2d","status":"passed","time":{"start":1742451029940,"stop":1742451176486,"duration":146546}},{"uid":"33226091feebe4e0","reportUrl":"https://circlek-global.github.io/gmbat-tests-eu-mobile-automation/1467//#testresult/33226091feebe4e0","status":"passed","time":{"start":1742378579833,"stop":1742378722720,"duration":142887}},{"uid":"f6f3d877421948d5","reportUrl":"https://circlek-global.github.io/gmbat-tests-eu-mobile-automation/1463//#testresult/f6f3d877421948d5","status":"passed","time":{"start":1742364522487,"stop":1742364651411,"duration":128924}},{"uid":"3b69a36b7a806ab2","reportUrl":"https://circlek-global.github.io/gmbat-tests-eu-mobile-automation/1451//#testresult/3b69a36b7a806ab2","status":"passed","time":{"start":1742277926924,"stop":1742278060850,"duration":133926}},{"uid":"e1326d9d4a00e762","reportUrl":"https://circlek-global.github.io/gmbat-tests-eu-mobile-automation/1435//#testresult/e1326d9d4a00e762","status":"passed","time":{"start":1742191798016,"stop":1742191928989,"duration":130973}},{"uid":"8393193711d914c7","reportUrl":"https://circlek-global.github.io/gmbat-tests-eu-mobile-automation/1419//#testresult/8393193711d914c7","status":"passed","time":{"start":1741932532190,"stop":1741932666265,"duration":134075}},{"uid":"3df24c5de3011e7d","reportUrl":"https://circlek-global.github.io/gmbat-tests-eu-mobile-automation/1404//#testresult/3df24c5de3011e7d","status":"passed","time":{"start":1741846190664,"stop":1741846338603,"duration":147939}},{"uid":"11ad1add96f8ed85","reportUrl":"https://circlek-global.github.io/gmbat-tests-eu-mobile-automation/1382//#testresult/11ad1add96f8ed85","status":"broken","statusDetails":"Element [By.xpath: //XCUIElementTypeStaticText[@name=\"Are you sure you want to select this store?\"]] wasn't visible after [15] seconds!\nException: org.openqa.selenium.TimeoutException: Expected condition failed: Element [By.xpath: //XCUIElementTypeStaticText[@name=\"Are you sure you want to select this store?\"]] wasn't visible after [15] seconds! (tried for 15 second(s) with 250 milliseconds interval)\nFor documentation on this error, please visit: https://www.selenium.dev/documentation/webdriver/troubleshooting/errors#no-such-element-exception\nBuild info: version: '4.19.0', revision: '5f9cec8963'\nSystem info: os.name: 'Linux', os.arch: 'amd64', os.version: '6.8.0-1021-azure', java.version: '17.0.14'\nDriver info: driver.version: unknown","time":{"start":1741759712404,"stop":1741759777423,"duration":65019}},{"uid":"e2cc79e42c5542ab","reportUrl":"https://circlek-global.github.io/gmbat-tests-eu-mobile-automation/1367//#testresult/e2cc79e42c5542ab","status":"passed","time":{"start":1741673396802,"stop":1741673549638,"duration":152836}},{"uid":"1df874ba2ddd0150","reportUrl":"https://circlek-global.github.io/gmbat-tests-eu-mobile-automation/1353//#testresult/1df874ba2ddd0150","status":"passed","time":{"start":1741586544705,"stop":1741586706474,"duration":161769}},{"uid":"b79ef710dcd91a7c","reportUrl":"https://circlek-global.github.io/gmbat-tests-eu-mobile-automation/1334//#testresult/b79ef710dcd91a7c","status":"passed","time":{"start":1741327644290,"stop":1741327775158,"duration":130868}},{"uid":"e8e4404fd7f8b476","reportUrl":"https://circlek-global.github.io/gmbat-tests-eu-mobile-automation/1316//#testresult/e8e4404fd7f8b476","status":"passed","time":{"start":1741241098905,"stop":1741241228702,"duration":129797}},{"uid":"a7b4a08f59d3a8e5","reportUrl":"https://circlek-global.github.io/gmbat-tests-eu-mobile-automation/1295//#testresult/a7b4a08f59d3a8e5","status":"passed","time":{"start":1741154894231,"stop":1741155031396,"duration":137165}},{"uid":"71459ae24ed65595","reportUrl":"https://circlek-global.github.io/gmbat-tests-eu-mobile-automation/1277//#testresult/71459ae24ed65595","status":"passed","time":{"start":1741068297743,"stop":1741068436155,"duration":138412}}]},"tags":["PartnershipCodes"]},"source":"bb417450f872e074.json","parameterValues":["iPhone13ProMax"]}