{"uid":"ea82ea0bc6bddc35","name":"Fuel Prices Line verification in Home Page Header for Logged In user","fullName":"testcases.HomeTests.fuelPriceVerificationForLoggedInUser","historyId":"f5a4666cf622768948faee769df59bab","time":{"start":1743141150827,"stop":1743141150828,"duration":1},"description":"Fuel Prices Line verification in Home Page Header for Logged in user","descriptionHtml":"<p>Fuel Prices Line verification in Home Page Header for Logged in user</p>\n","status":"broken","statusMessage":"Cannot invoke \"io.appium.java_client.InteractsWithApps.isAppInstalled(String)\"","statusTrace":"java.lang.NullPointerException: Cannot invoke \"io.appium.java_client.InteractsWithApps.isAppInstalled(String)\"\n\tat com.gmap.core.common.handlers.ApplicationHandler.isAppInstalled(ApplicationHandler.java:36)\n\tat listeners.TestListenerNA.onTestStart(TestListenerNA.java:146)\n\tat org.testng.internal.TestListenerHelper.runTestListeners(TestListenerHelper.java:122)\n\tat org.testng.internal.invokers.TestInvoker.runTestResultListener(TestInvoker.java:285)\n\tat org.testng.internal.invokers.TestInvoker.registerSkippedTestResult(TestInvoker.java:849)\n\tat org.testng.internal.invokers.TestInvoker.invokeMethod(TestInvoker.java:615)\n\tat org.testng.internal.invokers.TestInvoker.invokeTestMethod(TestInvoker.java:230)\n\tat org.testng.internal.invokers.MethodRunner.runInSequence(MethodRunner.java:63)\n\tat org.testng.internal.invokers.TestInvoker$MethodInvocationAgent.invoke(TestInvoker.java:995)\n\tat org.testng.internal.invokers.TestInvoker.invokeTestMethods(TestInvoker.java:203)\n\tat org.testng.internal.invokers.TestMethodWorker.invokeTestMethods(TestMethodWorker.java:154)\n\tat org.testng.internal.invokers.TestMethodWorker.run(TestMethodWorker.java:134)\n\tat java.base/java.util.ArrayList.forEach(ArrayList.java:1511)\n\tat org.testng.TestRunner.privateRun(TestRunner.java:741)\n\tat org.testng.TestRunner.run(TestRunner.java:616)\n\tat org.testng.SuiteRunner.runTest(SuiteRunner.java:421)\n\tat org.testng.SuiteRunner$SuiteWorker.run(SuiteRunner.java:463)\n\tat org.testng.internal.thread.ThreadUtil.lambda$execute$0(ThreadUtil.java:64)\n\tat java.base/java.util.concurrent.FutureTask.run(FutureTask.java:264)\n\tat java.base/java.util.concurrent.ThreadPoolExecutor.runWorker(ThreadPoolExecutor.java:1136)\n\tat java.base/java.util.concurrent.ThreadPoolExecutor$Worker.run(ThreadPoolExecutor.java:635)\n\tat java.base/java.lang.Thread.run(Thread.java:840)\n","flaky":false,"newFailed":false,"newBroken":true,"newPassed":false,"retriesCount":0,"retriesStatusChange":false,"beforeStages":[{"name":"Base Before Test","time":{"start":1743140234403,"stop":1743140234403,"duration":0},"description":"Base Before Test","status":"passed","steps":[],"attachments":[],"parameters":[],"shouldDisplayMessage":false,"stepsCount":0,"attachmentsCount":0,"hasContent":false,"attachmentStep":false},{"name":"springTestContextBeforeTestClass","time":{"start":1743140234503,"stop":1743140234815,"duration":312},"description":"","status":"passed","steps":[],"attachments":[],"parameters":[],"shouldDisplayMessage":false,"stepsCount":0,"attachmentsCount":0,"hasContent":false,"attachmentStep":false},{"name":"springTestContextPrepareTestInstance","time":{"start":1743140234816,"stop":1743140234835,"duration":19},"description":"","status":"passed","steps":[],"attachments":[],"parameters":[],"shouldDisplayMessage":false,"stepsCount":0,"attachmentsCount":0,"hasContent":false,"attachmentStep":false},{"name":"Base Before Class","time":{"start":1743140234841,"stop":1743140236588,"duration":1747},"description":"Base Before Class","status":"passed","steps":[],"attachments":[],"parameters":[],"shouldDisplayMessage":false,"stepsCount":0,"attachmentsCount":0,"hasContent":false,"attachmentStep":false},{"name":"springTestContextBeforeTestMethod","time":{"start":1743141020429,"stop":1743141020429,"duration":0},"description":"","status":"passed","steps":[],"attachments":[],"parameters":[],"shouldDisplayMessage":false,"stepsCount":0,"attachmentsCount":0,"hasContent":false,"attachmentStep":false},{"name":"Base Before Test Method","time":{"start":1743141020429,"stop":1743141150822,"duration":130393},"description":"Base Before Test Method","status":"broken","statusMessage":"Could not start a new session. Response code 500. Message: \n\nerrorId: '74cd74d8-7c6a-4603-a5f8-99982d599cc6' - Application could not be installed. \nUpstream exception: 'App Installation Error: could not install app '8fae3a84-0f8d-4a79-8b68-07b3c05b9179' Error: App Installation Error: The application at path 8fae3a84-0f8d-4a79-8b68-07b3c05b9179 cannot be installed (error id: a5deff8d-0cd0-4145-8388-80994d18132a).\nCause: App Installation Error: Resigning of ipa file failed: Error during resigning process'\n\nBuild info: version: 'unknown', revision: 'unknown', time: 'unknown'\nSystem info: host: 'Sauce Labs RDC', ip: 'N/A', os.name: 'Linux', os.arch: 'amd64', os.version: '6.6.72+', java.version: '17.0.14'\nDriver info: driver.version: unknown \nHost info: host: 'fv-az812-204', ip: '10.1.0.11'\nBuild info: version: '4.19.0', revision: '5f9cec8963'\nSystem info: os.name: 'Linux', os.arch: 'amd64', os.version: '6.8.0-1021-azure', java.version: '17.0.14'\nDriver info: io.appium.java_client.ios.IOSDriver\nCommand: [null, newSession {capabilities=[Capabilities {appium:app: storage:8fae3a84-0f8d-4a79-..., appium:autoAcceptAlerts: true, appium:automationName: XCUITest, appium:deviceName: iPhone 13, appium:newCommandTimeout: 90, appium:noReset: false, appium:platformVersion: ^17.*, appium:settings: {disableIdLocatorAutocompletion: true, snapshotMaxDepth: 250}, platformName: IOS, sauce:options: {accessKey: 5d20ff7c-06ab-436b-8fe9-20d..., appiumVersion: latest, build: GMAP NA | Friday: 28-03-2025, cacheId: 304cb94a-357c-4232-9af3-263..., name: New user sees the fuel pref..., username: Kamil}}]}]\nCapabilities {appium:app: storage:8fae3a84-0f8d-4a79-..., appium:autoAcceptAlerts: true, appium:automationName: XCUITest, appium:deviceName: iPhone 13, appium:newCommandTimeout: 90, appium:noReset: false, appium:platformVersion: ^17.*, appium:settings: {disableIdLocatorAutocompletion: true, snapshotMaxDepth: 250}, platformName: IOS, sauce:options: {accessKey: 5d20ff7c-06ab-436b-8fe9-20d..., appiumVersion: latest, build: GMAP NA | Friday: 28-03-2025, cacheId: 304cb94a-357c-4232-9af3-263..., name: New user sees the fuel pref..., username: Kamil}}","statusTrace":"org.openqa.selenium.SessionNotCreatedException: Could not start a new session. Response code 500. Message: \n\nerrorId: '74cd74d8-7c6a-4603-a5f8-99982d599cc6' - Application could not be installed. \nUpstream exception: 'App Installation Error: could not install app '8fae3a84-0f8d-4a79-8b68-07b3c05b9179' Error: App Installation Error: The application at path 8fae3a84-0f8d-4a79-8b68-07b3c05b9179 cannot be installed (error id: a5deff8d-0cd0-4145-8388-80994d18132a).\nCause: App Installation Error: Resigning of ipa file failed: Error during resigning process'\n\nBuild info: version: 'unknown', revision: 'unknown', time: 'unknown'\nSystem info: host: 'Sauce Labs RDC', ip: 'N/A', os.name: 'Linux', os.arch: 'amd64', os.version: '6.6.72+', java.version: '17.0.14'\nDriver info: driver.version: unknown \nHost info: host: 'fv-az812-204', ip: '10.1.0.11'\nBuild info: version: '4.19.0', revision: '5f9cec8963'\nSystem info: os.name: 'Linux', os.arch: 'amd64', os.version: '6.8.0-1021-azure', java.version: '17.0.14'\nDriver info: io.appium.java_client.ios.IOSDriver\nCommand: [null, newSession {capabilities=[Capabilities {appium:app: storage:8fae3a84-0f8d-4a79-..., appium:autoAcceptAlerts: true, appium:automationName: XCUITest, appium:deviceName: iPhone 13, appium:newCommandTimeout: 90, appium:noReset: false, appium:platformVersion: ^17.*, appium:settings: {disableIdLocatorAutocompletion: true, snapshotMaxDepth: 250}, platformName: IOS, sauce:options: {accessKey: 5d20ff7c-06ab-436b-8fe9-20d..., appiumVersion: latest, build: GMAP NA | Friday: 28-03-2025, cacheId: 304cb94a-357c-4232-9af3-263..., name: New user sees the fuel pref..., username: Kamil}}]}]\nCapabilities {appium:app: storage:8fae3a84-0f8d-4a79-..., appium:autoAcceptAlerts: true, appium:automationName: XCUITest, appium:deviceName: iPhone 13, appium:newCommandTimeout: 90, appium:noReset: false, appium:platformVersion: ^17.*, appium:settings: {disableIdLocatorAutocompletion: true, snapshotMaxDepth: 250}, platformName: IOS, sauce:options: {accessKey: 5d20ff7c-06ab-436b-8fe9-20d..., appiumVersion: latest, build: GMAP NA | Friday: 28-03-2025, cacheId: 304cb94a-357c-4232-9af3-263..., name: New user sees the fuel pref..., username: Kamil}}\n\tat org.openqa.selenium.remote.ProtocolHandshake.createSession(ProtocolHandshake.java:114)\n\tat org.openqa.selenium.remote.ProtocolHandshake.createSession(ProtocolHandshake.java:75)\n\tat org.openqa.selenium.remote.ProtocolHandshake.createSession(ProtocolHandshake.java:61)\n\tat io.appium.java_client.remote.AppiumCommandExecutor.createSession(AppiumCommandExecutor.java:176)\n\tat io.appium.java_client.remote.AppiumCommandExecutor.execute(AppiumCommandExecutor.java:237)\n\tat org.openqa.selenium.remote.RemoteWebDriver.execute(RemoteWebDriver.java:518)\n\tat io.appium.java_client.AppiumDriver.startSession(AppiumDriver.java:270)\n\tat org.openqa.selenium.remote.RemoteWebDriver.<init>(RemoteWebDriver.java:161)\n\tat io.appium.java_client.AppiumDriver.<init>(AppiumDriver.java:91)\n\tat io.appium.java_client.AppiumDriver.<init>(AppiumDriver.java:103)\n\tat io.appium.java_client.ios.IOSDriver.<init>(IOSDriver.java:101)\n\tat com.gmap.core.settings.drivers.AppiumDriverManager.getAppiumDriver(AppiumDriverManager.java:32)\n\tat com.gmap.core.settings.drivers.DriverManager.startDriver(DriverManager.java:28)\n\tat com.gmap.core.settings.TestSettings.setupTestConfig(TestSettings.java:59)\n\tat settings.hooks.Hooks.baseBeforeMethod(Hooks.java:76)\n\tat jdk.internal.reflect.GeneratedMethodAccessor244.invoke(Unknown Source)\n\tat java.base/jdk.internal.reflect.DelegatingMethodAccessorImpl.invoke(DelegatingMethodAccessorImpl.java:43)\n\tat java.base/java.lang.reflect.Method.invoke(Method.java:569)\n\tat org.testng.internal.invokers.MethodInvocationHelper.invokeMethod(MethodInvocationHelper.java:141)\n\tat org.testng.internal.invokers.MethodInvocationHelper.invokeMethodConsideringTimeout(MethodInvocationHelper.java:71)\n\tat org.testng.internal.invokers.ConfigInvoker.invokeConfigurationMethod(ConfigInvoker.java:400)\n\tat org.testng.internal.invokers.ConfigInvoker.invokeConfigurations(ConfigInvoker.java:333)\n\tat org.testng.internal.invokers.TestInvoker.runConfigMethods(TestInvoker.java:836)\n\tat org.testng.internal.invokers.TestInvoker.invokeMethod(TestInvoker.java:601)\n\tat org.testng.internal.invokers.TestInvoker.invokeTestMethod(TestInvoker.java:230)\n\tat org.testng.internal.invokers.MethodRunner.runInSequence(MethodRunner.java:63)\n\tat org.testng.internal.invokers.TestInvoker$MethodInvocationAgent.invoke(TestInvoker.java:995)\n\tat org.testng.internal.invokers.TestInvoker.invokeTestMethods(TestInvoker.java:203)\n\tat org.testng.internal.invokers.TestMethodWorker.invokeTestMethods(TestMethodWorker.java:154)\n\tat org.testng.internal.invokers.TestMethodWorker.run(TestMethodWorker.java:134)\n\tat java.base/java.util.ArrayList.forEach(ArrayList.java:1511)\n\tat org.testng.TestRunner.privateRun(TestRunner.java:741)\n\tat org.testng.TestRunner.run(TestRunner.java:616)\n\tat org.testng.SuiteRunner.runTest(SuiteRunner.java:421)\n\tat org.testng.SuiteRunner$SuiteWorker.run(SuiteRunner.java:463)\n\tat org.testng.internal.thread.ThreadUtil.lambda$execute$0(ThreadUtil.java:64)\n\tat java.base/java.util.concurrent.FutureTask.run(FutureTask.java:264)\n\tat java.base/java.util.concurrent.ThreadPoolExecutor.runWorker(ThreadPoolExecutor.java:1136)\n\tat java.base/java.util.concurrent.ThreadPoolExecutor$Worker.run(ThreadPoolExecutor.java:635)\n\tat java.base/java.lang.Thread.run(Thread.java:840)\n","steps":[],"attachments":[],"parameters":[],"shouldDisplayMessage":true,"stepsCount":0,"attachmentsCount":0,"hasContent":true,"attachmentStep":false},{"name":"initTestConfig","time":{"start":1743141150825,"stop":1743141150825,"duration":0},"description":"","status":"passed","steps":[],"attachments":[],"parameters":[],"shouldDisplayMessage":false,"stepsCount":0,"attachmentsCount":0,"hasContent":false,"attachmentStep":false}],"afterStages":[{"name":"Base After Class","time":{"start":1743141151716,"stop":1743141151716,"duration":0},"description":"Base After Class","status":"passed","steps":[],"attachments":[],"parameters":[],"shouldDisplayMessage":false,"stepsCount":0,"attachmentsCount":0,"hasContent":false,"attachmentStep":false},{"name":"springTestContextAfterTestClass","time":{"start":1743141151716,"stop":1743141151716,"duration":0},"description":"","status":"passed","steps":[],"attachments":[],"parameters":[],"shouldDisplayMessage":false,"stepsCount":0,"attachmentsCount":0,"hasContent":false,"attachmentStep":false},{"name":"Base After Test","time":{"start":1743141151717,"stop":1743141151717,"duration":0},"description":"Base After Test","status":"passed","steps":[],"attachments":[],"parameters":[],"shouldDisplayMessage":false,"stepsCount":0,"attachmentsCount":0,"hasContent":false,"attachmentStep":false}],"labels":[{"name":"package","value":"testcases.HomeTests"},{"name":"testClass","value":"testcases.HomeTests"},{"name":"testMethod","value":"fuelPriceVerificationForLoggedInUser"},{"name":"parentSuite","value":"GMAP NA Mobile Test Automation - [IOS PARALLEL XML SUITE]"},{"name":"suite","value":"GMAP NA Tests | Home"},{"name":"subSuite","value":"testcases.HomeTests"},{"name":"host","value":"fv-az812-204"},{"name":"thread","value":"1946@fv-az812-204.TestNG-tests-3(24)"},{"name":"framework","value":"testng"},{"name":"language","value":"java"},{"name":"owner","value":"Anshuman Singh - [anshuman.singh@circlekeurope.com]"},{"name":"feature","value":"[GMAP][NA] Fuel Preferences"},{"name":"tag","value":"Preferences"},{"name":"story","value":"[GMAP][NA] Fuel Prices Line in Home Page Header - Logged in user"},{"name":"tag","value":"Home"},{"name":"epic","value":"[GMAP][NA] HOME"},{"name":"severity","value":"normal"},{"name":"resultFormat","value":"allure2"}],"parameters":[{"name":"deviceConfig","value":"iPhone13"}],"links":[{"name":"NGRPRG-34527","url":"https://circlek.atlassian.net/browse/NGRPRG-34527","type":"tms"},{"name":"N/A","url":"https://circlek.atlassian.net/browse/N/A","type":"issue"}],"hidden":false,"retry":false,"extra":{"severity":"normal","owner":"Anshuman Singh - [anshuman.singh@circlekeurope.com]","retries":[],"categories":[{"name":"Test defects","matchedStatuses":[],"flaky":false}],"history":{"statistic":{"failed":0,"broken":51,"skipped":0,"passed":54,"unknown":0,"total":105},"items":[{"uid":"4117de2dc0fa017e","reportUrl":"https://circlek-global.github.io/gmbat-tests-eu-mobile-automation/1566//#testresult/4117de2dc0fa017e","status":"passed","time":{"start":1743117333194,"stop":1743117549119,"duration":215925}},{"uid":"c244dcfbaa387418","reportUrl":"https://circlek-global.github.io/gmbat-tests-eu-mobile-automation/1555//#testresult/c244dcfbaa387418","status":"passed","time":{"start":1743054589869,"stop":1743054797812,"duration":207943}},{"uid":"937bfd27dee24f86","reportUrl":"https://circlek-global.github.io/gmbat-tests-eu-mobile-automation/1553//#testresult/937bfd27dee24f86","status":"passed","time":{"start":1743031083411,"stop":1743031304703,"duration":221292}},{"uid":"83b7b1be40ba8367","reportUrl":"https://circlek-global.github.io/gmbat-tests-eu-mobile-automation/1539//#testresult/83b7b1be40ba8367","status":"passed","time":{"start":1742968218801,"stop":1742968441225,"duration":222424}},{"uid":"b646828b8e3240f7","reportUrl":"https://circlek-global.github.io/gmbat-tests-eu-mobile-automation/1537//#testresult/b646828b8e3240f7","status":"passed","time":{"start":1742944537991,"stop":1742944746809,"duration":208818}},{"uid":"4cd4b417fcb6fcd2","reportUrl":"https://circlek-global.github.io/gmbat-tests-eu-mobile-automation/1519//#testresult/4cd4b417fcb6fcd2","status":"broken","statusDetails":"Element [AppiumBy.accessibilityId: choose-data-preferences-screen] wasn't visible after [15] seconds!\nException: org.openqa.selenium.TimeoutException: Expected condition failed: Element [AppiumBy.accessibilityId: choose-data-preferences-screen] wasn't visible after [15] seconds! (tried for 15 second(s) with 250 milliseconds interval)\nFor documentation on this error, please visit: https://www.selenium.dev/documentation/webdriver/troubleshooting/errors#no-such-element-exception\nBuild info: version: '4.19.0', revision: '5f9cec8963'\nSystem info: os.name: 'Linux', os.arch: 'amd64', os.version: '6.8.0-1021-azure', java.version: '17.0.14'\nDriver info: driver.version: unknown","time":{"start":1742881474258,"stop":1742881498270,"duration":24012}},{"uid":"406236d4993d2513","reportUrl":"https://circlek-global.github.io/gmbat-tests-eu-mobile-automation/1517//#testresult/406236d4993d2513","status":"passed","time":{"start":1742858201585,"stop":1742858432367,"duration":230782}},{"uid":"f3c916adc9dc1eb4","reportUrl":"https://circlek-global.github.io/gmbat-tests-eu-mobile-automation/1506//#testresult/f3c916adc9dc1eb4","status":"passed","time":{"start":1742795457564,"stop":1742795681819,"duration":224255}},{"uid":"bc139ce674529f82","reportUrl":"https://circlek-global.github.io/gmbat-tests-eu-mobile-automation/1504//#testresult/bc139ce674529f82","status":"passed","time":{"start":1742598901426,"stop":1742599105562,"duration":204136}},{"uid":"c80ec74c1bd2f5da","reportUrl":"https://circlek-global.github.io/gmbat-tests-eu-mobile-automation/1492//#testresult/c80ec74c1bd2f5da","status":"passed","time":{"start":1742536221934,"stop":1742536452859,"duration":230925}},{"uid":"984736be21522655","reportUrl":"https://circlek-global.github.io/gmbat-tests-eu-mobile-automation/1490//#testresult/984736be21522655","status":"passed","time":{"start":1742512694830,"stop":1742512910363,"duration":215533}},{"uid":"6cbd9211a8a7dc8b","reportUrl":"https://circlek-global.github.io/gmbat-tests-eu-mobile-automation/1482//#testresult/6cbd9211a8a7dc8b","status":"passed","time":{"start":1742467733719,"stop":1742467944608,"duration":210889}},{"uid":"bc5d3bba00f2bcca","reportUrl":"https://circlek-global.github.io/gmbat-tests-eu-mobile-automation/1478//#testresult/bc5d3bba00f2bcca","status":"passed","time":{"start":1742449813579,"stop":1742450044226,"duration":230647}},{"uid":"e03b98dcecf348bc","reportUrl":"https://circlek-global.github.io/gmbat-tests-eu-mobile-automation/1476//#testresult/e03b98dcecf348bc","status":"passed","time":{"start":1742426168596,"stop":1742426385056,"duration":216460}},{"uid":"1604a51eb51486b5","reportUrl":"https://circlek-global.github.io/gmbat-tests-eu-mobile-automation/1463//#testresult/1604a51eb51486b5","status":"passed","time":{"start":1742363365827,"stop":1742363562127,"duration":196300}},{"uid":"4a782dd174507b51","reportUrl":"https://circlek-global.github.io/gmbat-tests-eu-mobile-automation/1461//#testresult/4a782dd174507b51","status":"passed","time":{"start":1742339835128,"stop":1742340053804,"duration":218676}},{"uid":"2698da750305674a","reportUrl":"https://circlek-global.github.io/gmbat-tests-eu-mobile-automation/1451//#testresult/2698da750305674a","status":"broken","statusDetails":"The previously found element \"\"middle-text-area\" StaticText\" is not present in the current view anymore. Make sure the application UI has the expected state. You could also try to switch the binding strategy using the 'boundElementsByIndex' setting for the element lookup. Original error: No matches found for Identity Binding from input {(\n    StaticText, {{32.0, 105.7}, {326.0, 64.3}}, identifier: 'middle-text-area', label: 'Stay updated on in-store promotions, deals, savings and special offers!'\n)}\nFor documentation on this error, please visit: https://www.selenium.dev/documentation/webdriver/troubleshooting/errors#stale-element-reference-exception\nBuild info: version: '4.19.0', revision: '5f9cec8963'\nSystem info: os.name: 'Linux', os.arch: 'amd64', os.version: '6.8.0-1021-azure', java.version: '17.0.14'\nDriver info: io.appium.java_client.ios.IOSDriver\nCommand: [f5c05d9e-673c-460f-b237-f85f7cf48aba, getElementText {id=1B010000-0000-0000-3403-000000000000}]\nCapabilities {appium:additionalWebviewBundleIds: [Q3733TNP97.Q3733TNP97*], appium:appiumData: {appiumVersion: latest, automationName: XCUITest}, appium:autoAcceptAlerts: true, appium:automationName: XCUITest, appium:bundleId: com.circlek.gmap.na.uat, appium:commandTimeouts: {default: 60000}, appium:databaseEnabled: false, appium:deviceContextId: f34c2bd2-ccbd-4d70-83ab-0ee..., appium:deviceName: 00008110-00165C193A28201E, appium:flutterSystemPort: 6303, appium:javascriptEnabled: true, appium:jobUuid: 32f1c61a853d41bc889140871be..., appium:language: en, appium:locale: en_GB, appium:locationContextEnabled: false, appium:networkConnectionEnabled: false, appium:newCommandTimeout: 90, appium:noReset: true, appium:orientation: PORTRAIT, appium:platformVersion: 17.7, appium:processArguments: {args: [-AppleLanguages, (en-GB), -AppleLocale, en_GB, -NSLanguages, (en)], env: {}}, appium:takesScreenshot: true, appium:testobject_device: iPhone_13_17_real, appium:testobject_device_name: iPhone 13, appium:testobject_device_session_id: 7c775062-9220-413a-8027-806..., appium:testobject_test_report_api_url: https://api.eu-central-1.sa..., appium:testobject_test_report_url: https://app.eu-central-1.sa..., appium:testobject_user_id: TomaszPopiolek, appium:udid: 00008110-00165C193A28201E, appium:usedCachedDevice: false, appium:webDriverAgentUrl: http://127.0.0.1:5703, appium:webStorageEnabled: false, platformName: IOS, sauce:options: {accessKey: 5d20ff7c-06ab-436b-8fe9-20d..., appLaunchStateTimeoutSec: 50, appiumVersion: latest, build: GMAP NA | Tuesday: 18-03-2025, cacheId: 596e03b1-e2b6-4f41-a627-ef2..., name: New user sees the fuel pref..., realDevice: true, username: Kamil}}\nElement: [[IOSDriver:  on IOS (f5c05d9e-673c-460f-b237-f85f7cf48aba)] -> accessibility id: middle-text-area]\nSession ID: f5c05d9e-673c-460f-b237-f85f7cf48aba","time":{"start":1742276927865,"stop":1742276969115,"duration":41250}},{"uid":"508622269402ce6d","reportUrl":"https://circlek-global.github.io/gmbat-tests-eu-mobile-automation/1449//#testresult/508622269402ce6d","status":"passed","time":{"start":1742253360974,"stop":1742253577086,"duration":216112}},{"uid":"b176c1a15f1be5bc","reportUrl":"https://circlek-global.github.io/gmbat-tests-eu-mobile-automation/1435//#testresult/b176c1a15f1be5bc","status":"passed","time":{"start":1742190662968,"stop":1742190869774,"duration":206806}},{"uid":"74b5fc96f2b8665d","reportUrl":"https://circlek-global.github.io/gmbat-tests-eu-mobile-automation/1431//#testresult/74b5fc96f2b8665d","status":"passed","time":{"start":1741994159523,"stop":1741994395784,"duration":236261}}]},"tags":["Preferences","Home"]},"source":"ea82ea0bc6bddc35.json","parameterValues":["iPhone13"]}